{
  "uid" : "c3399b78dc2a89d7",
  "name" : "test_contracts[input_data2]",
  "fullName" : "tests.openzeppelin.test_openzeppelin#test_contracts",
  "historyId" : "511db05aabd7a5a03889d11b24ff50d1",
  "time" : {
    "start" : 1644031004692,
    "stop" : 1644031025632,
    "duration" : 20940
  },
  "status" : "failed",
  "statusMessage" : "AssertionError: assert 'Error: Coul... any sources' not in '/home/runne...patibility\\n'\n  'Error: Could not f...ns from any sources' is contained here:\n           ^\n    \n    Error: Could not find artifacts for Migrations from any sources\n        at Resolver.require (/home/runner/work/neon-compatibility/neon-compatibility/node_modules/truffle/build/webpack:/packages/resolver/dist/lib/resolver.js:61:1)\n        at Object.require (/home/runner/work/neon-compatibility/neon-compatibility/node_modules/truffle/build/webpack:/packages/migrate/index.js:172:1)\n        at ResolverIntercept.require (/home/runner/work/neon-compatibility/neon-compatibility/node_modules/truffle/build/webpack:/packages/migrate/ResolverIntercept.js:22:1)\n        at /home/runner/work/neon-compatibility/neon-compatibility/OpenZeppelin/migrations/1_initial_migration.js:1:30\n        at Script.runInContext (node:vm:139:12)\n        at Script.runInNewContext (node:vm:144:17)\n        at Object.file (/home/runner/work/neon-compatibility/neon-compatibility/node_modules/truffle/build/webpack:/packages/require/require.js:94:1)\n        at Migration._load (/home/runner/work/neon-compatibility/neon-compatibility/node_modules/truffle/build/webpack:/packages/migrate/Migration.js:44:1)\n        at Migration.run (/home/runner/work/neon-compatibility/neon-compatibility/node_modules/truffle/build/webpack:/packages/migrate/Migration.js:217:1)\n        at Object.runMigrations (/home/runner/work/neon-compatibility/neon-compatibility/node_modules/truffle/build/webpack:/packages/migrate/index.js:150:1)\n        at Object.runFrom (/home/runner/work/neon-compatibility/neon-compatibility/node_modules/truffle/build/webpack:/packages/migrate/index.js:110:1)\n        at Object.runAll (/home/runner/work/neon-compatibility/neon-compatibility/node_modules/truffle/build/webpack:/packages/migrate/index.js:114:1)\n        at Object.run (/home/runner/work/neon-compatibility/neon-compatibility/node_modules/truffle/build/webpack:/packages/migrate/index.js:79:1)\n        at Object.run (/home/runner/work/neon-compatibility/neon-compatibility/node_modules/truffle/build/webpack:/packages/core/lib/testing/Test.js:109:1)\n        at Object.run (/home/runner/work/neon-compatibility/neon-compatibility/node_modules/truffle/build/webpack:/packages/core/lib/commands/test/index.js:177:1)\n        at Command.run (/home/runner/work/neon-compatibility/neon-compatibility/node_modules/truffle/build/webpack:/packages/core/lib/command.js:183:1)\n    Truffle v5.4.14 (core: 5.4.14)\n    Node v16.13.2\n    /home/runner/work/neon-compatibility/neon-compatibility",
  "statusTrace" : "input_data = InputData(test_file='access/AccessControlEnumerable.test.js', test_files=['access/AccessControlEnumerable.test.js', 'a..., 'utils/introspection/ERC165.sol', 'mocks/AccessControlEnumerableMock.sol'], migration_script='2_deploy_contracts.js')\n\n    @pytest.mark.parametrize(\"input_data\", INPUT_DATA)\n    @allure.feature(FEATURE)\n    def test_contracts(input_data: InputData):\n        copy_files(input_data)\n    \n        # truffle --network neonlabs test ./test/access/[test file name]\n        command = f\"--network neonlabs test ./test/{input_data.test_file}\"\n        cmd_res = run_command_line(\n            f\"{Subfolder.CD_OPENZEPPELIN} {RunCommand.TRUFFLE} {command} {CD_BACK}\"\n        )\n        # assert OpenZeppelinSuccess.SUCCESS_PASSING in actual_result\n        # assert OpenZeppelinSuccess.SUCCESS_CONTRACT in actual_result\n        # assert OpenZeppelinSuccess.SUCCESS_1_ETHER in actual_result\n        # assert TruffleBasedError.ERROR_NO_ATTRIBUTE_ETH_ACCOUNTS \\\n        #     not in actual_result\n        actual_result = cmd_res.stdout.decode() + cmd_res.stderr.decode()\n        assert cmd_res.returncode == 0, actual_result\n>       assert OpenZeppelinError.ERROR_NO_ARTIFACTS not in actual_result\nE       AssertionError: assert 'Error: Coul... any sources' not in '/home/runne...patibility\\n'\nE         'Error: Could not f...ns from any sources' is contained here:\nE                  ^\nE           \nE           Error: Could not find artifacts for Migrations from any sources\nE               at Resolver.require (/home/runner/work/neon-compatibility/neon-compatibility/node_modules/truffle/build/webpack:/packages/resolver/dist/lib/resolver.js:61:1)\nE               at Object.require (/home/runner/work/neon-compatibility/neon-compatibility/node_modules/truffle/build/webpack:/packages/migrate/index.js:172:1)\nE               at ResolverIntercept.require (/home/runner/work/neon-compatibility/neon-compatibility/node_modules/truffle/build/webpack:/packages/migrate/ResolverIntercept.js:22:1)\nE               at /home/runner/work/neon-compatibility/neon-compatibility/OpenZeppelin/migrations/1_initial_migration.js:1:30\nE               at Script.runInContext (node:vm:139:12)\nE               at Script.runInNewContext (node:vm:144:17)\nE               at Object.file (/home/runner/work/neon-compatibility/neon-compatibility/node_modules/truffle/build/webpack:/packages/require/require.js:94:1)\nE               at Migration._load (/home/runner/work/neon-compatibility/neon-compatibility/node_modules/truffle/build/webpack:/packages/migrate/Migration.js:44:1)\nE               at Migration.run (/home/runner/work/neon-compatibility/neon-compatibility/node_modules/truffle/build/webpack:/packages/migrate/Migration.js:217:1)\nE               at Object.runMigrations (/home/runner/work/neon-compatibility/neon-compatibility/node_modules/truffle/build/webpack:/packages/migrate/index.js:150:1)\nE               at Object.runFrom (/home/runner/work/neon-compatibility/neon-compatibility/node_modules/truffle/build/webpack:/packages/migrate/index.js:110:1)\nE               at Object.runAll (/home/runner/work/neon-compatibility/neon-compatibility/node_modules/truffle/build/webpack:/packages/migrate/index.js:114:1)\nE               at Object.run (/home/runner/work/neon-compatibility/neon-compatibility/node_modules/truffle/build/webpack:/packages/migrate/index.js:79:1)\nE               at Object.run (/home/runner/work/neon-compatibility/neon-compatibility/node_modules/truffle/build/webpack:/packages/core/lib/testing/Test.js:109:1)\nE               at Object.run (/home/runner/work/neon-compatibility/neon-compatibility/node_modules/truffle/build/webpack:/packages/core/lib/commands/test/index.js:177:1)\nE               at Command.run (/home/runner/work/neon-compatibility/neon-compatibility/node_modules/truffle/build/webpack:/packages/core/lib/command.js:183:1)\nE           Truffle v5.4.14 (core: 5.4.14)\nE           Node v16.13.2\nE           /home/runner/work/neon-compatibility/neon-compatibility\n\ntests/openzeppelin/test_openzeppelin.py:154: AssertionError",
  "flaky" : false,
  "newFailed" : false,
  "newBroken" : false,
  "newPassed" : false,
  "retriesCount" : 0,
  "retriesStatusChange" : false,
  "beforeStages" : [ {
    "name" : "prepare_truffle_config",
    "time" : {
      "start" : 1644031004677,
      "stop" : 1644031004692,
      "duration" : 15
    },
    "status" : "passed",
    "steps" : [ {
      "name" : "Preset variables",
      "time" : {
        "start" : 1644031004678,
        "stop" : 1644031004689,
        "duration" : 11
      },
      "status" : "passed",
      "steps" : [ ],
      "attachments" : [ ],
      "parameters" : [ ],
      "stepsCount" : 0,
      "attachmentsCount" : 0,
      "shouldDisplayMessage" : false,
      "hasContent" : false
    }, {
      "name" : "Clean up folder \"'governance'\"",
      "time" : {
        "start" : 1644031004689,
        "stop" : 1644031004689,
        "duration" : 0
      },
      "status" : "passed",
      "steps" : [ ],
      "attachments" : [ ],
      "parameters" : [ {
        "name" : "folder",
        "value" : "'governance'"
      } ],
      "stepsCount" : 0,
      "attachmentsCount" : 0,
      "shouldDisplayMessage" : false,
      "hasContent" : true
    }, {
      "name" : "Clean up folder \"'token'\"",
      "time" : {
        "start" : 1644031004689,
        "stop" : 1644031004689,
        "duration" : 0
      },
      "status" : "passed",
      "steps" : [ ],
      "attachments" : [ ],
      "parameters" : [ {
        "name" : "folder",
        "value" : "'token'"
      } ],
      "stepsCount" : 0,
      "attachmentsCount" : 0,
      "shouldDisplayMessage" : false,
      "hasContent" : true
    }, {
      "name" : "Clean up folder \"'metatx'\"",
      "time" : {
        "start" : 1644031004689,
        "stop" : 1644031004689,
        "duration" : 0
      },
      "status" : "passed",
      "steps" : [ ],
      "attachments" : [ ],
      "parameters" : [ {
        "name" : "folder",
        "value" : "'metatx'"
      } ],
      "stepsCount" : 0,
      "attachmentsCount" : 0,
      "shouldDisplayMessage" : false,
      "hasContent" : true
    }, {
      "name" : "Clean up folder \"'finance'\"",
      "time" : {
        "start" : 1644031004689,
        "stop" : 1644031004689,
        "duration" : 0
      },
      "status" : "passed",
      "steps" : [ ],
      "attachments" : [ ],
      "parameters" : [ {
        "name" : "folder",
        "value" : "'finance'"
      } ],
      "stepsCount" : 0,
      "attachmentsCount" : 0,
      "shouldDisplayMessage" : false,
      "hasContent" : true
    }, {
      "name" : "Clean up folder \"'mocks'\"",
      "time" : {
        "start" : 1644031004689,
        "stop" : 1644031004689,
        "duration" : 0
      },
      "status" : "passed",
      "steps" : [ ],
      "attachments" : [ ],
      "parameters" : [ {
        "name" : "folder",
        "value" : "'mocks'"
      } ],
      "stepsCount" : 0,
      "attachmentsCount" : 0,
      "shouldDisplayMessage" : false,
      "hasContent" : true
    }, {
      "name" : "Clean up folder \"'utils'\"",
      "time" : {
        "start" : 1644031004689,
        "stop" : 1644031004690,
        "duration" : 1
      },
      "status" : "passed",
      "steps" : [ ],
      "attachments" : [ ],
      "parameters" : [ {
        "name" : "folder",
        "value" : "'utils'"
      } ],
      "stepsCount" : 0,
      "attachmentsCount" : 0,
      "shouldDisplayMessage" : false,
      "hasContent" : true
    }, {
      "name" : "Clean up folder \"'interfaces'\"",
      "time" : {
        "start" : 1644031004690,
        "stop" : 1644031004690,
        "duration" : 0
      },
      "status" : "passed",
      "steps" : [ ],
      "attachments" : [ ],
      "parameters" : [ {
        "name" : "folder",
        "value" : "'interfaces'"
      } ],
      "stepsCount" : 0,
      "attachmentsCount" : 0,
      "shouldDisplayMessage" : false,
      "hasContent" : true
    }, {
      "name" : "Clean up folder \"'proxy'\"",
      "time" : {
        "start" : 1644031004690,
        "stop" : 1644031004690,
        "duration" : 0
      },
      "status" : "passed",
      "steps" : [ ],
      "attachments" : [ ],
      "parameters" : [ {
        "name" : "folder",
        "value" : "'proxy'"
      } ],
      "stepsCount" : 0,
      "attachmentsCount" : 0,
      "shouldDisplayMessage" : false,
      "hasContent" : true
    }, {
      "name" : "Clean up folder \"'access'\"",
      "time" : {
        "start" : 1644031004690,
        "stop" : 1644031004690,
        "duration" : 0
      },
      "status" : "passed",
      "steps" : [ ],
      "attachments" : [ ],
      "parameters" : [ {
        "name" : "folder",
        "value" : "'access'"
      } ],
      "stepsCount" : 0,
      "attachmentsCount" : 0,
      "shouldDisplayMessage" : false,
      "hasContent" : true
    }, {
      "name" : "Clean up folder \"'security'\"",
      "time" : {
        "start" : 1644031004690,
        "stop" : 1644031004690,
        "duration" : 0
      },
      "status" : "passed",
      "steps" : [ ],
      "attachments" : [ ],
      "parameters" : [ {
        "name" : "folder",
        "value" : "'security'"
      } ],
      "stepsCount" : 0,
      "attachmentsCount" : 0,
      "shouldDisplayMessage" : false,
      "hasContent" : true
    }, {
      "name" : "Clean up folder \"'.gitkeep'\"",
      "time" : {
        "start" : 1644031004690,
        "stop" : 1644031004690,
        "duration" : 0
      },
      "status" : "passed",
      "steps" : [ ],
      "attachments" : [ ],
      "parameters" : [ {
        "name" : "folder",
        "value" : "'.gitkeep'"
      } ],
      "stepsCount" : 0,
      "attachmentsCount" : 0,
      "shouldDisplayMessage" : false,
      "hasContent" : true
    }, {
      "name" : "Clean up folder \"'2_deploy_contracts.js'\"",
      "time" : {
        "start" : 1644031004690,
        "stop" : 1644031004690,
        "duration" : 0
      },
      "status" : "passed",
      "steps" : [ ],
      "attachments" : [ ],
      "parameters" : [ {
        "name" : "folder",
        "value" : "'2_deploy_contracts.js'"
      } ],
      "stepsCount" : 0,
      "attachmentsCount" : 0,
      "shouldDisplayMessage" : false,
      "hasContent" : true
    }, {
      "name" : "Clean up folder \"'.gitkeep'\"",
      "time" : {
        "start" : 1644031004690,
        "stop" : 1644031004690,
        "duration" : 0
      },
      "status" : "passed",
      "steps" : [ ],
      "attachments" : [ ],
      "parameters" : [ {
        "name" : "folder",
        "value" : "'.gitkeep'"
      } ],
      "stepsCount" : 0,
      "attachmentsCount" : 0,
      "shouldDisplayMessage" : false,
      "hasContent" : true
    }, {
      "name" : "Clean up folder \"'1_initial_migration.js'\"",
      "time" : {
        "start" : 1644031004690,
        "stop" : 1644031004690,
        "duration" : 0
      },
      "status" : "passed",
      "steps" : [ ],
      "attachments" : [ ],
      "parameters" : [ {
        "name" : "folder",
        "value" : "'1_initial_migration.js'"
      } ],
      "stepsCount" : 0,
      "attachmentsCount" : 0,
      "shouldDisplayMessage" : false,
      "hasContent" : true
    }, {
      "name" : "Clean up folder \"'governance'\"",
      "time" : {
        "start" : 1644031004691,
        "stop" : 1644031004691,
        "duration" : 0
      },
      "status" : "passed",
      "steps" : [ ],
      "attachments" : [ ],
      "parameters" : [ {
        "name" : "folder",
        "value" : "'governance'"
      } ],
      "stepsCount" : 0,
      "attachmentsCount" : 0,
      "shouldDisplayMessage" : false,
      "hasContent" : true
    }, {
      "name" : "Clean up folder \"'token'\"",
      "time" : {
        "start" : 1644031004691,
        "stop" : 1644031004691,
        "duration" : 0
      },
      "status" : "passed",
      "steps" : [ ],
      "attachments" : [ ],
      "parameters" : [ {
        "name" : "folder",
        "value" : "'token'"
      } ],
      "stepsCount" : 0,
      "attachmentsCount" : 0,
      "shouldDisplayMessage" : false,
      "hasContent" : true
    }, {
      "name" : "Clean up folder \"'metatx'\"",
      "time" : {
        "start" : 1644031004691,
        "stop" : 1644031004691,
        "duration" : 0
      },
      "status" : "passed",
      "steps" : [ ],
      "attachments" : [ ],
      "parameters" : [ {
        "name" : "folder",
        "value" : "'metatx'"
      } ],
      "stepsCount" : 0,
      "attachmentsCount" : 0,
      "shouldDisplayMessage" : false,
      "hasContent" : true
    }, {
      "name" : "Clean up folder \"'finance'\"",
      "time" : {
        "start" : 1644031004691,
        "stop" : 1644031004691,
        "duration" : 0
      },
      "status" : "passed",
      "steps" : [ ],
      "attachments" : [ ],
      "parameters" : [ {
        "name" : "folder",
        "value" : "'finance'"
      } ],
      "stepsCount" : 0,
      "attachmentsCount" : 0,
      "shouldDisplayMessage" : false,
      "hasContent" : true
    }, {
      "name" : "Clean up folder \"'mocks'\"",
      "time" : {
        "start" : 1644031004691,
        "stop" : 1644031004691,
        "duration" : 0
      },
      "status" : "passed",
      "steps" : [ ],
      "attachments" : [ ],
      "parameters" : [ {
        "name" : "folder",
        "value" : "'mocks'"
      } ],
      "stepsCount" : 0,
      "attachmentsCount" : 0,
      "shouldDisplayMessage" : false,
      "hasContent" : true
    }, {
      "name" : "Clean up folder \"'utils'\"",
      "time" : {
        "start" : 1644031004691,
        "stop" : 1644031004691,
        "duration" : 0
      },
      "status" : "passed",
      "steps" : [ ],
      "attachments" : [ ],
      "parameters" : [ {
        "name" : "folder",
        "value" : "'utils'"
      } ],
      "stepsCount" : 0,
      "attachmentsCount" : 0,
      "shouldDisplayMessage" : false,
      "hasContent" : true
    }, {
      "name" : "Clean up folder \"'interfaces'\"",
      "time" : {
        "start" : 1644031004691,
        "stop" : 1644031004691,
        "duration" : 0
      },
      "status" : "passed",
      "steps" : [ ],
      "attachments" : [ ],
      "parameters" : [ {
        "name" : "folder",
        "value" : "'interfaces'"
      } ],
      "stepsCount" : 0,
      "attachmentsCount" : 0,
      "shouldDisplayMessage" : false,
      "hasContent" : true
    }, {
      "name" : "Clean up folder \"'proxy'\"",
      "time" : {
        "start" : 1644031004691,
        "stop" : 1644031004691,
        "duration" : 0
      },
      "status" : "passed",
      "steps" : [ ],
      "attachments" : [ ],
      "parameters" : [ {
        "name" : "folder",
        "value" : "'proxy'"
      } ],
      "stepsCount" : 0,
      "attachmentsCount" : 0,
      "shouldDisplayMessage" : false,
      "hasContent" : true
    }, {
      "name" : "Clean up folder \"'access'\"",
      "time" : {
        "start" : 1644031004691,
        "stop" : 1644031004691,
        "duration" : 0
      },
      "status" : "passed",
      "steps" : [ ],
      "attachments" : [ ],
      "parameters" : [ {
        "name" : "folder",
        "value" : "'access'"
      } ],
      "stepsCount" : 0,
      "attachmentsCount" : 0,
      "shouldDisplayMessage" : false,
      "hasContent" : true
    }, {
      "name" : "Clean up folder \"'security'\"",
      "time" : {
        "start" : 1644031004692,
        "stop" : 1644031004692,
        "duration" : 0
      },
      "status" : "passed",
      "steps" : [ ],
      "attachments" : [ ],
      "parameters" : [ {
        "name" : "folder",
        "value" : "'security'"
      } ],
      "stepsCount" : 0,
      "attachmentsCount" : 0,
      "shouldDisplayMessage" : false,
      "hasContent" : true
    }, {
      "name" : "Clean up folder \"'.gitkeep'\"",
      "time" : {
        "start" : 1644031004692,
        "stop" : 1644031004692,
        "duration" : 0
      },
      "status" : "passed",
      "steps" : [ ],
      "attachments" : [ ],
      "parameters" : [ {
        "name" : "folder",
        "value" : "'.gitkeep'"
      } ],
      "stepsCount" : 0,
      "attachmentsCount" : 0,
      "shouldDisplayMessage" : false,
      "hasContent" : true
    } ],
    "attachments" : [ ],
    "parameters" : [ ],
    "stepsCount" : 26,
    "attachmentsCount" : 0,
    "shouldDisplayMessage" : false,
    "hasContent" : true
  } ],
  "testStage" : {
    "status" : "failed",
    "statusMessage" : "AssertionError: assert 'Error: Coul... any sources' not in '/home/runne...patibility\\n'\n  'Error: Could not f...ns from any sources' is contained here:\n           ^\n    \n    Error: Could not find artifacts for Migrations from any sources\n        at Resolver.require (/home/runner/work/neon-compatibility/neon-compatibility/node_modules/truffle/build/webpack:/packages/resolver/dist/lib/resolver.js:61:1)\n        at Object.require (/home/runner/work/neon-compatibility/neon-compatibility/node_modules/truffle/build/webpack:/packages/migrate/index.js:172:1)\n        at ResolverIntercept.require (/home/runner/work/neon-compatibility/neon-compatibility/node_modules/truffle/build/webpack:/packages/migrate/ResolverIntercept.js:22:1)\n        at /home/runner/work/neon-compatibility/neon-compatibility/OpenZeppelin/migrations/1_initial_migration.js:1:30\n        at Script.runInContext (node:vm:139:12)\n        at Script.runInNewContext (node:vm:144:17)\n        at Object.file (/home/runner/work/neon-compatibility/neon-compatibility/node_modules/truffle/build/webpack:/packages/require/require.js:94:1)\n        at Migration._load (/home/runner/work/neon-compatibility/neon-compatibility/node_modules/truffle/build/webpack:/packages/migrate/Migration.js:44:1)\n        at Migration.run (/home/runner/work/neon-compatibility/neon-compatibility/node_modules/truffle/build/webpack:/packages/migrate/Migration.js:217:1)\n        at Object.runMigrations (/home/runner/work/neon-compatibility/neon-compatibility/node_modules/truffle/build/webpack:/packages/migrate/index.js:150:1)\n        at Object.runFrom (/home/runner/work/neon-compatibility/neon-compatibility/node_modules/truffle/build/webpack:/packages/migrate/index.js:110:1)\n        at Object.runAll (/home/runner/work/neon-compatibility/neon-compatibility/node_modules/truffle/build/webpack:/packages/migrate/index.js:114:1)\n        at Object.run (/home/runner/work/neon-compatibility/neon-compatibility/node_modules/truffle/build/webpack:/packages/migrate/index.js:79:1)\n        at Object.run (/home/runner/work/neon-compatibility/neon-compatibility/node_modules/truffle/build/webpack:/packages/core/lib/testing/Test.js:109:1)\n        at Object.run (/home/runner/work/neon-compatibility/neon-compatibility/node_modules/truffle/build/webpack:/packages/core/lib/commands/test/index.js:177:1)\n        at Command.run (/home/runner/work/neon-compatibility/neon-compatibility/node_modules/truffle/build/webpack:/packages/core/lib/command.js:183:1)\n    Truffle v5.4.14 (core: 5.4.14)\n    Node v16.13.2\n    /home/runner/work/neon-compatibility/neon-compatibility",
    "statusTrace" : "input_data = InputData(test_file='access/AccessControlEnumerable.test.js', test_files=['access/AccessControlEnumerable.test.js', 'a..., 'utils/introspection/ERC165.sol', 'mocks/AccessControlEnumerableMock.sol'], migration_script='2_deploy_contracts.js')\n\n    @pytest.mark.parametrize(\"input_data\", INPUT_DATA)\n    @allure.feature(FEATURE)\n    def test_contracts(input_data: InputData):\n        copy_files(input_data)\n    \n        # truffle --network neonlabs test ./test/access/[test file name]\n        command = f\"--network neonlabs test ./test/{input_data.test_file}\"\n        cmd_res = run_command_line(\n            f\"{Subfolder.CD_OPENZEPPELIN} {RunCommand.TRUFFLE} {command} {CD_BACK}\"\n        )\n        # assert OpenZeppelinSuccess.SUCCESS_PASSING in actual_result\n        # assert OpenZeppelinSuccess.SUCCESS_CONTRACT in actual_result\n        # assert OpenZeppelinSuccess.SUCCESS_1_ETHER in actual_result\n        # assert TruffleBasedError.ERROR_NO_ATTRIBUTE_ETH_ACCOUNTS \\\n        #     not in actual_result\n        actual_result = cmd_res.stdout.decode() + cmd_res.stderr.decode()\n        assert cmd_res.returncode == 0, actual_result\n>       assert OpenZeppelinError.ERROR_NO_ARTIFACTS not in actual_result\nE       AssertionError: assert 'Error: Coul... any sources' not in '/home/runne...patibility\\n'\nE         'Error: Could not f...ns from any sources' is contained here:\nE                  ^\nE           \nE           Error: Could not find artifacts for Migrations from any sources\nE               at Resolver.require (/home/runner/work/neon-compatibility/neon-compatibility/node_modules/truffle/build/webpack:/packages/resolver/dist/lib/resolver.js:61:1)\nE               at Object.require (/home/runner/work/neon-compatibility/neon-compatibility/node_modules/truffle/build/webpack:/packages/migrate/index.js:172:1)\nE               at ResolverIntercept.require (/home/runner/work/neon-compatibility/neon-compatibility/node_modules/truffle/build/webpack:/packages/migrate/ResolverIntercept.js:22:1)\nE               at /home/runner/work/neon-compatibility/neon-compatibility/OpenZeppelin/migrations/1_initial_migration.js:1:30\nE               at Script.runInContext (node:vm:139:12)\nE               at Script.runInNewContext (node:vm:144:17)\nE               at Object.file (/home/runner/work/neon-compatibility/neon-compatibility/node_modules/truffle/build/webpack:/packages/require/require.js:94:1)\nE               at Migration._load (/home/runner/work/neon-compatibility/neon-compatibility/node_modules/truffle/build/webpack:/packages/migrate/Migration.js:44:1)\nE               at Migration.run (/home/runner/work/neon-compatibility/neon-compatibility/node_modules/truffle/build/webpack:/packages/migrate/Migration.js:217:1)\nE               at Object.runMigrations (/home/runner/work/neon-compatibility/neon-compatibility/node_modules/truffle/build/webpack:/packages/migrate/index.js:150:1)\nE               at Object.runFrom (/home/runner/work/neon-compatibility/neon-compatibility/node_modules/truffle/build/webpack:/packages/migrate/index.js:110:1)\nE               at Object.runAll (/home/runner/work/neon-compatibility/neon-compatibility/node_modules/truffle/build/webpack:/packages/migrate/index.js:114:1)\nE               at Object.run (/home/runner/work/neon-compatibility/neon-compatibility/node_modules/truffle/build/webpack:/packages/migrate/index.js:79:1)\nE               at Object.run (/home/runner/work/neon-compatibility/neon-compatibility/node_modules/truffle/build/webpack:/packages/core/lib/testing/Test.js:109:1)\nE               at Object.run (/home/runner/work/neon-compatibility/neon-compatibility/node_modules/truffle/build/webpack:/packages/core/lib/commands/test/index.js:177:1)\nE               at Command.run (/home/runner/work/neon-compatibility/neon-compatibility/node_modules/truffle/build/webpack:/packages/core/lib/command.js:183:1)\nE           Truffle v5.4.14 (core: 5.4.14)\nE           Node v16.13.2\nE           /home/runner/work/neon-compatibility/neon-compatibility\n\ntests/openzeppelin/test_openzeppelin.py:154: AssertionError",
    "steps" : [ {
      "name" : "Run command: \"'cd OpenZeppelin; pwd; ../node_modules/.bin/truffle --network neonlabs test ./test/access/AccessControlEnumerable.test.js ; cd \"/home/runner/work/neon-compatibility/neon-compatibility\"; pwd;'\"",
      "time" : {
        "start" : 1644031004694,
        "stop" : 1644031025630,
        "duration" : 20936
      },
      "status" : "passed",
      "steps" : [ ],
      "attachments" : [ ],
      "parameters" : [ {
        "name" : "command",
        "value" : "'cd OpenZeppelin; pwd; ../node_modules/.bin/truffle --network neonlabs test ./test/access/AccessControlEnumerable.test.js ; cd \"/home/runner/work/neon-compatibility/neon-compatibility\"; pwd;'"
      } ],
      "stepsCount" : 0,
      "attachmentsCount" : 0,
      "shouldDisplayMessage" : false,
      "hasContent" : true
    } ],
    "attachments" : [ {
      "uid" : "3e16340c971f1db9",
      "name" : "stdout",
      "source" : "3e16340c971f1db9.txt",
      "type" : "text/plain",
      "size" : 3776
    } ],
    "parameters" : [ ],
    "stepsCount" : 1,
    "attachmentsCount" : 1,
    "shouldDisplayMessage" : true,
    "hasContent" : true
  },
  "afterStages" : [ {
    "name" : "prepare_truffle_config::0",
    "time" : {
      "start" : 1644031025639,
      "stop" : 1644031025639,
      "duration" : 0
    },
    "status" : "passed",
    "steps" : [ ],
    "attachments" : [ ],
    "parameters" : [ ],
    "stepsCount" : 0,
    "attachmentsCount" : 0,
    "shouldDisplayMessage" : false,
    "hasContent" : false
  } ],
  "labels" : [ {
    "name" : "feature",
    "value" : "OpenZeppelin"
  }, {
    "name" : "parentSuite",
    "value" : "tests.openzeppelin"
  }, {
    "name" : "suite",
    "value" : "test_openzeppelin"
  }, {
    "name" : "host",
    "value" : "fv-az74-413"
  }, {
    "name" : "thread",
    "value" : "3766-MainThread"
  }, {
    "name" : "framework",
    "value" : "pytest"
  }, {
    "name" : "language",
    "value" : "cpython3"
  }, {
    "name" : "package",
    "value" : "tests.openzeppelin.test_openzeppelin"
  }, {
    "name" : "resultFormat",
    "value" : "allure2"
  } ],
  "parameters" : [ {
    "name" : "input_data",
    "value" : "InputData(test_file='access/AccessControlEnumerable.test.js', test_files=['access/AccessControlEnumerable.test.js', 'access/AccessControl.behavior.js'], contracts=['utils/Strings.sol', 'utils/introspection/ERC165.sol', 'mocks/AccessControlEnumerableMock.sol'], migration_script='2_deploy_contracts.js')"
  } ],
  "links" : [ ],
  "hidden" : false,
  "retry" : false,
  "extra" : {
    "severity" : "normal",
    "retries" : [ ],
    "categories" : [ {
      "name" : "Product defects",
      "matchedStatuses" : [ ],
      "flaky" : false
    } ],
    "history" : {
      "statistic" : {
        "failed" : 123,
        "broken" : 0,
        "skipped" : 0,
        "passed" : 36,
        "unknown" : 0,
        "total" : 159
      },
      "items" : [ {
        "uid" : "462bf0c43a620c12",
        "reportUrl" : "https://neonlabsorg.github.io/neon-compatibility/634//#testresult/462bf0c43a620c12",
        "status" : "failed",
        "statusDetails" : "AssertionError: assert 'Error: Coul... any sources' not in '/home/runne...patibility\\n'\n  'Error: Could not f...ns from any sources' is contained here:\n           ^\n    \n    Error: Could not find artifacts for Migrations from any sources\n        at Resolver.require (/home/runner/work/neon-compatibility/neon-compatibility/node_modules/truffle/build/webpack:/packages/resolver/dist/lib/resolver.js:61:1)\n        at Object.require (/home/runner/work/neon-compatibility/neon-compatibility/node_modules/truffle/build/webpack:/packages/migrate/index.js:172:1)\n        at ResolverIntercept.require (/home/runner/work/neon-compatibility/neon-compatibility/node_modules/truffle/build/webpack:/packages/migrate/ResolverIntercept.js:22:1)\n        at /home/runner/work/neon-compatibility/neon-compatibility/OpenZeppelin/migrations/1_initial_migration.js:1:30\n        at Script.runInContext (node:vm:139:12)\n        at Script.runInNewContext (node:vm:144:17)\n        at Object.file (/home/runner/work/neon-compatibility/neon-compatibility/node_modules/truffle/build/webpack:/packages/require/require.js:94:1)\n        at Migration._load (/home/runner/work/neon-compatibility/neon-compatibility/node_modules/truffle/build/webpack:/packages/migrate/Migration.js:44:1)\n        at Migration.run (/home/runner/work/neon-compatibility/neon-compatibility/node_modules/truffle/build/webpack:/packages/migrate/Migration.js:217:1)\n        at Object.runMigrations (/home/runner/work/neon-compatibility/neon-compatibility/node_modules/truffle/build/webpack:/packages/migrate/index.js:150:1)\n        at Object.runFrom (/home/runner/work/neon-compatibility/neon-compatibility/node_modules/truffle/build/webpack:/packages/migrate/index.js:110:1)\n        at Object.runAll (/home/runner/work/neon-compatibility/neon-compatibility/node_modules/truffle/build/webpack:/packages/migrate/index.js:114:1)\n        at Object.run (/home/runner/work/neon-compatibility/neon-compatibility/node_modules/truffle/build/webpack:/packages/migrate/index.js:79:1)\n        at Object.run (/home/runner/work/neon-compatibility/neon-compatibility/node_modules/truffle/build/webpack:/packages/core/lib/testing/Test.js:109:1)\n        at Object.run (/home/runner/work/neon-compatibility/neon-compatibility/node_modules/truffle/build/webpack:/packages/core/lib/commands/test/index.js:177:1)\n        at Command.run (/home/runner/work/neon-compatibility/neon-compatibility/node_modules/truffle/build/webpack:/packages/core/lib/command.js:183:1)\n    Truffle v5.4.14 (core: 5.4.14)\n    Node v16.13.2\n    /home/runner/work/neon-compatibility/neon-compatibility",
        "time" : {
          "start" : 1644020971638,
          "stop" : 1644020989933,
          "duration" : 18295
        }
      }, {
        "uid" : "e911a4496e016b66",
        "reportUrl" : "https://neonlabsorg.github.io/neon-compatibility/629//#testresult/e911a4496e016b66",
        "status" : "failed",
        "statusDetails" : "AssertionError: assert 'Error: Coul... any sources' not in '/home/runne...patibility\\n'\n  'Error: Could not f...ns from any sources' is contained here:\n           ^\n    \n    Error: Could not find artifacts for Migrations from any sources\n        at Resolver.require (/home/runner/work/neon-compatibility/neon-compatibility/node_modules/truffle/build/webpack:/packages/resolver/dist/lib/resolver.js:61:1)\n        at Object.require (/home/runner/work/neon-compatibility/neon-compatibility/node_modules/truffle/build/webpack:/packages/migrate/index.js:172:1)\n        at ResolverIntercept.require (/home/runner/work/neon-compatibility/neon-compatibility/node_modules/truffle/build/webpack:/packages/migrate/ResolverIntercept.js:22:1)\n        at /home/runner/work/neon-compatibility/neon-compatibility/OpenZeppelin/migrations/1_initial_migration.js:1:30\n        at Script.runInContext (node:vm:139:12)\n        at Script.runInNewContext (node:vm:144:17)\n        at Object.file (/home/runner/work/neon-compatibility/neon-compatibility/node_modules/truffle/build/webpack:/packages/require/require.js:94:1)\n        at Migration._load (/home/runner/work/neon-compatibility/neon-compatibility/node_modules/truffle/build/webpack:/packages/migrate/Migration.js:44:1)\n        at Migration.run (/home/runner/work/neon-compatibility/neon-compatibility/node_modules/truffle/build/webpack:/packages/migrate/Migration.js:217:1)\n        at Object.runMigrations (/home/runner/work/neon-compatibility/neon-compatibility/node_modules/truffle/build/webpack:/packages/migrate/index.js:150:1)\n        at Object.runFrom (/home/runner/work/neon-compatibility/neon-compatibility/node_modules/truffle/build/webpack:/packages/migrate/index.js:110:1)\n        at Object.runAll (/home/runner/work/neon-compatibility/neon-compatibility/node_modules/truffle/build/webpack:/packages/migrate/index.js:114:1)\n        at Object.run (/home/runner/work/neon-compatibility/neon-compatibility/node_modules/truffle/build/webpack:/packages/migrate/index.js:79:1)\n        at Object.run (/home/runner/work/neon-compatibility/neon-compatibility/node_modules/truffle/build/webpack:/packages/core/lib/testing/Test.js:109:1)\n        at Object.run (/home/runner/work/neon-compatibility/neon-compatibility/node_modules/truffle/build/webpack:/packages/core/lib/commands/test/index.js:177:1)\n        at Command.run (/home/runner/work/neon-compatibility/neon-compatibility/node_modules/truffle/build/webpack:/packages/core/lib/command.js:183:1)\n    Truffle v5.4.14 (core: 5.4.14)\n    Node v16.13.2\n    /home/runner/work/neon-compatibility/neon-compatibility",
        "time" : {
          "start" : 1643944506906,
          "stop" : 1643944525320,
          "duration" : 18414
        }
      }, {
        "uid" : "2263080f4a112ff4",
        "reportUrl" : "https://neonlabsorg.github.io/neon-compatibility/628//#testresult/2263080f4a112ff4",
        "status" : "failed",
        "statusDetails" : "AssertionError: assert 'Error: Coul... any sources' not in '/home/runne...patibility\\n'\n  'Error: Could not f...ns from any sources' is contained here:\n           ^\n    \n    Error: Could not find artifacts for Migrations from any sources\n        at Resolver.require (/home/runner/work/neon-compatibility/neon-compatibility/node_modules/truffle/build/webpack:/packages/resolver/dist/lib/resolver.js:61:1)\n        at Object.require (/home/runner/work/neon-compatibility/neon-compatibility/node_modules/truffle/build/webpack:/packages/migrate/index.js:172:1)\n        at ResolverIntercept.require (/home/runner/work/neon-compatibility/neon-compatibility/node_modules/truffle/build/webpack:/packages/migrate/ResolverIntercept.js:22:1)\n        at /home/runner/work/neon-compatibility/neon-compatibility/OpenZeppelin/migrations/1_initial_migration.js:1:30\n        at Script.runInContext (node:vm:139:12)\n        at Script.runInNewContext (node:vm:144:17)\n        at Object.file (/home/runner/work/neon-compatibility/neon-compatibility/node_modules/truffle/build/webpack:/packages/require/require.js:94:1)\n        at Migration._load (/home/runner/work/neon-compatibility/neon-compatibility/node_modules/truffle/build/webpack:/packages/migrate/Migration.js:44:1)\n        at Migration.run (/home/runner/work/neon-compatibility/neon-compatibility/node_modules/truffle/build/webpack:/packages/migrate/Migration.js:217:1)\n        at Object.runMigrations (/home/runner/work/neon-compatibility/neon-compatibility/node_modules/truffle/build/webpack:/packages/migrate/index.js:150:1)\n        at Object.runFrom (/home/runner/work/neon-compatibility/neon-compatibility/node_modules/truffle/build/webpack:/packages/migrate/index.js:110:1)\n        at Object.runAll (/home/runner/work/neon-compatibility/neon-compatibility/node_modules/truffle/build/webpack:/packages/migrate/index.js:114:1)\n        at Object.run (/home/runner/work/neon-compatibility/neon-compatibility/node_modules/truffle/build/webpack:/packages/migrate/index.js:79:1)\n        at Object.run (/home/runner/work/neon-compatibility/neon-compatibility/node_modules/truffle/build/webpack:/packages/core/lib/testing/Test.js:109:1)\n        at Object.run (/home/runner/work/neon-compatibility/neon-compatibility/node_modules/truffle/build/webpack:/packages/core/lib/commands/test/index.js:177:1)\n        at Command.run (/home/runner/work/neon-compatibility/neon-compatibility/node_modules/truffle/build/webpack:/packages/core/lib/command.js:183:1)\n    Truffle v5.4.14 (core: 5.4.14)\n    Node v16.13.2\n    /home/runner/work/neon-compatibility/neon-compatibility",
        "time" : {
          "start" : 1643934807228,
          "stop" : 1643934824620,
          "duration" : 17392
        }
      }, {
        "uid" : "5569cb266b45252b",
        "reportUrl" : "https://neonlabsorg.github.io/neon-compatibility/621//#testresult/5569cb266b45252b",
        "status" : "failed",
        "statusDetails" : "AssertionError: assert 'Error: Coul... any sources' not in '/home/runne...patibility\\n'\n  'Error: Could not f...ns from any sources' is contained here:\n           ^\n    \n    Error: Could not find artifacts for Migrations from any sources\n        at Resolver.require (/home/runner/work/neon-compatibility/neon-compatibility/node_modules/truffle/build/webpack:/packages/resolver/dist/lib/resolver.js:61:1)\n        at Object.require (/home/runner/work/neon-compatibility/neon-compatibility/node_modules/truffle/build/webpack:/packages/migrate/index.js:172:1)\n        at ResolverIntercept.require (/home/runner/work/neon-compatibility/neon-compatibility/node_modules/truffle/build/webpack:/packages/migrate/ResolverIntercept.js:22:1)\n        at /home/runner/work/neon-compatibility/neon-compatibility/OpenZeppelin/migrations/1_initial_migration.js:1:30\n        at Script.runInContext (node:vm:139:12)\n        at Script.runInNewContext (node:vm:144:17)\n        at Object.file (/home/runner/work/neon-compatibility/neon-compatibility/node_modules/truffle/build/webpack:/packages/require/require.js:94:1)\n        at Migration._load (/home/runner/work/neon-compatibility/neon-compatibility/node_modules/truffle/build/webpack:/packages/migrate/Migration.js:44:1)\n        at Migration.run (/home/runner/work/neon-compatibility/neon-compatibility/node_modules/truffle/build/webpack:/packages/migrate/Migration.js:217:1)\n        at Object.runMigrations (/home/runner/work/neon-compatibility/neon-compatibility/node_modules/truffle/build/webpack:/packages/migrate/index.js:150:1)\n        at Object.runFrom (/home/runner/work/neon-compatibility/neon-compatibility/node_modules/truffle/build/webpack:/packages/migrate/index.js:110:1)\n        at Object.runAll (/home/runner/work/neon-compatibility/neon-compatibility/node_modules/truffle/build/webpack:/packages/migrate/index.js:114:1)\n        at Object.run (/home/runner/work/neon-compatibility/neon-compatibility/node_modules/truffle/build/webpack:/packages/migrate/index.js:79:1)\n        at Object.run (/home/runner/work/neon-compatibility/neon-compatibility/node_modules/truffle/build/webpack:/packages/core/lib/testing/Test.js:109:1)\n        at Object.run (/home/runner/work/neon-compatibility/neon-compatibility/node_modules/truffle/build/webpack:/packages/core/lib/commands/test/index.js:177:1)\n        at Command.run (/home/runner/work/neon-compatibility/neon-compatibility/node_modules/truffle/build/webpack:/packages/core/lib/command.js:183:1)\n    Truffle v5.4.14 (core: 5.4.14)\n    Node v16.13.2\n    /home/runner/work/neon-compatibility/neon-compatibility",
        "time" : {
          "start" : 1643858190541,
          "stop" : 1643858212405,
          "duration" : 21864
        }
      }, {
        "uid" : "7a0ab15de7f458f7",
        "reportUrl" : "https://neonlabsorg.github.io/neon-compatibility/619//#testresult/7a0ab15de7f458f7",
        "status" : "failed",
        "statusDetails" : "AssertionError: assert 'Error: Coul... any sources' not in '/home/runne...patibility\\n'\n  'Error: Could not f...ns from any sources' is contained here:\n           ^\n    \n    Error: Could not find artifacts for Migrations from any sources\n        at Resolver.require (/home/runner/work/neon-compatibility/neon-compatibility/node_modules/truffle/build/webpack:/packages/resolver/dist/lib/resolver.js:61:1)\n        at Object.require (/home/runner/work/neon-compatibility/neon-compatibility/node_modules/truffle/build/webpack:/packages/migrate/index.js:172:1)\n        at ResolverIntercept.require (/home/runner/work/neon-compatibility/neon-compatibility/node_modules/truffle/build/webpack:/packages/migrate/ResolverIntercept.js:22:1)\n        at /home/runner/work/neon-compatibility/neon-compatibility/OpenZeppelin/migrations/1_initial_migration.js:1:30\n        at Script.runInContext (node:vm:139:12)\n        at Script.runInNewContext (node:vm:144:17)\n        at Object.file (/home/runner/work/neon-compatibility/neon-compatibility/node_modules/truffle/build/webpack:/packages/require/require.js:94:1)\n        at Migration._load (/home/runner/work/neon-compatibility/neon-compatibility/node_modules/truffle/build/webpack:/packages/migrate/Migration.js:44:1)\n        at Migration.run (/home/runner/work/neon-compatibility/neon-compatibility/node_modules/truffle/build/webpack:/packages/migrate/Migration.js:217:1)\n        at Object.runMigrations (/home/runner/work/neon-compatibility/neon-compatibility/node_modules/truffle/build/webpack:/packages/migrate/index.js:150:1)\n        at Object.runFrom (/home/runner/work/neon-compatibility/neon-compatibility/node_modules/truffle/build/webpack:/packages/migrate/index.js:110:1)\n        at Object.runAll (/home/runner/work/neon-compatibility/neon-compatibility/node_modules/truffle/build/webpack:/packages/migrate/index.js:114:1)\n        at Object.run (/home/runner/work/neon-compatibility/neon-compatibility/node_modules/truffle/build/webpack:/packages/migrate/index.js:79:1)\n        at Object.run (/home/runner/work/neon-compatibility/neon-compatibility/node_modules/truffle/build/webpack:/packages/core/lib/testing/Test.js:109:1)\n        at Object.run (/home/runner/work/neon-compatibility/neon-compatibility/node_modules/truffle/build/webpack:/packages/core/lib/commands/test/index.js:177:1)\n        at Command.run (/home/runner/work/neon-compatibility/neon-compatibility/node_modules/truffle/build/webpack:/packages/core/lib/command.js:183:1)\n    Truffle v5.4.14 (core: 5.4.14)\n    Node v16.13.2\n    /home/runner/work/neon-compatibility/neon-compatibility",
        "time" : {
          "start" : 1643848482741,
          "stop" : 1643848501097,
          "duration" : 18356
        }
      }, {
        "uid" : "4513fae3127f60cf",
        "reportUrl" : "https://neonlabsorg.github.io/neon-compatibility/614//#testresult/4513fae3127f60cf",
        "status" : "failed",
        "statusDetails" : "AssertionError: assert 'Error: Coul... any sources' not in '/home/runne...patibility\\n'\n  'Error: Could not f...ns from any sources' is contained here:\n           ^\n    \n    Error: Could not find artifacts for Migrations from any sources\n        at Resolver.require (/home/runner/work/neon-compatibility/neon-compatibility/node_modules/truffle/build/webpack:/packages/resolver/dist/lib/resolver.js:61:1)\n        at Object.require (/home/runner/work/neon-compatibility/neon-compatibility/node_modules/truffle/build/webpack:/packages/migrate/index.js:172:1)\n        at ResolverIntercept.require (/home/runner/work/neon-compatibility/neon-compatibility/node_modules/truffle/build/webpack:/packages/migrate/ResolverIntercept.js:22:1)\n        at /home/runner/work/neon-compatibility/neon-compatibility/OpenZeppelin/migrations/1_initial_migration.js:1:30\n        at Script.runInContext (node:vm:139:12)\n        at Script.runInNewContext (node:vm:144:17)\n        at Object.file (/home/runner/work/neon-compatibility/neon-compatibility/node_modules/truffle/build/webpack:/packages/require/require.js:94:1)\n        at Migration._load (/home/runner/work/neon-compatibility/neon-compatibility/node_modules/truffle/build/webpack:/packages/migrate/Migration.js:44:1)\n        at Migration.run (/home/runner/work/neon-compatibility/neon-compatibility/node_modules/truffle/build/webpack:/packages/migrate/Migration.js:217:1)\n        at Object.runMigrations (/home/runner/work/neon-compatibility/neon-compatibility/node_modules/truffle/build/webpack:/packages/migrate/index.js:150:1)\n        at Object.runFrom (/home/runner/work/neon-compatibility/neon-compatibility/node_modules/truffle/build/webpack:/packages/migrate/index.js:110:1)\n        at Object.runAll (/home/runner/work/neon-compatibility/neon-compatibility/node_modules/truffle/build/webpack:/packages/migrate/index.js:114:1)\n        at Object.run (/home/runner/work/neon-compatibility/neon-compatibility/node_modules/truffle/build/webpack:/packages/migrate/index.js:79:1)\n        at Object.run (/home/runner/work/neon-compatibility/neon-compatibility/node_modules/truffle/build/webpack:/packages/core/lib/testing/Test.js:109:1)\n        at Object.run (/home/runner/work/neon-compatibility/neon-compatibility/node_modules/truffle/build/webpack:/packages/core/lib/commands/test/index.js:177:1)\n        at Command.run (/home/runner/work/neon-compatibility/neon-compatibility/node_modules/truffle/build/webpack:/packages/core/lib/command.js:183:1)\n    Truffle v5.4.14 (core: 5.4.14)\n    Node v16.13.2\n    /home/runner/work/neon-compatibility/neon-compatibility",
        "time" : {
          "start" : 1643795378542,
          "stop" : 1643795396131,
          "duration" : 17589
        }
      }, {
        "uid" : "1fb53ab8bd20ae0f",
        "reportUrl" : "https://neonlabsorg.github.io/neon-compatibility/612//#testresult/1fb53ab8bd20ae0f",
        "status" : "failed",
        "statusDetails" : "AssertionError: assert 'Error: Coul... any sources' not in '/home/runne...patibility\\n'\n  'Error: Could not f...ns from any sources' is contained here:\n           ^\n    \n    Error: Could not find artifacts for Migrations from any sources\n        at Resolver.require (/home/runner/work/neon-compatibility/neon-compatibility/node_modules/truffle/build/webpack:/packages/resolver/dist/lib/resolver.js:61:1)\n        at Object.require (/home/runner/work/neon-compatibility/neon-compatibility/node_modules/truffle/build/webpack:/packages/migrate/index.js:172:1)\n        at ResolverIntercept.require (/home/runner/work/neon-compatibility/neon-compatibility/node_modules/truffle/build/webpack:/packages/migrate/ResolverIntercept.js:22:1)\n        at /home/runner/work/neon-compatibility/neon-compatibility/OpenZeppelin/migrations/1_initial_migration.js:1:30\n        at Script.runInContext (node:vm:139:12)\n        at Script.runInNewContext (node:vm:144:17)\n        at Object.file (/home/runner/work/neon-compatibility/neon-compatibility/node_modules/truffle/build/webpack:/packages/require/require.js:94:1)\n        at Migration._load (/home/runner/work/neon-compatibility/neon-compatibility/node_modules/truffle/build/webpack:/packages/migrate/Migration.js:44:1)\n        at Migration.run (/home/runner/work/neon-compatibility/neon-compatibility/node_modules/truffle/build/webpack:/packages/migrate/Migration.js:217:1)\n        at Object.runMigrations (/home/runner/work/neon-compatibility/neon-compatibility/node_modules/truffle/build/webpack:/packages/migrate/index.js:150:1)\n        at Object.runFrom (/home/runner/work/neon-compatibility/neon-compatibility/node_modules/truffle/build/webpack:/packages/migrate/index.js:110:1)\n        at Object.runAll (/home/runner/work/neon-compatibility/neon-compatibility/node_modules/truffle/build/webpack:/packages/migrate/index.js:114:1)\n        at Object.run (/home/runner/work/neon-compatibility/neon-compatibility/node_modules/truffle/build/webpack:/packages/migrate/index.js:79:1)\n        at Object.run (/home/runner/work/neon-compatibility/neon-compatibility/node_modules/truffle/build/webpack:/packages/core/lib/testing/Test.js:109:1)\n        at Object.run (/home/runner/work/neon-compatibility/neon-compatibility/node_modules/truffle/build/webpack:/packages/core/lib/commands/test/index.js:177:1)\n        at Command.run (/home/runner/work/neon-compatibility/neon-compatibility/node_modules/truffle/build/webpack:/packages/core/lib/command.js:183:1)\n    Truffle v5.4.14 (core: 5.4.14)\n    Node v16.13.2\n    /home/runner/work/neon-compatibility/neon-compatibility",
        "time" : {
          "start" : 1643788014853,
          "stop" : 1643788034167,
          "duration" : 19314
        }
      }, {
        "uid" : "75706c1e92aea9a0",
        "reportUrl" : "https://neonlabsorg.github.io/neon-compatibility/611//#testresult/75706c1e92aea9a0",
        "status" : "failed",
        "statusDetails" : "AssertionError: assert 'Error: Coul... any sources' not in '/home/runne...patibility\\n'\n  'Error: Could not f...ns from any sources' is contained here:\n           ^\n    \n    Error: Could not find artifacts for Migrations from any sources\n        at Resolver.require (/home/runner/work/neon-compatibility/neon-compatibility/node_modules/truffle/build/webpack:/packages/resolver/dist/lib/resolver.js:61:1)\n        at Object.require (/home/runner/work/neon-compatibility/neon-compatibility/node_modules/truffle/build/webpack:/packages/migrate/index.js:172:1)\n        at ResolverIntercept.require (/home/runner/work/neon-compatibility/neon-compatibility/node_modules/truffle/build/webpack:/packages/migrate/ResolverIntercept.js:22:1)\n        at /home/runner/work/neon-compatibility/neon-compatibility/OpenZeppelin/migrations/1_initial_migration.js:1:30\n        at Script.runInContext (node:vm:139:12)\n        at Script.runInNewContext (node:vm:144:17)\n        at Object.file (/home/runner/work/neon-compatibility/neon-compatibility/node_modules/truffle/build/webpack:/packages/require/require.js:94:1)\n        at Migration._load (/home/runner/work/neon-compatibility/neon-compatibility/node_modules/truffle/build/webpack:/packages/migrate/Migration.js:44:1)\n        at Migration.run (/home/runner/work/neon-compatibility/neon-compatibility/node_modules/truffle/build/webpack:/packages/migrate/Migration.js:217:1)\n        at Object.runMigrations (/home/runner/work/neon-compatibility/neon-compatibility/node_modules/truffle/build/webpack:/packages/migrate/index.js:150:1)\n        at Object.runFrom (/home/runner/work/neon-compatibility/neon-compatibility/node_modules/truffle/build/webpack:/packages/migrate/index.js:110:1)\n        at Object.runAll (/home/runner/work/neon-compatibility/neon-compatibility/node_modules/truffle/build/webpack:/packages/migrate/index.js:114:1)\n        at Object.run (/home/runner/work/neon-compatibility/neon-compatibility/node_modules/truffle/build/webpack:/packages/migrate/index.js:79:1)\n        at Object.run (/home/runner/work/neon-compatibility/neon-compatibility/node_modules/truffle/build/webpack:/packages/core/lib/testing/Test.js:109:1)\n        at Object.run (/home/runner/work/neon-compatibility/neon-compatibility/node_modules/truffle/build/webpack:/packages/core/lib/commands/test/index.js:177:1)\n        at Command.run (/home/runner/work/neon-compatibility/neon-compatibility/node_modules/truffle/build/webpack:/packages/core/lib/command.js:183:1)\n    Truffle v5.4.14 (core: 5.4.14)\n    Node v16.13.2\n    /home/runner/work/neon-compatibility/neon-compatibility",
        "time" : {
          "start" : 1643771654890,
          "stop" : 1643771673067,
          "duration" : 18177
        }
      }, {
        "uid" : "ccc175b60b26b8e3",
        "reportUrl" : "https://neonlabsorg.github.io/neon-compatibility/610//#testresult/ccc175b60b26b8e3",
        "status" : "failed",
        "statusDetails" : "AssertionError: assert 'Error: Coul... any sources' not in '/home/runne...patibility\\n'\n  'Error: Could not f...ns from any sources' is contained here:\n           ^\n    \n    Error: Could not find artifacts for Migrations from any sources\n        at Resolver.require (/home/runner/work/neon-compatibility/neon-compatibility/node_modules/truffle/build/webpack:/packages/resolver/dist/lib/resolver.js:61:1)\n        at Object.require (/home/runner/work/neon-compatibility/neon-compatibility/node_modules/truffle/build/webpack:/packages/migrate/index.js:172:1)\n        at ResolverIntercept.require (/home/runner/work/neon-compatibility/neon-compatibility/node_modules/truffle/build/webpack:/packages/migrate/ResolverIntercept.js:22:1)\n        at /home/runner/work/neon-compatibility/neon-compatibility/OpenZeppelin/migrations/1_initial_migration.js:1:30\n        at Script.runInContext (node:vm:139:12)\n        at Script.runInNewContext (node:vm:144:17)\n        at Object.file (/home/runner/work/neon-compatibility/neon-compatibility/node_modules/truffle/build/webpack:/packages/require/require.js:94:1)\n        at Migration._load (/home/runner/work/neon-compatibility/neon-compatibility/node_modules/truffle/build/webpack:/packages/migrate/Migration.js:44:1)\n        at Migration.run (/home/runner/work/neon-compatibility/neon-compatibility/node_modules/truffle/build/webpack:/packages/migrate/Migration.js:217:1)\n        at Object.runMigrations (/home/runner/work/neon-compatibility/neon-compatibility/node_modules/truffle/build/webpack:/packages/migrate/index.js:150:1)\n        at Object.runFrom (/home/runner/work/neon-compatibility/neon-compatibility/node_modules/truffle/build/webpack:/packages/migrate/index.js:110:1)\n        at Object.runAll (/home/runner/work/neon-compatibility/neon-compatibility/node_modules/truffle/build/webpack:/packages/migrate/index.js:114:1)\n        at Object.run (/home/runner/work/neon-compatibility/neon-compatibility/node_modules/truffle/build/webpack:/packages/migrate/index.js:79:1)\n        at Object.run (/home/runner/work/neon-compatibility/neon-compatibility/node_modules/truffle/build/webpack:/packages/core/lib/testing/Test.js:109:1)\n        at Object.run (/home/runner/work/neon-compatibility/neon-compatibility/node_modules/truffle/build/webpack:/packages/core/lib/commands/test/index.js:177:1)\n        at Command.run (/home/runner/work/neon-compatibility/neon-compatibility/node_modules/truffle/build/webpack:/packages/core/lib/command.js:183:1)\n    Truffle v5.4.14 (core: 5.4.14)\n    Node v16.13.2\n    /home/runner/work/neon-compatibility/neon-compatibility",
        "time" : {
          "start" : 1643762268346,
          "stop" : 1643762290998,
          "duration" : 22652
        }
      }, {
        "uid" : "9ffaba6cc54bc8ed",
        "reportUrl" : "https://neonlabsorg.github.io/neon-compatibility/604//#testresult/9ffaba6cc54bc8ed",
        "status" : "failed",
        "statusDetails" : "AssertionError: assert 'Error: Coul... any sources' not in '/home/runne...patibility\\n'\n  'Error: Could not f...ns from any sources' is contained here:\n           ^\n    \n    Error: Could not find artifacts for Migrations from any sources\n        at Resolver.require (/home/runner/work/neon-compatibility/neon-compatibility/node_modules/truffle/build/webpack:/packages/resolver/dist/lib/resolver.js:61:1)\n        at Object.require (/home/runner/work/neon-compatibility/neon-compatibility/node_modules/truffle/build/webpack:/packages/migrate/index.js:172:1)\n        at ResolverIntercept.require (/home/runner/work/neon-compatibility/neon-compatibility/node_modules/truffle/build/webpack:/packages/migrate/ResolverIntercept.js:22:1)\n        at /home/runner/work/neon-compatibility/neon-compatibility/OpenZeppelin/migrations/1_initial_migration.js:1:30\n        at Script.runInContext (node:vm:139:12)\n        at Script.runInNewContext (node:vm:144:17)\n        at Object.file (/home/runner/work/neon-compatibility/neon-compatibility/node_modules/truffle/build/webpack:/packages/require/require.js:94:1)\n        at Migration._load (/home/runner/work/neon-compatibility/neon-compatibility/node_modules/truffle/build/webpack:/packages/migrate/Migration.js:44:1)\n        at Migration.run (/home/runner/work/neon-compatibility/neon-compatibility/node_modules/truffle/build/webpack:/packages/migrate/Migration.js:217:1)\n        at Object.runMigrations (/home/runner/work/neon-compatibility/neon-compatibility/node_modules/truffle/build/webpack:/packages/migrate/index.js:150:1)\n        at Object.runFrom (/home/runner/work/neon-compatibility/neon-compatibility/node_modules/truffle/build/webpack:/packages/migrate/index.js:110:1)\n        at Object.runAll (/home/runner/work/neon-compatibility/neon-compatibility/node_modules/truffle/build/webpack:/packages/migrate/index.js:114:1)\n        at Object.run (/home/runner/work/neon-compatibility/neon-compatibility/node_modules/truffle/build/webpack:/packages/migrate/index.js:79:1)\n        at Object.run (/home/runner/work/neon-compatibility/neon-compatibility/node_modules/truffle/build/webpack:/packages/core/lib/testing/Test.js:109:1)\n        at Object.run (/home/runner/work/neon-compatibility/neon-compatibility/node_modules/truffle/build/webpack:/packages/core/lib/commands/test/index.js:177:1)\n        at Command.run (/home/runner/work/neon-compatibility/neon-compatibility/node_modules/truffle/build/webpack:/packages/core/lib/command.js:183:1)\n    Truffle v5.4.14 (core: 5.4.14)\n    Node v16.13.2\n    /home/runner/work/neon-compatibility/neon-compatibility",
        "time" : {
          "start" : 1643739085512,
          "stop" : 1643739103668,
          "duration" : 18156
        }
      }, {
        "uid" : "b69750098bae1bff",
        "reportUrl" : "https://neonlabsorg.github.io/neon-compatibility/602//#testresult/b69750098bae1bff",
        "status" : "failed",
        "statusDetails" : "AssertionError: assert 'Error: Coul... any sources' not in '/home/runne...patibility\\n'\n  'Error: Could not f...ns from any sources' is contained here:\n           ^\n    \n    Error: Could not find artifacts for Migrations from any sources\n        at Resolver.require (/home/runner/work/neon-compatibility/neon-compatibility/node_modules/truffle/build/webpack:/packages/resolver/dist/lib/resolver.js:61:1)\n        at Object.require (/home/runner/work/neon-compatibility/neon-compatibility/node_modules/truffle/build/webpack:/packages/migrate/index.js:172:1)\n        at ResolverIntercept.require (/home/runner/work/neon-compatibility/neon-compatibility/node_modules/truffle/build/webpack:/packages/migrate/ResolverIntercept.js:22:1)\n        at /home/runner/work/neon-compatibility/neon-compatibility/OpenZeppelin/migrations/1_initial_migration.js:1:30\n        at Script.runInContext (node:vm:139:12)\n        at Script.runInNewContext (node:vm:144:17)\n        at Object.file (/home/runner/work/neon-compatibility/neon-compatibility/node_modules/truffle/build/webpack:/packages/require/require.js:94:1)\n        at Migration._load (/home/runner/work/neon-compatibility/neon-compatibility/node_modules/truffle/build/webpack:/packages/migrate/Migration.js:44:1)\n        at Migration.run (/home/runner/work/neon-compatibility/neon-compatibility/node_modules/truffle/build/webpack:/packages/migrate/Migration.js:217:1)\n        at Object.runMigrations (/home/runner/work/neon-compatibility/neon-compatibility/node_modules/truffle/build/webpack:/packages/migrate/index.js:150:1)\n        at Object.runFrom (/home/runner/work/neon-compatibility/neon-compatibility/node_modules/truffle/build/webpack:/packages/migrate/index.js:110:1)\n        at Object.runAll (/home/runner/work/neon-compatibility/neon-compatibility/node_modules/truffle/build/webpack:/packages/migrate/index.js:114:1)\n        at Object.run (/home/runner/work/neon-compatibility/neon-compatibility/node_modules/truffle/build/webpack:/packages/migrate/index.js:79:1)\n        at Object.run (/home/runner/work/neon-compatibility/neon-compatibility/node_modules/truffle/build/webpack:/packages/core/lib/testing/Test.js:109:1)\n        at Object.run (/home/runner/work/neon-compatibility/neon-compatibility/node_modules/truffle/build/webpack:/packages/core/lib/commands/test/index.js:177:1)\n        at Command.run (/home/runner/work/neon-compatibility/neon-compatibility/node_modules/truffle/build/webpack:/packages/core/lib/command.js:183:1)\n    Truffle v5.4.14 (core: 5.4.14)\n    Node v16.13.2\n    /home/runner/work/neon-compatibility/neon-compatibility",
        "time" : {
          "start" : 1643737049745,
          "stop" : 1643737069073,
          "duration" : 19328
        }
      }, {
        "uid" : "c3aaf1ffb4900ab6",
        "reportUrl" : "https://neonlabsorg.github.io/neon-compatibility/599//#testresult/c3aaf1ffb4900ab6",
        "status" : "failed",
        "statusDetails" : "AssertionError: assert 'Error: Coul... any sources' not in '/home/runne...patibility\\n'\n  'Error: Could not f...ns from any sources' is contained here:\n           ^\n    \n    Error: Could not find artifacts for Migrations from any sources\n        at Resolver.require (/home/runner/work/neon-compatibility/neon-compatibility/node_modules/truffle/build/webpack:/packages/resolver/dist/lib/resolver.js:61:1)\n        at Object.require (/home/runner/work/neon-compatibility/neon-compatibility/node_modules/truffle/build/webpack:/packages/migrate/index.js:172:1)\n        at ResolverIntercept.require (/home/runner/work/neon-compatibility/neon-compatibility/node_modules/truffle/build/webpack:/packages/migrate/ResolverIntercept.js:22:1)\n        at /home/runner/work/neon-compatibility/neon-compatibility/OpenZeppelin/migrations/1_initial_migration.js:1:30\n        at Script.runInContext (node:vm:139:12)\n        at Script.runInNewContext (node:vm:144:17)\n        at Object.file (/home/runner/work/neon-compatibility/neon-compatibility/node_modules/truffle/build/webpack:/packages/require/require.js:94:1)\n        at Migration._load (/home/runner/work/neon-compatibility/neon-compatibility/node_modules/truffle/build/webpack:/packages/migrate/Migration.js:44:1)\n        at Migration.run (/home/runner/work/neon-compatibility/neon-compatibility/node_modules/truffle/build/webpack:/packages/migrate/Migration.js:217:1)\n        at Object.runMigrations (/home/runner/work/neon-compatibility/neon-compatibility/node_modules/truffle/build/webpack:/packages/migrate/index.js:150:1)\n        at Object.runFrom (/home/runner/work/neon-compatibility/neon-compatibility/node_modules/truffle/build/webpack:/packages/migrate/index.js:110:1)\n        at Object.runAll (/home/runner/work/neon-compatibility/neon-compatibility/node_modules/truffle/build/webpack:/packages/migrate/index.js:114:1)\n        at Object.run (/home/runner/work/neon-compatibility/neon-compatibility/node_modules/truffle/build/webpack:/packages/migrate/index.js:79:1)\n        at Object.run (/home/runner/work/neon-compatibility/neon-compatibility/node_modules/truffle/build/webpack:/packages/core/lib/testing/Test.js:109:1)\n        at Object.run (/home/runner/work/neon-compatibility/neon-compatibility/node_modules/truffle/build/webpack:/packages/core/lib/commands/test/index.js:177:1)\n        at Command.run (/home/runner/work/neon-compatibility/neon-compatibility/node_modules/truffle/build/webpack:/packages/core/lib/command.js:183:1)\n    Truffle v5.4.14 (core: 5.4.14)\n    Node v16.13.2\n    /home/runner/work/neon-compatibility/neon-compatibility",
        "time" : {
          "start" : 1643712612260,
          "stop" : 1643712630733,
          "duration" : 18473
        }
      }, {
        "uid" : "39004a56face9d9d",
        "reportUrl" : "https://neonlabsorg.github.io/neon-compatibility/598//#testresult/39004a56face9d9d",
        "status" : "failed",
        "statusDetails" : "AssertionError: assert 'Error: Coul... any sources' not in '/home/runne...patibility\\n'\n  'Error: Could not f...ns from any sources' is contained here:\n           ^\n    \n    Error: Could not find artifacts for Migrations from any sources\n        at Resolver.require (/home/runner/work/neon-compatibility/neon-compatibility/node_modules/truffle/build/webpack:/packages/resolver/dist/lib/resolver.js:61:1)\n        at Object.require (/home/runner/work/neon-compatibility/neon-compatibility/node_modules/truffle/build/webpack:/packages/migrate/index.js:172:1)\n        at ResolverIntercept.require (/home/runner/work/neon-compatibility/neon-compatibility/node_modules/truffle/build/webpack:/packages/migrate/ResolverIntercept.js:22:1)\n        at /home/runner/work/neon-compatibility/neon-compatibility/OpenZeppelin/migrations/1_initial_migration.js:1:30\n        at Script.runInContext (node:vm:139:12)\n        at Script.runInNewContext (node:vm:144:17)\n        at Object.file (/home/runner/work/neon-compatibility/neon-compatibility/node_modules/truffle/build/webpack:/packages/require/require.js:94:1)\n        at Migration._load (/home/runner/work/neon-compatibility/neon-compatibility/node_modules/truffle/build/webpack:/packages/migrate/Migration.js:44:1)\n        at Migration.run (/home/runner/work/neon-compatibility/neon-compatibility/node_modules/truffle/build/webpack:/packages/migrate/Migration.js:217:1)\n        at Object.runMigrations (/home/runner/work/neon-compatibility/neon-compatibility/node_modules/truffle/build/webpack:/packages/migrate/index.js:150:1)\n        at Object.runFrom (/home/runner/work/neon-compatibility/neon-compatibility/node_modules/truffle/build/webpack:/packages/migrate/index.js:110:1)\n        at Object.runAll (/home/runner/work/neon-compatibility/neon-compatibility/node_modules/truffle/build/webpack:/packages/migrate/index.js:114:1)\n        at Object.run (/home/runner/work/neon-compatibility/neon-compatibility/node_modules/truffle/build/webpack:/packages/migrate/index.js:79:1)\n        at Object.run (/home/runner/work/neon-compatibility/neon-compatibility/node_modules/truffle/build/webpack:/packages/core/lib/testing/Test.js:109:1)\n        at Object.run (/home/runner/work/neon-compatibility/neon-compatibility/node_modules/truffle/build/webpack:/packages/core/lib/commands/test/index.js:177:1)\n        at Command.run (/home/runner/work/neon-compatibility/neon-compatibility/node_modules/truffle/build/webpack:/packages/core/lib/command.js:183:1)\n    Truffle v5.4.14 (core: 5.4.14)\n    Node v16.13.2\n    /home/runner/work/neon-compatibility/neon-compatibility",
        "time" : {
          "start" : 1643710514413,
          "stop" : 1643710532147,
          "duration" : 17734
        }
      }, {
        "uid" : "f9146308063a08b",
        "reportUrl" : "https://neonlabsorg.github.io/neon-compatibility/596//#testresult/f9146308063a08b",
        "status" : "failed",
        "statusDetails" : "AssertionError: assert 'Error: Coul... any sources' not in '/home/runne...patibility\\n'\n  'Error: Could not f...ns from any sources' is contained here:\n           ^\n    \n    Error: Could not find artifacts for Migrations from any sources\n        at Resolver.require (/home/runner/work/neon-compatibility/neon-compatibility/node_modules/truffle/build/webpack:/packages/resolver/dist/lib/resolver.js:61:1)\n        at Object.require (/home/runner/work/neon-compatibility/neon-compatibility/node_modules/truffle/build/webpack:/packages/migrate/index.js:172:1)\n        at ResolverIntercept.require (/home/runner/work/neon-compatibility/neon-compatibility/node_modules/truffle/build/webpack:/packages/migrate/ResolverIntercept.js:22:1)\n        at /home/runner/work/neon-compatibility/neon-compatibility/OpenZeppelin/migrations/1_initial_migration.js:1:30\n        at Script.runInContext (node:vm:139:12)\n        at Script.runInNewContext (node:vm:144:17)\n        at Object.file (/home/runner/work/neon-compatibility/neon-compatibility/node_modules/truffle/build/webpack:/packages/require/require.js:94:1)\n        at Migration._load (/home/runner/work/neon-compatibility/neon-compatibility/node_modules/truffle/build/webpack:/packages/migrate/Migration.js:44:1)\n        at Migration.run (/home/runner/work/neon-compatibility/neon-compatibility/node_modules/truffle/build/webpack:/packages/migrate/Migration.js:217:1)\n        at Object.runMigrations (/home/runner/work/neon-compatibility/neon-compatibility/node_modules/truffle/build/webpack:/packages/migrate/index.js:150:1)\n        at Object.runFrom (/home/runner/work/neon-compatibility/neon-compatibility/node_modules/truffle/build/webpack:/packages/migrate/index.js:110:1)\n        at Object.runAll (/home/runner/work/neon-compatibility/neon-compatibility/node_modules/truffle/build/webpack:/packages/migrate/index.js:114:1)\n        at Object.run (/home/runner/work/neon-compatibility/neon-compatibility/node_modules/truffle/build/webpack:/packages/migrate/index.js:79:1)\n        at Object.run (/home/runner/work/neon-compatibility/neon-compatibility/node_modules/truffle/build/webpack:/packages/core/lib/testing/Test.js:109:1)\n        at Object.run (/home/runner/work/neon-compatibility/neon-compatibility/node_modules/truffle/build/webpack:/packages/core/lib/commands/test/index.js:177:1)\n        at Command.run (/home/runner/work/neon-compatibility/neon-compatibility/node_modules/truffle/build/webpack:/packages/core/lib/command.js:183:1)\n    Truffle v5.4.14 (core: 5.4.14)\n    Node v16.13.2\n    /home/runner/work/neon-compatibility/neon-compatibility",
        "time" : {
          "start" : 1643697130287,
          "stop" : 1643697148797,
          "duration" : 18510
        }
      }, {
        "uid" : "e8277b7d49bdc71f",
        "reportUrl" : "https://neonlabsorg.github.io/neon-compatibility/595//#testresult/e8277b7d49bdc71f",
        "status" : "failed",
        "statusDetails" : "AssertionError: assert 'Error: Coul... any sources' not in '/home/runne...patibility\\n'\n  'Error: Could not f...ns from any sources' is contained here:\n           ^\n    \n    Error: Could not find artifacts for Migrations from any sources\n        at Resolver.require (/home/runner/work/neon-compatibility/neon-compatibility/node_modules/truffle/build/webpack:/packages/resolver/dist/lib/resolver.js:61:1)\n        at Object.require (/home/runner/work/neon-compatibility/neon-compatibility/node_modules/truffle/build/webpack:/packages/migrate/index.js:172:1)\n        at ResolverIntercept.require (/home/runner/work/neon-compatibility/neon-compatibility/node_modules/truffle/build/webpack:/packages/migrate/ResolverIntercept.js:22:1)\n        at /home/runner/work/neon-compatibility/neon-compatibility/OpenZeppelin/migrations/1_initial_migration.js:1:30\n        at Script.runInContext (node:vm:139:12)\n        at Script.runInNewContext (node:vm:144:17)\n        at Object.file (/home/runner/work/neon-compatibility/neon-compatibility/node_modules/truffle/build/webpack:/packages/require/require.js:94:1)\n        at Migration._load (/home/runner/work/neon-compatibility/neon-compatibility/node_modules/truffle/build/webpack:/packages/migrate/Migration.js:44:1)\n        at Migration.run (/home/runner/work/neon-compatibility/neon-compatibility/node_modules/truffle/build/webpack:/packages/migrate/Migration.js:217:1)\n        at Object.runMigrations (/home/runner/work/neon-compatibility/neon-compatibility/node_modules/truffle/build/webpack:/packages/migrate/index.js:150:1)\n        at Object.runFrom (/home/runner/work/neon-compatibility/neon-compatibility/node_modules/truffle/build/webpack:/packages/migrate/index.js:110:1)\n        at Object.runAll (/home/runner/work/neon-compatibility/neon-compatibility/node_modules/truffle/build/webpack:/packages/migrate/index.js:114:1)\n        at Object.run (/home/runner/work/neon-compatibility/neon-compatibility/node_modules/truffle/build/webpack:/packages/migrate/index.js:79:1)\n        at Object.run (/home/runner/work/neon-compatibility/neon-compatibility/node_modules/truffle/build/webpack:/packages/core/lib/testing/Test.js:109:1)\n        at Object.run (/home/runner/work/neon-compatibility/neon-compatibility/node_modules/truffle/build/webpack:/packages/core/lib/commands/test/index.js:177:1)\n        at Command.run (/home/runner/work/neon-compatibility/neon-compatibility/node_modules/truffle/build/webpack:/packages/core/lib/command.js:183:1)\n    Truffle v5.4.14 (core: 5.4.14)\n    Node v16.13.2\n    /home/runner/work/neon-compatibility/neon-compatibility",
        "time" : {
          "start" : 1643685453810,
          "stop" : 1643685471935,
          "duration" : 18125
        }
      }, {
        "uid" : "d050cfc4f4c2dee5",
        "reportUrl" : "https://neonlabsorg.github.io/neon-compatibility/593//#testresult/d050cfc4f4c2dee5",
        "status" : "failed",
        "statusDetails" : "AssertionError: assert 'Error: Coul... any sources' not in '/home/runne...patibility\\n'\n  'Error: Could not f...ns from any sources' is contained here:\n           ^\n    \n    Error: Could not find artifacts for Migrations from any sources\n        at Resolver.require (/home/runner/work/neon-compatibility/neon-compatibility/node_modules/truffle/build/webpack:/packages/resolver/dist/lib/resolver.js:61:1)\n        at Object.require (/home/runner/work/neon-compatibility/neon-compatibility/node_modules/truffle/build/webpack:/packages/migrate/index.js:172:1)\n        at ResolverIntercept.require (/home/runner/work/neon-compatibility/neon-compatibility/node_modules/truffle/build/webpack:/packages/migrate/ResolverIntercept.js:22:1)\n        at /home/runner/work/neon-compatibility/neon-compatibility/OpenZeppelin/migrations/1_initial_migration.js:1:30\n        at Script.runInContext (node:vm:139:12)\n        at Script.runInNewContext (node:vm:144:17)\n        at Object.file (/home/runner/work/neon-compatibility/neon-compatibility/node_modules/truffle/build/webpack:/packages/require/require.js:94:1)\n        at Migration._load (/home/runner/work/neon-compatibility/neon-compatibility/node_modules/truffle/build/webpack:/packages/migrate/Migration.js:44:1)\n        at Migration.run (/home/runner/work/neon-compatibility/neon-compatibility/node_modules/truffle/build/webpack:/packages/migrate/Migration.js:217:1)\n        at Object.runMigrations (/home/runner/work/neon-compatibility/neon-compatibility/node_modules/truffle/build/webpack:/packages/migrate/index.js:150:1)\n        at Object.runFrom (/home/runner/work/neon-compatibility/neon-compatibility/node_modules/truffle/build/webpack:/packages/migrate/index.js:110:1)\n        at Object.runAll (/home/runner/work/neon-compatibility/neon-compatibility/node_modules/truffle/build/webpack:/packages/migrate/index.js:114:1)\n        at Object.run (/home/runner/work/neon-compatibility/neon-compatibility/node_modules/truffle/build/webpack:/packages/migrate/index.js:79:1)\n        at Object.run (/home/runner/work/neon-compatibility/neon-compatibility/node_modules/truffle/build/webpack:/packages/core/lib/testing/Test.js:109:1)\n        at Object.run (/home/runner/work/neon-compatibility/neon-compatibility/node_modules/truffle/build/webpack:/packages/core/lib/commands/test/index.js:177:1)\n        at Command.run (/home/runner/work/neon-compatibility/neon-compatibility/node_modules/truffle/build/webpack:/packages/core/lib/command.js:183:1)\n    Truffle v5.4.14 (core: 5.4.14)\n    Node v16.13.2\n    /home/runner/work/neon-compatibility/neon-compatibility",
        "time" : {
          "start" : 1643675722451,
          "stop" : 1643675740637,
          "duration" : 18186
        }
      }, {
        "uid" : "ab0acc9abf378f96",
        "reportUrl" : "https://neonlabsorg.github.io/neon-compatibility/587//#testresult/ab0acc9abf378f96",
        "status" : "failed",
        "statusDetails" : "AssertionError: assert 'Error: Coul... any sources' not in '/home/runne...patibility\\n'\n  'Error: Could not f...ns from any sources' is contained here:\n           ^\n    \n    Error: Could not find artifacts for Migrations from any sources\n        at Resolver.require (/home/runner/work/neon-compatibility/neon-compatibility/node_modules/truffle/build/webpack:/packages/resolver/dist/lib/resolver.js:61:1)\n        at Object.require (/home/runner/work/neon-compatibility/neon-compatibility/node_modules/truffle/build/webpack:/packages/migrate/index.js:172:1)\n        at ResolverIntercept.require (/home/runner/work/neon-compatibility/neon-compatibility/node_modules/truffle/build/webpack:/packages/migrate/ResolverIntercept.js:22:1)\n        at /home/runner/work/neon-compatibility/neon-compatibility/OpenZeppelin/migrations/1_initial_migration.js:1:30\n        at Script.runInContext (node:vm:139:12)\n        at Script.runInNewContext (node:vm:144:17)\n        at Object.file (/home/runner/work/neon-compatibility/neon-compatibility/node_modules/truffle/build/webpack:/packages/require/require.js:94:1)\n        at Migration._load (/home/runner/work/neon-compatibility/neon-compatibility/node_modules/truffle/build/webpack:/packages/migrate/Migration.js:44:1)\n        at Migration.run (/home/runner/work/neon-compatibility/neon-compatibility/node_modules/truffle/build/webpack:/packages/migrate/Migration.js:217:1)\n        at Object.runMigrations (/home/runner/work/neon-compatibility/neon-compatibility/node_modules/truffle/build/webpack:/packages/migrate/index.js:150:1)\n        at Object.runFrom (/home/runner/work/neon-compatibility/neon-compatibility/node_modules/truffle/build/webpack:/packages/migrate/index.js:110:1)\n        at Object.runAll (/home/runner/work/neon-compatibility/neon-compatibility/node_modules/truffle/build/webpack:/packages/migrate/index.js:114:1)\n        at Object.run (/home/runner/work/neon-compatibility/neon-compatibility/node_modules/truffle/build/webpack:/packages/migrate/index.js:79:1)\n        at Object.run (/home/runner/work/neon-compatibility/neon-compatibility/node_modules/truffle/build/webpack:/packages/core/lib/testing/Test.js:109:1)\n        at Object.run (/home/runner/work/neon-compatibility/neon-compatibility/node_modules/truffle/build/webpack:/packages/core/lib/commands/test/index.js:177:1)\n        at Command.run (/home/runner/work/neon-compatibility/neon-compatibility/node_modules/truffle/build/webpack:/packages/core/lib/command.js:183:1)\n    Truffle v5.4.14 (core: 5.4.14)\n    Node v16.13.2\n    /home/runner/work/neon-compatibility/neon-compatibility",
        "time" : {
          "start" : 1643598887419,
          "stop" : 1643598905641,
          "duration" : 18222
        }
      }, {
        "uid" : "7ac97df43593e8db",
        "reportUrl" : "https://neonlabsorg.github.io/neon-compatibility/586//#testresult/7ac97df43593e8db",
        "status" : "failed",
        "statusDetails" : "AssertionError: assert 'Error: Coul... any sources' not in '/home/runne...patibility\\n'\n  'Error: Could not f...ns from any sources' is contained here:\n           ^\n    \n    Error: Could not find artifacts for Migrations from any sources\n        at Resolver.require (/home/runner/work/neon-compatibility/neon-compatibility/node_modules/truffle/build/webpack:/packages/resolver/dist/lib/resolver.js:61:1)\n        at Object.require (/home/runner/work/neon-compatibility/neon-compatibility/node_modules/truffle/build/webpack:/packages/migrate/index.js:172:1)\n        at ResolverIntercept.require (/home/runner/work/neon-compatibility/neon-compatibility/node_modules/truffle/build/webpack:/packages/migrate/ResolverIntercept.js:22:1)\n        at /home/runner/work/neon-compatibility/neon-compatibility/OpenZeppelin/migrations/1_initial_migration.js:1:30\n        at Script.runInContext (node:vm:139:12)\n        at Script.runInNewContext (node:vm:144:17)\n        at Object.file (/home/runner/work/neon-compatibility/neon-compatibility/node_modules/truffle/build/webpack:/packages/require/require.js:94:1)\n        at Migration._load (/home/runner/work/neon-compatibility/neon-compatibility/node_modules/truffle/build/webpack:/packages/migrate/Migration.js:44:1)\n        at Migration.run (/home/runner/work/neon-compatibility/neon-compatibility/node_modules/truffle/build/webpack:/packages/migrate/Migration.js:217:1)\n        at Object.runMigrations (/home/runner/work/neon-compatibility/neon-compatibility/node_modules/truffle/build/webpack:/packages/migrate/index.js:150:1)\n        at Object.runFrom (/home/runner/work/neon-compatibility/neon-compatibility/node_modules/truffle/build/webpack:/packages/migrate/index.js:110:1)\n        at Object.runAll (/home/runner/work/neon-compatibility/neon-compatibility/node_modules/truffle/build/webpack:/packages/migrate/index.js:114:1)\n        at Object.run (/home/runner/work/neon-compatibility/neon-compatibility/node_modules/truffle/build/webpack:/packages/migrate/index.js:79:1)\n        at Object.run (/home/runner/work/neon-compatibility/neon-compatibility/node_modules/truffle/build/webpack:/packages/core/lib/testing/Test.js:109:1)\n        at Object.run (/home/runner/work/neon-compatibility/neon-compatibility/node_modules/truffle/build/webpack:/packages/core/lib/commands/test/index.js:177:1)\n        at Command.run (/home/runner/work/neon-compatibility/neon-compatibility/node_modules/truffle/build/webpack:/packages/core/lib/command.js:183:1)\n    Truffle v5.4.14 (core: 5.4.14)\n    Node v16.13.2\n    /home/runner/work/neon-compatibility/neon-compatibility",
        "time" : {
          "start" : 1643589218606,
          "stop" : 1643589236841,
          "duration" : 18235
        }
      }, {
        "uid" : "3aeba95e59eea7cf",
        "reportUrl" : "https://neonlabsorg.github.io/neon-compatibility/585//#testresult/3aeba95e59eea7cf",
        "status" : "failed",
        "statusDetails" : "AssertionError: assert 'Error: Coul... any sources' not in '/home/runne...patibility\\n'\n  'Error: Could not f...ns from any sources' is contained here:\n           ^\n    \n    Error: Could not find artifacts for Migrations from any sources\n        at Resolver.require (/home/runner/work/neon-compatibility/neon-compatibility/node_modules/truffle/build/webpack:/packages/resolver/dist/lib/resolver.js:61:1)\n        at Object.require (/home/runner/work/neon-compatibility/neon-compatibility/node_modules/truffle/build/webpack:/packages/migrate/index.js:172:1)\n        at ResolverIntercept.require (/home/runner/work/neon-compatibility/neon-compatibility/node_modules/truffle/build/webpack:/packages/migrate/ResolverIntercept.js:22:1)\n        at /home/runner/work/neon-compatibility/neon-compatibility/OpenZeppelin/migrations/1_initial_migration.js:1:30\n        at Script.runInContext (node:vm:139:12)\n        at Script.runInNewContext (node:vm:144:17)\n        at Object.file (/home/runner/work/neon-compatibility/neon-compatibility/node_modules/truffle/build/webpack:/packages/require/require.js:94:1)\n        at Migration._load (/home/runner/work/neon-compatibility/neon-compatibility/node_modules/truffle/build/webpack:/packages/migrate/Migration.js:44:1)\n        at Migration.run (/home/runner/work/neon-compatibility/neon-compatibility/node_modules/truffle/build/webpack:/packages/migrate/Migration.js:217:1)\n        at Object.runMigrations (/home/runner/work/neon-compatibility/neon-compatibility/node_modules/truffle/build/webpack:/packages/migrate/index.js:150:1)\n        at Object.runFrom (/home/runner/work/neon-compatibility/neon-compatibility/node_modules/truffle/build/webpack:/packages/migrate/index.js:110:1)\n        at Object.runAll (/home/runner/work/neon-compatibility/neon-compatibility/node_modules/truffle/build/webpack:/packages/migrate/index.js:114:1)\n        at Object.run (/home/runner/work/neon-compatibility/neon-compatibility/node_modules/truffle/build/webpack:/packages/migrate/index.js:79:1)\n        at Object.run (/home/runner/work/neon-compatibility/neon-compatibility/node_modules/truffle/build/webpack:/packages/core/lib/testing/Test.js:109:1)\n        at Object.run (/home/runner/work/neon-compatibility/neon-compatibility/node_modules/truffle/build/webpack:/packages/core/lib/commands/test/index.js:177:1)\n        at Command.run (/home/runner/work/neon-compatibility/neon-compatibility/node_modules/truffle/build/webpack:/packages/core/lib/command.js:183:1)\n    Truffle v5.4.14 (core: 5.4.14)\n    Node v16.13.2\n    /home/runner/work/neon-compatibility/neon-compatibility",
        "time" : {
          "start" : 1643569648746,
          "stop" : 1643569670552,
          "duration" : 21806
        }
      }, {
        "uid" : "1e870d0965801074",
        "reportUrl" : "https://neonlabsorg.github.io/neon-compatibility/584//#testresult/1e870d0965801074",
        "status" : "failed",
        "statusDetails" : "AssertionError: assert 'Error: Coul... any sources' not in '/home/runne...patibility\\n'\n  'Error: Could not f...ns from any sources' is contained here:\n           ^\n    \n    Error: Could not find artifacts for Migrations from any sources\n        at Resolver.require (/home/runner/work/neon-compatibility/neon-compatibility/node_modules/truffle/build/webpack:/packages/resolver/dist/lib/resolver.js:61:1)\n        at Object.require (/home/runner/work/neon-compatibility/neon-compatibility/node_modules/truffle/build/webpack:/packages/migrate/index.js:172:1)\n        at ResolverIntercept.require (/home/runner/work/neon-compatibility/neon-compatibility/node_modules/truffle/build/webpack:/packages/migrate/ResolverIntercept.js:22:1)\n        at /home/runner/work/neon-compatibility/neon-compatibility/OpenZeppelin/migrations/1_initial_migration.js:1:30\n        at Script.runInContext (node:vm:139:12)\n        at Script.runInNewContext (node:vm:144:17)\n        at Object.file (/home/runner/work/neon-compatibility/neon-compatibility/node_modules/truffle/build/webpack:/packages/require/require.js:94:1)\n        at Migration._load (/home/runner/work/neon-compatibility/neon-compatibility/node_modules/truffle/build/webpack:/packages/migrate/Migration.js:44:1)\n        at Migration.run (/home/runner/work/neon-compatibility/neon-compatibility/node_modules/truffle/build/webpack:/packages/migrate/Migration.js:217:1)\n        at Object.runMigrations (/home/runner/work/neon-compatibility/neon-compatibility/node_modules/truffle/build/webpack:/packages/migrate/index.js:150:1)\n        at Object.runFrom (/home/runner/work/neon-compatibility/neon-compatibility/node_modules/truffle/build/webpack:/packages/migrate/index.js:110:1)\n        at Object.runAll (/home/runner/work/neon-compatibility/neon-compatibility/node_modules/truffle/build/webpack:/packages/migrate/index.js:114:1)\n        at Object.run (/home/runner/work/neon-compatibility/neon-compatibility/node_modules/truffle/build/webpack:/packages/migrate/index.js:79:1)\n        at Object.run (/home/runner/work/neon-compatibility/neon-compatibility/node_modules/truffle/build/webpack:/packages/core/lib/testing/Test.js:109:1)\n        at Object.run (/home/runner/work/neon-compatibility/neon-compatibility/node_modules/truffle/build/webpack:/packages/core/lib/commands/test/index.js:177:1)\n        at Command.run (/home/runner/work/neon-compatibility/neon-compatibility/node_modules/truffle/build/webpack:/packages/core/lib/command.js:183:1)\n    Truffle v5.4.14 (core: 5.4.14)\n    Node v16.13.2\n    /home/runner/work/neon-compatibility/neon-compatibility",
        "time" : {
          "start" : 1643566267533,
          "stop" : 1643566288495,
          "duration" : 20962
        }
      } ]
    },
    "tags" : [ ]
  },
  "source" : "c3399b78dc2a89d7.json",
  "parameterValues" : [ "InputData(test_file='access/AccessControlEnumerable.test.js', test_files=['access/AccessControlEnumerable.test.js', 'access/AccessControl.behavior.js'], contracts=['utils/Strings.sol', 'utils/introspection/ERC165.sol', 'mocks/AccessControlEnumerableMock.sol'], migration_script='2_deploy_contracts.js')" ]
}