{
  "uid" : "994e62582375c210",
  "name" : "test_truffle_migration",
  "fullName" : "tests.truffle.test_truffle#test_truffle_migration",
  "historyId" : "e63c5a1b531c2472845045a6f65cedaf",
  "time" : {
    "start" : 1643339749756,
    "stop" : 1643339767459,
    "duration" : 17703
  },
  "status" : "failed",
  "statusMessage" : "AssertionError: assert 'Error:  ***...t Failed ***' not in '/home/runne...patibility\\n'\n  'Error:  *** Deployment Failed ***' is contained here:\n    --------\n    \n    Error:  *** Deployment Failed ***\n    \n    \"Migrations\" -- Cannot read properties of undefined (reading 'includes').\n    \n        at /home/runner/work/neon-compatibility/neon-compatibility/node_modules/truffle/build/webpack:/packages/deployer/src/deployment.js:365:1\n        at runNextTicks (node:internal/process/task_queues:61:5)\n        at listOnTimeout (node:internal/timers:526:9)\n        at processTimers (node:internal/timers:500:7)\n        at Migration._deploy (/home/runner/work/neon-compatibility/neon-compatibility/node_modules/truffle/build/webpack:/packages/migrate/Migration.js:70:1)\n        at Migration._load (/home/runner/work/neon-compatibility/neon-compatibility/node_modules/truffle/build/webpack:/packages/migrate/Migration.js:56:1)\n        at Migration.run (/home/runner/work/neon-compatibility/neon-compatibility/node_modules/truffle/build/webpack:/packages/migrate/Migration.js:217:1)\n        at Object.runMigrations (/home/runner/work/neon-compatibility/neon-compatibility/node_modules/truffle/build/webpack:/packages/migrate/index.js:150:1)\n        at Object.runFrom (/home/runner/work/neon-compatibility/neon-compatibility/node_modules/truffle/build/webpack:/packages/migrate/index.js:110:1)\n        at Object.run (/home/runner/work/neon-compatibility/neon-compatibility/node_modules/truffle/build/webpack:/packages/migrate/index.js:87:1)\n        at runMigrations (/home/runner/work/neon-compatibility/neon-compatibility/node_modules/truffle/build/webpack:/packages/core/lib/commands/migrate.js:258:1)\n        at Object.run (/home/runner/work/neon-compatibility/neon-compatibility/node_modules/truffle/build/webpack:/packages/core/lib/commands/migrate.js:223:1)\n        at Command.run (/home/runner/work/neon-compatibility/neon-compatibility/node_modules/truffle/build/webpack:/packages/core/lib/command.js:183:1)\n    Truffle v5.4.14 (core: 5.4.14)\n    Node v16.13.2\n    /home/runner/work/neon-compatibility/neon-compatibility",
  "statusTrace" : "@allure.feature(FEATURE)\n    def test_truffle_migration():\n        # truffle migrate --network neonlabs\n        cmd_res = run_command_line(\n            f\"{Subfolder.CD_METACOIN} {RunCommand.TRUFFLE} \" +\n            f\"migrate --network {NETWORK_NAME} {CD_BACK}\")\n        actual_result = cmd_res.stdout.decode() + cmd_res.stderr.decode()\n        assert cmd_res.returncode == 0, actual_result\n        assert TruffleBasedError.ERROR_NO_ATTRIBUTE_ETH_ACCOUNTS \\\n            not in actual_result\n        assert TruffleError.ERROR_COULD_NOT_CONNECT not in actual_result\n        assert TruffleError.ERROR_NOT_AUTHORIZED not in actual_result\n        assert TruffleError.ERROR_TIMEOUT not in actual_result\n        assert TruffleError.ERROR_CANNOT_READ_PROPERTIES not in actual_result\n>       assert TruffleError.ERROR_DEPLOYMENT_FAILED not in actual_result\nE       assert 'Error:  ***...t Failed ***' not in '/home/runne...patibility\\n'\nE         'Error:  *** Deployment Failed ***' is contained here:\nE           --------\nE           \nE           Error:  *** Deployment Failed ***\nE           \nE           \"Migrations\" -- Cannot read properties of undefined (reading 'includes').\nE           \nE               at /home/runner/work/neon-compatibility/neon-compatibility/node_modules/truffle/build/webpack:/packages/deployer/src/deployment.js:365:1\nE               at runNextTicks (node:internal/process/task_queues:61:5)\nE               at listOnTimeout (node:internal/timers:526:9)\nE               at processTimers (node:internal/timers:500:7)\nE               at Migration._deploy (/home/runner/work/neon-compatibility/neon-compatibility/node_modules/truffle/build/webpack:/packages/migrate/Migration.js:70:1)\nE               at Migration._load (/home/runner/work/neon-compatibility/neon-compatibility/node_modules/truffle/build/webpack:/packages/migrate/Migration.js:56:1)\nE               at Migration.run (/home/runner/work/neon-compatibility/neon-compatibility/node_modules/truffle/build/webpack:/packages/migrate/Migration.js:217:1)\nE               at Object.runMigrations (/home/runner/work/neon-compatibility/neon-compatibility/node_modules/truffle/build/webpack:/packages/migrate/index.js:150:1)\nE               at Object.runFrom (/home/runner/work/neon-compatibility/neon-compatibility/node_modules/truffle/build/webpack:/packages/migrate/index.js:110:1)\nE               at Object.run (/home/runner/work/neon-compatibility/neon-compatibility/node_modules/truffle/build/webpack:/packages/migrate/index.js:87:1)\nE               at runMigrations (/home/runner/work/neon-compatibility/neon-compatibility/node_modules/truffle/build/webpack:/packages/core/lib/commands/migrate.js:258:1)\nE               at Object.run (/home/runner/work/neon-compatibility/neon-compatibility/node_modules/truffle/build/webpack:/packages/core/lib/commands/migrate.js:223:1)\nE               at Command.run (/home/runner/work/neon-compatibility/neon-compatibility/node_modules/truffle/build/webpack:/packages/core/lib/command.js:183:1)\nE           Truffle v5.4.14 (core: 5.4.14)\nE           Node v16.13.2\nE           /home/runner/work/neon-compatibility/neon-compatibility\n\ntests/truffle/test_truffle.py:36: AssertionError",
  "flaky" : false,
  "newFailed" : false,
  "newBroken" : false,
  "newPassed" : false,
  "retriesCount" : 0,
  "retriesStatusChange" : false,
  "beforeStages" : [ {
    "name" : "prepare_truffle_config",
    "time" : {
      "start" : 1643339749744,
      "stop" : 1643339749754,
      "duration" : 10
    },
    "status" : "passed",
    "steps" : [ {
      "name" : "Preset variables",
      "time" : {
        "start" : 1643339749744,
        "stop" : 1643339749754,
        "duration" : 10
      },
      "status" : "passed",
      "steps" : [ ],
      "attachments" : [ ],
      "parameters" : [ ],
      "stepsCount" : 0,
      "attachmentsCount" : 0,
      "shouldDisplayMessage" : false,
      "hasContent" : false
    }, {
      "name" : "Clean up folder \"'/home/runner/work/neon-compatibility/neon-compatibility/Metacoin/build/contracts'\"",
      "time" : {
        "start" : 1643339749754,
        "stop" : 1643339749754,
        "duration" : 0
      },
      "status" : "passed",
      "steps" : [ ],
      "attachments" : [ ],
      "parameters" : [ {
        "name" : "folder",
        "value" : "'/home/runner/work/neon-compatibility/neon-compatibility/Metacoin/build/contracts'"
      } ],
      "stepsCount" : 0,
      "attachmentsCount" : 0,
      "shouldDisplayMessage" : false,
      "hasContent" : true
    } ],
    "attachments" : [ ],
    "parameters" : [ ],
    "stepsCount" : 2,
    "attachmentsCount" : 0,
    "shouldDisplayMessage" : false,
    "hasContent" : true
  } ],
  "testStage" : {
    "status" : "failed",
    "statusMessage" : "AssertionError: assert 'Error:  ***...t Failed ***' not in '/home/runne...patibility\\n'\n  'Error:  *** Deployment Failed ***' is contained here:\n    --------\n    \n    Error:  *** Deployment Failed ***\n    \n    \"Migrations\" -- Cannot read properties of undefined (reading 'includes').\n    \n        at /home/runner/work/neon-compatibility/neon-compatibility/node_modules/truffle/build/webpack:/packages/deployer/src/deployment.js:365:1\n        at runNextTicks (node:internal/process/task_queues:61:5)\n        at listOnTimeout (node:internal/timers:526:9)\n        at processTimers (node:internal/timers:500:7)\n        at Migration._deploy (/home/runner/work/neon-compatibility/neon-compatibility/node_modules/truffle/build/webpack:/packages/migrate/Migration.js:70:1)\n        at Migration._load (/home/runner/work/neon-compatibility/neon-compatibility/node_modules/truffle/build/webpack:/packages/migrate/Migration.js:56:1)\n        at Migration.run (/home/runner/work/neon-compatibility/neon-compatibility/node_modules/truffle/build/webpack:/packages/migrate/Migration.js:217:1)\n        at Object.runMigrations (/home/runner/work/neon-compatibility/neon-compatibility/node_modules/truffle/build/webpack:/packages/migrate/index.js:150:1)\n        at Object.runFrom (/home/runner/work/neon-compatibility/neon-compatibility/node_modules/truffle/build/webpack:/packages/migrate/index.js:110:1)\n        at Object.run (/home/runner/work/neon-compatibility/neon-compatibility/node_modules/truffle/build/webpack:/packages/migrate/index.js:87:1)\n        at runMigrations (/home/runner/work/neon-compatibility/neon-compatibility/node_modules/truffle/build/webpack:/packages/core/lib/commands/migrate.js:258:1)\n        at Object.run (/home/runner/work/neon-compatibility/neon-compatibility/node_modules/truffle/build/webpack:/packages/core/lib/commands/migrate.js:223:1)\n        at Command.run (/home/runner/work/neon-compatibility/neon-compatibility/node_modules/truffle/build/webpack:/packages/core/lib/command.js:183:1)\n    Truffle v5.4.14 (core: 5.4.14)\n    Node v16.13.2\n    /home/runner/work/neon-compatibility/neon-compatibility",
    "statusTrace" : "@allure.feature(FEATURE)\n    def test_truffle_migration():\n        # truffle migrate --network neonlabs\n        cmd_res = run_command_line(\n            f\"{Subfolder.CD_METACOIN} {RunCommand.TRUFFLE} \" +\n            f\"migrate --network {NETWORK_NAME} {CD_BACK}\")\n        actual_result = cmd_res.stdout.decode() + cmd_res.stderr.decode()\n        assert cmd_res.returncode == 0, actual_result\n        assert TruffleBasedError.ERROR_NO_ATTRIBUTE_ETH_ACCOUNTS \\\n            not in actual_result\n        assert TruffleError.ERROR_COULD_NOT_CONNECT not in actual_result\n        assert TruffleError.ERROR_NOT_AUTHORIZED not in actual_result\n        assert TruffleError.ERROR_TIMEOUT not in actual_result\n        assert TruffleError.ERROR_CANNOT_READ_PROPERTIES not in actual_result\n>       assert TruffleError.ERROR_DEPLOYMENT_FAILED not in actual_result\nE       assert 'Error:  ***...t Failed ***' not in '/home/runne...patibility\\n'\nE         'Error:  *** Deployment Failed ***' is contained here:\nE           --------\nE           \nE           Error:  *** Deployment Failed ***\nE           \nE           \"Migrations\" -- Cannot read properties of undefined (reading 'includes').\nE           \nE               at /home/runner/work/neon-compatibility/neon-compatibility/node_modules/truffle/build/webpack:/packages/deployer/src/deployment.js:365:1\nE               at runNextTicks (node:internal/process/task_queues:61:5)\nE               at listOnTimeout (node:internal/timers:526:9)\nE               at processTimers (node:internal/timers:500:7)\nE               at Migration._deploy (/home/runner/work/neon-compatibility/neon-compatibility/node_modules/truffle/build/webpack:/packages/migrate/Migration.js:70:1)\nE               at Migration._load (/home/runner/work/neon-compatibility/neon-compatibility/node_modules/truffle/build/webpack:/packages/migrate/Migration.js:56:1)\nE               at Migration.run (/home/runner/work/neon-compatibility/neon-compatibility/node_modules/truffle/build/webpack:/packages/migrate/Migration.js:217:1)\nE               at Object.runMigrations (/home/runner/work/neon-compatibility/neon-compatibility/node_modules/truffle/build/webpack:/packages/migrate/index.js:150:1)\nE               at Object.runFrom (/home/runner/work/neon-compatibility/neon-compatibility/node_modules/truffle/build/webpack:/packages/migrate/index.js:110:1)\nE               at Object.run (/home/runner/work/neon-compatibility/neon-compatibility/node_modules/truffle/build/webpack:/packages/migrate/index.js:87:1)\nE               at runMigrations (/home/runner/work/neon-compatibility/neon-compatibility/node_modules/truffle/build/webpack:/packages/core/lib/commands/migrate.js:258:1)\nE               at Object.run (/home/runner/work/neon-compatibility/neon-compatibility/node_modules/truffle/build/webpack:/packages/core/lib/commands/migrate.js:223:1)\nE               at Command.run (/home/runner/work/neon-compatibility/neon-compatibility/node_modules/truffle/build/webpack:/packages/core/lib/command.js:183:1)\nE           Truffle v5.4.14 (core: 5.4.14)\nE           Node v16.13.2\nE           /home/runner/work/neon-compatibility/neon-compatibility\n\ntests/truffle/test_truffle.py:36: AssertionError",
    "steps" : [ {
      "name" : "Run command: \"'cd Metacoin; pwd; ../node_modules/.bin/truffle migrate --network neonlabs ; cd \"/home/runner/work/neon-compatibility/neon-compatibility\"; pwd;'\"",
      "time" : {
        "start" : 1643339749756,
        "stop" : 1643339767457,
        "duration" : 17701
      },
      "status" : "passed",
      "steps" : [ ],
      "attachments" : [ ],
      "parameters" : [ {
        "name" : "command",
        "value" : "'cd Metacoin; pwd; ../node_modules/.bin/truffle migrate --network neonlabs ; cd \"/home/runner/work/neon-compatibility/neon-compatibility\"; pwd;'"
      } ],
      "stepsCount" : 0,
      "attachmentsCount" : 0,
      "shouldDisplayMessage" : false,
      "hasContent" : true
    } ],
    "attachments" : [ {
      "uid" : "372c3e154ad5b343",
      "name" : "stdout",
      "source" : "372c3e154ad5b343.txt",
      "type" : "text/plain",
      "size" : 3432
    } ],
    "parameters" : [ ],
    "stepsCount" : 1,
    "attachmentsCount" : 1,
    "shouldDisplayMessage" : true,
    "hasContent" : true
  },
  "afterStages" : [ {
    "name" : "prepare_truffle_config::0",
    "time" : {
      "start" : 1643339767464,
      "stop" : 1643339767464,
      "duration" : 0
    },
    "status" : "passed",
    "steps" : [ ],
    "attachments" : [ ],
    "parameters" : [ ],
    "stepsCount" : 0,
    "attachmentsCount" : 0,
    "shouldDisplayMessage" : false,
    "hasContent" : false
  } ],
  "labels" : [ {
    "name" : "feature",
    "value" : "Truffle"
  }, {
    "name" : "parentSuite",
    "value" : "tests.truffle"
  }, {
    "name" : "suite",
    "value" : "test_truffle"
  }, {
    "name" : "host",
    "value" : "fv-az131-822"
  }, {
    "name" : "thread",
    "value" : "4949-MainThread"
  }, {
    "name" : "framework",
    "value" : "pytest"
  }, {
    "name" : "language",
    "value" : "cpython3"
  }, {
    "name" : "package",
    "value" : "tests.truffle.test_truffle"
  }, {
    "name" : "resultFormat",
    "value" : "allure2"
  } ],
  "parameters" : [ ],
  "links" : [ ],
  "hidden" : false,
  "retry" : false,
  "extra" : {
    "severity" : "normal",
    "retries" : [ ],
    "categories" : [ {
      "name" : "Product defects",
      "matchedStatuses" : [ ],
      "flaky" : false
    } ],
    "history" : {
      "statistic" : {
        "failed" : 104,
        "broken" : 0,
        "skipped" : 0,
        "passed" : 31,
        "unknown" : 0,
        "total" : 135
      },
      "items" : [ {
        "uid" : "17994a5fb005295a",
        "reportUrl" : "https://neonlabsorg.github.io/neon-compatibility/557//#testresult/17994a5fb005295a",
        "status" : "failed",
        "statusDetails" : "AssertionError: assert 'Error:  ***...t Failed ***' not in '/home/runne...patibility\\n'\n  'Error:  *** Deployment Failed ***' is contained here:\n    --------\n    \n    Error:  *** Deployment Failed ***\n    \n    \"Migrations\" -- Cannot read properties of undefined (reading 'includes').\n    \n        at /home/runner/work/neon-compatibility/neon-compatibility/node_modules/truffle/build/webpack:/packages/deployer/src/deployment.js:365:1\n        at runNextTicks (node:internal/process/task_queues:61:5)\n        at listOnTimeout (node:internal/timers:526:9)\n        at processTimers (node:internal/timers:500:7)\n        at Migration._deploy (/home/runner/work/neon-compatibility/neon-compatibility/node_modules/truffle/build/webpack:/packages/migrate/Migration.js:70:1)\n        at Migration._load (/home/runner/work/neon-compatibility/neon-compatibility/node_modules/truffle/build/webpack:/packages/migrate/Migration.js:56:1)\n        at Migration.run (/home/runner/work/neon-compatibility/neon-compatibility/node_modules/truffle/build/webpack:/packages/migrate/Migration.js:217:1)\n        at Object.runMigrations (/home/runner/work/neon-compatibility/neon-compatibility/node_modules/truffle/build/webpack:/packages/migrate/index.js:150:1)\n        at Object.runFrom (/home/runner/work/neon-compatibility/neon-compatibility/node_modules/truffle/build/webpack:/packages/migrate/index.js:110:1)\n        at Object.run (/home/runner/work/neon-compatibility/neon-compatibility/node_modules/truffle/build/webpack:/packages/migrate/index.js:87:1)\n        at runMigrations (/home/runner/work/neon-compatibility/neon-compatibility/node_modules/truffle/build/webpack:/packages/core/lib/commands/migrate.js:258:1)\n        at Object.run (/home/runner/work/neon-compatibility/neon-compatibility/node_modules/truffle/build/webpack:/packages/core/lib/commands/migrate.js:223:1)\n        at Command.run (/home/runner/work/neon-compatibility/neon-compatibility/node_modules/truffle/build/webpack:/packages/core/lib/command.js:183:1)\n    Truffle v5.4.14 (core: 5.4.14)\n    Node v16.13.2\n    /home/runner/work/neon-compatibility/neon-compatibility",
        "time" : {
          "start" : 1643330136717,
          "stop" : 1643330154114,
          "duration" : 17397
        }
      }, {
        "uid" : "18d4a5b88eec1203",
        "reportUrl" : "https://neonlabsorg.github.io/neon-compatibility/556//#testresult/18d4a5b88eec1203",
        "status" : "failed",
        "statusDetails" : "AssertionError: assert 'Error:  ***...t Failed ***' not in '/home/runne...patibility\\n'\n  'Error:  *** Deployment Failed ***' is contained here:\n    --------\n    \n    Error:  *** Deployment Failed ***\n    \n    \"Migrations\" -- Cannot read properties of undefined (reading 'includes').\n    \n        at /home/runner/work/neon-compatibility/neon-compatibility/node_modules/truffle/build/webpack:/packages/deployer/src/deployment.js:365:1\n        at runNextTicks (node:internal/process/task_queues:61:5)\n        at listOnTimeout (node:internal/timers:526:9)\n        at processTimers (node:internal/timers:500:7)\n        at Migration._deploy (/home/runner/work/neon-compatibility/neon-compatibility/node_modules/truffle/build/webpack:/packages/migrate/Migration.js:70:1)\n        at Migration._load (/home/runner/work/neon-compatibility/neon-compatibility/node_modules/truffle/build/webpack:/packages/migrate/Migration.js:56:1)\n        at Migration.run (/home/runner/work/neon-compatibility/neon-compatibility/node_modules/truffle/build/webpack:/packages/migrate/Migration.js:217:1)\n        at Object.runMigrations (/home/runner/work/neon-compatibility/neon-compatibility/node_modules/truffle/build/webpack:/packages/migrate/index.js:150:1)\n        at Object.runFrom (/home/runner/work/neon-compatibility/neon-compatibility/node_modules/truffle/build/webpack:/packages/migrate/index.js:110:1)\n        at Object.run (/home/runner/work/neon-compatibility/neon-compatibility/node_modules/truffle/build/webpack:/packages/migrate/index.js:87:1)\n        at runMigrations (/home/runner/work/neon-compatibility/neon-compatibility/node_modules/truffle/build/webpack:/packages/core/lib/commands/migrate.js:258:1)\n        at Object.run (/home/runner/work/neon-compatibility/neon-compatibility/node_modules/truffle/build/webpack:/packages/core/lib/commands/migrate.js:223:1)\n        at Command.run (/home/runner/work/neon-compatibility/neon-compatibility/node_modules/truffle/build/webpack:/packages/core/lib/command.js:183:1)\n    Truffle v5.4.14 (core: 5.4.14)\n    Node v16.13.2\n    /home/runner/work/neon-compatibility/neon-compatibility",
        "time" : {
          "start" : 1643323417422,
          "stop" : 1643323433636,
          "duration" : 16214
        }
      }, {
        "uid" : "44dee828ec5e9cc9",
        "reportUrl" : "https://neonlabsorg.github.io/neon-compatibility/554//#testresult/44dee828ec5e9cc9",
        "status" : "failed",
        "statusDetails" : "AssertionError: assert 'Error:  ***...t Failed ***' not in '/home/runne...patibility\\n'\n  'Error:  *** Deployment Failed ***' is contained here:\n    --------\n    \n    Error:  *** Deployment Failed ***\n    \n    \"Migrations\" -- Cannot read properties of undefined (reading 'includes').\n    \n        at /home/runner/work/neon-compatibility/neon-compatibility/node_modules/truffle/build/webpack:/packages/deployer/src/deployment.js:365:1\n        at runNextTicks (node:internal/process/task_queues:61:5)\n        at listOnTimeout (node:internal/timers:526:9)\n        at processTimers (node:internal/timers:500:7)\n        at Migration._deploy (/home/runner/work/neon-compatibility/neon-compatibility/node_modules/truffle/build/webpack:/packages/migrate/Migration.js:70:1)\n        at Migration._load (/home/runner/work/neon-compatibility/neon-compatibility/node_modules/truffle/build/webpack:/packages/migrate/Migration.js:56:1)\n        at Migration.run (/home/runner/work/neon-compatibility/neon-compatibility/node_modules/truffle/build/webpack:/packages/migrate/Migration.js:217:1)\n        at Object.runMigrations (/home/runner/work/neon-compatibility/neon-compatibility/node_modules/truffle/build/webpack:/packages/migrate/index.js:150:1)\n        at Object.runFrom (/home/runner/work/neon-compatibility/neon-compatibility/node_modules/truffle/build/webpack:/packages/migrate/index.js:110:1)\n        at Object.run (/home/runner/work/neon-compatibility/neon-compatibility/node_modules/truffle/build/webpack:/packages/migrate/index.js:87:1)\n        at runMigrations (/home/runner/work/neon-compatibility/neon-compatibility/node_modules/truffle/build/webpack:/packages/core/lib/commands/migrate.js:258:1)\n        at Object.run (/home/runner/work/neon-compatibility/neon-compatibility/node_modules/truffle/build/webpack:/packages/core/lib/commands/migrate.js:223:1)\n        at Command.run (/home/runner/work/neon-compatibility/neon-compatibility/node_modules/truffle/build/webpack:/packages/core/lib/command.js:183:1)\n    Truffle v5.4.14 (core: 5.4.14)\n    Node v16.13.2\n    /home/runner/work/neon-compatibility/neon-compatibility",
        "time" : {
          "start" : 1643302015108,
          "stop" : 1643302031370,
          "duration" : 16262
        }
      }, {
        "uid" : "3ad9173a1c3fb4c3",
        "reportUrl" : "https://neonlabsorg.github.io/neon-compatibility/553//#testresult/3ad9173a1c3fb4c3",
        "status" : "failed",
        "statusDetails" : "AssertionError: assert 'Error:  ***...t Failed ***' not in '/home/runne...patibility\\n'\n  'Error:  *** Deployment Failed ***' is contained here:\n    --------\n    \n    Error:  *** Deployment Failed ***\n    \n    \"Migrations\" -- Cannot read properties of undefined (reading 'includes').\n    \n        at /home/runner/work/neon-compatibility/neon-compatibility/node_modules/truffle/build/webpack:/packages/deployer/src/deployment.js:365:1\n        at runNextTicks (node:internal/process/task_queues:61:5)\n        at listOnTimeout (node:internal/timers:526:9)\n        at processTimers (node:internal/timers:500:7)\n        at Migration._deploy (/home/runner/work/neon-compatibility/neon-compatibility/node_modules/truffle/build/webpack:/packages/migrate/Migration.js:70:1)\n        at Migration._load (/home/runner/work/neon-compatibility/neon-compatibility/node_modules/truffle/build/webpack:/packages/migrate/Migration.js:56:1)\n        at Migration.run (/home/runner/work/neon-compatibility/neon-compatibility/node_modules/truffle/build/webpack:/packages/migrate/Migration.js:217:1)\n        at Object.runMigrations (/home/runner/work/neon-compatibility/neon-compatibility/node_modules/truffle/build/webpack:/packages/migrate/index.js:150:1)\n        at Object.runFrom (/home/runner/work/neon-compatibility/neon-compatibility/node_modules/truffle/build/webpack:/packages/migrate/index.js:110:1)\n        at Object.run (/home/runner/work/neon-compatibility/neon-compatibility/node_modules/truffle/build/webpack:/packages/migrate/index.js:87:1)\n        at runMigrations (/home/runner/work/neon-compatibility/neon-compatibility/node_modules/truffle/build/webpack:/packages/core/lib/commands/migrate.js:258:1)\n        at Object.run (/home/runner/work/neon-compatibility/neon-compatibility/node_modules/truffle/build/webpack:/packages/core/lib/commands/migrate.js:223:1)\n        at Command.run (/home/runner/work/neon-compatibility/neon-compatibility/node_modules/truffle/build/webpack:/packages/core/lib/command.js:183:1)\n    Truffle v5.4.14 (core: 5.4.14)\n    Node v16.13.2\n    /home/runner/work/neon-compatibility/neon-compatibility",
        "time" : {
          "start" : 1643295912750,
          "stop" : 1643295932197,
          "duration" : 19447
        }
      }, {
        "uid" : "b8a7e38deaebc10c",
        "reportUrl" : "https://neonlabsorg.github.io/neon-compatibility/552//#testresult/b8a7e38deaebc10c",
        "status" : "failed",
        "statusDetails" : "AssertionError: assert 'Error:  ***...t Failed ***' not in '/home/runne...patibility\\n'\n  'Error:  *** Deployment Failed ***' is contained here:\n    --------\n    \n    Error:  *** Deployment Failed ***\n    \n    \"Migrations\" -- Cannot read properties of undefined (reading 'includes').\n    \n        at /home/runner/work/neon-compatibility/neon-compatibility/node_modules/truffle/build/webpack:/packages/deployer/src/deployment.js:365:1\n        at runNextTicks (node:internal/process/task_queues:61:5)\n        at listOnTimeout (node:internal/timers:526:9)\n        at processTimers (node:internal/timers:500:7)\n        at Migration._deploy (/home/runner/work/neon-compatibility/neon-compatibility/node_modules/truffle/build/webpack:/packages/migrate/Migration.js:70:1)\n        at Migration._load (/home/runner/work/neon-compatibility/neon-compatibility/node_modules/truffle/build/webpack:/packages/migrate/Migration.js:56:1)\n        at Migration.run (/home/runner/work/neon-compatibility/neon-compatibility/node_modules/truffle/build/webpack:/packages/migrate/Migration.js:217:1)\n        at Object.runMigrations (/home/runner/work/neon-compatibility/neon-compatibility/node_modules/truffle/build/webpack:/packages/migrate/index.js:150:1)\n        at Object.runFrom (/home/runner/work/neon-compatibility/neon-compatibility/node_modules/truffle/build/webpack:/packages/migrate/index.js:110:1)\n        at Object.run (/home/runner/work/neon-compatibility/neon-compatibility/node_modules/truffle/build/webpack:/packages/migrate/index.js:87:1)\n        at runMigrations (/home/runner/work/neon-compatibility/neon-compatibility/node_modules/truffle/build/webpack:/packages/core/lib/commands/migrate.js:258:1)\n        at Object.run (/home/runner/work/neon-compatibility/neon-compatibility/node_modules/truffle/build/webpack:/packages/core/lib/commands/migrate.js:223:1)\n        at Command.run (/home/runner/work/neon-compatibility/neon-compatibility/node_modules/truffle/build/webpack:/packages/core/lib/command.js:183:1)\n    Truffle v5.4.14 (core: 5.4.14)\n    Node v16.13.2\n    /home/runner/work/neon-compatibility/neon-compatibility",
        "time" : {
          "start" : 1643291042978,
          "stop" : 1643291059355,
          "duration" : 16377
        }
      }, {
        "uid" : "f059d5ad2823f6c1",
        "reportUrl" : "https://neonlabsorg.github.io/neon-compatibility/551//#testresult/f059d5ad2823f6c1",
        "status" : "failed",
        "statusDetails" : "AssertionError: assert 'Error:  ***...t Failed ***' not in '/home/runne...patibility\\n'\n  'Error:  *** Deployment Failed ***' is contained here:\n    --------\n    \n    Error:  *** Deployment Failed ***\n    \n    \"Migrations\" -- Cannot read properties of undefined (reading 'includes').\n    \n        at /home/runner/work/neon-compatibility/neon-compatibility/node_modules/truffle/build/webpack:/packages/deployer/src/deployment.js:365:1\n        at runNextTicks (node:internal/process/task_queues:61:5)\n        at listOnTimeout (node:internal/timers:526:9)\n        at processTimers (node:internal/timers:500:7)\n        at Migration._deploy (/home/runner/work/neon-compatibility/neon-compatibility/node_modules/truffle/build/webpack:/packages/migrate/Migration.js:70:1)\n        at Migration._load (/home/runner/work/neon-compatibility/neon-compatibility/node_modules/truffle/build/webpack:/packages/migrate/Migration.js:56:1)\n        at Migration.run (/home/runner/work/neon-compatibility/neon-compatibility/node_modules/truffle/build/webpack:/packages/migrate/Migration.js:217:1)\n        at Object.runMigrations (/home/runner/work/neon-compatibility/neon-compatibility/node_modules/truffle/build/webpack:/packages/migrate/index.js:150:1)\n        at Object.runFrom (/home/runner/work/neon-compatibility/neon-compatibility/node_modules/truffle/build/webpack:/packages/migrate/index.js:110:1)\n        at Object.run (/home/runner/work/neon-compatibility/neon-compatibility/node_modules/truffle/build/webpack:/packages/migrate/index.js:87:1)\n        at runMigrations (/home/runner/work/neon-compatibility/neon-compatibility/node_modules/truffle/build/webpack:/packages/core/lib/commands/migrate.js:258:1)\n        at Object.run (/home/runner/work/neon-compatibility/neon-compatibility/node_modules/truffle/build/webpack:/packages/core/lib/commands/migrate.js:223:1)\n        at Command.run (/home/runner/work/neon-compatibility/neon-compatibility/node_modules/truffle/build/webpack:/packages/core/lib/command.js:183:1)\n    Truffle v5.4.14 (core: 5.4.14)\n    Node v16.13.2\n    /home/runner/work/neon-compatibility/neon-compatibility",
        "time" : {
          "start" : 1643287302788,
          "stop" : 1643287319127,
          "duration" : 16339
        }
      }, {
        "uid" : "2dea46a5925df42b",
        "reportUrl" : "https://neonlabsorg.github.io/neon-compatibility/550//#testresult/2dea46a5925df42b",
        "status" : "failed",
        "statusDetails" : "AssertionError: assert 'Error:  ***...t Failed ***' not in '/home/runne...patibility\\n'\n  'Error:  *** Deployment Failed ***' is contained here:\n    --------\n    \n    Error:  *** Deployment Failed ***\n    \n    \"Migrations\" -- Cannot read properties of undefined (reading 'includes').\n    \n        at /home/runner/work/neon-compatibility/neon-compatibility/node_modules/truffle/build/webpack:/packages/deployer/src/deployment.js:365:1\n        at runNextTicks (node:internal/process/task_queues:61:5)\n        at listOnTimeout (node:internal/timers:526:9)\n        at processTimers (node:internal/timers:500:7)\n        at Migration._deploy (/home/runner/work/neon-compatibility/neon-compatibility/node_modules/truffle/build/webpack:/packages/migrate/Migration.js:70:1)\n        at Migration._load (/home/runner/work/neon-compatibility/neon-compatibility/node_modules/truffle/build/webpack:/packages/migrate/Migration.js:56:1)\n        at Migration.run (/home/runner/work/neon-compatibility/neon-compatibility/node_modules/truffle/build/webpack:/packages/migrate/Migration.js:217:1)\n        at Object.runMigrations (/home/runner/work/neon-compatibility/neon-compatibility/node_modules/truffle/build/webpack:/packages/migrate/index.js:150:1)\n        at Object.runFrom (/home/runner/work/neon-compatibility/neon-compatibility/node_modules/truffle/build/webpack:/packages/migrate/index.js:110:1)\n        at Object.run (/home/runner/work/neon-compatibility/neon-compatibility/node_modules/truffle/build/webpack:/packages/migrate/index.js:87:1)\n        at runMigrations (/home/runner/work/neon-compatibility/neon-compatibility/node_modules/truffle/build/webpack:/packages/core/lib/commands/migrate.js:258:1)\n        at Object.run (/home/runner/work/neon-compatibility/neon-compatibility/node_modules/truffle/build/webpack:/packages/core/lib/commands/migrate.js:223:1)\n        at Command.run (/home/runner/work/neon-compatibility/neon-compatibility/node_modules/truffle/build/webpack:/packages/core/lib/command.js:183:1)\n    Truffle v5.4.14 (core: 5.4.14)\n    Node v16.13.2\n    /home/runner/work/neon-compatibility/neon-compatibility",
        "time" : {
          "start" : 1643274801449,
          "stop" : 1643274821490,
          "duration" : 20041
        }
      }, {
        "uid" : "643a52c32799d789",
        "reportUrl" : "https://neonlabsorg.github.io/neon-compatibility/548//#testresult/643a52c32799d789",
        "status" : "passed",
        "time" : {
          "start" : 1643253796594,
          "stop" : 1643253821111,
          "duration" : 24517
        }
      }, {
        "uid" : "c06c62c13eb85c65",
        "reportUrl" : "https://neonlabsorg.github.io/neon-compatibility/547//#testresult/c06c62c13eb85c65",
        "status" : "failed",
        "statusDetails" : "AssertionError: assert \"message: 'ESOCKETTIMEDOUT'\" not in '/home/runne...eues:96:5)\\n'\n  \"message: 'ESOCKETTIMEDOUT'\" is contained here:\n    2603,\n        message: 'ESOCKETTIMEDOUT',\n        data: { originalError: [Object] },\n        stack: 'Error: ESOCKETTIMEDOUT\\n' +\n          '    at ClientRequest.<anonymous> (/home/runner/work/neon-compatibility/neon-compatibility/node_modules/request/request.js:816:19)\\n' +\n          '    at Object.onceWrapper (node:events:509:28)\\n' +\n          '    at ClientRequest.emit (node:events:390:28)\\n' +\n          '    at Socket.emitRequestTimeout (node:_http_client:763:9)\\n' +\n          '    at Object.onceWrapper (node:events:509:28)\\n' +\n          '    at Socket.emit (node:events:402:35)\\n' +\n          '    at Socket._onTimeout (node:net:501:8)\\n' +\n          '    at listOnTimeout (node:internal/timers:557:17)\\n' +\n          '    at processTimers (node:internal/timers:500:7)'\n      }\n    } {\n      code: -32603,\n      message: 'ESOCKETTIMEDOUT',\n      data: { originalError: { code: 'ESOCKETTIMEDOUT', connect: false } },\n      stack: 'Error: ESOCKETTIMEDOUT\\n' +\n        '    at ClientRequest.<anonymous> (/home/runner/work/neon-compatibility/neon-compatibility/node_modules/request/request.js:816:19)\\n' +\n        '    at Object.onceWrapper (node:events:509:28)\\n' +\n        '    at ClientRequest.emit (node:events:390:28)\\n' +\n        '    at Socket.emitRequestTimeout (node:_http_client:763:9)\\n' +\n        '    at Object.onceWrapper (node:events:509:28)\\n' +\n        '    at Socket.emit (node:events:402:35)\\n' +\n        '    at Socket._onTimeout (node:net:501:8)\\n' +\n        '    at listOnTimeout (node:internal/timers:557:17)\\n' +\n        '    at processTimers (node:internal/timers:500:7)'\n    }\n    Promise {\n      <rejected> {\n        code: -32603,\n        message: 'ESOCKETTIMEDOUT',\n        data: { originalError: [Object] },\n        stack: 'Error: ESOCKETTIMEDOUT\\n' +\n          '    at ClientRequest.<anonymous> (/home/runner/work/neon-compatibility/neon-compatibility/node_modules/request/request.js:816:19)\\n' +\n          '    at Object.onceWrapper (node:events:509:28)\\n' +\n          '    at ClientRequest.emit (node:events:390:28)\\n' +\n          '    at Socket.emitRequestTimeout (node:_http_client:763:9)\\n' +\n          '    at Object.onceWrapper (node:events:509:28)\\n' +\n          '    at Socket.emit (node:events:402:35)\\n' +\n          '    at Socket._onTimeout (node:net:501:8)\\n' +\n          '    at listOnTimeout (node:internal/timers:557:17)\\n' +\n          '    at processTimers (node:internal/timers:500:7)'\n      }\n    } {\n      code: -32603,\n      message: 'ESOCKETTIMEDOUT',\n      data: { originalError: { code: 'ESOCKETTIMEDOUT', connect: false } },\n      stack: 'Error: ESOCKETTIMEDOUT\\n' +\n        '    at ClientRequest.<anonymous> (/home/runner/work/neon-compatibility/neon-compatibility/node_modules/request/request.js:816:19)\\n' +\n        '    at Object.onceWrapper (node:events:509:28)\\n' +\n        '    at ClientRequest.emit (node:events:390:28)\\n' +\n        '    at Socket.emitRequestTimeout (node:_http_client:763:9)\\n' +\n        '    at Object.onceWrapper (node:events:509:28)\\n' +\n        '    at Socket.emit (node:events:402:35)\\n' +\n        '    at Socket._onTimeout (node:net:501:8)\\n' +\n        '    at listOnTimeout (node:internal/timers:557:17)\\n' +\n        '    at processTimers (node:internal/timers:500:7)'\n    }\n    Promise {\n      <rejected> {\n        code: -32603,\n        message: 'ESOCKETTIMEDOUT',\n        data: { originalError: [Object] },\n        stack: 'Error: ESOCKETTIMEDOUT\\n' +\n          '    at ClientRequest.<anonymous> (/home/runner/work/neon-compatibility/neon-compatibility/node_modules/request/request.js:816:19)\\n' +\n          '    at Object.onceWrapper (node:events:509:28)\\n' +\n          '    at ClientRequest.emit (node:events:390:28)\\n' +\n          '    at Socket.emitRequestTimeout (node:_http_client:763:9)\\n' +\n          '    at Object.onceWrapper (node:events:509:28)\\n' +\n          '    at Socket.emit (node:events:402:35)\\n' +\n          '    at Socket._onTimeout (node:net:501:8)\\n' +\n          '    at listOnTimeout (node:internal/timers:557:17)\\n' +\n          '    at processTimers (node:internal/timers:500:7)'\n      }\n    } {\n      code: -32603,\n      message: 'ESOCKETTIMEDOUT',\n      data: { originalError: { code: 'ESOCKETTIMEDOUT', connect: false } },\n      stack: 'Error: ESOCKETTIMEDOUT\\n' +\n        '    at ClientRequest.<anonymous> (/home/runner/work/neon-compatibility/neon-compatibility/node_modules/request/request.js:816:19)\\n' +\n        '    at Object.onceWrapper (node:events:509:28)\\n' +\n        '    at ClientRequest.emit (node:events:390:28)\\n' +\n        '    at Socket.emitRequestTimeout (node:_http_client:763:9)\\n' +\n        '    at Object.onceWrapper (node:events:509:28)\\n' +\n        '    at Socket.emit (node:events:402:35)\\n' +\n        '    at Socket._onTimeout (node:net:501:8)\\n' +\n        '    at listOnTimeout (node:internal/timers:557:17)\\n' +\n        '    at processTimers (node:internal/timers:500:7)'\n    }\n    Promise {\n      <rejected> {\n        code: -32603,\n        message: 'ESOCKETTIMEDOUT',\n        data: { originalError: [Object] },\n        stack: 'Error: ESOCKETTIMEDOUT\\n' +\n          '    at ClientRequest.<anonymous> (/home/runner/work/neon-compatibility/neon-compatibility/node_modules/request/request.js:816:19)\\n' +\n          '    at Object.onceWrapper (node:events:509:28)\\n' +\n          '    at ClientRequest.emit (node:events:390:28)\\n' +\n          '    at Socket.emitRequestTimeout (node:_http_client:763:9)\\n' +\n          '    at Object.onceWrapper (node:events:509:28)\\n' +\n          '    at Socket.emit (node:events:402:35)\\n' +\n          '    at Socket._onTimeout (node:net:501:8)\\n' +\n          '    at listOnTimeout (node:internal/timers:557:17)\\n' +\n          '    at processTimers (node:internal/timers:500:7)'\n      }\n    } {\n      code: -32603,\n      message: 'ESOCKETTIMEDOUT',\n      data: { originalError: { code: 'ESOCKETTIMEDOUT', connect: false } },\n      stack: 'Error: ESOCKETTIMEDOUT\\n' +\n        '    at ClientRequest.<anonymous> (/home/runner/work/neon-compatibility/neon-compatibility/node_modules/request/request.js:816:19)\\n' +\n        '    at Object.onceWrapper (node:events:509:28)\\n' +\n        '    at ClientRequest.emit (node:events:390:28)\\n' +\n        '    at Socket.emitRequestTimeout (node:_http_client:763:9)\\n' +\n        '    at Object.onceWrapper (node:events:509:28)\\n' +\n        '    at Socket.emit (node:events:402:35)\\n' +\n        '    at Socket._onTimeout (node:net:501:8)\\n' +\n        '    at listOnTimeout (node:internal/timers:557:17)\\n' +\n        '    at processTimers (node:internal/timers:500:7)'\n    }\n    /home/runner/work/neon-compatibility/neon-compatibility\n    - Fetching solc version list from solc-bin. Attempt #1\n    ✔ Downloading compiler. Attempt #1.\n    \n    /home/runner/work/neon-compatibility/neon-compatibility/node_modules/request/request.js:816\n              var e = new Error('ESOCKETTIMEDOUT')\n                      ^\n    Error: PollingBlockTracker - encountered an error while attempting to update latest block:\n    Error: ESOCKETTIMEDOUT\n        at ClientRequest.<anonymous> (/home/runner/work/neon-compatibility/neon-compatibility/node_modules/request/request.js:816:19)\n        at Object.onceWrapper (node:events:509:28)\n        at ClientRequest.emit (node:events:390:28)\n        at Socket.emitRequestTimeout (node:_http_client:763:9)\n        at Object.onceWrapper (node:events:509:28)\n        at Socket.emit (node:events:402:35)\n        at Socket._onTimeout (node:net:501:8)\n        at listOnTimeout (node:internal/timers:557:17)\n        at processTimers (node:internal/timers:500:7)\n        at PollingBlockTracker._performSync (/home/runner/work/neon-compatibility/neon-compatibility/node_modules/eth-block-tracker/src/polling.js:51:24)\n        at processTicksAndRejections (node:internal/process/task_queues:96:5)",
        "time" : {
          "start" : 1643253001559,
          "stop" : 1643253024714,
          "duration" : 23155
        }
      }, {
        "uid" : "8f4013c8176f9172",
        "reportUrl" : "https://neonlabsorg.github.io/neon-compatibility/546//#testresult/8f4013c8176f9172",
        "status" : "passed",
        "time" : {
          "start" : 1643244262693,
          "stop" : 1643244293764,
          "duration" : 31071
        }
      }, {
        "uid" : "8f56dbc0cd64a442",
        "reportUrl" : "https://neonlabsorg.github.io/neon-compatibility/544//#testresult/8f56dbc0cd64a442",
        "status" : "failed",
        "statusDetails" : "AssertionError: assert \"message: 'ESOCKETTIMEDOUT'\" not in '/home/runne...ers:500:7)\\n'\n  \"message: 'ESOCKETTIMEDOUT'\" is contained here:\n    2603,\n        message: 'ESOCKETTIMEDOUT',\n        data: { originalError: [Object] },\n        stack: 'Error: ESOCKETTIMEDOUT\\n' +\n          '    at ClientRequest.<anonymous> (/home/runner/work/neon-compatibility/neon-compatibility/node_modules/request/request.js:816:19)\\n' +\n          '    at Object.onceWrapper (node:events:509:28)\\n' +\n          '    at ClientRequest.emit (node:events:390:28)\\n' +\n          '    at Socket.emitRequestTimeout (node:_http_client:763:9)\\n' +\n          '    at Object.onceWrapper (node:events:509:28)\\n' +\n          '    at Socket.emit (node:events:402:35)\\n' +\n          '    at Socket._onTimeout (node:net:501:8)\\n' +\n          '    at listOnTimeout (node:internal/timers:557:17)\\n' +\n          '    at processTimers (node:internal/timers:500:7)'\n      }\n    } {\n      code: -32603,\n      message: 'ESOCKETTIMEDOUT',\n      data: { originalError: { code: 'ESOCKETTIMEDOUT', connect: false } },\n      stack: 'Error: ESOCKETTIMEDOUT\\n' +\n        '    at ClientRequest.<anonymous> (/home/runner/work/neon-compatibility/neon-compatibility/node_modules/request/request.js:816:19)\\n' +\n        '    at Object.onceWrapper (node:events:509:28)\\n' +\n        '    at ClientRequest.emit (node:events:390:28)\\n' +\n        '    at Socket.emitRequestTimeout (node:_http_client:763:9)\\n' +\n        '    at Object.onceWrapper (node:events:509:28)\\n' +\n        '    at Socket.emit (node:events:402:35)\\n' +\n        '    at Socket._onTimeout (node:net:501:8)\\n' +\n        '    at listOnTimeout (node:internal/timers:557:17)\\n' +\n        '    at processTimers (node:internal/timers:500:7)'\n    }\n    Promise {\n      <rejected> {\n        code: -32603,\n        message: 'ESOCKETTIMEDOUT',\n        data: { originalError: [Object] },\n        stack: 'Error: ESOCKETTIMEDOUT\\n' +\n          '    at ClientRequest.<anonymous> (/home/runner/work/neon-compatibility/neon-compatibility/node_modules/request/request.js:816:19)\\n' +\n          '    at Object.onceWrapper (node:events:509:28)\\n' +\n          '    at ClientRequest.emit (node:events:390:28)\\n' +\n          '    at Socket.emitRequestTimeout (node:_http_client:763:9)\\n' +\n          '    at Object.onceWrapper (node:events:509:28)\\n' +\n          '    at Socket.emit (node:events:402:35)\\n' +\n          '    at Socket._onTimeout (node:net:501:8)\\n' +\n          '    at listOnTimeout (node:internal/timers:557:17)\\n' +\n          '    at processTimers (node:internal/timers:500:7)'\n      }\n    } {\n      code: -32603,\n      message: 'ESOCKETTIMEDOUT',\n      data: { originalError: { code: 'ESOCKETTIMEDOUT', connect: false } },\n      stack: 'Error: ESOCKETTIMEDOUT\\n' +\n        '    at ClientRequest.<anonymous> (/home/runner/work/neon-compatibility/neon-compatibility/node_modules/request/request.js:816:19)\\n' +\n        '    at Object.onceWrapper (node:events:509:28)\\n' +\n        '    at ClientRequest.emit (node:events:390:28)\\n' +\n        '    at Socket.emitRequestTimeout (node:_http_client:763:9)\\n' +\n        '    at Object.onceWrapper (node:events:509:28)\\n' +\n        '    at Socket.emit (node:events:402:35)\\n' +\n        '    at Socket._onTimeout (node:net:501:8)\\n' +\n        '    at listOnTimeout (node:internal/timers:557:17)\\n' +\n        '    at processTimers (node:internal/timers:500:7)'\n    }\n    Promise {\n      <rejected> {\n        code: -32603,\n        message: 'ESOCKETTIMEDOUT',\n        data: { originalError: [Object] },\n        stack: 'Error: ESOCKETTIMEDOUT\\n' +\n          '    at ClientRequest.<anonymous> (/home/runner/work/neon-compatibility/neon-compatibility/node_modules/request/request.js:816:19)\\n' +\n          '    at Object.onceWrapper (node:events:509:28)\\n' +\n          '    at ClientRequest.emit (node:events:390:28)\\n' +\n          '    at Socket.emitRequestTimeout (node:_http_client:763:9)\\n' +\n          '    at Object.onceWrapper (node:events:509:28)\\n' +\n          '    at Socket.emit (node:events:402:35)\\n' +\n          '    at Socket._onTimeout (node:net:501:8)\\n' +\n          '    at listOnTimeout (node:internal/timers:557:17)\\n' +\n          '    at processTimers (node:internal/timers:500:7)'\n      }\n    } {\n      code: -32603,\n      message: 'ESOCKETTIMEDOUT',\n      data: { originalError: { code: 'ESOCKETTIMEDOUT', connect: false } },\n      stack: 'Error: ESOCKETTIMEDOUT\\n' +\n        '    at ClientRequest.<anonymous> (/home/runner/work/neon-compatibility/neon-compatibility/node_modules/request/request.js:816:19)\\n' +\n        '    at Object.onceWrapper (node:events:509:28)\\n' +\n        '    at ClientRequest.emit (node:events:390:28)\\n' +\n        '    at Socket.emitRequestTimeout (node:_http_client:763:9)\\n' +\n        '    at Object.onceWrapper (node:events:509:28)\\n' +\n        '    at Socket.emit (node:events:402:35)\\n' +\n        '    at Socket._onTimeout (node:net:501:8)\\n' +\n        '    at listOnTimeout (node:internal/timers:557:17)\\n' +\n        '    at processTimers (node:internal/timers:500:7)'\n    }\n    Promise {\n      <rejected> {\n        code: -32603,\n        message: 'ESOCKETTIMEDOUT',\n        data: { originalError: [Object] },\n        stack: 'Error: ESOCKETTIMEDOUT\\n' +\n          '    at ClientRequest.<anonymous> (/home/runner/work/neon-compatibility/neon-compatibility/node_modules/request/request.js:816:19)\\n' +\n          '    at Object.onceWrapper (node:events:509:28)\\n' +\n          '    at ClientRequest.emit (node:events:390:28)\\n' +\n          '    at Socket.emitRequestTimeout (node:_http_client:763:9)\\n' +\n          '    at Object.onceWrapper (node:events:509:28)\\n' +\n          '    at Socket.emit (node:events:402:35)\\n' +\n          '    at Socket._onTimeout (node:net:501:8)\\n' +\n          '    at listOnTimeout (node:internal/timers:557:17)\\n' +\n          '    at processTimers (node:internal/timers:500:7)'\n      }\n    } {\n      code: -32603,\n      message: 'ESOCKETTIMEDOUT',\n      data: { originalError: { code: 'ESOCKETTIMEDOUT', connect: false } },\n      stack: 'Error: ESOCKETTIMEDOUT\\n' +\n        '    at ClientRequest.<anonymous> (/home/runner/work/neon-compatibility/neon-compatibility/node_modules/request/request.js:816:19)\\n' +\n        '    at Object.onceWrapper (node:events:509:28)\\n' +\n        '    at ClientRequest.emit (node:events:390:28)\\n' +\n        '    at Socket.emitRequestTimeout (node:_http_client:763:9)\\n' +\n        '    at Object.onceWrapper (node:events:509:28)\\n' +\n        '    at Socket.emit (node:events:402:35)\\n' +\n        '    at Socket._onTimeout (node:net:501:8)\\n' +\n        '    at listOnTimeout (node:internal/timers:557:17)\\n' +\n        '    at processTimers (node:internal/timers:500:7)'\n    }\n    /home/runner/work/neon-compatibility/neon-compatibility\n    - Fetching solc version list from solc-bin. Attempt #1\n    ✔ Downloading compiler. Attempt #1.\n    \n    /home/runner/work/neon-compatibility/neon-compatibility/node_modules/request/request.js:816\n              var e = new Error('ESOCKETTIMEDOUT')\n                      ^\n    Error: PollingBlockTracker - encountered an error while attempting to update latest block:\n    Error: ESOCKETTIMEDOUT\n        at ClientRequest.<anonymous> (/home/runner/work/neon-compatibility/neon-compatibility/node_modules/request/request.js:816:19)\n        at Object.onceWrapper (node:events:509:28)\n        at ClientRequest.emit (node:events:390:28)\n        at Socket.emitRequestTimeout (node:_http_client:763:9)\n        at Object.onceWrapper (node:events:509:28)\n        at Socket.emit (node:events:402:35)\n        at Socket._onTimeout (node:net:501:8)\n        at listOnTimeout (node:internal/timers:557:17)\n        at processTimers (node:internal/timers:500:7)\n        at PollingBlockTracker._performSync (/home/runner/work/neon-compatibility/neon-compatibility/node_modules/eth-block-tracker/src/polling.js:51:24)\n        at processTicksAndRejections (node:internal/process/task_queues:96:5)\n        at runNextTicks (node:internal/process/task_queues:65:3)\n        at listOnTimeout (node:internal/timers:526:9)\n        at processTimers (node:internal/timers:500:7)",
        "time" : {
          "start" : 1643200370955,
          "stop" : 1643200394622,
          "duration" : 23667
        }
      }, {
        "uid" : "bafe36a60bd88aa6",
        "reportUrl" : "https://neonlabsorg.github.io/neon-compatibility/542//#testresult/bafe36a60bd88aa6",
        "status" : "failed",
        "statusDetails" : "AssertionError: assert \"message: 'ESOCKETTIMEDOUT'\" not in '/home/runne...ers:500:7)\\n'\n  \"message: 'ESOCKETTIMEDOUT'\" is contained here:\n    2603,\n        message: 'ESOCKETTIMEDOUT',\n        data: { originalError: [Object] },\n        stack: 'Error: ESOCKETTIMEDOUT\\n' +\n          '    at ClientRequest.<anonymous> (/home/runner/work/neon-compatibility/neon-compatibility/node_modules/request/request.js:816:19)\\n' +\n          '    at Object.onceWrapper (node:events:509:28)\\n' +\n          '    at ClientRequest.emit (node:events:390:28)\\n' +\n          '    at Socket.emitRequestTimeout (node:_http_client:763:9)\\n' +\n          '    at Object.onceWrapper (node:events:509:28)\\n' +\n          '    at Socket.emit (node:events:402:35)\\n' +\n          '    at Socket._onTimeout (node:net:501:8)\\n' +\n          '    at listOnTimeout (node:internal/timers:557:17)\\n' +\n          '    at processTimers (node:internal/timers:500:7)'\n      }\n    } {\n      code: -32603,\n      message: 'ESOCKETTIMEDOUT',\n      data: { originalError: { code: 'ESOCKETTIMEDOUT', connect: false } },\n      stack: 'Error: ESOCKETTIMEDOUT\\n' +\n        '    at ClientRequest.<anonymous> (/home/runner/work/neon-compatibility/neon-compatibility/node_modules/request/request.js:816:19)\\n' +\n        '    at Object.onceWrapper (node:events:509:28)\\n' +\n        '    at ClientRequest.emit (node:events:390:28)\\n' +\n        '    at Socket.emitRequestTimeout (node:_http_client:763:9)\\n' +\n        '    at Object.onceWrapper (node:events:509:28)\\n' +\n        '    at Socket.emit (node:events:402:35)\\n' +\n        '    at Socket._onTimeout (node:net:501:8)\\n' +\n        '    at listOnTimeout (node:internal/timers:557:17)\\n' +\n        '    at processTimers (node:internal/timers:500:7)'\n    }\n    Promise {\n      <rejected> {\n        code: -32603,\n        message: 'ESOCKETTIMEDOUT',\n        data: { originalError: [Object] },\n        stack: 'Error: ESOCKETTIMEDOUT\\n' +\n          '    at ClientRequest.<anonymous> (/home/runner/work/neon-compatibility/neon-compatibility/node_modules/request/request.js:816:19)\\n' +\n          '    at Object.onceWrapper (node:events:509:28)\\n' +\n          '    at ClientRequest.emit (node:events:390:28)\\n' +\n          '    at Socket.emitRequestTimeout (node:_http_client:763:9)\\n' +\n          '    at Object.onceWrapper (node:events:509:28)\\n' +\n          '    at Socket.emit (node:events:402:35)\\n' +\n          '    at Socket._onTimeout (node:net:501:8)\\n' +\n          '    at listOnTimeout (node:internal/timers:557:17)\\n' +\n          '    at processTimers (node:internal/timers:500:7)'\n      }\n    } {\n      code: -32603,\n      message: 'ESOCKETTIMEDOUT',\n      data: { originalError: { code: 'ESOCKETTIMEDOUT', connect: false } },\n      stack: 'Error: ESOCKETTIMEDOUT\\n' +\n        '    at ClientRequest.<anonymous> (/home/runner/work/neon-compatibility/neon-compatibility/node_modules/request/request.js:816:19)\\n' +\n        '    at Object.onceWrapper (node:events:509:28)\\n' +\n        '    at ClientRequest.emit (node:events:390:28)\\n' +\n        '    at Socket.emitRequestTimeout (node:_http_client:763:9)\\n' +\n        '    at Object.onceWrapper (node:events:509:28)\\n' +\n        '    at Socket.emit (node:events:402:35)\\n' +\n        '    at Socket._onTimeout (node:net:501:8)\\n' +\n        '    at listOnTimeout (node:internal/timers:557:17)\\n' +\n        '    at processTimers (node:internal/timers:500:7)'\n    }\n    Promise {\n      <rejected> {\n        code: -32603,\n        message: 'ESOCKETTIMEDOUT',\n        data: { originalError: [Object] },\n        stack: 'Error: ESOCKETTIMEDOUT\\n' +\n          '    at ClientRequest.<anonymous> (/home/runner/work/neon-compatibility/neon-compatibility/node_modules/request/request.js:816:19)\\n' +\n          '    at Object.onceWrapper (node:events:509:28)\\n' +\n          '    at ClientRequest.emit (node:events:390:28)\\n' +\n          '    at Socket.emitRequestTimeout (node:_http_client:763:9)\\n' +\n          '    at Object.onceWrapper (node:events:509:28)\\n' +\n          '    at Socket.emit (node:events:402:35)\\n' +\n          '    at Socket._onTimeout (node:net:501:8)\\n' +\n          '    at listOnTimeout (node:internal/timers:557:17)\\n' +\n          '    at processTimers (node:internal/timers:500:7)'\n      }\n    } {\n      code: -32603,\n      message: 'ESOCKETTIMEDOUT',\n      data: { originalError: { code: 'ESOCKETTIMEDOUT', connect: false } },\n      stack: 'Error: ESOCKETTIMEDOUT\\n' +\n        '    at ClientRequest.<anonymous> (/home/runner/work/neon-compatibility/neon-compatibility/node_modules/request/request.js:816:19)\\n' +\n        '    at Object.onceWrapper (node:events:509:28)\\n' +\n        '    at ClientRequest.emit (node:events:390:28)\\n' +\n        '    at Socket.emitRequestTimeout (node:_http_client:763:9)\\n' +\n        '    at Object.onceWrapper (node:events:509:28)\\n' +\n        '    at Socket.emit (node:events:402:35)\\n' +\n        '    at Socket._onTimeout (node:net:501:8)\\n' +\n        '    at listOnTimeout (node:internal/timers:557:17)\\n' +\n        '    at processTimers (node:internal/timers:500:7)'\n    }\n    Promise {\n      <rejected> {\n        code: -32603,\n        message: 'ESOCKETTIMEDOUT',\n        data: { originalError: [Object] },\n        stack: 'Error: ESOCKETTIMEDOUT\\n' +\n          '    at ClientRequest.<anonymous> (/home/runner/work/neon-compatibility/neon-compatibility/node_modules/request/request.js:816:19)\\n' +\n          '    at Object.onceWrapper (node:events:509:28)\\n' +\n          '    at ClientRequest.emit (node:events:390:28)\\n' +\n          '    at Socket.emitRequestTimeout (node:_http_client:763:9)\\n' +\n          '    at Object.onceWrapper (node:events:509:28)\\n' +\n          '    at Socket.emit (node:events:402:35)\\n' +\n          '    at Socket._onTimeout (node:net:501:8)\\n' +\n          '    at listOnTimeout (node:internal/timers:557:17)\\n' +\n          '    at processTimers (node:internal/timers:500:7)'\n      }\n    } {\n      code: -32603,\n      message: 'ESOCKETTIMEDOUT',\n      data: { originalError: { code: 'ESOCKETTIMEDOUT', connect: false } },\n      stack: 'Error: ESOCKETTIMEDOUT\\n' +\n        '    at ClientRequest.<anonymous> (/home/runner/work/neon-compatibility/neon-compatibility/node_modules/request/request.js:816:19)\\n' +\n        '    at Object.onceWrapper (node:events:509:28)\\n' +\n        '    at ClientRequest.emit (node:events:390:28)\\n' +\n        '    at Socket.emitRequestTimeout (node:_http_client:763:9)\\n' +\n        '    at Object.onceWrapper (node:events:509:28)\\n' +\n        '    at Socket.emit (node:events:402:35)\\n' +\n        '    at Socket._onTimeout (node:net:501:8)\\n' +\n        '    at listOnTimeout (node:internal/timers:557:17)\\n' +\n        '    at processTimers (node:internal/timers:500:7)'\n    }\n    /home/runner/work/neon-compatibility/neon-compatibility\n    - Fetching solc version list from solc-bin. Attempt #1\n    ✔ Downloading compiler. Attempt #1.\n    \n    /home/runner/work/neon-compatibility/neon-compatibility/node_modules/request/request.js:816\n              var e = new Error('ESOCKETTIMEDOUT')\n                      ^\n    Error: PollingBlockTracker - encountered an error while attempting to update latest block:\n    Error: ESOCKETTIMEDOUT\n        at ClientRequest.<anonymous> (/home/runner/work/neon-compatibility/neon-compatibility/node_modules/request/request.js:816:19)\n        at Object.onceWrapper (node:events:509:28)\n        at ClientRequest.emit (node:events:390:28)\n        at Socket.emitRequestTimeout (node:_http_client:763:9)\n        at Object.onceWrapper (node:events:509:28)\n        at Socket.emit (node:events:402:35)\n        at Socket._onTimeout (node:net:501:8)\n        at listOnTimeout (node:internal/timers:557:17)\n        at processTimers (node:internal/timers:500:7)\n        at PollingBlockTracker._performSync (/home/runner/work/neon-compatibility/neon-compatibility/node_modules/eth-block-tracker/src/polling.js:51:24)\n        at processTicksAndRejections (node:internal/process/task_queues:96:5)\n        at runNextTicks (node:internal/process/task_queues:65:3)\n        at listOnTimeout (node:internal/timers:526:9)\n        at processTimers (node:internal/timers:500:7)",
        "time" : {
          "start" : 1643198635583,
          "stop" : 1643198658785,
          "duration" : 23202
        }
      }, {
        "uid" : "d44fc7cc295b962e",
        "reportUrl" : "https://neonlabsorg.github.io/neon-compatibility/541//#testresult/d44fc7cc295b962e",
        "status" : "failed",
        "statusDetails" : "AssertionError: assert \"message: 'ESOCKETTIMEDOUT'\" not in '/home/runne...ers:500:7)\\n'\n  \"message: 'ESOCKETTIMEDOUT'\" is contained here:\n    2603,\n        message: 'ESOCKETTIMEDOUT',\n        data: { originalError: [Object] },\n        stack: 'Error: ESOCKETTIMEDOUT\\n' +\n          '    at ClientRequest.<anonymous> (/home/runner/work/neon-compatibility/neon-compatibility/node_modules/request/request.js:816:19)\\n' +\n          '    at Object.onceWrapper (node:events:509:28)\\n' +\n          '    at ClientRequest.emit (node:events:390:28)\\n' +\n          '    at Socket.emitRequestTimeout (node:_http_client:763:9)\\n' +\n          '    at Object.onceWrapper (node:events:509:28)\\n' +\n          '    at Socket.emit (node:events:402:35)\\n' +\n          '    at Socket._onTimeout (node:net:501:8)\\n' +\n          '    at listOnTimeout (node:internal/timers:557:17)\\n' +\n          '    at processTimers (node:internal/timers:500:7)'\n      }\n    } {\n      code: -32603,\n      message: 'ESOCKETTIMEDOUT',\n      data: { originalError: { code: 'ESOCKETTIMEDOUT', connect: false } },\n      stack: 'Error: ESOCKETTIMEDOUT\\n' +\n        '    at ClientRequest.<anonymous> (/home/runner/work/neon-compatibility/neon-compatibility/node_modules/request/request.js:816:19)\\n' +\n        '    at Object.onceWrapper (node:events:509:28)\\n' +\n        '    at ClientRequest.emit (node:events:390:28)\\n' +\n        '    at Socket.emitRequestTimeout (node:_http_client:763:9)\\n' +\n        '    at Object.onceWrapper (node:events:509:28)\\n' +\n        '    at Socket.emit (node:events:402:35)\\n' +\n        '    at Socket._onTimeout (node:net:501:8)\\n' +\n        '    at listOnTimeout (node:internal/timers:557:17)\\n' +\n        '    at processTimers (node:internal/timers:500:7)'\n    }\n    Promise {\n      <rejected> {\n        code: -32603,\n        message: 'ESOCKETTIMEDOUT',\n        data: { originalError: [Object] },\n        stack: 'Error: ESOCKETTIMEDOUT\\n' +\n          '    at ClientRequest.<anonymous> (/home/runner/work/neon-compatibility/neon-compatibility/node_modules/request/request.js:816:19)\\n' +\n          '    at Object.onceWrapper (node:events:509:28)\\n' +\n          '    at ClientRequest.emit (node:events:390:28)\\n' +\n          '    at Socket.emitRequestTimeout (node:_http_client:763:9)\\n' +\n          '    at Object.onceWrapper (node:events:509:28)\\n' +\n          '    at Socket.emit (node:events:402:35)\\n' +\n          '    at Socket._onTimeout (node:net:501:8)\\n' +\n          '    at listOnTimeout (node:internal/timers:557:17)\\n' +\n          '    at processTimers (node:internal/timers:500:7)'\n      }\n    } {\n      code: -32603,\n      message: 'ESOCKETTIMEDOUT',\n      data: { originalError: { code: 'ESOCKETTIMEDOUT', connect: false } },\n      stack: 'Error: ESOCKETTIMEDOUT\\n' +\n        '    at ClientRequest.<anonymous> (/home/runner/work/neon-compatibility/neon-compatibility/node_modules/request/request.js:816:19)\\n' +\n        '    at Object.onceWrapper (node:events:509:28)\\n' +\n        '    at ClientRequest.emit (node:events:390:28)\\n' +\n        '    at Socket.emitRequestTimeout (node:_http_client:763:9)\\n' +\n        '    at Object.onceWrapper (node:events:509:28)\\n' +\n        '    at Socket.emit (node:events:402:35)\\n' +\n        '    at Socket._onTimeout (node:net:501:8)\\n' +\n        '    at listOnTimeout (node:internal/timers:557:17)\\n' +\n        '    at processTimers (node:internal/timers:500:7)'\n    }\n    Promise {\n      <rejected> {\n        code: -32603,\n        message: 'ESOCKETTIMEDOUT',\n        data: { originalError: [Object] },\n        stack: 'Error: ESOCKETTIMEDOUT\\n' +\n          '    at ClientRequest.<anonymous> (/home/runner/work/neon-compatibility/neon-compatibility/node_modules/request/request.js:816:19)\\n' +\n          '    at Object.onceWrapper (node:events:509:28)\\n' +\n          '    at ClientRequest.emit (node:events:390:28)\\n' +\n          '    at Socket.emitRequestTimeout (node:_http_client:763:9)\\n' +\n          '    at Object.onceWrapper (node:events:509:28)\\n' +\n          '    at Socket.emit (node:events:402:35)\\n' +\n          '    at Socket._onTimeout (node:net:501:8)\\n' +\n          '    at listOnTimeout (node:internal/timers:557:17)\\n' +\n          '    at processTimers (node:internal/timers:500:7)'\n      }\n    } {\n      code: -32603,\n      message: 'ESOCKETTIMEDOUT',\n      data: { originalError: { code: 'ESOCKETTIMEDOUT', connect: false } },\n      stack: 'Error: ESOCKETTIMEDOUT\\n' +\n        '    at ClientRequest.<anonymous> (/home/runner/work/neon-compatibility/neon-compatibility/node_modules/request/request.js:816:19)\\n' +\n        '    at Object.onceWrapper (node:events:509:28)\\n' +\n        '    at ClientRequest.emit (node:events:390:28)\\n' +\n        '    at Socket.emitRequestTimeout (node:_http_client:763:9)\\n' +\n        '    at Object.onceWrapper (node:events:509:28)\\n' +\n        '    at Socket.emit (node:events:402:35)\\n' +\n        '    at Socket._onTimeout (node:net:501:8)\\n' +\n        '    at listOnTimeout (node:internal/timers:557:17)\\n' +\n        '    at processTimers (node:internal/timers:500:7)'\n    }\n    /home/runner/work/neon-compatibility/neon-compatibility\n    - Fetching solc version list from solc-bin. Attempt #1\n    ✔ Downloading compiler. Attempt #1.\n    \n    /home/runner/work/neon-compatibility/neon-compatibility/node_modules/request/request.js:816\n              var e = new Error('ESOCKETTIMEDOUT')\n                      ^\n    Error: PollingBlockTracker - encountered an error while attempting to update latest block:\n    Error: ESOCKETTIMEDOUT\n        at ClientRequest.<anonymous> (/home/runner/work/neon-compatibility/neon-compatibility/node_modules/request/request.js:816:19)\n        at Object.onceWrapper (node:events:509:28)\n        at ClientRequest.emit (node:events:390:28)\n        at Socket.emitRequestTimeout (node:_http_client:763:9)\n        at Object.onceWrapper (node:events:509:28)\n        at Socket.emit (node:events:402:35)\n        at Socket._onTimeout (node:net:501:8)\n        at listOnTimeout (node:internal/timers:557:17)\n        at processTimers (node:internal/timers:500:7)\n        at PollingBlockTracker._performSync (/home/runner/work/neon-compatibility/neon-compatibility/node_modules/eth-block-tracker/src/polling.js:51:24)\n        at processTicksAndRejections (node:internal/process/task_queues:96:5)\n        at runNextTicks (node:internal/process/task_queues:65:3)\n        at listOnTimeout (node:internal/timers:526:9)\n        at processTimers (node:internal/timers:500:7)",
        "time" : {
          "start" : 1643190985572,
          "stop" : 1643191009642,
          "duration" : 24070
        }
      }, {
        "uid" : "898eee9c7588b4b5",
        "reportUrl" : "https://neonlabsorg.github.io/neon-compatibility/530//#testresult/898eee9c7588b4b5",
        "status" : "passed",
        "time" : {
          "start" : 1642776870755,
          "stop" : 1642776893761,
          "duration" : 23006
        }
      }, {
        "uid" : "56c299f954620401",
        "reportUrl" : "https://neonlabsorg.github.io/neon-compatibility/529//#testresult/56c299f954620401",
        "status" : "failed",
        "statusDetails" : "AssertionError: assert 'Error:  ***...t Failed ***' not in '/home/runne...patibility\\n'\n  'Error:  *** Deployment Failed ***' is contained here:\n    --------\n    \n    Error:  *** Deployment Failed ***\n    \n    \"Migrations\" could not deploy due to insufficient funds\n       * Account:  0xdd15DF0753a54F04093C768ea381DB5888A53364\n       * Balance:  0 wei\n       * Message:  ['Program 53DfF883gyixYNXnM7s5xhdeyV8mVk9T4i2hGV9vG9io invoke [1]', 'Program log: program/src/storage_account.rs:76', 'Program log: program/src/token.rs:330 : there is no enough funds to start executing the transaction; gas_limit = 3000000; gas_price = 1000000000; gas_used_and_paid = 0; user_balance = 0;', 'Program 53DfF883gyixYNXnM7s5xhdeyV8mVk9T4i2hGV9vG9io consumed 42899 of 500000 compute units', 'Program 53DfF883gyixYNXnM7s5xhdeyV8mVk9T4i2hGV9vG9io failed: insufficient funds for instruction', 'Program 53DfF883gyixYNXnM7s5xhdeyV8mVk9T4i2hGV9vG9io invoke [1]', 'Program log: program/src/storage_account.rs:76', 'Program log: program/src/token.rs:330 : there is no enough funds to start executing the transaction; gas_limit = 3000000; gas_price = 1000000000; gas_used_and_paid = 0; user_balance = 0;', 'Program 53DfF883gyixYNXnM7s5xhdeyV8mVk9T4i2hGV9vG9io consumed 42899 of 500000 compute units', 'Program 53DfF883gyixYNXnM7s5xhdeyV8mVk9T4i2hGV9vG9io failed: insufficient funds for instruction']\n       * Try:\n          + Using an adequately funded account\n          + If you are using a local Geth node, verify that your node is synced.\n    \n        at /home/runner/work/neon-compatibility/neon-compatibility/node_modules/truffle/build/webpack:/packages/deployer/src/deployment.js:365:1\n        at processTicksAndRejections (node:internal/process/task_queues:96:5)\n        at Migration._deploy (/home/runner/work/neon-compatibility/neon-compatibility/node_modules/truffle/build/webpack:/packages/migrate/Migration.js:70:1)\n        at Migration._load (/home/runner/work/neon-compatibility/neon-compatibility/node_modules/truffle/build/webpack:/packages/migrate/Migration.js:56:1)\n        at Migration.run (/home/runner/work/neon-compatibility/neon-compatibility/node_modules/truffle/build/webpack:/packages/migrate/Migration.js:217:1)\n        at Object.runMigrations (/home/runner/work/neon-compatibility/neon-compatibility/node_modules/truffle/build/webpack:/packages/migrate/index.js:150:1)\n        at Object.runFrom (/home/runner/work/neon-compatibility/neon-compatibility/node_modules/truffle/build/webpack:/packages/migrate/index.js:110:1)\n        at Object.run (/home/runner/work/neon-compatibility/neon-compatibility/node_modules/truffle/build/webpack:/packages/migrate/index.js:87:1)\n        at runMigrations (/home/runner/work/neon-compatibility/neon-compatibility/node_modules/truffle/build/webpack:/packages/core/lib/commands/migrate.js:258:1)\n        at Object.run (/home/runner/work/neon-compatibility/neon-compatibility/node_modules/truffle/build/webpack:/packages/core/lib/commands/migrate.js:223:1)\n        at Command.run (/home/runner/work/neon-compatibility/neon-compatibility/node_modules/truffle/build/webpack:/packages/core/lib/command.js:183:1)\n    Truffle v5.4.14 (core: 5.4.14)\n    Node v16.13.2\n    /home/runner/work/neon-compatibility/neon-compatibility",
        "time" : {
          "start" : 1642772358784,
          "stop" : 1642772377393,
          "duration" : 18609
        }
      }, {
        "uid" : "3cb6da6d5611562f",
        "reportUrl" : "https://neonlabsorg.github.io/neon-compatibility/528//#testresult/3cb6da6d5611562f",
        "status" : "failed",
        "statusDetails" : "AssertionError: assert 'Error:  ***...t Failed ***' not in '/home/runne...patibility\\n'\n  'Error:  *** Deployment Failed ***' is contained here:\n    --------\n    \n    Error:  *** Deployment Failed ***\n    \n    \"Migrations\" could not deploy due to insufficient funds\n       * Account:  0x733B2aa917e344112903DE2e100c2BF537C66e8A\n       * Balance:  0 wei\n       * Message:  ['Program 53DfF883gyixYNXnM7s5xhdeyV8mVk9T4i2hGV9vG9io invoke [1]', 'Program log: program/src/storage_account.rs:76', 'Program log: program/src/token.rs:330 : there is no enough funds to start executing the transaction; gas_limit = 3000000; gas_price = 1000000000; gas_used_and_paid = 0; user_balance = 0;', 'Program 53DfF883gyixYNXnM7s5xhdeyV8mVk9T4i2hGV9vG9io consumed 42899 of 500000 compute units', 'Program 53DfF883gyixYNXnM7s5xhdeyV8mVk9T4i2hGV9vG9io failed: insufficient funds for instruction', 'Program 53DfF883gyixYNXnM7s5xhdeyV8mVk9T4i2hGV9vG9io invoke [1]', 'Program log: program/src/storage_account.rs:76', 'Program log: program/src/token.rs:330 : there is no enough funds to start executing the transaction; gas_limit = 3000000; gas_price = 1000000000; gas_used_and_paid = 0; user_balance = 0;', 'Program 53DfF883gyixYNXnM7s5xhdeyV8mVk9T4i2hGV9vG9io consumed 42899 of 500000 compute units', 'Program 53DfF883gyixYNXnM7s5xhdeyV8mVk9T4i2hGV9vG9io failed: insufficient funds for instruction']\n       * Try:\n          + Using an adequately funded account\n          + If you are using a local Geth node, verify that your node is synced.\n    \n        at /home/runner/work/neon-compatibility/neon-compatibility/node_modules/truffle/build/webpack:/packages/deployer/src/deployment.js:365:1\n        at processTicksAndRejections (node:internal/process/task_queues:96:5)\n        at Migration._deploy (/home/runner/work/neon-compatibility/neon-compatibility/node_modules/truffle/build/webpack:/packages/migrate/Migration.js:70:1)\n        at Migration._load (/home/runner/work/neon-compatibility/neon-compatibility/node_modules/truffle/build/webpack:/packages/migrate/Migration.js:56:1)\n        at Migration.run (/home/runner/work/neon-compatibility/neon-compatibility/node_modules/truffle/build/webpack:/packages/migrate/Migration.js:217:1)\n        at Object.runMigrations (/home/runner/work/neon-compatibility/neon-compatibility/node_modules/truffle/build/webpack:/packages/migrate/index.js:150:1)\n        at Object.runFrom (/home/runner/work/neon-compatibility/neon-compatibility/node_modules/truffle/build/webpack:/packages/migrate/index.js:110:1)\n        at Object.run (/home/runner/work/neon-compatibility/neon-compatibility/node_modules/truffle/build/webpack:/packages/migrate/index.js:87:1)\n        at runMigrations (/home/runner/work/neon-compatibility/neon-compatibility/node_modules/truffle/build/webpack:/packages/core/lib/commands/migrate.js:258:1)\n        at Object.run (/home/runner/work/neon-compatibility/neon-compatibility/node_modules/truffle/build/webpack:/packages/core/lib/commands/migrate.js:223:1)\n        at Command.run (/home/runner/work/neon-compatibility/neon-compatibility/node_modules/truffle/build/webpack:/packages/core/lib/command.js:183:1)\n    Truffle v5.4.14 (core: 5.4.14)\n    Node v16.13.2\n    /home/runner/work/neon-compatibility/neon-compatibility",
        "time" : {
          "start" : 1642758425672,
          "stop" : 1642758449105,
          "duration" : 23433
        }
      }, {
        "uid" : "51a229607636061b",
        "reportUrl" : "https://neonlabsorg.github.io/neon-compatibility/526//#testresult/51a229607636061b",
        "status" : "failed",
        "statusDetails" : "AssertionError: assert 'Error:  ***...t Failed ***' not in '/home/runne...patibility\\n'\n  'Error:  *** Deployment Failed ***' is contained here:\n    --------\n    \n    Error:  *** Deployment Failed ***\n    \n    \"Migrations\" could not deploy due to insufficient funds\n       * Account:  0x170B99cD1525bc56EF746586470B3940C9892B86\n       * Balance:  0 wei\n       * Message:  ['Program 53DfF883gyixYNXnM7s5xhdeyV8mVk9T4i2hGV9vG9io invoke [1]', 'Program log: program/src/storage_account.rs:76', 'Program log: program/src/token.rs:330 : there is no enough funds to start executing the transaction; gas_limit = 3000000; gas_price = 1000000000; gas_used_and_paid = 0; user_balance = 0;', 'Program 53DfF883gyixYNXnM7s5xhdeyV8mVk9T4i2hGV9vG9io consumed 42899 of 500000 compute units', 'Program 53DfF883gyixYNXnM7s5xhdeyV8mVk9T4i2hGV9vG9io failed: insufficient funds for instruction', 'Program 53DfF883gyixYNXnM7s5xhdeyV8mVk9T4i2hGV9vG9io invoke [1]', 'Program log: program/src/storage_account.rs:76', 'Program log: program/src/token.rs:330 : there is no enough funds to start executing the transaction; gas_limit = 3000000; gas_price = 1000000000; gas_used_and_paid = 0; user_balance = 0;', 'Program 53DfF883gyixYNXnM7s5xhdeyV8mVk9T4i2hGV9vG9io consumed 42899 of 500000 compute units', 'Program 53DfF883gyixYNXnM7s5xhdeyV8mVk9T4i2hGV9vG9io failed: insufficient funds for instruction']\n       * Try:\n          + Using an adequately funded account\n          + If you are using a local Geth node, verify that your node is synced.\n    \n        at /home/runner/work/neon-compatibility/neon-compatibility/node_modules/truffle/build/webpack:/packages/deployer/src/deployment.js:365:1\n        at processTicksAndRejections (node:internal/process/task_queues:96:5)\n        at Migration._deploy (/home/runner/work/neon-compatibility/neon-compatibility/node_modules/truffle/build/webpack:/packages/migrate/Migration.js:70:1)\n        at Migration._load (/home/runner/work/neon-compatibility/neon-compatibility/node_modules/truffle/build/webpack:/packages/migrate/Migration.js:56:1)\n        at Migration.run (/home/runner/work/neon-compatibility/neon-compatibility/node_modules/truffle/build/webpack:/packages/migrate/Migration.js:217:1)\n        at Object.runMigrations (/home/runner/work/neon-compatibility/neon-compatibility/node_modules/truffle/build/webpack:/packages/migrate/index.js:150:1)\n        at Object.runFrom (/home/runner/work/neon-compatibility/neon-compatibility/node_modules/truffle/build/webpack:/packages/migrate/index.js:110:1)\n        at Object.run (/home/runner/work/neon-compatibility/neon-compatibility/node_modules/truffle/build/webpack:/packages/migrate/index.js:87:1)\n        at runMigrations (/home/runner/work/neon-compatibility/neon-compatibility/node_modules/truffle/build/webpack:/packages/core/lib/commands/migrate.js:258:1)\n        at Object.run (/home/runner/work/neon-compatibility/neon-compatibility/node_modules/truffle/build/webpack:/packages/core/lib/commands/migrate.js:223:1)\n        at Command.run (/home/runner/work/neon-compatibility/neon-compatibility/node_modules/truffle/build/webpack:/packages/core/lib/command.js:183:1)\n    Truffle v5.4.14 (core: 5.4.14)\n    Node v16.13.2\n    /home/runner/work/neon-compatibility/neon-compatibility",
        "time" : {
          "start" : 1642725288797,
          "stop" : 1642725307307,
          "duration" : 18510
        }
      }, {
        "uid" : "c585811b56a04f68",
        "reportUrl" : "https://neonlabsorg.github.io/neon-compatibility/524//#testresult/c585811b56a04f68",
        "status" : "failed",
        "statusDetails" : "AssertionError: assert 'Error:  ***...t Failed ***' not in '/home/runne...patibility\\n'\n  'Error:  *** Deployment Failed ***' is contained here:\n    --------\n    \n    Error:  *** Deployment Failed ***\n    \n    \"Migrations\" could not deploy due to insufficient funds\n       * Account:  0x1e2C5eCFb199783e68C33085aDE3Df053A766f09\n       * Balance:  0 wei\n       * Message:  ['Program 53DfF883gyixYNXnM7s5xhdeyV8mVk9T4i2hGV9vG9io invoke [1]', 'Program log: program/src/storage_account.rs:76', 'Program log: program/src/token.rs:330 : there is no enough funds to start executing the transaction; gas_limit = 3000000; gas_price = 1000000000; gas_used_and_paid = 0; user_balance = 0;', 'Program 53DfF883gyixYNXnM7s5xhdeyV8mVk9T4i2hGV9vG9io consumed 42899 of 500000 compute units', 'Program 53DfF883gyixYNXnM7s5xhdeyV8mVk9T4i2hGV9vG9io failed: insufficient funds for instruction', 'Program 53DfF883gyixYNXnM7s5xhdeyV8mVk9T4i2hGV9vG9io invoke [1]', 'Program log: program/src/storage_account.rs:76', 'Program log: program/src/token.rs:330 : there is no enough funds to start executing the transaction; gas_limit = 3000000; gas_price = 1000000000; gas_used_and_paid = 0; user_balance = 0;', 'Program 53DfF883gyixYNXnM7s5xhdeyV8mVk9T4i2hGV9vG9io consumed 42899 of 500000 compute units', 'Program 53DfF883gyixYNXnM7s5xhdeyV8mVk9T4i2hGV9vG9io failed: insufficient funds for instruction']\n       * Try:\n          + Using an adequately funded account\n          + If you are using a local Geth node, verify that your node is synced.\n    \n        at /home/runner/work/neon-compatibility/neon-compatibility/node_modules/truffle/build/webpack:/packages/deployer/src/deployment.js:365:1\n        at processTicksAndRejections (node:internal/process/task_queues:96:5)\n        at Migration._deploy (/home/runner/work/neon-compatibility/neon-compatibility/node_modules/truffle/build/webpack:/packages/migrate/Migration.js:70:1)\n        at Migration._load (/home/runner/work/neon-compatibility/neon-compatibility/node_modules/truffle/build/webpack:/packages/migrate/Migration.js:56:1)\n        at Migration.run (/home/runner/work/neon-compatibility/neon-compatibility/node_modules/truffle/build/webpack:/packages/migrate/Migration.js:217:1)\n        at Object.runMigrations (/home/runner/work/neon-compatibility/neon-compatibility/node_modules/truffle/build/webpack:/packages/migrate/index.js:150:1)\n        at Object.runFrom (/home/runner/work/neon-compatibility/neon-compatibility/node_modules/truffle/build/webpack:/packages/migrate/index.js:110:1)\n        at Object.run (/home/runner/work/neon-compatibility/neon-compatibility/node_modules/truffle/build/webpack:/packages/migrate/index.js:87:1)\n        at runMigrations (/home/runner/work/neon-compatibility/neon-compatibility/node_modules/truffle/build/webpack:/packages/core/lib/commands/migrate.js:258:1)\n        at Object.run (/home/runner/work/neon-compatibility/neon-compatibility/node_modules/truffle/build/webpack:/packages/core/lib/commands/migrate.js:223:1)\n        at Command.run (/home/runner/work/neon-compatibility/neon-compatibility/node_modules/truffle/build/webpack:/packages/core/lib/command.js:183:1)\n    Truffle v5.4.14 (core: 5.4.14)\n    Node v16.13.2\n    /home/runner/work/neon-compatibility/neon-compatibility",
        "time" : {
          "start" : 1642648464886,
          "stop" : 1642648480770,
          "duration" : 15884
        }
      }, {
        "uid" : "1d2336dab5eef782",
        "reportUrl" : "https://neonlabsorg.github.io/neon-compatibility/523//#testresult/1d2336dab5eef782",
        "status" : "failed",
        "statusDetails" : "AssertionError: assert 'Error:  ***...t Failed ***' not in '/home/runne...patibility\\n'\n  'Error:  *** Deployment Failed ***' is contained here:\n    --------\n    \n    Error:  *** Deployment Failed ***\n    \n    \"Migrations\" could not deploy due to insufficient funds\n       * Account:  0x628470e781aA6085abF5B0e8defE7cC96FDC64FA\n       * Balance:  0 wei\n       * Message:  ['Program 53DfF883gyixYNXnM7s5xhdeyV8mVk9T4i2hGV9vG9io invoke [1]', 'Program log: program/src/storage_account.rs:76', 'Program log: program/src/token.rs:330 : there is no enough funds to start executing the transaction; gas_limit = 3000000; gas_price = 1000000000; gas_used_and_paid = 0; user_balance = 0;', 'Program 53DfF883gyixYNXnM7s5xhdeyV8mVk9T4i2hGV9vG9io consumed 42899 of 500000 compute units', 'Program 53DfF883gyixYNXnM7s5xhdeyV8mVk9T4i2hGV9vG9io failed: insufficient funds for instruction', 'Program 53DfF883gyixYNXnM7s5xhdeyV8mVk9T4i2hGV9vG9io invoke [1]', 'Program log: program/src/storage_account.rs:76', 'Program log: program/src/token.rs:330 : there is no enough funds to start executing the transaction; gas_limit = 3000000; gas_price = 1000000000; gas_used_and_paid = 0; user_balance = 0;', 'Program 53DfF883gyixYNXnM7s5xhdeyV8mVk9T4i2hGV9vG9io consumed 42899 of 500000 compute units', 'Program 53DfF883gyixYNXnM7s5xhdeyV8mVk9T4i2hGV9vG9io failed: insufficient funds for instruction']\n       * Try:\n          + Using an adequately funded account\n          + If you are using a local Geth node, verify that your node is synced.\n    \n        at /home/runner/work/neon-compatibility/neon-compatibility/node_modules/truffle/build/webpack:/packages/deployer/src/deployment.js:365:1\n        at processTicksAndRejections (node:internal/process/task_queues:96:5)\n        at Migration._deploy (/home/runner/work/neon-compatibility/neon-compatibility/node_modules/truffle/build/webpack:/packages/migrate/Migration.js:70:1)\n        at Migration._load (/home/runner/work/neon-compatibility/neon-compatibility/node_modules/truffle/build/webpack:/packages/migrate/Migration.js:56:1)\n        at Migration.run (/home/runner/work/neon-compatibility/neon-compatibility/node_modules/truffle/build/webpack:/packages/migrate/Migration.js:217:1)\n        at Object.runMigrations (/home/runner/work/neon-compatibility/neon-compatibility/node_modules/truffle/build/webpack:/packages/migrate/index.js:150:1)\n        at Object.runFrom (/home/runner/work/neon-compatibility/neon-compatibility/node_modules/truffle/build/webpack:/packages/migrate/index.js:110:1)\n        at Object.run (/home/runner/work/neon-compatibility/neon-compatibility/node_modules/truffle/build/webpack:/packages/migrate/index.js:87:1)\n        at runMigrations (/home/runner/work/neon-compatibility/neon-compatibility/node_modules/truffle/build/webpack:/packages/core/lib/commands/migrate.js:258:1)\n        at Object.run (/home/runner/work/neon-compatibility/neon-compatibility/node_modules/truffle/build/webpack:/packages/core/lib/commands/migrate.js:223:1)\n        at Command.run (/home/runner/work/neon-compatibility/neon-compatibility/node_modules/truffle/build/webpack:/packages/core/lib/command.js:183:1)\n    Truffle v5.4.14 (core: 5.4.14)\n    Node v16.13.2\n    /home/runner/work/neon-compatibility/neon-compatibility",
        "time" : {
          "start" : 1642639126057,
          "stop" : 1642639142318,
          "duration" : 16261
        }
      }, {
        "uid" : "e70b62704ae518a9",
        "reportUrl" : "https://neonlabsorg.github.io/neon-compatibility/522//#testresult/e70b62704ae518a9",
        "status" : "failed",
        "statusDetails" : "AssertionError: assert 'Error:  ***...t Failed ***' not in '/home/runne...patibility\\n'\n  'Error:  *** Deployment Failed ***' is contained here:\n    --------\n    \n    Error:  *** Deployment Failed ***\n    \n    \"Migrations\" could not deploy due to insufficient funds\n       * Account:  0x1011f84263b49cBEF5473C3d6CF3D68c6aCC7663\n       * Balance:  0 wei\n       * Message:  ['Program 53DfF883gyixYNXnM7s5xhdeyV8mVk9T4i2hGV9vG9io invoke [1]', 'Program log: program/src/storage_account.rs:76', 'Program log: program/src/token.rs:330 : there is no enough funds to start executing the transaction; gas_limit = 3000000; gas_price = 1000000000; gas_used_and_paid = 0; user_balance = 0;', 'Program 53DfF883gyixYNXnM7s5xhdeyV8mVk9T4i2hGV9vG9io consumed 42899 of 500000 compute units', 'Program 53DfF883gyixYNXnM7s5xhdeyV8mVk9T4i2hGV9vG9io failed: insufficient funds for instruction', 'Program 53DfF883gyixYNXnM7s5xhdeyV8mVk9T4i2hGV9vG9io invoke [1]', 'Program log: program/src/storage_account.rs:76', 'Program log: program/src/token.rs:330 : there is no enough funds to start executing the transaction; gas_limit = 3000000; gas_price = 1000000000; gas_used_and_paid = 0; user_balance = 0;', 'Program 53DfF883gyixYNXnM7s5xhdeyV8mVk9T4i2hGV9vG9io consumed 42899 of 500000 compute units', 'Program 53DfF883gyixYNXnM7s5xhdeyV8mVk9T4i2hGV9vG9io failed: insufficient funds for instruction']\n       * Try:\n          + Using an adequately funded account\n          + If you are using a local Geth node, verify that your node is synced.\n    \n        at /home/runner/work/neon-compatibility/neon-compatibility/node_modules/truffle/build/webpack:/packages/deployer/src/deployment.js:365:1\n        at processTicksAndRejections (node:internal/process/task_queues:96:5)\n        at Migration._deploy (/home/runner/work/neon-compatibility/neon-compatibility/node_modules/truffle/build/webpack:/packages/migrate/Migration.js:70:1)\n        at Migration._load (/home/runner/work/neon-compatibility/neon-compatibility/node_modules/truffle/build/webpack:/packages/migrate/Migration.js:56:1)\n        at Migration.run (/home/runner/work/neon-compatibility/neon-compatibility/node_modules/truffle/build/webpack:/packages/migrate/Migration.js:217:1)\n        at Object.runMigrations (/home/runner/work/neon-compatibility/neon-compatibility/node_modules/truffle/build/webpack:/packages/migrate/index.js:150:1)\n        at Object.runFrom (/home/runner/work/neon-compatibility/neon-compatibility/node_modules/truffle/build/webpack:/packages/migrate/index.js:110:1)\n        at Object.run (/home/runner/work/neon-compatibility/neon-compatibility/node_modules/truffle/build/webpack:/packages/migrate/index.js:87:1)\n        at runMigrations (/home/runner/work/neon-compatibility/neon-compatibility/node_modules/truffle/build/webpack:/packages/core/lib/commands/migrate.js:258:1)\n        at Object.run (/home/runner/work/neon-compatibility/neon-compatibility/node_modules/truffle/build/webpack:/packages/core/lib/commands/migrate.js:223:1)\n        at Command.run (/home/runner/work/neon-compatibility/neon-compatibility/node_modules/truffle/build/webpack:/packages/core/lib/command.js:183:1)\n    Truffle v5.4.14 (core: 5.4.14)\n    Node v16.13.2\n    /home/runner/work/neon-compatibility/neon-compatibility",
        "time" : {
          "start" : 1642562120199,
          "stop" : 1642562136541,
          "duration" : 16342
        }
      } ]
    },
    "tags" : [ ]
  },
  "source" : "994e62582375c210.json",
  "parameterValues" : [ ]
}