{
  "uid" : "c9577a666d3ebd07",
  "name" : "test_contracts[input_data1]",
  "fullName" : "tests.openzeppelin.test_openzeppelin#test_contracts",
  "historyId" : "0978f566b0050886014c8f6266a2ba6f",
  "time" : {
    "start" : 1647996418630,
    "stop" : 1647996439519,
    "duration" : 20889
  },
  "status" : "failed",
  "statusMessage" : "AssertionError: assert 'Error: Coul... any sources' not in '/home/runne...patibility\\n'\n  'Error: Could not f...ns from any sources' is contained here:\n           ^\n    \n    Error: Could not find artifacts for Migrations from any sources\n        at Resolver.require (/home/runner/work/neon-compatibility/neon-compatibility/node_modules/truffle/build/webpack:/packages/resolver/dist/lib/resolver.js:61:1)\n        at Object.require (/home/runner/work/neon-compatibility/neon-compatibility/node_modules/truffle/build/webpack:/packages/migrate/index.js:172:1)\n        at ResolverIntercept.require (/home/runner/work/neon-compatibility/neon-compatibility/node_modules/truffle/build/webpack:/packages/migrate/ResolverIntercept.js:22:1)\n        at /home/runner/work/neon-compatibility/neon-compatibility/OpenZeppelin/migrations/1_initial_migration.js:1:30\n        at Script.runInContext (node:vm:139:12)\n        at Script.runInNewContext (node:vm:144:17)\n        at Object.file (/home/runner/work/neon-compatibility/neon-compatibility/node_modules/truffle/build/webpack:/packages/require/require.js:94:1)\n        at Migration._load (/home/runner/work/neon-compatibility/neon-compatibility/node_modules/truffle/build/webpack:/packages/migrate/Migration.js:44:1)\n        at Migration.run (/home/runner/work/neon-compatibility/neon-compatibility/node_modules/truffle/build/webpack:/packages/migrate/Migration.js:217:1)\n        at Object.runMigrations (/home/runner/work/neon-compatibility/neon-compatibility/node_modules/truffle/build/webpack:/packages/migrate/index.js:150:1)\n        at Object.runFrom (/home/runner/work/neon-compatibility/neon-compatibility/node_modules/truffle/build/webpack:/packages/migrate/index.js:110:1)\n        at Object.runAll (/home/runner/work/neon-compatibility/neon-compatibility/node_modules/truffle/build/webpack:/packages/migrate/index.js:114:1)\n        at Object.run (/home/runner/work/neon-compatibility/neon-compatibility/node_modules/truffle/build/webpack:/packages/migrate/index.js:79:1)\n        at Object.run (/home/runner/work/neon-compatibility/neon-compatibility/node_modules/truffle/build/webpack:/packages/core/lib/testing/Test.js:109:1)\n        at Object.run (/home/runner/work/neon-compatibility/neon-compatibility/node_modules/truffle/build/webpack:/packages/core/lib/commands/test/index.js:177:1)\n        at Command.run (/home/runner/work/neon-compatibility/neon-compatibility/node_modules/truffle/build/webpack:/packages/core/lib/command.js:183:1)\n    Truffle v5.4.14 (core: 5.4.14)\n    Node v16.14.0\n    /home/runner/work/neon-compatibility/neon-compatibility",
  "statusTrace" : "input_data = InputData(test_file='access/AccessControl.test.js', test_files=['access/AccessControl.test.js', 'access/AccessControl....on/ERC165.sol', 'interfaces/IERC165.sol', 'utils/introspection/IERC165.sol'], migration_script='2_deploy_contracts.js')\n\n    @pytest.mark.parametrize(\"input_data\", INPUT_DATA)\n    @allure.feature(FEATURE)\n    def test_contracts(input_data: InputData):\n        copy_files(input_data)\n    \n        # truffle --network neonlabs test ./test/access/[test file name]\n        command = f\"--network neonlabs test ./test/{input_data.test_file}\"\n        cmd_res = run_command_line(\n            f\"{Subfolder.CD_OPENZEPPELIN} {RunCommand.TRUFFLE} {command} {CD_BACK}\"\n        )\n        # assert OpenZeppelinSuccess.SUCCESS_PASSING in actual_result\n        # assert OpenZeppelinSuccess.SUCCESS_CONTRACT in actual_result\n        # assert OpenZeppelinSuccess.SUCCESS_1_ETHER in actual_result\n        # assert TruffleBasedError.ERROR_NO_ATTRIBUTE_ETH_ACCOUNTS \\\n        #     not in actual_result\n        actual_result = cmd_res.stdout.decode() + cmd_res.stderr.decode()\n        assert cmd_res.returncode == 0, actual_result\n>       assert OpenZeppelinError.ERROR_NO_ARTIFACTS not in actual_result\nE       AssertionError: assert 'Error: Coul... any sources' not in '/home/runne...patibility\\n'\nE         'Error: Could not f...ns from any sources' is contained here:\nE                  ^\nE           \nE           Error: Could not find artifacts for Migrations from any sources\nE               at Resolver.require (/home/runner/work/neon-compatibility/neon-compatibility/node_modules/truffle/build/webpack:/packages/resolver/dist/lib/resolver.js:61:1)\nE               at Object.require (/home/runner/work/neon-compatibility/neon-compatibility/node_modules/truffle/build/webpack:/packages/migrate/index.js:172:1)\nE               at ResolverIntercept.require (/home/runner/work/neon-compatibility/neon-compatibility/node_modules/truffle/build/webpack:/packages/migrate/ResolverIntercept.js:22:1)\nE               at /home/runner/work/neon-compatibility/neon-compatibility/OpenZeppelin/migrations/1_initial_migration.js:1:30\nE               at Script.runInContext (node:vm:139:12)\nE               at Script.runInNewContext (node:vm:144:17)\nE               at Object.file (/home/runner/work/neon-compatibility/neon-compatibility/node_modules/truffle/build/webpack:/packages/require/require.js:94:1)\nE               at Migration._load (/home/runner/work/neon-compatibility/neon-compatibility/node_modules/truffle/build/webpack:/packages/migrate/Migration.js:44:1)\nE               at Migration.run (/home/runner/work/neon-compatibility/neon-compatibility/node_modules/truffle/build/webpack:/packages/migrate/Migration.js:217:1)\nE               at Object.runMigrations (/home/runner/work/neon-compatibility/neon-compatibility/node_modules/truffle/build/webpack:/packages/migrate/index.js:150:1)\nE               at Object.runFrom (/home/runner/work/neon-compatibility/neon-compatibility/node_modules/truffle/build/webpack:/packages/migrate/index.js:110:1)\nE               at Object.runAll (/home/runner/work/neon-compatibility/neon-compatibility/node_modules/truffle/build/webpack:/packages/migrate/index.js:114:1)\nE               at Object.run (/home/runner/work/neon-compatibility/neon-compatibility/node_modules/truffle/build/webpack:/packages/migrate/index.js:79:1)\nE               at Object.run (/home/runner/work/neon-compatibility/neon-compatibility/node_modules/truffle/build/webpack:/packages/core/lib/testing/Test.js:109:1)\nE               at Object.run (/home/runner/work/neon-compatibility/neon-compatibility/node_modules/truffle/build/webpack:/packages/core/lib/commands/test/index.js:177:1)\nE               at Command.run (/home/runner/work/neon-compatibility/neon-compatibility/node_modules/truffle/build/webpack:/packages/core/lib/command.js:183:1)\nE           Truffle v5.4.14 (core: 5.4.14)\nE           Node v16.14.0\nE           /home/runner/work/neon-compatibility/neon-compatibility\n\ntests/openzeppelin/test_openzeppelin.py:154: AssertionError",
  "flaky" : false,
  "newFailed" : false,
  "newBroken" : false,
  "newPassed" : false,
  "retriesCount" : 0,
  "retriesStatusChange" : false,
  "beforeStages" : [ {
    "name" : "prepare_truffle_config",
    "time" : {
      "start" : 1647996418614,
      "stop" : 1647996418629,
      "duration" : 15
    },
    "status" : "passed",
    "steps" : [ {
      "name" : "Preset variables",
      "time" : {
        "start" : 1647996418614,
        "stop" : 1647996418627,
        "duration" : 13
      },
      "status" : "passed",
      "steps" : [ ],
      "attachments" : [ ],
      "parameters" : [ ],
      "stepsCount" : 0,
      "attachmentsCount" : 0,
      "shouldDisplayMessage" : false,
      "hasContent" : false
    }, {
      "name" : "Clean up folder \"'governance'\"",
      "time" : {
        "start" : 1647996418627,
        "stop" : 1647996418627,
        "duration" : 0
      },
      "status" : "passed",
      "steps" : [ ],
      "attachments" : [ ],
      "parameters" : [ {
        "name" : "folder",
        "value" : "'governance'"
      } ],
      "stepsCount" : 0,
      "attachmentsCount" : 0,
      "shouldDisplayMessage" : false,
      "hasContent" : true
    }, {
      "name" : "Clean up folder \"'token'\"",
      "time" : {
        "start" : 1647996418627,
        "stop" : 1647996418627,
        "duration" : 0
      },
      "status" : "passed",
      "steps" : [ ],
      "attachments" : [ ],
      "parameters" : [ {
        "name" : "folder",
        "value" : "'token'"
      } ],
      "stepsCount" : 0,
      "attachmentsCount" : 0,
      "shouldDisplayMessage" : false,
      "hasContent" : true
    }, {
      "name" : "Clean up folder \"'metatx'\"",
      "time" : {
        "start" : 1647996418627,
        "stop" : 1647996418627,
        "duration" : 0
      },
      "status" : "passed",
      "steps" : [ ],
      "attachments" : [ ],
      "parameters" : [ {
        "name" : "folder",
        "value" : "'metatx'"
      } ],
      "stepsCount" : 0,
      "attachmentsCount" : 0,
      "shouldDisplayMessage" : false,
      "hasContent" : true
    }, {
      "name" : "Clean up folder \"'finance'\"",
      "time" : {
        "start" : 1647996418627,
        "stop" : 1647996418627,
        "duration" : 0
      },
      "status" : "passed",
      "steps" : [ ],
      "attachments" : [ ],
      "parameters" : [ {
        "name" : "folder",
        "value" : "'finance'"
      } ],
      "stepsCount" : 0,
      "attachmentsCount" : 0,
      "shouldDisplayMessage" : false,
      "hasContent" : true
    }, {
      "name" : "Clean up folder \"'mocks'\"",
      "time" : {
        "start" : 1647996418627,
        "stop" : 1647996418627,
        "duration" : 0
      },
      "status" : "passed",
      "steps" : [ ],
      "attachments" : [ ],
      "parameters" : [ {
        "name" : "folder",
        "value" : "'mocks'"
      } ],
      "stepsCount" : 0,
      "attachmentsCount" : 0,
      "shouldDisplayMessage" : false,
      "hasContent" : true
    }, {
      "name" : "Clean up folder \"'utils'\"",
      "time" : {
        "start" : 1647996418627,
        "stop" : 1647996418627,
        "duration" : 0
      },
      "status" : "passed",
      "steps" : [ ],
      "attachments" : [ ],
      "parameters" : [ {
        "name" : "folder",
        "value" : "'utils'"
      } ],
      "stepsCount" : 0,
      "attachmentsCount" : 0,
      "shouldDisplayMessage" : false,
      "hasContent" : true
    }, {
      "name" : "Clean up folder \"'interfaces'\"",
      "time" : {
        "start" : 1647996418628,
        "stop" : 1647996418628,
        "duration" : 0
      },
      "status" : "passed",
      "steps" : [ ],
      "attachments" : [ ],
      "parameters" : [ {
        "name" : "folder",
        "value" : "'interfaces'"
      } ],
      "stepsCount" : 0,
      "attachmentsCount" : 0,
      "shouldDisplayMessage" : false,
      "hasContent" : true
    }, {
      "name" : "Clean up folder \"'proxy'\"",
      "time" : {
        "start" : 1647996418628,
        "stop" : 1647996418628,
        "duration" : 0
      },
      "status" : "passed",
      "steps" : [ ],
      "attachments" : [ ],
      "parameters" : [ {
        "name" : "folder",
        "value" : "'proxy'"
      } ],
      "stepsCount" : 0,
      "attachmentsCount" : 0,
      "shouldDisplayMessage" : false,
      "hasContent" : true
    }, {
      "name" : "Clean up folder \"'access'\"",
      "time" : {
        "start" : 1647996418628,
        "stop" : 1647996418628,
        "duration" : 0
      },
      "status" : "passed",
      "steps" : [ ],
      "attachments" : [ ],
      "parameters" : [ {
        "name" : "folder",
        "value" : "'access'"
      } ],
      "stepsCount" : 0,
      "attachmentsCount" : 0,
      "shouldDisplayMessage" : false,
      "hasContent" : true
    }, {
      "name" : "Clean up folder \"'security'\"",
      "time" : {
        "start" : 1647996418628,
        "stop" : 1647996418628,
        "duration" : 0
      },
      "status" : "passed",
      "steps" : [ ],
      "attachments" : [ ],
      "parameters" : [ {
        "name" : "folder",
        "value" : "'security'"
      } ],
      "stepsCount" : 0,
      "attachmentsCount" : 0,
      "shouldDisplayMessage" : false,
      "hasContent" : true
    }, {
      "name" : "Clean up folder \"'.gitkeep'\"",
      "time" : {
        "start" : 1647996418628,
        "stop" : 1647996418628,
        "duration" : 0
      },
      "status" : "passed",
      "steps" : [ ],
      "attachments" : [ ],
      "parameters" : [ {
        "name" : "folder",
        "value" : "'.gitkeep'"
      } ],
      "stepsCount" : 0,
      "attachmentsCount" : 0,
      "shouldDisplayMessage" : false,
      "hasContent" : true
    }, {
      "name" : "Clean up folder \"'2_deploy_contracts.js'\"",
      "time" : {
        "start" : 1647996418628,
        "stop" : 1647996418628,
        "duration" : 0
      },
      "status" : "passed",
      "steps" : [ ],
      "attachments" : [ ],
      "parameters" : [ {
        "name" : "folder",
        "value" : "'2_deploy_contracts.js'"
      } ],
      "stepsCount" : 0,
      "attachmentsCount" : 0,
      "shouldDisplayMessage" : false,
      "hasContent" : true
    }, {
      "name" : "Clean up folder \"'.gitkeep'\"",
      "time" : {
        "start" : 1647996418628,
        "stop" : 1647996418628,
        "duration" : 0
      },
      "status" : "passed",
      "steps" : [ ],
      "attachments" : [ ],
      "parameters" : [ {
        "name" : "folder",
        "value" : "'.gitkeep'"
      } ],
      "stepsCount" : 0,
      "attachmentsCount" : 0,
      "shouldDisplayMessage" : false,
      "hasContent" : true
    }, {
      "name" : "Clean up folder \"'1_initial_migration.js'\"",
      "time" : {
        "start" : 1647996418628,
        "stop" : 1647996418628,
        "duration" : 0
      },
      "status" : "passed",
      "steps" : [ ],
      "attachments" : [ ],
      "parameters" : [ {
        "name" : "folder",
        "value" : "'1_initial_migration.js'"
      } ],
      "stepsCount" : 0,
      "attachmentsCount" : 0,
      "shouldDisplayMessage" : false,
      "hasContent" : true
    }, {
      "name" : "Clean up folder \"'governance'\"",
      "time" : {
        "start" : 1647996418628,
        "stop" : 1647996418628,
        "duration" : 0
      },
      "status" : "passed",
      "steps" : [ ],
      "attachments" : [ ],
      "parameters" : [ {
        "name" : "folder",
        "value" : "'governance'"
      } ],
      "stepsCount" : 0,
      "attachmentsCount" : 0,
      "shouldDisplayMessage" : false,
      "hasContent" : true
    }, {
      "name" : "Clean up folder \"'token'\"",
      "time" : {
        "start" : 1647996418629,
        "stop" : 1647996418629,
        "duration" : 0
      },
      "status" : "passed",
      "steps" : [ ],
      "attachments" : [ ],
      "parameters" : [ {
        "name" : "folder",
        "value" : "'token'"
      } ],
      "stepsCount" : 0,
      "attachmentsCount" : 0,
      "shouldDisplayMessage" : false,
      "hasContent" : true
    }, {
      "name" : "Clean up folder \"'metatx'\"",
      "time" : {
        "start" : 1647996418629,
        "stop" : 1647996418629,
        "duration" : 0
      },
      "status" : "passed",
      "steps" : [ ],
      "attachments" : [ ],
      "parameters" : [ {
        "name" : "folder",
        "value" : "'metatx'"
      } ],
      "stepsCount" : 0,
      "attachmentsCount" : 0,
      "shouldDisplayMessage" : false,
      "hasContent" : true
    }, {
      "name" : "Clean up folder \"'finance'\"",
      "time" : {
        "start" : 1647996418629,
        "stop" : 1647996418629,
        "duration" : 0
      },
      "status" : "passed",
      "steps" : [ ],
      "attachments" : [ ],
      "parameters" : [ {
        "name" : "folder",
        "value" : "'finance'"
      } ],
      "stepsCount" : 0,
      "attachmentsCount" : 0,
      "shouldDisplayMessage" : false,
      "hasContent" : true
    }, {
      "name" : "Clean up folder \"'mocks'\"",
      "time" : {
        "start" : 1647996418629,
        "stop" : 1647996418629,
        "duration" : 0
      },
      "status" : "passed",
      "steps" : [ ],
      "attachments" : [ ],
      "parameters" : [ {
        "name" : "folder",
        "value" : "'mocks'"
      } ],
      "stepsCount" : 0,
      "attachmentsCount" : 0,
      "shouldDisplayMessage" : false,
      "hasContent" : true
    }, {
      "name" : "Clean up folder \"'utils'\"",
      "time" : {
        "start" : 1647996418629,
        "stop" : 1647996418629,
        "duration" : 0
      },
      "status" : "passed",
      "steps" : [ ],
      "attachments" : [ ],
      "parameters" : [ {
        "name" : "folder",
        "value" : "'utils'"
      } ],
      "stepsCount" : 0,
      "attachmentsCount" : 0,
      "shouldDisplayMessage" : false,
      "hasContent" : true
    }, {
      "name" : "Clean up folder \"'interfaces'\"",
      "time" : {
        "start" : 1647996418629,
        "stop" : 1647996418629,
        "duration" : 0
      },
      "status" : "passed",
      "steps" : [ ],
      "attachments" : [ ],
      "parameters" : [ {
        "name" : "folder",
        "value" : "'interfaces'"
      } ],
      "stepsCount" : 0,
      "attachmentsCount" : 0,
      "shouldDisplayMessage" : false,
      "hasContent" : true
    }, {
      "name" : "Clean up folder \"'proxy'\"",
      "time" : {
        "start" : 1647996418629,
        "stop" : 1647996418629,
        "duration" : 0
      },
      "status" : "passed",
      "steps" : [ ],
      "attachments" : [ ],
      "parameters" : [ {
        "name" : "folder",
        "value" : "'proxy'"
      } ],
      "stepsCount" : 0,
      "attachmentsCount" : 0,
      "shouldDisplayMessage" : false,
      "hasContent" : true
    }, {
      "name" : "Clean up folder \"'access'\"",
      "time" : {
        "start" : 1647996418629,
        "stop" : 1647996418629,
        "duration" : 0
      },
      "status" : "passed",
      "steps" : [ ],
      "attachments" : [ ],
      "parameters" : [ {
        "name" : "folder",
        "value" : "'access'"
      } ],
      "stepsCount" : 0,
      "attachmentsCount" : 0,
      "shouldDisplayMessage" : false,
      "hasContent" : true
    }, {
      "name" : "Clean up folder \"'security'\"",
      "time" : {
        "start" : 1647996418629,
        "stop" : 1647996418629,
        "duration" : 0
      },
      "status" : "passed",
      "steps" : [ ],
      "attachments" : [ ],
      "parameters" : [ {
        "name" : "folder",
        "value" : "'security'"
      } ],
      "stepsCount" : 0,
      "attachmentsCount" : 0,
      "shouldDisplayMessage" : false,
      "hasContent" : true
    }, {
      "name" : "Clean up folder \"'.gitkeep'\"",
      "time" : {
        "start" : 1647996418629,
        "stop" : 1647996418629,
        "duration" : 0
      },
      "status" : "passed",
      "steps" : [ ],
      "attachments" : [ ],
      "parameters" : [ {
        "name" : "folder",
        "value" : "'.gitkeep'"
      } ],
      "stepsCount" : 0,
      "attachmentsCount" : 0,
      "shouldDisplayMessage" : false,
      "hasContent" : true
    } ],
    "attachments" : [ ],
    "parameters" : [ ],
    "stepsCount" : 26,
    "attachmentsCount" : 0,
    "shouldDisplayMessage" : false,
    "hasContent" : true
  } ],
  "testStage" : {
    "status" : "failed",
    "statusMessage" : "AssertionError: assert 'Error: Coul... any sources' not in '/home/runne...patibility\\n'\n  'Error: Could not f...ns from any sources' is contained here:\n           ^\n    \n    Error: Could not find artifacts for Migrations from any sources\n        at Resolver.require (/home/runner/work/neon-compatibility/neon-compatibility/node_modules/truffle/build/webpack:/packages/resolver/dist/lib/resolver.js:61:1)\n        at Object.require (/home/runner/work/neon-compatibility/neon-compatibility/node_modules/truffle/build/webpack:/packages/migrate/index.js:172:1)\n        at ResolverIntercept.require (/home/runner/work/neon-compatibility/neon-compatibility/node_modules/truffle/build/webpack:/packages/migrate/ResolverIntercept.js:22:1)\n        at /home/runner/work/neon-compatibility/neon-compatibility/OpenZeppelin/migrations/1_initial_migration.js:1:30\n        at Script.runInContext (node:vm:139:12)\n        at Script.runInNewContext (node:vm:144:17)\n        at Object.file (/home/runner/work/neon-compatibility/neon-compatibility/node_modules/truffle/build/webpack:/packages/require/require.js:94:1)\n        at Migration._load (/home/runner/work/neon-compatibility/neon-compatibility/node_modules/truffle/build/webpack:/packages/migrate/Migration.js:44:1)\n        at Migration.run (/home/runner/work/neon-compatibility/neon-compatibility/node_modules/truffle/build/webpack:/packages/migrate/Migration.js:217:1)\n        at Object.runMigrations (/home/runner/work/neon-compatibility/neon-compatibility/node_modules/truffle/build/webpack:/packages/migrate/index.js:150:1)\n        at Object.runFrom (/home/runner/work/neon-compatibility/neon-compatibility/node_modules/truffle/build/webpack:/packages/migrate/index.js:110:1)\n        at Object.runAll (/home/runner/work/neon-compatibility/neon-compatibility/node_modules/truffle/build/webpack:/packages/migrate/index.js:114:1)\n        at Object.run (/home/runner/work/neon-compatibility/neon-compatibility/node_modules/truffle/build/webpack:/packages/migrate/index.js:79:1)\n        at Object.run (/home/runner/work/neon-compatibility/neon-compatibility/node_modules/truffle/build/webpack:/packages/core/lib/testing/Test.js:109:1)\n        at Object.run (/home/runner/work/neon-compatibility/neon-compatibility/node_modules/truffle/build/webpack:/packages/core/lib/commands/test/index.js:177:1)\n        at Command.run (/home/runner/work/neon-compatibility/neon-compatibility/node_modules/truffle/build/webpack:/packages/core/lib/command.js:183:1)\n    Truffle v5.4.14 (core: 5.4.14)\n    Node v16.14.0\n    /home/runner/work/neon-compatibility/neon-compatibility",
    "statusTrace" : "input_data = InputData(test_file='access/AccessControl.test.js', test_files=['access/AccessControl.test.js', 'access/AccessControl....on/ERC165.sol', 'interfaces/IERC165.sol', 'utils/introspection/IERC165.sol'], migration_script='2_deploy_contracts.js')\n\n    @pytest.mark.parametrize(\"input_data\", INPUT_DATA)\n    @allure.feature(FEATURE)\n    def test_contracts(input_data: InputData):\n        copy_files(input_data)\n    \n        # truffle --network neonlabs test ./test/access/[test file name]\n        command = f\"--network neonlabs test ./test/{input_data.test_file}\"\n        cmd_res = run_command_line(\n            f\"{Subfolder.CD_OPENZEPPELIN} {RunCommand.TRUFFLE} {command} {CD_BACK}\"\n        )\n        # assert OpenZeppelinSuccess.SUCCESS_PASSING in actual_result\n        # assert OpenZeppelinSuccess.SUCCESS_CONTRACT in actual_result\n        # assert OpenZeppelinSuccess.SUCCESS_1_ETHER in actual_result\n        # assert TruffleBasedError.ERROR_NO_ATTRIBUTE_ETH_ACCOUNTS \\\n        #     not in actual_result\n        actual_result = cmd_res.stdout.decode() + cmd_res.stderr.decode()\n        assert cmd_res.returncode == 0, actual_result\n>       assert OpenZeppelinError.ERROR_NO_ARTIFACTS not in actual_result\nE       AssertionError: assert 'Error: Coul... any sources' not in '/home/runne...patibility\\n'\nE         'Error: Could not f...ns from any sources' is contained here:\nE                  ^\nE           \nE           Error: Could not find artifacts for Migrations from any sources\nE               at Resolver.require (/home/runner/work/neon-compatibility/neon-compatibility/node_modules/truffle/build/webpack:/packages/resolver/dist/lib/resolver.js:61:1)\nE               at Object.require (/home/runner/work/neon-compatibility/neon-compatibility/node_modules/truffle/build/webpack:/packages/migrate/index.js:172:1)\nE               at ResolverIntercept.require (/home/runner/work/neon-compatibility/neon-compatibility/node_modules/truffle/build/webpack:/packages/migrate/ResolverIntercept.js:22:1)\nE               at /home/runner/work/neon-compatibility/neon-compatibility/OpenZeppelin/migrations/1_initial_migration.js:1:30\nE               at Script.runInContext (node:vm:139:12)\nE               at Script.runInNewContext (node:vm:144:17)\nE               at Object.file (/home/runner/work/neon-compatibility/neon-compatibility/node_modules/truffle/build/webpack:/packages/require/require.js:94:1)\nE               at Migration._load (/home/runner/work/neon-compatibility/neon-compatibility/node_modules/truffle/build/webpack:/packages/migrate/Migration.js:44:1)\nE               at Migration.run (/home/runner/work/neon-compatibility/neon-compatibility/node_modules/truffle/build/webpack:/packages/migrate/Migration.js:217:1)\nE               at Object.runMigrations (/home/runner/work/neon-compatibility/neon-compatibility/node_modules/truffle/build/webpack:/packages/migrate/index.js:150:1)\nE               at Object.runFrom (/home/runner/work/neon-compatibility/neon-compatibility/node_modules/truffle/build/webpack:/packages/migrate/index.js:110:1)\nE               at Object.runAll (/home/runner/work/neon-compatibility/neon-compatibility/node_modules/truffle/build/webpack:/packages/migrate/index.js:114:1)\nE               at Object.run (/home/runner/work/neon-compatibility/neon-compatibility/node_modules/truffle/build/webpack:/packages/migrate/index.js:79:1)\nE               at Object.run (/home/runner/work/neon-compatibility/neon-compatibility/node_modules/truffle/build/webpack:/packages/core/lib/testing/Test.js:109:1)\nE               at Object.run (/home/runner/work/neon-compatibility/neon-compatibility/node_modules/truffle/build/webpack:/packages/core/lib/commands/test/index.js:177:1)\nE               at Command.run (/home/runner/work/neon-compatibility/neon-compatibility/node_modules/truffle/build/webpack:/packages/core/lib/command.js:183:1)\nE           Truffle v5.4.14 (core: 5.4.14)\nE           Node v16.14.0\nE           /home/runner/work/neon-compatibility/neon-compatibility\n\ntests/openzeppelin/test_openzeppelin.py:154: AssertionError",
    "steps" : [ {
      "name" : "Run command: \"'cd OpenZeppelin; pwd; ../node_modules/.bin/truffle --network neonlabs test ./test/access/AccessControl.test.js ; cd \"/home/runner/work/neon-compatibility/neon-compatibility\"; pwd;'\"",
      "time" : {
        "start" : 1647996418633,
        "stop" : 1647996439518,
        "duration" : 20885
      },
      "status" : "passed",
      "steps" : [ ],
      "attachments" : [ ],
      "parameters" : [ {
        "name" : "command",
        "value" : "'cd OpenZeppelin; pwd; ../node_modules/.bin/truffle --network neonlabs test ./test/access/AccessControl.test.js ; cd \"/home/runner/work/neon-compatibility/neon-compatibility\"; pwd;'"
      } ],
      "stepsCount" : 0,
      "attachmentsCount" : 0,
      "shouldDisplayMessage" : false,
      "hasContent" : true
    } ],
    "attachments" : [ {
      "uid" : "6a0e9233ff3f4c40",
      "name" : "stdout",
      "source" : "6a0e9233ff3f4c40.txt",
      "type" : "text/plain",
      "size" : 3766
    } ],
    "parameters" : [ ],
    "stepsCount" : 1,
    "attachmentsCount" : 1,
    "shouldDisplayMessage" : true,
    "hasContent" : true
  },
  "afterStages" : [ {
    "name" : "prepare_truffle_config::0",
    "time" : {
      "start" : 1647996439525,
      "stop" : 1647996439525,
      "duration" : 0
    },
    "status" : "passed",
    "steps" : [ ],
    "attachments" : [ ],
    "parameters" : [ ],
    "stepsCount" : 0,
    "attachmentsCount" : 0,
    "shouldDisplayMessage" : false,
    "hasContent" : false
  } ],
  "labels" : [ {
    "name" : "feature",
    "value" : "OpenZeppelin"
  }, {
    "name" : "parentSuite",
    "value" : "tests.openzeppelin"
  }, {
    "name" : "suite",
    "value" : "test_openzeppelin"
  }, {
    "name" : "host",
    "value" : "fv-az200-734"
  }, {
    "name" : "thread",
    "value" : "3792-MainThread"
  }, {
    "name" : "framework",
    "value" : "pytest"
  }, {
    "name" : "language",
    "value" : "cpython3"
  }, {
    "name" : "package",
    "value" : "tests.openzeppelin.test_openzeppelin"
  }, {
    "name" : "resultFormat",
    "value" : "allure2"
  } ],
  "parameters" : [ {
    "name" : "input_data",
    "value" : "InputData(test_file='access/AccessControl.test.js', test_files=['access/AccessControl.test.js', 'access/AccessControl.behavior.js'], contracts=['mocks/AccessControlMock.sol', 'mocks/AccessControlEnumerableMock.sol', 'access/AccessControlEnumerable.sol', 'access/IAccessControlEnumerable.sol', 'utils/structs/EnumerableSet.sol', 'access/AccessControl.sol', 'utils/Strings.sol', 'utils/introspection/ERC165.sol', 'interfaces/IERC165.sol', 'utils/introspection/IERC165.sol'], migration_script='2_deploy_contracts.js')"
  } ],
  "links" : [ ],
  "hidden" : false,
  "retry" : false,
  "extra" : {
    "severity" : "normal",
    "retries" : [ ],
    "categories" : [ {
      "name" : "Product defects",
      "matchedStatuses" : [ ],
      "flaky" : false
    } ],
    "history" : {
      "statistic" : {
        "failed" : 229,
        "broken" : 0,
        "skipped" : 0,
        "passed" : 38,
        "unknown" : 0,
        "total" : 267
      },
      "items" : [ {
        "uid" : "5b67ee0e776f6262",
        "reportUrl" : "https://neonlabsorg.github.io/neon-compatibility/889//#testresult/5b67ee0e776f6262",
        "status" : "failed",
        "statusDetails" : "AssertionError: assert 'Error: Coul... any sources' not in '/home/runne...patibility\\n'\n  'Error: Could not f...ns from any sources' is contained here:\n           ^\n    \n    Error: Could not find artifacts for Migrations from any sources\n        at Resolver.require (/home/runner/work/neon-compatibility/neon-compatibility/node_modules/truffle/build/webpack:/packages/resolver/dist/lib/resolver.js:61:1)\n        at Object.require (/home/runner/work/neon-compatibility/neon-compatibility/node_modules/truffle/build/webpack:/packages/migrate/index.js:172:1)\n        at ResolverIntercept.require (/home/runner/work/neon-compatibility/neon-compatibility/node_modules/truffle/build/webpack:/packages/migrate/ResolverIntercept.js:22:1)\n        at /home/runner/work/neon-compatibility/neon-compatibility/OpenZeppelin/migrations/1_initial_migration.js:1:30\n        at Script.runInContext (node:vm:139:12)\n        at Script.runInNewContext (node:vm:144:17)\n        at Object.file (/home/runner/work/neon-compatibility/neon-compatibility/node_modules/truffle/build/webpack:/packages/require/require.js:94:1)\n        at Migration._load (/home/runner/work/neon-compatibility/neon-compatibility/node_modules/truffle/build/webpack:/packages/migrate/Migration.js:44:1)\n        at Migration.run (/home/runner/work/neon-compatibility/neon-compatibility/node_modules/truffle/build/webpack:/packages/migrate/Migration.js:217:1)\n        at Object.runMigrations (/home/runner/work/neon-compatibility/neon-compatibility/node_modules/truffle/build/webpack:/packages/migrate/index.js:150:1)\n        at Object.runFrom (/home/runner/work/neon-compatibility/neon-compatibility/node_modules/truffle/build/webpack:/packages/migrate/index.js:110:1)\n        at Object.runAll (/home/runner/work/neon-compatibility/neon-compatibility/node_modules/truffle/build/webpack:/packages/migrate/index.js:114:1)\n        at Object.run (/home/runner/work/neon-compatibility/neon-compatibility/node_modules/truffle/build/webpack:/packages/migrate/index.js:79:1)\n        at Object.run (/home/runner/work/neon-compatibility/neon-compatibility/node_modules/truffle/build/webpack:/packages/core/lib/testing/Test.js:109:1)\n        at Object.run (/home/runner/work/neon-compatibility/neon-compatibility/node_modules/truffle/build/webpack:/packages/core/lib/commands/test/index.js:177:1)\n        at Command.run (/home/runner/work/neon-compatibility/neon-compatibility/node_modules/truffle/build/webpack:/packages/core/lib/command.js:183:1)\n    Truffle v5.4.14 (core: 5.4.14)\n    Node v16.14.0\n    /home/runner/work/neon-compatibility/neon-compatibility",
        "time" : {
          "start" : 1647919479684,
          "stop" : 1647919498338,
          "duration" : 18654
        }
      }, {
        "uid" : "340cada79936053a",
        "reportUrl" : "https://neonlabsorg.github.io/neon-compatibility/888//#testresult/340cada79936053a",
        "status" : "failed",
        "statusDetails" : "AssertionError: assert 'Error: Coul... any sources' not in '/home/runne...patibility\\n'\n  'Error: Could not f...ns from any sources' is contained here:\n           ^\n    \n    Error: Could not find artifacts for Migrations from any sources\n        at Resolver.require (/home/runner/work/neon-compatibility/neon-compatibility/node_modules/truffle/build/webpack:/packages/resolver/dist/lib/resolver.js:61:1)\n        at Object.require (/home/runner/work/neon-compatibility/neon-compatibility/node_modules/truffle/build/webpack:/packages/migrate/index.js:172:1)\n        at ResolverIntercept.require (/home/runner/work/neon-compatibility/neon-compatibility/node_modules/truffle/build/webpack:/packages/migrate/ResolverIntercept.js:22:1)\n        at /home/runner/work/neon-compatibility/neon-compatibility/OpenZeppelin/migrations/1_initial_migration.js:1:30\n        at Script.runInContext (node:vm:139:12)\n        at Script.runInNewContext (node:vm:144:17)\n        at Object.file (/home/runner/work/neon-compatibility/neon-compatibility/node_modules/truffle/build/webpack:/packages/require/require.js:94:1)\n        at Migration._load (/home/runner/work/neon-compatibility/neon-compatibility/node_modules/truffle/build/webpack:/packages/migrate/Migration.js:44:1)\n        at Migration.run (/home/runner/work/neon-compatibility/neon-compatibility/node_modules/truffle/build/webpack:/packages/migrate/Migration.js:217:1)\n        at Object.runMigrations (/home/runner/work/neon-compatibility/neon-compatibility/node_modules/truffle/build/webpack:/packages/migrate/index.js:150:1)\n        at Object.runFrom (/home/runner/work/neon-compatibility/neon-compatibility/node_modules/truffle/build/webpack:/packages/migrate/index.js:110:1)\n        at Object.runAll (/home/runner/work/neon-compatibility/neon-compatibility/node_modules/truffle/build/webpack:/packages/migrate/index.js:114:1)\n        at Object.run (/home/runner/work/neon-compatibility/neon-compatibility/node_modules/truffle/build/webpack:/packages/migrate/index.js:79:1)\n        at Object.run (/home/runner/work/neon-compatibility/neon-compatibility/node_modules/truffle/build/webpack:/packages/core/lib/testing/Test.js:109:1)\n        at Object.run (/home/runner/work/neon-compatibility/neon-compatibility/node_modules/truffle/build/webpack:/packages/core/lib/commands/test/index.js:177:1)\n        at Command.run (/home/runner/work/neon-compatibility/neon-compatibility/node_modules/truffle/build/webpack:/packages/core/lib/command.js:183:1)\n    Truffle v5.4.14 (core: 5.4.14)\n    Node v16.14.0\n    /home/runner/work/neon-compatibility/neon-compatibility",
        "time" : {
          "start" : 1647909772934,
          "stop" : 1647909796144,
          "duration" : 23210
        }
      }, {
        "uid" : "c769178e5ab49fec",
        "reportUrl" : "https://neonlabsorg.github.io/neon-compatibility/886//#testresult/c769178e5ab49fec",
        "status" : "failed",
        "statusDetails" : "AssertionError: assert 'Error: Coul... any sources' not in '/home/runne...patibility\\n'\n  'Error: Could not f...ns from any sources' is contained here:\n           ^\n    \n    Error: Could not find artifacts for Migrations from any sources\n        at Resolver.require (/home/runner/work/neon-compatibility/neon-compatibility/node_modules/truffle/build/webpack:/packages/resolver/dist/lib/resolver.js:61:1)\n        at Object.require (/home/runner/work/neon-compatibility/neon-compatibility/node_modules/truffle/build/webpack:/packages/migrate/index.js:172:1)\n        at ResolverIntercept.require (/home/runner/work/neon-compatibility/neon-compatibility/node_modules/truffle/build/webpack:/packages/migrate/ResolverIntercept.js:22:1)\n        at /home/runner/work/neon-compatibility/neon-compatibility/OpenZeppelin/migrations/1_initial_migration.js:1:30\n        at Script.runInContext (node:vm:139:12)\n        at Script.runInNewContext (node:vm:144:17)\n        at Object.file (/home/runner/work/neon-compatibility/neon-compatibility/node_modules/truffle/build/webpack:/packages/require/require.js:94:1)\n        at Migration._load (/home/runner/work/neon-compatibility/neon-compatibility/node_modules/truffle/build/webpack:/packages/migrate/Migration.js:44:1)\n        at Migration.run (/home/runner/work/neon-compatibility/neon-compatibility/node_modules/truffle/build/webpack:/packages/migrate/Migration.js:217:1)\n        at Object.runMigrations (/home/runner/work/neon-compatibility/neon-compatibility/node_modules/truffle/build/webpack:/packages/migrate/index.js:150:1)\n        at Object.runFrom (/home/runner/work/neon-compatibility/neon-compatibility/node_modules/truffle/build/webpack:/packages/migrate/index.js:110:1)\n        at Object.runAll (/home/runner/work/neon-compatibility/neon-compatibility/node_modules/truffle/build/webpack:/packages/migrate/index.js:114:1)\n        at Object.run (/home/runner/work/neon-compatibility/neon-compatibility/node_modules/truffle/build/webpack:/packages/migrate/index.js:79:1)\n        at Object.run (/home/runner/work/neon-compatibility/neon-compatibility/node_modules/truffle/build/webpack:/packages/core/lib/testing/Test.js:109:1)\n        at Object.run (/home/runner/work/neon-compatibility/neon-compatibility/node_modules/truffle/build/webpack:/packages/core/lib/commands/test/index.js:177:1)\n        at Command.run (/home/runner/work/neon-compatibility/neon-compatibility/node_modules/truffle/build/webpack:/packages/core/lib/command.js:183:1)\n    Truffle v5.4.14 (core: 5.4.14)\n    Node v16.14.0\n    /home/runner/work/neon-compatibility/neon-compatibility",
        "time" : {
          "start" : 1647833068161,
          "stop" : 1647833086791,
          "duration" : 18630
        }
      }, {
        "uid" : "f0863e3efc102054",
        "reportUrl" : "https://neonlabsorg.github.io/neon-compatibility/885//#testresult/f0863e3efc102054",
        "status" : "failed",
        "statusDetails" : "AssertionError: assert 'Error: Coul... any sources' not in '/home/runne...patibility\\n'\n  'Error: Could not f...ns from any sources' is contained here:\n           ^\n    \n    Error: Could not find artifacts for Migrations from any sources\n        at Resolver.require (/home/runner/work/neon-compatibility/neon-compatibility/node_modules/truffle/build/webpack:/packages/resolver/dist/lib/resolver.js:61:1)\n        at Object.require (/home/runner/work/neon-compatibility/neon-compatibility/node_modules/truffle/build/webpack:/packages/migrate/index.js:172:1)\n        at ResolverIntercept.require (/home/runner/work/neon-compatibility/neon-compatibility/node_modules/truffle/build/webpack:/packages/migrate/ResolverIntercept.js:22:1)\n        at /home/runner/work/neon-compatibility/neon-compatibility/OpenZeppelin/migrations/1_initial_migration.js:1:30\n        at Script.runInContext (node:vm:139:12)\n        at Script.runInNewContext (node:vm:144:17)\n        at Object.file (/home/runner/work/neon-compatibility/neon-compatibility/node_modules/truffle/build/webpack:/packages/require/require.js:94:1)\n        at Migration._load (/home/runner/work/neon-compatibility/neon-compatibility/node_modules/truffle/build/webpack:/packages/migrate/Migration.js:44:1)\n        at Migration.run (/home/runner/work/neon-compatibility/neon-compatibility/node_modules/truffle/build/webpack:/packages/migrate/Migration.js:217:1)\n        at Object.runMigrations (/home/runner/work/neon-compatibility/neon-compatibility/node_modules/truffle/build/webpack:/packages/migrate/index.js:150:1)\n        at Object.runFrom (/home/runner/work/neon-compatibility/neon-compatibility/node_modules/truffle/build/webpack:/packages/migrate/index.js:110:1)\n        at Object.runAll (/home/runner/work/neon-compatibility/neon-compatibility/node_modules/truffle/build/webpack:/packages/migrate/index.js:114:1)\n        at Object.run (/home/runner/work/neon-compatibility/neon-compatibility/node_modules/truffle/build/webpack:/packages/migrate/index.js:79:1)\n        at Object.run (/home/runner/work/neon-compatibility/neon-compatibility/node_modules/truffle/build/webpack:/packages/core/lib/testing/Test.js:109:1)\n        at Object.run (/home/runner/work/neon-compatibility/neon-compatibility/node_modules/truffle/build/webpack:/packages/core/lib/commands/test/index.js:177:1)\n        at Command.run (/home/runner/work/neon-compatibility/neon-compatibility/node_modules/truffle/build/webpack:/packages/core/lib/command.js:183:1)\n    Truffle v5.4.14 (core: 5.4.14)\n    Node v16.14.0\n    /home/runner/work/neon-compatibility/neon-compatibility",
        "time" : {
          "start" : 1647823273658,
          "stop" : 1647823295133,
          "duration" : 21475
        }
      }, {
        "uid" : "43d39b74fb7b4071",
        "reportUrl" : "https://neonlabsorg.github.io/neon-compatibility/884//#testresult/43d39b74fb7b4071",
        "status" : "failed",
        "statusDetails" : "AssertionError: assert 'Error: Coul... any sources' not in '/home/runne...patibility\\n'\n  'Error: Could not f...ns from any sources' is contained here:\n           ^\n    \n    Error: Could not find artifacts for Migrations from any sources\n        at Resolver.require (/home/runner/work/neon-compatibility/neon-compatibility/node_modules/truffle/build/webpack:/packages/resolver/dist/lib/resolver.js:61:1)\n        at Object.require (/home/runner/work/neon-compatibility/neon-compatibility/node_modules/truffle/build/webpack:/packages/migrate/index.js:172:1)\n        at ResolverIntercept.require (/home/runner/work/neon-compatibility/neon-compatibility/node_modules/truffle/build/webpack:/packages/migrate/ResolverIntercept.js:22:1)\n        at /home/runner/work/neon-compatibility/neon-compatibility/OpenZeppelin/migrations/1_initial_migration.js:1:30\n        at Script.runInContext (node:vm:139:12)\n        at Script.runInNewContext (node:vm:144:17)\n        at Object.file (/home/runner/work/neon-compatibility/neon-compatibility/node_modules/truffle/build/webpack:/packages/require/require.js:94:1)\n        at Migration._load (/home/runner/work/neon-compatibility/neon-compatibility/node_modules/truffle/build/webpack:/packages/migrate/Migration.js:44:1)\n        at Migration.run (/home/runner/work/neon-compatibility/neon-compatibility/node_modules/truffle/build/webpack:/packages/migrate/Migration.js:217:1)\n        at Object.runMigrations (/home/runner/work/neon-compatibility/neon-compatibility/node_modules/truffle/build/webpack:/packages/migrate/index.js:150:1)\n        at Object.runFrom (/home/runner/work/neon-compatibility/neon-compatibility/node_modules/truffle/build/webpack:/packages/migrate/index.js:110:1)\n        at Object.runAll (/home/runner/work/neon-compatibility/neon-compatibility/node_modules/truffle/build/webpack:/packages/migrate/index.js:114:1)\n        at Object.run (/home/runner/work/neon-compatibility/neon-compatibility/node_modules/truffle/build/webpack:/packages/migrate/index.js:79:1)\n        at Object.run (/home/runner/work/neon-compatibility/neon-compatibility/node_modules/truffle/build/webpack:/packages/core/lib/testing/Test.js:109:1)\n        at Object.run (/home/runner/work/neon-compatibility/neon-compatibility/node_modules/truffle/build/webpack:/packages/core/lib/commands/test/index.js:177:1)\n        at Command.run (/home/runner/work/neon-compatibility/neon-compatibility/node_modules/truffle/build/webpack:/packages/core/lib/command.js:183:1)\n    Truffle v5.4.14 (core: 5.4.14)\n    Node v16.14.0\n    /home/runner/work/neon-compatibility/neon-compatibility",
        "time" : {
          "start" : 1647746012517,
          "stop" : 1647746031371,
          "duration" : 18854
        }
      }, {
        "uid" : "bbe9a049fd19599a",
        "reportUrl" : "https://neonlabsorg.github.io/neon-compatibility/883//#testresult/bbe9a049fd19599a",
        "status" : "failed",
        "statusDetails" : "AssertionError: assert 'Error: Coul... any sources' not in '/home/runne...patibility\\n'\n  'Error: Could not f...ns from any sources' is contained here:\n           ^\n    \n    Error: Could not find artifacts for Migrations from any sources\n        at Resolver.require (/home/runner/work/neon-compatibility/neon-compatibility/node_modules/truffle/build/webpack:/packages/resolver/dist/lib/resolver.js:61:1)\n        at Object.require (/home/runner/work/neon-compatibility/neon-compatibility/node_modules/truffle/build/webpack:/packages/migrate/index.js:172:1)\n        at ResolverIntercept.require (/home/runner/work/neon-compatibility/neon-compatibility/node_modules/truffle/build/webpack:/packages/migrate/ResolverIntercept.js:22:1)\n        at /home/runner/work/neon-compatibility/neon-compatibility/OpenZeppelin/migrations/1_initial_migration.js:1:30\n        at Script.runInContext (node:vm:139:12)\n        at Script.runInNewContext (node:vm:144:17)\n        at Object.file (/home/runner/work/neon-compatibility/neon-compatibility/node_modules/truffle/build/webpack:/packages/require/require.js:94:1)\n        at Migration._load (/home/runner/work/neon-compatibility/neon-compatibility/node_modules/truffle/build/webpack:/packages/migrate/Migration.js:44:1)\n        at Migration.run (/home/runner/work/neon-compatibility/neon-compatibility/node_modules/truffle/build/webpack:/packages/migrate/Migration.js:217:1)\n        at Object.runMigrations (/home/runner/work/neon-compatibility/neon-compatibility/node_modules/truffle/build/webpack:/packages/migrate/index.js:150:1)\n        at Object.runFrom (/home/runner/work/neon-compatibility/neon-compatibility/node_modules/truffle/build/webpack:/packages/migrate/index.js:110:1)\n        at Object.runAll (/home/runner/work/neon-compatibility/neon-compatibility/node_modules/truffle/build/webpack:/packages/migrate/index.js:114:1)\n        at Object.run (/home/runner/work/neon-compatibility/neon-compatibility/node_modules/truffle/build/webpack:/packages/migrate/index.js:79:1)\n        at Object.run (/home/runner/work/neon-compatibility/neon-compatibility/node_modules/truffle/build/webpack:/packages/core/lib/testing/Test.js:109:1)\n        at Object.run (/home/runner/work/neon-compatibility/neon-compatibility/node_modules/truffle/build/webpack:/packages/core/lib/commands/test/index.js:177:1)\n        at Command.run (/home/runner/work/neon-compatibility/neon-compatibility/node_modules/truffle/build/webpack:/packages/core/lib/command.js:183:1)\n    Truffle v5.4.14 (core: 5.4.14)\n    Node v16.14.0\n    /home/runner/work/neon-compatibility/neon-compatibility",
        "time" : {
          "start" : 1647736832338,
          "stop" : 1647736851225,
          "duration" : 18887
        }
      }, {
        "uid" : "dd7976cc89939e71",
        "reportUrl" : "https://neonlabsorg.github.io/neon-compatibility/882//#testresult/dd7976cc89939e71",
        "status" : "failed",
        "statusDetails" : "AssertionError: assert 'Error: Coul... any sources' not in '/home/runne...patibility\\n'\n  'Error: Could not f...ns from any sources' is contained here:\n           ^\n    \n    Error: Could not find artifacts for Migrations from any sources\n        at Resolver.require (/home/runner/work/neon-compatibility/neon-compatibility/node_modules/truffle/build/webpack:/packages/resolver/dist/lib/resolver.js:61:1)\n        at Object.require (/home/runner/work/neon-compatibility/neon-compatibility/node_modules/truffle/build/webpack:/packages/migrate/index.js:172:1)\n        at ResolverIntercept.require (/home/runner/work/neon-compatibility/neon-compatibility/node_modules/truffle/build/webpack:/packages/migrate/ResolverIntercept.js:22:1)\n        at /home/runner/work/neon-compatibility/neon-compatibility/OpenZeppelin/migrations/1_initial_migration.js:1:30\n        at Script.runInContext (node:vm:139:12)\n        at Script.runInNewContext (node:vm:144:17)\n        at Object.file (/home/runner/work/neon-compatibility/neon-compatibility/node_modules/truffle/build/webpack:/packages/require/require.js:94:1)\n        at Migration._load (/home/runner/work/neon-compatibility/neon-compatibility/node_modules/truffle/build/webpack:/packages/migrate/Migration.js:44:1)\n        at Migration.run (/home/runner/work/neon-compatibility/neon-compatibility/node_modules/truffle/build/webpack:/packages/migrate/Migration.js:217:1)\n        at Object.runMigrations (/home/runner/work/neon-compatibility/neon-compatibility/node_modules/truffle/build/webpack:/packages/migrate/index.js:150:1)\n        at Object.runFrom (/home/runner/work/neon-compatibility/neon-compatibility/node_modules/truffle/build/webpack:/packages/migrate/index.js:110:1)\n        at Object.runAll (/home/runner/work/neon-compatibility/neon-compatibility/node_modules/truffle/build/webpack:/packages/migrate/index.js:114:1)\n        at Object.run (/home/runner/work/neon-compatibility/neon-compatibility/node_modules/truffle/build/webpack:/packages/migrate/index.js:79:1)\n        at Object.run (/home/runner/work/neon-compatibility/neon-compatibility/node_modules/truffle/build/webpack:/packages/core/lib/testing/Test.js:109:1)\n        at Object.run (/home/runner/work/neon-compatibility/neon-compatibility/node_modules/truffle/build/webpack:/packages/core/lib/commands/test/index.js:177:1)\n        at Command.run (/home/runner/work/neon-compatibility/neon-compatibility/node_modules/truffle/build/webpack:/packages/core/lib/command.js:183:1)\n    Truffle v5.4.14 (core: 5.4.14)\n    Node v16.14.0\n    /home/runner/work/neon-compatibility/neon-compatibility",
        "time" : {
          "start" : 1647659616232,
          "stop" : 1647659635253,
          "duration" : 19021
        }
      }, {
        "uid" : "c72eacccf6f74fa6",
        "reportUrl" : "https://neonlabsorg.github.io/neon-compatibility/881//#testresult/c72eacccf6f74fa6",
        "status" : "failed",
        "statusDetails" : "AssertionError: assert 'Error: Coul... any sources' not in '/home/runne...patibility\\n'\n  'Error: Could not f...ns from any sources' is contained here:\n           ^\n    \n    Error: Could not find artifacts for Migrations from any sources\n        at Resolver.require (/home/runner/work/neon-compatibility/neon-compatibility/node_modules/truffle/build/webpack:/packages/resolver/dist/lib/resolver.js:61:1)\n        at Object.require (/home/runner/work/neon-compatibility/neon-compatibility/node_modules/truffle/build/webpack:/packages/migrate/index.js:172:1)\n        at ResolverIntercept.require (/home/runner/work/neon-compatibility/neon-compatibility/node_modules/truffle/build/webpack:/packages/migrate/ResolverIntercept.js:22:1)\n        at /home/runner/work/neon-compatibility/neon-compatibility/OpenZeppelin/migrations/1_initial_migration.js:1:30\n        at Script.runInContext (node:vm:139:12)\n        at Script.runInNewContext (node:vm:144:17)\n        at Object.file (/home/runner/work/neon-compatibility/neon-compatibility/node_modules/truffle/build/webpack:/packages/require/require.js:94:1)\n        at Migration._load (/home/runner/work/neon-compatibility/neon-compatibility/node_modules/truffle/build/webpack:/packages/migrate/Migration.js:44:1)\n        at Migration.run (/home/runner/work/neon-compatibility/neon-compatibility/node_modules/truffle/build/webpack:/packages/migrate/Migration.js:217:1)\n        at Object.runMigrations (/home/runner/work/neon-compatibility/neon-compatibility/node_modules/truffle/build/webpack:/packages/migrate/index.js:150:1)\n        at Object.runFrom (/home/runner/work/neon-compatibility/neon-compatibility/node_modules/truffle/build/webpack:/packages/migrate/index.js:110:1)\n        at Object.runAll (/home/runner/work/neon-compatibility/neon-compatibility/node_modules/truffle/build/webpack:/packages/migrate/index.js:114:1)\n        at Object.run (/home/runner/work/neon-compatibility/neon-compatibility/node_modules/truffle/build/webpack:/packages/migrate/index.js:79:1)\n        at Object.run (/home/runner/work/neon-compatibility/neon-compatibility/node_modules/truffle/build/webpack:/packages/core/lib/testing/Test.js:109:1)\n        at Object.run (/home/runner/work/neon-compatibility/neon-compatibility/node_modules/truffle/build/webpack:/packages/core/lib/commands/test/index.js:177:1)\n        at Command.run (/home/runner/work/neon-compatibility/neon-compatibility/node_modules/truffle/build/webpack:/packages/core/lib/command.js:183:1)\n    Truffle v5.4.14 (core: 5.4.14)\n    Node v16.14.0\n    /home/runner/work/neon-compatibility/neon-compatibility",
        "time" : {
          "start" : 1647650338488,
          "stop" : 1647650357317,
          "duration" : 18829
        }
      }, {
        "uid" : "644138569e9deda6",
        "reportUrl" : "https://neonlabsorg.github.io/neon-compatibility/878//#testresult/644138569e9deda6",
        "status" : "failed",
        "statusDetails" : "AssertionError: assert 'Error: Coul... any sources' not in '/home/runne...patibility\\n'\n  'Error: Could not f...ns from any sources' is contained here:\n           ^\n    \n    Error: Could not find artifacts for Migrations from any sources\n        at Resolver.require (/home/runner/work/neon-compatibility/neon-compatibility/node_modules/truffle/build/webpack:/packages/resolver/dist/lib/resolver.js:61:1)\n        at Object.require (/home/runner/work/neon-compatibility/neon-compatibility/node_modules/truffle/build/webpack:/packages/migrate/index.js:172:1)\n        at ResolverIntercept.require (/home/runner/work/neon-compatibility/neon-compatibility/node_modules/truffle/build/webpack:/packages/migrate/ResolverIntercept.js:22:1)\n        at /home/runner/work/neon-compatibility/neon-compatibility/OpenZeppelin/migrations/1_initial_migration.js:1:30\n        at Script.runInContext (node:vm:139:12)\n        at Script.runInNewContext (node:vm:144:17)\n        at Object.file (/home/runner/work/neon-compatibility/neon-compatibility/node_modules/truffle/build/webpack:/packages/require/require.js:94:1)\n        at Migration._load (/home/runner/work/neon-compatibility/neon-compatibility/node_modules/truffle/build/webpack:/packages/migrate/Migration.js:44:1)\n        at Migration.run (/home/runner/work/neon-compatibility/neon-compatibility/node_modules/truffle/build/webpack:/packages/migrate/Migration.js:217:1)\n        at Object.runMigrations (/home/runner/work/neon-compatibility/neon-compatibility/node_modules/truffle/build/webpack:/packages/migrate/index.js:150:1)\n        at Object.runFrom (/home/runner/work/neon-compatibility/neon-compatibility/node_modules/truffle/build/webpack:/packages/migrate/index.js:110:1)\n        at Object.runAll (/home/runner/work/neon-compatibility/neon-compatibility/node_modules/truffle/build/webpack:/packages/migrate/index.js:114:1)\n        at Object.run (/home/runner/work/neon-compatibility/neon-compatibility/node_modules/truffle/build/webpack:/packages/migrate/index.js:79:1)\n        at Object.run (/home/runner/work/neon-compatibility/neon-compatibility/node_modules/truffle/build/webpack:/packages/core/lib/testing/Test.js:109:1)\n        at Object.run (/home/runner/work/neon-compatibility/neon-compatibility/node_modules/truffle/build/webpack:/packages/core/lib/commands/test/index.js:177:1)\n        at Command.run (/home/runner/work/neon-compatibility/neon-compatibility/node_modules/truffle/build/webpack:/packages/core/lib/command.js:183:1)\n    Truffle v5.4.14 (core: 5.4.14)\n    Node v16.14.0\n    /home/runner/work/neon-compatibility/neon-compatibility",
        "time" : {
          "start" : 1647596784222,
          "stop" : 1647596803139,
          "duration" : 18917
        }
      }, {
        "uid" : "bb6969d58e6935e1",
        "reportUrl" : "https://neonlabsorg.github.io/neon-compatibility/874//#testresult/bb6969d58e6935e1",
        "status" : "failed",
        "statusDetails" : "AssertionError: assert 'Error: Coul... any sources' not in '/home/runne...patibility\\n'\n  'Error: Could not f...ns from any sources' is contained here:\n           ^\n    \n    Error: Could not find artifacts for Migrations from any sources\n        at Resolver.require (/home/runner/work/neon-compatibility/neon-compatibility/node_modules/truffle/build/webpack:/packages/resolver/dist/lib/resolver.js:61:1)\n        at Object.require (/home/runner/work/neon-compatibility/neon-compatibility/node_modules/truffle/build/webpack:/packages/migrate/index.js:172:1)\n        at ResolverIntercept.require (/home/runner/work/neon-compatibility/neon-compatibility/node_modules/truffle/build/webpack:/packages/migrate/ResolverIntercept.js:22:1)\n        at /home/runner/work/neon-compatibility/neon-compatibility/OpenZeppelin/migrations/1_initial_migration.js:1:30\n        at Script.runInContext (node:vm:139:12)\n        at Script.runInNewContext (node:vm:144:17)\n        at Object.file (/home/runner/work/neon-compatibility/neon-compatibility/node_modules/truffle/build/webpack:/packages/require/require.js:94:1)\n        at Migration._load (/home/runner/work/neon-compatibility/neon-compatibility/node_modules/truffle/build/webpack:/packages/migrate/Migration.js:44:1)\n        at Migration.run (/home/runner/work/neon-compatibility/neon-compatibility/node_modules/truffle/build/webpack:/packages/migrate/Migration.js:217:1)\n        at Object.runMigrations (/home/runner/work/neon-compatibility/neon-compatibility/node_modules/truffle/build/webpack:/packages/migrate/index.js:150:1)\n        at Object.runFrom (/home/runner/work/neon-compatibility/neon-compatibility/node_modules/truffle/build/webpack:/packages/migrate/index.js:110:1)\n        at Object.runAll (/home/runner/work/neon-compatibility/neon-compatibility/node_modules/truffle/build/webpack:/packages/migrate/index.js:114:1)\n        at Object.run (/home/runner/work/neon-compatibility/neon-compatibility/node_modules/truffle/build/webpack:/packages/migrate/index.js:79:1)\n        at Object.run (/home/runner/work/neon-compatibility/neon-compatibility/node_modules/truffle/build/webpack:/packages/core/lib/testing/Test.js:109:1)\n        at Object.run (/home/runner/work/neon-compatibility/neon-compatibility/node_modules/truffle/build/webpack:/packages/core/lib/commands/test/index.js:177:1)\n        at Command.run (/home/runner/work/neon-compatibility/neon-compatibility/node_modules/truffle/build/webpack:/packages/core/lib/command.js:183:1)\n    Truffle v5.4.14 (core: 5.4.14)\n    Node v16.14.0\n    /home/runner/work/neon-compatibility/neon-compatibility",
        "time" : {
          "start" : 1647575765148,
          "stop" : 1647575783404,
          "duration" : 18256
        }
      }, {
        "uid" : "16efd07caf843138",
        "reportUrl" : "https://neonlabsorg.github.io/neon-compatibility/873//#testresult/16efd07caf843138",
        "status" : "failed",
        "statusDetails" : "AssertionError: assert 'Error: Coul... any sources' not in '/home/runne...patibility\\n'\n  'Error: Could not f...ns from any sources' is contained here:\n           ^\n    \n    Error: Could not find artifacts for Migrations from any sources\n        at Resolver.require (/home/runner/work/neon-compatibility/neon-compatibility/node_modules/truffle/build/webpack:/packages/resolver/dist/lib/resolver.js:61:1)\n        at Object.require (/home/runner/work/neon-compatibility/neon-compatibility/node_modules/truffle/build/webpack:/packages/migrate/index.js:172:1)\n        at ResolverIntercept.require (/home/runner/work/neon-compatibility/neon-compatibility/node_modules/truffle/build/webpack:/packages/migrate/ResolverIntercept.js:22:1)\n        at /home/runner/work/neon-compatibility/neon-compatibility/OpenZeppelin/migrations/1_initial_migration.js:1:30\n        at Script.runInContext (node:vm:139:12)\n        at Script.runInNewContext (node:vm:144:17)\n        at Object.file (/home/runner/work/neon-compatibility/neon-compatibility/node_modules/truffle/build/webpack:/packages/require/require.js:94:1)\n        at Migration._load (/home/runner/work/neon-compatibility/neon-compatibility/node_modules/truffle/build/webpack:/packages/migrate/Migration.js:44:1)\n        at Migration.run (/home/runner/work/neon-compatibility/neon-compatibility/node_modules/truffle/build/webpack:/packages/migrate/Migration.js:217:1)\n        at Object.runMigrations (/home/runner/work/neon-compatibility/neon-compatibility/node_modules/truffle/build/webpack:/packages/migrate/index.js:150:1)\n        at Object.runFrom (/home/runner/work/neon-compatibility/neon-compatibility/node_modules/truffle/build/webpack:/packages/migrate/index.js:110:1)\n        at Object.runAll (/home/runner/work/neon-compatibility/neon-compatibility/node_modules/truffle/build/webpack:/packages/migrate/index.js:114:1)\n        at Object.run (/home/runner/work/neon-compatibility/neon-compatibility/node_modules/truffle/build/webpack:/packages/migrate/index.js:79:1)\n        at Object.run (/home/runner/work/neon-compatibility/neon-compatibility/node_modules/truffle/build/webpack:/packages/core/lib/testing/Test.js:109:1)\n        at Object.run (/home/runner/work/neon-compatibility/neon-compatibility/node_modules/truffle/build/webpack:/packages/core/lib/commands/test/index.js:177:1)\n        at Command.run (/home/runner/work/neon-compatibility/neon-compatibility/node_modules/truffle/build/webpack:/packages/core/lib/command.js:183:1)\n    Truffle v5.4.14 (core: 5.4.14)\n    Node v16.14.0\n    /home/runner/work/neon-compatibility/neon-compatibility",
        "time" : {
          "start" : 1647566884302,
          "stop" : 1647566905121,
          "duration" : 20819
        }
      }, {
        "uid" : "146c59ad4c7af8c7",
        "reportUrl" : "https://neonlabsorg.github.io/neon-compatibility/864//#testresult/146c59ad4c7af8c7",
        "status" : "failed",
        "statusDetails" : "AssertionError: assert 'Error: Coul... any sources' not in '/home/runne...patibility\\n'\n  'Error: Could not f...ns from any sources' is contained here:\n           ^\n    \n    Error: Could not find artifacts for Migrations from any sources\n        at Resolver.require (/home/runner/work/neon-compatibility/neon-compatibility/node_modules/truffle/build/webpack:/packages/resolver/dist/lib/resolver.js:61:1)\n        at Object.require (/home/runner/work/neon-compatibility/neon-compatibility/node_modules/truffle/build/webpack:/packages/migrate/index.js:172:1)\n        at ResolverIntercept.require (/home/runner/work/neon-compatibility/neon-compatibility/node_modules/truffle/build/webpack:/packages/migrate/ResolverIntercept.js:22:1)\n        at /home/runner/work/neon-compatibility/neon-compatibility/OpenZeppelin/migrations/1_initial_migration.js:1:30\n        at Script.runInContext (node:vm:139:12)\n        at Script.runInNewContext (node:vm:144:17)\n        at Object.file (/home/runner/work/neon-compatibility/neon-compatibility/node_modules/truffle/build/webpack:/packages/require/require.js:94:1)\n        at Migration._load (/home/runner/work/neon-compatibility/neon-compatibility/node_modules/truffle/build/webpack:/packages/migrate/Migration.js:44:1)\n        at Migration.run (/home/runner/work/neon-compatibility/neon-compatibility/node_modules/truffle/build/webpack:/packages/migrate/Migration.js:217:1)\n        at Object.runMigrations (/home/runner/work/neon-compatibility/neon-compatibility/node_modules/truffle/build/webpack:/packages/migrate/index.js:150:1)\n        at Object.runFrom (/home/runner/work/neon-compatibility/neon-compatibility/node_modules/truffle/build/webpack:/packages/migrate/index.js:110:1)\n        at Object.runAll (/home/runner/work/neon-compatibility/neon-compatibility/node_modules/truffle/build/webpack:/packages/migrate/index.js:114:1)\n        at Object.run (/home/runner/work/neon-compatibility/neon-compatibility/node_modules/truffle/build/webpack:/packages/migrate/index.js:79:1)\n        at Object.run (/home/runner/work/neon-compatibility/neon-compatibility/node_modules/truffle/build/webpack:/packages/core/lib/testing/Test.js:109:1)\n        at Object.run (/home/runner/work/neon-compatibility/neon-compatibility/node_modules/truffle/build/webpack:/packages/core/lib/commands/test/index.js:177:1)\n        at Command.run (/home/runner/work/neon-compatibility/neon-compatibility/node_modules/truffle/build/webpack:/packages/core/lib/command.js:183:1)\n    Truffle v5.4.14 (core: 5.4.14)\n    Node v16.14.0\n    /home/runner/work/neon-compatibility/neon-compatibility",
        "time" : {
          "start" : 1647486929503,
          "stop" : 1647486948186,
          "duration" : 18683
        }
      }, {
        "uid" : "1cb954fdbcb22bf8",
        "reportUrl" : "https://neonlabsorg.github.io/neon-compatibility/863//#testresult/1cb954fdbcb22bf8",
        "status" : "failed",
        "statusDetails" : "AssertionError: assert 'Error: Coul... any sources' not in '/home/runne...patibility\\n'\n  'Error: Could not f...ns from any sources' is contained here:\n           ^\n    \n    Error: Could not find artifacts for Migrations from any sources\n        at Resolver.require (/home/runner/work/neon-compatibility/neon-compatibility/node_modules/truffle/build/webpack:/packages/resolver/dist/lib/resolver.js:61:1)\n        at Object.require (/home/runner/work/neon-compatibility/neon-compatibility/node_modules/truffle/build/webpack:/packages/migrate/index.js:172:1)\n        at ResolverIntercept.require (/home/runner/work/neon-compatibility/neon-compatibility/node_modules/truffle/build/webpack:/packages/migrate/ResolverIntercept.js:22:1)\n        at /home/runner/work/neon-compatibility/neon-compatibility/OpenZeppelin/migrations/1_initial_migration.js:1:30\n        at Script.runInContext (node:vm:139:12)\n        at Script.runInNewContext (node:vm:144:17)\n        at Object.file (/home/runner/work/neon-compatibility/neon-compatibility/node_modules/truffle/build/webpack:/packages/require/require.js:94:1)\n        at Migration._load (/home/runner/work/neon-compatibility/neon-compatibility/node_modules/truffle/build/webpack:/packages/migrate/Migration.js:44:1)\n        at Migration.run (/home/runner/work/neon-compatibility/neon-compatibility/node_modules/truffle/build/webpack:/packages/migrate/Migration.js:217:1)\n        at Object.runMigrations (/home/runner/work/neon-compatibility/neon-compatibility/node_modules/truffle/build/webpack:/packages/migrate/index.js:150:1)\n        at Object.runFrom (/home/runner/work/neon-compatibility/neon-compatibility/node_modules/truffle/build/webpack:/packages/migrate/index.js:110:1)\n        at Object.runAll (/home/runner/work/neon-compatibility/neon-compatibility/node_modules/truffle/build/webpack:/packages/migrate/index.js:114:1)\n        at Object.run (/home/runner/work/neon-compatibility/neon-compatibility/node_modules/truffle/build/webpack:/packages/migrate/index.js:79:1)\n        at Object.run (/home/runner/work/neon-compatibility/neon-compatibility/node_modules/truffle/build/webpack:/packages/core/lib/testing/Test.js:109:1)\n        at Object.run (/home/runner/work/neon-compatibility/neon-compatibility/node_modules/truffle/build/webpack:/packages/core/lib/commands/test/index.js:177:1)\n        at Command.run (/home/runner/work/neon-compatibility/neon-compatibility/node_modules/truffle/build/webpack:/packages/core/lib/command.js:183:1)\n    Truffle v5.4.14 (core: 5.4.14)\n    Node v16.14.0\n    /home/runner/work/neon-compatibility/neon-compatibility",
        "time" : {
          "start" : 1647477598738,
          "stop" : 1647477617068,
          "duration" : 18330
        }
      }, {
        "uid" : "ce22f071cfba2f9d",
        "reportUrl" : "https://neonlabsorg.github.io/neon-compatibility/853//#testresult/ce22f071cfba2f9d",
        "status" : "failed",
        "statusDetails" : "AssertionError: assert 'Error: Coul... any sources' not in '/home/runne...patibility\\n'\n  'Error: Could not f...ns from any sources' is contained here:\n           ^\n    \n    Error: Could not find artifacts for Migrations from any sources\n        at Resolver.require (/home/runner/work/neon-compatibility/neon-compatibility/node_modules/truffle/build/webpack:/packages/resolver/dist/lib/resolver.js:61:1)\n        at Object.require (/home/runner/work/neon-compatibility/neon-compatibility/node_modules/truffle/build/webpack:/packages/migrate/index.js:172:1)\n        at ResolverIntercept.require (/home/runner/work/neon-compatibility/neon-compatibility/node_modules/truffle/build/webpack:/packages/migrate/ResolverIntercept.js:22:1)\n        at /home/runner/work/neon-compatibility/neon-compatibility/OpenZeppelin/migrations/1_initial_migration.js:1:30\n        at Script.runInContext (node:vm:139:12)\n        at Script.runInNewContext (node:vm:144:17)\n        at Object.file (/home/runner/work/neon-compatibility/neon-compatibility/node_modules/truffle/build/webpack:/packages/require/require.js:94:1)\n        at Migration._load (/home/runner/work/neon-compatibility/neon-compatibility/node_modules/truffle/build/webpack:/packages/migrate/Migration.js:44:1)\n        at Migration.run (/home/runner/work/neon-compatibility/neon-compatibility/node_modules/truffle/build/webpack:/packages/migrate/Migration.js:217:1)\n        at Object.runMigrations (/home/runner/work/neon-compatibility/neon-compatibility/node_modules/truffle/build/webpack:/packages/migrate/index.js:150:1)\n        at Object.runFrom (/home/runner/work/neon-compatibility/neon-compatibility/node_modules/truffle/build/webpack:/packages/migrate/index.js:110:1)\n        at Object.runAll (/home/runner/work/neon-compatibility/neon-compatibility/node_modules/truffle/build/webpack:/packages/migrate/index.js:114:1)\n        at Object.run (/home/runner/work/neon-compatibility/neon-compatibility/node_modules/truffle/build/webpack:/packages/migrate/index.js:79:1)\n        at Object.run (/home/runner/work/neon-compatibility/neon-compatibility/node_modules/truffle/build/webpack:/packages/core/lib/testing/Test.js:109:1)\n        at Object.run (/home/runner/work/neon-compatibility/neon-compatibility/node_modules/truffle/build/webpack:/packages/core/lib/commands/test/index.js:177:1)\n        at Command.run (/home/runner/work/neon-compatibility/neon-compatibility/node_modules/truffle/build/webpack:/packages/core/lib/command.js:183:1)\n    Truffle v5.4.14 (core: 5.4.14)\n    Node v16.14.0\n    /home/runner/work/neon-compatibility/neon-compatibility",
        "time" : {
          "start" : 1647400679124,
          "stop" : 1647400697359,
          "duration" : 18235
        }
      }, {
        "uid" : "8df8f535c7d46bb1",
        "reportUrl" : "https://neonlabsorg.github.io/neon-compatibility/852//#testresult/8df8f535c7d46bb1",
        "status" : "failed",
        "statusDetails" : "AssertionError: assert 'Error: Coul... any sources' not in '/home/runne...patibility\\n'\n  'Error: Could not f...ns from any sources' is contained here:\n           ^\n    \n    Error: Could not find artifacts for Migrations from any sources\n        at Resolver.require (/home/runner/work/neon-compatibility/neon-compatibility/node_modules/truffle/build/webpack:/packages/resolver/dist/lib/resolver.js:61:1)\n        at Object.require (/home/runner/work/neon-compatibility/neon-compatibility/node_modules/truffle/build/webpack:/packages/migrate/index.js:172:1)\n        at ResolverIntercept.require (/home/runner/work/neon-compatibility/neon-compatibility/node_modules/truffle/build/webpack:/packages/migrate/ResolverIntercept.js:22:1)\n        at /home/runner/work/neon-compatibility/neon-compatibility/OpenZeppelin/migrations/1_initial_migration.js:1:30\n        at Script.runInContext (node:vm:139:12)\n        at Script.runInNewContext (node:vm:144:17)\n        at Object.file (/home/runner/work/neon-compatibility/neon-compatibility/node_modules/truffle/build/webpack:/packages/require/require.js:94:1)\n        at Migration._load (/home/runner/work/neon-compatibility/neon-compatibility/node_modules/truffle/build/webpack:/packages/migrate/Migration.js:44:1)\n        at Migration.run (/home/runner/work/neon-compatibility/neon-compatibility/node_modules/truffle/build/webpack:/packages/migrate/Migration.js:217:1)\n        at Object.runMigrations (/home/runner/work/neon-compatibility/neon-compatibility/node_modules/truffle/build/webpack:/packages/migrate/index.js:150:1)\n        at Object.runFrom (/home/runner/work/neon-compatibility/neon-compatibility/node_modules/truffle/build/webpack:/packages/migrate/index.js:110:1)\n        at Object.runAll (/home/runner/work/neon-compatibility/neon-compatibility/node_modules/truffle/build/webpack:/packages/migrate/index.js:114:1)\n        at Object.run (/home/runner/work/neon-compatibility/neon-compatibility/node_modules/truffle/build/webpack:/packages/migrate/index.js:79:1)\n        at Object.run (/home/runner/work/neon-compatibility/neon-compatibility/node_modules/truffle/build/webpack:/packages/core/lib/testing/Test.js:109:1)\n        at Object.run (/home/runner/work/neon-compatibility/neon-compatibility/node_modules/truffle/build/webpack:/packages/core/lib/commands/test/index.js:177:1)\n        at Command.run (/home/runner/work/neon-compatibility/neon-compatibility/node_modules/truffle/build/webpack:/packages/core/lib/command.js:183:1)\n    Truffle v5.4.14 (core: 5.4.14)\n    Node v16.14.0\n    /home/runner/work/neon-compatibility/neon-compatibility",
        "time" : {
          "start" : 1647391252581,
          "stop" : 1647391271516,
          "duration" : 18935
        }
      }, {
        "uid" : "fa60df27668d0615",
        "reportUrl" : "https://neonlabsorg.github.io/neon-compatibility/850//#testresult/fa60df27668d0615",
        "status" : "failed",
        "statusDetails" : "AssertionError: assert 'Error: Coul... any sources' not in '/home/runne...patibility\\n'\n  'Error: Could not f...ns from any sources' is contained here:\n           ^\n    \n    Error: Could not find artifacts for Migrations from any sources\n        at Resolver.require (/home/runner/work/neon-compatibility/neon-compatibility/node_modules/truffle/build/webpack:/packages/resolver/dist/lib/resolver.js:61:1)\n        at Object.require (/home/runner/work/neon-compatibility/neon-compatibility/node_modules/truffle/build/webpack:/packages/migrate/index.js:172:1)\n        at ResolverIntercept.require (/home/runner/work/neon-compatibility/neon-compatibility/node_modules/truffle/build/webpack:/packages/migrate/ResolverIntercept.js:22:1)\n        at /home/runner/work/neon-compatibility/neon-compatibility/OpenZeppelin/migrations/1_initial_migration.js:1:30\n        at Script.runInContext (node:vm:139:12)\n        at Script.runInNewContext (node:vm:144:17)\n        at Object.file (/home/runner/work/neon-compatibility/neon-compatibility/node_modules/truffle/build/webpack:/packages/require/require.js:94:1)\n        at Migration._load (/home/runner/work/neon-compatibility/neon-compatibility/node_modules/truffle/build/webpack:/packages/migrate/Migration.js:44:1)\n        at Migration.run (/home/runner/work/neon-compatibility/neon-compatibility/node_modules/truffle/build/webpack:/packages/migrate/Migration.js:217:1)\n        at Object.runMigrations (/home/runner/work/neon-compatibility/neon-compatibility/node_modules/truffle/build/webpack:/packages/migrate/index.js:150:1)\n        at Object.runFrom (/home/runner/work/neon-compatibility/neon-compatibility/node_modules/truffle/build/webpack:/packages/migrate/index.js:110:1)\n        at Object.runAll (/home/runner/work/neon-compatibility/neon-compatibility/node_modules/truffle/build/webpack:/packages/migrate/index.js:114:1)\n        at Object.run (/home/runner/work/neon-compatibility/neon-compatibility/node_modules/truffle/build/webpack:/packages/migrate/index.js:79:1)\n        at Object.run (/home/runner/work/neon-compatibility/neon-compatibility/node_modules/truffle/build/webpack:/packages/core/lib/testing/Test.js:109:1)\n        at Object.run (/home/runner/work/neon-compatibility/neon-compatibility/node_modules/truffle/build/webpack:/packages/core/lib/commands/test/index.js:177:1)\n        at Command.run (/home/runner/work/neon-compatibility/neon-compatibility/node_modules/truffle/build/webpack:/packages/core/lib/command.js:183:1)\n    Truffle v5.4.14 (core: 5.4.14)\n    Node v16.14.0\n    /home/runner/work/neon-compatibility/neon-compatibility",
        "time" : {
          "start" : 1647314198246,
          "stop" : 1647314219948,
          "duration" : 21702
        }
      }, {
        "uid" : "4eaad598e4cd53b9",
        "reportUrl" : "https://neonlabsorg.github.io/neon-compatibility/849//#testresult/4eaad598e4cd53b9",
        "status" : "failed",
        "statusDetails" : "AssertionError: assert 'Error: Coul... any sources' not in '/home/runne...patibility\\n'\n  'Error: Could not f...ns from any sources' is contained here:\n           ^\n    \n    Error: Could not find artifacts for Migrations from any sources\n        at Resolver.require (/home/runner/work/neon-compatibility/neon-compatibility/node_modules/truffle/build/webpack:/packages/resolver/dist/lib/resolver.js:61:1)\n        at Object.require (/home/runner/work/neon-compatibility/neon-compatibility/node_modules/truffle/build/webpack:/packages/migrate/index.js:172:1)\n        at ResolverIntercept.require (/home/runner/work/neon-compatibility/neon-compatibility/node_modules/truffle/build/webpack:/packages/migrate/ResolverIntercept.js:22:1)\n        at /home/runner/work/neon-compatibility/neon-compatibility/OpenZeppelin/migrations/1_initial_migration.js:1:30\n        at Script.runInContext (node:vm:139:12)\n        at Script.runInNewContext (node:vm:144:17)\n        at Object.file (/home/runner/work/neon-compatibility/neon-compatibility/node_modules/truffle/build/webpack:/packages/require/require.js:94:1)\n        at Migration._load (/home/runner/work/neon-compatibility/neon-compatibility/node_modules/truffle/build/webpack:/packages/migrate/Migration.js:44:1)\n        at Migration.run (/home/runner/work/neon-compatibility/neon-compatibility/node_modules/truffle/build/webpack:/packages/migrate/Migration.js:217:1)\n        at Object.runMigrations (/home/runner/work/neon-compatibility/neon-compatibility/node_modules/truffle/build/webpack:/packages/migrate/index.js:150:1)\n        at Object.runFrom (/home/runner/work/neon-compatibility/neon-compatibility/node_modules/truffle/build/webpack:/packages/migrate/index.js:110:1)\n        at Object.runAll (/home/runner/work/neon-compatibility/neon-compatibility/node_modules/truffle/build/webpack:/packages/migrate/index.js:114:1)\n        at Object.run (/home/runner/work/neon-compatibility/neon-compatibility/node_modules/truffle/build/webpack:/packages/migrate/index.js:79:1)\n        at Object.run (/home/runner/work/neon-compatibility/neon-compatibility/node_modules/truffle/build/webpack:/packages/core/lib/testing/Test.js:109:1)\n        at Object.run (/home/runner/work/neon-compatibility/neon-compatibility/node_modules/truffle/build/webpack:/packages/core/lib/commands/test/index.js:177:1)\n        at Command.run (/home/runner/work/neon-compatibility/neon-compatibility/node_modules/truffle/build/webpack:/packages/core/lib/command.js:183:1)\n    Truffle v5.4.14 (core: 5.4.14)\n    Node v16.14.0\n    /home/runner/work/neon-compatibility/neon-compatibility",
        "time" : {
          "start" : 1647304905538,
          "stop" : 1647304923584,
          "duration" : 18046
        }
      }, {
        "uid" : "b2e32ee768160120",
        "reportUrl" : "https://neonlabsorg.github.io/neon-compatibility/847//#testresult/b2e32ee768160120",
        "status" : "failed",
        "statusDetails" : "AssertionError: assert 'Error: Coul... any sources' not in '/home/runne...patibility\\n'\n  'Error: Could not f...ns from any sources' is contained here:\n           ^\n    \n    Error: Could not find artifacts for Migrations from any sources\n        at Resolver.require (/home/runner/work/neon-compatibility/neon-compatibility/node_modules/truffle/build/webpack:/packages/resolver/dist/lib/resolver.js:61:1)\n        at Object.require (/home/runner/work/neon-compatibility/neon-compatibility/node_modules/truffle/build/webpack:/packages/migrate/index.js:172:1)\n        at ResolverIntercept.require (/home/runner/work/neon-compatibility/neon-compatibility/node_modules/truffle/build/webpack:/packages/migrate/ResolverIntercept.js:22:1)\n        at /home/runner/work/neon-compatibility/neon-compatibility/OpenZeppelin/migrations/1_initial_migration.js:1:30\n        at Script.runInContext (node:vm:139:12)\n        at Script.runInNewContext (node:vm:144:17)\n        at Object.file (/home/runner/work/neon-compatibility/neon-compatibility/node_modules/truffle/build/webpack:/packages/require/require.js:94:1)\n        at Migration._load (/home/runner/work/neon-compatibility/neon-compatibility/node_modules/truffle/build/webpack:/packages/migrate/Migration.js:44:1)\n        at Migration.run (/home/runner/work/neon-compatibility/neon-compatibility/node_modules/truffle/build/webpack:/packages/migrate/Migration.js:217:1)\n        at Object.runMigrations (/home/runner/work/neon-compatibility/neon-compatibility/node_modules/truffle/build/webpack:/packages/migrate/index.js:150:1)\n        at Object.runFrom (/home/runner/work/neon-compatibility/neon-compatibility/node_modules/truffle/build/webpack:/packages/migrate/index.js:110:1)\n        at Object.runAll (/home/runner/work/neon-compatibility/neon-compatibility/node_modules/truffle/build/webpack:/packages/migrate/index.js:114:1)\n        at Object.run (/home/runner/work/neon-compatibility/neon-compatibility/node_modules/truffle/build/webpack:/packages/migrate/index.js:79:1)\n        at Object.run (/home/runner/work/neon-compatibility/neon-compatibility/node_modules/truffle/build/webpack:/packages/core/lib/testing/Test.js:109:1)\n        at Object.run (/home/runner/work/neon-compatibility/neon-compatibility/node_modules/truffle/build/webpack:/packages/core/lib/commands/test/index.js:177:1)\n        at Command.run (/home/runner/work/neon-compatibility/neon-compatibility/node_modules/truffle/build/webpack:/packages/core/lib/command.js:183:1)\n    Truffle v5.4.14 (core: 5.4.14)\n    Node v16.14.0\n    /home/runner/work/neon-compatibility/neon-compatibility",
        "time" : {
          "start" : 1647227798655,
          "stop" : 1647227820195,
          "duration" : 21540
        }
      }, {
        "uid" : "4d4454a22aafbc8f",
        "reportUrl" : "https://neonlabsorg.github.io/neon-compatibility/846//#testresult/4d4454a22aafbc8f",
        "status" : "failed",
        "statusDetails" : "AssertionError: assert 'Error: Coul... any sources' not in '/home/runne...patibility\\n'\n  'Error: Could not f...ns from any sources' is contained here:\n           ^\n    \n    Error: Could not find artifacts for Migrations from any sources\n        at Resolver.require (/home/runner/work/neon-compatibility/neon-compatibility/node_modules/truffle/build/webpack:/packages/resolver/dist/lib/resolver.js:61:1)\n        at Object.require (/home/runner/work/neon-compatibility/neon-compatibility/node_modules/truffle/build/webpack:/packages/migrate/index.js:172:1)\n        at ResolverIntercept.require (/home/runner/work/neon-compatibility/neon-compatibility/node_modules/truffle/build/webpack:/packages/migrate/ResolverIntercept.js:22:1)\n        at /home/runner/work/neon-compatibility/neon-compatibility/OpenZeppelin/migrations/1_initial_migration.js:1:30\n        at Script.runInContext (node:vm:139:12)\n        at Script.runInNewContext (node:vm:144:17)\n        at Object.file (/home/runner/work/neon-compatibility/neon-compatibility/node_modules/truffle/build/webpack:/packages/require/require.js:94:1)\n        at Migration._load (/home/runner/work/neon-compatibility/neon-compatibility/node_modules/truffle/build/webpack:/packages/migrate/Migration.js:44:1)\n        at Migration.run (/home/runner/work/neon-compatibility/neon-compatibility/node_modules/truffle/build/webpack:/packages/migrate/Migration.js:217:1)\n        at Object.runMigrations (/home/runner/work/neon-compatibility/neon-compatibility/node_modules/truffle/build/webpack:/packages/migrate/index.js:150:1)\n        at Object.runFrom (/home/runner/work/neon-compatibility/neon-compatibility/node_modules/truffle/build/webpack:/packages/migrate/index.js:110:1)\n        at Object.runAll (/home/runner/work/neon-compatibility/neon-compatibility/node_modules/truffle/build/webpack:/packages/migrate/index.js:114:1)\n        at Object.run (/home/runner/work/neon-compatibility/neon-compatibility/node_modules/truffle/build/webpack:/packages/migrate/index.js:79:1)\n        at Object.run (/home/runner/work/neon-compatibility/neon-compatibility/node_modules/truffle/build/webpack:/packages/core/lib/testing/Test.js:109:1)\n        at Object.run (/home/runner/work/neon-compatibility/neon-compatibility/node_modules/truffle/build/webpack:/packages/core/lib/commands/test/index.js:177:1)\n        at Command.run (/home/runner/work/neon-compatibility/neon-compatibility/node_modules/truffle/build/webpack:/packages/core/lib/command.js:183:1)\n    Truffle v5.4.14 (core: 5.4.14)\n    Node v16.14.0\n    /home/runner/work/neon-compatibility/neon-compatibility",
        "time" : {
          "start" : 1647218557759,
          "stop" : 1647218576361,
          "duration" : 18602
        }
      }, {
        "uid" : "2e677750feca792e",
        "reportUrl" : "https://neonlabsorg.github.io/neon-compatibility/845//#testresult/2e677750feca792e",
        "status" : "failed",
        "statusDetails" : "AssertionError: assert 'Error: Coul... any sources' not in '/home/runne...patibility\\n'\n  'Error: Could not f...ns from any sources' is contained here:\n           ^\n    \n    Error: Could not find artifacts for Migrations from any sources\n        at Resolver.require (/home/runner/work/neon-compatibility/neon-compatibility/node_modules/truffle/build/webpack:/packages/resolver/dist/lib/resolver.js:61:1)\n        at Object.require (/home/runner/work/neon-compatibility/neon-compatibility/node_modules/truffle/build/webpack:/packages/migrate/index.js:172:1)\n        at ResolverIntercept.require (/home/runner/work/neon-compatibility/neon-compatibility/node_modules/truffle/build/webpack:/packages/migrate/ResolverIntercept.js:22:1)\n        at /home/runner/work/neon-compatibility/neon-compatibility/OpenZeppelin/migrations/1_initial_migration.js:1:30\n        at Script.runInContext (node:vm:139:12)\n        at Script.runInNewContext (node:vm:144:17)\n        at Object.file (/home/runner/work/neon-compatibility/neon-compatibility/node_modules/truffle/build/webpack:/packages/require/require.js:94:1)\n        at Migration._load (/home/runner/work/neon-compatibility/neon-compatibility/node_modules/truffle/build/webpack:/packages/migrate/Migration.js:44:1)\n        at Migration.run (/home/runner/work/neon-compatibility/neon-compatibility/node_modules/truffle/build/webpack:/packages/migrate/Migration.js:217:1)\n        at Object.runMigrations (/home/runner/work/neon-compatibility/neon-compatibility/node_modules/truffle/build/webpack:/packages/migrate/index.js:150:1)\n        at Object.runFrom (/home/runner/work/neon-compatibility/neon-compatibility/node_modules/truffle/build/webpack:/packages/migrate/index.js:110:1)\n        at Object.runAll (/home/runner/work/neon-compatibility/neon-compatibility/node_modules/truffle/build/webpack:/packages/migrate/index.js:114:1)\n        at Object.run (/home/runner/work/neon-compatibility/neon-compatibility/node_modules/truffle/build/webpack:/packages/migrate/index.js:79:1)\n        at Object.run (/home/runner/work/neon-compatibility/neon-compatibility/node_modules/truffle/build/webpack:/packages/core/lib/testing/Test.js:109:1)\n        at Object.run (/home/runner/work/neon-compatibility/neon-compatibility/node_modules/truffle/build/webpack:/packages/core/lib/commands/test/index.js:177:1)\n        at Command.run (/home/runner/work/neon-compatibility/neon-compatibility/node_modules/truffle/build/webpack:/packages/core/lib/command.js:183:1)\n    Truffle v5.4.14 (core: 5.4.14)\n    Node v16.14.0\n    /home/runner/work/neon-compatibility/neon-compatibility",
        "time" : {
          "start" : 1647141235452,
          "stop" : 1647141255214,
          "duration" : 19762
        }
      } ]
    },
    "tags" : [ ]
  },
  "source" : "c9577a666d3ebd07.json",
  "parameterValues" : [ "InputData(test_file='access/AccessControl.test.js', test_files=['access/AccessControl.test.js', 'access/AccessControl.behavior.js'], contracts=['mocks/AccessControlMock.sol', 'mocks/AccessControlEnumerableMock.sol', 'access/AccessControlEnumerable.sol', 'access/IAccessControlEnumerable.sol', 'utils/structs/EnumerableSet.sol', 'access/AccessControl.sol', 'utils/Strings.sol', 'utils/introspection/ERC165.sol', 'interfaces/IERC165.sol', 'utils/introspection/IERC165.sol'], migration_script='2_deploy_contracts.js')" ]
}