{
  "uid" : "fdcc2e19a772f06d",
  "name" : "test_truffle_test",
  "fullName" : "tests.truffle.test_truffle#test_truffle_test",
  "historyId" : "07db35a827628cf8ab363766d7795059",
  "time" : {
    "start" : 1639820269852,
    "stop" : 1639820359058,
    "duration" : 89206
  },
  "status" : "failed",
  "statusMessage" : "AssertionError: /home/runner/work/neon-compatibility/neon-compatibility/Metacoin\n  Using network 'neonlabs'.\n  \n  \n  Compiling your contracts...\n  ===========================\n  > Compiling ./contracts/ConvertLib.sol\n  > Compiling ./contracts/MetaCoin.sol\n  > Compiling ./contracts/Migrations.sol\n  > Compiling ./test/TestMetaCoin.sol\n  > Compilation warnings encountered:\n  \n      Warning: SPDX license identifier not provided in source file. Before publishing, consider adding a comment containing \"SPDX-License-Identifier: <SPDX-License>\" to each source file. Use \"SPDX-License-Identifier: UNLICENSED\" for non-open-source code. Please see https://spdx.org for more information.\n  --> project:/test/TestMetaCoin.sol\n  \n  ,Warning: Visibility for constructor is ignored. If you want the contract to be non-deployable, making it \"abstract\" is sufficient.\n    --> project:/contracts/MetaCoin.sol:16:2:\n     |\n  16 | \tconstructor() public {\n     | \t^ (Relevant source part starts here and spans across multiple lines).\n  \n  ,Warning: Visibility for constructor is ignored. If you want the contract to be non-deployable, making it \"abstract\" is sufficient.\n    --> project:/contracts/Migrations.sol:12:3:\n     |\n  12 |   constructor() public {\n     |   ^ (Relevant source part starts here and spans across multiple lines).\n  \n  \n  > Artifacts written to /tmp/test--4043-fmumlAjqNmQ9\n  > Compiled successfully using:\n     - solc: 0.8.4+commit.c7e474f2.Emscripten.clang\n  \n  /home/runner/work/neon-compatibility/neon-compatibility\n  \n  /home/runner/work/neon-compatibility/neon-compatibility/node_modules/request/request.js:848\n            var e = new Error('ETIMEDOUT')\n                    ^\n  Error: PollingBlockTracker - encountered an error while attempting to update latest block:\n  Error: ETIMEDOUT\n      at Timeout.<anonymous> (/home/runner/work/neon-compatibility/neon-compatibility/node_modules/request/request.js:848:19)\n      at listOnTimeout (node:internal/timers:557:17)\n      at processTimers (node:internal/timers:500:7)\n      at PollingBlockTracker._performSync (/home/runner/work/neon-compatibility/neon-compatibility/node_modules/eth-block-tracker/src/polling.js:51:24)\n      at runMicrotasks (<anonymous>)\n      at processTicksAndRejections (node:internal/process/task_queues:96:5)\n      at runNextTicks (node:internal/process/task_queues:65:3)\n      at listOnTimeout (node:internal/timers:526:9)\n      at processTimers (node:internal/timers:500:7)\n  \nassert 'Error: ETIMEDOUT' not in '/home/runne...ers:500:7)\\n'\n  'Error: ETIMEDOUT' is contained here:\n    st block:\n    Error: ETIMEDOUT\n        at Timeout.<anonymous> (/home/runner/work/neon-compatibility/neon-compatibility/node_modules/request/request.js:848:19)\n        at listOnTimeout (node:internal/timers:557:17)\n        at processTimers (node:internal/timers:500:7)\n        at PollingBlockTracker._performSync (/home/runner/work/neon-compatibility/neon-compatibility/node_modules/eth-block-tracker/src/polling.js:51:24)\n        at runMicrotasks (<anonymous>)\n        at processTicksAndRejections (node:internal/process/task_queues:96:5)\n        at runNextTicks (node:internal/process/task_queues:65:3)\n        at listOnTimeout (node:internal/timers:526:9)\n        at processTimers (node:internal/timers:500:7)",
  "statusTrace" : "@allure.feature(FEATURE)\n    def test_truffle_test():\n        # truffle neonlabs ./test/metacoin.js\n        cmd_res = run_command_line(\n            f\"{Subfolder.CD_METACOIN} {RunCommand.TRUFFLE} --network \" +\n            f\"{NETWORK_NAME} test {CD_BACK}\")\n        actual_result = cmd_res.stdout.decode() + cmd_res.stderr.decode()\n        assert cmd_res.returncode == 0, actual_result\n        assert TruffleError.ERROR_CONTRACTS_NOT_DEPLOYED not in actual_result\n        assert TruffleError.ERROR_NO_CONTRACTS_DEPLOYED not in actual_result\n        assert \"failing\" not in actual_result\n>       assert TruffleError.ERROR_ETIMEOUT not in actual_result, actual_result\nE       AssertionError: /home/runner/work/neon-compatibility/neon-compatibility/Metacoin\nE         Using network 'neonlabs'.\nE         \nE         \nE         Compiling your contracts...\nE         ===========================\nE         > Compiling ./contracts/ConvertLib.sol\nE         > Compiling ./contracts/MetaCoin.sol\nE         > Compiling ./contracts/Migrations.sol\nE         > Compiling ./test/TestMetaCoin.sol\nE         > Compilation warnings encountered:\nE         \nE             Warning: SPDX license identifier not provided in source file. Before publishing, consider adding a comment containing \"SPDX-License-Identifier: <SPDX-License>\" to each source file. Use \"SPDX-License-Identifier: UNLICENSED\" for non-open-source code. Please see https://spdx.org for more information.\nE         --> project:/test/TestMetaCoin.sol\nE         \nE         ,Warning: Visibility for constructor is ignored. If you want the contract to be non-deployable, making it \"abstract\" is sufficient.\nE           --> project:/contracts/MetaCoin.sol:16:2:\nE            |\nE         16 | \tconstructor() public {\nE            | \t^ (Relevant source part starts here and spans across multiple lines).\nE         \nE         ,Warning: Visibility for constructor is ignored. If you want the contract to be non-deployable, making it \"abstract\" is sufficient.\nE           --> project:/contracts/Migrations.sol:12:3:\nE            |\nE         12 |   constructor() public {\nE            |   ^ (Relevant source part starts here and spans across multiple lines).\nE         \nE         \nE         > Artifacts written to /tmp/test--4043-fmumlAjqNmQ9\nE         > Compiled successfully using:\nE            - solc: 0.8.4+commit.c7e474f2.Emscripten.clang\nE         \nE         /home/runner/work/neon-compatibility/neon-compatibility\nE         \nE         /home/runner/work/neon-compatibility/neon-compatibility/node_modules/request/request.js:848\nE                   var e = new Error('ETIMEDOUT')\nE                           ^\nE         Error: PollingBlockTracker - encountered an error while attempting to update latest block:\nE         Error: ETIMEDOUT\nE             at Timeout.<anonymous> (/home/runner/work/neon-compatibility/neon-compatibility/node_modules/request/request.js:848:19)\nE             at listOnTimeout (node:internal/timers:557:17)\nE             at processTimers (node:internal/timers:500:7)\nE             at PollingBlockTracker._performSync (/home/runner/work/neon-compatibility/neon-compatibility/node_modules/eth-block-tracker/src/polling.js:51:24)\nE             at runMicrotasks (<anonymous>)\nE             at processTicksAndRejections (node:internal/process/task_queues:96:5)\nE             at runNextTicks (node:internal/process/task_queues:65:3)\nE             at listOnTimeout (node:internal/timers:526:9)\nE             at processTimers (node:internal/timers:500:7)\nE         \nE       assert 'Error: ETIMEDOUT' not in '/home/runne...ers:500:7)\\n'\nE         'Error: ETIMEDOUT' is contained here:\nE           st block:\nE           Error: ETIMEDOUT\nE               at Timeout.<anonymous> (/home/runner/work/neon-compatibility/neon-compatibility/node_modules/request/request.js:848:19)\nE               at listOnTimeout (node:internal/timers:557:17)\nE               at processTimers (node:internal/timers:500:7)\nE               at PollingBlockTracker._performSync (/home/runner/work/neon-compatibility/neon-compatibility/node_modules/eth-block-tracker/src/polling.js:51:24)\nE               at runMicrotasks (<anonymous>)\nE               at processTicksAndRejections (node:internal/process/task_queues:96:5)\nE               at runNextTicks (node:internal/process/task_queues:65:3)\nE               at listOnTimeout (node:internal/timers:526:9)\nE               at processTimers (node:internal/timers:500:7)\n\ntests/truffle/test_truffle.py:66: AssertionError",
  "flaky" : false,
  "newFailed" : false,
  "newBroken" : false,
  "newPassed" : false,
  "retriesCount" : 0,
  "retriesStatusChange" : false,
  "beforeStages" : [ {
    "name" : "prepare_truffle_config",
    "time" : {
      "start" : 1639820269840,
      "stop" : 1639820269852,
      "duration" : 12
    },
    "status" : "passed",
    "steps" : [ {
      "name" : "Preset variables",
      "time" : {
        "start" : 1639820269840,
        "stop" : 1639820269851,
        "duration" : 11
      },
      "status" : "passed",
      "steps" : [ ],
      "attachments" : [ ],
      "parameters" : [ ],
      "stepsCount" : 0,
      "attachmentsCount" : 0,
      "shouldDisplayMessage" : false,
      "hasContent" : false
    }, {
      "name" : "Clean up folder \"'/home/runner/work/neon-compatibility/neon-compatibility/Metacoin/build/contracts'\"",
      "time" : {
        "start" : 1639820269852,
        "stop" : 1639820269852,
        "duration" : 0
      },
      "status" : "passed",
      "steps" : [ ],
      "attachments" : [ ],
      "parameters" : [ {
        "name" : "folder",
        "value" : "'/home/runner/work/neon-compatibility/neon-compatibility/Metacoin/build/contracts'"
      } ],
      "stepsCount" : 0,
      "attachmentsCount" : 0,
      "shouldDisplayMessage" : false,
      "hasContent" : true
    } ],
    "attachments" : [ ],
    "parameters" : [ ],
    "stepsCount" : 2,
    "attachmentsCount" : 0,
    "shouldDisplayMessage" : false,
    "hasContent" : true
  } ],
  "testStage" : {
    "status" : "failed",
    "statusMessage" : "AssertionError: /home/runner/work/neon-compatibility/neon-compatibility/Metacoin\n  Using network 'neonlabs'.\n  \n  \n  Compiling your contracts...\n  ===========================\n  > Compiling ./contracts/ConvertLib.sol\n  > Compiling ./contracts/MetaCoin.sol\n  > Compiling ./contracts/Migrations.sol\n  > Compiling ./test/TestMetaCoin.sol\n  > Compilation warnings encountered:\n  \n      Warning: SPDX license identifier not provided in source file. Before publishing, consider adding a comment containing \"SPDX-License-Identifier: <SPDX-License>\" to each source file. Use \"SPDX-License-Identifier: UNLICENSED\" for non-open-source code. Please see https://spdx.org for more information.\n  --> project:/test/TestMetaCoin.sol\n  \n  ,Warning: Visibility for constructor is ignored. If you want the contract to be non-deployable, making it \"abstract\" is sufficient.\n    --> project:/contracts/MetaCoin.sol:16:2:\n     |\n  16 | \tconstructor() public {\n     | \t^ (Relevant source part starts here and spans across multiple lines).\n  \n  ,Warning: Visibility for constructor is ignored. If you want the contract to be non-deployable, making it \"abstract\" is sufficient.\n    --> project:/contracts/Migrations.sol:12:3:\n     |\n  12 |   constructor() public {\n     |   ^ (Relevant source part starts here and spans across multiple lines).\n  \n  \n  > Artifacts written to /tmp/test--4043-fmumlAjqNmQ9\n  > Compiled successfully using:\n     - solc: 0.8.4+commit.c7e474f2.Emscripten.clang\n  \n  /home/runner/work/neon-compatibility/neon-compatibility\n  \n  /home/runner/work/neon-compatibility/neon-compatibility/node_modules/request/request.js:848\n            var e = new Error('ETIMEDOUT')\n                    ^\n  Error: PollingBlockTracker - encountered an error while attempting to update latest block:\n  Error: ETIMEDOUT\n      at Timeout.<anonymous> (/home/runner/work/neon-compatibility/neon-compatibility/node_modules/request/request.js:848:19)\n      at listOnTimeout (node:internal/timers:557:17)\n      at processTimers (node:internal/timers:500:7)\n      at PollingBlockTracker._performSync (/home/runner/work/neon-compatibility/neon-compatibility/node_modules/eth-block-tracker/src/polling.js:51:24)\n      at runMicrotasks (<anonymous>)\n      at processTicksAndRejections (node:internal/process/task_queues:96:5)\n      at runNextTicks (node:internal/process/task_queues:65:3)\n      at listOnTimeout (node:internal/timers:526:9)\n      at processTimers (node:internal/timers:500:7)\n  \nassert 'Error: ETIMEDOUT' not in '/home/runne...ers:500:7)\\n'\n  'Error: ETIMEDOUT' is contained here:\n    st block:\n    Error: ETIMEDOUT\n        at Timeout.<anonymous> (/home/runner/work/neon-compatibility/neon-compatibility/node_modules/request/request.js:848:19)\n        at listOnTimeout (node:internal/timers:557:17)\n        at processTimers (node:internal/timers:500:7)\n        at PollingBlockTracker._performSync (/home/runner/work/neon-compatibility/neon-compatibility/node_modules/eth-block-tracker/src/polling.js:51:24)\n        at runMicrotasks (<anonymous>)\n        at processTicksAndRejections (node:internal/process/task_queues:96:5)\n        at runNextTicks (node:internal/process/task_queues:65:3)\n        at listOnTimeout (node:internal/timers:526:9)\n        at processTimers (node:internal/timers:500:7)",
    "statusTrace" : "@allure.feature(FEATURE)\n    def test_truffle_test():\n        # truffle neonlabs ./test/metacoin.js\n        cmd_res = run_command_line(\n            f\"{Subfolder.CD_METACOIN} {RunCommand.TRUFFLE} --network \" +\n            f\"{NETWORK_NAME} test {CD_BACK}\")\n        actual_result = cmd_res.stdout.decode() + cmd_res.stderr.decode()\n        assert cmd_res.returncode == 0, actual_result\n        assert TruffleError.ERROR_CONTRACTS_NOT_DEPLOYED not in actual_result\n        assert TruffleError.ERROR_NO_CONTRACTS_DEPLOYED not in actual_result\n        assert \"failing\" not in actual_result\n>       assert TruffleError.ERROR_ETIMEOUT not in actual_result, actual_result\nE       AssertionError: /home/runner/work/neon-compatibility/neon-compatibility/Metacoin\nE         Using network 'neonlabs'.\nE         \nE         \nE         Compiling your contracts...\nE         ===========================\nE         > Compiling ./contracts/ConvertLib.sol\nE         > Compiling ./contracts/MetaCoin.sol\nE         > Compiling ./contracts/Migrations.sol\nE         > Compiling ./test/TestMetaCoin.sol\nE         > Compilation warnings encountered:\nE         \nE             Warning: SPDX license identifier not provided in source file. Before publishing, consider adding a comment containing \"SPDX-License-Identifier: <SPDX-License>\" to each source file. Use \"SPDX-License-Identifier: UNLICENSED\" for non-open-source code. Please see https://spdx.org for more information.\nE         --> project:/test/TestMetaCoin.sol\nE         \nE         ,Warning: Visibility for constructor is ignored. If you want the contract to be non-deployable, making it \"abstract\" is sufficient.\nE           --> project:/contracts/MetaCoin.sol:16:2:\nE            |\nE         16 | \tconstructor() public {\nE            | \t^ (Relevant source part starts here and spans across multiple lines).\nE         \nE         ,Warning: Visibility for constructor is ignored. If you want the contract to be non-deployable, making it \"abstract\" is sufficient.\nE           --> project:/contracts/Migrations.sol:12:3:\nE            |\nE         12 |   constructor() public {\nE            |   ^ (Relevant source part starts here and spans across multiple lines).\nE         \nE         \nE         > Artifacts written to /tmp/test--4043-fmumlAjqNmQ9\nE         > Compiled successfully using:\nE            - solc: 0.8.4+commit.c7e474f2.Emscripten.clang\nE         \nE         /home/runner/work/neon-compatibility/neon-compatibility\nE         \nE         /home/runner/work/neon-compatibility/neon-compatibility/node_modules/request/request.js:848\nE                   var e = new Error('ETIMEDOUT')\nE                           ^\nE         Error: PollingBlockTracker - encountered an error while attempting to update latest block:\nE         Error: ETIMEDOUT\nE             at Timeout.<anonymous> (/home/runner/work/neon-compatibility/neon-compatibility/node_modules/request/request.js:848:19)\nE             at listOnTimeout (node:internal/timers:557:17)\nE             at processTimers (node:internal/timers:500:7)\nE             at PollingBlockTracker._performSync (/home/runner/work/neon-compatibility/neon-compatibility/node_modules/eth-block-tracker/src/polling.js:51:24)\nE             at runMicrotasks (<anonymous>)\nE             at processTicksAndRejections (node:internal/process/task_queues:96:5)\nE             at runNextTicks (node:internal/process/task_queues:65:3)\nE             at listOnTimeout (node:internal/timers:526:9)\nE             at processTimers (node:internal/timers:500:7)\nE         \nE       assert 'Error: ETIMEDOUT' not in '/home/runne...ers:500:7)\\n'\nE         'Error: ETIMEDOUT' is contained here:\nE           st block:\nE           Error: ETIMEDOUT\nE               at Timeout.<anonymous> (/home/runner/work/neon-compatibility/neon-compatibility/node_modules/request/request.js:848:19)\nE               at listOnTimeout (node:internal/timers:557:17)\nE               at processTimers (node:internal/timers:500:7)\nE               at PollingBlockTracker._performSync (/home/runner/work/neon-compatibility/neon-compatibility/node_modules/eth-block-tracker/src/polling.js:51:24)\nE               at runMicrotasks (<anonymous>)\nE               at processTicksAndRejections (node:internal/process/task_queues:96:5)\nE               at runNextTicks (node:internal/process/task_queues:65:3)\nE               at listOnTimeout (node:internal/timers:526:9)\nE               at processTimers (node:internal/timers:500:7)\n\ntests/truffle/test_truffle.py:66: AssertionError",
    "steps" : [ {
      "name" : "Run command: \"'cd Metacoin; pwd; ../node_modules/.bin/truffle --network neonlabs test ; cd \"/home/runner/work/neon-compatibility/neon-compatibility\"; pwd;'\"",
      "time" : {
        "start" : 1639820269852,
        "stop" : 1639820359056,
        "duration" : 89204
      },
      "status" : "passed",
      "steps" : [ ],
      "attachments" : [ ],
      "parameters" : [ {
        "name" : "command",
        "value" : "'cd Metacoin; pwd; ../node_modules/.bin/truffle --network neonlabs test ; cd \"/home/runner/work/neon-compatibility/neon-compatibility\"; pwd;'"
      } ],
      "stepsCount" : 0,
      "attachmentsCount" : 0,
      "shouldDisplayMessage" : false,
      "hasContent" : true
    } ],
    "attachments" : [ {
      "uid" : "cbfe29f323476838",
      "name" : "stdout",
      "source" : "cbfe29f323476838.txt",
      "type" : "text/plain",
      "size" : 2620
    } ],
    "parameters" : [ ],
    "stepsCount" : 1,
    "attachmentsCount" : 1,
    "shouldDisplayMessage" : true,
    "hasContent" : true
  },
  "afterStages" : [ {
    "name" : "prepare_truffle_config::0",
    "time" : {
      "start" : 1639820359064,
      "stop" : 1639820359064,
      "duration" : 0
    },
    "status" : "passed",
    "steps" : [ ],
    "attachments" : [ ],
    "parameters" : [ ],
    "stepsCount" : 0,
    "attachmentsCount" : 0,
    "shouldDisplayMessage" : false,
    "hasContent" : false
  } ],
  "labels" : [ {
    "name" : "feature",
    "value" : "Truffle"
  }, {
    "name" : "parentSuite",
    "value" : "tests.truffle"
  }, {
    "name" : "suite",
    "value" : "test_truffle"
  }, {
    "name" : "host",
    "value" : "fv-az77-691"
  }, {
    "name" : "thread",
    "value" : "3597-MainThread"
  }, {
    "name" : "framework",
    "value" : "pytest"
  }, {
    "name" : "language",
    "value" : "cpython3"
  }, {
    "name" : "package",
    "value" : "tests.truffle.test_truffle"
  }, {
    "name" : "resultFormat",
    "value" : "allure2"
  } ],
  "parameters" : [ ],
  "links" : [ ],
  "hidden" : false,
  "retry" : false,
  "extra" : {
    "severity" : "normal",
    "retries" : [ ],
    "categories" : [ {
      "name" : "Connection problem",
      "messageRegex" : ".*Error: ETIMEDOUT.*|.*ESOCKETTIMEDOUT.*|.*ECONNRESET.*|.*Client network socket disconnected before secure TLS connection was established.*|.*500 Internal Server Error.*nginx.*|.*Error: socket hang up.*",
      "matchedStatuses" : [ ],
      "flaky" : false
    } ],
    "tags" : [ ]
  },
  "source" : "fdcc2e19a772f06d.json",
  "parameterValues" : [ ]
}