{
  "uid" : "bafe36a60bd88aa6",
  "name" : "test_truffle_migration",
  "fullName" : "tests.truffle.test_truffle#test_truffle_migration",
  "historyId" : "e63c5a1b531c2472845045a6f65cedaf",
  "time" : {
    "start" : 1643198635583,
    "stop" : 1643198658785,
    "duration" : 23202
  },
  "status" : "failed",
  "statusMessage" : "AssertionError: assert \"message: 'ESOCKETTIMEDOUT'\" not in '/home/runne...ers:500:7)\\n'\n  \"message: 'ESOCKETTIMEDOUT'\" is contained here:\n    2603,\n        message: 'ESOCKETTIMEDOUT',\n        data: { originalError: [Object] },\n        stack: 'Error: ESOCKETTIMEDOUT\\n' +\n          '    at ClientRequest.<anonymous> (/home/runner/work/neon-compatibility/neon-compatibility/node_modules/request/request.js:816:19)\\n' +\n          '    at Object.onceWrapper (node:events:509:28)\\n' +\n          '    at ClientRequest.emit (node:events:390:28)\\n' +\n          '    at Socket.emitRequestTimeout (node:_http_client:763:9)\\n' +\n          '    at Object.onceWrapper (node:events:509:28)\\n' +\n          '    at Socket.emit (node:events:402:35)\\n' +\n          '    at Socket._onTimeout (node:net:501:8)\\n' +\n          '    at listOnTimeout (node:internal/timers:557:17)\\n' +\n          '    at processTimers (node:internal/timers:500:7)'\n      }\n    } {\n      code: -32603,\n      message: 'ESOCKETTIMEDOUT',\n      data: { originalError: { code: 'ESOCKETTIMEDOUT', connect: false } },\n      stack: 'Error: ESOCKETTIMEDOUT\\n' +\n        '    at ClientRequest.<anonymous> (/home/runner/work/neon-compatibility/neon-compatibility/node_modules/request/request.js:816:19)\\n' +\n        '    at Object.onceWrapper (node:events:509:28)\\n' +\n        '    at ClientRequest.emit (node:events:390:28)\\n' +\n        '    at Socket.emitRequestTimeout (node:_http_client:763:9)\\n' +\n        '    at Object.onceWrapper (node:events:509:28)\\n' +\n        '    at Socket.emit (node:events:402:35)\\n' +\n        '    at Socket._onTimeout (node:net:501:8)\\n' +\n        '    at listOnTimeout (node:internal/timers:557:17)\\n' +\n        '    at processTimers (node:internal/timers:500:7)'\n    }\n    Promise {\n      <rejected> {\n        code: -32603,\n        message: 'ESOCKETTIMEDOUT',\n        data: { originalError: [Object] },\n        stack: 'Error: ESOCKETTIMEDOUT\\n' +\n          '    at ClientRequest.<anonymous> (/home/runner/work/neon-compatibility/neon-compatibility/node_modules/request/request.js:816:19)\\n' +\n          '    at Object.onceWrapper (node:events:509:28)\\n' +\n          '    at ClientRequest.emit (node:events:390:28)\\n' +\n          '    at Socket.emitRequestTimeout (node:_http_client:763:9)\\n' +\n          '    at Object.onceWrapper (node:events:509:28)\\n' +\n          '    at Socket.emit (node:events:402:35)\\n' +\n          '    at Socket._onTimeout (node:net:501:8)\\n' +\n          '    at listOnTimeout (node:internal/timers:557:17)\\n' +\n          '    at processTimers (node:internal/timers:500:7)'\n      }\n    } {\n      code: -32603,\n      message: 'ESOCKETTIMEDOUT',\n      data: { originalError: { code: 'ESOCKETTIMEDOUT', connect: false } },\n      stack: 'Error: ESOCKETTIMEDOUT\\n' +\n        '    at ClientRequest.<anonymous> (/home/runner/work/neon-compatibility/neon-compatibility/node_modules/request/request.js:816:19)\\n' +\n        '    at Object.onceWrapper (node:events:509:28)\\n' +\n        '    at ClientRequest.emit (node:events:390:28)\\n' +\n        '    at Socket.emitRequestTimeout (node:_http_client:763:9)\\n' +\n        '    at Object.onceWrapper (node:events:509:28)\\n' +\n        '    at Socket.emit (node:events:402:35)\\n' +\n        '    at Socket._onTimeout (node:net:501:8)\\n' +\n        '    at listOnTimeout (node:internal/timers:557:17)\\n' +\n        '    at processTimers (node:internal/timers:500:7)'\n    }\n    Promise {\n      <rejected> {\n        code: -32603,\n        message: 'ESOCKETTIMEDOUT',\n        data: { originalError: [Object] },\n        stack: 'Error: ESOCKETTIMEDOUT\\n' +\n          '    at ClientRequest.<anonymous> (/home/runner/work/neon-compatibility/neon-compatibility/node_modules/request/request.js:816:19)\\n' +\n          '    at Object.onceWrapper (node:events:509:28)\\n' +\n          '    at ClientRequest.emit (node:events:390:28)\\n' +\n          '    at Socket.emitRequestTimeout (node:_http_client:763:9)\\n' +\n          '    at Object.onceWrapper (node:events:509:28)\\n' +\n          '    at Socket.emit (node:events:402:35)\\n' +\n          '    at Socket._onTimeout (node:net:501:8)\\n' +\n          '    at listOnTimeout (node:internal/timers:557:17)\\n' +\n          '    at processTimers (node:internal/timers:500:7)'\n      }\n    } {\n      code: -32603,\n      message: 'ESOCKETTIMEDOUT',\n      data: { originalError: { code: 'ESOCKETTIMEDOUT', connect: false } },\n      stack: 'Error: ESOCKETTIMEDOUT\\n' +\n        '    at ClientRequest.<anonymous> (/home/runner/work/neon-compatibility/neon-compatibility/node_modules/request/request.js:816:19)\\n' +\n        '    at Object.onceWrapper (node:events:509:28)\\n' +\n        '    at ClientRequest.emit (node:events:390:28)\\n' +\n        '    at Socket.emitRequestTimeout (node:_http_client:763:9)\\n' +\n        '    at Object.onceWrapper (node:events:509:28)\\n' +\n        '    at Socket.emit (node:events:402:35)\\n' +\n        '    at Socket._onTimeout (node:net:501:8)\\n' +\n        '    at listOnTimeout (node:internal/timers:557:17)\\n' +\n        '    at processTimers (node:internal/timers:500:7)'\n    }\n    Promise {\n      <rejected> {\n        code: -32603,\n        message: 'ESOCKETTIMEDOUT',\n        data: { originalError: [Object] },\n        stack: 'Error: ESOCKETTIMEDOUT\\n' +\n          '    at ClientRequest.<anonymous> (/home/runner/work/neon-compatibility/neon-compatibility/node_modules/request/request.js:816:19)\\n' +\n          '    at Object.onceWrapper (node:events:509:28)\\n' +\n          '    at ClientRequest.emit (node:events:390:28)\\n' +\n          '    at Socket.emitRequestTimeout (node:_http_client:763:9)\\n' +\n          '    at Object.onceWrapper (node:events:509:28)\\n' +\n          '    at Socket.emit (node:events:402:35)\\n' +\n          '    at Socket._onTimeout (node:net:501:8)\\n' +\n          '    at listOnTimeout (node:internal/timers:557:17)\\n' +\n          '    at processTimers (node:internal/timers:500:7)'\n      }\n    } {\n      code: -32603,\n      message: 'ESOCKETTIMEDOUT',\n      data: { originalError: { code: 'ESOCKETTIMEDOUT', connect: false } },\n      stack: 'Error: ESOCKETTIMEDOUT\\n' +\n        '    at ClientRequest.<anonymous> (/home/runner/work/neon-compatibility/neon-compatibility/node_modules/request/request.js:816:19)\\n' +\n        '    at Object.onceWrapper (node:events:509:28)\\n' +\n        '    at ClientRequest.emit (node:events:390:28)\\n' +\n        '    at Socket.emitRequestTimeout (node:_http_client:763:9)\\n' +\n        '    at Object.onceWrapper (node:events:509:28)\\n' +\n        '    at Socket.emit (node:events:402:35)\\n' +\n        '    at Socket._onTimeout (node:net:501:8)\\n' +\n        '    at listOnTimeout (node:internal/timers:557:17)\\n' +\n        '    at processTimers (node:internal/timers:500:7)'\n    }\n    /home/runner/work/neon-compatibility/neon-compatibility\n    - Fetching solc version list from solc-bin. Attempt #1\n    ✔ Downloading compiler. Attempt #1.\n    \n    /home/runner/work/neon-compatibility/neon-compatibility/node_modules/request/request.js:816\n              var e = new Error('ESOCKETTIMEDOUT')\n                      ^\n    Error: PollingBlockTracker - encountered an error while attempting to update latest block:\n    Error: ESOCKETTIMEDOUT\n        at ClientRequest.<anonymous> (/home/runner/work/neon-compatibility/neon-compatibility/node_modules/request/request.js:816:19)\n        at Object.onceWrapper (node:events:509:28)\n        at ClientRequest.emit (node:events:390:28)\n        at Socket.emitRequestTimeout (node:_http_client:763:9)\n        at Object.onceWrapper (node:events:509:28)\n        at Socket.emit (node:events:402:35)\n        at Socket._onTimeout (node:net:501:8)\n        at listOnTimeout (node:internal/timers:557:17)\n        at processTimers (node:internal/timers:500:7)\n        at PollingBlockTracker._performSync (/home/runner/work/neon-compatibility/neon-compatibility/node_modules/eth-block-tracker/src/polling.js:51:24)\n        at processTicksAndRejections (node:internal/process/task_queues:96:5)\n        at runNextTicks (node:internal/process/task_queues:65:3)\n        at listOnTimeout (node:internal/timers:526:9)\n        at processTimers (node:internal/timers:500:7)",
  "statusTrace" : "@allure.feature(FEATURE)\n    def test_truffle_migration():\n        # truffle migrate --network neonlabs\n        cmd_res = run_command_line(\n            f\"{Subfolder.CD_METACOIN} {RunCommand.TRUFFLE} \" +\n            f\"migrate --network {NETWORK_NAME} {CD_BACK}\")\n        actual_result = cmd_res.stdout.decode() + cmd_res.stderr.decode()\n        assert cmd_res.returncode == 0, actual_result\n        assert TruffleBasedError.ERROR_NO_ATTRIBUTE_ETH_ACCOUNTS \\\n            not in actual_result\n        assert TruffleError.ERROR_COULD_NOT_CONNECT not in actual_result\n        assert TruffleError.ERROR_NOT_AUTHORIZED not in actual_result\n        assert TruffleError.ERROR_TIMEOUT not in actual_result\n        assert TruffleError.ERROR_CANNOT_READ_PROPERTIES not in actual_result\n        assert TruffleError.ERROR_DEPLOYMENT_FAILED not in actual_result\n        assert TruffleError.ERROR_BLOCK_NOT_AVAILABLE not in actual_result\n>       assert TruffleError.ERROR_SOCKET_TIMEOUT not in actual_result\nE       assert \"message: 'ESOCKETTIMEDOUT'\" not in '/home/runne...ers:500:7)\\n'\nE         \"message: 'ESOCKETTIMEDOUT'\" is contained here:\nE           2603,\nE               message: 'ESOCKETTIMEDOUT',\nE               data: { originalError: [Object] },\nE               stack: 'Error: ESOCKETTIMEDOUT\\n' +\nE                 '    at ClientRequest.<anonymous> (/home/runner/work/neon-compatibility/neon-compatibility/node_modules/request/request.js:816:19)\\n' +\nE                 '    at Object.onceWrapper (node:events:509:28)\\n' +\nE                 '    at ClientRequest.emit (node:events:390:28)\\n' +\nE                 '    at Socket.emitRequestTimeout (node:_http_client:763:9)\\n' +\nE                 '    at Object.onceWrapper (node:events:509:28)\\n' +\nE                 '    at Socket.emit (node:events:402:35)\\n' +\nE                 '    at Socket._onTimeout (node:net:501:8)\\n' +\nE                 '    at listOnTimeout (node:internal/timers:557:17)\\n' +\nE                 '    at processTimers (node:internal/timers:500:7)'\nE             }\nE           } {\nE             code: -32603,\nE             message: 'ESOCKETTIMEDOUT',\nE             data: { originalError: { code: 'ESOCKETTIMEDOUT', connect: false } },\nE             stack: 'Error: ESOCKETTIMEDOUT\\n' +\nE               '    at ClientRequest.<anonymous> (/home/runner/work/neon-compatibility/neon-compatibility/node_modules/request/request.js:816:19)\\n' +\nE               '    at Object.onceWrapper (node:events:509:28)\\n' +\nE               '    at ClientRequest.emit (node:events:390:28)\\n' +\nE               '    at Socket.emitRequestTimeout (node:_http_client:763:9)\\n' +\nE               '    at Object.onceWrapper (node:events:509:28)\\n' +\nE               '    at Socket.emit (node:events:402:35)\\n' +\nE               '    at Socket._onTimeout (node:net:501:8)\\n' +\nE               '    at listOnTimeout (node:internal/timers:557:17)\\n' +\nE               '    at processTimers (node:internal/timers:500:7)'\nE           }\nE           Promise {\nE             <rejected> {\nE               code: -32603,\nE               message: 'ESOCKETTIMEDOUT',\nE               data: { originalError: [Object] },\nE               stack: 'Error: ESOCKETTIMEDOUT\\n' +\nE                 '    at ClientRequest.<anonymous> (/home/runner/work/neon-compatibility/neon-compatibility/node_modules/request/request.js:816:19)\\n' +\nE                 '    at Object.onceWrapper (node:events:509:28)\\n' +\nE                 '    at ClientRequest.emit (node:events:390:28)\\n' +\nE                 '    at Socket.emitRequestTimeout (node:_http_client:763:9)\\n' +\nE                 '    at Object.onceWrapper (node:events:509:28)\\n' +\nE                 '    at Socket.emit (node:events:402:35)\\n' +\nE                 '    at Socket._onTimeout (node:net:501:8)\\n' +\nE                 '    at listOnTimeout (node:internal/timers:557:17)\\n' +\nE                 '    at processTimers (node:internal/timers:500:7)'\nE             }\nE           } {\nE             code: -32603,\nE             message: 'ESOCKETTIMEDOUT',\nE             data: { originalError: { code: 'ESOCKETTIMEDOUT', connect: false } },\nE             stack: 'Error: ESOCKETTIMEDOUT\\n' +\nE               '    at ClientRequest.<anonymous> (/home/runner/work/neon-compatibility/neon-compatibility/node_modules/request/request.js:816:19)\\n' +\nE               '    at Object.onceWrapper (node:events:509:28)\\n' +\nE               '    at ClientRequest.emit (node:events:390:28)\\n' +\nE               '    at Socket.emitRequestTimeout (node:_http_client:763:9)\\n' +\nE               '    at Object.onceWrapper (node:events:509:28)\\n' +\nE               '    at Socket.emit (node:events:402:35)\\n' +\nE               '    at Socket._onTimeout (node:net:501:8)\\n' +\nE               '    at listOnTimeout (node:internal/timers:557:17)\\n' +\nE               '    at processTimers (node:internal/timers:500:7)'\nE           }\nE           Promise {\nE             <rejected> {\nE               code: -32603,\nE               message: 'ESOCKETTIMEDOUT',\nE               data: { originalError: [Object] },\nE               stack: 'Error: ESOCKETTIMEDOUT\\n' +\nE                 '    at ClientRequest.<anonymous> (/home/runner/work/neon-compatibility/neon-compatibility/node_modules/request/request.js:816:19)\\n' +\nE                 '    at Object.onceWrapper (node:events:509:28)\\n' +\nE                 '    at ClientRequest.emit (node:events:390:28)\\n' +\nE                 '    at Socket.emitRequestTimeout (node:_http_client:763:9)\\n' +\nE                 '    at Object.onceWrapper (node:events:509:28)\\n' +\nE                 '    at Socket.emit (node:events:402:35)\\n' +\nE                 '    at Socket._onTimeout (node:net:501:8)\\n' +\nE                 '    at listOnTimeout (node:internal/timers:557:17)\\n' +\nE                 '    at processTimers (node:internal/timers:500:7)'\nE             }\nE           } {\nE             code: -32603,\nE             message: 'ESOCKETTIMEDOUT',\nE             data: { originalError: { code: 'ESOCKETTIMEDOUT', connect: false } },\nE             stack: 'Error: ESOCKETTIMEDOUT\\n' +\nE               '    at ClientRequest.<anonymous> (/home/runner/work/neon-compatibility/neon-compatibility/node_modules/request/request.js:816:19)\\n' +\nE               '    at Object.onceWrapper (node:events:509:28)\\n' +\nE               '    at ClientRequest.emit (node:events:390:28)\\n' +\nE               '    at Socket.emitRequestTimeout (node:_http_client:763:9)\\n' +\nE               '    at Object.onceWrapper (node:events:509:28)\\n' +\nE               '    at Socket.emit (node:events:402:35)\\n' +\nE               '    at Socket._onTimeout (node:net:501:8)\\n' +\nE               '    at listOnTimeout (node:internal/timers:557:17)\\n' +\nE               '    at processTimers (node:internal/timers:500:7)'\nE           }\nE           Promise {\nE             <rejected> {\nE               code: -32603,\nE               message: 'ESOCKETTIMEDOUT',\nE               data: { originalError: [Object] },\nE               stack: 'Error: ESOCKETTIMEDOUT\\n' +\nE                 '    at ClientRequest.<anonymous> (/home/runner/work/neon-compatibility/neon-compatibility/node_modules/request/request.js:816:19)\\n' +\nE                 '    at Object.onceWrapper (node:events:509:28)\\n' +\nE                 '    at ClientRequest.emit (node:events:390:28)\\n' +\nE                 '    at Socket.emitRequestTimeout (node:_http_client:763:9)\\n' +\nE                 '    at Object.onceWrapper (node:events:509:28)\\n' +\nE                 '    at Socket.emit (node:events:402:35)\\n' +\nE                 '    at Socket._onTimeout (node:net:501:8)\\n' +\nE                 '    at listOnTimeout (node:internal/timers:557:17)\\n' +\nE                 '    at processTimers (node:internal/timers:500:7)'\nE             }\nE           } {\nE             code: -32603,\nE             message: 'ESOCKETTIMEDOUT',\nE             data: { originalError: { code: 'ESOCKETTIMEDOUT', connect: false } },\nE             stack: 'Error: ESOCKETTIMEDOUT\\n' +\nE               '    at ClientRequest.<anonymous> (/home/runner/work/neon-compatibility/neon-compatibility/node_modules/request/request.js:816:19)\\n' +\nE               '    at Object.onceWrapper (node:events:509:28)\\n' +\nE               '    at ClientRequest.emit (node:events:390:28)\\n' +\nE               '    at Socket.emitRequestTimeout (node:_http_client:763:9)\\n' +\nE               '    at Object.onceWrapper (node:events:509:28)\\n' +\nE               '    at Socket.emit (node:events:402:35)\\n' +\nE               '    at Socket._onTimeout (node:net:501:8)\\n' +\nE               '    at listOnTimeout (node:internal/timers:557:17)\\n' +\nE               '    at processTimers (node:internal/timers:500:7)'\nE           }\nE           /home/runner/work/neon-compatibility/neon-compatibility\nE           - Fetching solc version list from solc-bin. Attempt #1\nE           ✔ Downloading compiler. Attempt #1.\nE           \nE           /home/runner/work/neon-compatibility/neon-compatibility/node_modules/request/request.js:816\nE                     var e = new Error('ESOCKETTIMEDOUT')\nE                             ^\nE           Error: PollingBlockTracker - encountered an error while attempting to update latest block:\nE           Error: ESOCKETTIMEDOUT\nE               at ClientRequest.<anonymous> (/home/runner/work/neon-compatibility/neon-compatibility/node_modules/request/request.js:816:19)\nE               at Object.onceWrapper (node:events:509:28)\nE               at ClientRequest.emit (node:events:390:28)\nE               at Socket.emitRequestTimeout (node:_http_client:763:9)\nE               at Object.onceWrapper (node:events:509:28)\nE               at Socket.emit (node:events:402:35)\nE               at Socket._onTimeout (node:net:501:8)\nE               at listOnTimeout (node:internal/timers:557:17)\nE               at processTimers (node:internal/timers:500:7)\nE               at PollingBlockTracker._performSync (/home/runner/work/neon-compatibility/neon-compatibility/node_modules/eth-block-tracker/src/polling.js:51:24)\nE               at processTicksAndRejections (node:internal/process/task_queues:96:5)\nE               at runNextTicks (node:internal/process/task_queues:65:3)\nE               at listOnTimeout (node:internal/timers:526:9)\nE               at processTimers (node:internal/timers:500:7)\n\ntests/truffle/test_truffle.py:38: AssertionError",
  "flaky" : true,
  "newFailed" : false,
  "newBroken" : false,
  "newPassed" : false,
  "retriesCount" : 0,
  "retriesStatusChange" : false,
  "beforeStages" : [ {
    "name" : "prepare_truffle_config",
    "time" : {
      "start" : 1643198635572,
      "stop" : 1643198635582,
      "duration" : 10
    },
    "status" : "passed",
    "steps" : [ {
      "name" : "Preset variables",
      "time" : {
        "start" : 1643198635572,
        "stop" : 1643198635582,
        "duration" : 10
      },
      "status" : "passed",
      "steps" : [ ],
      "attachments" : [ ],
      "parameters" : [ ],
      "stepsCount" : 0,
      "attachmentsCount" : 0,
      "shouldDisplayMessage" : false,
      "hasContent" : false
    }, {
      "name" : "Clean up folder \"'/home/runner/work/neon-compatibility/neon-compatibility/Metacoin/build/contracts'\"",
      "time" : {
        "start" : 1643198635582,
        "stop" : 1643198635582,
        "duration" : 0
      },
      "status" : "passed",
      "steps" : [ ],
      "attachments" : [ ],
      "parameters" : [ {
        "name" : "folder",
        "value" : "'/home/runner/work/neon-compatibility/neon-compatibility/Metacoin/build/contracts'"
      } ],
      "stepsCount" : 0,
      "attachmentsCount" : 0,
      "shouldDisplayMessage" : false,
      "hasContent" : true
    } ],
    "attachments" : [ ],
    "parameters" : [ ],
    "stepsCount" : 2,
    "attachmentsCount" : 0,
    "shouldDisplayMessage" : false,
    "hasContent" : true
  } ],
  "testStage" : {
    "status" : "failed",
    "statusMessage" : "AssertionError: assert \"message: 'ESOCKETTIMEDOUT'\" not in '/home/runne...ers:500:7)\\n'\n  \"message: 'ESOCKETTIMEDOUT'\" is contained here:\n    2603,\n        message: 'ESOCKETTIMEDOUT',\n        data: { originalError: [Object] },\n        stack: 'Error: ESOCKETTIMEDOUT\\n' +\n          '    at ClientRequest.<anonymous> (/home/runner/work/neon-compatibility/neon-compatibility/node_modules/request/request.js:816:19)\\n' +\n          '    at Object.onceWrapper (node:events:509:28)\\n' +\n          '    at ClientRequest.emit (node:events:390:28)\\n' +\n          '    at Socket.emitRequestTimeout (node:_http_client:763:9)\\n' +\n          '    at Object.onceWrapper (node:events:509:28)\\n' +\n          '    at Socket.emit (node:events:402:35)\\n' +\n          '    at Socket._onTimeout (node:net:501:8)\\n' +\n          '    at listOnTimeout (node:internal/timers:557:17)\\n' +\n          '    at processTimers (node:internal/timers:500:7)'\n      }\n    } {\n      code: -32603,\n      message: 'ESOCKETTIMEDOUT',\n      data: { originalError: { code: 'ESOCKETTIMEDOUT', connect: false } },\n      stack: 'Error: ESOCKETTIMEDOUT\\n' +\n        '    at ClientRequest.<anonymous> (/home/runner/work/neon-compatibility/neon-compatibility/node_modules/request/request.js:816:19)\\n' +\n        '    at Object.onceWrapper (node:events:509:28)\\n' +\n        '    at ClientRequest.emit (node:events:390:28)\\n' +\n        '    at Socket.emitRequestTimeout (node:_http_client:763:9)\\n' +\n        '    at Object.onceWrapper (node:events:509:28)\\n' +\n        '    at Socket.emit (node:events:402:35)\\n' +\n        '    at Socket._onTimeout (node:net:501:8)\\n' +\n        '    at listOnTimeout (node:internal/timers:557:17)\\n' +\n        '    at processTimers (node:internal/timers:500:7)'\n    }\n    Promise {\n      <rejected> {\n        code: -32603,\n        message: 'ESOCKETTIMEDOUT',\n        data: { originalError: [Object] },\n        stack: 'Error: ESOCKETTIMEDOUT\\n' +\n          '    at ClientRequest.<anonymous> (/home/runner/work/neon-compatibility/neon-compatibility/node_modules/request/request.js:816:19)\\n' +\n          '    at Object.onceWrapper (node:events:509:28)\\n' +\n          '    at ClientRequest.emit (node:events:390:28)\\n' +\n          '    at Socket.emitRequestTimeout (node:_http_client:763:9)\\n' +\n          '    at Object.onceWrapper (node:events:509:28)\\n' +\n          '    at Socket.emit (node:events:402:35)\\n' +\n          '    at Socket._onTimeout (node:net:501:8)\\n' +\n          '    at listOnTimeout (node:internal/timers:557:17)\\n' +\n          '    at processTimers (node:internal/timers:500:7)'\n      }\n    } {\n      code: -32603,\n      message: 'ESOCKETTIMEDOUT',\n      data: { originalError: { code: 'ESOCKETTIMEDOUT', connect: false } },\n      stack: 'Error: ESOCKETTIMEDOUT\\n' +\n        '    at ClientRequest.<anonymous> (/home/runner/work/neon-compatibility/neon-compatibility/node_modules/request/request.js:816:19)\\n' +\n        '    at Object.onceWrapper (node:events:509:28)\\n' +\n        '    at ClientRequest.emit (node:events:390:28)\\n' +\n        '    at Socket.emitRequestTimeout (node:_http_client:763:9)\\n' +\n        '    at Object.onceWrapper (node:events:509:28)\\n' +\n        '    at Socket.emit (node:events:402:35)\\n' +\n        '    at Socket._onTimeout (node:net:501:8)\\n' +\n        '    at listOnTimeout (node:internal/timers:557:17)\\n' +\n        '    at processTimers (node:internal/timers:500:7)'\n    }\n    Promise {\n      <rejected> {\n        code: -32603,\n        message: 'ESOCKETTIMEDOUT',\n        data: { originalError: [Object] },\n        stack: 'Error: ESOCKETTIMEDOUT\\n' +\n          '    at ClientRequest.<anonymous> (/home/runner/work/neon-compatibility/neon-compatibility/node_modules/request/request.js:816:19)\\n' +\n          '    at Object.onceWrapper (node:events:509:28)\\n' +\n          '    at ClientRequest.emit (node:events:390:28)\\n' +\n          '    at Socket.emitRequestTimeout (node:_http_client:763:9)\\n' +\n          '    at Object.onceWrapper (node:events:509:28)\\n' +\n          '    at Socket.emit (node:events:402:35)\\n' +\n          '    at Socket._onTimeout (node:net:501:8)\\n' +\n          '    at listOnTimeout (node:internal/timers:557:17)\\n' +\n          '    at processTimers (node:internal/timers:500:7)'\n      }\n    } {\n      code: -32603,\n      message: 'ESOCKETTIMEDOUT',\n      data: { originalError: { code: 'ESOCKETTIMEDOUT', connect: false } },\n      stack: 'Error: ESOCKETTIMEDOUT\\n' +\n        '    at ClientRequest.<anonymous> (/home/runner/work/neon-compatibility/neon-compatibility/node_modules/request/request.js:816:19)\\n' +\n        '    at Object.onceWrapper (node:events:509:28)\\n' +\n        '    at ClientRequest.emit (node:events:390:28)\\n' +\n        '    at Socket.emitRequestTimeout (node:_http_client:763:9)\\n' +\n        '    at Object.onceWrapper (node:events:509:28)\\n' +\n        '    at Socket.emit (node:events:402:35)\\n' +\n        '    at Socket._onTimeout (node:net:501:8)\\n' +\n        '    at listOnTimeout (node:internal/timers:557:17)\\n' +\n        '    at processTimers (node:internal/timers:500:7)'\n    }\n    Promise {\n      <rejected> {\n        code: -32603,\n        message: 'ESOCKETTIMEDOUT',\n        data: { originalError: [Object] },\n        stack: 'Error: ESOCKETTIMEDOUT\\n' +\n          '    at ClientRequest.<anonymous> (/home/runner/work/neon-compatibility/neon-compatibility/node_modules/request/request.js:816:19)\\n' +\n          '    at Object.onceWrapper (node:events:509:28)\\n' +\n          '    at ClientRequest.emit (node:events:390:28)\\n' +\n          '    at Socket.emitRequestTimeout (node:_http_client:763:9)\\n' +\n          '    at Object.onceWrapper (node:events:509:28)\\n' +\n          '    at Socket.emit (node:events:402:35)\\n' +\n          '    at Socket._onTimeout (node:net:501:8)\\n' +\n          '    at listOnTimeout (node:internal/timers:557:17)\\n' +\n          '    at processTimers (node:internal/timers:500:7)'\n      }\n    } {\n      code: -32603,\n      message: 'ESOCKETTIMEDOUT',\n      data: { originalError: { code: 'ESOCKETTIMEDOUT', connect: false } },\n      stack: 'Error: ESOCKETTIMEDOUT\\n' +\n        '    at ClientRequest.<anonymous> (/home/runner/work/neon-compatibility/neon-compatibility/node_modules/request/request.js:816:19)\\n' +\n        '    at Object.onceWrapper (node:events:509:28)\\n' +\n        '    at ClientRequest.emit (node:events:390:28)\\n' +\n        '    at Socket.emitRequestTimeout (node:_http_client:763:9)\\n' +\n        '    at Object.onceWrapper (node:events:509:28)\\n' +\n        '    at Socket.emit (node:events:402:35)\\n' +\n        '    at Socket._onTimeout (node:net:501:8)\\n' +\n        '    at listOnTimeout (node:internal/timers:557:17)\\n' +\n        '    at processTimers (node:internal/timers:500:7)'\n    }\n    /home/runner/work/neon-compatibility/neon-compatibility\n    - Fetching solc version list from solc-bin. Attempt #1\n    ✔ Downloading compiler. Attempt #1.\n    \n    /home/runner/work/neon-compatibility/neon-compatibility/node_modules/request/request.js:816\n              var e = new Error('ESOCKETTIMEDOUT')\n                      ^\n    Error: PollingBlockTracker - encountered an error while attempting to update latest block:\n    Error: ESOCKETTIMEDOUT\n        at ClientRequest.<anonymous> (/home/runner/work/neon-compatibility/neon-compatibility/node_modules/request/request.js:816:19)\n        at Object.onceWrapper (node:events:509:28)\n        at ClientRequest.emit (node:events:390:28)\n        at Socket.emitRequestTimeout (node:_http_client:763:9)\n        at Object.onceWrapper (node:events:509:28)\n        at Socket.emit (node:events:402:35)\n        at Socket._onTimeout (node:net:501:8)\n        at listOnTimeout (node:internal/timers:557:17)\n        at processTimers (node:internal/timers:500:7)\n        at PollingBlockTracker._performSync (/home/runner/work/neon-compatibility/neon-compatibility/node_modules/eth-block-tracker/src/polling.js:51:24)\n        at processTicksAndRejections (node:internal/process/task_queues:96:5)\n        at runNextTicks (node:internal/process/task_queues:65:3)\n        at listOnTimeout (node:internal/timers:526:9)\n        at processTimers (node:internal/timers:500:7)",
    "statusTrace" : "@allure.feature(FEATURE)\n    def test_truffle_migration():\n        # truffle migrate --network neonlabs\n        cmd_res = run_command_line(\n            f\"{Subfolder.CD_METACOIN} {RunCommand.TRUFFLE} \" +\n            f\"migrate --network {NETWORK_NAME} {CD_BACK}\")\n        actual_result = cmd_res.stdout.decode() + cmd_res.stderr.decode()\n        assert cmd_res.returncode == 0, actual_result\n        assert TruffleBasedError.ERROR_NO_ATTRIBUTE_ETH_ACCOUNTS \\\n            not in actual_result\n        assert TruffleError.ERROR_COULD_NOT_CONNECT not in actual_result\n        assert TruffleError.ERROR_NOT_AUTHORIZED not in actual_result\n        assert TruffleError.ERROR_TIMEOUT not in actual_result\n        assert TruffleError.ERROR_CANNOT_READ_PROPERTIES not in actual_result\n        assert TruffleError.ERROR_DEPLOYMENT_FAILED not in actual_result\n        assert TruffleError.ERROR_BLOCK_NOT_AVAILABLE not in actual_result\n>       assert TruffleError.ERROR_SOCKET_TIMEOUT not in actual_result\nE       assert \"message: 'ESOCKETTIMEDOUT'\" not in '/home/runne...ers:500:7)\\n'\nE         \"message: 'ESOCKETTIMEDOUT'\" is contained here:\nE           2603,\nE               message: 'ESOCKETTIMEDOUT',\nE               data: { originalError: [Object] },\nE               stack: 'Error: ESOCKETTIMEDOUT\\n' +\nE                 '    at ClientRequest.<anonymous> (/home/runner/work/neon-compatibility/neon-compatibility/node_modules/request/request.js:816:19)\\n' +\nE                 '    at Object.onceWrapper (node:events:509:28)\\n' +\nE                 '    at ClientRequest.emit (node:events:390:28)\\n' +\nE                 '    at Socket.emitRequestTimeout (node:_http_client:763:9)\\n' +\nE                 '    at Object.onceWrapper (node:events:509:28)\\n' +\nE                 '    at Socket.emit (node:events:402:35)\\n' +\nE                 '    at Socket._onTimeout (node:net:501:8)\\n' +\nE                 '    at listOnTimeout (node:internal/timers:557:17)\\n' +\nE                 '    at processTimers (node:internal/timers:500:7)'\nE             }\nE           } {\nE             code: -32603,\nE             message: 'ESOCKETTIMEDOUT',\nE             data: { originalError: { code: 'ESOCKETTIMEDOUT', connect: false } },\nE             stack: 'Error: ESOCKETTIMEDOUT\\n' +\nE               '    at ClientRequest.<anonymous> (/home/runner/work/neon-compatibility/neon-compatibility/node_modules/request/request.js:816:19)\\n' +\nE               '    at Object.onceWrapper (node:events:509:28)\\n' +\nE               '    at ClientRequest.emit (node:events:390:28)\\n' +\nE               '    at Socket.emitRequestTimeout (node:_http_client:763:9)\\n' +\nE               '    at Object.onceWrapper (node:events:509:28)\\n' +\nE               '    at Socket.emit (node:events:402:35)\\n' +\nE               '    at Socket._onTimeout (node:net:501:8)\\n' +\nE               '    at listOnTimeout (node:internal/timers:557:17)\\n' +\nE               '    at processTimers (node:internal/timers:500:7)'\nE           }\nE           Promise {\nE             <rejected> {\nE               code: -32603,\nE               message: 'ESOCKETTIMEDOUT',\nE               data: { originalError: [Object] },\nE               stack: 'Error: ESOCKETTIMEDOUT\\n' +\nE                 '    at ClientRequest.<anonymous> (/home/runner/work/neon-compatibility/neon-compatibility/node_modules/request/request.js:816:19)\\n' +\nE                 '    at Object.onceWrapper (node:events:509:28)\\n' +\nE                 '    at ClientRequest.emit (node:events:390:28)\\n' +\nE                 '    at Socket.emitRequestTimeout (node:_http_client:763:9)\\n' +\nE                 '    at Object.onceWrapper (node:events:509:28)\\n' +\nE                 '    at Socket.emit (node:events:402:35)\\n' +\nE                 '    at Socket._onTimeout (node:net:501:8)\\n' +\nE                 '    at listOnTimeout (node:internal/timers:557:17)\\n' +\nE                 '    at processTimers (node:internal/timers:500:7)'\nE             }\nE           } {\nE             code: -32603,\nE             message: 'ESOCKETTIMEDOUT',\nE             data: { originalError: { code: 'ESOCKETTIMEDOUT', connect: false } },\nE             stack: 'Error: ESOCKETTIMEDOUT\\n' +\nE               '    at ClientRequest.<anonymous> (/home/runner/work/neon-compatibility/neon-compatibility/node_modules/request/request.js:816:19)\\n' +\nE               '    at Object.onceWrapper (node:events:509:28)\\n' +\nE               '    at ClientRequest.emit (node:events:390:28)\\n' +\nE               '    at Socket.emitRequestTimeout (node:_http_client:763:9)\\n' +\nE               '    at Object.onceWrapper (node:events:509:28)\\n' +\nE               '    at Socket.emit (node:events:402:35)\\n' +\nE               '    at Socket._onTimeout (node:net:501:8)\\n' +\nE               '    at listOnTimeout (node:internal/timers:557:17)\\n' +\nE               '    at processTimers (node:internal/timers:500:7)'\nE           }\nE           Promise {\nE             <rejected> {\nE               code: -32603,\nE               message: 'ESOCKETTIMEDOUT',\nE               data: { originalError: [Object] },\nE               stack: 'Error: ESOCKETTIMEDOUT\\n' +\nE                 '    at ClientRequest.<anonymous> (/home/runner/work/neon-compatibility/neon-compatibility/node_modules/request/request.js:816:19)\\n' +\nE                 '    at Object.onceWrapper (node:events:509:28)\\n' +\nE                 '    at ClientRequest.emit (node:events:390:28)\\n' +\nE                 '    at Socket.emitRequestTimeout (node:_http_client:763:9)\\n' +\nE                 '    at Object.onceWrapper (node:events:509:28)\\n' +\nE                 '    at Socket.emit (node:events:402:35)\\n' +\nE                 '    at Socket._onTimeout (node:net:501:8)\\n' +\nE                 '    at listOnTimeout (node:internal/timers:557:17)\\n' +\nE                 '    at processTimers (node:internal/timers:500:7)'\nE             }\nE           } {\nE             code: -32603,\nE             message: 'ESOCKETTIMEDOUT',\nE             data: { originalError: { code: 'ESOCKETTIMEDOUT', connect: false } },\nE             stack: 'Error: ESOCKETTIMEDOUT\\n' +\nE               '    at ClientRequest.<anonymous> (/home/runner/work/neon-compatibility/neon-compatibility/node_modules/request/request.js:816:19)\\n' +\nE               '    at Object.onceWrapper (node:events:509:28)\\n' +\nE               '    at ClientRequest.emit (node:events:390:28)\\n' +\nE               '    at Socket.emitRequestTimeout (node:_http_client:763:9)\\n' +\nE               '    at Object.onceWrapper (node:events:509:28)\\n' +\nE               '    at Socket.emit (node:events:402:35)\\n' +\nE               '    at Socket._onTimeout (node:net:501:8)\\n' +\nE               '    at listOnTimeout (node:internal/timers:557:17)\\n' +\nE               '    at processTimers (node:internal/timers:500:7)'\nE           }\nE           Promise {\nE             <rejected> {\nE               code: -32603,\nE               message: 'ESOCKETTIMEDOUT',\nE               data: { originalError: [Object] },\nE               stack: 'Error: ESOCKETTIMEDOUT\\n' +\nE                 '    at ClientRequest.<anonymous> (/home/runner/work/neon-compatibility/neon-compatibility/node_modules/request/request.js:816:19)\\n' +\nE                 '    at Object.onceWrapper (node:events:509:28)\\n' +\nE                 '    at ClientRequest.emit (node:events:390:28)\\n' +\nE                 '    at Socket.emitRequestTimeout (node:_http_client:763:9)\\n' +\nE                 '    at Object.onceWrapper (node:events:509:28)\\n' +\nE                 '    at Socket.emit (node:events:402:35)\\n' +\nE                 '    at Socket._onTimeout (node:net:501:8)\\n' +\nE                 '    at listOnTimeout (node:internal/timers:557:17)\\n' +\nE                 '    at processTimers (node:internal/timers:500:7)'\nE             }\nE           } {\nE             code: -32603,\nE             message: 'ESOCKETTIMEDOUT',\nE             data: { originalError: { code: 'ESOCKETTIMEDOUT', connect: false } },\nE             stack: 'Error: ESOCKETTIMEDOUT\\n' +\nE               '    at ClientRequest.<anonymous> (/home/runner/work/neon-compatibility/neon-compatibility/node_modules/request/request.js:816:19)\\n' +\nE               '    at Object.onceWrapper (node:events:509:28)\\n' +\nE               '    at ClientRequest.emit (node:events:390:28)\\n' +\nE               '    at Socket.emitRequestTimeout (node:_http_client:763:9)\\n' +\nE               '    at Object.onceWrapper (node:events:509:28)\\n' +\nE               '    at Socket.emit (node:events:402:35)\\n' +\nE               '    at Socket._onTimeout (node:net:501:8)\\n' +\nE               '    at listOnTimeout (node:internal/timers:557:17)\\n' +\nE               '    at processTimers (node:internal/timers:500:7)'\nE           }\nE           /home/runner/work/neon-compatibility/neon-compatibility\nE           - Fetching solc version list from solc-bin. Attempt #1\nE           ✔ Downloading compiler. Attempt #1.\nE           \nE           /home/runner/work/neon-compatibility/neon-compatibility/node_modules/request/request.js:816\nE                     var e = new Error('ESOCKETTIMEDOUT')\nE                             ^\nE           Error: PollingBlockTracker - encountered an error while attempting to update latest block:\nE           Error: ESOCKETTIMEDOUT\nE               at ClientRequest.<anonymous> (/home/runner/work/neon-compatibility/neon-compatibility/node_modules/request/request.js:816:19)\nE               at Object.onceWrapper (node:events:509:28)\nE               at ClientRequest.emit (node:events:390:28)\nE               at Socket.emitRequestTimeout (node:_http_client:763:9)\nE               at Object.onceWrapper (node:events:509:28)\nE               at Socket.emit (node:events:402:35)\nE               at Socket._onTimeout (node:net:501:8)\nE               at listOnTimeout (node:internal/timers:557:17)\nE               at processTimers (node:internal/timers:500:7)\nE               at PollingBlockTracker._performSync (/home/runner/work/neon-compatibility/neon-compatibility/node_modules/eth-block-tracker/src/polling.js:51:24)\nE               at processTicksAndRejections (node:internal/process/task_queues:96:5)\nE               at runNextTicks (node:internal/process/task_queues:65:3)\nE               at listOnTimeout (node:internal/timers:526:9)\nE               at processTimers (node:internal/timers:500:7)\n\ntests/truffle/test_truffle.py:38: AssertionError",
    "steps" : [ {
      "name" : "Run command: \"'cd Metacoin; pwd; ../node_modules/.bin/truffle migrate --network neonlabs ; cd \"/home/runner/work/neon-compatibility/neon-compatibility\"; pwd;'\"",
      "time" : {
        "start" : 1643198635583,
        "stop" : 1643198658783,
        "duration" : 23200
      },
      "status" : "passed",
      "steps" : [ ],
      "attachments" : [ ],
      "parameters" : [ {
        "name" : "command",
        "value" : "'cd Metacoin; pwd; ../node_modules/.bin/truffle migrate --network neonlabs ; cd \"/home/runner/work/neon-compatibility/neon-compatibility\"; pwd;'"
      } ],
      "stepsCount" : 0,
      "attachmentsCount" : 0,
      "shouldDisplayMessage" : false,
      "hasContent" : true
    } ],
    "attachments" : [ {
      "uid" : "33c3cfaa1d2e960c",
      "name" : "stdout",
      "source" : "33c3cfaa1d2e960c.txt",
      "type" : "text/plain",
      "size" : 8807
    } ],
    "parameters" : [ ],
    "stepsCount" : 1,
    "attachmentsCount" : 1,
    "shouldDisplayMessage" : true,
    "hasContent" : true
  },
  "afterStages" : [ {
    "name" : "prepare_truffle_config::0",
    "time" : {
      "start" : 1643198658791,
      "stop" : 1643198658791,
      "duration" : 0
    },
    "status" : "passed",
    "steps" : [ ],
    "attachments" : [ ],
    "parameters" : [ ],
    "stepsCount" : 0,
    "attachmentsCount" : 0,
    "shouldDisplayMessage" : false,
    "hasContent" : false
  } ],
  "labels" : [ {
    "name" : "feature",
    "value" : "Truffle"
  }, {
    "name" : "parentSuite",
    "value" : "tests.truffle"
  }, {
    "name" : "suite",
    "value" : "test_truffle"
  }, {
    "name" : "host",
    "value" : "fv-az28-581"
  }, {
    "name" : "thread",
    "value" : "3577-MainThread"
  }, {
    "name" : "framework",
    "value" : "pytest"
  }, {
    "name" : "language",
    "value" : "cpython3"
  }, {
    "name" : "package",
    "value" : "tests.truffle.test_truffle"
  }, {
    "name" : "resultFormat",
    "value" : "allure2"
  } ],
  "parameters" : [ ],
  "links" : [ ],
  "hidden" : false,
  "retry" : false,
  "extra" : {
    "severity" : "normal",
    "retries" : [ ],
    "categories" : [ {
      "name" : "Product defects",
      "matchedStatuses" : [ ],
      "flaky" : false
    } ],
    "history" : {
      "statistic" : {
        "failed" : 94,
        "broken" : 0,
        "skipped" : 0,
        "passed" : 29,
        "unknown" : 0,
        "total" : 123
      },
      "items" : [ {
        "uid" : "d44fc7cc295b962e",
        "reportUrl" : "https://neonlabsorg.github.io/neon-compatibility/541//#testresult/d44fc7cc295b962e",
        "status" : "failed",
        "statusDetails" : "AssertionError: assert \"message: 'ESOCKETTIMEDOUT'\" not in '/home/runne...ers:500:7)\\n'\n  \"message: 'ESOCKETTIMEDOUT'\" is contained here:\n    2603,\n        message: 'ESOCKETTIMEDOUT',\n        data: { originalError: [Object] },\n        stack: 'Error: ESOCKETTIMEDOUT\\n' +\n          '    at ClientRequest.<anonymous> (/home/runner/work/neon-compatibility/neon-compatibility/node_modules/request/request.js:816:19)\\n' +\n          '    at Object.onceWrapper (node:events:509:28)\\n' +\n          '    at ClientRequest.emit (node:events:390:28)\\n' +\n          '    at Socket.emitRequestTimeout (node:_http_client:763:9)\\n' +\n          '    at Object.onceWrapper (node:events:509:28)\\n' +\n          '    at Socket.emit (node:events:402:35)\\n' +\n          '    at Socket._onTimeout (node:net:501:8)\\n' +\n          '    at listOnTimeout (node:internal/timers:557:17)\\n' +\n          '    at processTimers (node:internal/timers:500:7)'\n      }\n    } {\n      code: -32603,\n      message: 'ESOCKETTIMEDOUT',\n      data: { originalError: { code: 'ESOCKETTIMEDOUT', connect: false } },\n      stack: 'Error: ESOCKETTIMEDOUT\\n' +\n        '    at ClientRequest.<anonymous> (/home/runner/work/neon-compatibility/neon-compatibility/node_modules/request/request.js:816:19)\\n' +\n        '    at Object.onceWrapper (node:events:509:28)\\n' +\n        '    at ClientRequest.emit (node:events:390:28)\\n' +\n        '    at Socket.emitRequestTimeout (node:_http_client:763:9)\\n' +\n        '    at Object.onceWrapper (node:events:509:28)\\n' +\n        '    at Socket.emit (node:events:402:35)\\n' +\n        '    at Socket._onTimeout (node:net:501:8)\\n' +\n        '    at listOnTimeout (node:internal/timers:557:17)\\n' +\n        '    at processTimers (node:internal/timers:500:7)'\n    }\n    Promise {\n      <rejected> {\n        code: -32603,\n        message: 'ESOCKETTIMEDOUT',\n        data: { originalError: [Object] },\n        stack: 'Error: ESOCKETTIMEDOUT\\n' +\n          '    at ClientRequest.<anonymous> (/home/runner/work/neon-compatibility/neon-compatibility/node_modules/request/request.js:816:19)\\n' +\n          '    at Object.onceWrapper (node:events:509:28)\\n' +\n          '    at ClientRequest.emit (node:events:390:28)\\n' +\n          '    at Socket.emitRequestTimeout (node:_http_client:763:9)\\n' +\n          '    at Object.onceWrapper (node:events:509:28)\\n' +\n          '    at Socket.emit (node:events:402:35)\\n' +\n          '    at Socket._onTimeout (node:net:501:8)\\n' +\n          '    at listOnTimeout (node:internal/timers:557:17)\\n' +\n          '    at processTimers (node:internal/timers:500:7)'\n      }\n    } {\n      code: -32603,\n      message: 'ESOCKETTIMEDOUT',\n      data: { originalError: { code: 'ESOCKETTIMEDOUT', connect: false } },\n      stack: 'Error: ESOCKETTIMEDOUT\\n' +\n        '    at ClientRequest.<anonymous> (/home/runner/work/neon-compatibility/neon-compatibility/node_modules/request/request.js:816:19)\\n' +\n        '    at Object.onceWrapper (node:events:509:28)\\n' +\n        '    at ClientRequest.emit (node:events:390:28)\\n' +\n        '    at Socket.emitRequestTimeout (node:_http_client:763:9)\\n' +\n        '    at Object.onceWrapper (node:events:509:28)\\n' +\n        '    at Socket.emit (node:events:402:35)\\n' +\n        '    at Socket._onTimeout (node:net:501:8)\\n' +\n        '    at listOnTimeout (node:internal/timers:557:17)\\n' +\n        '    at processTimers (node:internal/timers:500:7)'\n    }\n    Promise {\n      <rejected> {\n        code: -32603,\n        message: 'ESOCKETTIMEDOUT',\n        data: { originalError: [Object] },\n        stack: 'Error: ESOCKETTIMEDOUT\\n' +\n          '    at ClientRequest.<anonymous> (/home/runner/work/neon-compatibility/neon-compatibility/node_modules/request/request.js:816:19)\\n' +\n          '    at Object.onceWrapper (node:events:509:28)\\n' +\n          '    at ClientRequest.emit (node:events:390:28)\\n' +\n          '    at Socket.emitRequestTimeout (node:_http_client:763:9)\\n' +\n          '    at Object.onceWrapper (node:events:509:28)\\n' +\n          '    at Socket.emit (node:events:402:35)\\n' +\n          '    at Socket._onTimeout (node:net:501:8)\\n' +\n          '    at listOnTimeout (node:internal/timers:557:17)\\n' +\n          '    at processTimers (node:internal/timers:500:7)'\n      }\n    } {\n      code: -32603,\n      message: 'ESOCKETTIMEDOUT',\n      data: { originalError: { code: 'ESOCKETTIMEDOUT', connect: false } },\n      stack: 'Error: ESOCKETTIMEDOUT\\n' +\n        '    at ClientRequest.<anonymous> (/home/runner/work/neon-compatibility/neon-compatibility/node_modules/request/request.js:816:19)\\n' +\n        '    at Object.onceWrapper (node:events:509:28)\\n' +\n        '    at ClientRequest.emit (node:events:390:28)\\n' +\n        '    at Socket.emitRequestTimeout (node:_http_client:763:9)\\n' +\n        '    at Object.onceWrapper (node:events:509:28)\\n' +\n        '    at Socket.emit (node:events:402:35)\\n' +\n        '    at Socket._onTimeout (node:net:501:8)\\n' +\n        '    at listOnTimeout (node:internal/timers:557:17)\\n' +\n        '    at processTimers (node:internal/timers:500:7)'\n    }\n    /home/runner/work/neon-compatibility/neon-compatibility\n    - Fetching solc version list from solc-bin. Attempt #1\n    ✔ Downloading compiler. Attempt #1.\n    \n    /home/runner/work/neon-compatibility/neon-compatibility/node_modules/request/request.js:816\n              var e = new Error('ESOCKETTIMEDOUT')\n                      ^\n    Error: PollingBlockTracker - encountered an error while attempting to update latest block:\n    Error: ESOCKETTIMEDOUT\n        at ClientRequest.<anonymous> (/home/runner/work/neon-compatibility/neon-compatibility/node_modules/request/request.js:816:19)\n        at Object.onceWrapper (node:events:509:28)\n        at ClientRequest.emit (node:events:390:28)\n        at Socket.emitRequestTimeout (node:_http_client:763:9)\n        at Object.onceWrapper (node:events:509:28)\n        at Socket.emit (node:events:402:35)\n        at Socket._onTimeout (node:net:501:8)\n        at listOnTimeout (node:internal/timers:557:17)\n        at processTimers (node:internal/timers:500:7)\n        at PollingBlockTracker._performSync (/home/runner/work/neon-compatibility/neon-compatibility/node_modules/eth-block-tracker/src/polling.js:51:24)\n        at processTicksAndRejections (node:internal/process/task_queues:96:5)\n        at runNextTicks (node:internal/process/task_queues:65:3)\n        at listOnTimeout (node:internal/timers:526:9)\n        at processTimers (node:internal/timers:500:7)",
        "time" : {
          "start" : 1643190985572,
          "stop" : 1643191009642,
          "duration" : 24070
        }
      }, {
        "uid" : "898eee9c7588b4b5",
        "reportUrl" : "https://neonlabsorg.github.io/neon-compatibility/530//#testresult/898eee9c7588b4b5",
        "status" : "passed",
        "time" : {
          "start" : 1642776870755,
          "stop" : 1642776893761,
          "duration" : 23006
        }
      }, {
        "uid" : "56c299f954620401",
        "reportUrl" : "https://neonlabsorg.github.io/neon-compatibility/529//#testresult/56c299f954620401",
        "status" : "failed",
        "statusDetails" : "AssertionError: assert 'Error:  ***...t Failed ***' not in '/home/runne...patibility\\n'\n  'Error:  *** Deployment Failed ***' is contained here:\n    --------\n    \n    Error:  *** Deployment Failed ***\n    \n    \"Migrations\" could not deploy due to insufficient funds\n       * Account:  0xdd15DF0753a54F04093C768ea381DB5888A53364\n       * Balance:  0 wei\n       * Message:  ['Program 53DfF883gyixYNXnM7s5xhdeyV8mVk9T4i2hGV9vG9io invoke [1]', 'Program log: program/src/storage_account.rs:76', 'Program log: program/src/token.rs:330 : there is no enough funds to start executing the transaction; gas_limit = 3000000; gas_price = 1000000000; gas_used_and_paid = 0; user_balance = 0;', 'Program 53DfF883gyixYNXnM7s5xhdeyV8mVk9T4i2hGV9vG9io consumed 42899 of 500000 compute units', 'Program 53DfF883gyixYNXnM7s5xhdeyV8mVk9T4i2hGV9vG9io failed: insufficient funds for instruction', 'Program 53DfF883gyixYNXnM7s5xhdeyV8mVk9T4i2hGV9vG9io invoke [1]', 'Program log: program/src/storage_account.rs:76', 'Program log: program/src/token.rs:330 : there is no enough funds to start executing the transaction; gas_limit = 3000000; gas_price = 1000000000; gas_used_and_paid = 0; user_balance = 0;', 'Program 53DfF883gyixYNXnM7s5xhdeyV8mVk9T4i2hGV9vG9io consumed 42899 of 500000 compute units', 'Program 53DfF883gyixYNXnM7s5xhdeyV8mVk9T4i2hGV9vG9io failed: insufficient funds for instruction']\n       * Try:\n          + Using an adequately funded account\n          + If you are using a local Geth node, verify that your node is synced.\n    \n        at /home/runner/work/neon-compatibility/neon-compatibility/node_modules/truffle/build/webpack:/packages/deployer/src/deployment.js:365:1\n        at processTicksAndRejections (node:internal/process/task_queues:96:5)\n        at Migration._deploy (/home/runner/work/neon-compatibility/neon-compatibility/node_modules/truffle/build/webpack:/packages/migrate/Migration.js:70:1)\n        at Migration._load (/home/runner/work/neon-compatibility/neon-compatibility/node_modules/truffle/build/webpack:/packages/migrate/Migration.js:56:1)\n        at Migration.run (/home/runner/work/neon-compatibility/neon-compatibility/node_modules/truffle/build/webpack:/packages/migrate/Migration.js:217:1)\n        at Object.runMigrations (/home/runner/work/neon-compatibility/neon-compatibility/node_modules/truffle/build/webpack:/packages/migrate/index.js:150:1)\n        at Object.runFrom (/home/runner/work/neon-compatibility/neon-compatibility/node_modules/truffle/build/webpack:/packages/migrate/index.js:110:1)\n        at Object.run (/home/runner/work/neon-compatibility/neon-compatibility/node_modules/truffle/build/webpack:/packages/migrate/index.js:87:1)\n        at runMigrations (/home/runner/work/neon-compatibility/neon-compatibility/node_modules/truffle/build/webpack:/packages/core/lib/commands/migrate.js:258:1)\n        at Object.run (/home/runner/work/neon-compatibility/neon-compatibility/node_modules/truffle/build/webpack:/packages/core/lib/commands/migrate.js:223:1)\n        at Command.run (/home/runner/work/neon-compatibility/neon-compatibility/node_modules/truffle/build/webpack:/packages/core/lib/command.js:183:1)\n    Truffle v5.4.14 (core: 5.4.14)\n    Node v16.13.2\n    /home/runner/work/neon-compatibility/neon-compatibility",
        "time" : {
          "start" : 1642772358784,
          "stop" : 1642772377393,
          "duration" : 18609
        }
      }, {
        "uid" : "3cb6da6d5611562f",
        "reportUrl" : "https://neonlabsorg.github.io/neon-compatibility/528//#testresult/3cb6da6d5611562f",
        "status" : "failed",
        "statusDetails" : "AssertionError: assert 'Error:  ***...t Failed ***' not in '/home/runne...patibility\\n'\n  'Error:  *** Deployment Failed ***' is contained here:\n    --------\n    \n    Error:  *** Deployment Failed ***\n    \n    \"Migrations\" could not deploy due to insufficient funds\n       * Account:  0x733B2aa917e344112903DE2e100c2BF537C66e8A\n       * Balance:  0 wei\n       * Message:  ['Program 53DfF883gyixYNXnM7s5xhdeyV8mVk9T4i2hGV9vG9io invoke [1]', 'Program log: program/src/storage_account.rs:76', 'Program log: program/src/token.rs:330 : there is no enough funds to start executing the transaction; gas_limit = 3000000; gas_price = 1000000000; gas_used_and_paid = 0; user_balance = 0;', 'Program 53DfF883gyixYNXnM7s5xhdeyV8mVk9T4i2hGV9vG9io consumed 42899 of 500000 compute units', 'Program 53DfF883gyixYNXnM7s5xhdeyV8mVk9T4i2hGV9vG9io failed: insufficient funds for instruction', 'Program 53DfF883gyixYNXnM7s5xhdeyV8mVk9T4i2hGV9vG9io invoke [1]', 'Program log: program/src/storage_account.rs:76', 'Program log: program/src/token.rs:330 : there is no enough funds to start executing the transaction; gas_limit = 3000000; gas_price = 1000000000; gas_used_and_paid = 0; user_balance = 0;', 'Program 53DfF883gyixYNXnM7s5xhdeyV8mVk9T4i2hGV9vG9io consumed 42899 of 500000 compute units', 'Program 53DfF883gyixYNXnM7s5xhdeyV8mVk9T4i2hGV9vG9io failed: insufficient funds for instruction']\n       * Try:\n          + Using an adequately funded account\n          + If you are using a local Geth node, verify that your node is synced.\n    \n        at /home/runner/work/neon-compatibility/neon-compatibility/node_modules/truffle/build/webpack:/packages/deployer/src/deployment.js:365:1\n        at processTicksAndRejections (node:internal/process/task_queues:96:5)\n        at Migration._deploy (/home/runner/work/neon-compatibility/neon-compatibility/node_modules/truffle/build/webpack:/packages/migrate/Migration.js:70:1)\n        at Migration._load (/home/runner/work/neon-compatibility/neon-compatibility/node_modules/truffle/build/webpack:/packages/migrate/Migration.js:56:1)\n        at Migration.run (/home/runner/work/neon-compatibility/neon-compatibility/node_modules/truffle/build/webpack:/packages/migrate/Migration.js:217:1)\n        at Object.runMigrations (/home/runner/work/neon-compatibility/neon-compatibility/node_modules/truffle/build/webpack:/packages/migrate/index.js:150:1)\n        at Object.runFrom (/home/runner/work/neon-compatibility/neon-compatibility/node_modules/truffle/build/webpack:/packages/migrate/index.js:110:1)\n        at Object.run (/home/runner/work/neon-compatibility/neon-compatibility/node_modules/truffle/build/webpack:/packages/migrate/index.js:87:1)\n        at runMigrations (/home/runner/work/neon-compatibility/neon-compatibility/node_modules/truffle/build/webpack:/packages/core/lib/commands/migrate.js:258:1)\n        at Object.run (/home/runner/work/neon-compatibility/neon-compatibility/node_modules/truffle/build/webpack:/packages/core/lib/commands/migrate.js:223:1)\n        at Command.run (/home/runner/work/neon-compatibility/neon-compatibility/node_modules/truffle/build/webpack:/packages/core/lib/command.js:183:1)\n    Truffle v5.4.14 (core: 5.4.14)\n    Node v16.13.2\n    /home/runner/work/neon-compatibility/neon-compatibility",
        "time" : {
          "start" : 1642758425672,
          "stop" : 1642758449105,
          "duration" : 23433
        }
      }, {
        "uid" : "51a229607636061b",
        "reportUrl" : "https://neonlabsorg.github.io/neon-compatibility/526//#testresult/51a229607636061b",
        "status" : "failed",
        "statusDetails" : "AssertionError: assert 'Error:  ***...t Failed ***' not in '/home/runne...patibility\\n'\n  'Error:  *** Deployment Failed ***' is contained here:\n    --------\n    \n    Error:  *** Deployment Failed ***\n    \n    \"Migrations\" could not deploy due to insufficient funds\n       * Account:  0x170B99cD1525bc56EF746586470B3940C9892B86\n       * Balance:  0 wei\n       * Message:  ['Program 53DfF883gyixYNXnM7s5xhdeyV8mVk9T4i2hGV9vG9io invoke [1]', 'Program log: program/src/storage_account.rs:76', 'Program log: program/src/token.rs:330 : there is no enough funds to start executing the transaction; gas_limit = 3000000; gas_price = 1000000000; gas_used_and_paid = 0; user_balance = 0;', 'Program 53DfF883gyixYNXnM7s5xhdeyV8mVk9T4i2hGV9vG9io consumed 42899 of 500000 compute units', 'Program 53DfF883gyixYNXnM7s5xhdeyV8mVk9T4i2hGV9vG9io failed: insufficient funds for instruction', 'Program 53DfF883gyixYNXnM7s5xhdeyV8mVk9T4i2hGV9vG9io invoke [1]', 'Program log: program/src/storage_account.rs:76', 'Program log: program/src/token.rs:330 : there is no enough funds to start executing the transaction; gas_limit = 3000000; gas_price = 1000000000; gas_used_and_paid = 0; user_balance = 0;', 'Program 53DfF883gyixYNXnM7s5xhdeyV8mVk9T4i2hGV9vG9io consumed 42899 of 500000 compute units', 'Program 53DfF883gyixYNXnM7s5xhdeyV8mVk9T4i2hGV9vG9io failed: insufficient funds for instruction']\n       * Try:\n          + Using an adequately funded account\n          + If you are using a local Geth node, verify that your node is synced.\n    \n        at /home/runner/work/neon-compatibility/neon-compatibility/node_modules/truffle/build/webpack:/packages/deployer/src/deployment.js:365:1\n        at processTicksAndRejections (node:internal/process/task_queues:96:5)\n        at Migration._deploy (/home/runner/work/neon-compatibility/neon-compatibility/node_modules/truffle/build/webpack:/packages/migrate/Migration.js:70:1)\n        at Migration._load (/home/runner/work/neon-compatibility/neon-compatibility/node_modules/truffle/build/webpack:/packages/migrate/Migration.js:56:1)\n        at Migration.run (/home/runner/work/neon-compatibility/neon-compatibility/node_modules/truffle/build/webpack:/packages/migrate/Migration.js:217:1)\n        at Object.runMigrations (/home/runner/work/neon-compatibility/neon-compatibility/node_modules/truffle/build/webpack:/packages/migrate/index.js:150:1)\n        at Object.runFrom (/home/runner/work/neon-compatibility/neon-compatibility/node_modules/truffle/build/webpack:/packages/migrate/index.js:110:1)\n        at Object.run (/home/runner/work/neon-compatibility/neon-compatibility/node_modules/truffle/build/webpack:/packages/migrate/index.js:87:1)\n        at runMigrations (/home/runner/work/neon-compatibility/neon-compatibility/node_modules/truffle/build/webpack:/packages/core/lib/commands/migrate.js:258:1)\n        at Object.run (/home/runner/work/neon-compatibility/neon-compatibility/node_modules/truffle/build/webpack:/packages/core/lib/commands/migrate.js:223:1)\n        at Command.run (/home/runner/work/neon-compatibility/neon-compatibility/node_modules/truffle/build/webpack:/packages/core/lib/command.js:183:1)\n    Truffle v5.4.14 (core: 5.4.14)\n    Node v16.13.2\n    /home/runner/work/neon-compatibility/neon-compatibility",
        "time" : {
          "start" : 1642725288797,
          "stop" : 1642725307307,
          "duration" : 18510
        }
      }, {
        "uid" : "c585811b56a04f68",
        "reportUrl" : "https://neonlabsorg.github.io/neon-compatibility/524//#testresult/c585811b56a04f68",
        "status" : "failed",
        "statusDetails" : "AssertionError: assert 'Error:  ***...t Failed ***' not in '/home/runne...patibility\\n'\n  'Error:  *** Deployment Failed ***' is contained here:\n    --------\n    \n    Error:  *** Deployment Failed ***\n    \n    \"Migrations\" could not deploy due to insufficient funds\n       * Account:  0x1e2C5eCFb199783e68C33085aDE3Df053A766f09\n       * Balance:  0 wei\n       * Message:  ['Program 53DfF883gyixYNXnM7s5xhdeyV8mVk9T4i2hGV9vG9io invoke [1]', 'Program log: program/src/storage_account.rs:76', 'Program log: program/src/token.rs:330 : there is no enough funds to start executing the transaction; gas_limit = 3000000; gas_price = 1000000000; gas_used_and_paid = 0; user_balance = 0;', 'Program 53DfF883gyixYNXnM7s5xhdeyV8mVk9T4i2hGV9vG9io consumed 42899 of 500000 compute units', 'Program 53DfF883gyixYNXnM7s5xhdeyV8mVk9T4i2hGV9vG9io failed: insufficient funds for instruction', 'Program 53DfF883gyixYNXnM7s5xhdeyV8mVk9T4i2hGV9vG9io invoke [1]', 'Program log: program/src/storage_account.rs:76', 'Program log: program/src/token.rs:330 : there is no enough funds to start executing the transaction; gas_limit = 3000000; gas_price = 1000000000; gas_used_and_paid = 0; user_balance = 0;', 'Program 53DfF883gyixYNXnM7s5xhdeyV8mVk9T4i2hGV9vG9io consumed 42899 of 500000 compute units', 'Program 53DfF883gyixYNXnM7s5xhdeyV8mVk9T4i2hGV9vG9io failed: insufficient funds for instruction']\n       * Try:\n          + Using an adequately funded account\n          + If you are using a local Geth node, verify that your node is synced.\n    \n        at /home/runner/work/neon-compatibility/neon-compatibility/node_modules/truffle/build/webpack:/packages/deployer/src/deployment.js:365:1\n        at processTicksAndRejections (node:internal/process/task_queues:96:5)\n        at Migration._deploy (/home/runner/work/neon-compatibility/neon-compatibility/node_modules/truffle/build/webpack:/packages/migrate/Migration.js:70:1)\n        at Migration._load (/home/runner/work/neon-compatibility/neon-compatibility/node_modules/truffle/build/webpack:/packages/migrate/Migration.js:56:1)\n        at Migration.run (/home/runner/work/neon-compatibility/neon-compatibility/node_modules/truffle/build/webpack:/packages/migrate/Migration.js:217:1)\n        at Object.runMigrations (/home/runner/work/neon-compatibility/neon-compatibility/node_modules/truffle/build/webpack:/packages/migrate/index.js:150:1)\n        at Object.runFrom (/home/runner/work/neon-compatibility/neon-compatibility/node_modules/truffle/build/webpack:/packages/migrate/index.js:110:1)\n        at Object.run (/home/runner/work/neon-compatibility/neon-compatibility/node_modules/truffle/build/webpack:/packages/migrate/index.js:87:1)\n        at runMigrations (/home/runner/work/neon-compatibility/neon-compatibility/node_modules/truffle/build/webpack:/packages/core/lib/commands/migrate.js:258:1)\n        at Object.run (/home/runner/work/neon-compatibility/neon-compatibility/node_modules/truffle/build/webpack:/packages/core/lib/commands/migrate.js:223:1)\n        at Command.run (/home/runner/work/neon-compatibility/neon-compatibility/node_modules/truffle/build/webpack:/packages/core/lib/command.js:183:1)\n    Truffle v5.4.14 (core: 5.4.14)\n    Node v16.13.2\n    /home/runner/work/neon-compatibility/neon-compatibility",
        "time" : {
          "start" : 1642648464886,
          "stop" : 1642648480770,
          "duration" : 15884
        }
      }, {
        "uid" : "1d2336dab5eef782",
        "reportUrl" : "https://neonlabsorg.github.io/neon-compatibility/523//#testresult/1d2336dab5eef782",
        "status" : "failed",
        "statusDetails" : "AssertionError: assert 'Error:  ***...t Failed ***' not in '/home/runne...patibility\\n'\n  'Error:  *** Deployment Failed ***' is contained here:\n    --------\n    \n    Error:  *** Deployment Failed ***\n    \n    \"Migrations\" could not deploy due to insufficient funds\n       * Account:  0x628470e781aA6085abF5B0e8defE7cC96FDC64FA\n       * Balance:  0 wei\n       * Message:  ['Program 53DfF883gyixYNXnM7s5xhdeyV8mVk9T4i2hGV9vG9io invoke [1]', 'Program log: program/src/storage_account.rs:76', 'Program log: program/src/token.rs:330 : there is no enough funds to start executing the transaction; gas_limit = 3000000; gas_price = 1000000000; gas_used_and_paid = 0; user_balance = 0;', 'Program 53DfF883gyixYNXnM7s5xhdeyV8mVk9T4i2hGV9vG9io consumed 42899 of 500000 compute units', 'Program 53DfF883gyixYNXnM7s5xhdeyV8mVk9T4i2hGV9vG9io failed: insufficient funds for instruction', 'Program 53DfF883gyixYNXnM7s5xhdeyV8mVk9T4i2hGV9vG9io invoke [1]', 'Program log: program/src/storage_account.rs:76', 'Program log: program/src/token.rs:330 : there is no enough funds to start executing the transaction; gas_limit = 3000000; gas_price = 1000000000; gas_used_and_paid = 0; user_balance = 0;', 'Program 53DfF883gyixYNXnM7s5xhdeyV8mVk9T4i2hGV9vG9io consumed 42899 of 500000 compute units', 'Program 53DfF883gyixYNXnM7s5xhdeyV8mVk9T4i2hGV9vG9io failed: insufficient funds for instruction']\n       * Try:\n          + Using an adequately funded account\n          + If you are using a local Geth node, verify that your node is synced.\n    \n        at /home/runner/work/neon-compatibility/neon-compatibility/node_modules/truffle/build/webpack:/packages/deployer/src/deployment.js:365:1\n        at processTicksAndRejections (node:internal/process/task_queues:96:5)\n        at Migration._deploy (/home/runner/work/neon-compatibility/neon-compatibility/node_modules/truffle/build/webpack:/packages/migrate/Migration.js:70:1)\n        at Migration._load (/home/runner/work/neon-compatibility/neon-compatibility/node_modules/truffle/build/webpack:/packages/migrate/Migration.js:56:1)\n        at Migration.run (/home/runner/work/neon-compatibility/neon-compatibility/node_modules/truffle/build/webpack:/packages/migrate/Migration.js:217:1)\n        at Object.runMigrations (/home/runner/work/neon-compatibility/neon-compatibility/node_modules/truffle/build/webpack:/packages/migrate/index.js:150:1)\n        at Object.runFrom (/home/runner/work/neon-compatibility/neon-compatibility/node_modules/truffle/build/webpack:/packages/migrate/index.js:110:1)\n        at Object.run (/home/runner/work/neon-compatibility/neon-compatibility/node_modules/truffle/build/webpack:/packages/migrate/index.js:87:1)\n        at runMigrations (/home/runner/work/neon-compatibility/neon-compatibility/node_modules/truffle/build/webpack:/packages/core/lib/commands/migrate.js:258:1)\n        at Object.run (/home/runner/work/neon-compatibility/neon-compatibility/node_modules/truffle/build/webpack:/packages/core/lib/commands/migrate.js:223:1)\n        at Command.run (/home/runner/work/neon-compatibility/neon-compatibility/node_modules/truffle/build/webpack:/packages/core/lib/command.js:183:1)\n    Truffle v5.4.14 (core: 5.4.14)\n    Node v16.13.2\n    /home/runner/work/neon-compatibility/neon-compatibility",
        "time" : {
          "start" : 1642639126057,
          "stop" : 1642639142318,
          "duration" : 16261
        }
      }, {
        "uid" : "e70b62704ae518a9",
        "reportUrl" : "https://neonlabsorg.github.io/neon-compatibility/522//#testresult/e70b62704ae518a9",
        "status" : "failed",
        "statusDetails" : "AssertionError: assert 'Error:  ***...t Failed ***' not in '/home/runne...patibility\\n'\n  'Error:  *** Deployment Failed ***' is contained here:\n    --------\n    \n    Error:  *** Deployment Failed ***\n    \n    \"Migrations\" could not deploy due to insufficient funds\n       * Account:  0x1011f84263b49cBEF5473C3d6CF3D68c6aCC7663\n       * Balance:  0 wei\n       * Message:  ['Program 53DfF883gyixYNXnM7s5xhdeyV8mVk9T4i2hGV9vG9io invoke [1]', 'Program log: program/src/storage_account.rs:76', 'Program log: program/src/token.rs:330 : there is no enough funds to start executing the transaction; gas_limit = 3000000; gas_price = 1000000000; gas_used_and_paid = 0; user_balance = 0;', 'Program 53DfF883gyixYNXnM7s5xhdeyV8mVk9T4i2hGV9vG9io consumed 42899 of 500000 compute units', 'Program 53DfF883gyixYNXnM7s5xhdeyV8mVk9T4i2hGV9vG9io failed: insufficient funds for instruction', 'Program 53DfF883gyixYNXnM7s5xhdeyV8mVk9T4i2hGV9vG9io invoke [1]', 'Program log: program/src/storage_account.rs:76', 'Program log: program/src/token.rs:330 : there is no enough funds to start executing the transaction; gas_limit = 3000000; gas_price = 1000000000; gas_used_and_paid = 0; user_balance = 0;', 'Program 53DfF883gyixYNXnM7s5xhdeyV8mVk9T4i2hGV9vG9io consumed 42899 of 500000 compute units', 'Program 53DfF883gyixYNXnM7s5xhdeyV8mVk9T4i2hGV9vG9io failed: insufficient funds for instruction']\n       * Try:\n          + Using an adequately funded account\n          + If you are using a local Geth node, verify that your node is synced.\n    \n        at /home/runner/work/neon-compatibility/neon-compatibility/node_modules/truffle/build/webpack:/packages/deployer/src/deployment.js:365:1\n        at processTicksAndRejections (node:internal/process/task_queues:96:5)\n        at Migration._deploy (/home/runner/work/neon-compatibility/neon-compatibility/node_modules/truffle/build/webpack:/packages/migrate/Migration.js:70:1)\n        at Migration._load (/home/runner/work/neon-compatibility/neon-compatibility/node_modules/truffle/build/webpack:/packages/migrate/Migration.js:56:1)\n        at Migration.run (/home/runner/work/neon-compatibility/neon-compatibility/node_modules/truffle/build/webpack:/packages/migrate/Migration.js:217:1)\n        at Object.runMigrations (/home/runner/work/neon-compatibility/neon-compatibility/node_modules/truffle/build/webpack:/packages/migrate/index.js:150:1)\n        at Object.runFrom (/home/runner/work/neon-compatibility/neon-compatibility/node_modules/truffle/build/webpack:/packages/migrate/index.js:110:1)\n        at Object.run (/home/runner/work/neon-compatibility/neon-compatibility/node_modules/truffle/build/webpack:/packages/migrate/index.js:87:1)\n        at runMigrations (/home/runner/work/neon-compatibility/neon-compatibility/node_modules/truffle/build/webpack:/packages/core/lib/commands/migrate.js:258:1)\n        at Object.run (/home/runner/work/neon-compatibility/neon-compatibility/node_modules/truffle/build/webpack:/packages/core/lib/commands/migrate.js:223:1)\n        at Command.run (/home/runner/work/neon-compatibility/neon-compatibility/node_modules/truffle/build/webpack:/packages/core/lib/command.js:183:1)\n    Truffle v5.4.14 (core: 5.4.14)\n    Node v16.13.2\n    /home/runner/work/neon-compatibility/neon-compatibility",
        "time" : {
          "start" : 1642562120199,
          "stop" : 1642562136541,
          "duration" : 16342
        }
      }, {
        "uid" : "502cb302e2245512",
        "reportUrl" : "https://neonlabsorg.github.io/neon-compatibility/521//#testresult/502cb302e2245512",
        "status" : "failed",
        "statusDetails" : "AssertionError: assert 'Error:  ***...t Failed ***' not in '/home/runne...patibility\\n'\n  'Error:  *** Deployment Failed ***' is contained here:\n    --------\n    \n    Error:  *** Deployment Failed ***\n    \n    \"Migrations\" could not deploy due to insufficient funds\n       * Account:  0x2ecED41666d84486740bE2Da6d87609470A7e5e1\n       * Balance:  0 wei\n       * Message:  ['Program 53DfF883gyixYNXnM7s5xhdeyV8mVk9T4i2hGV9vG9io invoke [1]', 'Program log: program/src/storage_account.rs:76', 'Program log: program/src/token.rs:330 : there is no enough funds to start executing the transaction; gas_limit = 3000000; gas_price = 1000000000; gas_used_and_paid = 0; user_balance = 0;', 'Program 53DfF883gyixYNXnM7s5xhdeyV8mVk9T4i2hGV9vG9io consumed 42899 of 500000 compute units', 'Program 53DfF883gyixYNXnM7s5xhdeyV8mVk9T4i2hGV9vG9io failed: insufficient funds for instruction', 'Program 53DfF883gyixYNXnM7s5xhdeyV8mVk9T4i2hGV9vG9io invoke [1]', 'Program log: program/src/storage_account.rs:76', 'Program log: program/src/token.rs:330 : there is no enough funds to start executing the transaction; gas_limit = 3000000; gas_price = 1000000000; gas_used_and_paid = 0; user_balance = 0;', 'Program 53DfF883gyixYNXnM7s5xhdeyV8mVk9T4i2hGV9vG9io consumed 42899 of 500000 compute units', 'Program 53DfF883gyixYNXnM7s5xhdeyV8mVk9T4i2hGV9vG9io failed: insufficient funds for instruction']\n       * Try:\n          + Using an adequately funded account\n          + If you are using a local Geth node, verify that your node is synced.\n    \n        at /home/runner/work/neon-compatibility/neon-compatibility/node_modules/truffle/build/webpack:/packages/deployer/src/deployment.js:365:1\n        at processTicksAndRejections (node:internal/process/task_queues:96:5)\n        at Migration._deploy (/home/runner/work/neon-compatibility/neon-compatibility/node_modules/truffle/build/webpack:/packages/migrate/Migration.js:70:1)\n        at Migration._load (/home/runner/work/neon-compatibility/neon-compatibility/node_modules/truffle/build/webpack:/packages/migrate/Migration.js:56:1)\n        at Migration.run (/home/runner/work/neon-compatibility/neon-compatibility/node_modules/truffle/build/webpack:/packages/migrate/Migration.js:217:1)\n        at Object.runMigrations (/home/runner/work/neon-compatibility/neon-compatibility/node_modules/truffle/build/webpack:/packages/migrate/index.js:150:1)\n        at Object.runFrom (/home/runner/work/neon-compatibility/neon-compatibility/node_modules/truffle/build/webpack:/packages/migrate/index.js:110:1)\n        at Object.run (/home/runner/work/neon-compatibility/neon-compatibility/node_modules/truffle/build/webpack:/packages/migrate/index.js:87:1)\n        at runMigrations (/home/runner/work/neon-compatibility/neon-compatibility/node_modules/truffle/build/webpack:/packages/core/lib/commands/migrate.js:258:1)\n        at Object.run (/home/runner/work/neon-compatibility/neon-compatibility/node_modules/truffle/build/webpack:/packages/core/lib/commands/migrate.js:223:1)\n        at Command.run (/home/runner/work/neon-compatibility/neon-compatibility/node_modules/truffle/build/webpack:/packages/core/lib/command.js:183:1)\n    Truffle v5.4.14 (core: 5.4.14)\n    Node v16.13.2\n    /home/runner/work/neon-compatibility/neon-compatibility",
        "time" : {
          "start" : 1642552393032,
          "stop" : 1642552409099,
          "duration" : 16067
        }
      }, {
        "uid" : "9d71d12cf7e31f0a",
        "reportUrl" : "https://neonlabsorg.github.io/neon-compatibility/520//#testresult/9d71d12cf7e31f0a",
        "status" : "failed",
        "statusDetails" : "AssertionError: assert 'Error:  ***...t Failed ***' not in '/home/runne...patibility\\n'\n  'Error:  *** Deployment Failed ***' is contained here:\n    --------\n    \n    Error:  *** Deployment Failed ***\n    \n    \"Migrations\" could not deploy due to insufficient funds\n       * Account:  0xd0A7E2dA67748a7fbAA10871cb584A49c88Cc046\n       * Balance:  0 wei\n       * Message:  ['Program 53DfF883gyixYNXnM7s5xhdeyV8mVk9T4i2hGV9vG9io invoke [1]', 'Program log: program/src/storage_account.rs:76', 'Program log: program/src/token.rs:330 : there is no enough funds to start executing the transaction; gas_limit = 3000000; gas_price = 1000000000; gas_used_and_paid = 0; user_balance = 0;', 'Program 53DfF883gyixYNXnM7s5xhdeyV8mVk9T4i2hGV9vG9io consumed 42899 of 500000 compute units', 'Program 53DfF883gyixYNXnM7s5xhdeyV8mVk9T4i2hGV9vG9io failed: insufficient funds for instruction', 'Program 53DfF883gyixYNXnM7s5xhdeyV8mVk9T4i2hGV9vG9io invoke [1]', 'Program log: program/src/storage_account.rs:76', 'Program log: program/src/token.rs:330 : there is no enough funds to start executing the transaction; gas_limit = 3000000; gas_price = 1000000000; gas_used_and_paid = 0; user_balance = 0;', 'Program 53DfF883gyixYNXnM7s5xhdeyV8mVk9T4i2hGV9vG9io consumed 42899 of 500000 compute units', 'Program 53DfF883gyixYNXnM7s5xhdeyV8mVk9T4i2hGV9vG9io failed: insufficient funds for instruction']\n       * Try:\n          + Using an adequately funded account\n          + If you are using a local Geth node, verify that your node is synced.\n    \n        at /home/runner/work/neon-compatibility/neon-compatibility/node_modules/truffle/build/webpack:/packages/deployer/src/deployment.js:365:1\n        at processTicksAndRejections (node:internal/process/task_queues:96:5)\n        at Migration._deploy (/home/runner/work/neon-compatibility/neon-compatibility/node_modules/truffle/build/webpack:/packages/migrate/Migration.js:70:1)\n        at Migration._load (/home/runner/work/neon-compatibility/neon-compatibility/node_modules/truffle/build/webpack:/packages/migrate/Migration.js:56:1)\n        at Migration.run (/home/runner/work/neon-compatibility/neon-compatibility/node_modules/truffle/build/webpack:/packages/migrate/Migration.js:217:1)\n        at Object.runMigrations (/home/runner/work/neon-compatibility/neon-compatibility/node_modules/truffle/build/webpack:/packages/migrate/index.js:150:1)\n        at Object.runFrom (/home/runner/work/neon-compatibility/neon-compatibility/node_modules/truffle/build/webpack:/packages/migrate/index.js:110:1)\n        at Object.run (/home/runner/work/neon-compatibility/neon-compatibility/node_modules/truffle/build/webpack:/packages/migrate/index.js:87:1)\n        at runMigrations (/home/runner/work/neon-compatibility/neon-compatibility/node_modules/truffle/build/webpack:/packages/core/lib/commands/migrate.js:258:1)\n        at Object.run (/home/runner/work/neon-compatibility/neon-compatibility/node_modules/truffle/build/webpack:/packages/core/lib/commands/migrate.js:223:1)\n        at Command.run (/home/runner/work/neon-compatibility/neon-compatibility/node_modules/truffle/build/webpack:/packages/core/lib/command.js:183:1)\n    Truffle v5.4.14 (core: 5.4.14)\n    Node v16.13.2\n    /home/runner/work/neon-compatibility/neon-compatibility",
        "time" : {
          "start" : 1642511307122,
          "stop" : 1642511323291,
          "duration" : 16169
        }
      }, {
        "uid" : "aa25ca22ddc8c8e5",
        "reportUrl" : "https://neonlabsorg.github.io/neon-compatibility/514//#testresult/aa25ca22ddc8c8e5",
        "status" : "passed",
        "time" : {
          "start" : 1642496823124,
          "stop" : 1642496839545,
          "duration" : 16421
        }
      }, {
        "uid" : "b9952813f99b7dca",
        "reportUrl" : "https://neonlabsorg.github.io/neon-compatibility/513//#testresult/b9952813f99b7dca",
        "status" : "passed",
        "time" : {
          "start" : 1642475742179,
          "stop" : 1642475759396,
          "duration" : 17217
        }
      }, {
        "uid" : "e149ce5de16a9956",
        "reportUrl" : "https://neonlabsorg.github.io/neon-compatibility/512//#testresult/e149ce5de16a9956",
        "status" : "passed",
        "time" : {
          "start" : 1642466094325,
          "stop" : 1642466097941,
          "duration" : 3616
        }
      }, {
        "uid" : "73d7fb8e04ad8fa6",
        "reportUrl" : "https://neonlabsorg.github.io/neon-compatibility/511//#testresult/73d7fb8e04ad8fa6",
        "status" : "passed",
        "time" : {
          "start" : 1642389487111,
          "stop" : 1642389506837,
          "duration" : 19726
        }
      }, {
        "uid" : "8221377ae9a6e54d",
        "reportUrl" : "https://neonlabsorg.github.io/neon-compatibility/510//#testresult/8221377ae9a6e54d",
        "status" : "passed",
        "time" : {
          "start" : 1642379730754,
          "stop" : 1642379748825,
          "duration" : 18071
        }
      }, {
        "uid" : "e86f7dcc33d5c9b4",
        "reportUrl" : "https://neonlabsorg.github.io/neon-compatibility/509//#testresult/e86f7dcc33d5c9b4",
        "status" : "failed",
        "statusDetails" : "AssertionError: assert 'Error:  ***...t Failed ***' not in '/home/runne...patibility\\n'\n  'Error:  *** Deployment Failed ***' is contained here:\n    --------\n    \n    Error:  *** Deployment Failed ***\n    \n    \"Migrations\" could not deploy due to insufficient funds\n       * Account:  0xf040415737dbb25d73D543A2dA79aBA63Eef3245\n       * Balance:  0 wei\n       * Message:  ['Program 53DfF883gyixYNXnM7s5xhdeyV8mVk9T4i2hGV9vG9io invoke [1]', 'Program log: program/src/storage_account.rs:76', 'Program log: program/src/token.rs:330 : there is no enough funds to start executing the transaction; gas_limit = 3000000; gas_price = 1000000000; gas_used_and_paid = 0; user_balance = 0;', 'Program 53DfF883gyixYNXnM7s5xhdeyV8mVk9T4i2hGV9vG9io consumed 42899 of 500000 compute units', 'Program 53DfF883gyixYNXnM7s5xhdeyV8mVk9T4i2hGV9vG9io failed: insufficient funds for instruction', 'Program 53DfF883gyixYNXnM7s5xhdeyV8mVk9T4i2hGV9vG9io invoke [1]', 'Program log: program/src/storage_account.rs:76', 'Program log: program/src/token.rs:330 : there is no enough funds to start executing the transaction; gas_limit = 3000000; gas_price = 1000000000; gas_used_and_paid = 0; user_balance = 0;', 'Program 53DfF883gyixYNXnM7s5xhdeyV8mVk9T4i2hGV9vG9io consumed 42899 of 500000 compute units', 'Program 53DfF883gyixYNXnM7s5xhdeyV8mVk9T4i2hGV9vG9io failed: insufficient funds for instruction']\n       * Try:\n          + Using an adequately funded account\n          + If you are using a local Geth node, verify that your node is synced.\n    \n        at /home/runner/work/neon-compatibility/neon-compatibility/node_modules/truffle/build/webpack:/packages/deployer/src/deployment.js:365:1\n        at processTicksAndRejections (node:internal/process/task_queues:96:5)\n        at Migration._deploy (/home/runner/work/neon-compatibility/neon-compatibility/node_modules/truffle/build/webpack:/packages/migrate/Migration.js:70:1)\n        at Migration._load (/home/runner/work/neon-compatibility/neon-compatibility/node_modules/truffle/build/webpack:/packages/migrate/Migration.js:56:1)\n        at Migration.run (/home/runner/work/neon-compatibility/neon-compatibility/node_modules/truffle/build/webpack:/packages/migrate/Migration.js:217:1)\n        at Object.runMigrations (/home/runner/work/neon-compatibility/neon-compatibility/node_modules/truffle/build/webpack:/packages/migrate/index.js:150:1)\n        at Object.runFrom (/home/runner/work/neon-compatibility/neon-compatibility/node_modules/truffle/build/webpack:/packages/migrate/index.js:110:1)\n        at Object.run (/home/runner/work/neon-compatibility/neon-compatibility/node_modules/truffle/build/webpack:/packages/migrate/index.js:87:1)\n        at runMigrations (/home/runner/work/neon-compatibility/neon-compatibility/node_modules/truffle/build/webpack:/packages/core/lib/commands/migrate.js:258:1)\n        at Object.run (/home/runner/work/neon-compatibility/neon-compatibility/node_modules/truffle/build/webpack:/packages/core/lib/commands/migrate.js:223:1)\n        at Command.run (/home/runner/work/neon-compatibility/neon-compatibility/node_modules/truffle/build/webpack:/packages/core/lib/command.js:183:1)\n    Truffle v5.4.14 (core: 5.4.14)\n    Node v16.13.2\n    /home/runner/work/neon-compatibility/neon-compatibility",
        "time" : {
          "start" : 1642303121696,
          "stop" : 1642303138326,
          "duration" : 16630
        }
      }, {
        "uid" : "242d24f8154d540d",
        "reportUrl" : "https://neonlabsorg.github.io/neon-compatibility/508//#testresult/242d24f8154d540d",
        "status" : "failed",
        "statusDetails" : "AssertionError: assert 'Error:  ***...t Failed ***' not in '/home/runne...patibility\\n'\n  'Error:  *** Deployment Failed ***' is contained here:\n    --------\n    \n    Error:  *** Deployment Failed ***\n    \n    \"Migrations\" could not deploy due to insufficient funds\n       * Account:  0x9BB98918ED690326F4410B346254A202D8d3CD21\n       * Balance:  0 wei\n       * Message:  ['Program 53DfF883gyixYNXnM7s5xhdeyV8mVk9T4i2hGV9vG9io invoke [1]', 'Program log: program/src/storage_account.rs:76', 'Program log: program/src/token.rs:330 : there is no enough funds to start executing the transaction; gas_limit = 3000000; gas_price = 1000000000; gas_used_and_paid = 0; user_balance = 0;', 'Program 53DfF883gyixYNXnM7s5xhdeyV8mVk9T4i2hGV9vG9io consumed 42899 of 500000 compute units', 'Program 53DfF883gyixYNXnM7s5xhdeyV8mVk9T4i2hGV9vG9io failed: insufficient funds for instruction', 'Program 53DfF883gyixYNXnM7s5xhdeyV8mVk9T4i2hGV9vG9io invoke [1]', 'Program log: program/src/storage_account.rs:76', 'Program log: program/src/token.rs:330 : there is no enough funds to start executing the transaction; gas_limit = 3000000; gas_price = 1000000000; gas_used_and_paid = 0; user_balance = 0;', 'Program 53DfF883gyixYNXnM7s5xhdeyV8mVk9T4i2hGV9vG9io consumed 42899 of 500000 compute units', 'Program 53DfF883gyixYNXnM7s5xhdeyV8mVk9T4i2hGV9vG9io failed: insufficient funds for instruction']\n       * Try:\n          + Using an adequately funded account\n          + If you are using a local Geth node, verify that your node is synced.\n    \n        at /home/runner/work/neon-compatibility/neon-compatibility/node_modules/truffle/build/webpack:/packages/deployer/src/deployment.js:365:1\n        at processTicksAndRejections (node:internal/process/task_queues:96:5)\n        at Migration._deploy (/home/runner/work/neon-compatibility/neon-compatibility/node_modules/truffle/build/webpack:/packages/migrate/Migration.js:70:1)\n        at Migration._load (/home/runner/work/neon-compatibility/neon-compatibility/node_modules/truffle/build/webpack:/packages/migrate/Migration.js:56:1)\n        at Migration.run (/home/runner/work/neon-compatibility/neon-compatibility/node_modules/truffle/build/webpack:/packages/migrate/Migration.js:217:1)\n        at Object.runMigrations (/home/runner/work/neon-compatibility/neon-compatibility/node_modules/truffle/build/webpack:/packages/migrate/index.js:150:1)\n        at Object.runFrom (/home/runner/work/neon-compatibility/neon-compatibility/node_modules/truffle/build/webpack:/packages/migrate/index.js:110:1)\n        at Object.run (/home/runner/work/neon-compatibility/neon-compatibility/node_modules/truffle/build/webpack:/packages/migrate/index.js:87:1)\n        at runMigrations (/home/runner/work/neon-compatibility/neon-compatibility/node_modules/truffle/build/webpack:/packages/core/lib/commands/migrate.js:258:1)\n        at Object.run (/home/runner/work/neon-compatibility/neon-compatibility/node_modules/truffle/build/webpack:/packages/core/lib/commands/migrate.js:223:1)\n        at Command.run (/home/runner/work/neon-compatibility/neon-compatibility/node_modules/truffle/build/webpack:/packages/core/lib/command.js:183:1)\n    Truffle v5.4.14 (core: 5.4.14)\n    Node v16.13.2\n    /home/runner/work/neon-compatibility/neon-compatibility",
        "time" : {
          "start" : 1642293482068,
          "stop" : 1642293498348,
          "duration" : 16280
        }
      }, {
        "uid" : "90cace6b57f8d11a",
        "reportUrl" : "https://neonlabsorg.github.io/neon-compatibility/506//#testresult/90cace6b57f8d11a",
        "status" : "failed",
        "statusDetails" : "AssertionError: assert 'Error:  ***...t Failed ***' not in '/home/runne...patibility\\n'\n  'Error:  *** Deployment Failed ***' is contained here:\n    --------\n    \n    Error:  *** Deployment Failed ***\n    \n    \"Migrations\" could not deploy due to insufficient funds\n       * Account:  0x317f4642F2C4bF261bc2A0575e40b24D9E3d3CB8\n       * Balance:  0 wei\n       * Message:  ['Program 53DfF883gyixYNXnM7s5xhdeyV8mVk9T4i2hGV9vG9io invoke [1]', 'Program log: program/src/storage_account.rs:76', 'Program log: program/src/token.rs:330 : there is no enough funds to start executing the transaction; gas_limit = 3000000; gas_price = 1000000000; gas_used_and_paid = 0; user_balance = 0;', 'Program 53DfF883gyixYNXnM7s5xhdeyV8mVk9T4i2hGV9vG9io consumed 42899 of 500000 compute units', 'Program 53DfF883gyixYNXnM7s5xhdeyV8mVk9T4i2hGV9vG9io failed: insufficient funds for instruction', 'Program 53DfF883gyixYNXnM7s5xhdeyV8mVk9T4i2hGV9vG9io invoke [1]', 'Program log: program/src/storage_account.rs:76', 'Program log: program/src/token.rs:330 : there is no enough funds to start executing the transaction; gas_limit = 3000000; gas_price = 1000000000; gas_used_and_paid = 0; user_balance = 0;', 'Program 53DfF883gyixYNXnM7s5xhdeyV8mVk9T4i2hGV9vG9io consumed 42899 of 500000 compute units', 'Program 53DfF883gyixYNXnM7s5xhdeyV8mVk9T4i2hGV9vG9io failed: insufficient funds for instruction']\n       * Try:\n          + Using an adequately funded account\n          + If you are using a local Geth node, verify that your node is synced.\n    \n        at /home/runner/work/neon-compatibility/neon-compatibility/node_modules/truffle/build/webpack:/packages/deployer/src/deployment.js:365:1\n        at processTicksAndRejections (node:internal/process/task_queues:96:5)\n        at Migration._deploy (/home/runner/work/neon-compatibility/neon-compatibility/node_modules/truffle/build/webpack:/packages/migrate/Migration.js:70:1)\n        at Migration._load (/home/runner/work/neon-compatibility/neon-compatibility/node_modules/truffle/build/webpack:/packages/migrate/Migration.js:56:1)\n        at Migration.run (/home/runner/work/neon-compatibility/neon-compatibility/node_modules/truffle/build/webpack:/packages/migrate/Migration.js:217:1)\n        at Object.runMigrations (/home/runner/work/neon-compatibility/neon-compatibility/node_modules/truffle/build/webpack:/packages/migrate/index.js:150:1)\n        at Object.runFrom (/home/runner/work/neon-compatibility/neon-compatibility/node_modules/truffle/build/webpack:/packages/migrate/index.js:110:1)\n        at Object.run (/home/runner/work/neon-compatibility/neon-compatibility/node_modules/truffle/build/webpack:/packages/migrate/index.js:87:1)\n        at runMigrations (/home/runner/work/neon-compatibility/neon-compatibility/node_modules/truffle/build/webpack:/packages/core/lib/commands/migrate.js:258:1)\n        at Object.run (/home/runner/work/neon-compatibility/neon-compatibility/node_modules/truffle/build/webpack:/packages/core/lib/commands/migrate.js:223:1)\n        at Command.run (/home/runner/work/neon-compatibility/neon-compatibility/node_modules/truffle/build/webpack:/packages/core/lib/command.js:183:1)\n    Truffle v5.4.14 (core: 5.4.14)\n    Node v16.13.2\n    /home/runner/work/neon-compatibility/neon-compatibility",
        "time" : {
          "start" : 1642216682970,
          "stop" : 1642216698971,
          "duration" : 16001
        }
      }, {
        "uid" : "7ba83371f212ffb3",
        "reportUrl" : "https://neonlabsorg.github.io/neon-compatibility/505//#testresult/7ba83371f212ffb3",
        "status" : "failed",
        "statusDetails" : "AssertionError: assert 'Error:  ***...t Failed ***' not in '/home/runne...patibility\\n'\n  'Error:  *** Deployment Failed ***' is contained here:\n    --------\n    \n    Error:  *** Deployment Failed ***\n    \n    \"Migrations\" could not deploy due to insufficient funds\n       * Account:  0xD8Fa9674bF07A8eA71677D14e48Ae994DfF5e40D\n       * Balance:  0 wei\n       * Message:  ['Program 53DfF883gyixYNXnM7s5xhdeyV8mVk9T4i2hGV9vG9io invoke [1]', 'Program log: program/src/storage_account.rs:76', 'Program log: program/src/token.rs:330 : there is no enough funds to start executing the transaction; gas_limit = 3000000; gas_price = 1000000000; gas_used_and_paid = 0; user_balance = 0;', 'Program 53DfF883gyixYNXnM7s5xhdeyV8mVk9T4i2hGV9vG9io consumed 42899 of 500000 compute units', 'Program 53DfF883gyixYNXnM7s5xhdeyV8mVk9T4i2hGV9vG9io failed: insufficient funds for instruction', 'Program 53DfF883gyixYNXnM7s5xhdeyV8mVk9T4i2hGV9vG9io invoke [1]', 'Program log: program/src/storage_account.rs:76', 'Program log: program/src/token.rs:330 : there is no enough funds to start executing the transaction; gas_limit = 3000000; gas_price = 1000000000; gas_used_and_paid = 0; user_balance = 0;', 'Program 53DfF883gyixYNXnM7s5xhdeyV8mVk9T4i2hGV9vG9io consumed 42899 of 500000 compute units', 'Program 53DfF883gyixYNXnM7s5xhdeyV8mVk9T4i2hGV9vG9io failed: insufficient funds for instruction']\n       * Try:\n          + Using an adequately funded account\n          + If you are using a local Geth node, verify that your node is synced.\n    \n        at /home/runner/work/neon-compatibility/neon-compatibility/node_modules/truffle/build/webpack:/packages/deployer/src/deployment.js:365:1\n        at processTicksAndRejections (node:internal/process/task_queues:96:5)\n        at Migration._deploy (/home/runner/work/neon-compatibility/neon-compatibility/node_modules/truffle/build/webpack:/packages/migrate/Migration.js:70:1)\n        at Migration._load (/home/runner/work/neon-compatibility/neon-compatibility/node_modules/truffle/build/webpack:/packages/migrate/Migration.js:56:1)\n        at Migration.run (/home/runner/work/neon-compatibility/neon-compatibility/node_modules/truffle/build/webpack:/packages/migrate/Migration.js:217:1)\n        at Object.runMigrations (/home/runner/work/neon-compatibility/neon-compatibility/node_modules/truffle/build/webpack:/packages/migrate/index.js:150:1)\n        at Object.runFrom (/home/runner/work/neon-compatibility/neon-compatibility/node_modules/truffle/build/webpack:/packages/migrate/index.js:110:1)\n        at Object.run (/home/runner/work/neon-compatibility/neon-compatibility/node_modules/truffle/build/webpack:/packages/migrate/index.js:87:1)\n        at runMigrations (/home/runner/work/neon-compatibility/neon-compatibility/node_modules/truffle/build/webpack:/packages/core/lib/commands/migrate.js:258:1)\n        at Object.run (/home/runner/work/neon-compatibility/neon-compatibility/node_modules/truffle/build/webpack:/packages/core/lib/commands/migrate.js:223:1)\n        at Command.run (/home/runner/work/neon-compatibility/neon-compatibility/node_modules/truffle/build/webpack:/packages/core/lib/command.js:183:1)\n    Truffle v5.4.14 (core: 5.4.14)\n    Node v16.13.2\n    /home/runner/work/neon-compatibility/neon-compatibility",
        "time" : {
          "start" : 1642206955572,
          "stop" : 1642206971797,
          "duration" : 16225
        }
      }, {
        "uid" : "18cd7400c488e53c",
        "reportUrl" : "https://neonlabsorg.github.io/neon-compatibility/494//#testresult/18cd7400c488e53c",
        "status" : "failed",
        "statusDetails" : "AssertionError: assert 'Error:  ***...t Failed ***' not in '/home/runne...patibility\\n'\n  'Error:  *** Deployment Failed ***' is contained here:\n    --------\n    \n    Error:  *** Deployment Failed ***\n    \n    \"Migrations\" could not deploy due to insufficient funds\n       * Account:  0x46B48C237f09CE5601E768FF65E2e689446CF19D\n       * Balance:  0 wei\n       * Message:  ['Program 53DfF883gyixYNXnM7s5xhdeyV8mVk9T4i2hGV9vG9io invoke [1]', 'Program log: program/src/storage_account.rs:76', 'Program log: program/src/token.rs:330 : there is no enough funds to start executing the transaction; gas_limit = 3000000; gas_price = 1000000000; gas_used_and_paid = 0; user_balance = 0;', 'Program 53DfF883gyixYNXnM7s5xhdeyV8mVk9T4i2hGV9vG9io consumed 42899 of 500000 compute units', 'Program 53DfF883gyixYNXnM7s5xhdeyV8mVk9T4i2hGV9vG9io failed: insufficient funds for instruction', 'Program 53DfF883gyixYNXnM7s5xhdeyV8mVk9T4i2hGV9vG9io invoke [1]', 'Program log: program/src/storage_account.rs:76', 'Program log: program/src/token.rs:330 : there is no enough funds to start executing the transaction; gas_limit = 3000000; gas_price = 1000000000; gas_used_and_paid = 0; user_balance = 0;', 'Program 53DfF883gyixYNXnM7s5xhdeyV8mVk9T4i2hGV9vG9io consumed 42899 of 500000 compute units', 'Program 53DfF883gyixYNXnM7s5xhdeyV8mVk9T4i2hGV9vG9io failed: insufficient funds for instruction']\n       * Try:\n          + Using an adequately funded account\n          + If you are using a local Geth node, verify that your node is synced.\n    \n        at /home/runner/work/neon-compatibility/neon-compatibility/node_modules/truffle/build/webpack:/packages/deployer/src/deployment.js:365:1\n        at processTicksAndRejections (node:internal/process/task_queues:96:5)\n        at Migration._deploy (/home/runner/work/neon-compatibility/neon-compatibility/node_modules/truffle/build/webpack:/packages/migrate/Migration.js:70:1)\n        at Migration._load (/home/runner/work/neon-compatibility/neon-compatibility/node_modules/truffle/build/webpack:/packages/migrate/Migration.js:56:1)\n        at Migration.run (/home/runner/work/neon-compatibility/neon-compatibility/node_modules/truffle/build/webpack:/packages/migrate/Migration.js:217:1)\n        at Object.runMigrations (/home/runner/work/neon-compatibility/neon-compatibility/node_modules/truffle/build/webpack:/packages/migrate/index.js:150:1)\n        at Object.runFrom (/home/runner/work/neon-compatibility/neon-compatibility/node_modules/truffle/build/webpack:/packages/migrate/index.js:110:1)\n        at Object.run (/home/runner/work/neon-compatibility/neon-compatibility/node_modules/truffle/build/webpack:/packages/migrate/index.js:87:1)\n        at runMigrations (/home/runner/work/neon-compatibility/neon-compatibility/node_modules/truffle/build/webpack:/packages/core/lib/commands/migrate.js:258:1)\n        at Object.run (/home/runner/work/neon-compatibility/neon-compatibility/node_modules/truffle/build/webpack:/packages/core/lib/commands/migrate.js:223:1)\n        at Command.run (/home/runner/work/neon-compatibility/neon-compatibility/node_modules/truffle/build/webpack:/packages/core/lib/command.js:183:1)\n    Truffle v5.4.14 (core: 5.4.14)\n    Node v16.13.2\n    /home/runner/work/neon-compatibility/neon-compatibility",
        "time" : {
          "start" : 1642169413725,
          "stop" : 1642169429981,
          "duration" : 16256
        }
      } ]
    },
    "tags" : [ ]
  },
  "source" : "bafe36a60bd88aa6.json",
  "parameterValues" : [ ]
}