{
  "uid" : "d1e95313721200bc",
  "name" : "test_issue_364_self_destruct_contract",
  "fullName" : "tests.truffle.test_truffle#test_issue_364_self_destruct_contract",
  "historyId" : "9b9a0ac6c1438da1dd6a59ac61d1506c",
  "time" : {
    "start" : 1637244254075,
    "stop" : 1637244310554,
    "duration" : 56479
  },
  "status" : "failed",
  "statusMessage" : "AssertionError: \n  Compiling your contracts...\n  ===========================\n  > Compiling ./contracts/ERC20Test.sol\n  > Compiling ./contracts/Migrations.sol\n  > Compiling ./contracts/SelfDestructTest.sol\n  > Compiling @openzeppelin/contracts/access/Ownable.sol\n  > Compiling @openzeppelin/contracts/token/ERC20/ERC20.sol\n  > Compiling @openzeppelin/contracts/token/ERC20/IERC20.sol\n  > Compiling @openzeppelin/contracts/token/ERC20/extensions/IERC20Metadata.sol\n  > Compiling @openzeppelin/contracts/utils/Context.sol\n  > Compilation warnings encountered:\n  \n      Warning: SPDX license identifier not provided in source file. Before publishing, consider adding a comment containing \"SPDX-License-Identifier: <SPDX-License>\" to each source file. Use \"SPDX-License-Identifier: UNLICENSED\" for non-open-source code. Please see https://spdx.org for more information.\n  --> project:/contracts/SelfDestructTest.sol\n  \n  ,Warning: This contract has a payable fallback function, but no receive ether function. Consider adding a receive ether function.\n   --> project:/contracts/SelfDestructTest.sol:5:1:\n    |\n  5 | contract SelfDestructTest is Ownable{\n    | ^ (Relevant source part starts here and spans across multiple lines).\n  Note: The payable fallback function is defined here.\n    --> project:/contracts/SelfDestructTest.sol:20:5:\n     |\n  20 |     fallback() external payable {}\n     |     ^^^^^^^^^^^^^^^^^^^^^^^^^^^^^^\n  \n  ,Warning: Function state mutability can be restricted to pure\n    --> project:/contracts/SelfDestructTest.sol:12:5:\n     |\n  12 |     function staticData() public view returns(string memory) {\n     |     ^ (Relevant source part starts here and spans across multiple lines).\n  \n  \n  > Artifacts written to /home/runner/work/neon-compatibility/neon-compatibility/issues/364/build/contracts\n  > Compiled successfully using:\n     - solc: 0.8.4+commit.c7e474f2.Emscripten.clang\n  \n  \n  \n  Starting migrations...\n  ======================\n  > Network name:    'neonlabs'\n  > Network id:      245022926\n  > Block gas limit: 6721975 (0x6691b7)\n  \n  \n  3_selfDestructTest.js\n  =====================\n  \n     Deploying 'SelfDestructTest'\n     ----------------------------\n  \n  Error:  *** Deployment Failed ***\n  \n  \"SelfDestructTest\" could not deploy due to insufficient funds\n     * Account:  0x7ef1b72B5c19768B674B432892007283447387a3\n     * Balance:  0 wei\n     * Message:  Transaction simulation failed: Error processing Instruction 0: insufficient funds for instruction\n  {\n    \"accounts\": null,\n    \"err\": {\n      \"InstructionError\": [\n        0,\n        \"InsufficientFunds\"\n      ]\n    },\n    \"logs\": [\n      \"Program eeLSJgWzzxrqKv1UxtRVVH8FX3qCQWUs9QuAjJpETGU invoke [1]\",\n      \"Program log: program/src/token.rs:312 : there is no enough funds to start executing the transaction; gas_limit = 3000000; gas_price = 1000000000; gas_used_and_paid = 0; user_balance = 0;\",\n      \"Program eeLSJgWzzxrqKv1UxtRVVH8FX3qCQWUs9QuAjJpETGU consumed 47127 of 500000 compute units\",\n      \"Program eeLSJgWzzxrqKv1UxtRVVH8FX3qCQWUs9QuAjJpETGU failed: insufficient funds for instruction\"\n    ]\n  }\n     * Try:\n        + Using an adequately funded account\n        + If you are using a local Geth node, verify that your node is synced.\n  \n      at /home/runner/work/neon-compatibility/neon-compatibility/node_modules/truffle/build/webpack:/packages/deployer/src/deployment.js:365:1\n      at processTicksAndRejections (internal/process/task_queues.js:95:5)\n      at module.exports (/home/runner/work/neon-compatibility/neon-compatibility/issues/364/migrations/3_selfDestructTest.js:6:5)\n      at Migration._deploy (/home/runner/work/neon-compatibility/neon-compatibility/node_modules/truffle/build/webpack:/packages/migrate/Migration.js:75:1)\n      at Migration._load (/home/runner/work/neon-compatibility/neon-compatibility/node_modules/truffle/build/webpack:/packages/migrate/Migration.js:56:1)\n      at Migration.run (/home/runner/work/neon-compatibility/neon-compatibility/node_modules/truffle/build/webpack:/packages/migrate/Migration.js:217:1)\n      at Object.runMigrations (/home/runner/work/neon-compatibility/neon-compatibility/node_modules/truffle/build/webpack:/packages/migrate/index.js:150:1)\n      at Object.runFrom (/home/runner/work/neon-compatibility/neon-compatibility/node_modules/truffle/build/webpack:/packages/migrate/index.js:110:1)\n      at runMigrations (/home/runner/work/neon-compatibility/neon-compatibility/node_modules/truffle/build/webpack:/packages/core/lib/commands/migrate.js:253:1)\n      at Object.run (/home/runner/work/neon-compatibility/neon-compatibility/node_modules/truffle/build/webpack:/packages/core/lib/commands/migrate.js:223:1)\n      at Command.run (/home/runner/work/neon-compatibility/neon-compatibility/node_modules/truffle/build/webpack:/packages/core/lib/command.js:183:1)\n  Truffle v5.4.14 (core: 5.4.14)\n  Node v14.18.1\n  \nassert 1 == 0\n +  where 1 = CompletedProcess(args='cd issues/364; ../../node_modules/.bin/truffle --network neonlabs migrate -f 3 --to 3', returnc...uffle/build/webpack:/packages/core/lib/command.js:183:1)\\nTruffle v5.4.14 (core: 5.4.14)\\nNode v14.18.1\\n', stderr=b'').returncode",
  "statusTrace" : "@allure.feature(FEATURE)\n    def test_issue_364_self_destruct_contract():\n        cmd_res = run_command_line(\n            f\"cd issues/364; ../{RunCommand.TRUFFLE} \"\n            f\"--network {NETWORK_NAME} migrate -f 3 --to 3\"\n        )\n        actual_result = cmd_res.stdout.decode() + cmd_res.stderr.decode()\n>       assert cmd_res.returncode == 0, actual_result\nE       AssertionError: \nE         Compiling your contracts...\nE         ===========================\nE         > Compiling ./contracts/ERC20Test.sol\nE         > Compiling ./contracts/Migrations.sol\nE         > Compiling ./contracts/SelfDestructTest.sol\nE         > Compiling @openzeppelin/contracts/access/Ownable.sol\nE         > Compiling @openzeppelin/contracts/token/ERC20/ERC20.sol\nE         > Compiling @openzeppelin/contracts/token/ERC20/IERC20.sol\nE         > Compiling @openzeppelin/contracts/token/ERC20/extensions/IERC20Metadata.sol\nE         > Compiling @openzeppelin/contracts/utils/Context.sol\nE         > Compilation warnings encountered:\nE         \nE             Warning: SPDX license identifier not provided in source file. Before publishing, consider adding a comment containing \"SPDX-License-Identifier: <SPDX-License>\" to each source file. Use \"SPDX-License-Identifier: UNLICENSED\" for non-open-source code. Please see https://spdx.org for more information.\nE         --> project:/contracts/SelfDestructTest.sol\nE         \nE         ,Warning: This contract has a payable fallback function, but no receive ether function. Consider adding a receive ether function.\nE          --> project:/contracts/SelfDestructTest.sol:5:1:\nE           |\nE         5 | contract SelfDestructTest is Ownable{\nE           | ^ (Relevant source part starts here and spans across multiple lines).\nE         Note: The payable fallback function is defined here.\nE           --> project:/contracts/SelfDestructTest.sol:20:5:\nE            |\nE         20 |     fallback() external payable {}\nE            |     ^^^^^^^^^^^^^^^^^^^^^^^^^^^^^^\nE         \nE         ,Warning: Function state mutability can be restricted to pure\nE           --> project:/contracts/SelfDestructTest.sol:12:5:\nE            |\nE         12 |     function staticData() public view returns(string memory) {\nE            |     ^ (Relevant source part starts here and spans across multiple lines).\nE         \nE         \nE         > Artifacts written to /home/runner/work/neon-compatibility/neon-compatibility/issues/364/build/contracts\nE         > Compiled successfully using:\nE            - solc: 0.8.4+commit.c7e474f2.Emscripten.clang\nE         \nE         \nE         \nE         Starting migrations...\nE         ======================\nE         > Network name:    'neonlabs'\nE         > Network id:      245022926\nE         > Block gas limit: 6721975 (0x6691b7)\nE         \nE         \nE         3_selfDestructTest.js\nE         =====================\nE         \nE            Deploying 'SelfDestructTest'\nE            ----------------------------\nE         \nE         Error:  *** Deployment Failed ***\nE         \nE         \"SelfDestructTest\" could not deploy due to insufficient funds\nE            * Account:  0x7ef1b72B5c19768B674B432892007283447387a3\nE            * Balance:  0 wei\nE            * Message:  Transaction simulation failed: Error processing Instruction 0: insufficient funds for instruction\nE         {\nE           \"accounts\": null,\nE           \"err\": {\nE             \"InstructionError\": [\nE               0,\nE               \"InsufficientFunds\"\nE             ]\nE           },\nE           \"logs\": [\nE             \"Program eeLSJgWzzxrqKv1UxtRVVH8FX3qCQWUs9QuAjJpETGU invoke [1]\",\nE             \"Program log: program/src/token.rs:312 : there is no enough funds to start executing the transaction; gas_limit = 3000000; gas_price = 1000000000; gas_used_and_paid = 0; user_balance = 0;\",\nE             \"Program eeLSJgWzzxrqKv1UxtRVVH8FX3qCQWUs9QuAjJpETGU consumed 47127 of 500000 compute units\",\nE             \"Program eeLSJgWzzxrqKv1UxtRVVH8FX3qCQWUs9QuAjJpETGU failed: insufficient funds for instruction\"\nE           ]\nE         }\nE            * Try:\nE               + Using an adequately funded account\nE               + If you are using a local Geth node, verify that your node is synced.\nE         \nE             at /home/runner/work/neon-compatibility/neon-compatibility/node_modules/truffle/build/webpack:/packages/deployer/src/deployment.js:365:1\nE             at processTicksAndRejections (internal/process/task_queues.js:95:5)\nE             at module.exports (/home/runner/work/neon-compatibility/neon-compatibility/issues/364/migrations/3_selfDestructTest.js:6:5)\nE             at Migration._deploy (/home/runner/work/neon-compatibility/neon-compatibility/node_modules/truffle/build/webpack:/packages/migrate/Migration.js:75:1)\nE             at Migration._load (/home/runner/work/neon-compatibility/neon-compatibility/node_modules/truffle/build/webpack:/packages/migrate/Migration.js:56:1)\nE             at Migration.run (/home/runner/work/neon-compatibility/neon-compatibility/node_modules/truffle/build/webpack:/packages/migrate/Migration.js:217:1)\nE             at Object.runMigrations (/home/runner/work/neon-compatibility/neon-compatibility/node_modules/truffle/build/webpack:/packages/migrate/index.js:150:1)\nE             at Object.runFrom (/home/runner/work/neon-compatibility/neon-compatibility/node_modules/truffle/build/webpack:/packages/migrate/index.js:110:1)\nE             at runMigrations (/home/runner/work/neon-compatibility/neon-compatibility/node_modules/truffle/build/webpack:/packages/core/lib/commands/migrate.js:253:1)\nE             at Object.run (/home/runner/work/neon-compatibility/neon-compatibility/node_modules/truffle/build/webpack:/packages/core/lib/commands/migrate.js:223:1)\nE             at Command.run (/home/runner/work/neon-compatibility/neon-compatibility/node_modules/truffle/build/webpack:/packages/core/lib/command.js:183:1)\nE         Truffle v5.4.14 (core: 5.4.14)\nE         Node v14.18.1\nE         \nE       assert 1 == 0\nE        +  where 1 = CompletedProcess(args='cd issues/364; ../../node_modules/.bin/truffle --network neonlabs migrate -f 3 --to 3', returnc...uffle/build/webpack:/packages/core/lib/command.js:183:1)\\nTruffle v5.4.14 (core: 5.4.14)\\nNode v14.18.1\\n', stderr=b'').returncode\n\ntests/truffle/test_truffle.py:76: AssertionError",
  "flaky" : false,
  "newFailed" : false,
  "newBroken" : false,
  "newPassed" : false,
  "retriesCount" : 0,
  "retriesStatusChange" : false,
  "beforeStages" : [ {
    "name" : "prepare_truffle_config",
    "time" : {
      "start" : 1637244254065,
      "stop" : 1637244254074,
      "duration" : 9
    },
    "status" : "passed",
    "steps" : [ {
      "name" : "Preset variables",
      "time" : {
        "start" : 1637244254065,
        "stop" : 1637244254074,
        "duration" : 9
      },
      "status" : "passed",
      "steps" : [ ],
      "attachments" : [ ],
      "parameters" : [ ],
      "stepsCount" : 0,
      "attachmentsCount" : 0,
      "shouldDisplayMessage" : false,
      "hasContent" : false
    }, {
      "name" : "Clean up folder \"'/home/runner/work/neon-compatibility/neon-compatibility/Metacoin/build/contracts'\"",
      "time" : {
        "start" : 1637244254074,
        "stop" : 1637244254074,
        "duration" : 0
      },
      "status" : "passed",
      "steps" : [ ],
      "attachments" : [ ],
      "parameters" : [ {
        "name" : "folder",
        "value" : "'/home/runner/work/neon-compatibility/neon-compatibility/Metacoin/build/contracts'"
      } ],
      "stepsCount" : 0,
      "attachmentsCount" : 0,
      "shouldDisplayMessage" : false,
      "hasContent" : true
    } ],
    "attachments" : [ ],
    "parameters" : [ ],
    "stepsCount" : 2,
    "attachmentsCount" : 0,
    "shouldDisplayMessage" : false,
    "hasContent" : true
  } ],
  "testStage" : {
    "status" : "failed",
    "statusMessage" : "AssertionError: \n  Compiling your contracts...\n  ===========================\n  > Compiling ./contracts/ERC20Test.sol\n  > Compiling ./contracts/Migrations.sol\n  > Compiling ./contracts/SelfDestructTest.sol\n  > Compiling @openzeppelin/contracts/access/Ownable.sol\n  > Compiling @openzeppelin/contracts/token/ERC20/ERC20.sol\n  > Compiling @openzeppelin/contracts/token/ERC20/IERC20.sol\n  > Compiling @openzeppelin/contracts/token/ERC20/extensions/IERC20Metadata.sol\n  > Compiling @openzeppelin/contracts/utils/Context.sol\n  > Compilation warnings encountered:\n  \n      Warning: SPDX license identifier not provided in source file. Before publishing, consider adding a comment containing \"SPDX-License-Identifier: <SPDX-License>\" to each source file. Use \"SPDX-License-Identifier: UNLICENSED\" for non-open-source code. Please see https://spdx.org for more information.\n  --> project:/contracts/SelfDestructTest.sol\n  \n  ,Warning: This contract has a payable fallback function, but no receive ether function. Consider adding a receive ether function.\n   --> project:/contracts/SelfDestructTest.sol:5:1:\n    |\n  5 | contract SelfDestructTest is Ownable{\n    | ^ (Relevant source part starts here and spans across multiple lines).\n  Note: The payable fallback function is defined here.\n    --> project:/contracts/SelfDestructTest.sol:20:5:\n     |\n  20 |     fallback() external payable {}\n     |     ^^^^^^^^^^^^^^^^^^^^^^^^^^^^^^\n  \n  ,Warning: Function state mutability can be restricted to pure\n    --> project:/contracts/SelfDestructTest.sol:12:5:\n     |\n  12 |     function staticData() public view returns(string memory) {\n     |     ^ (Relevant source part starts here and spans across multiple lines).\n  \n  \n  > Artifacts written to /home/runner/work/neon-compatibility/neon-compatibility/issues/364/build/contracts\n  > Compiled successfully using:\n     - solc: 0.8.4+commit.c7e474f2.Emscripten.clang\n  \n  \n  \n  Starting migrations...\n  ======================\n  > Network name:    'neonlabs'\n  > Network id:      245022926\n  > Block gas limit: 6721975 (0x6691b7)\n  \n  \n  3_selfDestructTest.js\n  =====================\n  \n     Deploying 'SelfDestructTest'\n     ----------------------------\n  \n  Error:  *** Deployment Failed ***\n  \n  \"SelfDestructTest\" could not deploy due to insufficient funds\n     * Account:  0x7ef1b72B5c19768B674B432892007283447387a3\n     * Balance:  0 wei\n     * Message:  Transaction simulation failed: Error processing Instruction 0: insufficient funds for instruction\n  {\n    \"accounts\": null,\n    \"err\": {\n      \"InstructionError\": [\n        0,\n        \"InsufficientFunds\"\n      ]\n    },\n    \"logs\": [\n      \"Program eeLSJgWzzxrqKv1UxtRVVH8FX3qCQWUs9QuAjJpETGU invoke [1]\",\n      \"Program log: program/src/token.rs:312 : there is no enough funds to start executing the transaction; gas_limit = 3000000; gas_price = 1000000000; gas_used_and_paid = 0; user_balance = 0;\",\n      \"Program eeLSJgWzzxrqKv1UxtRVVH8FX3qCQWUs9QuAjJpETGU consumed 47127 of 500000 compute units\",\n      \"Program eeLSJgWzzxrqKv1UxtRVVH8FX3qCQWUs9QuAjJpETGU failed: insufficient funds for instruction\"\n    ]\n  }\n     * Try:\n        + Using an adequately funded account\n        + If you are using a local Geth node, verify that your node is synced.\n  \n      at /home/runner/work/neon-compatibility/neon-compatibility/node_modules/truffle/build/webpack:/packages/deployer/src/deployment.js:365:1\n      at processTicksAndRejections (internal/process/task_queues.js:95:5)\n      at module.exports (/home/runner/work/neon-compatibility/neon-compatibility/issues/364/migrations/3_selfDestructTest.js:6:5)\n      at Migration._deploy (/home/runner/work/neon-compatibility/neon-compatibility/node_modules/truffle/build/webpack:/packages/migrate/Migration.js:75:1)\n      at Migration._load (/home/runner/work/neon-compatibility/neon-compatibility/node_modules/truffle/build/webpack:/packages/migrate/Migration.js:56:1)\n      at Migration.run (/home/runner/work/neon-compatibility/neon-compatibility/node_modules/truffle/build/webpack:/packages/migrate/Migration.js:217:1)\n      at Object.runMigrations (/home/runner/work/neon-compatibility/neon-compatibility/node_modules/truffle/build/webpack:/packages/migrate/index.js:150:1)\n      at Object.runFrom (/home/runner/work/neon-compatibility/neon-compatibility/node_modules/truffle/build/webpack:/packages/migrate/index.js:110:1)\n      at runMigrations (/home/runner/work/neon-compatibility/neon-compatibility/node_modules/truffle/build/webpack:/packages/core/lib/commands/migrate.js:253:1)\n      at Object.run (/home/runner/work/neon-compatibility/neon-compatibility/node_modules/truffle/build/webpack:/packages/core/lib/commands/migrate.js:223:1)\n      at Command.run (/home/runner/work/neon-compatibility/neon-compatibility/node_modules/truffle/build/webpack:/packages/core/lib/command.js:183:1)\n  Truffle v5.4.14 (core: 5.4.14)\n  Node v14.18.1\n  \nassert 1 == 0\n +  where 1 = CompletedProcess(args='cd issues/364; ../../node_modules/.bin/truffle --network neonlabs migrate -f 3 --to 3', returnc...uffle/build/webpack:/packages/core/lib/command.js:183:1)\\nTruffle v5.4.14 (core: 5.4.14)\\nNode v14.18.1\\n', stderr=b'').returncode",
    "statusTrace" : "@allure.feature(FEATURE)\n    def test_issue_364_self_destruct_contract():\n        cmd_res = run_command_line(\n            f\"cd issues/364; ../{RunCommand.TRUFFLE} \"\n            f\"--network {NETWORK_NAME} migrate -f 3 --to 3\"\n        )\n        actual_result = cmd_res.stdout.decode() + cmd_res.stderr.decode()\n>       assert cmd_res.returncode == 0, actual_result\nE       AssertionError: \nE         Compiling your contracts...\nE         ===========================\nE         > Compiling ./contracts/ERC20Test.sol\nE         > Compiling ./contracts/Migrations.sol\nE         > Compiling ./contracts/SelfDestructTest.sol\nE         > Compiling @openzeppelin/contracts/access/Ownable.sol\nE         > Compiling @openzeppelin/contracts/token/ERC20/ERC20.sol\nE         > Compiling @openzeppelin/contracts/token/ERC20/IERC20.sol\nE         > Compiling @openzeppelin/contracts/token/ERC20/extensions/IERC20Metadata.sol\nE         > Compiling @openzeppelin/contracts/utils/Context.sol\nE         > Compilation warnings encountered:\nE         \nE             Warning: SPDX license identifier not provided in source file. Before publishing, consider adding a comment containing \"SPDX-License-Identifier: <SPDX-License>\" to each source file. Use \"SPDX-License-Identifier: UNLICENSED\" for non-open-source code. Please see https://spdx.org for more information.\nE         --> project:/contracts/SelfDestructTest.sol\nE         \nE         ,Warning: This contract has a payable fallback function, but no receive ether function. Consider adding a receive ether function.\nE          --> project:/contracts/SelfDestructTest.sol:5:1:\nE           |\nE         5 | contract SelfDestructTest is Ownable{\nE           | ^ (Relevant source part starts here and spans across multiple lines).\nE         Note: The payable fallback function is defined here.\nE           --> project:/contracts/SelfDestructTest.sol:20:5:\nE            |\nE         20 |     fallback() external payable {}\nE            |     ^^^^^^^^^^^^^^^^^^^^^^^^^^^^^^\nE         \nE         ,Warning: Function state mutability can be restricted to pure\nE           --> project:/contracts/SelfDestructTest.sol:12:5:\nE            |\nE         12 |     function staticData() public view returns(string memory) {\nE            |     ^ (Relevant source part starts here and spans across multiple lines).\nE         \nE         \nE         > Artifacts written to /home/runner/work/neon-compatibility/neon-compatibility/issues/364/build/contracts\nE         > Compiled successfully using:\nE            - solc: 0.8.4+commit.c7e474f2.Emscripten.clang\nE         \nE         \nE         \nE         Starting migrations...\nE         ======================\nE         > Network name:    'neonlabs'\nE         > Network id:      245022926\nE         > Block gas limit: 6721975 (0x6691b7)\nE         \nE         \nE         3_selfDestructTest.js\nE         =====================\nE         \nE            Deploying 'SelfDestructTest'\nE            ----------------------------\nE         \nE         Error:  *** Deployment Failed ***\nE         \nE         \"SelfDestructTest\" could not deploy due to insufficient funds\nE            * Account:  0x7ef1b72B5c19768B674B432892007283447387a3\nE            * Balance:  0 wei\nE            * Message:  Transaction simulation failed: Error processing Instruction 0: insufficient funds for instruction\nE         {\nE           \"accounts\": null,\nE           \"err\": {\nE             \"InstructionError\": [\nE               0,\nE               \"InsufficientFunds\"\nE             ]\nE           },\nE           \"logs\": [\nE             \"Program eeLSJgWzzxrqKv1UxtRVVH8FX3qCQWUs9QuAjJpETGU invoke [1]\",\nE             \"Program log: program/src/token.rs:312 : there is no enough funds to start executing the transaction; gas_limit = 3000000; gas_price = 1000000000; gas_used_and_paid = 0; user_balance = 0;\",\nE             \"Program eeLSJgWzzxrqKv1UxtRVVH8FX3qCQWUs9QuAjJpETGU consumed 47127 of 500000 compute units\",\nE             \"Program eeLSJgWzzxrqKv1UxtRVVH8FX3qCQWUs9QuAjJpETGU failed: insufficient funds for instruction\"\nE           ]\nE         }\nE            * Try:\nE               + Using an adequately funded account\nE               + If you are using a local Geth node, verify that your node is synced.\nE         \nE             at /home/runner/work/neon-compatibility/neon-compatibility/node_modules/truffle/build/webpack:/packages/deployer/src/deployment.js:365:1\nE             at processTicksAndRejections (internal/process/task_queues.js:95:5)\nE             at module.exports (/home/runner/work/neon-compatibility/neon-compatibility/issues/364/migrations/3_selfDestructTest.js:6:5)\nE             at Migration._deploy (/home/runner/work/neon-compatibility/neon-compatibility/node_modules/truffle/build/webpack:/packages/migrate/Migration.js:75:1)\nE             at Migration._load (/home/runner/work/neon-compatibility/neon-compatibility/node_modules/truffle/build/webpack:/packages/migrate/Migration.js:56:1)\nE             at Migration.run (/home/runner/work/neon-compatibility/neon-compatibility/node_modules/truffle/build/webpack:/packages/migrate/Migration.js:217:1)\nE             at Object.runMigrations (/home/runner/work/neon-compatibility/neon-compatibility/node_modules/truffle/build/webpack:/packages/migrate/index.js:150:1)\nE             at Object.runFrom (/home/runner/work/neon-compatibility/neon-compatibility/node_modules/truffle/build/webpack:/packages/migrate/index.js:110:1)\nE             at runMigrations (/home/runner/work/neon-compatibility/neon-compatibility/node_modules/truffle/build/webpack:/packages/core/lib/commands/migrate.js:253:1)\nE             at Object.run (/home/runner/work/neon-compatibility/neon-compatibility/node_modules/truffle/build/webpack:/packages/core/lib/commands/migrate.js:223:1)\nE             at Command.run (/home/runner/work/neon-compatibility/neon-compatibility/node_modules/truffle/build/webpack:/packages/core/lib/command.js:183:1)\nE         Truffle v5.4.14 (core: 5.4.14)\nE         Node v14.18.1\nE         \nE       assert 1 == 0\nE        +  where 1 = CompletedProcess(args='cd issues/364; ../../node_modules/.bin/truffle --network neonlabs migrate -f 3 --to 3', returnc...uffle/build/webpack:/packages/core/lib/command.js:183:1)\\nTruffle v5.4.14 (core: 5.4.14)\\nNode v14.18.1\\n', stderr=b'').returncode\n\ntests/truffle/test_truffle.py:76: AssertionError",
    "steps" : [ {
      "name" : "Run command: \"'cd issues/364; ../../node_modules/.bin/truffle --network neonlabs migrate -f 3 --to 3'\"",
      "time" : {
        "start" : 1637244254075,
        "stop" : 1637244310552,
        "duration" : 56477
      },
      "status" : "passed",
      "steps" : [ ],
      "attachments" : [ ],
      "parameters" : [ {
        "name" : "command",
        "value" : "'cd issues/364; ../../node_modules/.bin/truffle --network neonlabs migrate -f 3 --to 3'"
      } ],
      "stepsCount" : 0,
      "attachmentsCount" : 0,
      "shouldDisplayMessage" : false,
      "hasContent" : true
    } ],
    "attachments" : [ {
      "uid" : "74010981c2cfa124",
      "name" : "stdout",
      "source" : "74010981c2cfa124.txt",
      "type" : "text/plain",
      "size" : 4900
    } ],
    "parameters" : [ ],
    "stepsCount" : 1,
    "attachmentsCount" : 1,
    "shouldDisplayMessage" : true,
    "hasContent" : true
  },
  "afterStages" : [ {
    "name" : "prepare_truffle_config::0",
    "time" : {
      "start" : 1637244310558,
      "stop" : 1637244310558,
      "duration" : 0
    },
    "status" : "passed",
    "steps" : [ ],
    "attachments" : [ ],
    "parameters" : [ ],
    "stepsCount" : 0,
    "attachmentsCount" : 0,
    "shouldDisplayMessage" : false,
    "hasContent" : false
  } ],
  "labels" : [ {
    "name" : "feature",
    "value" : "Truffle"
  }, {
    "name" : "parentSuite",
    "value" : "tests.truffle"
  }, {
    "name" : "suite",
    "value" : "test_truffle"
  }, {
    "name" : "host",
    "value" : "fv-az135-721"
  }, {
    "name" : "thread",
    "value" : "4557-MainThread"
  }, {
    "name" : "framework",
    "value" : "pytest"
  }, {
    "name" : "language",
    "value" : "cpython3"
  }, {
    "name" : "package",
    "value" : "tests.truffle.test_truffle"
  }, {
    "name" : "resultFormat",
    "value" : "allure2"
  } ],
  "parameters" : [ ],
  "links" : [ ],
  "hidden" : false,
  "retry" : false,
  "extra" : {
    "severity" : "normal",
    "retries" : [ ],
    "categories" : [ {
      "name" : "Product defects",
      "matchedStatuses" : [ ],
      "flaky" : false
    } ],
    "history" : {
      "statistic" : {
        "failed" : 2,
        "broken" : 0,
        "skipped" : 0,
        "passed" : 0,
        "unknown" : 0,
        "total" : 2
      },
      "items" : [ {
        "uid" : "82653b815888222",
        "reportUrl" : "https://neonlabsorg.github.io/neon-compatibility/74//#testresult/82653b815888222",
        "status" : "failed",
        "statusDetails" : "AssertionError: \n  Compiling your contracts...\n  ===========================\n  UnhandledRejections detected\n  Promise {\n    <rejected> {\n      code: -32603,\n      message: 'Unknown Error: <html>\\r\\n' +\n        '<head><title>502 Bad Gateway</title></head>\\r\\n' +\n        '<body>\\r\\n' +\n        '<center><h1>502 Bad Gateway</h1></center>\\r\\n' +\n        '<hr><center>nginx/1.18.0 (Ubuntu)</center>\\r\\n' +\n        '</body>\\r\\n' +\n        '</html>\\r\\n',\n      data: { originalError: {} },\n      stack: 'Error: Unknown Error: <html>\\r\\n' +\n        '<head><title>502 Bad Gateway</title></head>\\r\\n' +\n        '<body>\\r\\n' +\n        '<center><h1>502 Bad Gateway</h1></center>\\r\\n' +\n        '<hr><center>nginx/1.18.0 (Ubuntu)</center>\\r\\n' +\n        '</body>\\r\\n' +\n        '</html>\\r\\n' +\n        '\\n' +\n        '    at Request._callback (/home/runner/work/neon-compatibility/neon-compatibility/node_modules/@trufflesuite/web3-provider-engine/subproviders/rpc.js:57:23)\\n' +\n        '    at Request.self.callback (/home/runner/work/neon-compatibility/neon-compatibility/node_modules/request/request.js:185:22)\\n' +\n        '    at Request.emit (events.js:400:28)\\n' +\n        '    at Request.<anonymous> (/home/runner/work/neon-compatibility/neon-compatibility/node_modules/request/request.js:1154:10)\\n' +\n        '    at Request.emit (events.js:400:28)\\n' +\n        '    at IncomingMessage.<anonymous> (/home/runner/work/neon-compatibility/neon-compatibility/node_modules/request/request.js:1076:12)\\n' +\n        '    at Object.onceWrapper (events.js:519:28)\\n' +\n        '    at IncomingMessage.emit (events.js:412:35)\\n' +\n        '    at endReadableNT (internal/streams/readable.js:1334:12)\\n' +\n        '    at processTicksAndRejections (internal/process/task_queues.js:82:21)'\n    }\n  } {\n    code: -32603,\n    message: 'Unknown Error: <html>\\r\\n' +\n      '<head><title>502 Bad Gateway</title></head>\\r\\n' +\n      '<body>\\r\\n' +\n      '<center><h1>502 Bad Gateway</h1></center>\\r\\n' +\n      '<hr><center>nginx/1.18.0 (Ubuntu)</center>\\r\\n' +\n      '</body>\\r\\n' +\n      '</html>\\r\\n',\n    data: { originalError: {} },\n    stack: 'Error: Unknown Error: <html>\\r\\n' +\n      '<head><title>502 Bad Gateway</title></head>\\r\\n' +\n      '<body>\\r\\n' +\n      '<center><h1>502 Bad Gateway</h1></center>\\r\\n' +\n      '<hr><center>nginx/1.18.0 (Ubuntu)</center>\\r\\n' +\n      '</body>\\r\\n' +\n      '</html>\\r\\n' +\n      '\\n' +\n      '    at Request._callback (/home/runner/work/neon-compatibility/neon-compatibility/node_modules/@trufflesuite/web3-provider-engine/subproviders/rpc.js:57:23)\\n' +\n      '    at Request.self.callback (/home/runner/work/neon-compatibility/neon-compatibility/node_modules/request/request.js:185:22)\\n' +\n      '    at Request.emit (events.js:400:28)\\n' +\n      '    at Request.<anonymous> (/home/runner/work/neon-compatibility/neon-compatibility/node_modules/request/request.js:1154:10)\\n' +\n      '    at Request.emit (events.js:400:28)\\n' +\n      '    at IncomingMessage.<anonymous> (/home/runner/work/neon-compatibility/neon-compatibility/node_modules/request/request.js:1076:12)\\n' +\n      '    at Object.onceWrapper (events.js:519:28)\\n' +\n      '    at IncomingMessage.emit (events.js:412:35)\\n' +\n      '    at endReadableNT (internal/streams/readable.js:1334:12)\\n' +\n      '    at processTicksAndRejections (internal/process/task_queues.js:82:21)'\n  }\n  Promise {\n    <rejected> {\n      code: -32603,\n      message: 'Unknown Error: <html>\\r\\n' +\n        '<head><title>502 Bad Gateway</title></head>\\r\\n' +\n        '<body>\\r\\n' +\n        '<center><h1>502 Bad Gateway</h1></center>\\r\\n' +\n        '<hr><center>nginx/1.18.0 (Ubuntu)</center>\\r\\n' +\n        '</body>\\r\\n' +\n        '</html>\\r\\n',\n      data: { originalError: {} },\n      stack: 'Error: Unknown Error: <html>\\r\\n' +\n        '<head><title>502 Bad Gateway</title></head>\\r\\n' +\n        '<body>\\r\\n' +\n        '<center><h1>502 Bad Gateway</h1></center>\\r\\n' +\n        '<hr><center>nginx/1.18.0 (Ubuntu)</center>\\r\\n' +\n        '</body>\\r\\n' +\n        '</html>\\r\\n' +\n        '\\n' +\n        '    at Request._callback (/home/runner/work/neon-compatibility/neon-compatibility/node_modules/@trufflesuite/web3-provider-engine/subproviders/rpc.js:57:23)\\n' +\n        '    at Request.self.callback (/home/runner/work/neon-compatibility/neon-compatibility/node_modules/request/request.js:185:22)\\n' +\n        '    at Request.emit (events.js:400:28)\\n' +\n        '    at Request.<anonymous> (/home/runner/work/neon-compatibility/neon-compatibility/node_modules/request/request.js:1154:10)\\n' +\n        '    at Request.emit (events.js:400:28)\\n' +\n        '    at IncomingMessage.<anonymous> (/home/runner/work/neon-compatibility/neon-compatibility/node_modules/request/request.js:1076:12)\\n' +\n        '    at Object.onceWrapper (events.js:519:28)\\n' +\n        '    at IncomingMessage.emit (events.js:412:35)\\n' +\n        '    at endReadableNT (internal/streams/readable.js:1334:12)\\n' +\n        '    at processTicksAndRejections (internal/process/task_queues.js:82:21)'\n    }\n  } {\n    code: -32603,\n    message: 'Unknown Error: <html>\\r\\n' +\n      '<head><title>502 Bad Gateway</title></head>\\r\\n' +\n      '<body>\\r\\n' +\n      '<center><h1>502 Bad Gateway</h1></center>\\r\\n' +\n      '<hr><center>nginx/1.18.0 (Ubuntu)</center>\\r\\n' +\n      '</body>\\r\\n' +\n      '</html>\\r\\n',\n    data: { originalError: {} },\n    stack: 'Error: Unknown Error: <html>\\r\\n' +\n      '<head><title>502 Bad Gateway</title></head>\\r\\n' +\n      '<body>\\r\\n' +\n      '<center><h1>502 Bad Gateway</h1></center>\\r\\n' +\n      '<hr><center>nginx/1.18.0 (Ubuntu)</center>\\r\\n' +\n      '</body>\\r\\n' +\n      '</html>\\r\\n' +\n      '\\n' +\n      '    at Request._callback (/home/runner/work/neon-compatibility/neon-compatibility/node_modules/@trufflesuite/web3-provider-engine/subproviders/rpc.js:57:23)\\n' +\n      '    at Request.self.callback (/home/runner/work/neon-compatibility/neon-compatibility/node_modules/request/request.js:185:22)\\n' +\n      '    at Request.emit (events.js:400:28)\\n' +\n      '    at Request.<anonymous> (/home/runner/work/neon-compatibility/neon-compatibility/node_modules/request/request.js:1154:10)\\n' +\n      '    at Request.emit (events.js:400:28)\\n' +\n      '    at IncomingMessage.<anonymous> (/home/runner/work/neon-compatibility/neon-compatibility/node_modules/request/request.js:1076:12)\\n' +\n      '    at Object.onceWrapper (events.js:519:28)\\n' +\n      '    at IncomingMessage.emit (events.js:412:35)\\n' +\n      '    at endReadableNT (internal/streams/readable.js:1334:12)\\n' +\n      '    at processTicksAndRejections (internal/process/task_queues.js:82:21)'\n  }\n  Promise {\n    <rejected> {\n      code: -32603,\n      message: 'Unknown Error: <html>\\r\\n' +\n        '<head><title>502 Bad Gateway</title></head>\\r\\n' +\n        '<body>\\r\\n' +\n        '<center><h1>502 Bad Gateway</h1></center>\\r\\n' +\n        '<hr><center>nginx/1.18.0 (Ubuntu)</center>\\r\\n' +\n        '</body>\\r\\n' +\n        '</html>\\r\\n',\n      data: { originalError: {} },\n      stack: 'Error: Unknown Error: <html>\\r\\n' +\n        '<head><title>502 Bad Gateway</title></head>\\r\\n' +\n        '<body>\\r\\n' +\n        '<center><h1>502 Bad Gateway</h1></center>\\r\\n' +\n        '<hr><center>nginx/1.18.0 (Ubuntu)</center>\\r\\n' +\n        '</body>\\r\\n' +\n        '</html>\\r\\n' +\n        '\\n' +\n        '    at Request._callback (/home/runner/work/neon-compatibility/neon-compatibility/node_modules/@trufflesuite/web3-provider-engine/subproviders/rpc.js:57:23)\\n' +\n        '    at Request.self.callback (/home/runner/work/neon-compatibility/neon-compatibility/node_modules/request/request.js:185:22)\\n' +\n        '    at Request.emit (events.js:400:28)\\n' +\n        '    at Request.<anonymous> (/home/runner/work/neon-compatibility/neon-compatibility/node_modules/request/request.js:1154:10)\\n' +\n        '    at Request.emit (events.js:400:28)\\n' +\n        '    at IncomingMessage.<anonymous> (/home/runner/work/neon-compatibility/neon-compatibility/node_modules/request/request.js:1076:12)\\n' +\n        '    at Object.onceWrapper (events.js:519:28)\\n' +\n        '    at IncomingMessage.emit (events.js:412:35)\\n' +\n        '    at endReadableNT (internal/streams/readable.js:1334:12)\\n' +\n        '    at processTicksAndRejections (internal/process/task_queues.js:82:21)'\n    }\n  } {\n    code: -32603,\n    message: 'Unknown Error: <html>\\r\\n' +\n      '<head><title>502 Bad Gateway</title></head>\\r\\n' +\n      '<body>\\r\\n' +\n      '<center><h1>502 Bad Gateway</h1></center>\\r\\n' +\n      '<hr><center>nginx/1.18.0 (Ubuntu)</center>\\r\\n' +\n      '</body>\\r\\n' +\n      '</html>\\r\\n',\n    data: { originalError: {} },\n    stack: 'Error: Unknown Error: <html>\\r\\n' +\n      '<head><title>502 Bad Gateway</title></head>\\r\\n' +\n      '<body>\\r\\n' +\n      '<center><h1>502 Bad Gateway</h1></center>\\r\\n' +\n      '<hr><center>nginx/1.18.0 (Ubuntu)</center>\\r\\n' +\n      '</body>\\r\\n' +\n      '</html>\\r\\n' +\n      '\\n' +\n      '    at Request._callback (/home/runner/work/neon-compatibility/neon-compatibility/node_modules/@trufflesuite/web3-provider-engine/subproviders/rpc.js:57:23)\\n' +\n      '    at Request.self.callback (/home/runner/work/neon-compatibility/neon-compatibility/node_modules/request/request.js:185:22)\\n' +\n      '    at Request.emit (events.js:400:28)\\n' +\n      '    at Request.<anonymous> (/home/runner/work/neon-compatibility/neon-compatibility/node_modules/request/request.js:1154:10)\\n' +\n      '    at Request.emit (events.js:400:28)\\n' +\n      '    at IncomingMessage.<anonymous> (/home/runner/work/neon-compatibility/neon-compatibility/node_modules/request/request.js:1076:12)\\n' +\n      '    at Object.onceWrapper (events.js:519:28)\\n' +\n      '    at IncomingMessage.emit (events.js:412:35)\\n' +\n      '    at endReadableNT (internal/streams/readable.js:1334:12)\\n' +\n      '    at processTicksAndRejections (internal/process/task_queues.js:82:21)'\n  }\n  Promise {\n    <rejected> {\n      code: -32603,\n      message: 'Unknown Error: <html>\\r\\n' +\n        '<head><title>502 Bad Gateway</title></head>\\r\\n' +\n        '<body>\\r\\n' +\n        '<center><h1>502 Bad Gateway</h1></center>\\r\\n' +\n        '<hr><center>nginx/1.18.0 (Ubuntu)</center>\\r\\n' +\n        '</body>\\r\\n' +\n        '</html>\\r\\n',\n      data: { originalError: {} },\n      stack: 'Error: Unknown Error: <html>\\r\\n' +\n        '<head><title>502 Bad Gateway</title></head>\\r\\n' +\n        '<body>\\r\\n' +\n        '<center><h1>502 Bad Gateway</h1></center>\\r\\n' +\n        '<hr><center>nginx/1.18.0 (Ubuntu)</center>\\r\\n' +\n        '</body>\\r\\n' +\n        '</html>\\r\\n' +\n        '\\n' +\n        '    at Request._callback (/home/runner/work/neon-compatibility/neon-compatibility/node_modules/@trufflesuite/web3-provider-engine/subproviders/rpc.js:57:23)\\n' +\n        '    at Request.self.callback (/home/runner/work/neon-compatibility/neon-compatibility/node_modules/request/request.js:185:22)\\n' +\n        '    at Request.emit (events.js:400:28)\\n' +\n        '    at Request.<anonymous> (/home/runner/work/neon-compatibility/neon-compatibility/node_modules/request/request.js:1154:10)\\n' +\n        '    at Request.emit (events.js:400:28)\\n' +\n        '    at IncomingMessage.<anonymous> (/home/runner/work/neon-compatibility/neon-compatibility/node_modules/request/request.js:1076:12)\\n' +\n        '    at Object.onceWrapper (events.js:519:28)\\n' +\n        '    at IncomingMessage.emit (events.js:412:35)\\n' +\n        '    at endReadableNT (internal/streams/readable.js:1334:12)\\n' +\n        '    at processTicksAndRejections (internal/process/task_queues.js:82:21)'\n    }\n  } {\n    code: -32603,\n    message: 'Unknown Error: <html>\\r\\n' +\n      '<head><title>502 Bad Gateway</title></head>\\r\\n' +\n      '<body>\\r\\n' +\n      '<center><h1>502 Bad Gateway</h1></center>\\r\\n' +\n      '<hr><center>nginx/1.18.0 (Ubuntu)</center>\\r\\n' +\n      '</body>\\r\\n' +\n      '</html>\\r\\n',\n    data: { originalError: {} },\n    stack: 'Error: Unknown Error: <html>\\r\\n' +\n      '<head><title>502 Bad Gateway</title></head>\\r\\n' +\n      '<body>\\r\\n' +\n      '<center><h1>502 Bad Gateway</h1></center>\\r\\n' +\n      '<hr><center>nginx/1.18.0 (Ubuntu)</center>\\r\\n' +\n      '</body>\\r\\n' +\n      '</html>\\r\\n' +\n      '\\n' +\n      '    at Request._callback (/home/runner/work/neon-compatibility/neon-compatibility/node_modules/@trufflesuite/web3-provider-engine/subproviders/rpc.js:57:23)\\n' +\n      '    at Request.self.callback (/home/runner/work/neon-compatibility/neon-compatibility/node_modules/request/request.js:185:22)\\n' +\n      '    at Request.emit (events.js:400:28)\\n' +\n      '    at Request.<anonymous> (/home/runner/work/neon-compatibility/neon-compatibility/node_modules/request/request.js:1154:10)\\n' +\n      '    at Request.emit (events.js:400:28)\\n' +\n      '    at IncomingMessage.<anonymous> (/home/runner/work/neon-compatibility/neon-compatibility/node_modules/request/request.js:1076:12)\\n' +\n      '    at Object.onceWrapper (events.js:519:28)\\n' +\n      '    at IncomingMessage.emit (events.js:412:35)\\n' +\n      '    at endReadableNT (internal/streams/readable.js:1334:12)\\n' +\n      '    at processTicksAndRejections (internal/process/task_queues.js:82:21)'\n  }\n  Promise {\n    <rejected> {\n      code: -32603,\n      message: 'Unknown Error: <html>\\r\\n' +\n        '<head><title>502 Bad Gateway</title></head>\\r\\n' +\n        '<body>\\r\\n' +\n        '<center><h1>502 Bad Gateway</h1></center>\\r\\n' +\n        '<hr><center>nginx/1.18.0 (Ubuntu)</center>\\r\\n' +\n        '</body>\\r\\n' +\n        '</html>\\r\\n',\n      data: { originalError: {} },\n      stack: 'Error: Unknown Error: <html>\\r\\n' +\n        '<head><title>502 Bad Gateway</title></head>\\r\\n' +\n        '<body>\\r\\n' +\n        '<center><h1>502 Bad Gateway</h1></center>\\r\\n' +\n        '<hr><center>nginx/1.18.0 (Ubuntu)</center>\\r\\n' +\n        '</body>\\r\\n' +\n        '</html>\\r\\n' +\n        '\\n' +\n        '    at Request._callback (/home/runner/work/neon-compatibility/neon-compatibility/node_modules/@trufflesuite/web3-provider-engine/subproviders/rpc.js:57:23)\\n' +\n        '    at Request.self.callback (/home/runner/work/neon-compatibility/neon-compatibility/node_modules/request/request.js:185:22)\\n' +\n        '    at Request.emit (events.js:400:28)\\n' +\n        '    at Request.<anonymous> (/home/runner/work/neon-compatibility/neon-compatibility/node_modules/request/request.js:1154:10)\\n' +\n        '    at Request.emit (events.js:400:28)\\n' +\n        '    at IncomingMessage.<anonymous> (/home/runner/work/neon-compatibility/neon-compatibility/node_modules/request/request.js:1076:12)\\n' +\n        '    at Object.onceWrapper (events.js:519:28)\\n' +\n        '    at IncomingMessage.emit (events.js:412:35)\\n' +\n        '    at endReadableNT (internal/streams/readable.js:1334:12)\\n' +\n        '    at processTicksAndRejections (internal/process/task_queues.js:82:21)'\n    }\n  } {\n    code: -32603,\n    message: 'Unknown Error: <html>\\r\\n' +\n      '<head><title>502 Bad Gateway</title></head>\\r\\n' +\n      '<body>\\r\\n' +\n      '<center><h1>502 Bad Gateway</h1></center>\\r\\n' +\n      '<hr><center>nginx/1.18.0 (Ubuntu)</center>\\r\\n' +\n      '</body>\\r\\n' +\n      '</html>\\r\\n',\n    data: { originalError: {} },\n    stack: 'Error: Unknown Error: <html>\\r\\n' +\n      '<head><title>502 Bad Gateway</title></head>\\r\\n' +\n      '<body>\\r\\n' +\n      '<center><h1>502 Bad Gateway</h1></center>\\r\\n' +\n      '<hr><center>nginx/1.18.0 (Ubuntu)</center>\\r\\n' +\n      '</body>\\r\\n' +\n      '</html>\\r\\n' +\n      '\\n' +\n      '    at Request._callback (/home/runner/work/neon-compatibility/neon-compatibility/node_modules/@trufflesuite/web3-provider-engine/subproviders/rpc.js:57:23)\\n' +\n      '    at Request.self.callback (/home/runner/work/neon-compatibility/neon-compatibility/node_modules/request/request.js:185:22)\\n' +\n      '    at Request.emit (events.js:400:28)\\n' +\n      '    at Request.<anonymous> (/home/runner/work/neon-compatibility/neon-compatibility/node_modules/request/request.js:1154:10)\\n' +\n      '    at Request.emit (events.js:400:28)\\n' +\n      '    at IncomingMessage.<anonymous> (/home/runner/work/neon-compatibility/neon-compatibility/node_modules/request/request.js:1076:12)\\n' +\n      '    at Object.onceWrapper (events.js:519:28)\\n' +\n      '    at IncomingMessage.emit (events.js:412:35)\\n' +\n      '    at endReadableNT (internal/streams/readable.js:1334:12)\\n' +\n      '    at processTicksAndRejections (internal/process/task_queues.js:82:21)'\n  }\n  - Fetching solc version list from solc-bin. Attempt #1\n  âœ” Downloading compiler. Attempt #1.\n  \n  /home/runner/work/neon-compatibility/neon-compatibility/node_modules/@trufflesuite/web3-provider-engine/subproviders/rpc.js:57\n            const err = new Error(msg)\n                        ^\n  Error: PollingBlockTracker - encountered an error while attempting to update latest block:\n  Error: Unknown Error: <html>\r\n  <head><title>502 Bad Gateway</title></head>\r\n  <body>\r\n  <center><h1>502 Bad Gateway</h1></center>\r\n  <hr><center>nginx/1.18.0 (Ubuntu)</center>\r\n  </body>\r\n  </html>\r\n  \n      at Request._callback (/home/runner/work/neon-compatibility/neon-compatibility/node_modules/@trufflesuite/web3-provider-engine/subproviders/rpc.js:57:23)\n      at Request.self.callback (/home/runner/work/neon-compatibility/neon-compatibility/node_modules/request/request.js:185:22)\n      at Request.emit (events.js:400:28)\n      at Request.<anonymous> (/home/runner/work/neon-compatibility/neon-compatibility/node_modules/request/request.js:1154:10)\n      at Request.emit (events.js:400:28)\n      at IncomingMessage.<anonymous> (/home/runner/work/neon-compatibility/neon-compatibility/node_modules/request/request.js:1076:12)\n      at Object.onceWrapper (events.js:519:28)\n      at IncomingMessage.emit (events.js:412:35)\n      at endReadableNT (internal/streams/readable.js:1334:12)\n      at processTicksAndRejections (internal/process/task_queues.js:82:21)\n      at PollingBlockTracker._performSync (/home/runner/work/neon-compatibility/neon-compatibility/node_modules/eth-block-tracker/src/polling.js:51:24)\n      at processTicksAndRejections (internal/process/task_queues.js:95:5)\n  \nassert 1 == 0\n +  where 1 = CompletedProcess(args='cd issues/364; ../../node_modules/.bin/truffle --network neonlabs migrate -f 3 --to 3', returnc...es/eth-block-tracker/src/polling.js:51:24)\\n    at processTicksAndRejections (internal/process/task_queues.js:95:5)\\n').returncode",
        "time" : {
          "start" : 1637195964976,
          "stop" : 1637195970428,
          "duration" : 5452
        }
      } ]
    },
    "tags" : [ ]
  },
  "source" : "d1e95313721200bc.json",
  "parameterValues" : [ ]
}