{
  "uid" : "20c5fff6ffaa510e",
  "name" : "test_issue_364_self_destruct_contract",
  "fullName" : "tests.truffle.test_truffle#test_issue_364_self_destruct_contract",
  "historyId" : "9b9a0ac6c1438da1dd6a59ac61d1506c",
  "time" : {
    "start" : 1639910699537,
    "stop" : 1639910719008,
    "duration" : 19471
  },
  "status" : "failed",
  "statusMessage" : "AssertionError: \n  Compiling your contracts...\n  ===========================\n  > Compiling ./contracts/ERC20Test.sol\n  > Compiling ./contracts/Migrations.sol\n  > Compiling ./contracts/SelfDestructTest.sol\n  > Compiling @openzeppelin/contracts/access/Ownable.sol\n  > Compiling @openzeppelin/contracts/token/ERC20/ERC20.sol\n  > Compiling @openzeppelin/contracts/token/ERC20/IERC20.sol\n  > Compiling @openzeppelin/contracts/token/ERC20/extensions/IERC20Metadata.sol\n  > Compiling @openzeppelin/contracts/utils/Context.sol\n  > Compilation warnings encountered:\n  \n      Warning: SPDX license identifier not provided in source file. Before publishing, consider adding a comment containing \"SPDX-License-Identifier: <SPDX-License>\" to each source file. Use \"SPDX-License-Identifier: UNLICENSED\" for non-open-source code. Please see https://spdx.org for more information.\n  --> project:/contracts/SelfDestructTest.sol\n  \n  ,Warning: This contract has a payable fallback function, but no receive ether function. Consider adding a receive ether function.\n   --> project:/contracts/SelfDestructTest.sol:5:1:\n    |\n  5 | contract SelfDestructTest is Ownable{\n    | ^ (Relevant source part starts here and spans across multiple lines).\n  Note: The payable fallback function is defined here.\n    --> project:/contracts/SelfDestructTest.sol:20:5:\n     |\n  20 |     fallback() external payable {}\n     |     ^^^^^^^^^^^^^^^^^^^^^^^^^^^^^^\n  \n  ,Warning: Function state mutability can be restricted to pure\n    --> project:/contracts/SelfDestructTest.sol:12:5:\n     |\n  12 |     function staticData() public view returns(string memory) {\n     |     ^ (Relevant source part starts here and spans across multiple lines).\n  \n  \n  > Artifacts written to /home/runner/work/neon-compatibility/neon-compatibility/issues/364/build/contracts\n  > Compiled successfully using:\n     - solc: 0.8.4+commit.c7e474f2.Emscripten.clang\n  \n  Error: Unhandled error. ({ code: -32000, message: 'connection already closed' })\n      at new NodeError (node:internal/errors:371:5)\n      at Web3ProviderEngine.emit (node:events:379:17)\n      at /home/runner/work/neon-compatibility/neon-compatibility/node_modules/@trufflesuite/web3-provider-engine/index.js:57:14\n      at afterRequest (/home/runner/work/neon-compatibility/neon-compatibility/node_modules/@trufflesuite/web3-provider-engine/index.js:151:21)\n      at /home/runner/work/neon-compatibility/neon-compatibility/node_modules/@trufflesuite/web3-provider-engine/index.js:176:21\n      at /home/runner/work/neon-compatibility/neon-compatibility/node_modules/@trufflesuite/web3-provider-engine/index.js:238:9\n      at /home/runner/work/neon-compatibility/neon-compatibility/node_modules/async/internal/once.js:12:16\n      at replenish (/home/runner/work/neon-compatibility/neon-compatibility/node_modules/async/internal/eachOfLimit.js:61:25)\n      at /home/runner/work/neon-compatibility/neon-compatibility/node_modules/async/internal/eachOfLimit.js:71:9\n      at eachLimit (/home/runner/work/neon-compatibility/neon-compatibility/node_modules/async/eachLimit.js:43:36)\n      at /home/runner/work/neon-compatibility/neon-compatibility/node_modules/async/internal/doLimit.js:9:16\n      at end (/home/runner/work/neon-compatibility/neon-compatibility/node_modules/@trufflesuite/web3-provider-engine/index.js:217:5)\n      at Request._callback (/home/runner/work/neon-compatibility/neon-compatibility/node_modules/@trufflesuite/web3-provider-engine/subproviders/rpc.js:70:28)\n      at Request.self.callback (/home/runner/work/neon-compatibility/neon-compatibility/node_modules/request/request.js:185:22)\n      at Request.emit (node:events:390:28)\n      at Request.<anonymous> (/home/runner/work/neon-compatibility/neon-compatibility/node_modules/request/request.js:1154:10)\n      at Request.emit (node:events:390:28)\n      at IncomingMessage.<anonymous> (/home/runner/work/neon-compatibility/neon-compatibility/node_modules/request/request.js:1076:12)\n      at Object.onceWrapper (node:events:509:28)\n      at IncomingMessage.emit (node:events:402:35)\n      at endReadableNT (node:internal/streams/readable:1343:12)\n      at processTicksAndRejections (node:internal/process/task_queues:83:21)\n  \nassert 1 == 0\n +  where 1 = CompletedProcess(args='cd issues/364; ../../node_modules/.bin/truffle --network neonlabs migrate -f 3 --to 3', returnc...node:internal/streams/readable:1343:12)\\n    at processTicksAndRejections (node:internal/process/task_queues:83:21)\\n\").returncode",
  "statusTrace" : "@allure.feature(FEATURE)\n    def test_issue_364_self_destruct_contract():\n        cmd_res = run_command_line(\n            f\"cd issues/364; ../{RunCommand.TRUFFLE} \"\n            f\"--network {NETWORK_NAME} migrate -f 3 --to 3\"\n        )\n        actual_result = cmd_res.stdout.decode() + cmd_res.stderr.decode()\n>       assert cmd_res.returncode == 0, actual_result\nE       AssertionError: \nE         Compiling your contracts...\nE         ===========================\nE         > Compiling ./contracts/ERC20Test.sol\nE         > Compiling ./contracts/Migrations.sol\nE         > Compiling ./contracts/SelfDestructTest.sol\nE         > Compiling @openzeppelin/contracts/access/Ownable.sol\nE         > Compiling @openzeppelin/contracts/token/ERC20/ERC20.sol\nE         > Compiling @openzeppelin/contracts/token/ERC20/IERC20.sol\nE         > Compiling @openzeppelin/contracts/token/ERC20/extensions/IERC20Metadata.sol\nE         > Compiling @openzeppelin/contracts/utils/Context.sol\nE         > Compilation warnings encountered:\nE         \nE             Warning: SPDX license identifier not provided in source file. Before publishing, consider adding a comment containing \"SPDX-License-Identifier: <SPDX-License>\" to each source file. Use \"SPDX-License-Identifier: UNLICENSED\" for non-open-source code. Please see https://spdx.org for more information.\nE         --> project:/contracts/SelfDestructTest.sol\nE         \nE         ,Warning: This contract has a payable fallback function, but no receive ether function. Consider adding a receive ether function.\nE          --> project:/contracts/SelfDestructTest.sol:5:1:\nE           |\nE         5 | contract SelfDestructTest is Ownable{\nE           | ^ (Relevant source part starts here and spans across multiple lines).\nE         Note: The payable fallback function is defined here.\nE           --> project:/contracts/SelfDestructTest.sol:20:5:\nE            |\nE         20 |     fallback() external payable {}\nE            |     ^^^^^^^^^^^^^^^^^^^^^^^^^^^^^^\nE         \nE         ,Warning: Function state mutability can be restricted to pure\nE           --> project:/contracts/SelfDestructTest.sol:12:5:\nE            |\nE         12 |     function staticData() public view returns(string memory) {\nE            |     ^ (Relevant source part starts here and spans across multiple lines).\nE         \nE         \nE         > Artifacts written to /home/runner/work/neon-compatibility/neon-compatibility/issues/364/build/contracts\nE         > Compiled successfully using:\nE            - solc: 0.8.4+commit.c7e474f2.Emscripten.clang\nE         \nE         Error: Unhandled error. ({ code: -32000, message: 'connection already closed' })\nE             at new NodeError (node:internal/errors:371:5)\nE             at Web3ProviderEngine.emit (node:events:379:17)\nE             at /home/runner/work/neon-compatibility/neon-compatibility/node_modules/@trufflesuite/web3-provider-engine/index.js:57:14\nE             at afterRequest (/home/runner/work/neon-compatibility/neon-compatibility/node_modules/@trufflesuite/web3-provider-engine/index.js:151:21)\nE             at /home/runner/work/neon-compatibility/neon-compatibility/node_modules/@trufflesuite/web3-provider-engine/index.js:176:21\nE             at /home/runner/work/neon-compatibility/neon-compatibility/node_modules/@trufflesuite/web3-provider-engine/index.js:238:9\nE             at /home/runner/work/neon-compatibility/neon-compatibility/node_modules/async/internal/once.js:12:16\nE             at replenish (/home/runner/work/neon-compatibility/neon-compatibility/node_modules/async/internal/eachOfLimit.js:61:25)\nE             at /home/runner/work/neon-compatibility/neon-compatibility/node_modules/async/internal/eachOfLimit.js:71:9\nE             at eachLimit (/home/runner/work/neon-compatibility/neon-compatibility/node_modules/async/eachLimit.js:43:36)\nE             at /home/runner/work/neon-compatibility/neon-compatibility/node_modules/async/internal/doLimit.js:9:16\nE             at end (/home/runner/work/neon-compatibility/neon-compatibility/node_modules/@trufflesuite/web3-provider-engine/index.js:217:5)\nE             at Request._callback (/home/runner/work/neon-compatibility/neon-compatibility/node_modules/@trufflesuite/web3-provider-engine/subproviders/rpc.js:70:28)\nE             at Request.self.callback (/home/runner/work/neon-compatibility/neon-compatibility/node_modules/request/request.js:185:22)\nE             at Request.emit (node:events:390:28)\nE             at Request.<anonymous> (/home/runner/work/neon-compatibility/neon-compatibility/node_modules/request/request.js:1154:10)\nE             at Request.emit (node:events:390:28)\nE             at IncomingMessage.<anonymous> (/home/runner/work/neon-compatibility/neon-compatibility/node_modules/request/request.js:1076:12)\nE             at Object.onceWrapper (node:events:509:28)\nE             at IncomingMessage.emit (node:events:402:35)\nE             at endReadableNT (node:internal/streams/readable:1343:12)\nE             at processTicksAndRejections (node:internal/process/task_queues:83:21)\nE         \nE       assert 1 == 0\nE        +  where 1 = CompletedProcess(args='cd issues/364; ../../node_modules/.bin/truffle --network neonlabs migrate -f 3 --to 3', returnc...node:internal/streams/readable:1343:12)\\n    at processTicksAndRejections (node:internal/process/task_queues:83:21)\\n\").returncode\n\ntests/truffle/test_truffle.py:76: AssertionError",
  "flaky" : false,
  "newFailed" : false,
  "newBroken" : false,
  "newPassed" : false,
  "retriesCount" : 0,
  "retriesStatusChange" : false,
  "beforeStages" : [ {
    "name" : "prepare_truffle_config",
    "time" : {
      "start" : 1639910699525,
      "stop" : 1639910699537,
      "duration" : 12
    },
    "status" : "passed",
    "steps" : [ {
      "name" : "Preset variables",
      "time" : {
        "start" : 1639910699525,
        "stop" : 1639910699536,
        "duration" : 11
      },
      "status" : "passed",
      "steps" : [ ],
      "attachments" : [ ],
      "parameters" : [ ],
      "stepsCount" : 0,
      "attachmentsCount" : 0,
      "shouldDisplayMessage" : false,
      "hasContent" : false
    }, {
      "name" : "Clean up folder \"'/home/runner/work/neon-compatibility/neon-compatibility/Metacoin/build/contracts'\"",
      "time" : {
        "start" : 1639910699537,
        "stop" : 1639910699537,
        "duration" : 0
      },
      "status" : "passed",
      "steps" : [ ],
      "attachments" : [ ],
      "parameters" : [ {
        "name" : "folder",
        "value" : "'/home/runner/work/neon-compatibility/neon-compatibility/Metacoin/build/contracts'"
      } ],
      "stepsCount" : 0,
      "attachmentsCount" : 0,
      "shouldDisplayMessage" : false,
      "hasContent" : true
    } ],
    "attachments" : [ ],
    "parameters" : [ ],
    "stepsCount" : 2,
    "attachmentsCount" : 0,
    "shouldDisplayMessage" : false,
    "hasContent" : true
  } ],
  "testStage" : {
    "status" : "failed",
    "statusMessage" : "AssertionError: \n  Compiling your contracts...\n  ===========================\n  > Compiling ./contracts/ERC20Test.sol\n  > Compiling ./contracts/Migrations.sol\n  > Compiling ./contracts/SelfDestructTest.sol\n  > Compiling @openzeppelin/contracts/access/Ownable.sol\n  > Compiling @openzeppelin/contracts/token/ERC20/ERC20.sol\n  > Compiling @openzeppelin/contracts/token/ERC20/IERC20.sol\n  > Compiling @openzeppelin/contracts/token/ERC20/extensions/IERC20Metadata.sol\n  > Compiling @openzeppelin/contracts/utils/Context.sol\n  > Compilation warnings encountered:\n  \n      Warning: SPDX license identifier not provided in source file. Before publishing, consider adding a comment containing \"SPDX-License-Identifier: <SPDX-License>\" to each source file. Use \"SPDX-License-Identifier: UNLICENSED\" for non-open-source code. Please see https://spdx.org for more information.\n  --> project:/contracts/SelfDestructTest.sol\n  \n  ,Warning: This contract has a payable fallback function, but no receive ether function. Consider adding a receive ether function.\n   --> project:/contracts/SelfDestructTest.sol:5:1:\n    |\n  5 | contract SelfDestructTest is Ownable{\n    | ^ (Relevant source part starts here and spans across multiple lines).\n  Note: The payable fallback function is defined here.\n    --> project:/contracts/SelfDestructTest.sol:20:5:\n     |\n  20 |     fallback() external payable {}\n     |     ^^^^^^^^^^^^^^^^^^^^^^^^^^^^^^\n  \n  ,Warning: Function state mutability can be restricted to pure\n    --> project:/contracts/SelfDestructTest.sol:12:5:\n     |\n  12 |     function staticData() public view returns(string memory) {\n     |     ^ (Relevant source part starts here and spans across multiple lines).\n  \n  \n  > Artifacts written to /home/runner/work/neon-compatibility/neon-compatibility/issues/364/build/contracts\n  > Compiled successfully using:\n     - solc: 0.8.4+commit.c7e474f2.Emscripten.clang\n  \n  Error: Unhandled error. ({ code: -32000, message: 'connection already closed' })\n      at new NodeError (node:internal/errors:371:5)\n      at Web3ProviderEngine.emit (node:events:379:17)\n      at /home/runner/work/neon-compatibility/neon-compatibility/node_modules/@trufflesuite/web3-provider-engine/index.js:57:14\n      at afterRequest (/home/runner/work/neon-compatibility/neon-compatibility/node_modules/@trufflesuite/web3-provider-engine/index.js:151:21)\n      at /home/runner/work/neon-compatibility/neon-compatibility/node_modules/@trufflesuite/web3-provider-engine/index.js:176:21\n      at /home/runner/work/neon-compatibility/neon-compatibility/node_modules/@trufflesuite/web3-provider-engine/index.js:238:9\n      at /home/runner/work/neon-compatibility/neon-compatibility/node_modules/async/internal/once.js:12:16\n      at replenish (/home/runner/work/neon-compatibility/neon-compatibility/node_modules/async/internal/eachOfLimit.js:61:25)\n      at /home/runner/work/neon-compatibility/neon-compatibility/node_modules/async/internal/eachOfLimit.js:71:9\n      at eachLimit (/home/runner/work/neon-compatibility/neon-compatibility/node_modules/async/eachLimit.js:43:36)\n      at /home/runner/work/neon-compatibility/neon-compatibility/node_modules/async/internal/doLimit.js:9:16\n      at end (/home/runner/work/neon-compatibility/neon-compatibility/node_modules/@trufflesuite/web3-provider-engine/index.js:217:5)\n      at Request._callback (/home/runner/work/neon-compatibility/neon-compatibility/node_modules/@trufflesuite/web3-provider-engine/subproviders/rpc.js:70:28)\n      at Request.self.callback (/home/runner/work/neon-compatibility/neon-compatibility/node_modules/request/request.js:185:22)\n      at Request.emit (node:events:390:28)\n      at Request.<anonymous> (/home/runner/work/neon-compatibility/neon-compatibility/node_modules/request/request.js:1154:10)\n      at Request.emit (node:events:390:28)\n      at IncomingMessage.<anonymous> (/home/runner/work/neon-compatibility/neon-compatibility/node_modules/request/request.js:1076:12)\n      at Object.onceWrapper (node:events:509:28)\n      at IncomingMessage.emit (node:events:402:35)\n      at endReadableNT (node:internal/streams/readable:1343:12)\n      at processTicksAndRejections (node:internal/process/task_queues:83:21)\n  \nassert 1 == 0\n +  where 1 = CompletedProcess(args='cd issues/364; ../../node_modules/.bin/truffle --network neonlabs migrate -f 3 --to 3', returnc...node:internal/streams/readable:1343:12)\\n    at processTicksAndRejections (node:internal/process/task_queues:83:21)\\n\").returncode",
    "statusTrace" : "@allure.feature(FEATURE)\n    def test_issue_364_self_destruct_contract():\n        cmd_res = run_command_line(\n            f\"cd issues/364; ../{RunCommand.TRUFFLE} \"\n            f\"--network {NETWORK_NAME} migrate -f 3 --to 3\"\n        )\n        actual_result = cmd_res.stdout.decode() + cmd_res.stderr.decode()\n>       assert cmd_res.returncode == 0, actual_result\nE       AssertionError: \nE         Compiling your contracts...\nE         ===========================\nE         > Compiling ./contracts/ERC20Test.sol\nE         > Compiling ./contracts/Migrations.sol\nE         > Compiling ./contracts/SelfDestructTest.sol\nE         > Compiling @openzeppelin/contracts/access/Ownable.sol\nE         > Compiling @openzeppelin/contracts/token/ERC20/ERC20.sol\nE         > Compiling @openzeppelin/contracts/token/ERC20/IERC20.sol\nE         > Compiling @openzeppelin/contracts/token/ERC20/extensions/IERC20Metadata.sol\nE         > Compiling @openzeppelin/contracts/utils/Context.sol\nE         > Compilation warnings encountered:\nE         \nE             Warning: SPDX license identifier not provided in source file. Before publishing, consider adding a comment containing \"SPDX-License-Identifier: <SPDX-License>\" to each source file. Use \"SPDX-License-Identifier: UNLICENSED\" for non-open-source code. Please see https://spdx.org for more information.\nE         --> project:/contracts/SelfDestructTest.sol\nE         \nE         ,Warning: This contract has a payable fallback function, but no receive ether function. Consider adding a receive ether function.\nE          --> project:/contracts/SelfDestructTest.sol:5:1:\nE           |\nE         5 | contract SelfDestructTest is Ownable{\nE           | ^ (Relevant source part starts here and spans across multiple lines).\nE         Note: The payable fallback function is defined here.\nE           --> project:/contracts/SelfDestructTest.sol:20:5:\nE            |\nE         20 |     fallback() external payable {}\nE            |     ^^^^^^^^^^^^^^^^^^^^^^^^^^^^^^\nE         \nE         ,Warning: Function state mutability can be restricted to pure\nE           --> project:/contracts/SelfDestructTest.sol:12:5:\nE            |\nE         12 |     function staticData() public view returns(string memory) {\nE            |     ^ (Relevant source part starts here and spans across multiple lines).\nE         \nE         \nE         > Artifacts written to /home/runner/work/neon-compatibility/neon-compatibility/issues/364/build/contracts\nE         > Compiled successfully using:\nE            - solc: 0.8.4+commit.c7e474f2.Emscripten.clang\nE         \nE         Error: Unhandled error. ({ code: -32000, message: 'connection already closed' })\nE             at new NodeError (node:internal/errors:371:5)\nE             at Web3ProviderEngine.emit (node:events:379:17)\nE             at /home/runner/work/neon-compatibility/neon-compatibility/node_modules/@trufflesuite/web3-provider-engine/index.js:57:14\nE             at afterRequest (/home/runner/work/neon-compatibility/neon-compatibility/node_modules/@trufflesuite/web3-provider-engine/index.js:151:21)\nE             at /home/runner/work/neon-compatibility/neon-compatibility/node_modules/@trufflesuite/web3-provider-engine/index.js:176:21\nE             at /home/runner/work/neon-compatibility/neon-compatibility/node_modules/@trufflesuite/web3-provider-engine/index.js:238:9\nE             at /home/runner/work/neon-compatibility/neon-compatibility/node_modules/async/internal/once.js:12:16\nE             at replenish (/home/runner/work/neon-compatibility/neon-compatibility/node_modules/async/internal/eachOfLimit.js:61:25)\nE             at /home/runner/work/neon-compatibility/neon-compatibility/node_modules/async/internal/eachOfLimit.js:71:9\nE             at eachLimit (/home/runner/work/neon-compatibility/neon-compatibility/node_modules/async/eachLimit.js:43:36)\nE             at /home/runner/work/neon-compatibility/neon-compatibility/node_modules/async/internal/doLimit.js:9:16\nE             at end (/home/runner/work/neon-compatibility/neon-compatibility/node_modules/@trufflesuite/web3-provider-engine/index.js:217:5)\nE             at Request._callback (/home/runner/work/neon-compatibility/neon-compatibility/node_modules/@trufflesuite/web3-provider-engine/subproviders/rpc.js:70:28)\nE             at Request.self.callback (/home/runner/work/neon-compatibility/neon-compatibility/node_modules/request/request.js:185:22)\nE             at Request.emit (node:events:390:28)\nE             at Request.<anonymous> (/home/runner/work/neon-compatibility/neon-compatibility/node_modules/request/request.js:1154:10)\nE             at Request.emit (node:events:390:28)\nE             at IncomingMessage.<anonymous> (/home/runner/work/neon-compatibility/neon-compatibility/node_modules/request/request.js:1076:12)\nE             at Object.onceWrapper (node:events:509:28)\nE             at IncomingMessage.emit (node:events:402:35)\nE             at endReadableNT (node:internal/streams/readable:1343:12)\nE             at processTicksAndRejections (node:internal/process/task_queues:83:21)\nE         \nE       assert 1 == 0\nE        +  where 1 = CompletedProcess(args='cd issues/364; ../../node_modules/.bin/truffle --network neonlabs migrate -f 3 --to 3', returnc...node:internal/streams/readable:1343:12)\\n    at processTicksAndRejections (node:internal/process/task_queues:83:21)\\n\").returncode\n\ntests/truffle/test_truffle.py:76: AssertionError",
    "steps" : [ {
      "name" : "Run command: \"'cd issues/364; ../../node_modules/.bin/truffle --network neonlabs migrate -f 3 --to 3'\"",
      "time" : {
        "start" : 1639910699537,
        "stop" : 1639910719006,
        "duration" : 19469
      },
      "status" : "passed",
      "steps" : [ ],
      "attachments" : [ ],
      "parameters" : [ {
        "name" : "command",
        "value" : "'cd issues/364; ../../node_modules/.bin/truffle --network neonlabs migrate -f 3 --to 3'"
      } ],
      "stepsCount" : 0,
      "attachmentsCount" : 0,
      "shouldDisplayMessage" : false,
      "hasContent" : true
    } ],
    "attachments" : [ {
      "uid" : "ccb4a4782839c3e4",
      "name" : "stdout",
      "source" : "ccb4a4782839c3e4.txt",
      "type" : "text/plain",
      "size" : 4281
    } ],
    "parameters" : [ ],
    "stepsCount" : 1,
    "attachmentsCount" : 1,
    "shouldDisplayMessage" : true,
    "hasContent" : true
  },
  "afterStages" : [ {
    "name" : "prepare_truffle_config::0",
    "time" : {
      "start" : 1639910719013,
      "stop" : 1639910719013,
      "duration" : 0
    },
    "status" : "passed",
    "steps" : [ ],
    "attachments" : [ ],
    "parameters" : [ ],
    "stepsCount" : 0,
    "attachmentsCount" : 0,
    "shouldDisplayMessage" : false,
    "hasContent" : false
  } ],
  "labels" : [ {
    "name" : "feature",
    "value" : "Truffle"
  }, {
    "name" : "parentSuite",
    "value" : "tests.truffle"
  }, {
    "name" : "suite",
    "value" : "test_truffle"
  }, {
    "name" : "host",
    "value" : "fv-az81-24"
  }, {
    "name" : "thread",
    "value" : "3799-MainThread"
  }, {
    "name" : "framework",
    "value" : "pytest"
  }, {
    "name" : "language",
    "value" : "cpython3"
  }, {
    "name" : "package",
    "value" : "tests.truffle.test_truffle"
  }, {
    "name" : "resultFormat",
    "value" : "allure2"
  } ],
  "parameters" : [ ],
  "links" : [ ],
  "hidden" : false,
  "retry" : false,
  "extra" : {
    "severity" : "normal",
    "retries" : [ ],
    "categories" : [ {
      "name" : "Product defects",
      "matchedStatuses" : [ ],
      "flaky" : false
    } ],
    "history" : {
      "statistic" : {
        "failed" : 2,
        "broken" : 0,
        "skipped" : 0,
        "passed" : 0,
        "unknown" : 0,
        "total" : 2
      },
      "items" : [ {
        "uid" : "3e1ec25e6ac7e962",
        "reportUrl" : "https://neonlabsorg.github.io/neon-compatibility/teststand/257//#testresult/3e1ec25e6ac7e962",
        "status" : "failed",
        "statusDetails" : "AssertionError: \n  Compiling your contracts...\n  ===========================\n  > Compiling ./contracts/ERC20Test.sol\n  > Compiling ./contracts/Migrations.sol\n  > Compiling ./contracts/SelfDestructTest.sol\n  > Compiling @openzeppelin/contracts/access/Ownable.sol\n  > Compiling @openzeppelin/contracts/token/ERC20/ERC20.sol\n  > Compiling @openzeppelin/contracts/token/ERC20/IERC20.sol\n  > Compiling @openzeppelin/contracts/token/ERC20/extensions/IERC20Metadata.sol\n  > Compiling @openzeppelin/contracts/utils/Context.sol\n  > Compilation warnings encountered:\n  \n      Warning: SPDX license identifier not provided in source file. Before publishing, consider adding a comment containing \"SPDX-License-Identifier: <SPDX-License>\" to each source file. Use \"SPDX-License-Identifier: UNLICENSED\" for non-open-source code. Please see https://spdx.org for more information.\n  --> project:/contracts/SelfDestructTest.sol\n  \n  ,Warning: This contract has a payable fallback function, but no receive ether function. Consider adding a receive ether function.\n   --> project:/contracts/SelfDestructTest.sol:5:1:\n    |\n  5 | contract SelfDestructTest is Ownable{\n    | ^ (Relevant source part starts here and spans across multiple lines).\n  Note: The payable fallback function is defined here.\n    --> project:/contracts/SelfDestructTest.sol:20:5:\n     |\n  20 |     fallback() external payable {}\n     |     ^^^^^^^^^^^^^^^^^^^^^^^^^^^^^^\n  \n  ,Warning: Function state mutability can be restricted to pure\n    --> project:/contracts/SelfDestructTest.sol:12:5:\n     |\n  12 |     function staticData() public view returns(string memory) {\n     |     ^ (Relevant source part starts here and spans across multiple lines).\n  \n  \n  > Artifacts written to /home/runner/work/neon-compatibility/neon-compatibility/issues/364/build/contracts\n  > Compiled successfully using:\n     - solc: 0.8.4+commit.c7e474f2.Emscripten.clang\n  \n  Error: There was a timeout while attempting to connect to the network at undefined.\n         Check to see that your provider is valid.\n         If you have a slow internet connection, try configuring a longer timeout in your Truffle config. Use the networks[networkName].networkCheckTimeout property to do this.\n      at Timeout._onTimeout (/home/runner/work/neon-compatibility/neon-compatibility/node_modules/truffle/build/webpack:/packages/provider/index.js:57:1)\n      at listOnTimeout (node:internal/timers:557:17)\n      at processTimers (node:internal/timers:500:7)\n  \nassert 1 == 0\n +  where 1 = CompletedProcess(args='cd issues/364; ../../node_modules/.bin/truffle --network neonlabs migrate -f 3 --to 3', returnc...dex.js:57:1)\\n    at listOnTimeout (node:internal/timers:557:17)\\n    at processTimers (node:internal/timers:500:7)\\n').returncode",
        "time" : {
          "start" : 1639751558263,
          "stop" : 1639751574296,
          "duration" : 16033
        }
      } ]
    },
    "tags" : [ ]
  },
  "source" : "20c5fff6ffaa510e.json",
  "parameterValues" : [ ]
}