{
  "uid" : "5096a3eae9f08f4",
  "name" : "test_issue_364_self_destruct_contract",
  "fullName" : "tests.truffle.test_truffle#test_issue_364_self_destruct_contract",
  "historyId" : "9b9a0ac6c1438da1dd6a59ac61d1506c",
  "time" : {
    "start" : 1638466630770,
    "stop" : 1638466630777,
    "duration" : 7
  },
  "status" : "failed",
  "statusMessage" : "AssertionError: /bin/sh: 1: ../../node_modules/.bin/truffle: not found\n  \nassert 127 == 0\n +  where 127 = CompletedProcess(args='cd issues/364; ../../node_modules/.bin/truffle --network neonlabs migrate -f 3 --to 3', returncode=127, stdout=b'', stderr=b'/bin/sh: 1: ../../node_modules/.bin/truffle: not found\\n').returncode",
  "statusTrace" : "@allure.feature(FEATURE)\n    def test_issue_364_self_destruct_contract():\n        cmd_res = run_command_line(\n            f\"cd issues/364; ../{RunCommand.TRUFFLE} \"\n            f\"--network {NETWORK_NAME} migrate -f 3 --to 3\"\n        )\n        actual_result = cmd_res.stdout.decode() + cmd_res.stderr.decode()\n>       assert cmd_res.returncode == 0, actual_result\nE       AssertionError: /bin/sh: 1: ../../node_modules/.bin/truffle: not found\nE         \nE       assert 127 == 0\nE        +  where 127 = CompletedProcess(args='cd issues/364; ../../node_modules/.bin/truffle --network neonlabs migrate -f 3 --to 3', returncode=127, stdout=b'', stderr=b'/bin/sh: 1: ../../node_modules/.bin/truffle: not found\\n').returncode\n\ntests/truffle/test_truffle.py:76: AssertionError",
  "flaky" : false,
  "newFailed" : false,
  "newBroken" : false,
  "newPassed" : false,
  "retriesCount" : 0,
  "retriesStatusChange" : false,
  "beforeStages" : [ {
    "name" : "prepare_truffle_config",
    "time" : {
      "start" : 1638466630757,
      "stop" : 1638466630769,
      "duration" : 12
    },
    "status" : "passed",
    "steps" : [ {
      "name" : "Preset variables",
      "time" : {
        "start" : 1638466630757,
        "stop" : 1638466630769,
        "duration" : 12
      },
      "status" : "passed",
      "steps" : [ ],
      "attachments" : [ ],
      "parameters" : [ ],
      "stepsCount" : 0,
      "attachmentsCount" : 0,
      "shouldDisplayMessage" : false,
      "hasContent" : false
    }, {
      "name" : "Clean up folder \"'/home/runner/work/neon-compatibility/neon-compatibility/Metacoin/build/contracts'\"",
      "time" : {
        "start" : 1638466630769,
        "stop" : 1638466630769,
        "duration" : 0
      },
      "status" : "passed",
      "steps" : [ ],
      "attachments" : [ ],
      "parameters" : [ {
        "name" : "folder",
        "value" : "'/home/runner/work/neon-compatibility/neon-compatibility/Metacoin/build/contracts'"
      } ],
      "stepsCount" : 0,
      "attachmentsCount" : 0,
      "shouldDisplayMessage" : false,
      "hasContent" : true
    } ],
    "attachments" : [ ],
    "parameters" : [ ],
    "stepsCount" : 2,
    "attachmentsCount" : 0,
    "shouldDisplayMessage" : false,
    "hasContent" : true
  } ],
  "testStage" : {
    "status" : "failed",
    "statusMessage" : "AssertionError: /bin/sh: 1: ../../node_modules/.bin/truffle: not found\n  \nassert 127 == 0\n +  where 127 = CompletedProcess(args='cd issues/364; ../../node_modules/.bin/truffle --network neonlabs migrate -f 3 --to 3', returncode=127, stdout=b'', stderr=b'/bin/sh: 1: ../../node_modules/.bin/truffle: not found\\n').returncode",
    "statusTrace" : "@allure.feature(FEATURE)\n    def test_issue_364_self_destruct_contract():\n        cmd_res = run_command_line(\n            f\"cd issues/364; ../{RunCommand.TRUFFLE} \"\n            f\"--network {NETWORK_NAME} migrate -f 3 --to 3\"\n        )\n        actual_result = cmd_res.stdout.decode() + cmd_res.stderr.decode()\n>       assert cmd_res.returncode == 0, actual_result\nE       AssertionError: /bin/sh: 1: ../../node_modules/.bin/truffle: not found\nE         \nE       assert 127 == 0\nE        +  where 127 = CompletedProcess(args='cd issues/364; ../../node_modules/.bin/truffle --network neonlabs migrate -f 3 --to 3', returncode=127, stdout=b'', stderr=b'/bin/sh: 1: ../../node_modules/.bin/truffle: not found\\n').returncode\n\ntests/truffle/test_truffle.py:76: AssertionError",
    "steps" : [ {
      "name" : "Run command: \"'cd issues/364; ../../node_modules/.bin/truffle --network neonlabs migrate -f 3 --to 3'\"",
      "time" : {
        "start" : 1638466630770,
        "stop" : 1638466630776,
        "duration" : 6
      },
      "status" : "passed",
      "steps" : [ ],
      "attachments" : [ ],
      "parameters" : [ {
        "name" : "command",
        "value" : "'cd issues/364; ../../node_modules/.bin/truffle --network neonlabs migrate -f 3 --to 3'"
      } ],
      "stepsCount" : 0,
      "attachmentsCount" : 0,
      "shouldDisplayMessage" : false,
      "hasContent" : true
    } ],
    "attachments" : [ {
      "uid" : "7d38969837da0c25",
      "name" : "stdout",
      "source" : "7d38969837da0c25.txt",
      "type" : "text/plain",
      "size" : 269
    } ],
    "parameters" : [ ],
    "stepsCount" : 1,
    "attachmentsCount" : 1,
    "shouldDisplayMessage" : true,
    "hasContent" : true
  },
  "afterStages" : [ {
    "name" : "prepare_truffle_config::0",
    "time" : {
      "start" : 1638466630782,
      "stop" : 1638466630782,
      "duration" : 0
    },
    "status" : "passed",
    "steps" : [ ],
    "attachments" : [ ],
    "parameters" : [ ],
    "stepsCount" : 0,
    "attachmentsCount" : 0,
    "shouldDisplayMessage" : false,
    "hasContent" : false
  } ],
  "labels" : [ {
    "name" : "feature",
    "value" : "Truffle"
  }, {
    "name" : "parentSuite",
    "value" : "tests.truffle"
  }, {
    "name" : "suite",
    "value" : "test_truffle"
  }, {
    "name" : "host",
    "value" : "fv-az77-964"
  }, {
    "name" : "thread",
    "value" : "3283-MainThread"
  }, {
    "name" : "framework",
    "value" : "pytest"
  }, {
    "name" : "language",
    "value" : "cpython3"
  }, {
    "name" : "package",
    "value" : "tests.truffle.test_truffle"
  }, {
    "name" : "resultFormat",
    "value" : "allure2"
  } ],
  "parameters" : [ ],
  "links" : [ ],
  "hidden" : false,
  "retry" : false,
  "extra" : {
    "severity" : "normal",
    "retries" : [ ],
    "categories" : [ {
      "name" : "Product defects",
      "matchedStatuses" : [ ],
      "flaky" : false
    } ],
    "history" : {
      "statistic" : {
        "failed" : 65,
        "broken" : 0,
        "skipped" : 0,
        "passed" : 9,
        "unknown" : 0,
        "total" : 74
      },
      "items" : [ {
        "uid" : "896d85c255302ad",
        "reportUrl" : "https://neonlabsorg.github.io/neon-compatibility/150//#testresult/896d85c255302ad",
        "status" : "failed",
        "statusDetails" : "AssertionError: /bin/sh: 1: ../../node_modules/.bin/truffle: not found\n  \nassert 127 == 0\n +  where 127 = CompletedProcess(args='cd issues/364; ../../node_modules/.bin/truffle --network neonlabs migrate -f 3 --to 3', returncode=127, stdout=b'', stderr=b'/bin/sh: 1: ../../node_modules/.bin/truffle: not found\\n').returncode",
        "time" : {
          "start" : 1638453978767,
          "stop" : 1638453978772,
          "duration" : 5
        }
      }, {
        "uid" : "4cf8cfb9faec2baa",
        "reportUrl" : "https://neonlabsorg.github.io/neon-compatibility/149//#testresult/4cf8cfb9faec2baa",
        "status" : "failed",
        "statusDetails" : "AssertionError: /bin/sh: 1: ../../node_modules/.bin/truffle: not found\n  \nassert 127 == 0\n +  where 127 = CompletedProcess(args='cd issues/364; ../../node_modules/.bin/truffle --network neonlabs migrate -f 3 --to 3', returncode=127, stdout=b'', stderr=b'/bin/sh: 1: ../../node_modules/.bin/truffle: not found\\n').returncode",
        "time" : {
          "start" : 1638414589937,
          "stop" : 1638414589941,
          "duration" : 4
        }
      }, {
        "uid" : "55bfea91b6d77353",
        "reportUrl" : "https://neonlabsorg.github.io/neon-compatibility/147//#testresult/55bfea91b6d77353",
        "status" : "failed",
        "statusDetails" : "AssertionError: /bin/sh: 1: ../../node_modules/.bin/truffle: not found\n  \nassert 127 == 0\n +  where 127 = CompletedProcess(args='cd issues/364; ../../node_modules/.bin/truffle --network neonlabs migrate -f 3 --to 3', returncode=127, stdout=b'', stderr=b'/bin/sh: 1: ../../node_modules/.bin/truffle: not found\\n').returncode",
        "time" : {
          "start" : 1638399385697,
          "stop" : 1638399385703,
          "duration" : 6
        }
      }, {
        "uid" : "a1b524e1a4e95d6e",
        "reportUrl" : "https://neonlabsorg.github.io/neon-compatibility/2//#testresult/a1b524e1a4e95d6e",
        "status" : "failed",
        "statusDetails" : "AssertionError: /bin/sh: 1: ../../node_modules/.bin/truffle: not found\n  \nassert 127 == 0\n +  where 127 = CompletedProcess(args='cd issues/364; ../../node_modules/.bin/truffle --network neonlabs migrate -f 3 --to 3', returncode=127, stdout=b'', stderr=b'/bin/sh: 1: ../../node_modules/.bin/truffle: not found\\n').returncode",
        "time" : {
          "start" : 1638376016210,
          "stop" : 1638376016215,
          "duration" : 5
        }
      }, {
        "uid" : "7ca366213927346f",
        "reportUrl" : "https://neonlabsorg.github.io/neon-compatibility/146//#testresult/7ca366213927346f",
        "status" : "failed",
        "statusDetails" : "AssertionError: /bin/sh: 1: ../../node_modules/.bin/truffle: not found\n  \nassert 127 == 0\n +  where 127 = CompletedProcess(args='cd issues/364; ../../node_modules/.bin/truffle --network neonlabs migrate -f 3 --to 3', returncode=127, stdout=b'', stderr=b'/bin/sh: 1: ../../node_modules/.bin/truffle: not found\\n').returncode",
        "time" : {
          "start" : 1638363676869,
          "stop" : 1638363676873,
          "duration" : 4
        }
      }, {
        "uid" : "8d2fb2f94e52dcdf",
        "reportUrl" : "https://neonlabsorg.github.io/neon-compatibility/145//#testresult/8d2fb2f94e52dcdf",
        "status" : "failed",
        "statusDetails" : "AssertionError: /bin/sh: 1: ../../node_modules/.bin/truffle: not found\n  \nassert 127 == 0\n +  where 127 = CompletedProcess(args='cd issues/364; ../../node_modules/.bin/truffle --network neonlabs migrate -f 3 --to 3', returncode=127, stdout=b'', stderr=b'/bin/sh: 1: ../../node_modules/.bin/truffle: not found\\n').returncode",
        "time" : {
          "start" : 1638328252463,
          "stop" : 1638328252467,
          "duration" : 4
        }
      }, {
        "uid" : "70fea59ceff196f9",
        "reportUrl" : "https://neonlabsorg.github.io/neon-compatibility/143//#testresult/70fea59ceff196f9",
        "status" : "failed",
        "statusDetails" : "AssertionError: /bin/sh: 1: ../../node_modules/.bin/truffle: not found\n  \nassert 127 == 0\n +  where 127 = CompletedProcess(args='cd issues/364; ../../node_modules/.bin/truffle --network neonlabs migrate -f 3 --to 3', returncode=127, stdout=b'', stderr=b'/bin/sh: 1: ../../node_modules/.bin/truffle: not found\\n').returncode",
        "time" : {
          "start" : 1638318722596,
          "stop" : 1638318722601,
          "duration" : 5
        }
      }, {
        "uid" : "395fe44befb83409",
        "reportUrl" : "https://neonlabsorg.github.io/neon-compatibility/141//#testresult/395fe44befb83409",
        "status" : "failed",
        "statusDetails" : "AssertionError: /bin/sh: 1: ../../node_modules/.bin/truffle: not found\n  \nassert 127 == 0\n +  where 127 = CompletedProcess(args='cd issues/364; ../../node_modules/.bin/truffle --network neonlabs migrate -f 3 --to 3', returncode=127, stdout=b'', stderr=b'/bin/sh: 1: ../../node_modules/.bin/truffle: not found\\n').returncode",
        "time" : {
          "start" : 1638285894578,
          "stop" : 1638285894585,
          "duration" : 7
        }
      }, {
        "uid" : "1f416f06d0061065",
        "reportUrl" : "https://neonlabsorg.github.io/neon-compatibility/137//#testresult/1f416f06d0061065",
        "status" : "failed",
        "statusDetails" : "AssertionError: /bin/sh: 1: ../../node_modules/.bin/truffle: not found\n  \nassert 127 == 0\n +  where 127 = CompletedProcess(args='cd issues/364; ../../node_modules/.bin/truffle --network neonlabs migrate -f 3 --to 3', returncode=127, stdout=b'', stderr=b'/bin/sh: 1: ../../node_modules/.bin/truffle: not found\\n').returncode",
        "time" : {
          "start" : 1638265830393,
          "stop" : 1638265830399,
          "duration" : 6
        }
      }, {
        "uid" : "192d336f5b597b2e",
        "reportUrl" : "https://neonlabsorg.github.io/neon-compatibility/140//#testresult/192d336f5b597b2e",
        "status" : "failed",
        "statusDetails" : "AssertionError: /bin/sh: 1: ../../node_modules/.bin/truffle: not found\n  \nassert 127 == 0\n +  where 127 = CompletedProcess(args='cd issues/364; ../../node_modules/.bin/truffle --network neonlabs migrate -f 3 --to 3', returncode=127, stdout=b'', stderr=b'/bin/sh: 1: ../../node_modules/.bin/truffle: not found\\n').returncode",
        "time" : {
          "start" : 1638269198717,
          "stop" : 1638269198721,
          "duration" : 4
        }
      }, {
        "uid" : "e621c6fc3f460594",
        "reportUrl" : "https://neonlabsorg.github.io/neon-compatibility/138//#testresult/e621c6fc3f460594",
        "status" : "failed",
        "statusDetails" : "AssertionError: /bin/sh: 1: ../../node_modules/.bin/truffle: not found\n  \nassert 127 == 0\n +  where 127 = CompletedProcess(args='cd issues/364; ../../node_modules/.bin/truffle --network neonlabs migrate -f 3 --to 3', returncode=127, stdout=b'', stderr=b'/bin/sh: 1: ../../node_modules/.bin/truffle: not found\\n').returncode",
        "time" : {
          "start" : 1638265727869,
          "stop" : 1638265727876,
          "duration" : 7
        }
      }, {
        "uid" : "134b212fbc9f8461",
        "reportUrl" : "https://neonlabsorg.github.io/neon-compatibility/136//#testresult/134b212fbc9f8461",
        "status" : "failed",
        "statusDetails" : "AssertionError: /bin/sh: 1: ../../node_modules/.bin/truffle: not found\n  \nassert 127 == 0\n +  where 127 = CompletedProcess(args='cd issues/364; ../../node_modules/.bin/truffle --network neonlabs migrate -f 3 --to 3', returncode=127, stdout=b'', stderr=b'/bin/sh: 1: ../../node_modules/.bin/truffle: not found\\n').returncode",
        "time" : {
          "start" : 1638246927977,
          "stop" : 1638246927982,
          "duration" : 5
        }
      }, {
        "uid" : "ad602eb785ab2c92",
        "reportUrl" : "https://neonlabsorg.github.io/neon-compatibility/135//#testresult/ad602eb785ab2c92",
        "status" : "failed",
        "statusDetails" : "AssertionError: /bin/sh: 1: ../../node_modules/.bin/truffle: not found\n  \nassert 127 == 0\n +  where 127 = CompletedProcess(args='cd issues/364; ../../node_modules/.bin/truffle --network neonlabs migrate -f 3 --to 3', returncode=127, stdout=b'', stderr=b'/bin/sh: 1: ../../node_modules/.bin/truffle: not found\\n').returncode",
        "time" : {
          "start" : 1638241866698,
          "stop" : 1638241866705,
          "duration" : 7
        }
      }, {
        "uid" : "6ebc31e8567f8620",
        "reportUrl" : "https://neonlabsorg.github.io/neon-compatibility/134//#testresult/6ebc31e8567f8620",
        "status" : "failed",
        "statusDetails" : "AssertionError: /bin/sh: 1: ../../node_modules/.bin/truffle: not found\n  \nassert 127 == 0\n +  where 127 = CompletedProcess(args='cd issues/364; ../../node_modules/.bin/truffle --network neonlabs migrate -f 3 --to 3', returncode=127, stdout=b'', stderr=b'/bin/sh: 1: ../../node_modules/.bin/truffle: not found\\n').returncode",
        "time" : {
          "start" : 1638232218826,
          "stop" : 1638232218834,
          "duration" : 8
        }
      }, {
        "uid" : "c897a8c6894d4afc",
        "reportUrl" : "https://neonlabsorg.github.io/neon-compatibility/133//#testresult/c897a8c6894d4afc",
        "status" : "failed",
        "statusDetails" : "AssertionError: /bin/sh: 1: ../../node_modules/.bin/truffle: not found\n  \nassert 127 == 0\n +  where 127 = CompletedProcess(args='cd issues/364; ../../node_modules/.bin/truffle --network neonlabs migrate -f 3 --to 3', returncode=127, stdout=b'', stderr=b'/bin/sh: 1: ../../node_modules/.bin/truffle: not found\\n').returncode",
        "time" : {
          "start" : 1638219705679,
          "stop" : 1638219705684,
          "duration" : 5
        }
      }, {
        "uid" : "f3cdeb3eda9d3e65",
        "reportUrl" : "https://neonlabsorg.github.io/neon-compatibility/131//#testresult/f3cdeb3eda9d3e65",
        "status" : "passed",
        "time" : {
          "start" : 1638203747671,
          "stop" : 1638203788227,
          "duration" : 40556
        }
      }, {
        "uid" : "53624f6e95e3e38b",
        "reportUrl" : "https://neonlabsorg.github.io/neon-compatibility/129//#testresult/53624f6e95e3e38b",
        "status" : "failed",
        "statusDetails" : "AssertionError: \n  Compiling your contracts...\n  ===========================\n  > Compiling ./contracts/ERC20Test.sol\n  > Compiling ./contracts/Migrations.sol\n  > Compiling ./contracts/SelfDestructTest.sol\n  > Compiling @openzeppelin/contracts/access/Ownable.sol\n  > Compiling @openzeppelin/contracts/token/ERC20/ERC20.sol\n  > Compiling @openzeppelin/contracts/token/ERC20/IERC20.sol\n  > Compiling @openzeppelin/contracts/token/ERC20/extensions/IERC20Metadata.sol\n  > Compiling @openzeppelin/contracts/utils/Context.sol\n  > Compilation warnings encountered:\n  \n      Warning: SPDX license identifier not provided in source file. Before publishing, consider adding a comment containing \"SPDX-License-Identifier: <SPDX-License>\" to each source file. Use \"SPDX-License-Identifier: UNLICENSED\" for non-open-source code. Please see https://spdx.org for more information.\n  --> project:/contracts/SelfDestructTest.sol\n  \n  ,Warning: This contract has a payable fallback function, but no receive ether function. Consider adding a receive ether function.\n   --> project:/contracts/SelfDestructTest.sol:5:1:\n    |\n  5 | contract SelfDestructTest is Ownable{\n    | ^ (Relevant source part starts here and spans across multiple lines).\n  Note: The payable fallback function is defined here.\n    --> project:/contracts/SelfDestructTest.sol:20:5:\n     |\n  20 |     fallback() external payable {}\n     |     ^^^^^^^^^^^^^^^^^^^^^^^^^^^^^^\n  \n  ,Warning: Function state mutability can be restricted to pure\n    --> project:/contracts/SelfDestructTest.sol:12:5:\n     |\n  12 |     function staticData() public view returns(string memory) {\n     |     ^ (Relevant source part starts here and spans across multiple lines).\n  \n  \n  > Artifacts written to /home/runner/work/neon-compatibility/neon-compatibility/issues/364/build/contracts\n  > Compiled successfully using:\n     - solc: 0.8.4+commit.c7e474f2.Emscripten.clang\n  \n  Error: There was a timeout while attempting to connect to the network at undefined.\n         Check to see that your provider is valid.\n         If you have a slow internet connection, try configuring a longer timeout in your Truffle config. Use the networks[networkName].networkCheckTimeout property to do this.\n      at Timeout._onTimeout (/home/runner/work/neon-compatibility/neon-compatibility/node_modules/truffle/build/webpack:/packages/provider/index.js:57:1)\n      at listOnTimeout (internal/timers.js:557:17)\n      at processTimers (internal/timers.js:500:7)\n  \nassert 1 == 0\n +  where 1 = CompletedProcess(args='cd issues/364; ../../node_modules/.bin/truffle --network neonlabs migrate -f 3 --to 3', returnc...r/index.js:57:1)\\n    at listOnTimeout (internal/timers.js:557:17)\\n    at processTimers (internal/timers.js:500:7)\\n').returncode",
        "time" : {
          "start" : 1638200235964,
          "stop" : 1638200250198,
          "duration" : 14234
        }
      }, {
        "uid" : "2859367010ff4093",
        "reportUrl" : "https://neonlabsorg.github.io/neon-compatibility/128//#testresult/2859367010ff4093",
        "status" : "failed",
        "statusDetails" : "AssertionError: \n  Compiling your contracts...\n  ===========================\n  > Compiling ./contracts/ERC20Test.sol\n  > Compiling ./contracts/Migrations.sol\n  > Compiling ./contracts/SelfDestructTest.sol\n  > Compiling @openzeppelin/contracts/access/Ownable.sol\n  > Compiling @openzeppelin/contracts/token/ERC20/ERC20.sol\n  > Compiling @openzeppelin/contracts/token/ERC20/IERC20.sol\n  > Compiling @openzeppelin/contracts/token/ERC20/extensions/IERC20Metadata.sol\n  > Compiling @openzeppelin/contracts/utils/Context.sol\n  > Compilation warnings encountered:\n  \n      Warning: SPDX license identifier not provided in source file. Before publishing, consider adding a comment containing \"SPDX-License-Identifier: <SPDX-License>\" to each source file. Use \"SPDX-License-Identifier: UNLICENSED\" for non-open-source code. Please see https://spdx.org for more information.\n  --> project:/contracts/SelfDestructTest.sol\n  \n  ,Warning: This contract has a payable fallback function, but no receive ether function. Consider adding a receive ether function.\n   --> project:/contracts/SelfDestructTest.sol:5:1:\n    |\n  5 | contract SelfDestructTest is Ownable{\n    | ^ (Relevant source part starts here and spans across multiple lines).\n  Note: The payable fallback function is defined here.\n    --> project:/contracts/SelfDestructTest.sol:20:5:\n     |\n  20 |     fallback() external payable {}\n     |     ^^^^^^^^^^^^^^^^^^^^^^^^^^^^^^\n  \n  ,Warning: Function state mutability can be restricted to pure\n    --> project:/contracts/SelfDestructTest.sol:12:5:\n     |\n  12 |     function staticData() public view returns(string memory) {\n     |     ^ (Relevant source part starts here and spans across multiple lines).\n  \n  \n  > Artifacts written to /home/runner/work/neon-compatibility/neon-compatibility/issues/364/build/contracts\n  > Compiled successfully using:\n     - solc: 0.8.4+commit.c7e474f2.Emscripten.clang\n  \n  \n  \n  Starting migrations...\n  ======================\n  > Network name:    'neonlabs'\n  > Network id:      111\n  > Block gas limit: 6721975 (0x6691b7)\n  \n  \n  3_selfDestructTest.js\n  =====================\n  \n     Deploying 'SelfDestructTest'\n     ----------------------------\n  \n  Error:  *** Deployment Failed ***\n  \n  \"SelfDestructTest\" -- Transaction simulation failed: Error processing Instruction 1: invalid account data for instruction\n  {\n    \"accounts\": null,\n    \"err\": {\n      \"InstructionError\": [\n        1,\n        \"InvalidAccountData\"\n      ]\n    },\n    \"logs\": [\n      \"Program 53DfF883gyixYNXnM7s5xhdeyV8mVk9T4i2hGV9vG9io invoke [1]\",\n      \"Program 11111111111111111111111111111111 invoke [2]\",\n      \"Program 11111111111111111111111111111111 success\",\n      \"Program ATokenGPvbdGVxr1b2hvZbsiqW5xWH25efTNsLJA8knL invoke [2]\",\n      \"Program log: Transfer 2039280 lamports to the associated token account\",\n      \"Program 11111111111111111111111111111111 invoke [3]\",\n      \"Program 11111111111111111111111111111111 success\",\n      \"Program log: Allocate space for the associated token account\",\n      \"Program 11111111111111111111111111111111 invoke [3]\",\n      \"Program 11111111111111111111111111111111 success\",\n      \"Program log: Assign the associated token account to the SPL Token program\",\n      \"Program 11111111111111111111111111111111 invoke [3]\",\n      \"Program 11111111111111111111111111111111 success\",\n      \"Program log: Initialize the associated token account\",\n      \"Program TokenkegQfeZyiNwAJbNbGKPFXCWuBvf9Ss623VQ5DA invoke [3]\",\n      \"Program log: Instruction: InitializeAccount\",\n      \"Program TokenkegQfeZyiNwAJbNbGKPFXCWuBvf9Ss623VQ5DA consumed 3920 of 458756 compute units\",\n      \"Program TokenkegQfeZyiNwAJbNbGKPFXCWuBvf9Ss623VQ5DA success\",\n      \"Program ATokenGPvbdGVxr1b2hvZbsiqW5xWH25efTNsLJA8knL consumed 32721 of 486876 compute units\",\n      \"Program ATokenGPvbdGVxr1b2hvZbsiqW5xWH25efTNsLJA8knL success\",\n      \"Program log: Total memory occupied: 1414\",\n      \"Program 53DfF883gyixYNXnM7s5xhdeyV8mVk9T4i2hGV9vG9io consumed 47195 of 500000 compute units\",\n      \"Program 53DfF883gyixYNXnM7s5xhdeyV8mVk9T4i2hGV9vG9io success\",\n      \"Program TokenkegQfeZyiNwAJbNbGKPFXCWuBvf9Ss623VQ5DA invoke [1]\",\n      \"Program log: Instruction: TransferChecked\",\n      \"Program log: Error: InvalidAccountData\",\n      \"Program TokenkegQfeZyiNwAJbNbGKPFXCWuBvf9Ss623VQ5DA consumed 1803 of 200000 compute units\",\n      \"Program TokenkegQfeZyiNwAJbNbGKPFXCWuBvf9Ss623VQ5DA failed: invalid account data for instruction\"\n    ]\n  }.\n  \n      at /home/runner/work/neon-compatibility/neon-compatibility/node_modules/truffle/build/webpack:/packages/deployer/src/deployment.js:365:1\n      at processTicksAndRejections (internal/process/task_queues.js:95:5)\n      at module.exports (/home/runner/work/neon-compatibility/neon-compatibility/issues/364/migrations/3_selfDestructTest.js:6:5)\n      at Migration._deploy (/home/runner/work/neon-compatibility/neon-compatibility/node_modules/truffle/build/webpack:/packages/migrate/Migration.js:75:1)\n      at Migration._load (/home/runner/work/neon-compatibility/neon-compatibility/node_modules/truffle/build/webpack:/packages/migrate/Migration.js:56:1)\n      at Migration.run (/home/runner/work/neon-compatibility/neon-compatibility/node_modules/truffle/build/webpack:/packages/migrate/Migration.js:217:1)\n      at Object.runMigrations (/home/runner/work/neon-compatibility/neon-compatibility/node_modules/truffle/build/webpack:/packages/migrate/index.js:150:1)\n      at Object.runFrom (/home/runner/work/neon-compatibility/neon-compatibility/node_modules/truffle/build/webpack:/packages/migrate/index.js:110:1)\n      at runMigrations (/home/runner/work/neon-compatibility/neon-compatibility/node_modules/truffle/build/webpack:/packages/core/lib/commands/migrate.js:253:1)\n      at Object.run (/home/runner/work/neon-compatibility/neon-compatibility/node_modules/truffle/build/webpack:/packages/core/lib/commands/migrate.js:223:1)\n      at Command.run (/home/runner/work/neon-compatibility/neon-compatibility/node_modules/truffle/build/webpack:/packages/core/lib/command.js:183:1)\n  Truffle v5.4.14 (core: 5.4.14)\n  Node v14.18.1\n  \nassert 1 == 0\n +  where 1 = CompletedProcess(args='cd issues/364; ../../node_modules/.bin/truffle --network neonlabs migrate -f 3 --to 3', returnc...uffle/build/webpack:/packages/core/lib/command.js:183:1)\\nTruffle v5.4.14 (core: 5.4.14)\\nNode v14.18.1\\n', stderr=b'').returncode",
        "time" : {
          "start" : 1638198690709,
          "stop" : 1638198711956,
          "duration" : 21247
        }
      }, {
        "uid" : "51cc984b1fe9e28",
        "reportUrl" : "https://neonlabsorg.github.io/neon-compatibility/127//#testresult/51cc984b1fe9e28",
        "status" : "failed",
        "statusDetails" : "AssertionError: \n  Compiling your contracts...\n  ===========================\n  - Fetching solc version list from solc-bin. Attempt #1\n  \n  /home/runner/work/neon-compatibility/neon-compatibility/node_modules/@trufflesuite/web3-provider-engine/subproviders/rpc.js:57\n            const err = new Error(msg)\n                        ^\n  Error: PollingBlockTracker - encountered an error while attempting to update latest block:\n  Error: Unknown Error: <html>\r\n  <head><title>502 Bad Gateway</title></head>\r\n  <body>\r\n  <center><h1>502 Bad Gateway</h1></center>\r\n  <hr><center>nginx/1.18.0 (Ubuntu)</center>\r\n  </body>\r\n  </html>\r\n  \n      at Request._callback (/home/runner/work/neon-compatibility/neon-compatibility/node_modules/@trufflesuite/web3-provider-engine/subproviders/rpc.js:57:23)\n      at Request.self.callback (/home/runner/work/neon-compatibility/neon-compatibility/node_modules/request/request.js:185:22)\n      at Request.emit (events.js:400:28)\n      at Request.<anonymous> (/home/runner/work/neon-compatibility/neon-compatibility/node_modules/request/request.js:1154:10)\n      at Request.emit (events.js:400:28)\n      at IncomingMessage.<anonymous> (/home/runner/work/neon-compatibility/neon-compatibility/node_modules/request/request.js:1076:12)\n      at Object.onceWrapper (events.js:519:28)\n      at IncomingMessage.emit (events.js:412:35)\n      at endReadableNT (internal/streams/readable.js:1334:12)\n      at processTicksAndRejections (internal/process/task_queues.js:82:21)\n      at PollingBlockTracker._performSync (/home/runner/work/neon-compatibility/neon-compatibility/node_modules/eth-block-tracker/src/polling.js:51:24)\n      at processTicksAndRejections (internal/process/task_queues.js:95:5)\n  \nassert 1 == 0\n +  where 1 = CompletedProcess(args='cd issues/364; ../../node_modules/.bin/truffle --network neonlabs migrate -f 3 --to 3', returnc...es/eth-block-tracker/src/polling.js:51:24)\\n    at processTicksAndRejections (internal/process/task_queues.js:95:5)\\n').returncode",
        "time" : {
          "start" : 1638155641200,
          "stop" : 1638155644620,
          "duration" : 3420
        }
      }, {
        "uid" : "8e6f2ebdcc4765f3",
        "reportUrl" : "https://neonlabsorg.github.io/neon-compatibility/126//#testresult/8e6f2ebdcc4765f3",
        "status" : "failed",
        "statusDetails" : "AssertionError: \n  Compiling your contracts...\n  ===========================\n  UnhandledRejections detected\n  Promise {\n    <rejected> {\n      code: -32603,\n      message: 'Unknown Error: <html>\\r\\n' +\n        '<head><title>502 Bad Gateway</title></head>\\r\\n' +\n        '<body>\\r\\n' +\n        '<center><h1>502 Bad Gateway</h1></center>\\r\\n' +\n        '<hr><center>nginx/1.18.0 (Ubuntu)</center>\\r\\n' +\n        '</body>\\r\\n' +\n        '</html>\\r\\n',\n      data: { originalError: {} },\n      stack: 'Error: Unknown Error: <html>\\r\\n' +\n        '<head><title>502 Bad Gateway</title></head>\\r\\n' +\n        '<body>\\r\\n' +\n        '<center><h1>502 Bad Gateway</h1></center>\\r\\n' +\n        '<hr><center>nginx/1.18.0 (Ubuntu)</center>\\r\\n' +\n        '</body>\\r\\n' +\n        '</html>\\r\\n' +\n        '\\n' +\n        '    at Request._callback (/home/runner/work/neon-compatibility/neon-compatibility/node_modules/@trufflesuite/web3-provider-engine/subproviders/rpc.js:57:23)\\n' +\n        '    at Request.self.callback (/home/runner/work/neon-compatibility/neon-compatibility/node_modules/request/request.js:185:22)\\n' +\n        '    at Request.emit (events.js:400:28)\\n' +\n        '    at Request.<anonymous> (/home/runner/work/neon-compatibility/neon-compatibility/node_modules/request/request.js:1154:10)\\n' +\n        '    at Request.emit (events.js:400:28)\\n' +\n        '    at IncomingMessage.<anonymous> (/home/runner/work/neon-compatibility/neon-compatibility/node_modules/request/request.js:1076:12)\\n' +\n        '    at Object.onceWrapper (events.js:519:28)\\n' +\n        '    at IncomingMessage.emit (events.js:412:35)\\n' +\n        '    at endReadableNT (internal/streams/readable.js:1334:12)\\n' +\n        '    at processTicksAndRejections (internal/process/task_queues.js:82:21)'\n    }\n  } {\n    code: -32603,\n    message: 'Unknown Error: <html>\\r\\n' +\n      '<head><title>502 Bad Gateway</title></head>\\r\\n' +\n      '<body>\\r\\n' +\n      '<center><h1>502 Bad Gateway</h1></center>\\r\\n' +\n      '<hr><center>nginx/1.18.0 (Ubuntu)</center>\\r\\n' +\n      '</body>\\r\\n' +\n      '</html>\\r\\n',\n    data: { originalError: {} },\n    stack: 'Error: Unknown Error: <html>\\r\\n' +\n      '<head><title>502 Bad Gateway</title></head>\\r\\n' +\n      '<body>\\r\\n' +\n      '<center><h1>502 Bad Gateway</h1></center>\\r\\n' +\n      '<hr><center>nginx/1.18.0 (Ubuntu)</center>\\r\\n' +\n      '</body>\\r\\n' +\n      '</html>\\r\\n' +\n      '\\n' +\n      '    at Request._callback (/home/runner/work/neon-compatibility/neon-compatibility/node_modules/@trufflesuite/web3-provider-engine/subproviders/rpc.js:57:23)\\n' +\n      '    at Request.self.callback (/home/runner/work/neon-compatibility/neon-compatibility/node_modules/request/request.js:185:22)\\n' +\n      '    at Request.emit (events.js:400:28)\\n' +\n      '    at Request.<anonymous> (/home/runner/work/neon-compatibility/neon-compatibility/node_modules/request/request.js:1154:10)\\n' +\n      '    at Request.emit (events.js:400:28)\\n' +\n      '    at IncomingMessage.<anonymous> (/home/runner/work/neon-compatibility/neon-compatibility/node_modules/request/request.js:1076:12)\\n' +\n      '    at Object.onceWrapper (events.js:519:28)\\n' +\n      '    at IncomingMessage.emit (events.js:412:35)\\n' +\n      '    at endReadableNT (internal/streams/readable.js:1334:12)\\n' +\n      '    at processTicksAndRejections (internal/process/task_queues.js:82:21)'\n  }\n  Promise {\n    <rejected> {\n      code: -32603,\n      message: 'Unknown Error: <html>\\r\\n' +\n        '<head><title>502 Bad Gateway</title></head>\\r\\n' +\n        '<body>\\r\\n' +\n        '<center><h1>502 Bad Gateway</h1></center>\\r\\n' +\n        '<hr><center>nginx/1.18.0 (Ubuntu)</center>\\r\\n' +\n        '</body>\\r\\n' +\n        '</html>\\r\\n',\n      data: { originalError: {} },\n      stack: 'Error: Unknown Error: <html>\\r\\n' +\n        '<head><title>502 Bad Gateway</title></head>\\r\\n' +\n        '<body>\\r\\n' +\n        '<center><h1>502 Bad Gateway</h1></center>\\r\\n' +\n        '<hr><center>nginx/1.18.0 (Ubuntu)</center>\\r\\n' +\n        '</body>\\r\\n' +\n        '</html>\\r\\n' +\n        '\\n' +\n        '    at Request._callback (/home/runner/work/neon-compatibility/neon-compatibility/node_modules/@trufflesuite/web3-provider-engine/subproviders/rpc.js:57:23)\\n' +\n        '    at Request.self.callback (/home/runner/work/neon-compatibility/neon-compatibility/node_modules/request/request.js:185:22)\\n' +\n        '    at Request.emit (events.js:400:28)\\n' +\n        '    at Request.<anonymous> (/home/runner/work/neon-compatibility/neon-compatibility/node_modules/request/request.js:1154:10)\\n' +\n        '    at Request.emit (events.js:400:28)\\n' +\n        '    at IncomingMessage.<anonymous> (/home/runner/work/neon-compatibility/neon-compatibility/node_modules/request/request.js:1076:12)\\n' +\n        '    at Object.onceWrapper (events.js:519:28)\\n' +\n        '    at IncomingMessage.emit (events.js:412:35)\\n' +\n        '    at endReadableNT (internal/streams/readable.js:1334:12)\\n' +\n        '    at processTicksAndRejections (internal/process/task_queues.js:82:21)'\n    }\n  } {\n    code: -32603,\n    message: 'Unknown Error: <html>\\r\\n' +\n      '<head><title>502 Bad Gateway</title></head>\\r\\n' +\n      '<body>\\r\\n' +\n      '<center><h1>502 Bad Gateway</h1></center>\\r\\n' +\n      '<hr><center>nginx/1.18.0 (Ubuntu)</center>\\r\\n' +\n      '</body>\\r\\n' +\n      '</html>\\r\\n',\n    data: { originalError: {} },\n    stack: 'Error: Unknown Error: <html>\\r\\n' +\n      '<head><title>502 Bad Gateway</title></head>\\r\\n' +\n      '<body>\\r\\n' +\n      '<center><h1>502 Bad Gateway</h1></center>\\r\\n' +\n      '<hr><center>nginx/1.18.0 (Ubuntu)</center>\\r\\n' +\n      '</body>\\r\\n' +\n      '</html>\\r\\n' +\n      '\\n' +\n      '    at Request._callback (/home/runner/work/neon-compatibility/neon-compatibility/node_modules/@trufflesuite/web3-provider-engine/subproviders/rpc.js:57:23)\\n' +\n      '    at Request.self.callback (/home/runner/work/neon-compatibility/neon-compatibility/node_modules/request/request.js:185:22)\\n' +\n      '    at Request.emit (events.js:400:28)\\n' +\n      '    at Request.<anonymous> (/home/runner/work/neon-compatibility/neon-compatibility/node_modules/request/request.js:1154:10)\\n' +\n      '    at Request.emit (events.js:400:28)\\n' +\n      '    at IncomingMessage.<anonymous> (/home/runner/work/neon-compatibility/neon-compatibility/node_modules/request/request.js:1076:12)\\n' +\n      '    at Object.onceWrapper (events.js:519:28)\\n' +\n      '    at IncomingMessage.emit (events.js:412:35)\\n' +\n      '    at endReadableNT (internal/streams/readable.js:1334:12)\\n' +\n      '    at processTicksAndRejections (internal/process/task_queues.js:82:21)'\n  }\n  Promise {\n    <rejected> {\n      code: -32603,\n      message: 'Unknown Error: <html>\\r\\n' +\n        '<head><title>502 Bad Gateway</title></head>\\r\\n' +\n        '<body>\\r\\n' +\n        '<center><h1>502 Bad Gateway</h1></center>\\r\\n' +\n        '<hr><center>nginx/1.18.0 (Ubuntu)</center>\\r\\n' +\n        '</body>\\r\\n' +\n        '</html>\\r\\n',\n      data: { originalError: {} },\n      stack: 'Error: Unknown Error: <html>\\r\\n' +\n        '<head><title>502 Bad Gateway</title></head>\\r\\n' +\n        '<body>\\r\\n' +\n        '<center><h1>502 Bad Gateway</h1></center>\\r\\n' +\n        '<hr><center>nginx/1.18.0 (Ubuntu)</center>\\r\\n' +\n        '</body>\\r\\n' +\n        '</html>\\r\\n' +\n        '\\n' +\n        '    at Request._callback (/home/runner/work/neon-compatibility/neon-compatibility/node_modules/@trufflesuite/web3-provider-engine/subproviders/rpc.js:57:23)\\n' +\n        '    at Request.self.callback (/home/runner/work/neon-compatibility/neon-compatibility/node_modules/request/request.js:185:22)\\n' +\n        '    at Request.emit (events.js:400:28)\\n' +\n        '    at Request.<anonymous> (/home/runner/work/neon-compatibility/neon-compatibility/node_modules/request/request.js:1154:10)\\n' +\n        '    at Request.emit (events.js:400:28)\\n' +\n        '    at IncomingMessage.<anonymous> (/home/runner/work/neon-compatibility/neon-compatibility/node_modules/request/request.js:1076:12)\\n' +\n        '    at Object.onceWrapper (events.js:519:28)\\n' +\n        '    at IncomingMessage.emit (events.js:412:35)\\n' +\n        '    at endReadableNT (internal/streams/readable.js:1334:12)\\n' +\n        '    at processTicksAndRejections (internal/process/task_queues.js:82:21)'\n    }\n  } {\n    code: -32603,\n    message: 'Unknown Error: <html>\\r\\n' +\n      '<head><title>502 Bad Gateway</title></head>\\r\\n' +\n      '<body>\\r\\n' +\n      '<center><h1>502 Bad Gateway</h1></center>\\r\\n' +\n      '<hr><center>nginx/1.18.0 (Ubuntu)</center>\\r\\n' +\n      '</body>\\r\\n' +\n      '</html>\\r\\n',\n    data: { originalError: {} },\n    stack: 'Error: Unknown Error: <html>\\r\\n' +\n      '<head><title>502 Bad Gateway</title></head>\\r\\n' +\n      '<body>\\r\\n' +\n      '<center><h1>502 Bad Gateway</h1></center>\\r\\n' +\n      '<hr><center>nginx/1.18.0 (Ubuntu)</center>\\r\\n' +\n      '</body>\\r\\n' +\n      '</html>\\r\\n' +\n      '\\n' +\n      '    at Request._callback (/home/runner/work/neon-compatibility/neon-compatibility/node_modules/@trufflesuite/web3-provider-engine/subproviders/rpc.js:57:23)\\n' +\n      '    at Request.self.callback (/home/runner/work/neon-compatibility/neon-compatibility/node_modules/request/request.js:185:22)\\n' +\n      '    at Request.emit (events.js:400:28)\\n' +\n      '    at Request.<anonymous> (/home/runner/work/neon-compatibility/neon-compatibility/node_modules/request/request.js:1154:10)\\n' +\n      '    at Request.emit (events.js:400:28)\\n' +\n      '    at IncomingMessage.<anonymous> (/home/runner/work/neon-compatibility/neon-compatibility/node_modules/request/request.js:1076:12)\\n' +\n      '    at Object.onceWrapper (events.js:519:28)\\n' +\n      '    at IncomingMessage.emit (events.js:412:35)\\n' +\n      '    at endReadableNT (internal/streams/readable.js:1334:12)\\n' +\n      '    at processTicksAndRejections (internal/process/task_queues.js:82:21)'\n  }\n  Promise {\n    <rejected> {\n      code: -32603,\n      message: 'Unknown Error: <html>\\r\\n' +\n        '<head><title>502 Bad Gateway</title></head>\\r\\n' +\n        '<body>\\r\\n' +\n        '<center><h1>502 Bad Gateway</h1></center>\\r\\n' +\n        '<hr><center>nginx/1.18.0 (Ubuntu)</center>\\r\\n' +\n        '</body>\\r\\n' +\n        '</html>\\r\\n',\n      data: { originalError: {} },\n      stack: 'Error: Unknown Error: <html>\\r\\n' +\n        '<head><title>502 Bad Gateway</title></head>\\r\\n' +\n        '<body>\\r\\n' +\n        '<center><h1>502 Bad Gateway</h1></center>\\r\\n' +\n        '<hr><center>nginx/1.18.0 (Ubuntu)</center>\\r\\n' +\n        '</body>\\r\\n' +\n        '</html>\\r\\n' +\n        '\\n' +\n        '    at Request._callback (/home/runner/work/neon-compatibility/neon-compatibility/node_modules/@trufflesuite/web3-provider-engine/subproviders/rpc.js:57:23)\\n' +\n        '    at Request.self.callback (/home/runner/work/neon-compatibility/neon-compatibility/node_modules/request/request.js:185:22)\\n' +\n        '    at Request.emit (events.js:400:28)\\n' +\n        '    at Request.<anonymous> (/home/runner/work/neon-compatibility/neon-compatibility/node_modules/request/request.js:1154:10)\\n' +\n        '    at Request.emit (events.js:400:28)\\n' +\n        '    at IncomingMessage.<anonymous> (/home/runner/work/neon-compatibility/neon-compatibility/node_modules/request/request.js:1076:12)\\n' +\n        '    at Object.onceWrapper (events.js:519:28)\\n' +\n        '    at IncomingMessage.emit (events.js:412:35)\\n' +\n        '    at endReadableNT (internal/streams/readable.js:1334:12)\\n' +\n        '    at processTicksAndRejections (internal/process/task_queues.js:82:21)'\n    }\n  } {\n    code: -32603,\n    message: 'Unknown Error: <html>\\r\\n' +\n      '<head><title>502 Bad Gateway</title></head>\\r\\n' +\n      '<body>\\r\\n' +\n      '<center><h1>502 Bad Gateway</h1></center>\\r\\n' +\n      '<hr><center>nginx/1.18.0 (Ubuntu)</center>\\r\\n' +\n      '</body>\\r\\n' +\n      '</html>\\r\\n',\n    data: { originalError: {} },\n    stack: 'Error: Unknown Error: <html>\\r\\n' +\n      '<head><title>502 Bad Gateway</title></head>\\r\\n' +\n      '<body>\\r\\n' +\n      '<center><h1>502 Bad Gateway</h1></center>\\r\\n' +\n      '<hr><center>nginx/1.18.0 (Ubuntu)</center>\\r\\n' +\n      '</body>\\r\\n' +\n      '</html>\\r\\n' +\n      '\\n' +\n      '    at Request._callback (/home/runner/work/neon-compatibility/neon-compatibility/node_modules/@trufflesuite/web3-provider-engine/subproviders/rpc.js:57:23)\\n' +\n      '    at Request.self.callback (/home/runner/work/neon-compatibility/neon-compatibility/node_modules/request/request.js:185:22)\\n' +\n      '    at Request.emit (events.js:400:28)\\n' +\n      '    at Request.<anonymous> (/home/runner/work/neon-compatibility/neon-compatibility/node_modules/request/request.js:1154:10)\\n' +\n      '    at Request.emit (events.js:400:28)\\n' +\n      '    at IncomingMessage.<anonymous> (/home/runner/work/neon-compatibility/neon-compatibility/node_modules/request/request.js:1076:12)\\n' +\n      '    at Object.onceWrapper (events.js:519:28)\\n' +\n      '    at IncomingMessage.emit (events.js:412:35)\\n' +\n      '    at endReadableNT (internal/streams/readable.js:1334:12)\\n' +\n      '    at processTicksAndRejections (internal/process/task_queues.js:82:21)'\n  }\n  - Fetching solc version list from solc-bin. Attempt #1\n  \n  /home/runner/work/neon-compatibility/neon-compatibility/node_modules/@trufflesuite/web3-provider-engine/subproviders/rpc.js:57\n            const err = new Error(msg)\n                        ^\n  Error: PollingBlockTracker - encountered an error while attempting to update latest block:\n  Error: Unknown Error: <html>\r\n  <head><title>502 Bad Gateway</title></head>\r\n  <body>\r\n  <center><h1>502 Bad Gateway</h1></center>\r\n  <hr><center>nginx/1.18.0 (Ubuntu)</center>\r\n  </body>\r\n  </html>\r\n  \n      at Request._callback (/home/runner/work/neon-compatibility/neon-compatibility/node_modules/@trufflesuite/web3-provider-engine/subproviders/rpc.js:57:23)\n      at Request.self.callback (/home/runner/work/neon-compatibility/neon-compatibility/node_modules/request/request.js:185:22)\n      at Request.emit (events.js:400:28)\n      at Request.<anonymous> (/home/runner/work/neon-compatibility/neon-compatibility/node_modules/request/request.js:1154:10)\n      at Request.emit (events.js:400:28)\n      at IncomingMessage.<anonymous> (/home/runner/work/neon-compatibility/neon-compatibility/node_modules/request/request.js:1076:12)\n      at Object.onceWrapper (events.js:519:28)\n      at IncomingMessage.emit (events.js:412:35)\n      at endReadableNT (internal/streams/readable.js:1334:12)\n      at processTicksAndRejections (internal/process/task_queues.js:82:21)\n      at PollingBlockTracker._performSync (/home/runner/work/neon-compatibility/neon-compatibility/node_modules/eth-block-tracker/src/polling.js:51:24)\n      at runMicrotasks (<anonymous>)\n      at processTicksAndRejections (internal/process/task_queues.js:95:5)\n  \nassert 1 == 0\n +  where 1 = CompletedProcess(args='cd issues/364; ../../node_modules/.bin/truffle --network neonlabs migrate -f 3 --to 3', returnc...51:24)\\n    at runMicrotasks (<anonymous>)\\n    at processTicksAndRejections (internal/process/task_queues.js:95:5)\\n').returncode",
        "time" : {
          "start" : 1638145926682,
          "stop" : 1638145930103,
          "duration" : 3421
        }
      } ]
    },
    "tags" : [ ]
  },
  "source" : "5096a3eae9f08f4.json",
  "parameterValues" : [ ]
}