{
  "uid" : "4b4757e66a1912dae1a509f688f20b0f",
  "children" : [ {
    "name" : "Test defects",
    "children" : [ {
      "name" : "Returned error: ('evm emulator error ', {'accounts': [{'account': 'ALqw3AJ6tkKiCmtAnaDSGRhbDckJB52y7rJPLSZZ5H1R', 'address': '0xf61e141eaff32c366e5fc02e3524a2c1d5427dda', 'code_size': None, 'code_size_current': None, 'contract': None, 'new': False, 'writable': False}, {'account': 'HtjgCE3i9XBqwfUbjXViYYA5nx13AHDC8pQ796eU85eF', 'address': '0x56752a91a78c5e34a083413c1e1014cc77133592', 'code_size': None, 'code_size_current': None, 'contract': None, 'new': True, 'writable': False}], 'exit_reason': {'Error': 'CreateContractLimit'}, 'exit_status': 'error', 'result': '', 'solana_accounts': [], 'steps_executed': 1616, 'token_accounts': [], 'used_gas': 49226818})",
      "children" : [ {
        "name" : "run",
        "uid" : "1e62bfffb3a40cd",
        "parentUid" : "aa6f4c4cc59fc5809ecda45c398b3abe",
        "status" : "broken",
        "time" : {
          "start" : 1644712387399,
          "stop" : 1644712390003,
          "duration" : 2604
        },
        "flaky" : false,
        "newFailed" : false,
        "newPassed" : false,
        "newBroken" : false,
        "retriesCount" : 0,
        "retriesStatusChange" : false,
        "parameters" : [ ]
      } ],
      "uid" : "aa6f4c4cc59fc5809ecda45c398b3abe"
    }, {
      "name" : "Request failed with status code 404",
      "children" : [ {
        "name" : "shouldCreateAcccountWithEthersJs",
        "uid" : "c68ed3847a405cba",
        "parentUid" : "e535f801f4238f93df2991342f7e48e9",
        "status" : "broken",
        "time" : {
          "start" : 1644712444394,
          "stop" : 1644712444932,
          "duration" : 538
        },
        "flaky" : false,
        "newFailed" : false,
        "newPassed" : false,
        "newBroken" : false,
        "retriesCount" : 0,
        "retriesStatusChange" : false,
        "parameters" : [ ]
      } ],
      "uid" : "e535f801f4238f93df2991342f7e48e9"
    }, {
      "name" : "ENS name not configured (operation=\"resolveName(\\\"ethers.eth\\\")\", code=UNSUPPORTED_OPERATION, version=providers/5.4.5)",
      "children" : [ {
        "name" : "testQueryingBlockchain",
        "uid" : "7004d086e80f567f",
        "parentUid" : "e7b99caf229df3f4350c94d3cb9e2152",
        "status" : "broken",
        "time" : {
          "start" : 1644712446527,
          "stop" : 1644712447804,
          "duration" : 1277
        },
        "flaky" : false,
        "newFailed" : false,
        "newPassed" : false,
        "newBroken" : false,
        "retriesCount" : 0,
        "retriesStatusChange" : false,
        "parameters" : [ ]
      } ],
      "uid" : "e7b99caf229df3f4350c94d3cb9e2152"
    }, {
      "name" : "processing response error (body=\"{\\\"jsonrpc\\\": \\\"2.0\\\", \\\"id\\\": 45, \\\"error\\\": {\\\"code\\\": -32000, \\\"message\\\": \\\"method eth_accounts is not supported\\\"}}\", error={\"code\":-32000}, requestBody=\"{\\\"method\\\":\\\"eth_accounts\\\",\\\"params\\\":[],\\\"id\\\":45,\\\"jsonrpc\\\":\\\"2.0\\\"}\", requestMethod=\"POST\", url=\"http://proxy.night.stand.neontest.xyz/solana\", code=SERVER_ERROR, version=web/5.4.0)",
      "children" : [ {
        "name" : "testWritingToTheBlockchain",
        "uid" : "eb70926d533c5987",
        "parentUid" : "d16f1466503f4b60ca19ee1f0ecd4151",
        "status" : "broken",
        "time" : {
          "start" : 1644712447804,
          "stop" : 1644712448705,
          "duration" : 901
        },
        "flaky" : false,
        "newFailed" : false,
        "newPassed" : false,
        "newBroken" : false,
        "retriesCount" : 0,
        "retriesStatusChange" : false,
        "parameters" : [ ]
      } ],
      "uid" : "d16f1466503f4b60ca19ee1f0ecd4151"
    }, {
      "name" : "resolver or addr is not configured for ENS name (argument=\"name\", value=\"dai.tokens.ethers.eth\", code=INVALID_ARGUMENT, version=contracts/5.4.1)",
      "children" : [ {
        "name" : "testReadOnlyMethods",
        "uid" : "65e3390597591c9b",
        "parentUid" : "f691d142a21ba4d36298b566fe753fd0",
        "status" : "broken",
        "time" : {
          "start" : 1644712448714,
          "stop" : 1644712449310,
          "duration" : 596
        },
        "flaky" : false,
        "newFailed" : false,
        "newPassed" : false,
        "newBroken" : false,
        "retriesCount" : 0,
        "retriesStatusChange" : false,
        "parameters" : [ ]
      } ],
      "uid" : "f691d142a21ba4d36298b566fe753fd0"
    }, {
      "name" : "processing response error (body=\"{\\\"jsonrpc\\\": \\\"2.0\\\", \\\"id\\\": 42, \\\"error\\\": {\\\"code\\\": -32000, \\\"message\\\": \\\"method eth_accounts is not supported\\\"}}\", error={\"code\":-32000}, requestBody=\"{\\\"method\\\":\\\"eth_accounts\\\",\\\"params\\\":[],\\\"id\\\":42,\\\"jsonrpc\\\":\\\"2.0\\\"}\", requestMethod=\"POST\", url=\"http://proxy.night.stand.neontest.xyz/solana\", code=SERVER_ERROR, version=web/5.4.0)",
      "children" : [ {
        "name" : "testQueryHistoricEvents",
        "uid" : "bc3fbe5b86fbc338",
        "parentUid" : "3968152f951f2b9fd20b360280d38897",
        "status" : "broken",
        "time" : {
          "start" : 1644712449317,
          "stop" : 1644712449606,
          "duration" : 289
        },
        "flaky" : false,
        "newFailed" : false,
        "newPassed" : false,
        "newBroken" : false,
        "retriesCount" : 0,
        "retriesStatusChange" : false,
        "parameters" : [ ]
      }, {
        "name" : "testSigningMessages",
        "uid" : "7956ce4926ddd86d",
        "parentUid" : "3968152f951f2b9fd20b360280d38897",
        "status" : "broken",
        "time" : {
          "start" : 1644712449606,
          "stop" : 1644712449893,
          "duration" : 287
        },
        "flaky" : false,
        "newFailed" : false,
        "newPassed" : false,
        "newBroken" : false,
        "retriesCount" : 0,
        "retriesStatusChange" : false,
        "parameters" : [ ]
      } ],
      "uid" : "3968152f951f2b9fd20b360280d38897"
    }, {
      "name" : "ethjs_provider_http_1.HttpProvider is not a constructor",
      "children" : [ {
        "name" : "test01",
        "uid" : "9aff9d6f8a8ada11",
        "parentUid" : "426a702f588cd18af2cb78ab4240139d",
        "status" : "broken",
        "time" : {
          "start" : 1644712450560,
          "stop" : 1644712450565,
          "duration" : 5
        },
        "flaky" : false,
        "newFailed" : false,
        "newPassed" : false,
        "newBroken" : false,
        "retriesCount" : 0,
        "retriesStatusChange" : false,
        "parameters" : [ ]
      } ],
      "uid" : "426a702f588cd18af2cb78ab4240139d"
    }, {
      "name" : "method eth_accounts is not supported",
      "children" : [ {
        "name" : "Should return the new greeting once it's changed",
        "uid" : "c342a8950cb1893f",
        "parentUid" : "636761ada1984e92a869ad9291b93257",
        "status" : "broken",
        "time" : {
          "start" : 1644712455213,
          "stop" : 1644712455865,
          "duration" : 652
        },
        "flaky" : false,
        "newFailed" : false,
        "newPassed" : false,
        "newBroken" : false,
        "retriesCount" : 0,
        "retriesStatusChange" : false,
        "parameters" : [ ]
      } ],
      "uid" : "636761ada1984e92a869ad9291b93257"
    }, {
      "name" : "Returned error: execution reverted: Timelock::executeTransaction: Transaction hasn't surpassed time lock.",
      "children" : [ {
        "name" : "run",
        "uid" : "b3266b8870f23ec1",
        "parentUid" : "743cfdbd6674fe3842f98e89f9dffb1e",
        "status" : "broken",
        "time" : {
          "start" : 1644712601737,
          "stop" : 1644712624865,
          "duration" : 23128
        },
        "flaky" : false,
        "newFailed" : false,
        "newPassed" : false,
        "newBroken" : false,
        "retriesCount" : 0,
        "retriesStatusChange" : false,
        "parameters" : [ ]
      }, {
        "name" : "run",
        "uid" : "3804fd699968aceb",
        "parentUid" : "743cfdbd6674fe3842f98e89f9dffb1e",
        "status" : "broken",
        "time" : {
          "start" : 1644712704945,
          "stop" : 1644712725845,
          "duration" : 20900
        },
        "flaky" : false,
        "newFailed" : false,
        "newPassed" : false,
        "newBroken" : false,
        "retriesCount" : 0,
        "retriesStatusChange" : false,
        "parameters" : [ ]
      }, {
        "name" : "run",
        "uid" : "3c57d2728f7d0328",
        "parentUid" : "743cfdbd6674fe3842f98e89f9dffb1e",
        "status" : "broken",
        "time" : {
          "start" : 1644712767436,
          "stop" : 1644712790150,
          "duration" : 22714
        },
        "flaky" : false,
        "newFailed" : false,
        "newPassed" : false,
        "newBroken" : false,
        "retriesCount" : 0,
        "retriesStatusChange" : false,
        "parameters" : [ ]
      }, {
        "name" : "run",
        "uid" : "92dc8e655a9e2f2c",
        "parentUid" : "743cfdbd6674fe3842f98e89f9dffb1e",
        "status" : "broken",
        "time" : {
          "start" : 1644712790153,
          "stop" : 1644712811851,
          "duration" : 21698
        },
        "flaky" : false,
        "newFailed" : false,
        "newPassed" : false,
        "newBroken" : false,
        "retriesCount" : 0,
        "retriesStatusChange" : false,
        "parameters" : [ ]
      } ],
      "uid" : "743cfdbd6674fe3842f98e89f9dffb1e"
    }, {
      "name" : "Cannot use 'in' operator to search for 'events' in undefined",
      "children" : [ {
        "name" : "\"after each\" hook for \"run\"",
        "uid" : "8fba43f9b96f6605",
        "parentUid" : "31b5950d3343d2f3f14535f6106b66b4",
        "status" : "broken",
        "time" : {
          "start" : 1644712625036,
          "stop" : 1644712625036,
          "duration" : 0
        },
        "flaky" : false,
        "newFailed" : false,
        "newPassed" : false,
        "newBroken" : false,
        "retriesCount" : 0,
        "retriesStatusChange" : false,
        "parameters" : [ ]
      }, {
        "name" : "\"after each\" hook for \"run\"",
        "uid" : "5cdbfebf9eda36b9",
        "parentUid" : "31b5950d3343d2f3f14535f6106b66b4",
        "status" : "broken",
        "time" : {
          "start" : 1644712714572,
          "stop" : 1644712714572,
          "duration" : 0
        },
        "flaky" : false,
        "newFailed" : false,
        "newPassed" : false,
        "newBroken" : false,
        "retriesCount" : 0,
        "retriesStatusChange" : false,
        "parameters" : [ ]
      }, {
        "name" : "\"after each\" hook for \"run\"",
        "uid" : "a8a2bbe9d33be0ee",
        "parentUid" : "31b5950d3343d2f3f14535f6106b66b4",
        "status" : "broken",
        "time" : {
          "start" : 1644712790152,
          "stop" : 1644712790152,
          "duration" : 0
        },
        "flaky" : false,
        "newFailed" : false,
        "newPassed" : false,
        "newBroken" : false,
        "retriesCount" : 0,
        "retriesStatusChange" : false,
        "parameters" : [ ]
      }, {
        "name" : "\"after each\" hook for \"run\"",
        "uid" : "925a42279e667d0a",
        "parentUid" : "31b5950d3343d2f3f14535f6106b66b4",
        "status" : "broken",
        "time" : {
          "start" : 1644712811852,
          "stop" : 1644712811852,
          "duration" : 0
        },
        "flaky" : false,
        "newFailed" : false,
        "newPassed" : false,
        "newBroken" : false,
        "retriesCount" : 0,
        "retriesStatusChange" : false,
        "parameters" : [ ]
      }, {
        "name" : "\"after each\" hook for \"run\"",
        "uid" : "b184ff3911e34f49",
        "parentUid" : "31b5950d3343d2f3f14535f6106b66b4",
        "status" : "broken",
        "time" : {
          "start" : 1644713611784,
          "stop" : 1644713611784,
          "duration" : 0
        },
        "flaky" : false,
        "newFailed" : false,
        "newPassed" : false,
        "newBroken" : false,
        "retriesCount" : 0,
        "retriesStatusChange" : false,
        "parameters" : [ ]
      } ],
      "uid" : "31b5950d3343d2f3f14535f6106b66b4"
    }, {
      "name" : "brownie.exceptions.RPCRequestError: method debug_traceTransaction is not supported",
      "children" : [ {
        "name" : "test_returns_true",
        "uid" : "8f76572267e75e69",
        "parentUid" : "f2194a5af9dcca5dde8f0fbd1ed56700",
        "status" : "broken",
        "time" : {
          "start" : 1644712633862,
          "stop" : 1644712635759,
          "duration" : 1897
        },
        "flaky" : false,
        "newFailed" : false,
        "newPassed" : false,
        "newBroken" : false,
        "retriesCount" : 0,
        "retriesStatusChange" : false,
        "parameters" : [ ]
      }, {
        "name" : "test_returns_true",
        "uid" : "503df2124f1ba84a",
        "parentUid" : "f2194a5af9dcca5dde8f0fbd1ed56700",
        "status" : "broken",
        "time" : {
          "start" : 1644712646692,
          "stop" : 1644712648197,
          "duration" : 1505
        },
        "flaky" : false,
        "newFailed" : false,
        "newPassed" : false,
        "newBroken" : false,
        "retriesCount" : 0,
        "retriesStatusChange" : false,
        "parameters" : [ ]
      }, {
        "name" : "test_returns_true",
        "uid" : "58e2ca0c8dcc38c3",
        "parentUid" : "f2194a5af9dcca5dde8f0fbd1ed56700",
        "status" : "broken",
        "time" : {
          "start" : 1644712681685,
          "stop" : 1644712685456,
          "duration" : 3771
        },
        "flaky" : false,
        "newFailed" : false,
        "newPassed" : false,
        "newBroken" : false,
        "retriesCount" : 0,
        "retriesStatusChange" : false,
        "parameters" : [ ]
      } ],
      "uid" : "f2194a5af9dcca5dde8f0fbd1ed56700"
    }, {
      "name" : "ValueError: Gas estimation failed: 'execution reverted: Insufficient balance'. This transaction will likely revert. If you wish to broadcast, you must set the gas limit manually.",
      "children" : [ {
        "name" : "test_insufficient_balance",
        "uid" : "6e1380629f278c60",
        "parentUid" : "5f4213889cfcdff121652c3e5acdd001",
        "status" : "broken",
        "time" : {
          "start" : 1644712654413,
          "stop" : 1644712654786,
          "duration" : 373
        },
        "flaky" : false,
        "newFailed" : false,
        "newPassed" : false,
        "newBroken" : false,
        "retriesCount" : 0,
        "retriesStatusChange" : false,
        "parameters" : [ ]
      }, {
        "name" : "test_insufficient_balance",
        "uid" : "7a964a7ec182efcd",
        "parentUid" : "5f4213889cfcdff121652c3e5acdd001",
        "status" : "broken",
        "time" : {
          "start" : 1644712695628,
          "stop" : 1644712697708,
          "duration" : 2080
        },
        "flaky" : false,
        "newFailed" : false,
        "newPassed" : false,
        "newBroken" : false,
        "retriesCount" : 0,
        "retriesStatusChange" : false,
        "parameters" : [ ]
      } ],
      "uid" : "5f4213889cfcdff121652c3e5acdd001"
    }, {
      "name" : "Returned error: execution reverted: TimelockController: operation is not ready",
      "children" : [ {
        "name" : "run",
        "uid" : "7b9a030afae51f2a",
        "parentUid" : "c0bb43b58141a54647bbc053a91b7846",
        "status" : "broken",
        "time" : {
          "start" : 1644712692948,
          "stop" : 1644712714416,
          "duration" : 21468
        },
        "flaky" : false,
        "newFailed" : false,
        "newPassed" : false,
        "newBroken" : false,
        "retriesCount" : 0,
        "retriesStatusChange" : false,
        "parameters" : [ ]
      }, {
        "name" : "\"after each\" hook for \"run\"",
        "uid" : "976b79dacf86e3c5",
        "parentUid" : "c0bb43b58141a54647bbc053a91b7846",
        "status" : "broken",
        "time" : {
          "start" : 1644712736395,
          "stop" : 1644712736396,
          "duration" : 1
        },
        "flaky" : false,
        "newFailed" : false,
        "newPassed" : false,
        "newBroken" : false,
        "retriesCount" : 0,
        "retriesStatusChange" : false,
        "parameters" : [ ]
      }, {
        "name" : "run",
        "uid" : "e7f75f5a5dc9e278",
        "parentUid" : "c0bb43b58141a54647bbc053a91b7846",
        "status" : "broken",
        "time" : {
          "start" : 1644712783088,
          "stop" : 1644712805453,
          "duration" : 22365
        },
        "flaky" : false,
        "newFailed" : false,
        "newPassed" : false,
        "newBroken" : false,
        "retriesCount" : 0,
        "retriesStatusChange" : false,
        "parameters" : [ ]
      }, {
        "name" : "run",
        "uid" : "e481ff6155a9049c",
        "parentUid" : "c0bb43b58141a54647bbc053a91b7846",
        "status" : "broken",
        "time" : {
          "start" : 1644713593634,
          "stop" : 1644713611781,
          "duration" : 18147
        },
        "flaky" : false,
        "newFailed" : false,
        "newPassed" : false,
        "newBroken" : false,
        "retriesCount" : 0,
        "retriesStatusChange" : false,
        "parameters" : [ ]
      } ],
      "uid" : "c0bb43b58141a54647bbc053a91b7846"
    }, {
      "name" : "OverflowError: approve '-1' - -1 is outside allowable range for uint256",
      "children" : [ {
        "name" : "test_insufficient_approval",
        "uid" : "3168c448ba39843f",
        "parentUid" : "3076f8d9ffd7bab937e7bd2d28ebd8a0",
        "status" : "broken",
        "time" : {
          "start" : 1644712697807,
          "stop" : 1644712697938,
          "duration" : 131
        },
        "flaky" : false,
        "newFailed" : false,
        "newPassed" : false,
        "newBroken" : false,
        "retriesCount" : 0,
        "retriesStatusChange" : false,
        "parameters" : [ ]
      } ],
      "uid" : "3076f8d9ffd7bab937e7bd2d28ebd8a0"
    }, {
      "name" : "Returned error: execution reverted: TokenTimelock: current time is before release time",
      "children" : [ {
        "name" : "can be released just after limit",
        "uid" : "2e3b4273ac453e24",
        "parentUid" : "63e0bd466820f10fb76207d229017868",
        "status" : "broken",
        "time" : {
          "start" : 1644712770840,
          "stop" : 1644712776143,
          "duration" : 5303
        },
        "flaky" : false,
        "newFailed" : false,
        "newPassed" : false,
        "newBroken" : false,
        "retriesCount" : 0,
        "retriesStatusChange" : false,
        "parameters" : [ ]
      }, {
        "name" : "can be released after time limit",
        "uid" : "c257164b0818de7",
        "parentUid" : "63e0bd466820f10fb76207d229017868",
        "status" : "broken",
        "time" : {
          "start" : 1644712776146,
          "stop" : 1644712780525,
          "duration" : 4379
        },
        "flaky" : false,
        "newFailed" : false,
        "newPassed" : false,
        "newBroken" : false,
        "retriesCount" : 0,
        "retriesStatusChange" : false,
        "parameters" : [ ]
      }, {
        "name" : "cannot be released twice",
        "uid" : "78006e95f7788c07",
        "parentUid" : "63e0bd466820f10fb76207d229017868",
        "status" : "broken",
        "time" : {
          "start" : 1644712780525,
          "stop" : 1644712785934,
          "duration" : 5409
        },
        "flaky" : false,
        "newFailed" : false,
        "newPassed" : false,
        "newBroken" : false,
        "retriesCount" : 0,
        "retriesStatusChange" : false,
        "parameters" : [ ]
      } ],
      "uid" : "63e0bd466820f10fb76207d229017868"
    }, {
      "name" : "Returned error: Did not find sedes handling type int",
      "children" : [ {
        "name" : "does not emit AuthorizedOperator events for default operators",
        "uid" : "41425bcb1d2e5114",
        "parentUid" : "0c86716ba066e51a18412ba20b94bd5a",
        "status" : "broken",
        "time" : {
          "start" : 1644712902684,
          "stop" : 1644712903137,
          "duration" : 453
        },
        "flaky" : false,
        "newFailed" : false,
        "newPassed" : false,
        "newBroken" : false,
        "retriesCount" : 0,
        "retriesStatusChange" : false,
        "parameters" : [ ]
      }, {
        "name" : "\"before all\" hook for \"returns the name\"",
        "uid" : "b9913c61bcfce34c",
        "parentUid" : "0c86716ba066e51a18412ba20b94bd5a",
        "status" : "broken",
        "time" : {
          "start" : 1644712906493,
          "stop" : 1644712906493,
          "duration" : 0
        },
        "flaky" : false,
        "newFailed" : false,
        "newPassed" : false,
        "newBroken" : false,
        "retriesCount" : 0,
        "retriesStatusChange" : false,
        "parameters" : [ ]
      }, {
        "name" : "returns false when interface implementation is queried",
        "uid" : "e702e382fc8fd366",
        "parentUid" : "0c86716ba066e51a18412ba20b94bd5a",
        "status" : "broken",
        "time" : {
          "start" : 1644713022610,
          "stop" : 1644713024698,
          "duration" : 2088
        },
        "flaky" : false,
        "newFailed" : false,
        "newPassed" : false,
        "newBroken" : false,
        "retriesCount" : 0,
        "retriesStatusChange" : false,
        "parameters" : [ ]
      } ],
      "uid" : "0c86716ba066e51a18412ba20b94bd5a"
    }, {
      "name" : "Returned error: Expecting value: line 1 column 1 (char 0)",
      "children" : [ {
        "name" : "does not allow beneficiary withdrawal",
        "uid" : "3e7dfed92008a084",
        "parentUid" : "c97e93c1c25090127d3e581a9f959ba9",
        "status" : "broken",
        "time" : {
          "start" : 1644713027387,
          "stop" : 1644713029624,
          "duration" : 2237
        },
        "flaky" : false,
        "newFailed" : false,
        "newPassed" : false,
        "newBroken" : false,
        "retriesCount" : 0,
        "retriesStatusChange" : false,
        "parameters" : [ ]
      } ],
      "uid" : "c97e93c1c25090127d3e581a9f959ba9"
    } ],
    "uid" : "bdbf199525818fae7a8651db9eafe741"
  }, {
    "name" : "Product defects",
    "children" : [ {
      "name" : "expected event argument 'startBlock' to have value 431558 but got 431557: expected '431557' to equal '431558'",
      "children" : [ {
        "name" : "\"after each\" hook for \"run\"",
        "uid" : "4bfdf71ccf401ec3",
        "parentUid" : "91c36bbb21785cfca3d3341d46f774e5",
        "status" : "failed",
        "time" : {
          "start" : 1644712638718,
          "stop" : 1644712638718,
          "duration" : 0
        },
        "flaky" : false,
        "newFailed" : false,
        "newPassed" : false,
        "newBroken" : false,
        "retriesCount" : 0,
        "retriesStatusChange" : false,
        "parameters" : [ ]
      } ],
      "uid" : "91c36bbb21785cfca3d3341d46f774e5"
    }, {
      "name" : "Wrong kind of exception received: expected 'Returned error: execution reverted: Timelock::executeTransaction: Transaction hasn\\'t surpassed time lock.' to equal 'Governor: proposal not successful'",
      "children" : [ {
        "name" : "run",
        "uid" : "409571faf3155e69",
        "parentUid" : "2d6b19f98c6fcb815a96cf5f69f4f4b4",
        "status" : "failed",
        "time" : {
          "start" : 1644712665199,
          "stop" : 1644712685737,
          "duration" : 20538
        },
        "flaky" : false,
        "newFailed" : false,
        "newPassed" : false,
        "newBroken" : false,
        "retriesCount" : 0,
        "retriesStatusChange" : false,
        "parameters" : [ ]
      } ],
      "uid" : "2d6b19f98c6fcb815a96cf5f69f4f4b4"
    }, {
      "name" : "AssertionError: Transaction did not revert",
      "children" : [ {
        "name" : "test_no_approval",
        "uid" : "ad4205bc5316dc52",
        "parentUid" : "90f888e015672ae267836a9e2c59904f",
        "status" : "failed",
        "time" : {
          "start" : 1644712698079,
          "stop" : 1644712699555,
          "duration" : 1476
        },
        "flaky" : false,
        "newFailed" : false,
        "newPassed" : false,
        "newBroken" : false,
        "retriesCount" : 0,
        "retriesStatusChange" : false,
        "parameters" : [ ]
      }, {
        "name" : "test_revoked_approval",
        "uid" : "94371d062361544a",
        "parentUid" : "90f888e015672ae267836a9e2c59904f",
        "status" : "failed",
        "time" : {
          "start" : 1644712699573,
          "stop" : 1644712704768,
          "duration" : 5195
        },
        "flaky" : false,
        "newFailed" : false,
        "newPassed" : false,
        "newBroken" : false,
        "retriesCount" : 0,
        "retriesStatusChange" : false,
        "parameters" : [ ]
      }, {
        "name" : "test_transfer_to_self_no_approval",
        "uid" : "3561dc8495aab924",
        "parentUid" : "90f888e015672ae267836a9e2c59904f",
        "status" : "failed",
        "time" : {
          "start" : 1644712709026,
          "stop" : 1644712710913,
          "duration" : 1887
        },
        "flaky" : false,
        "newFailed" : false,
        "newPassed" : false,
        "newBroken" : false,
        "retriesCount" : 0,
        "retriesStatusChange" : false,
        "parameters" : [ ]
      } ],
      "uid" : "90f888e015672ae267836a9e2c59904f"
    }, {
      "name" : "AssertionError: assert 'Error: Coul... any sources' not in '/home/runne...ttempt #1.\\n'\n  'Error: Could not f...ns from any sources' is contained here:\n           ^\n    \n    Error: Could not find artifacts for Migrations from any sources\n        at Resolver.require (/home/runner/work/neon-compatibility/neon-compatibility/node_modules/truffle/build/webpack:/packages/resolver/dist/lib/resolver.js:61:1)\n        at Object.require (/home/runner/work/neon-compatibility/neon-compatibility/node_modules/truffle/build/webpack:/packages/migrate/index.js:172:1)\n        at ResolverIntercept.require (/home/runner/work/neon-compatibility/neon-compatibility/node_modules/truffle/build/webpack:/packages/migrate/ResolverIntercept.js:22:1)\n        at /home/runner/work/neon-compatibility/neon-compatibility/OpenZeppelin/migrations/1_initial_migration.js:1:30\n        at Script.runInContext (node:vm:139:12)\n        at Script.runInNewContext (node:vm:144:17)\n        at Object.file (/home/runner/work/neon-compatibility/neon-compatibility/node_modules/truffle/build/webpack:/packages/require/require.js:94:1)\n        at Migration._load (/home/runner/work/neon-compatibility/neon-compatibility/node_modules/truffle/build/webpack:/packages/migrate/Migration.js:44:1)\n        at Migration.run (/home/runner/work/neon-compatibility/neon-compatibility/node_modules/truffle/build/webpack:/packages/migrate/Migration.js:217:1)\n        at Object.runMigrations (/home/runner/work/neon-compatibility/neon-compatibility/node_modules/truffle/build/webpack:/packages/migrate/index.js:150:1)\n        at Object.runFrom (/home/runner/work/neon-compatibility/neon-compatibility/node_modules/truffle/build/webpack:/packages/migrate/index.js:110:1)\n        at Object.runAll (/home/runner/work/neon-compatibility/neon-compatibility/node_modules/truffle/build/webpack:/packages/migrate/index.js:114:1)\n        at Object.run (/home/runner/work/neon-compatibility/neon-compatibility/node_modules/truffle/build/webpack:/packages/migrate/index.js:79:1)\n        at Object.run (/home/runner/work/neon-compatibility/neon-compatibility/node_modules/truffle/build/webpack:/packages/core/lib/testing/Test.js:109:1)\n        at Object.run (/home/runner/work/neon-compatibility/neon-compatibility/node_modules/truffle/build/webpack:/packages/core/lib/commands/test/index.js:177:1)\n        at Command.run (/home/runner/work/neon-compatibility/neon-compatibility/node_modules/truffle/build/webpack:/packages/core/lib/command.js:183:1)\n    Truffle v5.4.14 (core: 5.4.14)\n    Node v16.13.2\n    /home/runner/work/neon-compatibility/neon-compatibility\n    - Fetching solc version list from solc-bin. Attempt #1\n    âœ” Downloading compiler. Attempt #1.",
      "children" : [ {
        "name" : "test_contracts[input_data0]",
        "uid" : "2f8a1b5b3e210717",
        "parentUid" : "25e486078bd77bd493aeea358afb592d",
        "status" : "failed",
        "time" : {
          "start" : 1644712714282,
          "stop" : 1644712735536,
          "duration" : 21254
        },
        "flaky" : false,
        "newFailed" : false,
        "newPassed" : false,
        "newBroken" : false,
        "retriesCount" : 0,
        "retriesStatusChange" : false,
        "parameters" : [ "InputData(test_file='access/Ownable.test.js', test_files=['access/Ownable.test.js'], contracts=['access/Ownable.sol', 'mocks/OwnableMock.sol', 'mocks/AccessControlMock.sol', 'mocks/AccessControlEnumerableMock.sol', 'access/AccessControlEnumerable.sol', 'access/IAccessControlEnumerable.sol', 'utils/structs/EnumerableSet.sol', 'access/AccessControl.sol', 'utils/Context.sol', 'access/IAccessControl.sol', 'utils/Strings.sol', 'utils/introspection/ERC165.sol', 'utils/introspection/IERC165.sol'], migration_script='2_deploy_contracts.js')" ]
      } ],
      "uid" : "25e486078bd77bd493aeea358afb592d"
    }, {
      "name" : "expected '5' to equal '7'",
      "children" : [ {
        "name" : "\"after each\" hook for \"run\"",
        "uid" : "43febec12c49da61",
        "parentUid" : "aa32f71012dece69073e5aa2ea7f8c6b",
        "status" : "failed",
        "time" : {
          "start" : 1644712726294,
          "stop" : 1644712726295,
          "duration" : 1
        },
        "flaky" : false,
        "newFailed" : false,
        "newPassed" : false,
        "newBroken" : false,
        "retriesCount" : 0,
        "retriesStatusChange" : false,
        "parameters" : [ ]
      } ],
      "uid" : "aa32f71012dece69073e5aa2ea7f8c6b"
    }, {
      "name" : "AssertionError: assert 'Error: Coul... any sources' not in '/home/runne...patibility\\n'\n  'Error: Could not f...ns from any sources' is contained here:\n           ^\n    \n    Error: Could not find artifacts for Migrations from any sources\n        at Resolver.require (/home/runner/work/neon-compatibility/neon-compatibility/node_modules/truffle/build/webpack:/packages/resolver/dist/lib/resolver.js:61:1)\n        at Object.require (/home/runner/work/neon-compatibility/neon-compatibility/node_modules/truffle/build/webpack:/packages/migrate/index.js:172:1)\n        at ResolverIntercept.require (/home/runner/work/neon-compatibility/neon-compatibility/node_modules/truffle/build/webpack:/packages/migrate/ResolverIntercept.js:22:1)\n        at /home/runner/work/neon-compatibility/neon-compatibility/OpenZeppelin/migrations/1_initial_migration.js:1:30\n        at Script.runInContext (node:vm:139:12)\n        at Script.runInNewContext (node:vm:144:17)\n        at Object.file (/home/runner/work/neon-compatibility/neon-compatibility/node_modules/truffle/build/webpack:/packages/require/require.js:94:1)\n        at Migration._load (/home/runner/work/neon-compatibility/neon-compatibility/node_modules/truffle/build/webpack:/packages/migrate/Migration.js:44:1)\n        at Migration.run (/home/runner/work/neon-compatibility/neon-compatibility/node_modules/truffle/build/webpack:/packages/migrate/Migration.js:217:1)\n        at Object.runMigrations (/home/runner/work/neon-compatibility/neon-compatibility/node_modules/truffle/build/webpack:/packages/migrate/index.js:150:1)\n        at Object.runFrom (/home/runner/work/neon-compatibility/neon-compatibility/node_modules/truffle/build/webpack:/packages/migrate/index.js:110:1)\n        at Object.runAll (/home/runner/work/neon-compatibility/neon-compatibility/node_modules/truffle/build/webpack:/packages/migrate/index.js:114:1)\n        at Object.run (/home/runner/work/neon-compatibility/neon-compatibility/node_modules/truffle/build/webpack:/packages/migrate/index.js:79:1)\n        at Object.run (/home/runner/work/neon-compatibility/neon-compatibility/node_modules/truffle/build/webpack:/packages/core/lib/testing/Test.js:109:1)\n        at Object.run (/home/runner/work/neon-compatibility/neon-compatibility/node_modules/truffle/build/webpack:/packages/core/lib/commands/test/index.js:177:1)\n        at Command.run (/home/runner/work/neon-compatibility/neon-compatibility/node_modules/truffle/build/webpack:/packages/core/lib/command.js:183:1)\n    Truffle v5.4.14 (core: 5.4.14)\n    Node v16.13.2\n    /home/runner/work/neon-compatibility/neon-compatibility",
      "children" : [ {
        "name" : "test_contracts[input_data1]",
        "uid" : "e046b482e274bc4d",
        "parentUid" : "9974f50dac59d4d7606097a39db47316",
        "status" : "failed",
        "time" : {
          "start" : 1644712735560,
          "stop" : 1644712756360,
          "duration" : 20800
        },
        "flaky" : false,
        "newFailed" : false,
        "newPassed" : false,
        "newBroken" : false,
        "retriesCount" : 0,
        "retriesStatusChange" : false,
        "parameters" : [ "InputData(test_file='access/AccessControl.test.js', test_files=['access/AccessControl.test.js', 'access/AccessControl.behavior.js'], contracts=['mocks/AccessControlMock.sol', 'mocks/AccessControlEnumerableMock.sol', 'access/AccessControlEnumerable.sol', 'access/IAccessControlEnumerable.sol', 'utils/structs/EnumerableSet.sol', 'access/AccessControl.sol', 'utils/Strings.sol', 'utils/introspection/ERC165.sol', 'interfaces/IERC165.sol', 'utils/introspection/IERC165.sol'], migration_script='2_deploy_contracts.js')" ]
      }, {
        "name" : "test_contracts[input_data2]",
        "uid" : "ae40b087c1976431",
        "parentUid" : "9974f50dac59d4d7606097a39db47316",
        "status" : "failed",
        "time" : {
          "start" : 1644712756385,
          "stop" : 1644712776745,
          "duration" : 20360
        },
        "flaky" : false,
        "newFailed" : false,
        "newPassed" : false,
        "newBroken" : false,
        "retriesCount" : 0,
        "retriesStatusChange" : false,
        "parameters" : [ "InputData(test_file='access/AccessControlEnumerable.test.js', test_files=['access/AccessControlEnumerable.test.js', 'access/AccessControl.behavior.js'], contracts=['utils/Strings.sol', 'utils/introspection/ERC165.sol', 'mocks/AccessControlEnumerableMock.sol'], migration_script='2_deploy_contracts.js')" ]
      }, {
        "name" : "test_contracts[input_data3]",
        "uid" : "db2fbd34a8c790ae",
        "parentUid" : "9974f50dac59d4d7606097a39db47316",
        "status" : "failed",
        "time" : {
          "start" : 1644712776770,
          "stop" : 1644712797376,
          "duration" : 20606
        },
        "flaky" : false,
        "newFailed" : false,
        "newPassed" : false,
        "newBroken" : false,
        "retriesCount" : 0,
        "retriesStatusChange" : false,
        "parameters" : [ "InputData(test_file='finance/PaymentSplitter.test.js', test_files=['finance/PaymentSplitter.test.js'], contracts=['finance/PaymentSplitter.sol', 'utils/Address.sol', 'utils/Context.sol', 'access/IAccessControl.sol', 'utils/Strings.sol', 'utils/introspection/ERC165.sol', 'interfaces/IERC165.sol', 'utils/introspection/IERC165.sol'], migration_script='3_deploy_contracts.js')" ]
      } ],
      "uid" : "9974f50dac59d4d7606097a39db47316"
    }, {
      "name" : "AssertionError: assert 'Error:  ***...t Failed ***' not in '/home/runne...patibility\\n'\n  'Error:  *** Deployment Failed ***' is contained here:\n    --------\n    \n    Error:  *** Deployment Failed ***\n    \n    \"Migrations\" could not deploy due to insufficient funds\n       * Account:  0x60A3a4937965d79BDfF1946F40C37800f2fD7873\n       * Balance:  0 wei\n       * Message:  Transaction simulation failed: Error processing Instruction 0: insufficient funds for instruction\n    {\n      \"accounts\": null,\n      \"err\": {\n        \"InstructionError\": [\n          0,\n          \"InsufficientFunds\"\n        ]\n      },\n      \"logs\": [\n        \"Program 53DfF883gyixYNXnM7s5xhdeyV8mVk9T4i2hGV9vG9io invoke [1]\",\n        \"Program log: program/src/storage_account.rs:76\",\n        \"Program log: program/src/token.rs:330 : there is no enough funds to start executing the transaction; gas_limit = 3000000; gas_price = 1000000000; gas_used_and_paid = 0; user_balance = 0;\",\n        \"Program 53DfF883gyixYNXnM7s5xhdeyV8mVk9T4i2hGV9vG9io consumed 42925 of 500000 compute units\",\n        \"Program 53DfF883gyixYNXnM7s5xhdeyV8mVk9T4i2hGV9vG9io failed: insufficient funds for instruction\"\n      ]\n    }\n       * Try:\n          + Using an adequately funded account\n          + If you are using a local Geth node, verify that your node is synced.\n    \n        at /home/runner/work/neon-compatibility/neon-compatibility/node_modules/truffle/build/webpack:/packages/deployer/src/deployment.js:365:1\n        at processTicksAndRejections (node:internal/process/task_queues:96:5)\n        at Migration._deploy (/home/runner/work/neon-compatibility/neon-compatibility/node_modules/truffle/build/webpack:/packages/migrate/Migration.js:70:1)\n        at Migration._load (/home/runner/work/neon-compatibility/neon-compatibility/node_modules/truffle/build/webpack:/packages/migrate/Migration.js:56:1)\n        at Migration.run (/home/runner/work/neon-compatibility/neon-compatibility/node_modules/truffle/build/webpack:/packages/migrate/Migration.js:217:1)\n        at Object.runMigrations (/home/runner/work/neon-compatibility/neon-compatibility/node_modules/truffle/build/webpack:/packages/migrate/index.js:150:1)\n        at Object.runFrom (/home/runner/work/neon-compatibility/neon-compatibility/node_modules/truffle/build/webpack:/packages/migrate/index.js:110:1)\n        at Object.run (/home/runner/work/neon-compatibility/neon-compatibility/node_modules/truffle/build/webpack:/packages/migrate/index.js:87:1)\n        at runMigrations (/home/runner/work/neon-compatibility/neon-compatibility/node_modules/truffle/build/webpack:/packages/core/lib/commands/migrate.js:258:1)\n        at Object.run (/home/runner/work/neon-compatibility/neon-compatibility/node_modules/truffle/build/webpack:/packages/core/lib/commands/migrate.js:223:1)\n        at Command.run (/home/runner/work/neon-compatibility/neon-compatibility/node_modules/truffle/build/webpack:/packages/core/lib/command.js:183:1)\n    Truffle v5.4.14 (core: 5.4.14)\n    Node v16.13.2\n    /home/runner/work/neon-compatibility/neon-compatibility",
      "children" : [ {
        "name" : "test_truffle_migration",
        "uid" : "bbe72f1e4a331889",
        "parentUid" : "6147a2a9be78de5473955540740f50a9",
        "status" : "failed",
        "time" : {
          "start" : 1644712797399,
          "stop" : 1644712816511,
          "duration" : 19112
        },
        "flaky" : false,
        "newFailed" : false,
        "newPassed" : false,
        "newBroken" : false,
        "retriesCount" : 0,
        "retriesStatusChange" : false,
        "parameters" : [ ]
      } ],
      "uid" : "6147a2a9be78de5473955540740f50a9"
    }, {
      "name" : "AssertionError: \n  Compiling your contracts...\n  ===========================\n  > Compiling ./contracts/ERC20Test.sol\n  > Compiling ./contracts/Migrations.sol\n  > Compiling ./contracts/SelfDestructTest.sol\n  > Compiling @openzeppelin/contracts/access/Ownable.sol\n  > Compiling @openzeppelin/contracts/token/ERC20/ERC20.sol\n  > Compiling @openzeppelin/contracts/token/ERC20/IERC20.sol\n  > Compiling @openzeppelin/contracts/token/ERC20/extensions/IERC20Metadata.sol\n  > Compiling @openzeppelin/contracts/utils/Context.sol\n  > Compilation warnings encountered:\n  \n      Warning: SPDX license identifier not provided in source file. Before publishing, consider adding a comment containing \"SPDX-License-Identifier: <SPDX-License>\" to each source file. Use \"SPDX-License-Identifier: UNLICENSED\" for non-open-source code. Please see https://spdx.org for more information.\n  --> project:/contracts/SelfDestructTest.sol\n  \n  ,Warning: This contract has a payable fallback function, but no receive ether function. Consider adding a receive ether function.\n   --> project:/contracts/SelfDestructTest.sol:5:1:\n    |\n  5 | contract SelfDestructTest is Ownable{\n    | ^ (Relevant source part starts here and spans across multiple lines).\n  Note: The payable fallback function is defined here.\n    --> project:/contracts/SelfDestructTest.sol:20:5:\n     |\n  20 |     fallback() external payable {}\n     |     ^^^^^^^^^^^^^^^^^^^^^^^^^^^^^^\n  \n  ,Warning: Function state mutability can be restricted to pure\n    --> project:/contracts/SelfDestructTest.sol:12:5:\n     |\n  12 |     function staticData() public view returns(string memory) {\n     |     ^ (Relevant source part starts here and spans across multiple lines).\n  \n  \n  > Artifacts written to /home/runner/work/neon-compatibility/neon-compatibility/issues/364/build/contracts\n  > Compiled successfully using:\n     - solc: 0.8.4+commit.c7e474f2.Emscripten.clang\n  \n  \n  \n  Starting migrations...\n  ======================\n  > Network name:    'neonlabs'\n  > Network id:      111\n  > Block gas limit: 6721975 (0x6691b7)\n  \n  \n  3_selfDestructTest.js\n  =====================\n  \n     Deploying 'SelfDestructTest'\n     ----------------------------\n  \n  Error:  *** Deployment Failed ***\n  \n  \"SelfDestructTest\" could not deploy due to insufficient funds\n     * Account:  0x1fB13895086cd61AC982aa7C06faf361b7F53B0E\n     * Balance:  0 wei\n     * Message:  Transaction simulation failed: Error processing Instruction 0: insufficient funds for instruction\n  {\n    \"accounts\": null,\n    \"err\": {\n      \"InstructionError\": [\n        0,\n        \"InsufficientFunds\"\n      ]\n    },\n    \"logs\": [\n      \"Program 53DfF883gyixYNXnM7s5xhdeyV8mVk9T4i2hGV9vG9io invoke [1]\",\n      \"Program log: program/src/storage_account.rs:76\",\n      \"Program log: program/src/token.rs:330 : there is no enough funds to start executing the transaction; gas_limit = 3000000; gas_price = 1000000000; gas_used_and_paid = 0; user_balance = 0;\",\n      \"Program 53DfF883gyixYNXnM7s5xhdeyV8mVk9T4i2hGV9vG9io consumed 43661 of 500000 compute units\",\n      \"Program 53DfF883gyixYNXnM7s5xhdeyV8mVk9T4i2hGV9vG9io failed: insufficient funds for instruction\"\n    ]\n  }\n     * Try:\n        + Using an adequately funded account\n        + If you are using a local Geth node, verify that your node is synced.\n  \n      at /home/runner/work/neon-compatibility/neon-compatibility/node_modules/truffle/build/webpack:/packages/deployer/src/deployment.js:365:1\n      at processTicksAndRejections (node:internal/process/task_queues:96:5)\n      at module.exports (/home/runner/work/neon-compatibility/neon-compatibility/issues/364/migrations/3_selfDestructTest.js:6:5)\n      at Migration._deploy (/home/runner/work/neon-compatibility/neon-compatibility/node_modules/truffle/build/webpack:/packages/migrate/Migration.js:75:1)\n      at Migration._load (/home/runner/work/neon-compatibility/neon-compatibility/node_modules/truffle/build/webpack:/packages/migrate/Migration.js:56:1)\n      at Migration.run (/home/runner/work/neon-compatibility/neon-compatibility/node_modules/truffle/build/webpack:/packages/migrate/Migration.js:217:1)\n      at Object.runMigrations (/home/runner/work/neon-compatibility/neon-compatibility/node_modules/truffle/build/webpack:/packages/migrate/index.js:150:1)\n      at Object.runFrom (/home/runner/work/neon-compatibility/neon-compatibility/node_modules/truffle/build/webpack:/packages/migrate/index.js:110:1)\n      at runMigrations (/home/runner/work/neon-compatibility/neon-compatibility/node_modules/truffle/build/webpack:/packages/core/lib/commands/migrate.js:253:1)\n      at Object.run (/home/runner/work/neon-compatibility/neon-compatibility/node_modules/truffle/build/webpack:/packages/core/lib/commands/migrate.js:223:1)\n      at Command.run (/home/runner/work/neon-compatibility/neon-compatibility/node_modules/truffle/build/webpack:/packages/core/lib/command.js:183:1)\n  Truffle v5.4.14 (core: 5.4.14)\n  Node v16.13.2\n  \nassert 1 == 0\n +  where 1 = CompletedProcess(args='cd issues/364; ../../node_modules/.bin/truffle --network neonlabs migrate -f 3 --to 3', returnc...uffle/build/webpack:/packages/core/lib/command.js:183:1)\\nTruffle v5.4.14 (core: 5.4.14)\\nNode v16.13.2\\n', stderr=b'').returncode",
      "children" : [ {
        "name" : "test_issue_364_self_destruct_contract",
        "uid" : "456d6952131834dc",
        "parentUid" : "c24ded4d95a304dd18236026075d9391",
        "status" : "failed",
        "time" : {
          "start" : 1644712861625,
          "stop" : 1644712880990,
          "duration" : 19365
        },
        "flaky" : false,
        "newFailed" : false,
        "newPassed" : false,
        "newBroken" : false,
        "retriesCount" : 0,
        "retriesStatusChange" : false,
        "parameters" : [ ]
      } ],
      "uid" : "c24ded4d95a304dd18236026075d9391"
    }, {
      "name" : "expected false to equal true",
      "children" : [ {
        "name" : "pending",
        "uid" : "8c0670e78c243286",
        "parentUid" : "d4a0243edab18cbbbb97b891737859ad",
        "status" : "failed",
        "time" : {
          "start" : 1644713120642,
          "stop" : 1644713122836,
          "duration" : 2194
        },
        "flaky" : true,
        "newFailed" : false,
        "newPassed" : false,
        "newBroken" : false,
        "retriesCount" : 0,
        "retriesStatusChange" : false,
        "parameters" : [ ]
      }, {
        "name" : "fast forward",
        "uid" : "af724996f024437d",
        "parentUid" : "d4a0243edab18cbbbb97b891737859ad",
        "status" : "failed",
        "time" : {
          "start" : 1644713128985,
          "stop" : 1644713131973,
          "duration" : 2988
        },
        "flaky" : false,
        "newFailed" : false,
        "newPassed" : false,
        "newBroken" : false,
        "retriesCount" : 0,
        "retriesStatusChange" : false,
        "parameters" : [ ]
      } ],
      "uid" : "d4a0243edab18cbbbb97b891737859ad"
    }, {
      "name" : "expected true to equal false",
      "children" : [ {
        "name" : "fast forward",
        "uid" : "efeab1b98de80c02",
        "parentUid" : "a1d6c11fcfa5a5b3a8ae0cbe7a494730",
        "status" : "failed",
        "time" : {
          "start" : 1644713144204,
          "stop" : 1644713147548,
          "duration" : 3344
        },
        "flaky" : false,
        "newFailed" : false,
        "newPassed" : false,
        "newBroken" : false,
        "retriesCount" : 0,
        "retriesStatusChange" : false,
        "parameters" : [ ]
      } ],
      "uid" : "a1d6c11fcfa5a5b3a8ae0cbe7a494730"
    }, {
      "name" : "Wrong kind of exception received: expected 'Transaction was not mined within 750 seconds, please make sure your transaction was properly sent. Be aware that it might still be mined!' to equal 'Governor: proposal not successful'",
      "children" : [ {
        "name" : "\"after each\" hook for \"run\"",
        "uid" : "466aa867ef8c19f3",
        "parentUid" : "79e69fa74dabef678618a7a242e5e485",
        "status" : "failed",
        "time" : {
          "start" : 1644713557917,
          "stop" : 1644713557917,
          "duration" : 0
        },
        "flaky" : false,
        "newFailed" : false,
        "newPassed" : false,
        "newBroken" : false,
        "retriesCount" : 0,
        "retriesStatusChange" : false,
        "parameters" : [ ]
      } ],
      "uid" : "79e69fa74dabef678618a7a242e5e485"
    } ],
    "uid" : "8fb3a91ba5aaf9de24cc8a92edc82b5d"
  } ],
  "name" : "categories"
}