{
  "uid" : "b2e32ee768160120",
  "name" : "test_contracts[input_data1]",
  "fullName" : "tests.openzeppelin.test_openzeppelin#test_contracts",
  "historyId" : "0978f566b0050886014c8f6266a2ba6f",
  "time" : {
    "start" : 1647227798655,
    "stop" : 1647227820195,
    "duration" : 21540
  },
  "status" : "failed",
  "statusMessage" : "AssertionError: assert 'Error: Coul... any sources' not in '/home/runne...patibility\\n'\n  'Error: Could not f...ns from any sources' is contained here:\n           ^\n    \n    Error: Could not find artifacts for Migrations from any sources\n        at Resolver.require (/home/runner/work/neon-compatibility/neon-compatibility/node_modules/truffle/build/webpack:/packages/resolver/dist/lib/resolver.js:61:1)\n        at Object.require (/home/runner/work/neon-compatibility/neon-compatibility/node_modules/truffle/build/webpack:/packages/migrate/index.js:172:1)\n        at ResolverIntercept.require (/home/runner/work/neon-compatibility/neon-compatibility/node_modules/truffle/build/webpack:/packages/migrate/ResolverIntercept.js:22:1)\n        at /home/runner/work/neon-compatibility/neon-compatibility/OpenZeppelin/migrations/1_initial_migration.js:1:30\n        at Script.runInContext (node:vm:139:12)\n        at Script.runInNewContext (node:vm:144:17)\n        at Object.file (/home/runner/work/neon-compatibility/neon-compatibility/node_modules/truffle/build/webpack:/packages/require/require.js:94:1)\n        at Migration._load (/home/runner/work/neon-compatibility/neon-compatibility/node_modules/truffle/build/webpack:/packages/migrate/Migration.js:44:1)\n        at Migration.run (/home/runner/work/neon-compatibility/neon-compatibility/node_modules/truffle/build/webpack:/packages/migrate/Migration.js:217:1)\n        at Object.runMigrations (/home/runner/work/neon-compatibility/neon-compatibility/node_modules/truffle/build/webpack:/packages/migrate/index.js:150:1)\n        at Object.runFrom (/home/runner/work/neon-compatibility/neon-compatibility/node_modules/truffle/build/webpack:/packages/migrate/index.js:110:1)\n        at Object.runAll (/home/runner/work/neon-compatibility/neon-compatibility/node_modules/truffle/build/webpack:/packages/migrate/index.js:114:1)\n        at Object.run (/home/runner/work/neon-compatibility/neon-compatibility/node_modules/truffle/build/webpack:/packages/migrate/index.js:79:1)\n        at Object.run (/home/runner/work/neon-compatibility/neon-compatibility/node_modules/truffle/build/webpack:/packages/core/lib/testing/Test.js:109:1)\n        at Object.run (/home/runner/work/neon-compatibility/neon-compatibility/node_modules/truffle/build/webpack:/packages/core/lib/commands/test/index.js:177:1)\n        at Command.run (/home/runner/work/neon-compatibility/neon-compatibility/node_modules/truffle/build/webpack:/packages/core/lib/command.js:183:1)\n    Truffle v5.4.14 (core: 5.4.14)\n    Node v16.14.0\n    /home/runner/work/neon-compatibility/neon-compatibility",
  "statusTrace" : "input_data = InputData(test_file='access/AccessControl.test.js', test_files=['access/AccessControl.test.js', 'access/AccessControl....on/ERC165.sol', 'interfaces/IERC165.sol', 'utils/introspection/IERC165.sol'], migration_script='2_deploy_contracts.js')\n\n    @pytest.mark.parametrize(\"input_data\", INPUT_DATA)\n    @allure.feature(FEATURE)\n    def test_contracts(input_data: InputData):\n        copy_files(input_data)\n    \n        # truffle --network neonlabs test ./test/access/[test file name]\n        command = f\"--network neonlabs test ./test/{input_data.test_file}\"\n        cmd_res = run_command_line(\n            f\"{Subfolder.CD_OPENZEPPELIN} {RunCommand.TRUFFLE} {command} {CD_BACK}\"\n        )\n        # assert OpenZeppelinSuccess.SUCCESS_PASSING in actual_result\n        # assert OpenZeppelinSuccess.SUCCESS_CONTRACT in actual_result\n        # assert OpenZeppelinSuccess.SUCCESS_1_ETHER in actual_result\n        # assert TruffleBasedError.ERROR_NO_ATTRIBUTE_ETH_ACCOUNTS \\\n        #     not in actual_result\n        actual_result = cmd_res.stdout.decode() + cmd_res.stderr.decode()\n        assert cmd_res.returncode == 0, actual_result\n>       assert OpenZeppelinError.ERROR_NO_ARTIFACTS not in actual_result\nE       AssertionError: assert 'Error: Coul... any sources' not in '/home/runne...patibility\\n'\nE         'Error: Could not f...ns from any sources' is contained here:\nE                  ^\nE           \nE           Error: Could not find artifacts for Migrations from any sources\nE               at Resolver.require (/home/runner/work/neon-compatibility/neon-compatibility/node_modules/truffle/build/webpack:/packages/resolver/dist/lib/resolver.js:61:1)\nE               at Object.require (/home/runner/work/neon-compatibility/neon-compatibility/node_modules/truffle/build/webpack:/packages/migrate/index.js:172:1)\nE               at ResolverIntercept.require (/home/runner/work/neon-compatibility/neon-compatibility/node_modules/truffle/build/webpack:/packages/migrate/ResolverIntercept.js:22:1)\nE               at /home/runner/work/neon-compatibility/neon-compatibility/OpenZeppelin/migrations/1_initial_migration.js:1:30\nE               at Script.runInContext (node:vm:139:12)\nE               at Script.runInNewContext (node:vm:144:17)\nE               at Object.file (/home/runner/work/neon-compatibility/neon-compatibility/node_modules/truffle/build/webpack:/packages/require/require.js:94:1)\nE               at Migration._load (/home/runner/work/neon-compatibility/neon-compatibility/node_modules/truffle/build/webpack:/packages/migrate/Migration.js:44:1)\nE               at Migration.run (/home/runner/work/neon-compatibility/neon-compatibility/node_modules/truffle/build/webpack:/packages/migrate/Migration.js:217:1)\nE               at Object.runMigrations (/home/runner/work/neon-compatibility/neon-compatibility/node_modules/truffle/build/webpack:/packages/migrate/index.js:150:1)\nE               at Object.runFrom (/home/runner/work/neon-compatibility/neon-compatibility/node_modules/truffle/build/webpack:/packages/migrate/index.js:110:1)\nE               at Object.runAll (/home/runner/work/neon-compatibility/neon-compatibility/node_modules/truffle/build/webpack:/packages/migrate/index.js:114:1)\nE               at Object.run (/home/runner/work/neon-compatibility/neon-compatibility/node_modules/truffle/build/webpack:/packages/migrate/index.js:79:1)\nE               at Object.run (/home/runner/work/neon-compatibility/neon-compatibility/node_modules/truffle/build/webpack:/packages/core/lib/testing/Test.js:109:1)\nE               at Object.run (/home/runner/work/neon-compatibility/neon-compatibility/node_modules/truffle/build/webpack:/packages/core/lib/commands/test/index.js:177:1)\nE               at Command.run (/home/runner/work/neon-compatibility/neon-compatibility/node_modules/truffle/build/webpack:/packages/core/lib/command.js:183:1)\nE           Truffle v5.4.14 (core: 5.4.14)\nE           Node v16.14.0\nE           /home/runner/work/neon-compatibility/neon-compatibility\n\ntests/openzeppelin/test_openzeppelin.py:154: AssertionError",
  "flaky" : false,
  "newFailed" : false,
  "newBroken" : false,
  "newPassed" : false,
  "retriesCount" : 0,
  "retriesStatusChange" : false,
  "beforeStages" : [ {
    "name" : "prepare_truffle_config",
    "time" : {
      "start" : 1647227798639,
      "stop" : 1647227798654,
      "duration" : 15
    },
    "status" : "passed",
    "steps" : [ {
      "name" : "Preset variables",
      "time" : {
        "start" : 1647227798639,
        "stop" : 1647227798651,
        "duration" : 12
      },
      "status" : "passed",
      "steps" : [ ],
      "attachments" : [ ],
      "parameters" : [ ],
      "stepsCount" : 0,
      "attachmentsCount" : 0,
      "shouldDisplayMessage" : false,
      "hasContent" : false
    }, {
      "name" : "Clean up folder \"'governance'\"",
      "time" : {
        "start" : 1647227798651,
        "stop" : 1647227798651,
        "duration" : 0
      },
      "status" : "passed",
      "steps" : [ ],
      "attachments" : [ ],
      "parameters" : [ {
        "name" : "folder",
        "value" : "'governance'"
      } ],
      "stepsCount" : 0,
      "attachmentsCount" : 0,
      "shouldDisplayMessage" : false,
      "hasContent" : true
    }, {
      "name" : "Clean up folder \"'token'\"",
      "time" : {
        "start" : 1647227798651,
        "stop" : 1647227798651,
        "duration" : 0
      },
      "status" : "passed",
      "steps" : [ ],
      "attachments" : [ ],
      "parameters" : [ {
        "name" : "folder",
        "value" : "'token'"
      } ],
      "stepsCount" : 0,
      "attachmentsCount" : 0,
      "shouldDisplayMessage" : false,
      "hasContent" : true
    }, {
      "name" : "Clean up folder \"'metatx'\"",
      "time" : {
        "start" : 1647227798651,
        "stop" : 1647227798651,
        "duration" : 0
      },
      "status" : "passed",
      "steps" : [ ],
      "attachments" : [ ],
      "parameters" : [ {
        "name" : "folder",
        "value" : "'metatx'"
      } ],
      "stepsCount" : 0,
      "attachmentsCount" : 0,
      "shouldDisplayMessage" : false,
      "hasContent" : true
    }, {
      "name" : "Clean up folder \"'finance'\"",
      "time" : {
        "start" : 1647227798651,
        "stop" : 1647227798651,
        "duration" : 0
      },
      "status" : "passed",
      "steps" : [ ],
      "attachments" : [ ],
      "parameters" : [ {
        "name" : "folder",
        "value" : "'finance'"
      } ],
      "stepsCount" : 0,
      "attachmentsCount" : 0,
      "shouldDisplayMessage" : false,
      "hasContent" : true
    }, {
      "name" : "Clean up folder \"'mocks'\"",
      "time" : {
        "start" : 1647227798651,
        "stop" : 1647227798651,
        "duration" : 0
      },
      "status" : "passed",
      "steps" : [ ],
      "attachments" : [ ],
      "parameters" : [ {
        "name" : "folder",
        "value" : "'mocks'"
      } ],
      "stepsCount" : 0,
      "attachmentsCount" : 0,
      "shouldDisplayMessage" : false,
      "hasContent" : true
    }, {
      "name" : "Clean up folder \"'utils'\"",
      "time" : {
        "start" : 1647227798652,
        "stop" : 1647227798652,
        "duration" : 0
      },
      "status" : "passed",
      "steps" : [ ],
      "attachments" : [ ],
      "parameters" : [ {
        "name" : "folder",
        "value" : "'utils'"
      } ],
      "stepsCount" : 0,
      "attachmentsCount" : 0,
      "shouldDisplayMessage" : false,
      "hasContent" : true
    }, {
      "name" : "Clean up folder \"'interfaces'\"",
      "time" : {
        "start" : 1647227798652,
        "stop" : 1647227798652,
        "duration" : 0
      },
      "status" : "passed",
      "steps" : [ ],
      "attachments" : [ ],
      "parameters" : [ {
        "name" : "folder",
        "value" : "'interfaces'"
      } ],
      "stepsCount" : 0,
      "attachmentsCount" : 0,
      "shouldDisplayMessage" : false,
      "hasContent" : true
    }, {
      "name" : "Clean up folder \"'proxy'\"",
      "time" : {
        "start" : 1647227798652,
        "stop" : 1647227798652,
        "duration" : 0
      },
      "status" : "passed",
      "steps" : [ ],
      "attachments" : [ ],
      "parameters" : [ {
        "name" : "folder",
        "value" : "'proxy'"
      } ],
      "stepsCount" : 0,
      "attachmentsCount" : 0,
      "shouldDisplayMessage" : false,
      "hasContent" : true
    }, {
      "name" : "Clean up folder \"'access'\"",
      "time" : {
        "start" : 1647227798652,
        "stop" : 1647227798652,
        "duration" : 0
      },
      "status" : "passed",
      "steps" : [ ],
      "attachments" : [ ],
      "parameters" : [ {
        "name" : "folder",
        "value" : "'access'"
      } ],
      "stepsCount" : 0,
      "attachmentsCount" : 0,
      "shouldDisplayMessage" : false,
      "hasContent" : true
    }, {
      "name" : "Clean up folder \"'security'\"",
      "time" : {
        "start" : 1647227798652,
        "stop" : 1647227798652,
        "duration" : 0
      },
      "status" : "passed",
      "steps" : [ ],
      "attachments" : [ ],
      "parameters" : [ {
        "name" : "folder",
        "value" : "'security'"
      } ],
      "stepsCount" : 0,
      "attachmentsCount" : 0,
      "shouldDisplayMessage" : false,
      "hasContent" : true
    }, {
      "name" : "Clean up folder \"'.gitkeep'\"",
      "time" : {
        "start" : 1647227798652,
        "stop" : 1647227798652,
        "duration" : 0
      },
      "status" : "passed",
      "steps" : [ ],
      "attachments" : [ ],
      "parameters" : [ {
        "name" : "folder",
        "value" : "'.gitkeep'"
      } ],
      "stepsCount" : 0,
      "attachmentsCount" : 0,
      "shouldDisplayMessage" : false,
      "hasContent" : true
    }, {
      "name" : "Clean up folder \"'2_deploy_contracts.js'\"",
      "time" : {
        "start" : 1647227798652,
        "stop" : 1647227798652,
        "duration" : 0
      },
      "status" : "passed",
      "steps" : [ ],
      "attachments" : [ ],
      "parameters" : [ {
        "name" : "folder",
        "value" : "'2_deploy_contracts.js'"
      } ],
      "stepsCount" : 0,
      "attachmentsCount" : 0,
      "shouldDisplayMessage" : false,
      "hasContent" : true
    }, {
      "name" : "Clean up folder \"'.gitkeep'\"",
      "time" : {
        "start" : 1647227798652,
        "stop" : 1647227798652,
        "duration" : 0
      },
      "status" : "passed",
      "steps" : [ ],
      "attachments" : [ ],
      "parameters" : [ {
        "name" : "folder",
        "value" : "'.gitkeep'"
      } ],
      "stepsCount" : 0,
      "attachmentsCount" : 0,
      "shouldDisplayMessage" : false,
      "hasContent" : true
    }, {
      "name" : "Clean up folder \"'1_initial_migration.js'\"",
      "time" : {
        "start" : 1647227798652,
        "stop" : 1647227798652,
        "duration" : 0
      },
      "status" : "passed",
      "steps" : [ ],
      "attachments" : [ ],
      "parameters" : [ {
        "name" : "folder",
        "value" : "'1_initial_migration.js'"
      } ],
      "stepsCount" : 0,
      "attachmentsCount" : 0,
      "shouldDisplayMessage" : false,
      "hasContent" : true
    }, {
      "name" : "Clean up folder \"'governance'\"",
      "time" : {
        "start" : 1647227798653,
        "stop" : 1647227798653,
        "duration" : 0
      },
      "status" : "passed",
      "steps" : [ ],
      "attachments" : [ ],
      "parameters" : [ {
        "name" : "folder",
        "value" : "'governance'"
      } ],
      "stepsCount" : 0,
      "attachmentsCount" : 0,
      "shouldDisplayMessage" : false,
      "hasContent" : true
    }, {
      "name" : "Clean up folder \"'token'\"",
      "time" : {
        "start" : 1647227798653,
        "stop" : 1647227798653,
        "duration" : 0
      },
      "status" : "passed",
      "steps" : [ ],
      "attachments" : [ ],
      "parameters" : [ {
        "name" : "folder",
        "value" : "'token'"
      } ],
      "stepsCount" : 0,
      "attachmentsCount" : 0,
      "shouldDisplayMessage" : false,
      "hasContent" : true
    }, {
      "name" : "Clean up folder \"'metatx'\"",
      "time" : {
        "start" : 1647227798653,
        "stop" : 1647227798653,
        "duration" : 0
      },
      "status" : "passed",
      "steps" : [ ],
      "attachments" : [ ],
      "parameters" : [ {
        "name" : "folder",
        "value" : "'metatx'"
      } ],
      "stepsCount" : 0,
      "attachmentsCount" : 0,
      "shouldDisplayMessage" : false,
      "hasContent" : true
    }, {
      "name" : "Clean up folder \"'finance'\"",
      "time" : {
        "start" : 1647227798653,
        "stop" : 1647227798653,
        "duration" : 0
      },
      "status" : "passed",
      "steps" : [ ],
      "attachments" : [ ],
      "parameters" : [ {
        "name" : "folder",
        "value" : "'finance'"
      } ],
      "stepsCount" : 0,
      "attachmentsCount" : 0,
      "shouldDisplayMessage" : false,
      "hasContent" : true
    }, {
      "name" : "Clean up folder \"'mocks'\"",
      "time" : {
        "start" : 1647227798653,
        "stop" : 1647227798653,
        "duration" : 0
      },
      "status" : "passed",
      "steps" : [ ],
      "attachments" : [ ],
      "parameters" : [ {
        "name" : "folder",
        "value" : "'mocks'"
      } ],
      "stepsCount" : 0,
      "attachmentsCount" : 0,
      "shouldDisplayMessage" : false,
      "hasContent" : true
    }, {
      "name" : "Clean up folder \"'utils'\"",
      "time" : {
        "start" : 1647227798653,
        "stop" : 1647227798653,
        "duration" : 0
      },
      "status" : "passed",
      "steps" : [ ],
      "attachments" : [ ],
      "parameters" : [ {
        "name" : "folder",
        "value" : "'utils'"
      } ],
      "stepsCount" : 0,
      "attachmentsCount" : 0,
      "shouldDisplayMessage" : false,
      "hasContent" : true
    }, {
      "name" : "Clean up folder \"'interfaces'\"",
      "time" : {
        "start" : 1647227798653,
        "stop" : 1647227798653,
        "duration" : 0
      },
      "status" : "passed",
      "steps" : [ ],
      "attachments" : [ ],
      "parameters" : [ {
        "name" : "folder",
        "value" : "'interfaces'"
      } ],
      "stepsCount" : 0,
      "attachmentsCount" : 0,
      "shouldDisplayMessage" : false,
      "hasContent" : true
    }, {
      "name" : "Clean up folder \"'proxy'\"",
      "time" : {
        "start" : 1647227798653,
        "stop" : 1647227798653,
        "duration" : 0
      },
      "status" : "passed",
      "steps" : [ ],
      "attachments" : [ ],
      "parameters" : [ {
        "name" : "folder",
        "value" : "'proxy'"
      } ],
      "stepsCount" : 0,
      "attachmentsCount" : 0,
      "shouldDisplayMessage" : false,
      "hasContent" : true
    }, {
      "name" : "Clean up folder \"'access'\"",
      "time" : {
        "start" : 1647227798653,
        "stop" : 1647227798654,
        "duration" : 1
      },
      "status" : "passed",
      "steps" : [ ],
      "attachments" : [ ],
      "parameters" : [ {
        "name" : "folder",
        "value" : "'access'"
      } ],
      "stepsCount" : 0,
      "attachmentsCount" : 0,
      "shouldDisplayMessage" : false,
      "hasContent" : true
    }, {
      "name" : "Clean up folder \"'security'\"",
      "time" : {
        "start" : 1647227798654,
        "stop" : 1647227798654,
        "duration" : 0
      },
      "status" : "passed",
      "steps" : [ ],
      "attachments" : [ ],
      "parameters" : [ {
        "name" : "folder",
        "value" : "'security'"
      } ],
      "stepsCount" : 0,
      "attachmentsCount" : 0,
      "shouldDisplayMessage" : false,
      "hasContent" : true
    }, {
      "name" : "Clean up folder \"'.gitkeep'\"",
      "time" : {
        "start" : 1647227798654,
        "stop" : 1647227798654,
        "duration" : 0
      },
      "status" : "passed",
      "steps" : [ ],
      "attachments" : [ ],
      "parameters" : [ {
        "name" : "folder",
        "value" : "'.gitkeep'"
      } ],
      "stepsCount" : 0,
      "attachmentsCount" : 0,
      "shouldDisplayMessage" : false,
      "hasContent" : true
    } ],
    "attachments" : [ ],
    "parameters" : [ ],
    "stepsCount" : 26,
    "attachmentsCount" : 0,
    "shouldDisplayMessage" : false,
    "hasContent" : true
  } ],
  "testStage" : {
    "status" : "failed",
    "statusMessage" : "AssertionError: assert 'Error: Coul... any sources' not in '/home/runne...patibility\\n'\n  'Error: Could not f...ns from any sources' is contained here:\n           ^\n    \n    Error: Could not find artifacts for Migrations from any sources\n        at Resolver.require (/home/runner/work/neon-compatibility/neon-compatibility/node_modules/truffle/build/webpack:/packages/resolver/dist/lib/resolver.js:61:1)\n        at Object.require (/home/runner/work/neon-compatibility/neon-compatibility/node_modules/truffle/build/webpack:/packages/migrate/index.js:172:1)\n        at ResolverIntercept.require (/home/runner/work/neon-compatibility/neon-compatibility/node_modules/truffle/build/webpack:/packages/migrate/ResolverIntercept.js:22:1)\n        at /home/runner/work/neon-compatibility/neon-compatibility/OpenZeppelin/migrations/1_initial_migration.js:1:30\n        at Script.runInContext (node:vm:139:12)\n        at Script.runInNewContext (node:vm:144:17)\n        at Object.file (/home/runner/work/neon-compatibility/neon-compatibility/node_modules/truffle/build/webpack:/packages/require/require.js:94:1)\n        at Migration._load (/home/runner/work/neon-compatibility/neon-compatibility/node_modules/truffle/build/webpack:/packages/migrate/Migration.js:44:1)\n        at Migration.run (/home/runner/work/neon-compatibility/neon-compatibility/node_modules/truffle/build/webpack:/packages/migrate/Migration.js:217:1)\n        at Object.runMigrations (/home/runner/work/neon-compatibility/neon-compatibility/node_modules/truffle/build/webpack:/packages/migrate/index.js:150:1)\n        at Object.runFrom (/home/runner/work/neon-compatibility/neon-compatibility/node_modules/truffle/build/webpack:/packages/migrate/index.js:110:1)\n        at Object.runAll (/home/runner/work/neon-compatibility/neon-compatibility/node_modules/truffle/build/webpack:/packages/migrate/index.js:114:1)\n        at Object.run (/home/runner/work/neon-compatibility/neon-compatibility/node_modules/truffle/build/webpack:/packages/migrate/index.js:79:1)\n        at Object.run (/home/runner/work/neon-compatibility/neon-compatibility/node_modules/truffle/build/webpack:/packages/core/lib/testing/Test.js:109:1)\n        at Object.run (/home/runner/work/neon-compatibility/neon-compatibility/node_modules/truffle/build/webpack:/packages/core/lib/commands/test/index.js:177:1)\n        at Command.run (/home/runner/work/neon-compatibility/neon-compatibility/node_modules/truffle/build/webpack:/packages/core/lib/command.js:183:1)\n    Truffle v5.4.14 (core: 5.4.14)\n    Node v16.14.0\n    /home/runner/work/neon-compatibility/neon-compatibility",
    "statusTrace" : "input_data = InputData(test_file='access/AccessControl.test.js', test_files=['access/AccessControl.test.js', 'access/AccessControl....on/ERC165.sol', 'interfaces/IERC165.sol', 'utils/introspection/IERC165.sol'], migration_script='2_deploy_contracts.js')\n\n    @pytest.mark.parametrize(\"input_data\", INPUT_DATA)\n    @allure.feature(FEATURE)\n    def test_contracts(input_data: InputData):\n        copy_files(input_data)\n    \n        # truffle --network neonlabs test ./test/access/[test file name]\n        command = f\"--network neonlabs test ./test/{input_data.test_file}\"\n        cmd_res = run_command_line(\n            f\"{Subfolder.CD_OPENZEPPELIN} {RunCommand.TRUFFLE} {command} {CD_BACK}\"\n        )\n        # assert OpenZeppelinSuccess.SUCCESS_PASSING in actual_result\n        # assert OpenZeppelinSuccess.SUCCESS_CONTRACT in actual_result\n        # assert OpenZeppelinSuccess.SUCCESS_1_ETHER in actual_result\n        # assert TruffleBasedError.ERROR_NO_ATTRIBUTE_ETH_ACCOUNTS \\\n        #     not in actual_result\n        actual_result = cmd_res.stdout.decode() + cmd_res.stderr.decode()\n        assert cmd_res.returncode == 0, actual_result\n>       assert OpenZeppelinError.ERROR_NO_ARTIFACTS not in actual_result\nE       AssertionError: assert 'Error: Coul... any sources' not in '/home/runne...patibility\\n'\nE         'Error: Could not f...ns from any sources' is contained here:\nE                  ^\nE           \nE           Error: Could not find artifacts for Migrations from any sources\nE               at Resolver.require (/home/runner/work/neon-compatibility/neon-compatibility/node_modules/truffle/build/webpack:/packages/resolver/dist/lib/resolver.js:61:1)\nE               at Object.require (/home/runner/work/neon-compatibility/neon-compatibility/node_modules/truffle/build/webpack:/packages/migrate/index.js:172:1)\nE               at ResolverIntercept.require (/home/runner/work/neon-compatibility/neon-compatibility/node_modules/truffle/build/webpack:/packages/migrate/ResolverIntercept.js:22:1)\nE               at /home/runner/work/neon-compatibility/neon-compatibility/OpenZeppelin/migrations/1_initial_migration.js:1:30\nE               at Script.runInContext (node:vm:139:12)\nE               at Script.runInNewContext (node:vm:144:17)\nE               at Object.file (/home/runner/work/neon-compatibility/neon-compatibility/node_modules/truffle/build/webpack:/packages/require/require.js:94:1)\nE               at Migration._load (/home/runner/work/neon-compatibility/neon-compatibility/node_modules/truffle/build/webpack:/packages/migrate/Migration.js:44:1)\nE               at Migration.run (/home/runner/work/neon-compatibility/neon-compatibility/node_modules/truffle/build/webpack:/packages/migrate/Migration.js:217:1)\nE               at Object.runMigrations (/home/runner/work/neon-compatibility/neon-compatibility/node_modules/truffle/build/webpack:/packages/migrate/index.js:150:1)\nE               at Object.runFrom (/home/runner/work/neon-compatibility/neon-compatibility/node_modules/truffle/build/webpack:/packages/migrate/index.js:110:1)\nE               at Object.runAll (/home/runner/work/neon-compatibility/neon-compatibility/node_modules/truffle/build/webpack:/packages/migrate/index.js:114:1)\nE               at Object.run (/home/runner/work/neon-compatibility/neon-compatibility/node_modules/truffle/build/webpack:/packages/migrate/index.js:79:1)\nE               at Object.run (/home/runner/work/neon-compatibility/neon-compatibility/node_modules/truffle/build/webpack:/packages/core/lib/testing/Test.js:109:1)\nE               at Object.run (/home/runner/work/neon-compatibility/neon-compatibility/node_modules/truffle/build/webpack:/packages/core/lib/commands/test/index.js:177:1)\nE               at Command.run (/home/runner/work/neon-compatibility/neon-compatibility/node_modules/truffle/build/webpack:/packages/core/lib/command.js:183:1)\nE           Truffle v5.4.14 (core: 5.4.14)\nE           Node v16.14.0\nE           /home/runner/work/neon-compatibility/neon-compatibility\n\ntests/openzeppelin/test_openzeppelin.py:154: AssertionError",
    "steps" : [ {
      "name" : "Run command: \"'cd OpenZeppelin; pwd; ../node_modules/.bin/truffle --network neonlabs test ./test/access/AccessControl.test.js ; cd \"/home/runner/work/neon-compatibility/neon-compatibility\"; pwd;'\"",
      "time" : {
        "start" : 1647227798658,
        "stop" : 1647227820193,
        "duration" : 21535
      },
      "status" : "passed",
      "steps" : [ ],
      "attachments" : [ ],
      "parameters" : [ {
        "name" : "command",
        "value" : "'cd OpenZeppelin; pwd; ../node_modules/.bin/truffle --network neonlabs test ./test/access/AccessControl.test.js ; cd \"/home/runner/work/neon-compatibility/neon-compatibility\"; pwd;'"
      } ],
      "stepsCount" : 0,
      "attachmentsCount" : 0,
      "shouldDisplayMessage" : false,
      "hasContent" : true
    } ],
    "attachments" : [ {
      "uid" : "75141c24154d8e40",
      "name" : "stdout",
      "source" : "75141c24154d8e40.txt",
      "type" : "text/plain",
      "size" : 3766
    } ],
    "parameters" : [ ],
    "stepsCount" : 1,
    "attachmentsCount" : 1,
    "shouldDisplayMessage" : true,
    "hasContent" : true
  },
  "afterStages" : [ {
    "name" : "prepare_truffle_config::0",
    "time" : {
      "start" : 1647227820264,
      "stop" : 1647227820264,
      "duration" : 0
    },
    "status" : "passed",
    "steps" : [ ],
    "attachments" : [ ],
    "parameters" : [ ],
    "stepsCount" : 0,
    "attachmentsCount" : 0,
    "shouldDisplayMessage" : false,
    "hasContent" : false
  } ],
  "labels" : [ {
    "name" : "feature",
    "value" : "OpenZeppelin"
  }, {
    "name" : "parentSuite",
    "value" : "tests.openzeppelin"
  }, {
    "name" : "suite",
    "value" : "test_openzeppelin"
  }, {
    "name" : "host",
    "value" : "fv-az198-40"
  }, {
    "name" : "thread",
    "value" : "3590-MainThread"
  }, {
    "name" : "framework",
    "value" : "pytest"
  }, {
    "name" : "language",
    "value" : "cpython3"
  }, {
    "name" : "package",
    "value" : "tests.openzeppelin.test_openzeppelin"
  }, {
    "name" : "resultFormat",
    "value" : "allure2"
  } ],
  "parameters" : [ {
    "name" : "input_data",
    "value" : "InputData(test_file='access/AccessControl.test.js', test_files=['access/AccessControl.test.js', 'access/AccessControl.behavior.js'], contracts=['mocks/AccessControlMock.sol', 'mocks/AccessControlEnumerableMock.sol', 'access/AccessControlEnumerable.sol', 'access/IAccessControlEnumerable.sol', 'utils/structs/EnumerableSet.sol', 'access/AccessControl.sol', 'utils/Strings.sol', 'utils/introspection/ERC165.sol', 'interfaces/IERC165.sol', 'utils/introspection/IERC165.sol'], migration_script='2_deploy_contracts.js')"
  } ],
  "links" : [ ],
  "hidden" : false,
  "retry" : false,
  "extra" : {
    "severity" : "normal",
    "retries" : [ ],
    "categories" : [ {
      "name" : "Product defects",
      "matchedStatuses" : [ ],
      "flaky" : false
    } ],
    "history" : {
      "statistic" : {
        "failed" : 211,
        "broken" : 0,
        "skipped" : 0,
        "passed" : 38,
        "unknown" : 0,
        "total" : 249
      },
      "items" : [ {
        "uid" : "4d4454a22aafbc8f",
        "reportUrl" : "https://neonlabsorg.github.io/neon-compatibility/846//#testresult/4d4454a22aafbc8f",
        "status" : "failed",
        "statusDetails" : "AssertionError: assert 'Error: Coul... any sources' not in '/home/runne...patibility\\n'\n  'Error: Could not f...ns from any sources' is contained here:\n           ^\n    \n    Error: Could not find artifacts for Migrations from any sources\n        at Resolver.require (/home/runner/work/neon-compatibility/neon-compatibility/node_modules/truffle/build/webpack:/packages/resolver/dist/lib/resolver.js:61:1)\n        at Object.require (/home/runner/work/neon-compatibility/neon-compatibility/node_modules/truffle/build/webpack:/packages/migrate/index.js:172:1)\n        at ResolverIntercept.require (/home/runner/work/neon-compatibility/neon-compatibility/node_modules/truffle/build/webpack:/packages/migrate/ResolverIntercept.js:22:1)\n        at /home/runner/work/neon-compatibility/neon-compatibility/OpenZeppelin/migrations/1_initial_migration.js:1:30\n        at Script.runInContext (node:vm:139:12)\n        at Script.runInNewContext (node:vm:144:17)\n        at Object.file (/home/runner/work/neon-compatibility/neon-compatibility/node_modules/truffle/build/webpack:/packages/require/require.js:94:1)\n        at Migration._load (/home/runner/work/neon-compatibility/neon-compatibility/node_modules/truffle/build/webpack:/packages/migrate/Migration.js:44:1)\n        at Migration.run (/home/runner/work/neon-compatibility/neon-compatibility/node_modules/truffle/build/webpack:/packages/migrate/Migration.js:217:1)\n        at Object.runMigrations (/home/runner/work/neon-compatibility/neon-compatibility/node_modules/truffle/build/webpack:/packages/migrate/index.js:150:1)\n        at Object.runFrom (/home/runner/work/neon-compatibility/neon-compatibility/node_modules/truffle/build/webpack:/packages/migrate/index.js:110:1)\n        at Object.runAll (/home/runner/work/neon-compatibility/neon-compatibility/node_modules/truffle/build/webpack:/packages/migrate/index.js:114:1)\n        at Object.run (/home/runner/work/neon-compatibility/neon-compatibility/node_modules/truffle/build/webpack:/packages/migrate/index.js:79:1)\n        at Object.run (/home/runner/work/neon-compatibility/neon-compatibility/node_modules/truffle/build/webpack:/packages/core/lib/testing/Test.js:109:1)\n        at Object.run (/home/runner/work/neon-compatibility/neon-compatibility/node_modules/truffle/build/webpack:/packages/core/lib/commands/test/index.js:177:1)\n        at Command.run (/home/runner/work/neon-compatibility/neon-compatibility/node_modules/truffle/build/webpack:/packages/core/lib/command.js:183:1)\n    Truffle v5.4.14 (core: 5.4.14)\n    Node v16.14.0\n    /home/runner/work/neon-compatibility/neon-compatibility",
        "time" : {
          "start" : 1647218557759,
          "stop" : 1647218576361,
          "duration" : 18602
        }
      }, {
        "uid" : "2e677750feca792e",
        "reportUrl" : "https://neonlabsorg.github.io/neon-compatibility/845//#testresult/2e677750feca792e",
        "status" : "failed",
        "statusDetails" : "AssertionError: assert 'Error: Coul... any sources' not in '/home/runne...patibility\\n'\n  'Error: Could not f...ns from any sources' is contained here:\n           ^\n    \n    Error: Could not find artifacts for Migrations from any sources\n        at Resolver.require (/home/runner/work/neon-compatibility/neon-compatibility/node_modules/truffle/build/webpack:/packages/resolver/dist/lib/resolver.js:61:1)\n        at Object.require (/home/runner/work/neon-compatibility/neon-compatibility/node_modules/truffle/build/webpack:/packages/migrate/index.js:172:1)\n        at ResolverIntercept.require (/home/runner/work/neon-compatibility/neon-compatibility/node_modules/truffle/build/webpack:/packages/migrate/ResolverIntercept.js:22:1)\n        at /home/runner/work/neon-compatibility/neon-compatibility/OpenZeppelin/migrations/1_initial_migration.js:1:30\n        at Script.runInContext (node:vm:139:12)\n        at Script.runInNewContext (node:vm:144:17)\n        at Object.file (/home/runner/work/neon-compatibility/neon-compatibility/node_modules/truffle/build/webpack:/packages/require/require.js:94:1)\n        at Migration._load (/home/runner/work/neon-compatibility/neon-compatibility/node_modules/truffle/build/webpack:/packages/migrate/Migration.js:44:1)\n        at Migration.run (/home/runner/work/neon-compatibility/neon-compatibility/node_modules/truffle/build/webpack:/packages/migrate/Migration.js:217:1)\n        at Object.runMigrations (/home/runner/work/neon-compatibility/neon-compatibility/node_modules/truffle/build/webpack:/packages/migrate/index.js:150:1)\n        at Object.runFrom (/home/runner/work/neon-compatibility/neon-compatibility/node_modules/truffle/build/webpack:/packages/migrate/index.js:110:1)\n        at Object.runAll (/home/runner/work/neon-compatibility/neon-compatibility/node_modules/truffle/build/webpack:/packages/migrate/index.js:114:1)\n        at Object.run (/home/runner/work/neon-compatibility/neon-compatibility/node_modules/truffle/build/webpack:/packages/migrate/index.js:79:1)\n        at Object.run (/home/runner/work/neon-compatibility/neon-compatibility/node_modules/truffle/build/webpack:/packages/core/lib/testing/Test.js:109:1)\n        at Object.run (/home/runner/work/neon-compatibility/neon-compatibility/node_modules/truffle/build/webpack:/packages/core/lib/commands/test/index.js:177:1)\n        at Command.run (/home/runner/work/neon-compatibility/neon-compatibility/node_modules/truffle/build/webpack:/packages/core/lib/command.js:183:1)\n    Truffle v5.4.14 (core: 5.4.14)\n    Node v16.14.0\n    /home/runner/work/neon-compatibility/neon-compatibility",
        "time" : {
          "start" : 1647141235452,
          "stop" : 1647141255214,
          "duration" : 19762
        }
      }, {
        "uid" : "680bbc367fac56a",
        "reportUrl" : "https://neonlabsorg.github.io/neon-compatibility/844//#testresult/680bbc367fac56a",
        "status" : "failed",
        "statusDetails" : "AssertionError: assert 'Error: Coul... any sources' not in '/home/runne...patibility\\n'\n  'Error: Could not f...ns from any sources' is contained here:\n           ^\n    \n    Error: Could not find artifacts for Migrations from any sources\n        at Resolver.require (/home/runner/work/neon-compatibility/neon-compatibility/node_modules/truffle/build/webpack:/packages/resolver/dist/lib/resolver.js:61:1)\n        at Object.require (/home/runner/work/neon-compatibility/neon-compatibility/node_modules/truffle/build/webpack:/packages/migrate/index.js:172:1)\n        at ResolverIntercept.require (/home/runner/work/neon-compatibility/neon-compatibility/node_modules/truffle/build/webpack:/packages/migrate/ResolverIntercept.js:22:1)\n        at /home/runner/work/neon-compatibility/neon-compatibility/OpenZeppelin/migrations/1_initial_migration.js:1:30\n        at Script.runInContext (node:vm:139:12)\n        at Script.runInNewContext (node:vm:144:17)\n        at Object.file (/home/runner/work/neon-compatibility/neon-compatibility/node_modules/truffle/build/webpack:/packages/require/require.js:94:1)\n        at Migration._load (/home/runner/work/neon-compatibility/neon-compatibility/node_modules/truffle/build/webpack:/packages/migrate/Migration.js:44:1)\n        at Migration.run (/home/runner/work/neon-compatibility/neon-compatibility/node_modules/truffle/build/webpack:/packages/migrate/Migration.js:217:1)\n        at Object.runMigrations (/home/runner/work/neon-compatibility/neon-compatibility/node_modules/truffle/build/webpack:/packages/migrate/index.js:150:1)\n        at Object.runFrom (/home/runner/work/neon-compatibility/neon-compatibility/node_modules/truffle/build/webpack:/packages/migrate/index.js:110:1)\n        at Object.runAll (/home/runner/work/neon-compatibility/neon-compatibility/node_modules/truffle/build/webpack:/packages/migrate/index.js:114:1)\n        at Object.run (/home/runner/work/neon-compatibility/neon-compatibility/node_modules/truffle/build/webpack:/packages/migrate/index.js:79:1)\n        at Object.run (/home/runner/work/neon-compatibility/neon-compatibility/node_modules/truffle/build/webpack:/packages/core/lib/testing/Test.js:109:1)\n        at Object.run (/home/runner/work/neon-compatibility/neon-compatibility/node_modules/truffle/build/webpack:/packages/core/lib/commands/test/index.js:177:1)\n        at Command.run (/home/runner/work/neon-compatibility/neon-compatibility/node_modules/truffle/build/webpack:/packages/core/lib/command.js:183:1)\n    Truffle v5.4.14 (core: 5.4.14)\n    Node v16.14.0\n    /home/runner/work/neon-compatibility/neon-compatibility",
        "time" : {
          "start" : 1647131926887,
          "stop" : 1647131945702,
          "duration" : 18815
        }
      }, {
        "uid" : "6f4f36448e555448",
        "reportUrl" : "https://neonlabsorg.github.io/neon-compatibility/837//#testresult/6f4f36448e555448",
        "status" : "failed",
        "statusDetails" : "AssertionError: assert 'Error: Coul... any sources' not in '/home/runne...patibility\\n'\n  'Error: Could not f...ns from any sources' is contained here:\n           ^\n    \n    Error: Could not find artifacts for Migrations from any sources\n        at Resolver.require (/home/runner/work/neon-compatibility/neon-compatibility/node_modules/truffle/build/webpack:/packages/resolver/dist/lib/resolver.js:61:1)\n        at Object.require (/home/runner/work/neon-compatibility/neon-compatibility/node_modules/truffle/build/webpack:/packages/migrate/index.js:172:1)\n        at ResolverIntercept.require (/home/runner/work/neon-compatibility/neon-compatibility/node_modules/truffle/build/webpack:/packages/migrate/ResolverIntercept.js:22:1)\n        at /home/runner/work/neon-compatibility/neon-compatibility/OpenZeppelin/migrations/1_initial_migration.js:1:30\n        at Script.runInContext (node:vm:139:12)\n        at Script.runInNewContext (node:vm:144:17)\n        at Object.file (/home/runner/work/neon-compatibility/neon-compatibility/node_modules/truffle/build/webpack:/packages/require/require.js:94:1)\n        at Migration._load (/home/runner/work/neon-compatibility/neon-compatibility/node_modules/truffle/build/webpack:/packages/migrate/Migration.js:44:1)\n        at Migration.run (/home/runner/work/neon-compatibility/neon-compatibility/node_modules/truffle/build/webpack:/packages/migrate/Migration.js:217:1)\n        at Object.runMigrations (/home/runner/work/neon-compatibility/neon-compatibility/node_modules/truffle/build/webpack:/packages/migrate/index.js:150:1)\n        at Object.runFrom (/home/runner/work/neon-compatibility/neon-compatibility/node_modules/truffle/build/webpack:/packages/migrate/index.js:110:1)\n        at Object.runAll (/home/runner/work/neon-compatibility/neon-compatibility/node_modules/truffle/build/webpack:/packages/migrate/index.js:114:1)\n        at Object.run (/home/runner/work/neon-compatibility/neon-compatibility/node_modules/truffle/build/webpack:/packages/migrate/index.js:79:1)\n        at Object.run (/home/runner/work/neon-compatibility/neon-compatibility/node_modules/truffle/build/webpack:/packages/core/lib/testing/Test.js:109:1)\n        at Object.run (/home/runner/work/neon-compatibility/neon-compatibility/node_modules/truffle/build/webpack:/packages/core/lib/commands/test/index.js:177:1)\n        at Command.run (/home/runner/work/neon-compatibility/neon-compatibility/node_modules/truffle/build/webpack:/packages/core/lib/command.js:183:1)\n    Truffle v5.4.14 (core: 5.4.14)\n    Node v16.14.0\n    /home/runner/work/neon-compatibility/neon-compatibility",
        "time" : {
          "start" : 1647054833805,
          "stop" : 1647054852363,
          "duration" : 18558
        }
      }, {
        "uid" : "78ec5573bb9257f4",
        "reportUrl" : "https://neonlabsorg.github.io/neon-compatibility/836//#testresult/78ec5573bb9257f4",
        "status" : "failed",
        "statusDetails" : "AssertionError: assert 'Error: Coul... any sources' not in '/home/runne...patibility\\n'\n  'Error: Could not f...ns from any sources' is contained here:\n           ^\n    \n    Error: Could not find artifacts for Migrations from any sources\n        at Resolver.require (/home/runner/work/neon-compatibility/neon-compatibility/node_modules/truffle/build/webpack:/packages/resolver/dist/lib/resolver.js:61:1)\n        at Object.require (/home/runner/work/neon-compatibility/neon-compatibility/node_modules/truffle/build/webpack:/packages/migrate/index.js:172:1)\n        at ResolverIntercept.require (/home/runner/work/neon-compatibility/neon-compatibility/node_modules/truffle/build/webpack:/packages/migrate/ResolverIntercept.js:22:1)\n        at /home/runner/work/neon-compatibility/neon-compatibility/OpenZeppelin/migrations/1_initial_migration.js:1:30\n        at Script.runInContext (node:vm:139:12)\n        at Script.runInNewContext (node:vm:144:17)\n        at Object.file (/home/runner/work/neon-compatibility/neon-compatibility/node_modules/truffle/build/webpack:/packages/require/require.js:94:1)\n        at Migration._load (/home/runner/work/neon-compatibility/neon-compatibility/node_modules/truffle/build/webpack:/packages/migrate/Migration.js:44:1)\n        at Migration.run (/home/runner/work/neon-compatibility/neon-compatibility/node_modules/truffle/build/webpack:/packages/migrate/Migration.js:217:1)\n        at Object.runMigrations (/home/runner/work/neon-compatibility/neon-compatibility/node_modules/truffle/build/webpack:/packages/migrate/index.js:150:1)\n        at Object.runFrom (/home/runner/work/neon-compatibility/neon-compatibility/node_modules/truffle/build/webpack:/packages/migrate/index.js:110:1)\n        at Object.runAll (/home/runner/work/neon-compatibility/neon-compatibility/node_modules/truffle/build/webpack:/packages/migrate/index.js:114:1)\n        at Object.run (/home/runner/work/neon-compatibility/neon-compatibility/node_modules/truffle/build/webpack:/packages/migrate/index.js:79:1)\n        at Object.run (/home/runner/work/neon-compatibility/neon-compatibility/node_modules/truffle/build/webpack:/packages/core/lib/testing/Test.js:109:1)\n        at Object.run (/home/runner/work/neon-compatibility/neon-compatibility/node_modules/truffle/build/webpack:/packages/core/lib/commands/test/index.js:177:1)\n        at Command.run (/home/runner/work/neon-compatibility/neon-compatibility/node_modules/truffle/build/webpack:/packages/core/lib/command.js:183:1)\n    Truffle v5.4.14 (core: 5.4.14)\n    Node v16.14.0\n    /home/runner/work/neon-compatibility/neon-compatibility",
        "time" : {
          "start" : 1647045449299,
          "stop" : 1647045467737,
          "duration" : 18438
        }
      }, {
        "uid" : "ba4a505191a9f0b8",
        "reportUrl" : "https://neonlabsorg.github.io/neon-compatibility/835//#testresult/ba4a505191a9f0b8",
        "status" : "failed",
        "statusDetails" : "AssertionError: assert 'Error: Coul... any sources' not in '/home/runne...patibility\\n'\n  'Error: Could not f...ns from any sources' is contained here:\n           ^\n    \n    Error: Could not find artifacts for Migrations from any sources\n        at Resolver.require (/home/runner/work/neon-compatibility/neon-compatibility/node_modules/truffle/build/webpack:/packages/resolver/dist/lib/resolver.js:61:1)\n        at Object.require (/home/runner/work/neon-compatibility/neon-compatibility/node_modules/truffle/build/webpack:/packages/migrate/index.js:172:1)\n        at ResolverIntercept.require (/home/runner/work/neon-compatibility/neon-compatibility/node_modules/truffle/build/webpack:/packages/migrate/ResolverIntercept.js:22:1)\n        at /home/runner/work/neon-compatibility/neon-compatibility/OpenZeppelin/migrations/1_initial_migration.js:1:30\n        at Script.runInContext (node:vm:139:12)\n        at Script.runInNewContext (node:vm:144:17)\n        at Object.file (/home/runner/work/neon-compatibility/neon-compatibility/node_modules/truffle/build/webpack:/packages/require/require.js:94:1)\n        at Migration._load (/home/runner/work/neon-compatibility/neon-compatibility/node_modules/truffle/build/webpack:/packages/migrate/Migration.js:44:1)\n        at Migration.run (/home/runner/work/neon-compatibility/neon-compatibility/node_modules/truffle/build/webpack:/packages/migrate/Migration.js:217:1)\n        at Object.runMigrations (/home/runner/work/neon-compatibility/neon-compatibility/node_modules/truffle/build/webpack:/packages/migrate/index.js:150:1)\n        at Object.runFrom (/home/runner/work/neon-compatibility/neon-compatibility/node_modules/truffle/build/webpack:/packages/migrate/index.js:110:1)\n        at Object.runAll (/home/runner/work/neon-compatibility/neon-compatibility/node_modules/truffle/build/webpack:/packages/migrate/index.js:114:1)\n        at Object.run (/home/runner/work/neon-compatibility/neon-compatibility/node_modules/truffle/build/webpack:/packages/migrate/index.js:79:1)\n        at Object.run (/home/runner/work/neon-compatibility/neon-compatibility/node_modules/truffle/build/webpack:/packages/core/lib/testing/Test.js:109:1)\n        at Object.run (/home/runner/work/neon-compatibility/neon-compatibility/node_modules/truffle/build/webpack:/packages/core/lib/commands/test/index.js:177:1)\n        at Command.run (/home/runner/work/neon-compatibility/neon-compatibility/node_modules/truffle/build/webpack:/packages/core/lib/command.js:183:1)\n    Truffle v5.4.14 (core: 5.4.14)\n    Node v16.14.0\n    /home/runner/work/neon-compatibility/neon-compatibility",
        "time" : {
          "start" : 1646998718977,
          "stop" : 1646998737442,
          "duration" : 18465
        }
      }, {
        "uid" : "234e0229b5ef18cc",
        "reportUrl" : "https://neonlabsorg.github.io/neon-compatibility/833//#testresult/234e0229b5ef18cc",
        "status" : "failed",
        "statusDetails" : "AssertionError: assert 'Error: Coul... any sources' not in '/home/runne...patibility\\n'\n  'Error: Could not f...ns from any sources' is contained here:\n           ^\n    \n    Error: Could not find artifacts for Migrations from any sources\n        at Resolver.require (/home/runner/work/neon-compatibility/neon-compatibility/node_modules/truffle/build/webpack:/packages/resolver/dist/lib/resolver.js:61:1)\n        at Object.require (/home/runner/work/neon-compatibility/neon-compatibility/node_modules/truffle/build/webpack:/packages/migrate/index.js:172:1)\n        at ResolverIntercept.require (/home/runner/work/neon-compatibility/neon-compatibility/node_modules/truffle/build/webpack:/packages/migrate/ResolverIntercept.js:22:1)\n        at /home/runner/work/neon-compatibility/neon-compatibility/OpenZeppelin/migrations/1_initial_migration.js:1:30\n        at Script.runInContext (node:vm:139:12)\n        at Script.runInNewContext (node:vm:144:17)\n        at Object.file (/home/runner/work/neon-compatibility/neon-compatibility/node_modules/truffle/build/webpack:/packages/require/require.js:94:1)\n        at Migration._load (/home/runner/work/neon-compatibility/neon-compatibility/node_modules/truffle/build/webpack:/packages/migrate/Migration.js:44:1)\n        at Migration.run (/home/runner/work/neon-compatibility/neon-compatibility/node_modules/truffle/build/webpack:/packages/migrate/Migration.js:217:1)\n        at Object.runMigrations (/home/runner/work/neon-compatibility/neon-compatibility/node_modules/truffle/build/webpack:/packages/migrate/index.js:150:1)\n        at Object.runFrom (/home/runner/work/neon-compatibility/neon-compatibility/node_modules/truffle/build/webpack:/packages/migrate/index.js:110:1)\n        at Object.runAll (/home/runner/work/neon-compatibility/neon-compatibility/node_modules/truffle/build/webpack:/packages/migrate/index.js:114:1)\n        at Object.run (/home/runner/work/neon-compatibility/neon-compatibility/node_modules/truffle/build/webpack:/packages/migrate/index.js:79:1)\n        at Object.run (/home/runner/work/neon-compatibility/neon-compatibility/node_modules/truffle/build/webpack:/packages/core/lib/testing/Test.js:109:1)\n        at Object.run (/home/runner/work/neon-compatibility/neon-compatibility/node_modules/truffle/build/webpack:/packages/core/lib/commands/test/index.js:177:1)\n        at Command.run (/home/runner/work/neon-compatibility/neon-compatibility/node_modules/truffle/build/webpack:/packages/core/lib/command.js:183:1)\n    Truffle v5.4.14 (core: 5.4.14)\n    Node v16.14.0\n    /home/runner/work/neon-compatibility/neon-compatibility",
        "time" : {
          "start" : 1646968557160,
          "stop" : 1646968576294,
          "duration" : 19134
        }
      }, {
        "uid" : "20cbe72b6dd6340",
        "reportUrl" : "https://neonlabsorg.github.io/neon-compatibility/832//#testresult/20cbe72b6dd6340",
        "status" : "failed",
        "statusDetails" : "AssertionError: assert 'Error: Coul... any sources' not in '/home/runne...patibility\\n'\n  'Error: Could not f...ns from any sources' is contained here:\n           ^\n    \n    Error: Could not find artifacts for Migrations from any sources\n        at Resolver.require (/home/runner/work/neon-compatibility/neon-compatibility/node_modules/truffle/build/webpack:/packages/resolver/dist/lib/resolver.js:61:1)\n        at Object.require (/home/runner/work/neon-compatibility/neon-compatibility/node_modules/truffle/build/webpack:/packages/migrate/index.js:172:1)\n        at ResolverIntercept.require (/home/runner/work/neon-compatibility/neon-compatibility/node_modules/truffle/build/webpack:/packages/migrate/ResolverIntercept.js:22:1)\n        at /home/runner/work/neon-compatibility/neon-compatibility/OpenZeppelin/migrations/1_initial_migration.js:1:30\n        at Script.runInContext (node:vm:139:12)\n        at Script.runInNewContext (node:vm:144:17)\n        at Object.file (/home/runner/work/neon-compatibility/neon-compatibility/node_modules/truffle/build/webpack:/packages/require/require.js:94:1)\n        at Migration._load (/home/runner/work/neon-compatibility/neon-compatibility/node_modules/truffle/build/webpack:/packages/migrate/Migration.js:44:1)\n        at Migration.run (/home/runner/work/neon-compatibility/neon-compatibility/node_modules/truffle/build/webpack:/packages/migrate/Migration.js:217:1)\n        at Object.runMigrations (/home/runner/work/neon-compatibility/neon-compatibility/node_modules/truffle/build/webpack:/packages/migrate/index.js:150:1)\n        at Object.runFrom (/home/runner/work/neon-compatibility/neon-compatibility/node_modules/truffle/build/webpack:/packages/migrate/index.js:110:1)\n        at Object.runAll (/home/runner/work/neon-compatibility/neon-compatibility/node_modules/truffle/build/webpack:/packages/migrate/index.js:114:1)\n        at Object.run (/home/runner/work/neon-compatibility/neon-compatibility/node_modules/truffle/build/webpack:/packages/migrate/index.js:79:1)\n        at Object.run (/home/runner/work/neon-compatibility/neon-compatibility/node_modules/truffle/build/webpack:/packages/core/lib/testing/Test.js:109:1)\n        at Object.run (/home/runner/work/neon-compatibility/neon-compatibility/node_modules/truffle/build/webpack:/packages/core/lib/commands/test/index.js:177:1)\n        at Command.run (/home/runner/work/neon-compatibility/neon-compatibility/node_modules/truffle/build/webpack:/packages/core/lib/command.js:183:1)\n    Truffle v5.4.14 (core: 5.4.14)\n    Node v16.14.0\n    /home/runner/work/neon-compatibility/neon-compatibility",
        "time" : {
          "start" : 1646959371556,
          "stop" : 1646959389463,
          "duration" : 17907
        }
      }, {
        "uid" : "9071b46650bca4c7",
        "reportUrl" : "https://neonlabsorg.github.io/neon-compatibility/828//#testresult/9071b46650bca4c7",
        "status" : "failed",
        "statusDetails" : "AssertionError: assert 'Error: Coul... any sources' not in '/home/runne...patibility\\n'\n  'Error: Could not f...ns from any sources' is contained here:\n           ^\n    \n    Error: Could not find artifacts for Migrations from any sources\n        at Resolver.require (/home/runner/work/neon-compatibility/neon-compatibility/node_modules/truffle/build/webpack:/packages/resolver/dist/lib/resolver.js:61:1)\n        at Object.require (/home/runner/work/neon-compatibility/neon-compatibility/node_modules/truffle/build/webpack:/packages/migrate/index.js:172:1)\n        at ResolverIntercept.require (/home/runner/work/neon-compatibility/neon-compatibility/node_modules/truffle/build/webpack:/packages/migrate/ResolverIntercept.js:22:1)\n        at /home/runner/work/neon-compatibility/neon-compatibility/OpenZeppelin/migrations/1_initial_migration.js:1:30\n        at Script.runInContext (node:vm:139:12)\n        at Script.runInNewContext (node:vm:144:17)\n        at Object.file (/home/runner/work/neon-compatibility/neon-compatibility/node_modules/truffle/build/webpack:/packages/require/require.js:94:1)\n        at Migration._load (/home/runner/work/neon-compatibility/neon-compatibility/node_modules/truffle/build/webpack:/packages/migrate/Migration.js:44:1)\n        at Migration.run (/home/runner/work/neon-compatibility/neon-compatibility/node_modules/truffle/build/webpack:/packages/migrate/Migration.js:217:1)\n        at Object.runMigrations (/home/runner/work/neon-compatibility/neon-compatibility/node_modules/truffle/build/webpack:/packages/migrate/index.js:150:1)\n        at Object.runFrom (/home/runner/work/neon-compatibility/neon-compatibility/node_modules/truffle/build/webpack:/packages/migrate/index.js:110:1)\n        at Object.runAll (/home/runner/work/neon-compatibility/neon-compatibility/node_modules/truffle/build/webpack:/packages/migrate/index.js:114:1)\n        at Object.run (/home/runner/work/neon-compatibility/neon-compatibility/node_modules/truffle/build/webpack:/packages/migrate/index.js:79:1)\n        at Object.run (/home/runner/work/neon-compatibility/neon-compatibility/node_modules/truffle/build/webpack:/packages/core/lib/testing/Test.js:109:1)\n        at Object.run (/home/runner/work/neon-compatibility/neon-compatibility/node_modules/truffle/build/webpack:/packages/core/lib/commands/test/index.js:177:1)\n        at Command.run (/home/runner/work/neon-compatibility/neon-compatibility/node_modules/truffle/build/webpack:/packages/core/lib/command.js:183:1)\n    Truffle v5.4.14 (core: 5.4.14)\n    Node v16.14.0\n    /home/runner/work/neon-compatibility/neon-compatibility",
        "time" : {
          "start" : 1646882420977,
          "stop" : 1646882444577,
          "duration" : 23600
        }
      }, {
        "uid" : "769d4075241bb86d",
        "reportUrl" : "https://neonlabsorg.github.io/neon-compatibility/827//#testresult/769d4075241bb86d",
        "status" : "failed",
        "statusDetails" : "AssertionError: assert 'Error: Coul... any sources' not in '/home/runne...patibility\\n'\n  'Error: Could not f...ns from any sources' is contained here:\n           ^\n    \n    Error: Could not find artifacts for Migrations from any sources\n        at Resolver.require (/home/runner/work/neon-compatibility/neon-compatibility/node_modules/truffle/build/webpack:/packages/resolver/dist/lib/resolver.js:61:1)\n        at Object.require (/home/runner/work/neon-compatibility/neon-compatibility/node_modules/truffle/build/webpack:/packages/migrate/index.js:172:1)\n        at ResolverIntercept.require (/home/runner/work/neon-compatibility/neon-compatibility/node_modules/truffle/build/webpack:/packages/migrate/ResolverIntercept.js:22:1)\n        at /home/runner/work/neon-compatibility/neon-compatibility/OpenZeppelin/migrations/1_initial_migration.js:1:30\n        at Script.runInContext (node:vm:139:12)\n        at Script.runInNewContext (node:vm:144:17)\n        at Object.file (/home/runner/work/neon-compatibility/neon-compatibility/node_modules/truffle/build/webpack:/packages/require/require.js:94:1)\n        at Migration._load (/home/runner/work/neon-compatibility/neon-compatibility/node_modules/truffle/build/webpack:/packages/migrate/Migration.js:44:1)\n        at Migration.run (/home/runner/work/neon-compatibility/neon-compatibility/node_modules/truffle/build/webpack:/packages/migrate/Migration.js:217:1)\n        at Object.runMigrations (/home/runner/work/neon-compatibility/neon-compatibility/node_modules/truffle/build/webpack:/packages/migrate/index.js:150:1)\n        at Object.runFrom (/home/runner/work/neon-compatibility/neon-compatibility/node_modules/truffle/build/webpack:/packages/migrate/index.js:110:1)\n        at Object.runAll (/home/runner/work/neon-compatibility/neon-compatibility/node_modules/truffle/build/webpack:/packages/migrate/index.js:114:1)\n        at Object.run (/home/runner/work/neon-compatibility/neon-compatibility/node_modules/truffle/build/webpack:/packages/migrate/index.js:79:1)\n        at Object.run (/home/runner/work/neon-compatibility/neon-compatibility/node_modules/truffle/build/webpack:/packages/core/lib/testing/Test.js:109:1)\n        at Object.run (/home/runner/work/neon-compatibility/neon-compatibility/node_modules/truffle/build/webpack:/packages/core/lib/commands/test/index.js:177:1)\n        at Command.run (/home/runner/work/neon-compatibility/neon-compatibility/node_modules/truffle/build/webpack:/packages/core/lib/command.js:183:1)\n    Truffle v5.4.14 (core: 5.4.14)\n    Node v16.14.0\n    /home/runner/work/neon-compatibility/neon-compatibility",
        "time" : {
          "start" : 1646872806704,
          "stop" : 1646872824404,
          "duration" : 17700
        }
      }, {
        "uid" : "1ee14eec0c42ccb",
        "reportUrl" : "https://neonlabsorg.github.io/neon-compatibility/824//#testresult/1ee14eec0c42ccb",
        "status" : "failed",
        "statusDetails" : "AssertionError: assert 'Error: Coul... any sources' not in '/home/runne...patibility\\n'\n  'Error: Could not f...ns from any sources' is contained here:\n           ^\n    \n    Error: Could not find artifacts for Migrations from any sources\n        at Resolver.require (/home/runner/work/neon-compatibility/neon-compatibility/node_modules/truffle/build/webpack:/packages/resolver/dist/lib/resolver.js:61:1)\n        at Object.require (/home/runner/work/neon-compatibility/neon-compatibility/node_modules/truffle/build/webpack:/packages/migrate/index.js:172:1)\n        at ResolverIntercept.require (/home/runner/work/neon-compatibility/neon-compatibility/node_modules/truffle/build/webpack:/packages/migrate/ResolverIntercept.js:22:1)\n        at /home/runner/work/neon-compatibility/neon-compatibility/OpenZeppelin/migrations/1_initial_migration.js:1:30\n        at Script.runInContext (node:vm:139:12)\n        at Script.runInNewContext (node:vm:144:17)\n        at Object.file (/home/runner/work/neon-compatibility/neon-compatibility/node_modules/truffle/build/webpack:/packages/require/require.js:94:1)\n        at Migration._load (/home/runner/work/neon-compatibility/neon-compatibility/node_modules/truffle/build/webpack:/packages/migrate/Migration.js:44:1)\n        at Migration.run (/home/runner/work/neon-compatibility/neon-compatibility/node_modules/truffle/build/webpack:/packages/migrate/Migration.js:217:1)\n        at Object.runMigrations (/home/runner/work/neon-compatibility/neon-compatibility/node_modules/truffle/build/webpack:/packages/migrate/index.js:150:1)\n        at Object.runFrom (/home/runner/work/neon-compatibility/neon-compatibility/node_modules/truffle/build/webpack:/packages/migrate/index.js:110:1)\n        at Object.runAll (/home/runner/work/neon-compatibility/neon-compatibility/node_modules/truffle/build/webpack:/packages/migrate/index.js:114:1)\n        at Object.run (/home/runner/work/neon-compatibility/neon-compatibility/node_modules/truffle/build/webpack:/packages/migrate/index.js:79:1)\n        at Object.run (/home/runner/work/neon-compatibility/neon-compatibility/node_modules/truffle/build/webpack:/packages/core/lib/testing/Test.js:109:1)\n        at Object.run (/home/runner/work/neon-compatibility/neon-compatibility/node_modules/truffle/build/webpack:/packages/core/lib/commands/test/index.js:177:1)\n        at Command.run (/home/runner/work/neon-compatibility/neon-compatibility/node_modules/truffle/build/webpack:/packages/core/lib/command.js:183:1)\n    Truffle v5.4.14 (core: 5.4.14)\n    Node v16.14.0\n    /home/runner/work/neon-compatibility/neon-compatibility",
        "time" : {
          "start" : 1646816377347,
          "stop" : 1646816395559,
          "duration" : 18212
        }
      }, {
        "uid" : "ca27d8a6ced17c30",
        "reportUrl" : "https://neonlabsorg.github.io/neon-compatibility/822//#testresult/ca27d8a6ced17c30",
        "status" : "failed",
        "statusDetails" : "AssertionError: assert 'Error: Coul... any sources' not in '/home/runne...patibility\\n'\n  'Error: Could not f...ns from any sources' is contained here:\n           ^\n    \n    Error: Could not find artifacts for Migrations from any sources\n        at Resolver.require (/home/runner/work/neon-compatibility/neon-compatibility/node_modules/truffle/build/webpack:/packages/resolver/dist/lib/resolver.js:61:1)\n        at Object.require (/home/runner/work/neon-compatibility/neon-compatibility/node_modules/truffle/build/webpack:/packages/migrate/index.js:172:1)\n        at ResolverIntercept.require (/home/runner/work/neon-compatibility/neon-compatibility/node_modules/truffle/build/webpack:/packages/migrate/ResolverIntercept.js:22:1)\n        at /home/runner/work/neon-compatibility/neon-compatibility/OpenZeppelin/migrations/1_initial_migration.js:1:30\n        at Script.runInContext (node:vm:139:12)\n        at Script.runInNewContext (node:vm:144:17)\n        at Object.file (/home/runner/work/neon-compatibility/neon-compatibility/node_modules/truffle/build/webpack:/packages/require/require.js:94:1)\n        at Migration._load (/home/runner/work/neon-compatibility/neon-compatibility/node_modules/truffle/build/webpack:/packages/migrate/Migration.js:44:1)\n        at Migration.run (/home/runner/work/neon-compatibility/neon-compatibility/node_modules/truffle/build/webpack:/packages/migrate/Migration.js:217:1)\n        at Object.runMigrations (/home/runner/work/neon-compatibility/neon-compatibility/node_modules/truffle/build/webpack:/packages/migrate/index.js:150:1)\n        at Object.runFrom (/home/runner/work/neon-compatibility/neon-compatibility/node_modules/truffle/build/webpack:/packages/migrate/index.js:110:1)\n        at Object.runAll (/home/runner/work/neon-compatibility/neon-compatibility/node_modules/truffle/build/webpack:/packages/migrate/index.js:114:1)\n        at Object.run (/home/runner/work/neon-compatibility/neon-compatibility/node_modules/truffle/build/webpack:/packages/migrate/index.js:79:1)\n        at Object.run (/home/runner/work/neon-compatibility/neon-compatibility/node_modules/truffle/build/webpack:/packages/core/lib/testing/Test.js:109:1)\n        at Object.run (/home/runner/work/neon-compatibility/neon-compatibility/node_modules/truffle/build/webpack:/packages/core/lib/commands/test/index.js:177:1)\n        at Command.run (/home/runner/work/neon-compatibility/neon-compatibility/node_modules/truffle/build/webpack:/packages/core/lib/command.js:183:1)\n    Truffle v5.4.14 (core: 5.4.14)\n    Node v16.14.0\n    /home/runner/work/neon-compatibility/neon-compatibility",
        "time" : {
          "start" : 1646800121107,
          "stop" : 1646800139848,
          "duration" : 18741
        }
      }, {
        "uid" : "2ae86d0978edd205",
        "reportUrl" : "https://neonlabsorg.github.io/neon-compatibility/821//#testresult/2ae86d0978edd205",
        "status" : "failed",
        "statusDetails" : "AssertionError: assert 'Error: Coul... any sources' not in '/home/runne...patibility\\n'\n  'Error: Could not f...ns from any sources' is contained here:\n           ^\n    \n    Error: Could not find artifacts for Migrations from any sources\n        at Resolver.require (/home/runner/work/neon-compatibility/neon-compatibility/node_modules/truffle/build/webpack:/packages/resolver/dist/lib/resolver.js:61:1)\n        at Object.require (/home/runner/work/neon-compatibility/neon-compatibility/node_modules/truffle/build/webpack:/packages/migrate/index.js:172:1)\n        at ResolverIntercept.require (/home/runner/work/neon-compatibility/neon-compatibility/node_modules/truffle/build/webpack:/packages/migrate/ResolverIntercept.js:22:1)\n        at /home/runner/work/neon-compatibility/neon-compatibility/OpenZeppelin/migrations/1_initial_migration.js:1:30\n        at Script.runInContext (node:vm:139:12)\n        at Script.runInNewContext (node:vm:144:17)\n        at Object.file (/home/runner/work/neon-compatibility/neon-compatibility/node_modules/truffle/build/webpack:/packages/require/require.js:94:1)\n        at Migration._load (/home/runner/work/neon-compatibility/neon-compatibility/node_modules/truffle/build/webpack:/packages/migrate/Migration.js:44:1)\n        at Migration.run (/home/runner/work/neon-compatibility/neon-compatibility/node_modules/truffle/build/webpack:/packages/migrate/Migration.js:217:1)\n        at Object.runMigrations (/home/runner/work/neon-compatibility/neon-compatibility/node_modules/truffle/build/webpack:/packages/migrate/index.js:150:1)\n        at Object.runFrom (/home/runner/work/neon-compatibility/neon-compatibility/node_modules/truffle/build/webpack:/packages/migrate/index.js:110:1)\n        at Object.runAll (/home/runner/work/neon-compatibility/neon-compatibility/node_modules/truffle/build/webpack:/packages/migrate/index.js:114:1)\n        at Object.run (/home/runner/work/neon-compatibility/neon-compatibility/node_modules/truffle/build/webpack:/packages/migrate/index.js:79:1)\n        at Object.run (/home/runner/work/neon-compatibility/neon-compatibility/node_modules/truffle/build/webpack:/packages/core/lib/testing/Test.js:109:1)\n        at Object.run (/home/runner/work/neon-compatibility/neon-compatibility/node_modules/truffle/build/webpack:/packages/core/lib/commands/test/index.js:177:1)\n        at Command.run (/home/runner/work/neon-compatibility/neon-compatibility/node_modules/truffle/build/webpack:/packages/core/lib/command.js:183:1)\n    Truffle v5.4.14 (core: 5.4.14)\n    Node v16.14.0\n    /home/runner/work/neon-compatibility/neon-compatibility",
        "time" : {
          "start" : 1646795658734,
          "stop" : 1646795677155,
          "duration" : 18421
        }
      }, {
        "uid" : "790fd59d94a50f7b",
        "reportUrl" : "https://neonlabsorg.github.io/neon-compatibility/820//#testresult/790fd59d94a50f7b",
        "status" : "failed",
        "statusDetails" : "AssertionError: assert 'Error: Coul... any sources' not in '/home/runne...patibility\\n'\n  'Error: Could not f...ns from any sources' is contained here:\n           ^\n    \n    Error: Could not find artifacts for Migrations from any sources\n        at Resolver.require (/home/runner/work/neon-compatibility/neon-compatibility/node_modules/truffle/build/webpack:/packages/resolver/dist/lib/resolver.js:61:1)\n        at Object.require (/home/runner/work/neon-compatibility/neon-compatibility/node_modules/truffle/build/webpack:/packages/migrate/index.js:172:1)\n        at ResolverIntercept.require (/home/runner/work/neon-compatibility/neon-compatibility/node_modules/truffle/build/webpack:/packages/migrate/ResolverIntercept.js:22:1)\n        at /home/runner/work/neon-compatibility/neon-compatibility/OpenZeppelin/migrations/1_initial_migration.js:1:30\n        at Script.runInContext (node:vm:139:12)\n        at Script.runInNewContext (node:vm:144:17)\n        at Object.file (/home/runner/work/neon-compatibility/neon-compatibility/node_modules/truffle/build/webpack:/packages/require/require.js:94:1)\n        at Migration._load (/home/runner/work/neon-compatibility/neon-compatibility/node_modules/truffle/build/webpack:/packages/migrate/Migration.js:44:1)\n        at Migration.run (/home/runner/work/neon-compatibility/neon-compatibility/node_modules/truffle/build/webpack:/packages/migrate/Migration.js:217:1)\n        at Object.runMigrations (/home/runner/work/neon-compatibility/neon-compatibility/node_modules/truffle/build/webpack:/packages/migrate/index.js:150:1)\n        at Object.runFrom (/home/runner/work/neon-compatibility/neon-compatibility/node_modules/truffle/build/webpack:/packages/migrate/index.js:110:1)\n        at Object.runAll (/home/runner/work/neon-compatibility/neon-compatibility/node_modules/truffle/build/webpack:/packages/migrate/index.js:114:1)\n        at Object.run (/home/runner/work/neon-compatibility/neon-compatibility/node_modules/truffle/build/webpack:/packages/migrate/index.js:79:1)\n        at Object.run (/home/runner/work/neon-compatibility/neon-compatibility/node_modules/truffle/build/webpack:/packages/core/lib/testing/Test.js:109:1)\n        at Object.run (/home/runner/work/neon-compatibility/neon-compatibility/node_modules/truffle/build/webpack:/packages/core/lib/commands/test/index.js:177:1)\n        at Command.run (/home/runner/work/neon-compatibility/neon-compatibility/node_modules/truffle/build/webpack:/packages/core/lib/command.js:183:1)\n    Truffle v5.4.14 (core: 5.4.14)\n    Node v16.14.0\n    /home/runner/work/neon-compatibility/neon-compatibility",
        "time" : {
          "start" : 1646786363111,
          "stop" : 1646786381473,
          "duration" : 18362
        }
      }, {
        "uid" : "32bf2e0d0be29e90",
        "reportUrl" : "https://neonlabsorg.github.io/neon-compatibility/819//#testresult/32bf2e0d0be29e90",
        "status" : "failed",
        "statusDetails" : "AssertionError: assert 'Error: Coul... any sources' not in '/home/runne...patibility\\n'\n  'Error: Could not f...ns from any sources' is contained here:\n           ^\n    \n    Error: Could not find artifacts for Migrations from any sources\n        at Resolver.require (/home/runner/work/neon-compatibility/neon-compatibility/node_modules/truffle/build/webpack:/packages/resolver/dist/lib/resolver.js:61:1)\n        at Object.require (/home/runner/work/neon-compatibility/neon-compatibility/node_modules/truffle/build/webpack:/packages/migrate/index.js:172:1)\n        at ResolverIntercept.require (/home/runner/work/neon-compatibility/neon-compatibility/node_modules/truffle/build/webpack:/packages/migrate/ResolverIntercept.js:22:1)\n        at /home/runner/work/neon-compatibility/neon-compatibility/OpenZeppelin/migrations/1_initial_migration.js:1:30\n        at Script.runInContext (node:vm:139:12)\n        at Script.runInNewContext (node:vm:144:17)\n        at Object.file (/home/runner/work/neon-compatibility/neon-compatibility/node_modules/truffle/build/webpack:/packages/require/require.js:94:1)\n        at Migration._load (/home/runner/work/neon-compatibility/neon-compatibility/node_modules/truffle/build/webpack:/packages/migrate/Migration.js:44:1)\n        at Migration.run (/home/runner/work/neon-compatibility/neon-compatibility/node_modules/truffle/build/webpack:/packages/migrate/Migration.js:217:1)\n        at Object.runMigrations (/home/runner/work/neon-compatibility/neon-compatibility/node_modules/truffle/build/webpack:/packages/migrate/index.js:150:1)\n        at Object.runFrom (/home/runner/work/neon-compatibility/neon-compatibility/node_modules/truffle/build/webpack:/packages/migrate/index.js:110:1)\n        at Object.runAll (/home/runner/work/neon-compatibility/neon-compatibility/node_modules/truffle/build/webpack:/packages/migrate/index.js:114:1)\n        at Object.run (/home/runner/work/neon-compatibility/neon-compatibility/node_modules/truffle/build/webpack:/packages/migrate/index.js:79:1)\n        at Object.run (/home/runner/work/neon-compatibility/neon-compatibility/node_modules/truffle/build/webpack:/packages/core/lib/testing/Test.js:109:1)\n        at Object.run (/home/runner/work/neon-compatibility/neon-compatibility/node_modules/truffle/build/webpack:/packages/core/lib/commands/test/index.js:177:1)\n        at Command.run (/home/runner/work/neon-compatibility/neon-compatibility/node_modules/truffle/build/webpack:/packages/core/lib/command.js:183:1)\n    Truffle v5.4.14 (core: 5.4.14)\n    Node v16.14.0\n    /home/runner/work/neon-compatibility/neon-compatibility",
        "time" : {
          "start" : 1646780385601,
          "stop" : 1646780403863,
          "duration" : 18262
        }
      }, {
        "uid" : "7afa8dd202d47f2d",
        "reportUrl" : "https://neonlabsorg.github.io/neon-compatibility/817//#testresult/7afa8dd202d47f2d",
        "status" : "failed",
        "statusDetails" : "AssertionError: assert 'Error: Coul... any sources' not in '/home/runne...patibility\\n'\n  'Error: Could not f...ns from any sources' is contained here:\n           ^\n    \n    Error: Could not find artifacts for Migrations from any sources\n        at Resolver.require (/home/runner/work/neon-compatibility/neon-compatibility/node_modules/truffle/build/webpack:/packages/resolver/dist/lib/resolver.js:61:1)\n        at Object.require (/home/runner/work/neon-compatibility/neon-compatibility/node_modules/truffle/build/webpack:/packages/migrate/index.js:172:1)\n        at ResolverIntercept.require (/home/runner/work/neon-compatibility/neon-compatibility/node_modules/truffle/build/webpack:/packages/migrate/ResolverIntercept.js:22:1)\n        at /home/runner/work/neon-compatibility/neon-compatibility/OpenZeppelin/migrations/1_initial_migration.js:1:30\n        at Script.runInContext (node:vm:139:12)\n        at Script.runInNewContext (node:vm:144:17)\n        at Object.file (/home/runner/work/neon-compatibility/neon-compatibility/node_modules/truffle/build/webpack:/packages/require/require.js:94:1)\n        at Migration._load (/home/runner/work/neon-compatibility/neon-compatibility/node_modules/truffle/build/webpack:/packages/migrate/Migration.js:44:1)\n        at Migration.run (/home/runner/work/neon-compatibility/neon-compatibility/node_modules/truffle/build/webpack:/packages/migrate/Migration.js:217:1)\n        at Object.runMigrations (/home/runner/work/neon-compatibility/neon-compatibility/node_modules/truffle/build/webpack:/packages/migrate/index.js:150:1)\n        at Object.runFrom (/home/runner/work/neon-compatibility/neon-compatibility/node_modules/truffle/build/webpack:/packages/migrate/index.js:110:1)\n        at Object.runAll (/home/runner/work/neon-compatibility/neon-compatibility/node_modules/truffle/build/webpack:/packages/migrate/index.js:114:1)\n        at Object.run (/home/runner/work/neon-compatibility/neon-compatibility/node_modules/truffle/build/webpack:/packages/migrate/index.js:79:1)\n        at Object.run (/home/runner/work/neon-compatibility/neon-compatibility/node_modules/truffle/build/webpack:/packages/core/lib/testing/Test.js:109:1)\n        at Object.run (/home/runner/work/neon-compatibility/neon-compatibility/node_modules/truffle/build/webpack:/packages/core/lib/commands/test/index.js:177:1)\n        at Command.run (/home/runner/work/neon-compatibility/neon-compatibility/node_modules/truffle/build/webpack:/packages/core/lib/command.js:183:1)\n    Truffle v5.4.14 (core: 5.4.14)\n    Node v16.14.0\n    /home/runner/work/neon-compatibility/neon-compatibility",
        "time" : {
          "start" : 1646722555280,
          "stop" : 1646722574032,
          "duration" : 18752
        }
      }, {
        "uid" : "531647733bf53014",
        "reportUrl" : "https://neonlabsorg.github.io/neon-compatibility/816//#testresult/531647733bf53014",
        "status" : "failed",
        "statusDetails" : "AssertionError: assert 'Error: Coul... any sources' not in '/home/runne...patibility\\n'\n  'Error: Could not f...ns from any sources' is contained here:\n           ^\n    \n    Error: Could not find artifacts for Migrations from any sources\n        at Resolver.require (/home/runner/work/neon-compatibility/neon-compatibility/node_modules/truffle/build/webpack:/packages/resolver/dist/lib/resolver.js:61:1)\n        at Object.require (/home/runner/work/neon-compatibility/neon-compatibility/node_modules/truffle/build/webpack:/packages/migrate/index.js:172:1)\n        at ResolverIntercept.require (/home/runner/work/neon-compatibility/neon-compatibility/node_modules/truffle/build/webpack:/packages/migrate/ResolverIntercept.js:22:1)\n        at /home/runner/work/neon-compatibility/neon-compatibility/OpenZeppelin/migrations/1_initial_migration.js:1:30\n        at Script.runInContext (node:vm:139:12)\n        at Script.runInNewContext (node:vm:144:17)\n        at Object.file (/home/runner/work/neon-compatibility/neon-compatibility/node_modules/truffle/build/webpack:/packages/require/require.js:94:1)\n        at Migration._load (/home/runner/work/neon-compatibility/neon-compatibility/node_modules/truffle/build/webpack:/packages/migrate/Migration.js:44:1)\n        at Migration.run (/home/runner/work/neon-compatibility/neon-compatibility/node_modules/truffle/build/webpack:/packages/migrate/Migration.js:217:1)\n        at Object.runMigrations (/home/runner/work/neon-compatibility/neon-compatibility/node_modules/truffle/build/webpack:/packages/migrate/index.js:150:1)\n        at Object.runFrom (/home/runner/work/neon-compatibility/neon-compatibility/node_modules/truffle/build/webpack:/packages/migrate/index.js:110:1)\n        at Object.runAll (/home/runner/work/neon-compatibility/neon-compatibility/node_modules/truffle/build/webpack:/packages/migrate/index.js:114:1)\n        at Object.run (/home/runner/work/neon-compatibility/neon-compatibility/node_modules/truffle/build/webpack:/packages/migrate/index.js:79:1)\n        at Object.run (/home/runner/work/neon-compatibility/neon-compatibility/node_modules/truffle/build/webpack:/packages/core/lib/testing/Test.js:109:1)\n        at Object.run (/home/runner/work/neon-compatibility/neon-compatibility/node_modules/truffle/build/webpack:/packages/core/lib/commands/test/index.js:177:1)\n        at Command.run (/home/runner/work/neon-compatibility/neon-compatibility/node_modules/truffle/build/webpack:/packages/core/lib/command.js:183:1)\n    Truffle v5.4.14 (core: 5.4.14)\n    Node v16.14.0\n    /home/runner/work/neon-compatibility/neon-compatibility",
        "time" : {
          "start" : 1646709251435,
          "stop" : 1646709269707,
          "duration" : 18272
        }
      }, {
        "uid" : "9aaec9a563092f53",
        "reportUrl" : "https://neonlabsorg.github.io/neon-compatibility/815//#testresult/9aaec9a563092f53",
        "status" : "failed",
        "statusDetails" : "AssertionError: assert 'Error: Coul... any sources' not in '/home/runne...patibility\\n'\n  'Error: Could not f...ns from any sources' is contained here:\n           ^\n    \n    Error: Could not find artifacts for Migrations from any sources\n        at Resolver.require (/home/runner/work/neon-compatibility/neon-compatibility/node_modules/truffle/build/webpack:/packages/resolver/dist/lib/resolver.js:61:1)\n        at Object.require (/home/runner/work/neon-compatibility/neon-compatibility/node_modules/truffle/build/webpack:/packages/migrate/index.js:172:1)\n        at ResolverIntercept.require (/home/runner/work/neon-compatibility/neon-compatibility/node_modules/truffle/build/webpack:/packages/migrate/ResolverIntercept.js:22:1)\n        at /home/runner/work/neon-compatibility/neon-compatibility/OpenZeppelin/migrations/1_initial_migration.js:1:30\n        at Script.runInContext (node:vm:139:12)\n        at Script.runInNewContext (node:vm:144:17)\n        at Object.file (/home/runner/work/neon-compatibility/neon-compatibility/node_modules/truffle/build/webpack:/packages/require/require.js:94:1)\n        at Migration._load (/home/runner/work/neon-compatibility/neon-compatibility/node_modules/truffle/build/webpack:/packages/migrate/Migration.js:44:1)\n        at Migration.run (/home/runner/work/neon-compatibility/neon-compatibility/node_modules/truffle/build/webpack:/packages/migrate/Migration.js:217:1)\n        at Object.runMigrations (/home/runner/work/neon-compatibility/neon-compatibility/node_modules/truffle/build/webpack:/packages/migrate/index.js:150:1)\n        at Object.runFrom (/home/runner/work/neon-compatibility/neon-compatibility/node_modules/truffle/build/webpack:/packages/migrate/index.js:110:1)\n        at Object.runAll (/home/runner/work/neon-compatibility/neon-compatibility/node_modules/truffle/build/webpack:/packages/migrate/index.js:114:1)\n        at Object.run (/home/runner/work/neon-compatibility/neon-compatibility/node_modules/truffle/build/webpack:/packages/migrate/index.js:79:1)\n        at Object.run (/home/runner/work/neon-compatibility/neon-compatibility/node_modules/truffle/build/webpack:/packages/core/lib/testing/Test.js:109:1)\n        at Object.run (/home/runner/work/neon-compatibility/neon-compatibility/node_modules/truffle/build/webpack:/packages/core/lib/commands/test/index.js:177:1)\n        at Command.run (/home/runner/work/neon-compatibility/neon-compatibility/node_modules/truffle/build/webpack:/packages/core/lib/command.js:183:1)\n    Truffle v5.4.14 (core: 5.4.14)\n    Node v16.14.0\n    /home/runner/work/neon-compatibility/neon-compatibility",
        "time" : {
          "start" : 1646699921029,
          "stop" : 1646699939392,
          "duration" : 18363
        }
      }, {
        "uid" : "742f1a09e9746dfa",
        "reportUrl" : "https://neonlabsorg.github.io/neon-compatibility/814//#testresult/742f1a09e9746dfa",
        "status" : "failed",
        "statusDetails" : "AssertionError: assert 'Error: Coul... any sources' not in '/home/runne...patibility\\n'\n  'Error: Could not f...ns from any sources' is contained here:\n           ^\n    \n    Error: Could not find artifacts for Migrations from any sources\n        at Resolver.require (/home/runner/work/neon-compatibility/neon-compatibility/node_modules/truffle/build/webpack:/packages/resolver/dist/lib/resolver.js:61:1)\n        at Object.require (/home/runner/work/neon-compatibility/neon-compatibility/node_modules/truffle/build/webpack:/packages/migrate/index.js:172:1)\n        at ResolverIntercept.require (/home/runner/work/neon-compatibility/neon-compatibility/node_modules/truffle/build/webpack:/packages/migrate/ResolverIntercept.js:22:1)\n        at /home/runner/work/neon-compatibility/neon-compatibility/OpenZeppelin/migrations/1_initial_migration.js:1:30\n        at Script.runInContext (node:vm:139:12)\n        at Script.runInNewContext (node:vm:144:17)\n        at Object.file (/home/runner/work/neon-compatibility/neon-compatibility/node_modules/truffle/build/webpack:/packages/require/require.js:94:1)\n        at Migration._load (/home/runner/work/neon-compatibility/neon-compatibility/node_modules/truffle/build/webpack:/packages/migrate/Migration.js:44:1)\n        at Migration.run (/home/runner/work/neon-compatibility/neon-compatibility/node_modules/truffle/build/webpack:/packages/migrate/Migration.js:217:1)\n        at Object.runMigrations (/home/runner/work/neon-compatibility/neon-compatibility/node_modules/truffle/build/webpack:/packages/migrate/index.js:150:1)\n        at Object.runFrom (/home/runner/work/neon-compatibility/neon-compatibility/node_modules/truffle/build/webpack:/packages/migrate/index.js:110:1)\n        at Object.runAll (/home/runner/work/neon-compatibility/neon-compatibility/node_modules/truffle/build/webpack:/packages/migrate/index.js:114:1)\n        at Object.run (/home/runner/work/neon-compatibility/neon-compatibility/node_modules/truffle/build/webpack:/packages/migrate/index.js:79:1)\n        at Object.run (/home/runner/work/neon-compatibility/neon-compatibility/node_modules/truffle/build/webpack:/packages/core/lib/testing/Test.js:109:1)\n        at Object.run (/home/runner/work/neon-compatibility/neon-compatibility/node_modules/truffle/build/webpack:/packages/core/lib/commands/test/index.js:177:1)\n        at Command.run (/home/runner/work/neon-compatibility/neon-compatibility/node_modules/truffle/build/webpack:/packages/core/lib/command.js:183:1)\n    Truffle v5.4.14 (core: 5.4.14)\n    Node v16.14.0\n    /home/runner/work/neon-compatibility/neon-compatibility",
        "time" : {
          "start" : 1646660273475,
          "stop" : 1646660295743,
          "duration" : 22268
        }
      }, {
        "uid" : "7e1d7833b77618f",
        "reportUrl" : "https://neonlabsorg.github.io/neon-compatibility/811//#testresult/7e1d7833b77618f",
        "status" : "failed",
        "statusDetails" : "AssertionError: assert 'Error: Coul... any sources' not in '/home/runne...patibility\\n'\n  'Error: Could not f...ns from any sources' is contained here:\n           ^\n    \n    Error: Could not find artifacts for Migrations from any sources\n        at Resolver.require (/home/runner/work/neon-compatibility/neon-compatibility/node_modules/truffle/build/webpack:/packages/resolver/dist/lib/resolver.js:61:1)\n        at Object.require (/home/runner/work/neon-compatibility/neon-compatibility/node_modules/truffle/build/webpack:/packages/migrate/index.js:172:1)\n        at ResolverIntercept.require (/home/runner/work/neon-compatibility/neon-compatibility/node_modules/truffle/build/webpack:/packages/migrate/ResolverIntercept.js:22:1)\n        at /home/runner/work/neon-compatibility/neon-compatibility/OpenZeppelin/migrations/1_initial_migration.js:1:30\n        at Script.runInContext (node:vm:139:12)\n        at Script.runInNewContext (node:vm:144:17)\n        at Object.file (/home/runner/work/neon-compatibility/neon-compatibility/node_modules/truffle/build/webpack:/packages/require/require.js:94:1)\n        at Migration._load (/home/runner/work/neon-compatibility/neon-compatibility/node_modules/truffle/build/webpack:/packages/migrate/Migration.js:44:1)\n        at Migration.run (/home/runner/work/neon-compatibility/neon-compatibility/node_modules/truffle/build/webpack:/packages/migrate/Migration.js:217:1)\n        at Object.runMigrations (/home/runner/work/neon-compatibility/neon-compatibility/node_modules/truffle/build/webpack:/packages/migrate/index.js:150:1)\n        at Object.runFrom (/home/runner/work/neon-compatibility/neon-compatibility/node_modules/truffle/build/webpack:/packages/migrate/index.js:110:1)\n        at Object.runAll (/home/runner/work/neon-compatibility/neon-compatibility/node_modules/truffle/build/webpack:/packages/migrate/index.js:114:1)\n        at Object.run (/home/runner/work/neon-compatibility/neon-compatibility/node_modules/truffle/build/webpack:/packages/migrate/index.js:79:1)\n        at Object.run (/home/runner/work/neon-compatibility/neon-compatibility/node_modules/truffle/build/webpack:/packages/core/lib/testing/Test.js:109:1)\n        at Object.run (/home/runner/work/neon-compatibility/neon-compatibility/node_modules/truffle/build/webpack:/packages/core/lib/commands/test/index.js:177:1)\n        at Command.run (/home/runner/work/neon-compatibility/neon-compatibility/node_modules/truffle/build/webpack:/packages/core/lib/command.js:183:1)\n    Truffle v5.4.14 (core: 5.4.14)\n    Node v16.14.0\n    /home/runner/work/neon-compatibility/neon-compatibility",
        "time" : {
          "start" : 1646622817425,
          "stop" : 1646622835616,
          "duration" : 18191
        }
      } ]
    },
    "tags" : [ ]
  },
  "source" : "b2e32ee768160120.json",
  "parameterValues" : [ "InputData(test_file='access/AccessControl.test.js', test_files=['access/AccessControl.test.js', 'access/AccessControl.behavior.js'], contracts=['mocks/AccessControlMock.sol', 'mocks/AccessControlEnumerableMock.sol', 'access/AccessControlEnumerable.sol', 'access/IAccessControlEnumerable.sol', 'utils/structs/EnumerableSet.sol', 'access/AccessControl.sol', 'utils/Strings.sol', 'utils/introspection/ERC165.sol', 'interfaces/IERC165.sol', 'utils/introspection/IERC165.sol'], migration_script='2_deploy_contracts.js')" ]
}