{
  "uid" : "62e47a33b74bd0e1",
  "name" : "test_contracts[input_data0]",
  "fullName" : "tests.openzeppelin.test_openzeppelin#test_contracts",
  "historyId" : "645bc649ec39068f8479f87dfb6007e3",
  "time" : {
    "start" : 1639591094159,
    "stop" : 1639591115392,
    "duration" : 21233
  },
  "status" : "failed",
  "statusMessage" : "AssertionError: assert 'Error: Coul... any sources' not in '/home/runne...ttempt #1.\\n'\n  'Error: Could not f...ns from any sources' is contained here:\n           ^\n    \n    Error: Could not find artifacts for Migrations from any sources\n        at Resolver.require (/home/runner/work/neon-compatibility/neon-compatibility/node_modules/truffle/build/webpack:/packages/resolver/dist/lib/resolver.js:61:1)\n        at Object.require (/home/runner/work/neon-compatibility/neon-compatibility/node_modules/truffle/build/webpack:/packages/migrate/index.js:172:1)\n        at ResolverIntercept.require (/home/runner/work/neon-compatibility/neon-compatibility/node_modules/truffle/build/webpack:/packages/migrate/ResolverIntercept.js:22:1)\n        at /home/runner/work/neon-compatibility/neon-compatibility/OpenZeppelin/migrations/1_initial_migration.js:1:30\n        at Script.runInContext (node:vm:139:12)\n        at Script.runInNewContext (node:vm:144:17)\n        at Object.file (/home/runner/work/neon-compatibility/neon-compatibility/node_modules/truffle/build/webpack:/packages/require/require.js:94:1)\n        at Migration._load (/home/runner/work/neon-compatibility/neon-compatibility/node_modules/truffle/build/webpack:/packages/migrate/Migration.js:44:1)\n        at Migration.run (/home/runner/work/neon-compatibility/neon-compatibility/node_modules/truffle/build/webpack:/packages/migrate/Migration.js:217:1)\n        at Object.runMigrations (/home/runner/work/neon-compatibility/neon-compatibility/node_modules/truffle/build/webpack:/packages/migrate/index.js:150:1)\n        at Object.runFrom (/home/runner/work/neon-compatibility/neon-compatibility/node_modules/truffle/build/webpack:/packages/migrate/index.js:110:1)\n        at Object.runAll (/home/runner/work/neon-compatibility/neon-compatibility/node_modules/truffle/build/webpack:/packages/migrate/index.js:114:1)\n        at Object.run (/home/runner/work/neon-compatibility/neon-compatibility/node_modules/truffle/build/webpack:/packages/migrate/index.js:79:1)\n        at Object.run (/home/runner/work/neon-compatibility/neon-compatibility/node_modules/truffle/build/webpack:/packages/core/lib/testing/Test.js:109:1)\n        at Object.run (/home/runner/work/neon-compatibility/neon-compatibility/node_modules/truffle/build/webpack:/packages/core/lib/commands/test/index.js:177:1)\n        at Command.run (/home/runner/work/neon-compatibility/neon-compatibility/node_modules/truffle/build/webpack:/packages/core/lib/command.js:183:1)\n    Truffle v5.4.14 (core: 5.4.14)\n    Node v16.13.1\n    /home/runner/work/neon-compatibility/neon-compatibility\n    - Fetching solc version list from solc-bin. Attempt #1\n    ✔ Downloading compiler. Attempt #1.",
  "statusTrace" : "input_data = InputData(test_file='access/Ownable.test.js', test_files=['access/Ownable.test.js'], contracts=['access/Ownable.sol', ...s.sol', 'utils/introspection/ERC165.sol', 'utils/introspection/IERC165.sol'], migration_script='2_deploy_contracts.js')\n\n    @pytest.mark.parametrize(\"input_data\", INPUT_DATA)\n    @allure.feature(FEATURE)\n    def test_contracts(input_data: InputData):\n        copy_files(input_data)\n    \n        # truffle --network neonlabs test ./test/access/[test file name]\n        command = f\"--network neonlabs test ./test/{input_data.test_file}\"\n        cmd_res = run_command_line(\n            f\"{Subfolder.CD_OPENZEPPELIN} {RunCommand.TRUFFLE} {command} {CD_BACK}\"\n        )\n        # assert OpenZeppelinSuccess.SUCCESS_PASSING in actual_result\n        # assert OpenZeppelinSuccess.SUCCESS_CONTRACT in actual_result\n        # assert OpenZeppelinSuccess.SUCCESS_1_ETHER in actual_result\n        # assert TruffleBasedError.ERROR_NO_ATTRIBUTE_ETH_ACCOUNTS \\\n        #     not in actual_result\n        actual_result = cmd_res.stdout.decode() + cmd_res.stderr.decode()\n        assert cmd_res.returncode == 0, actual_result\n>       assert OpenZeppelinError.ERROR_NO_ARTIFACTS not in actual_result\nE       AssertionError: assert 'Error: Coul... any sources' not in '/home/runne...ttempt #1.\\n'\nE         'Error: Could not f...ns from any sources' is contained here:\nE                  ^\nE           \nE           Error: Could not find artifacts for Migrations from any sources\nE               at Resolver.require (/home/runner/work/neon-compatibility/neon-compatibility/node_modules/truffle/build/webpack:/packages/resolver/dist/lib/resolver.js:61:1)\nE               at Object.require (/home/runner/work/neon-compatibility/neon-compatibility/node_modules/truffle/build/webpack:/packages/migrate/index.js:172:1)\nE               at ResolverIntercept.require (/home/runner/work/neon-compatibility/neon-compatibility/node_modules/truffle/build/webpack:/packages/migrate/ResolverIntercept.js:22:1)\nE               at /home/runner/work/neon-compatibility/neon-compatibility/OpenZeppelin/migrations/1_initial_migration.js:1:30\nE               at Script.runInContext (node:vm:139:12)\nE               at Script.runInNewContext (node:vm:144:17)\nE               at Object.file (/home/runner/work/neon-compatibility/neon-compatibility/node_modules/truffle/build/webpack:/packages/require/require.js:94:1)\nE               at Migration._load (/home/runner/work/neon-compatibility/neon-compatibility/node_modules/truffle/build/webpack:/packages/migrate/Migration.js:44:1)\nE               at Migration.run (/home/runner/work/neon-compatibility/neon-compatibility/node_modules/truffle/build/webpack:/packages/migrate/Migration.js:217:1)\nE               at Object.runMigrations (/home/runner/work/neon-compatibility/neon-compatibility/node_modules/truffle/build/webpack:/packages/migrate/index.js:150:1)\nE               at Object.runFrom (/home/runner/work/neon-compatibility/neon-compatibility/node_modules/truffle/build/webpack:/packages/migrate/index.js:110:1)\nE               at Object.runAll (/home/runner/work/neon-compatibility/neon-compatibility/node_modules/truffle/build/webpack:/packages/migrate/index.js:114:1)\nE               at Object.run (/home/runner/work/neon-compatibility/neon-compatibility/node_modules/truffle/build/webpack:/packages/migrate/index.js:79:1)\nE               at Object.run (/home/runner/work/neon-compatibility/neon-compatibility/node_modules/truffle/build/webpack:/packages/core/lib/testing/Test.js:109:1)\nE               at Object.run (/home/runner/work/neon-compatibility/neon-compatibility/node_modules/truffle/build/webpack:/packages/core/lib/commands/test/index.js:177:1)\nE               at Command.run (/home/runner/work/neon-compatibility/neon-compatibility/node_modules/truffle/build/webpack:/packages/core/lib/command.js:183:1)\nE           Truffle v5.4.14 (core: 5.4.14)\nE           Node v16.13.1\nE           /home/runner/work/neon-compatibility/neon-compatibility\nE           - Fetching solc version list from solc-bin. Attempt #1\nE           ✔ Downloading compiler. Attempt #1.\n\ntests/openzeppelin/test_openzeppelin.py:154: AssertionError",
  "flaky" : true,
  "newFailed" : false,
  "newBroken" : false,
  "newPassed" : false,
  "retriesCount" : 0,
  "retriesStatusChange" : false,
  "beforeStages" : [ {
    "name" : "prepare_truffle_config",
    "time" : {
      "start" : 1639591094147,
      "stop" : 1639591094158,
      "duration" : 11
    },
    "status" : "passed",
    "steps" : [ {
      "name" : "Preset variables",
      "time" : {
        "start" : 1639591094147,
        "stop" : 1639591094156,
        "duration" : 9
      },
      "status" : "passed",
      "steps" : [ ],
      "attachments" : [ ],
      "parameters" : [ ],
      "stepsCount" : 0,
      "attachmentsCount" : 0,
      "shouldDisplayMessage" : false,
      "hasContent" : false
    }, {
      "name" : "Clean up folder \"'token'\"",
      "time" : {
        "start" : 1639591094156,
        "stop" : 1639591094156,
        "duration" : 0
      },
      "status" : "passed",
      "steps" : [ ],
      "attachments" : [ ],
      "parameters" : [ {
        "name" : "folder",
        "value" : "'token'"
      } ],
      "stepsCount" : 0,
      "attachmentsCount" : 0,
      "shouldDisplayMessage" : false,
      "hasContent" : true
    }, {
      "name" : "Clean up folder \"'security'\"",
      "time" : {
        "start" : 1639591094157,
        "stop" : 1639591094157,
        "duration" : 0
      },
      "status" : "passed",
      "steps" : [ ],
      "attachments" : [ ],
      "parameters" : [ {
        "name" : "folder",
        "value" : "'security'"
      } ],
      "stepsCount" : 0,
      "attachmentsCount" : 0,
      "shouldDisplayMessage" : false,
      "hasContent" : true
    }, {
      "name" : "Clean up folder \"'metatx'\"",
      "time" : {
        "start" : 1639591094157,
        "stop" : 1639591094157,
        "duration" : 0
      },
      "status" : "passed",
      "steps" : [ ],
      "attachments" : [ ],
      "parameters" : [ {
        "name" : "folder",
        "value" : "'metatx'"
      } ],
      "stepsCount" : 0,
      "attachmentsCount" : 0,
      "shouldDisplayMessage" : false,
      "hasContent" : true
    }, {
      "name" : "Clean up folder \"'interfaces'\"",
      "time" : {
        "start" : 1639591094157,
        "stop" : 1639591094157,
        "duration" : 0
      },
      "status" : "passed",
      "steps" : [ ],
      "attachments" : [ ],
      "parameters" : [ {
        "name" : "folder",
        "value" : "'interfaces'"
      } ],
      "stepsCount" : 0,
      "attachmentsCount" : 0,
      "shouldDisplayMessage" : false,
      "hasContent" : true
    }, {
      "name" : "Clean up folder \"'utils'\"",
      "time" : {
        "start" : 1639591094157,
        "stop" : 1639591094157,
        "duration" : 0
      },
      "status" : "passed",
      "steps" : [ ],
      "attachments" : [ ],
      "parameters" : [ {
        "name" : "folder",
        "value" : "'utils'"
      } ],
      "stepsCount" : 0,
      "attachmentsCount" : 0,
      "shouldDisplayMessage" : false,
      "hasContent" : true
    }, {
      "name" : "Clean up folder \"'finance'\"",
      "time" : {
        "start" : 1639591094157,
        "stop" : 1639591094157,
        "duration" : 0
      },
      "status" : "passed",
      "steps" : [ ],
      "attachments" : [ ],
      "parameters" : [ {
        "name" : "folder",
        "value" : "'finance'"
      } ],
      "stepsCount" : 0,
      "attachmentsCount" : 0,
      "shouldDisplayMessage" : false,
      "hasContent" : true
    }, {
      "name" : "Clean up folder \"'proxy'\"",
      "time" : {
        "start" : 1639591094157,
        "stop" : 1639591094157,
        "duration" : 0
      },
      "status" : "passed",
      "steps" : [ ],
      "attachments" : [ ],
      "parameters" : [ {
        "name" : "folder",
        "value" : "'proxy'"
      } ],
      "stepsCount" : 0,
      "attachmentsCount" : 0,
      "shouldDisplayMessage" : false,
      "hasContent" : true
    }, {
      "name" : "Clean up folder \"'access'\"",
      "time" : {
        "start" : 1639591094157,
        "stop" : 1639591094157,
        "duration" : 0
      },
      "status" : "passed",
      "steps" : [ ],
      "attachments" : [ ],
      "parameters" : [ {
        "name" : "folder",
        "value" : "'access'"
      } ],
      "stepsCount" : 0,
      "attachmentsCount" : 0,
      "shouldDisplayMessage" : false,
      "hasContent" : true
    }, {
      "name" : "Clean up folder \"'.gitkeep'\"",
      "time" : {
        "start" : 1639591094157,
        "stop" : 1639591094157,
        "duration" : 0
      },
      "status" : "passed",
      "steps" : [ ],
      "attachments" : [ ],
      "parameters" : [ {
        "name" : "folder",
        "value" : "'.gitkeep'"
      } ],
      "stepsCount" : 0,
      "attachmentsCount" : 0,
      "shouldDisplayMessage" : false,
      "hasContent" : true
    }, {
      "name" : "Clean up folder \"'mocks'\"",
      "time" : {
        "start" : 1639591094157,
        "stop" : 1639591094157,
        "duration" : 0
      },
      "status" : "passed",
      "steps" : [ ],
      "attachments" : [ ],
      "parameters" : [ {
        "name" : "folder",
        "value" : "'mocks'"
      } ],
      "stepsCount" : 0,
      "attachmentsCount" : 0,
      "shouldDisplayMessage" : false,
      "hasContent" : true
    }, {
      "name" : "Clean up folder \"'governance'\"",
      "time" : {
        "start" : 1639591094157,
        "stop" : 1639591094157,
        "duration" : 0
      },
      "status" : "passed",
      "steps" : [ ],
      "attachments" : [ ],
      "parameters" : [ {
        "name" : "folder",
        "value" : "'governance'"
      } ],
      "stepsCount" : 0,
      "attachmentsCount" : 0,
      "shouldDisplayMessage" : false,
      "hasContent" : true
    }, {
      "name" : "Clean up folder \"'.gitkeep'\"",
      "time" : {
        "start" : 1639591094157,
        "stop" : 1639591094157,
        "duration" : 0
      },
      "status" : "passed",
      "steps" : [ ],
      "attachments" : [ ],
      "parameters" : [ {
        "name" : "folder",
        "value" : "'.gitkeep'"
      } ],
      "stepsCount" : 0,
      "attachmentsCount" : 0,
      "shouldDisplayMessage" : false,
      "hasContent" : true
    }, {
      "name" : "Clean up folder \"'token'\"",
      "time" : {
        "start" : 1639591094157,
        "stop" : 1639591094157,
        "duration" : 0
      },
      "status" : "passed",
      "steps" : [ ],
      "attachments" : [ ],
      "parameters" : [ {
        "name" : "folder",
        "value" : "'token'"
      } ],
      "stepsCount" : 0,
      "attachmentsCount" : 0,
      "shouldDisplayMessage" : false,
      "hasContent" : true
    }, {
      "name" : "Clean up folder \"'security'\"",
      "time" : {
        "start" : 1639591094157,
        "stop" : 1639591094157,
        "duration" : 0
      },
      "status" : "passed",
      "steps" : [ ],
      "attachments" : [ ],
      "parameters" : [ {
        "name" : "folder",
        "value" : "'security'"
      } ],
      "stepsCount" : 0,
      "attachmentsCount" : 0,
      "shouldDisplayMessage" : false,
      "hasContent" : true
    }, {
      "name" : "Clean up folder \"'metatx'\"",
      "time" : {
        "start" : 1639591094158,
        "stop" : 1639591094158,
        "duration" : 0
      },
      "status" : "passed",
      "steps" : [ ],
      "attachments" : [ ],
      "parameters" : [ {
        "name" : "folder",
        "value" : "'metatx'"
      } ],
      "stepsCount" : 0,
      "attachmentsCount" : 0,
      "shouldDisplayMessage" : false,
      "hasContent" : true
    }, {
      "name" : "Clean up folder \"'interfaces'\"",
      "time" : {
        "start" : 1639591094158,
        "stop" : 1639591094158,
        "duration" : 0
      },
      "status" : "passed",
      "steps" : [ ],
      "attachments" : [ ],
      "parameters" : [ {
        "name" : "folder",
        "value" : "'interfaces'"
      } ],
      "stepsCount" : 0,
      "attachmentsCount" : 0,
      "shouldDisplayMessage" : false,
      "hasContent" : true
    }, {
      "name" : "Clean up folder \"'utils'\"",
      "time" : {
        "start" : 1639591094158,
        "stop" : 1639591094158,
        "duration" : 0
      },
      "status" : "passed",
      "steps" : [ ],
      "attachments" : [ ],
      "parameters" : [ {
        "name" : "folder",
        "value" : "'utils'"
      } ],
      "stepsCount" : 0,
      "attachmentsCount" : 0,
      "shouldDisplayMessage" : false,
      "hasContent" : true
    }, {
      "name" : "Clean up folder \"'finance'\"",
      "time" : {
        "start" : 1639591094158,
        "stop" : 1639591094158,
        "duration" : 0
      },
      "status" : "passed",
      "steps" : [ ],
      "attachments" : [ ],
      "parameters" : [ {
        "name" : "folder",
        "value" : "'finance'"
      } ],
      "stepsCount" : 0,
      "attachmentsCount" : 0,
      "shouldDisplayMessage" : false,
      "hasContent" : true
    }, {
      "name" : "Clean up folder \"'proxy'\"",
      "time" : {
        "start" : 1639591094158,
        "stop" : 1639591094158,
        "duration" : 0
      },
      "status" : "passed",
      "steps" : [ ],
      "attachments" : [ ],
      "parameters" : [ {
        "name" : "folder",
        "value" : "'proxy'"
      } ],
      "stepsCount" : 0,
      "attachmentsCount" : 0,
      "shouldDisplayMessage" : false,
      "hasContent" : true
    }, {
      "name" : "Clean up folder \"'access'\"",
      "time" : {
        "start" : 1639591094158,
        "stop" : 1639591094158,
        "duration" : 0
      },
      "status" : "passed",
      "steps" : [ ],
      "attachments" : [ ],
      "parameters" : [ {
        "name" : "folder",
        "value" : "'access'"
      } ],
      "stepsCount" : 0,
      "attachmentsCount" : 0,
      "shouldDisplayMessage" : false,
      "hasContent" : true
    }, {
      "name" : "Clean up folder \"'.gitkeep'\"",
      "time" : {
        "start" : 1639591094158,
        "stop" : 1639591094158,
        "duration" : 0
      },
      "status" : "passed",
      "steps" : [ ],
      "attachments" : [ ],
      "parameters" : [ {
        "name" : "folder",
        "value" : "'.gitkeep'"
      } ],
      "stepsCount" : 0,
      "attachmentsCount" : 0,
      "shouldDisplayMessage" : false,
      "hasContent" : true
    }, {
      "name" : "Clean up folder \"'mocks'\"",
      "time" : {
        "start" : 1639591094158,
        "stop" : 1639591094158,
        "duration" : 0
      },
      "status" : "passed",
      "steps" : [ ],
      "attachments" : [ ],
      "parameters" : [ {
        "name" : "folder",
        "value" : "'mocks'"
      } ],
      "stepsCount" : 0,
      "attachmentsCount" : 0,
      "shouldDisplayMessage" : false,
      "hasContent" : true
    }, {
      "name" : "Clean up folder \"'governance'\"",
      "time" : {
        "start" : 1639591094158,
        "stop" : 1639591094158,
        "duration" : 0
      },
      "status" : "passed",
      "steps" : [ ],
      "attachments" : [ ],
      "parameters" : [ {
        "name" : "folder",
        "value" : "'governance'"
      } ],
      "stepsCount" : 0,
      "attachmentsCount" : 0,
      "shouldDisplayMessage" : false,
      "hasContent" : true
    } ],
    "attachments" : [ ],
    "parameters" : [ ],
    "stepsCount" : 24,
    "attachmentsCount" : 0,
    "shouldDisplayMessage" : false,
    "hasContent" : true
  } ],
  "testStage" : {
    "status" : "failed",
    "statusMessage" : "AssertionError: assert 'Error: Coul... any sources' not in '/home/runne...ttempt #1.\\n'\n  'Error: Could not f...ns from any sources' is contained here:\n           ^\n    \n    Error: Could not find artifacts for Migrations from any sources\n        at Resolver.require (/home/runner/work/neon-compatibility/neon-compatibility/node_modules/truffle/build/webpack:/packages/resolver/dist/lib/resolver.js:61:1)\n        at Object.require (/home/runner/work/neon-compatibility/neon-compatibility/node_modules/truffle/build/webpack:/packages/migrate/index.js:172:1)\n        at ResolverIntercept.require (/home/runner/work/neon-compatibility/neon-compatibility/node_modules/truffle/build/webpack:/packages/migrate/ResolverIntercept.js:22:1)\n        at /home/runner/work/neon-compatibility/neon-compatibility/OpenZeppelin/migrations/1_initial_migration.js:1:30\n        at Script.runInContext (node:vm:139:12)\n        at Script.runInNewContext (node:vm:144:17)\n        at Object.file (/home/runner/work/neon-compatibility/neon-compatibility/node_modules/truffle/build/webpack:/packages/require/require.js:94:1)\n        at Migration._load (/home/runner/work/neon-compatibility/neon-compatibility/node_modules/truffle/build/webpack:/packages/migrate/Migration.js:44:1)\n        at Migration.run (/home/runner/work/neon-compatibility/neon-compatibility/node_modules/truffle/build/webpack:/packages/migrate/Migration.js:217:1)\n        at Object.runMigrations (/home/runner/work/neon-compatibility/neon-compatibility/node_modules/truffle/build/webpack:/packages/migrate/index.js:150:1)\n        at Object.runFrom (/home/runner/work/neon-compatibility/neon-compatibility/node_modules/truffle/build/webpack:/packages/migrate/index.js:110:1)\n        at Object.runAll (/home/runner/work/neon-compatibility/neon-compatibility/node_modules/truffle/build/webpack:/packages/migrate/index.js:114:1)\n        at Object.run (/home/runner/work/neon-compatibility/neon-compatibility/node_modules/truffle/build/webpack:/packages/migrate/index.js:79:1)\n        at Object.run (/home/runner/work/neon-compatibility/neon-compatibility/node_modules/truffle/build/webpack:/packages/core/lib/testing/Test.js:109:1)\n        at Object.run (/home/runner/work/neon-compatibility/neon-compatibility/node_modules/truffle/build/webpack:/packages/core/lib/commands/test/index.js:177:1)\n        at Command.run (/home/runner/work/neon-compatibility/neon-compatibility/node_modules/truffle/build/webpack:/packages/core/lib/command.js:183:1)\n    Truffle v5.4.14 (core: 5.4.14)\n    Node v16.13.1\n    /home/runner/work/neon-compatibility/neon-compatibility\n    - Fetching solc version list from solc-bin. Attempt #1\n    ✔ Downloading compiler. Attempt #1.",
    "statusTrace" : "input_data = InputData(test_file='access/Ownable.test.js', test_files=['access/Ownable.test.js'], contracts=['access/Ownable.sol', ...s.sol', 'utils/introspection/ERC165.sol', 'utils/introspection/IERC165.sol'], migration_script='2_deploy_contracts.js')\n\n    @pytest.mark.parametrize(\"input_data\", INPUT_DATA)\n    @allure.feature(FEATURE)\n    def test_contracts(input_data: InputData):\n        copy_files(input_data)\n    \n        # truffle --network neonlabs test ./test/access/[test file name]\n        command = f\"--network neonlabs test ./test/{input_data.test_file}\"\n        cmd_res = run_command_line(\n            f\"{Subfolder.CD_OPENZEPPELIN} {RunCommand.TRUFFLE} {command} {CD_BACK}\"\n        )\n        # assert OpenZeppelinSuccess.SUCCESS_PASSING in actual_result\n        # assert OpenZeppelinSuccess.SUCCESS_CONTRACT in actual_result\n        # assert OpenZeppelinSuccess.SUCCESS_1_ETHER in actual_result\n        # assert TruffleBasedError.ERROR_NO_ATTRIBUTE_ETH_ACCOUNTS \\\n        #     not in actual_result\n        actual_result = cmd_res.stdout.decode() + cmd_res.stderr.decode()\n        assert cmd_res.returncode == 0, actual_result\n>       assert OpenZeppelinError.ERROR_NO_ARTIFACTS not in actual_result\nE       AssertionError: assert 'Error: Coul... any sources' not in '/home/runne...ttempt #1.\\n'\nE         'Error: Could not f...ns from any sources' is contained here:\nE                  ^\nE           \nE           Error: Could not find artifacts for Migrations from any sources\nE               at Resolver.require (/home/runner/work/neon-compatibility/neon-compatibility/node_modules/truffle/build/webpack:/packages/resolver/dist/lib/resolver.js:61:1)\nE               at Object.require (/home/runner/work/neon-compatibility/neon-compatibility/node_modules/truffle/build/webpack:/packages/migrate/index.js:172:1)\nE               at ResolverIntercept.require (/home/runner/work/neon-compatibility/neon-compatibility/node_modules/truffle/build/webpack:/packages/migrate/ResolverIntercept.js:22:1)\nE               at /home/runner/work/neon-compatibility/neon-compatibility/OpenZeppelin/migrations/1_initial_migration.js:1:30\nE               at Script.runInContext (node:vm:139:12)\nE               at Script.runInNewContext (node:vm:144:17)\nE               at Object.file (/home/runner/work/neon-compatibility/neon-compatibility/node_modules/truffle/build/webpack:/packages/require/require.js:94:1)\nE               at Migration._load (/home/runner/work/neon-compatibility/neon-compatibility/node_modules/truffle/build/webpack:/packages/migrate/Migration.js:44:1)\nE               at Migration.run (/home/runner/work/neon-compatibility/neon-compatibility/node_modules/truffle/build/webpack:/packages/migrate/Migration.js:217:1)\nE               at Object.runMigrations (/home/runner/work/neon-compatibility/neon-compatibility/node_modules/truffle/build/webpack:/packages/migrate/index.js:150:1)\nE               at Object.runFrom (/home/runner/work/neon-compatibility/neon-compatibility/node_modules/truffle/build/webpack:/packages/migrate/index.js:110:1)\nE               at Object.runAll (/home/runner/work/neon-compatibility/neon-compatibility/node_modules/truffle/build/webpack:/packages/migrate/index.js:114:1)\nE               at Object.run (/home/runner/work/neon-compatibility/neon-compatibility/node_modules/truffle/build/webpack:/packages/migrate/index.js:79:1)\nE               at Object.run (/home/runner/work/neon-compatibility/neon-compatibility/node_modules/truffle/build/webpack:/packages/core/lib/testing/Test.js:109:1)\nE               at Object.run (/home/runner/work/neon-compatibility/neon-compatibility/node_modules/truffle/build/webpack:/packages/core/lib/commands/test/index.js:177:1)\nE               at Command.run (/home/runner/work/neon-compatibility/neon-compatibility/node_modules/truffle/build/webpack:/packages/core/lib/command.js:183:1)\nE           Truffle v5.4.14 (core: 5.4.14)\nE           Node v16.13.1\nE           /home/runner/work/neon-compatibility/neon-compatibility\nE           - Fetching solc version list from solc-bin. Attempt #1\nE           ✔ Downloading compiler. Attempt #1.\n\ntests/openzeppelin/test_openzeppelin.py:154: AssertionError",
    "steps" : [ {
      "name" : "Run command: \"'cd OpenZeppelin; pwd; ../node_modules/.bin/truffle --network neonlabs test ./test/access/Ownable.test.js ; cd \"/home/runner/work/neon-compatibility/neon-compatibility\"; pwd;'\"",
      "time" : {
        "start" : 1639591094160,
        "stop" : 1639591115391,
        "duration" : 21231
      },
      "status" : "passed",
      "steps" : [ ],
      "attachments" : [ ],
      "parameters" : [ {
        "name" : "command",
        "value" : "'cd OpenZeppelin; pwd; ../node_modules/.bin/truffle --network neonlabs test ./test/access/Ownable.test.js ; cd \"/home/runner/work/neon-compatibility/neon-compatibility\"; pwd;'"
      } ],
      "stepsCount" : 0,
      "attachmentsCount" : 0,
      "shouldDisplayMessage" : false,
      "hasContent" : true
    } ],
    "attachments" : [ {
      "uid" : "9bf6b8f3ccab685d",
      "name" : "stdout",
      "source" : "9bf6b8f3ccab685d.txt",
      "type" : "text/plain",
      "size" : 3806
    } ],
    "parameters" : [ ],
    "stepsCount" : 1,
    "attachmentsCount" : 1,
    "shouldDisplayMessage" : true,
    "hasContent" : true
  },
  "afterStages" : [ {
    "name" : "prepare_truffle_config::0",
    "time" : {
      "start" : 1639591115398,
      "stop" : 1639591115398,
      "duration" : 0
    },
    "status" : "passed",
    "steps" : [ ],
    "attachments" : [ ],
    "parameters" : [ ],
    "stepsCount" : 0,
    "attachmentsCount" : 0,
    "shouldDisplayMessage" : false,
    "hasContent" : false
  } ],
  "labels" : [ {
    "name" : "feature",
    "value" : "OpenZeppelin"
  }, {
    "name" : "parentSuite",
    "value" : "tests.openzeppelin"
  }, {
    "name" : "suite",
    "value" : "test_openzeppelin"
  }, {
    "name" : "host",
    "value" : "fv-az135-587"
  }, {
    "name" : "thread",
    "value" : "4454-MainThread"
  }, {
    "name" : "framework",
    "value" : "pytest"
  }, {
    "name" : "language",
    "value" : "cpython3"
  }, {
    "name" : "package",
    "value" : "tests.openzeppelin.test_openzeppelin"
  }, {
    "name" : "resultFormat",
    "value" : "allure2"
  } ],
  "parameters" : [ {
    "name" : "input_data",
    "value" : "InputData(test_file='access/Ownable.test.js', test_files=['access/Ownable.test.js'], contracts=['access/Ownable.sol', 'mocks/OwnableMock.sol', 'mocks/AccessControlMock.sol', 'mocks/AccessControlEnumerableMock.sol', 'access/AccessControlEnumerable.sol', 'access/IAccessControlEnumerable.sol', 'utils/structs/EnumerableSet.sol', 'access/AccessControl.sol', 'utils/Context.sol', 'access/IAccessControl.sol', 'utils/Strings.sol', 'utils/introspection/ERC165.sol', 'utils/introspection/IERC165.sol'], migration_script='2_deploy_contracts.js')"
  } ],
  "links" : [ ],
  "hidden" : false,
  "retry" : false,
  "extra" : {
    "severity" : "normal",
    "retries" : [ ],
    "categories" : [ {
      "name" : "Product defects",
      "matchedStatuses" : [ ],
      "flaky" : false
    } ],
    "history" : {
      "statistic" : {
        "failed" : 91,
        "broken" : 0,
        "skipped" : 0,
        "passed" : 71,
        "unknown" : 0,
        "total" : 162
      },
      "items" : [ {
        "uid" : "5c5150f17ae3eea4",
        "reportUrl" : "https://neonlabsorg.github.io/neon-compatibility/228//#testresult/5c5150f17ae3eea4",
        "status" : "failed",
        "statusDetails" : "AssertionError: assert 'Error: Coul... any sources' not in '/home/runne...ttempt #1.\\n'\n  'Error: Could not f...ns from any sources' is contained here:\n           ^\n    \n    Error: Could not find artifacts for Migrations from any sources\n        at Resolver.require (/home/runner/work/neon-compatibility/neon-compatibility/node_modules/truffle/build/webpack:/packages/resolver/dist/lib/resolver.js:61:1)\n        at Object.require (/home/runner/work/neon-compatibility/neon-compatibility/node_modules/truffle/build/webpack:/packages/migrate/index.js:172:1)\n        at ResolverIntercept.require (/home/runner/work/neon-compatibility/neon-compatibility/node_modules/truffle/build/webpack:/packages/migrate/ResolverIntercept.js:22:1)\n        at /home/runner/work/neon-compatibility/neon-compatibility/OpenZeppelin/migrations/1_initial_migration.js:1:30\n        at Script.runInContext (node:vm:139:12)\n        at Script.runInNewContext (node:vm:144:17)\n        at Object.file (/home/runner/work/neon-compatibility/neon-compatibility/node_modules/truffle/build/webpack:/packages/require/require.js:94:1)\n        at Migration._load (/home/runner/work/neon-compatibility/neon-compatibility/node_modules/truffle/build/webpack:/packages/migrate/Migration.js:44:1)\n        at Migration.run (/home/runner/work/neon-compatibility/neon-compatibility/node_modules/truffle/build/webpack:/packages/migrate/Migration.js:217:1)\n        at Object.runMigrations (/home/runner/work/neon-compatibility/neon-compatibility/node_modules/truffle/build/webpack:/packages/migrate/index.js:150:1)\n        at Object.runFrom (/home/runner/work/neon-compatibility/neon-compatibility/node_modules/truffle/build/webpack:/packages/migrate/index.js:110:1)\n        at Object.runAll (/home/runner/work/neon-compatibility/neon-compatibility/node_modules/truffle/build/webpack:/packages/migrate/index.js:114:1)\n        at Object.run (/home/runner/work/neon-compatibility/neon-compatibility/node_modules/truffle/build/webpack:/packages/migrate/index.js:79:1)\n        at Object.run (/home/runner/work/neon-compatibility/neon-compatibility/node_modules/truffle/build/webpack:/packages/core/lib/testing/Test.js:109:1)\n        at Object.run (/home/runner/work/neon-compatibility/neon-compatibility/node_modules/truffle/build/webpack:/packages/core/lib/commands/test/index.js:177:1)\n        at Command.run (/home/runner/work/neon-compatibility/neon-compatibility/node_modules/truffle/build/webpack:/packages/core/lib/command.js:183:1)\n    Truffle v5.4.14 (core: 5.4.14)\n    Node v16.13.1\n    /home/runner/work/neon-compatibility/neon-compatibility\n    - Fetching solc version list from solc-bin. Attempt #1\n    ✔ Downloading compiler. Attempt #1.",
        "time" : {
          "start" : 1639580834742,
          "stop" : 1639580855397,
          "duration" : 20655
        }
      }, {
        "uid" : "8b5b38e9e325a16b",
        "reportUrl" : "https://neonlabsorg.github.io/neon-compatibility/227//#testresult/8b5b38e9e325a16b",
        "status" : "failed",
        "statusDetails" : "AssertionError: assert 'Error: Coul... any sources' not in '/home/runne...ttempt #1.\\n'\n  'Error: Could not f...ns from any sources' is contained here:\n           ^\n    \n    Error: Could not find artifacts for Migrations from any sources\n        at Resolver.require (/home/runner/work/neon-compatibility/neon-compatibility/node_modules/truffle/build/webpack:/packages/resolver/dist/lib/resolver.js:61:1)\n        at Object.require (/home/runner/work/neon-compatibility/neon-compatibility/node_modules/truffle/build/webpack:/packages/migrate/index.js:172:1)\n        at ResolverIntercept.require (/home/runner/work/neon-compatibility/neon-compatibility/node_modules/truffle/build/webpack:/packages/migrate/ResolverIntercept.js:22:1)\n        at /home/runner/work/neon-compatibility/neon-compatibility/OpenZeppelin/migrations/1_initial_migration.js:1:30\n        at Script.runInContext (node:vm:139:12)\n        at Script.runInNewContext (node:vm:144:17)\n        at Object.file (/home/runner/work/neon-compatibility/neon-compatibility/node_modules/truffle/build/webpack:/packages/require/require.js:94:1)\n        at Migration._load (/home/runner/work/neon-compatibility/neon-compatibility/node_modules/truffle/build/webpack:/packages/migrate/Migration.js:44:1)\n        at Migration.run (/home/runner/work/neon-compatibility/neon-compatibility/node_modules/truffle/build/webpack:/packages/migrate/Migration.js:217:1)\n        at Object.runMigrations (/home/runner/work/neon-compatibility/neon-compatibility/node_modules/truffle/build/webpack:/packages/migrate/index.js:150:1)\n        at Object.runFrom (/home/runner/work/neon-compatibility/neon-compatibility/node_modules/truffle/build/webpack:/packages/migrate/index.js:110:1)\n        at Object.runAll (/home/runner/work/neon-compatibility/neon-compatibility/node_modules/truffle/build/webpack:/packages/migrate/index.js:114:1)\n        at Object.run (/home/runner/work/neon-compatibility/neon-compatibility/node_modules/truffle/build/webpack:/packages/migrate/index.js:79:1)\n        at Object.run (/home/runner/work/neon-compatibility/neon-compatibility/node_modules/truffle/build/webpack:/packages/core/lib/testing/Test.js:109:1)\n        at Object.run (/home/runner/work/neon-compatibility/neon-compatibility/node_modules/truffle/build/webpack:/packages/core/lib/commands/test/index.js:177:1)\n        at Command.run (/home/runner/work/neon-compatibility/neon-compatibility/node_modules/truffle/build/webpack:/packages/core/lib/command.js:183:1)\n    Truffle v5.4.14 (core: 5.4.14)\n    Node v16.13.1\n    /home/runner/work/neon-compatibility/neon-compatibility\n    - Fetching solc version list from solc-bin. Attempt #1\n    ✔ Downloading compiler. Attempt #1.",
        "time" : {
          "start" : 1639577908313,
          "stop" : 1639577930817,
          "duration" : 22504
        }
      }, {
        "uid" : "42cadd1602531fad",
        "reportUrl" : "https://neonlabsorg.github.io/neon-compatibility/226//#testresult/42cadd1602531fad",
        "status" : "failed",
        "statusDetails" : "AssertionError: assert 'Error: Coul... any sources' not in '/home/runne...ttempt #1.\\n'\n  'Error: Could not f...ns from any sources' is contained here:\n           ^\n    \n    Error: Could not find artifacts for Migrations from any sources\n        at Resolver.require (/home/runner/work/neon-compatibility/neon-compatibility/node_modules/truffle/build/webpack:/packages/resolver/dist/lib/resolver.js:61:1)\n        at Object.require (/home/runner/work/neon-compatibility/neon-compatibility/node_modules/truffle/build/webpack:/packages/migrate/index.js:172:1)\n        at ResolverIntercept.require (/home/runner/work/neon-compatibility/neon-compatibility/node_modules/truffle/build/webpack:/packages/migrate/ResolverIntercept.js:22:1)\n        at /home/runner/work/neon-compatibility/neon-compatibility/OpenZeppelin/migrations/1_initial_migration.js:1:30\n        at Script.runInContext (node:vm:139:12)\n        at Script.runInNewContext (node:vm:144:17)\n        at Object.file (/home/runner/work/neon-compatibility/neon-compatibility/node_modules/truffle/build/webpack:/packages/require/require.js:94:1)\n        at Migration._load (/home/runner/work/neon-compatibility/neon-compatibility/node_modules/truffle/build/webpack:/packages/migrate/Migration.js:44:1)\n        at Migration.run (/home/runner/work/neon-compatibility/neon-compatibility/node_modules/truffle/build/webpack:/packages/migrate/Migration.js:217:1)\n        at Object.runMigrations (/home/runner/work/neon-compatibility/neon-compatibility/node_modules/truffle/build/webpack:/packages/migrate/index.js:150:1)\n        at Object.runFrom (/home/runner/work/neon-compatibility/neon-compatibility/node_modules/truffle/build/webpack:/packages/migrate/index.js:110:1)\n        at Object.runAll (/home/runner/work/neon-compatibility/neon-compatibility/node_modules/truffle/build/webpack:/packages/migrate/index.js:114:1)\n        at Object.run (/home/runner/work/neon-compatibility/neon-compatibility/node_modules/truffle/build/webpack:/packages/migrate/index.js:79:1)\n        at Object.run (/home/runner/work/neon-compatibility/neon-compatibility/node_modules/truffle/build/webpack:/packages/core/lib/testing/Test.js:109:1)\n        at Object.run (/home/runner/work/neon-compatibility/neon-compatibility/node_modules/truffle/build/webpack:/packages/core/lib/commands/test/index.js:177:1)\n        at Command.run (/home/runner/work/neon-compatibility/neon-compatibility/node_modules/truffle/build/webpack:/packages/core/lib/command.js:183:1)\n    Truffle v5.4.14 (core: 5.4.14)\n    Node v16.13.1\n    /home/runner/work/neon-compatibility/neon-compatibility\n    - Fetching solc version list from solc-bin. Attempt #1\n    ✔ Downloading compiler. Attempt #1.",
        "time" : {
          "start" : 1639575212028,
          "stop" : 1639575231116,
          "duration" : 19088
        }
      }, {
        "uid" : "4bd498ab09cd4196",
        "reportUrl" : "https://neonlabsorg.github.io/neon-compatibility/225//#testresult/4bd498ab09cd4196",
        "status" : "passed",
        "time" : {
          "start" : 1639574861367,
          "stop" : 1639574870012,
          "duration" : 8645
        }
      }, {
        "uid" : "5c119b301f76c288",
        "reportUrl" : "https://neonlabsorg.github.io/neon-compatibility/224//#testresult/5c119b301f76c288",
        "status" : "failed",
        "statusDetails" : "AssertionError: assert 'Error: Coul... any sources' not in '/home/runne...ttempt #1.\\n'\n  'Error: Could not f...ns from any sources' is contained here:\n           ^\n    \n    Error: Could not find artifacts for Migrations from any sources\n        at Resolver.require (/home/runner/work/neon-compatibility/neon-compatibility/node_modules/truffle/build/webpack:/packages/resolver/dist/lib/resolver.js:61:1)\n        at Object.require (/home/runner/work/neon-compatibility/neon-compatibility/node_modules/truffle/build/webpack:/packages/migrate/index.js:172:1)\n        at ResolverIntercept.require (/home/runner/work/neon-compatibility/neon-compatibility/node_modules/truffle/build/webpack:/packages/migrate/ResolverIntercept.js:22:1)\n        at /home/runner/work/neon-compatibility/neon-compatibility/OpenZeppelin/migrations/1_initial_migration.js:1:30\n        at Script.runInContext (node:vm:139:12)\n        at Script.runInNewContext (node:vm:144:17)\n        at Object.file (/home/runner/work/neon-compatibility/neon-compatibility/node_modules/truffle/build/webpack:/packages/require/require.js:94:1)\n        at Migration._load (/home/runner/work/neon-compatibility/neon-compatibility/node_modules/truffle/build/webpack:/packages/migrate/Migration.js:44:1)\n        at Migration.run (/home/runner/work/neon-compatibility/neon-compatibility/node_modules/truffle/build/webpack:/packages/migrate/Migration.js:217:1)\n        at Object.runMigrations (/home/runner/work/neon-compatibility/neon-compatibility/node_modules/truffle/build/webpack:/packages/migrate/index.js:150:1)\n        at Object.runFrom (/home/runner/work/neon-compatibility/neon-compatibility/node_modules/truffle/build/webpack:/packages/migrate/index.js:110:1)\n        at Object.runAll (/home/runner/work/neon-compatibility/neon-compatibility/node_modules/truffle/build/webpack:/packages/migrate/index.js:114:1)\n        at Object.run (/home/runner/work/neon-compatibility/neon-compatibility/node_modules/truffle/build/webpack:/packages/migrate/index.js:79:1)\n        at Object.run (/home/runner/work/neon-compatibility/neon-compatibility/node_modules/truffle/build/webpack:/packages/core/lib/testing/Test.js:109:1)\n        at Object.run (/home/runner/work/neon-compatibility/neon-compatibility/node_modules/truffle/build/webpack:/packages/core/lib/commands/test/index.js:177:1)\n        at Command.run (/home/runner/work/neon-compatibility/neon-compatibility/node_modules/truffle/build/webpack:/packages/core/lib/command.js:183:1)\n    Truffle v5.4.14 (core: 5.4.14)\n    Node v16.13.1\n    /home/runner/work/neon-compatibility/neon-compatibility\n    - Fetching solc version list from solc-bin. Attempt #1\n    ✔ Downloading compiler. Attempt #1.",
        "time" : {
          "start" : 1639574265932,
          "stop" : 1639574288310,
          "duration" : 22378
        }
      }, {
        "uid" : "3b2cd37561290afa",
        "reportUrl" : "https://neonlabsorg.github.io/neon-compatibility/223//#testresult/3b2cd37561290afa",
        "status" : "failed",
        "statusDetails" : "AssertionError: assert 'Error: Coul... any sources' not in '/home/runne...ttempt #1.\\n'\n  'Error: Could not f...ns from any sources' is contained here:\n           ^\n    \n    Error: Could not find artifacts for Migrations from any sources\n        at Resolver.require (/home/runner/work/neon-compatibility/neon-compatibility/node_modules/truffle/build/webpack:/packages/resolver/dist/lib/resolver.js:61:1)\n        at Object.require (/home/runner/work/neon-compatibility/neon-compatibility/node_modules/truffle/build/webpack:/packages/migrate/index.js:172:1)\n        at ResolverIntercept.require (/home/runner/work/neon-compatibility/neon-compatibility/node_modules/truffle/build/webpack:/packages/migrate/ResolverIntercept.js:22:1)\n        at /home/runner/work/neon-compatibility/neon-compatibility/OpenZeppelin/migrations/1_initial_migration.js:1:30\n        at Script.runInContext (node:vm:139:12)\n        at Script.runInNewContext (node:vm:144:17)\n        at Object.file (/home/runner/work/neon-compatibility/neon-compatibility/node_modules/truffle/build/webpack:/packages/require/require.js:94:1)\n        at Migration._load (/home/runner/work/neon-compatibility/neon-compatibility/node_modules/truffle/build/webpack:/packages/migrate/Migration.js:44:1)\n        at Migration.run (/home/runner/work/neon-compatibility/neon-compatibility/node_modules/truffle/build/webpack:/packages/migrate/Migration.js:217:1)\n        at Object.runMigrations (/home/runner/work/neon-compatibility/neon-compatibility/node_modules/truffle/build/webpack:/packages/migrate/index.js:150:1)\n        at Object.runFrom (/home/runner/work/neon-compatibility/neon-compatibility/node_modules/truffle/build/webpack:/packages/migrate/index.js:110:1)\n        at Object.runAll (/home/runner/work/neon-compatibility/neon-compatibility/node_modules/truffle/build/webpack:/packages/migrate/index.js:114:1)\n        at Object.run (/home/runner/work/neon-compatibility/neon-compatibility/node_modules/truffle/build/webpack:/packages/migrate/index.js:79:1)\n        at Object.run (/home/runner/work/neon-compatibility/neon-compatibility/node_modules/truffle/build/webpack:/packages/core/lib/testing/Test.js:109:1)\n        at Object.run (/home/runner/work/neon-compatibility/neon-compatibility/node_modules/truffle/build/webpack:/packages/core/lib/commands/test/index.js:177:1)\n        at Command.run (/home/runner/work/neon-compatibility/neon-compatibility/node_modules/truffle/build/webpack:/packages/core/lib/command.js:183:1)\n    Truffle v5.4.14 (core: 5.4.14)\n    Node v16.13.1\n    /home/runner/work/neon-compatibility/neon-compatibility\n    - Fetching solc version list from solc-bin. Attempt #1\n    ✔ Downloading compiler. Attempt #1.",
        "time" : {
          "start" : 1639573455151,
          "stop" : 1639573477586,
          "duration" : 22435
        }
      }, {
        "uid" : "b54da7278f50701f",
        "reportUrl" : "https://neonlabsorg.github.io/neon-compatibility/222//#testresult/b54da7278f50701f",
        "status" : "failed",
        "statusDetails" : "AssertionError: assert 'Error: Coul... any sources' not in '/home/runne...ttempt #1.\\n'\n  'Error: Could not f...ns from any sources' is contained here:\n           ^\n    \n    Error: Could not find artifacts for Migrations from any sources\n        at Resolver.require (/home/runner/work/neon-compatibility/neon-compatibility/node_modules/truffle/build/webpack:/packages/resolver/dist/lib/resolver.js:61:1)\n        at Object.require (/home/runner/work/neon-compatibility/neon-compatibility/node_modules/truffle/build/webpack:/packages/migrate/index.js:172:1)\n        at ResolverIntercept.require (/home/runner/work/neon-compatibility/neon-compatibility/node_modules/truffle/build/webpack:/packages/migrate/ResolverIntercept.js:22:1)\n        at /home/runner/work/neon-compatibility/neon-compatibility/OpenZeppelin/migrations/1_initial_migration.js:1:30\n        at Script.runInContext (node:vm:139:12)\n        at Script.runInNewContext (node:vm:144:17)\n        at Object.file (/home/runner/work/neon-compatibility/neon-compatibility/node_modules/truffle/build/webpack:/packages/require/require.js:94:1)\n        at Migration._load (/home/runner/work/neon-compatibility/neon-compatibility/node_modules/truffle/build/webpack:/packages/migrate/Migration.js:44:1)\n        at Migration.run (/home/runner/work/neon-compatibility/neon-compatibility/node_modules/truffle/build/webpack:/packages/migrate/Migration.js:217:1)\n        at Object.runMigrations (/home/runner/work/neon-compatibility/neon-compatibility/node_modules/truffle/build/webpack:/packages/migrate/index.js:150:1)\n        at Object.runFrom (/home/runner/work/neon-compatibility/neon-compatibility/node_modules/truffle/build/webpack:/packages/migrate/index.js:110:1)\n        at Object.runAll (/home/runner/work/neon-compatibility/neon-compatibility/node_modules/truffle/build/webpack:/packages/migrate/index.js:114:1)\n        at Object.run (/home/runner/work/neon-compatibility/neon-compatibility/node_modules/truffle/build/webpack:/packages/migrate/index.js:79:1)\n        at Object.run (/home/runner/work/neon-compatibility/neon-compatibility/node_modules/truffle/build/webpack:/packages/core/lib/testing/Test.js:109:1)\n        at Object.run (/home/runner/work/neon-compatibility/neon-compatibility/node_modules/truffle/build/webpack:/packages/core/lib/commands/test/index.js:177:1)\n        at Command.run (/home/runner/work/neon-compatibility/neon-compatibility/node_modules/truffle/build/webpack:/packages/core/lib/command.js:183:1)\n    Truffle v5.4.14 (core: 5.4.14)\n    Node v16.13.1\n    /home/runner/work/neon-compatibility/neon-compatibility\n    - Fetching solc version list from solc-bin. Attempt #1\n    ✔ Downloading compiler. Attempt #1.",
        "time" : {
          "start" : 1639538120651,
          "stop" : 1639538143901,
          "duration" : 23250
        }
      }, {
        "uid" : "4bb4a5c3c2aba3b1",
        "reportUrl" : "https://neonlabsorg.github.io/neon-compatibility/221//#testresult/4bb4a5c3c2aba3b1",
        "status" : "failed",
        "statusDetails" : "AssertionError: assert 'Error: Coul... any sources' not in '/home/runne...ttempt #1.\\n'\n  'Error: Could not f...ns from any sources' is contained here:\n           ^\n    \n    Error: Could not find artifacts for Migrations from any sources\n        at Resolver.require (/home/runner/work/neon-compatibility/neon-compatibility/node_modules/truffle/build/webpack:/packages/resolver/dist/lib/resolver.js:61:1)\n        at Object.require (/home/runner/work/neon-compatibility/neon-compatibility/node_modules/truffle/build/webpack:/packages/migrate/index.js:172:1)\n        at ResolverIntercept.require (/home/runner/work/neon-compatibility/neon-compatibility/node_modules/truffle/build/webpack:/packages/migrate/ResolverIntercept.js:22:1)\n        at /home/runner/work/neon-compatibility/neon-compatibility/OpenZeppelin/migrations/1_initial_migration.js:1:30\n        at Script.runInContext (node:vm:139:12)\n        at Script.runInNewContext (node:vm:144:17)\n        at Object.file (/home/runner/work/neon-compatibility/neon-compatibility/node_modules/truffle/build/webpack:/packages/require/require.js:94:1)\n        at Migration._load (/home/runner/work/neon-compatibility/neon-compatibility/node_modules/truffle/build/webpack:/packages/migrate/Migration.js:44:1)\n        at Migration.run (/home/runner/work/neon-compatibility/neon-compatibility/node_modules/truffle/build/webpack:/packages/migrate/Migration.js:217:1)\n        at Object.runMigrations (/home/runner/work/neon-compatibility/neon-compatibility/node_modules/truffle/build/webpack:/packages/migrate/index.js:150:1)\n        at Object.runFrom (/home/runner/work/neon-compatibility/neon-compatibility/node_modules/truffle/build/webpack:/packages/migrate/index.js:110:1)\n        at Object.runAll (/home/runner/work/neon-compatibility/neon-compatibility/node_modules/truffle/build/webpack:/packages/migrate/index.js:114:1)\n        at Object.run (/home/runner/work/neon-compatibility/neon-compatibility/node_modules/truffle/build/webpack:/packages/migrate/index.js:79:1)\n        at Object.run (/home/runner/work/neon-compatibility/neon-compatibility/node_modules/truffle/build/webpack:/packages/core/lib/testing/Test.js:109:1)\n        at Object.run (/home/runner/work/neon-compatibility/neon-compatibility/node_modules/truffle/build/webpack:/packages/core/lib/commands/test/index.js:177:1)\n        at Command.run (/home/runner/work/neon-compatibility/neon-compatibility/node_modules/truffle/build/webpack:/packages/core/lib/command.js:183:1)\n    Truffle v5.4.14 (core: 5.4.14)\n    Node v16.13.1\n    /home/runner/work/neon-compatibility/neon-compatibility\n    - Fetching solc version list from solc-bin. Attempt #1\n    ✔ Downloading compiler. Attempt #1.",
        "time" : {
          "start" : 1639528431000,
          "stop" : 1639528452136,
          "duration" : 21136
        }
      }, {
        "uid" : "e8e80d820204f5d6",
        "reportUrl" : "https://neonlabsorg.github.io/neon-compatibility/220//#testresult/e8e80d820204f5d6",
        "status" : "passed",
        "time" : {
          "start" : 1639461405611,
          "stop" : 1639461409522,
          "duration" : 3911
        }
      }, {
        "uid" : "4ce4adb7f7567ffb",
        "reportUrl" : "https://neonlabsorg.github.io/neon-compatibility/219//#testresult/4ce4adb7f7567ffb",
        "status" : "failed",
        "statusDetails" : "AssertionError: assert 'Error: Coul... any sources' not in '/home/runne...ttempt #1.\\n'\n  'Error: Could not f...ns from any sources' is contained here:\n           ^\n    \n    Error: Could not find artifacts for Migrations from any sources\n        at Resolver.require (/home/runner/work/neon-compatibility/neon-compatibility/node_modules/truffle/build/webpack:/packages/resolver/dist/lib/resolver.js:61:1)\n        at Object.require (/home/runner/work/neon-compatibility/neon-compatibility/node_modules/truffle/build/webpack:/packages/migrate/index.js:172:1)\n        at ResolverIntercept.require (/home/runner/work/neon-compatibility/neon-compatibility/node_modules/truffle/build/webpack:/packages/migrate/ResolverIntercept.js:22:1)\n        at /home/runner/work/neon-compatibility/neon-compatibility/OpenZeppelin/migrations/1_initial_migration.js:1:30\n        at Script.runInContext (node:vm:139:12)\n        at Script.runInNewContext (node:vm:144:17)\n        at Object.file (/home/runner/work/neon-compatibility/neon-compatibility/node_modules/truffle/build/webpack:/packages/require/require.js:94:1)\n        at Migration._load (/home/runner/work/neon-compatibility/neon-compatibility/node_modules/truffle/build/webpack:/packages/migrate/Migration.js:44:1)\n        at Migration.run (/home/runner/work/neon-compatibility/neon-compatibility/node_modules/truffle/build/webpack:/packages/migrate/Migration.js:217:1)\n        at Object.runMigrations (/home/runner/work/neon-compatibility/neon-compatibility/node_modules/truffle/build/webpack:/packages/migrate/index.js:150:1)\n        at Object.runFrom (/home/runner/work/neon-compatibility/neon-compatibility/node_modules/truffle/build/webpack:/packages/migrate/index.js:110:1)\n        at Object.runAll (/home/runner/work/neon-compatibility/neon-compatibility/node_modules/truffle/build/webpack:/packages/migrate/index.js:114:1)\n        at Object.run (/home/runner/work/neon-compatibility/neon-compatibility/node_modules/truffle/build/webpack:/packages/migrate/index.js:79:1)\n        at Object.run (/home/runner/work/neon-compatibility/neon-compatibility/node_modules/truffle/build/webpack:/packages/core/lib/testing/Test.js:109:1)\n        at Object.run (/home/runner/work/neon-compatibility/neon-compatibility/node_modules/truffle/build/webpack:/packages/core/lib/commands/test/index.js:177:1)\n        at Command.run (/home/runner/work/neon-compatibility/neon-compatibility/node_modules/truffle/build/webpack:/packages/core/lib/command.js:183:1)\n    Truffle v5.4.14 (core: 5.4.14)\n    Node v16.13.1\n    /home/runner/work/neon-compatibility/neon-compatibility\n    - Fetching solc version list from solc-bin. Attempt #1\n    ✔ Downloading compiler. Attempt #1.",
        "time" : {
          "start" : 1639451673720,
          "stop" : 1639451694628,
          "duration" : 20908
        }
      }, {
        "uid" : "a7455a0b436a0f94",
        "reportUrl" : "https://neonlabsorg.github.io/neon-compatibility/218//#testresult/a7455a0b436a0f94",
        "status" : "failed",
        "statusDetails" : "AssertionError: assert 'Error: Coul... any sources' not in '/home/runne...ttempt #1.\\n'\n  'Error: Could not f...ns from any sources' is contained here:\n           ^\n    \n    Error: Could not find artifacts for Migrations from any sources\n        at Resolver.require (/home/runner/work/neon-compatibility/neon-compatibility/node_modules/truffle/build/webpack:/packages/resolver/dist/lib/resolver.js:61:1)\n        at Object.require (/home/runner/work/neon-compatibility/neon-compatibility/node_modules/truffle/build/webpack:/packages/migrate/index.js:172:1)\n        at ResolverIntercept.require (/home/runner/work/neon-compatibility/neon-compatibility/node_modules/truffle/build/webpack:/packages/migrate/ResolverIntercept.js:22:1)\n        at /home/runner/work/neon-compatibility/neon-compatibility/OpenZeppelin/migrations/1_initial_migration.js:1:30\n        at Script.runInContext (node:vm:139:12)\n        at Script.runInNewContext (node:vm:144:17)\n        at Object.file (/home/runner/work/neon-compatibility/neon-compatibility/node_modules/truffle/build/webpack:/packages/require/require.js:94:1)\n        at Migration._load (/home/runner/work/neon-compatibility/neon-compatibility/node_modules/truffle/build/webpack:/packages/migrate/Migration.js:44:1)\n        at Migration.run (/home/runner/work/neon-compatibility/neon-compatibility/node_modules/truffle/build/webpack:/packages/migrate/Migration.js:217:1)\n        at Object.runMigrations (/home/runner/work/neon-compatibility/neon-compatibility/node_modules/truffle/build/webpack:/packages/migrate/index.js:150:1)\n        at Object.runFrom (/home/runner/work/neon-compatibility/neon-compatibility/node_modules/truffle/build/webpack:/packages/migrate/index.js:110:1)\n        at Object.runAll (/home/runner/work/neon-compatibility/neon-compatibility/node_modules/truffle/build/webpack:/packages/migrate/index.js:114:1)\n        at Object.run (/home/runner/work/neon-compatibility/neon-compatibility/node_modules/truffle/build/webpack:/packages/migrate/index.js:79:1)\n        at Object.run (/home/runner/work/neon-compatibility/neon-compatibility/node_modules/truffle/build/webpack:/packages/core/lib/testing/Test.js:109:1)\n        at Object.run (/home/runner/work/neon-compatibility/neon-compatibility/node_modules/truffle/build/webpack:/packages/core/lib/commands/test/index.js:177:1)\n        at Command.run (/home/runner/work/neon-compatibility/neon-compatibility/node_modules/truffle/build/webpack:/packages/core/lib/command.js:183:1)\n    Truffle v5.4.14 (core: 5.4.14)\n    Node v16.13.1\n    /home/runner/work/neon-compatibility/neon-compatibility\n    - Fetching solc version list from solc-bin. Attempt #1\n    ✔ Downloading compiler. Attempt #1.",
        "time" : {
          "start" : 1639442099981,
          "stop" : 1639442121503,
          "duration" : 21522
        }
      }, {
        "uid" : "3158d973e03981ef",
        "reportUrl" : "https://neonlabsorg.github.io/neon-compatibility/217//#testresult/3158d973e03981ef",
        "status" : "failed",
        "statusDetails" : "AssertionError: assert 'Error: Coul... any sources' not in '/home/runne...ttempt #1.\\n'\n  'Error: Could not f...ns from any sources' is contained here:\n           ^\n    \n    Error: Could not find artifacts for Migrations from any sources\n        at Resolver.require (/home/runner/work/neon-compatibility/neon-compatibility/node_modules/truffle/build/webpack:/packages/resolver/dist/lib/resolver.js:61:1)\n        at Object.require (/home/runner/work/neon-compatibility/neon-compatibility/node_modules/truffle/build/webpack:/packages/migrate/index.js:172:1)\n        at ResolverIntercept.require (/home/runner/work/neon-compatibility/neon-compatibility/node_modules/truffle/build/webpack:/packages/migrate/ResolverIntercept.js:22:1)\n        at /home/runner/work/neon-compatibility/neon-compatibility/OpenZeppelin/migrations/1_initial_migration.js:1:30\n        at Script.runInContext (node:vm:139:12)\n        at Script.runInNewContext (node:vm:144:17)\n        at Object.file (/home/runner/work/neon-compatibility/neon-compatibility/node_modules/truffle/build/webpack:/packages/require/require.js:94:1)\n        at Migration._load (/home/runner/work/neon-compatibility/neon-compatibility/node_modules/truffle/build/webpack:/packages/migrate/Migration.js:44:1)\n        at Migration.run (/home/runner/work/neon-compatibility/neon-compatibility/node_modules/truffle/build/webpack:/packages/migrate/Migration.js:217:1)\n        at Object.runMigrations (/home/runner/work/neon-compatibility/neon-compatibility/node_modules/truffle/build/webpack:/packages/migrate/index.js:150:1)\n        at Object.runFrom (/home/runner/work/neon-compatibility/neon-compatibility/node_modules/truffle/build/webpack:/packages/migrate/index.js:110:1)\n        at Object.runAll (/home/runner/work/neon-compatibility/neon-compatibility/node_modules/truffle/build/webpack:/packages/migrate/index.js:114:1)\n        at Object.run (/home/runner/work/neon-compatibility/neon-compatibility/node_modules/truffle/build/webpack:/packages/migrate/index.js:79:1)\n        at Object.run (/home/runner/work/neon-compatibility/neon-compatibility/node_modules/truffle/build/webpack:/packages/core/lib/testing/Test.js:109:1)\n        at Object.run (/home/runner/work/neon-compatibility/neon-compatibility/node_modules/truffle/build/webpack:/packages/core/lib/commands/test/index.js:177:1)\n        at Command.run (/home/runner/work/neon-compatibility/neon-compatibility/node_modules/truffle/build/webpack:/packages/core/lib/command.js:183:1)\n    Truffle v5.4.14 (core: 5.4.14)\n    Node v16.13.1\n    /home/runner/work/neon-compatibility/neon-compatibility\n    - Fetching solc version list from solc-bin. Attempt #1\n    ✔ Downloading compiler. Attempt #1.",
        "time" : {
          "start" : 1639441580467,
          "stop" : 1639441602753,
          "duration" : 22286
        }
      }, {
        "uid" : "14a74ebf2671c59a",
        "reportUrl" : "https://neonlabsorg.github.io/neon-compatibility/216//#testresult/14a74ebf2671c59a",
        "status" : "failed",
        "statusDetails" : "AssertionError: assert 'Error: Coul... any sources' not in '/home/runne...ttempt #1.\\n'\n  'Error: Could not f...ns from any sources' is contained here:\n           ^\n    \n    Error: Could not find artifacts for Migrations from any sources\n        at Resolver.require (/home/runner/work/neon-compatibility/neon-compatibility/node_modules/truffle/build/webpack:/packages/resolver/dist/lib/resolver.js:61:1)\n        at Object.require (/home/runner/work/neon-compatibility/neon-compatibility/node_modules/truffle/build/webpack:/packages/migrate/index.js:172:1)\n        at ResolverIntercept.require (/home/runner/work/neon-compatibility/neon-compatibility/node_modules/truffle/build/webpack:/packages/migrate/ResolverIntercept.js:22:1)\n        at /home/runner/work/neon-compatibility/neon-compatibility/OpenZeppelin/migrations/1_initial_migration.js:1:30\n        at Script.runInContext (node:vm:139:12)\n        at Script.runInNewContext (node:vm:144:17)\n        at Object.file (/home/runner/work/neon-compatibility/neon-compatibility/node_modules/truffle/build/webpack:/packages/require/require.js:94:1)\n        at Migration._load (/home/runner/work/neon-compatibility/neon-compatibility/node_modules/truffle/build/webpack:/packages/migrate/Migration.js:44:1)\n        at Migration.run (/home/runner/work/neon-compatibility/neon-compatibility/node_modules/truffle/build/webpack:/packages/migrate/Migration.js:217:1)\n        at Object.runMigrations (/home/runner/work/neon-compatibility/neon-compatibility/node_modules/truffle/build/webpack:/packages/migrate/index.js:150:1)\n        at Object.runFrom (/home/runner/work/neon-compatibility/neon-compatibility/node_modules/truffle/build/webpack:/packages/migrate/index.js:110:1)\n        at Object.runAll (/home/runner/work/neon-compatibility/neon-compatibility/node_modules/truffle/build/webpack:/packages/migrate/index.js:114:1)\n        at Object.run (/home/runner/work/neon-compatibility/neon-compatibility/node_modules/truffle/build/webpack:/packages/migrate/index.js:79:1)\n        at Object.run (/home/runner/work/neon-compatibility/neon-compatibility/node_modules/truffle/build/webpack:/packages/core/lib/testing/Test.js:109:1)\n        at Object.run (/home/runner/work/neon-compatibility/neon-compatibility/node_modules/truffle/build/webpack:/packages/core/lib/commands/test/index.js:177:1)\n        at Command.run (/home/runner/work/neon-compatibility/neon-compatibility/node_modules/truffle/build/webpack:/packages/core/lib/command.js:183:1)\n    Truffle v5.4.14 (core: 5.4.14)\n    Node v16.13.1\n    /home/runner/work/neon-compatibility/neon-compatibility\n    - Fetching solc version list from solc-bin. Attempt #1\n    ✔ Downloading compiler. Attempt #1.",
        "time" : {
          "start" : 1639434896113,
          "stop" : 1639434919621,
          "duration" : 23508
        }
      }, {
        "uid" : "f159ffd57299e352",
        "reportUrl" : "https://neonlabsorg.github.io/neon-compatibility/215//#testresult/f159ffd57299e352",
        "status" : "failed",
        "statusDetails" : "AssertionError: assert 'Error: Coul... any sources' not in '/home/runne...ttempt #1.\\n'\n  'Error: Could not f...ns from any sources' is contained here:\n           ^\n    \n    Error: Could not find artifacts for Migrations from any sources\n        at Resolver.require (/home/runner/work/neon-compatibility/neon-compatibility/node_modules/truffle/build/webpack:/packages/resolver/dist/lib/resolver.js:61:1)\n        at Object.require (/home/runner/work/neon-compatibility/neon-compatibility/node_modules/truffle/build/webpack:/packages/migrate/index.js:172:1)\n        at ResolverIntercept.require (/home/runner/work/neon-compatibility/neon-compatibility/node_modules/truffle/build/webpack:/packages/migrate/ResolverIntercept.js:22:1)\n        at /home/runner/work/neon-compatibility/neon-compatibility/OpenZeppelin/migrations/1_initial_migration.js:1:30\n        at Script.runInContext (node:vm:139:12)\n        at Script.runInNewContext (node:vm:144:17)\n        at Object.file (/home/runner/work/neon-compatibility/neon-compatibility/node_modules/truffle/build/webpack:/packages/require/require.js:94:1)\n        at Migration._load (/home/runner/work/neon-compatibility/neon-compatibility/node_modules/truffle/build/webpack:/packages/migrate/Migration.js:44:1)\n        at Migration.run (/home/runner/work/neon-compatibility/neon-compatibility/node_modules/truffle/build/webpack:/packages/migrate/Migration.js:217:1)\n        at Object.runMigrations (/home/runner/work/neon-compatibility/neon-compatibility/node_modules/truffle/build/webpack:/packages/migrate/index.js:150:1)\n        at Object.runFrom (/home/runner/work/neon-compatibility/neon-compatibility/node_modules/truffle/build/webpack:/packages/migrate/index.js:110:1)\n        at Object.runAll (/home/runner/work/neon-compatibility/neon-compatibility/node_modules/truffle/build/webpack:/packages/migrate/index.js:114:1)\n        at Object.run (/home/runner/work/neon-compatibility/neon-compatibility/node_modules/truffle/build/webpack:/packages/migrate/index.js:79:1)\n        at Object.run (/home/runner/work/neon-compatibility/neon-compatibility/node_modules/truffle/build/webpack:/packages/core/lib/testing/Test.js:109:1)\n        at Object.run (/home/runner/work/neon-compatibility/neon-compatibility/node_modules/truffle/build/webpack:/packages/core/lib/commands/test/index.js:177:1)\n        at Command.run (/home/runner/work/neon-compatibility/neon-compatibility/node_modules/truffle/build/webpack:/packages/core/lib/command.js:183:1)\n    Truffle v5.4.14 (core: 5.4.14)\n    Node v16.13.1\n    /home/runner/work/neon-compatibility/neon-compatibility\n    - Fetching solc version list from solc-bin. Attempt #1\n    ✔ Downloading compiler. Attempt #1.",
        "time" : {
          "start" : 1639434256383,
          "stop" : 1639434279110,
          "duration" : 22727
        }
      }, {
        "uid" : "dd619e48637f270",
        "reportUrl" : "https://neonlabsorg.github.io/neon-compatibility/214//#testresult/dd619e48637f270",
        "status" : "failed",
        "statusDetails" : "AssertionError: assert 'Error: Coul... any sources' not in '/home/runne...ttempt #1.\\n'\n  'Error: Could not f...ns from any sources' is contained here:\n           ^\n    \n    Error: Could not find artifacts for Migrations from any sources\n        at Resolver.require (/home/runner/work/neon-compatibility/neon-compatibility/node_modules/truffle/build/webpack:/packages/resolver/dist/lib/resolver.js:61:1)\n        at Object.require (/home/runner/work/neon-compatibility/neon-compatibility/node_modules/truffle/build/webpack:/packages/migrate/index.js:172:1)\n        at ResolverIntercept.require (/home/runner/work/neon-compatibility/neon-compatibility/node_modules/truffle/build/webpack:/packages/migrate/ResolverIntercept.js:22:1)\n        at /home/runner/work/neon-compatibility/neon-compatibility/OpenZeppelin/migrations/1_initial_migration.js:1:30\n        at Script.runInContext (node:vm:139:12)\n        at Script.runInNewContext (node:vm:144:17)\n        at Object.file (/home/runner/work/neon-compatibility/neon-compatibility/node_modules/truffle/build/webpack:/packages/require/require.js:94:1)\n        at Migration._load (/home/runner/work/neon-compatibility/neon-compatibility/node_modules/truffle/build/webpack:/packages/migrate/Migration.js:44:1)\n        at Migration.run (/home/runner/work/neon-compatibility/neon-compatibility/node_modules/truffle/build/webpack:/packages/migrate/Migration.js:217:1)\n        at Object.runMigrations (/home/runner/work/neon-compatibility/neon-compatibility/node_modules/truffle/build/webpack:/packages/migrate/index.js:150:1)\n        at Object.runFrom (/home/runner/work/neon-compatibility/neon-compatibility/node_modules/truffle/build/webpack:/packages/migrate/index.js:110:1)\n        at Object.runAll (/home/runner/work/neon-compatibility/neon-compatibility/node_modules/truffle/build/webpack:/packages/migrate/index.js:114:1)\n        at Object.run (/home/runner/work/neon-compatibility/neon-compatibility/node_modules/truffle/build/webpack:/packages/migrate/index.js:79:1)\n        at Object.run (/home/runner/work/neon-compatibility/neon-compatibility/node_modules/truffle/build/webpack:/packages/core/lib/testing/Test.js:109:1)\n        at Object.run (/home/runner/work/neon-compatibility/neon-compatibility/node_modules/truffle/build/webpack:/packages/core/lib/commands/test/index.js:177:1)\n        at Command.run (/home/runner/work/neon-compatibility/neon-compatibility/node_modules/truffle/build/webpack:/packages/core/lib/command.js:183:1)\n    Truffle v5.4.14 (core: 5.4.14)\n    Node v16.13.1\n    /home/runner/work/neon-compatibility/neon-compatibility\n    - Fetching solc version list from solc-bin. Attempt #1\n    ✔ Downloading compiler. Attempt #1.",
        "time" : {
          "start" : 1639409580314,
          "stop" : 1639409600896,
          "duration" : 20582
        }
      }, {
        "uid" : "7f2777da7e1bd2ed",
        "reportUrl" : "https://neonlabsorg.github.io/neon-compatibility/213//#testresult/7f2777da7e1bd2ed",
        "status" : "failed",
        "statusDetails" : "AssertionError: assert 'Error: Coul... any sources' not in '/home/runne...ttempt #1.\\n'\n  'Error: Could not f...ns from any sources' is contained here:\n           ^\n    \n    Error: Could not find artifacts for Migrations from any sources\n        at Resolver.require (/home/runner/work/neon-compatibility/neon-compatibility/node_modules/truffle/build/webpack:/packages/resolver/dist/lib/resolver.js:61:1)\n        at Object.require (/home/runner/work/neon-compatibility/neon-compatibility/node_modules/truffle/build/webpack:/packages/migrate/index.js:172:1)\n        at ResolverIntercept.require (/home/runner/work/neon-compatibility/neon-compatibility/node_modules/truffle/build/webpack:/packages/migrate/ResolverIntercept.js:22:1)\n        at /home/runner/work/neon-compatibility/neon-compatibility/OpenZeppelin/migrations/1_initial_migration.js:1:30\n        at Script.runInContext (node:vm:139:12)\n        at Script.runInNewContext (node:vm:144:17)\n        at Object.file (/home/runner/work/neon-compatibility/neon-compatibility/node_modules/truffle/build/webpack:/packages/require/require.js:94:1)\n        at Migration._load (/home/runner/work/neon-compatibility/neon-compatibility/node_modules/truffle/build/webpack:/packages/migrate/Migration.js:44:1)\n        at Migration.run (/home/runner/work/neon-compatibility/neon-compatibility/node_modules/truffle/build/webpack:/packages/migrate/Migration.js:217:1)\n        at Object.runMigrations (/home/runner/work/neon-compatibility/neon-compatibility/node_modules/truffle/build/webpack:/packages/migrate/index.js:150:1)\n        at Object.runFrom (/home/runner/work/neon-compatibility/neon-compatibility/node_modules/truffle/build/webpack:/packages/migrate/index.js:110:1)\n        at Object.runAll (/home/runner/work/neon-compatibility/neon-compatibility/node_modules/truffle/build/webpack:/packages/migrate/index.js:114:1)\n        at Object.run (/home/runner/work/neon-compatibility/neon-compatibility/node_modules/truffle/build/webpack:/packages/migrate/index.js:79:1)\n        at Object.run (/home/runner/work/neon-compatibility/neon-compatibility/node_modules/truffle/build/webpack:/packages/core/lib/testing/Test.js:109:1)\n        at Object.run (/home/runner/work/neon-compatibility/neon-compatibility/node_modules/truffle/build/webpack:/packages/core/lib/commands/test/index.js:177:1)\n        at Command.run (/home/runner/work/neon-compatibility/neon-compatibility/node_modules/truffle/build/webpack:/packages/core/lib/command.js:183:1)\n    Truffle v5.4.14 (core: 5.4.14)\n    Node v16.13.1\n    /home/runner/work/neon-compatibility/neon-compatibility\n    - Fetching solc version list from solc-bin. Attempt #1\n    ✔ Downloading compiler. Attempt #1.",
        "time" : {
          "start" : 1639395548108,
          "stop" : 1639395568647,
          "duration" : 20539
        }
      }, {
        "uid" : "2d6d63e56b15ae71",
        "reportUrl" : "https://neonlabsorg.github.io/neon-compatibility/212//#testresult/2d6d63e56b15ae71",
        "status" : "failed",
        "statusDetails" : "AssertionError: assert 'Error: Coul... any sources' not in '/home/runne...ttempt #1.\\n'\n  'Error: Could not f...ns from any sources' is contained here:\n           ^\n    \n    Error: Could not find artifacts for Migrations from any sources\n        at Resolver.require (/home/runner/work/neon-compatibility/neon-compatibility/node_modules/truffle/build/webpack:/packages/resolver/dist/lib/resolver.js:61:1)\n        at Object.require (/home/runner/work/neon-compatibility/neon-compatibility/node_modules/truffle/build/webpack:/packages/migrate/index.js:172:1)\n        at ResolverIntercept.require (/home/runner/work/neon-compatibility/neon-compatibility/node_modules/truffle/build/webpack:/packages/migrate/ResolverIntercept.js:22:1)\n        at /home/runner/work/neon-compatibility/neon-compatibility/OpenZeppelin/migrations/1_initial_migration.js:1:30\n        at Script.runInContext (node:vm:139:12)\n        at Script.runInNewContext (node:vm:144:17)\n        at Object.file (/home/runner/work/neon-compatibility/neon-compatibility/node_modules/truffle/build/webpack:/packages/require/require.js:94:1)\n        at Migration._load (/home/runner/work/neon-compatibility/neon-compatibility/node_modules/truffle/build/webpack:/packages/migrate/Migration.js:44:1)\n        at Migration.run (/home/runner/work/neon-compatibility/neon-compatibility/node_modules/truffle/build/webpack:/packages/migrate/Migration.js:217:1)\n        at Object.runMigrations (/home/runner/work/neon-compatibility/neon-compatibility/node_modules/truffle/build/webpack:/packages/migrate/index.js:150:1)\n        at Object.runFrom (/home/runner/work/neon-compatibility/neon-compatibility/node_modules/truffle/build/webpack:/packages/migrate/index.js:110:1)\n        at Object.runAll (/home/runner/work/neon-compatibility/neon-compatibility/node_modules/truffle/build/webpack:/packages/migrate/index.js:114:1)\n        at Object.run (/home/runner/work/neon-compatibility/neon-compatibility/node_modules/truffle/build/webpack:/packages/migrate/index.js:79:1)\n        at Object.run (/home/runner/work/neon-compatibility/neon-compatibility/node_modules/truffle/build/webpack:/packages/core/lib/testing/Test.js:109:1)\n        at Object.run (/home/runner/work/neon-compatibility/neon-compatibility/node_modules/truffle/build/webpack:/packages/core/lib/commands/test/index.js:177:1)\n        at Command.run (/home/runner/work/neon-compatibility/neon-compatibility/node_modules/truffle/build/webpack:/packages/core/lib/command.js:183:1)\n    Truffle v5.4.14 (core: 5.4.14)\n    Node v16.13.1\n    /home/runner/work/neon-compatibility/neon-compatibility\n    - Fetching solc version list from solc-bin. Attempt #1\n    ✔ Downloading compiler. Attempt #1.",
        "time" : {
          "start" : 1639395019806,
          "stop" : 1639395039161,
          "duration" : 19355
        }
      }, {
        "uid" : "77d36f0fbbde98f7",
        "reportUrl" : "https://neonlabsorg.github.io/neon-compatibility/211//#testresult/77d36f0fbbde98f7",
        "status" : "failed",
        "statusDetails" : "AssertionError: assert 'Error: Coul... any sources' not in '/home/runne...ttempt #1.\\n'\n  'Error: Could not f...ns from any sources' is contained here:\n           ^\n    \n    Error: Could not find artifacts for Migrations from any sources\n        at Resolver.require (/home/runner/work/neon-compatibility/neon-compatibility/node_modules/truffle/build/webpack:/packages/resolver/dist/lib/resolver.js:61:1)\n        at Object.require (/home/runner/work/neon-compatibility/neon-compatibility/node_modules/truffle/build/webpack:/packages/migrate/index.js:172:1)\n        at ResolverIntercept.require (/home/runner/work/neon-compatibility/neon-compatibility/node_modules/truffle/build/webpack:/packages/migrate/ResolverIntercept.js:22:1)\n        at /home/runner/work/neon-compatibility/neon-compatibility/OpenZeppelin/migrations/1_initial_migration.js:1:30\n        at Script.runInContext (node:vm:139:12)\n        at Script.runInNewContext (node:vm:144:17)\n        at Object.file (/home/runner/work/neon-compatibility/neon-compatibility/node_modules/truffle/build/webpack:/packages/require/require.js:94:1)\n        at Migration._load (/home/runner/work/neon-compatibility/neon-compatibility/node_modules/truffle/build/webpack:/packages/migrate/Migration.js:44:1)\n        at Migration.run (/home/runner/work/neon-compatibility/neon-compatibility/node_modules/truffle/build/webpack:/packages/migrate/Migration.js:217:1)\n        at Object.runMigrations (/home/runner/work/neon-compatibility/neon-compatibility/node_modules/truffle/build/webpack:/packages/migrate/index.js:150:1)\n        at Object.runFrom (/home/runner/work/neon-compatibility/neon-compatibility/node_modules/truffle/build/webpack:/packages/migrate/index.js:110:1)\n        at Object.runAll (/home/runner/work/neon-compatibility/neon-compatibility/node_modules/truffle/build/webpack:/packages/migrate/index.js:114:1)\n        at Object.run (/home/runner/work/neon-compatibility/neon-compatibility/node_modules/truffle/build/webpack:/packages/migrate/index.js:79:1)\n        at Object.run (/home/runner/work/neon-compatibility/neon-compatibility/node_modules/truffle/build/webpack:/packages/core/lib/testing/Test.js:109:1)\n        at Object.run (/home/runner/work/neon-compatibility/neon-compatibility/node_modules/truffle/build/webpack:/packages/core/lib/commands/test/index.js:177:1)\n        at Command.run (/home/runner/work/neon-compatibility/neon-compatibility/node_modules/truffle/build/webpack:/packages/core/lib/command.js:183:1)\n    Truffle v5.4.14 (core: 5.4.14)\n    Node v16.13.1\n    /home/runner/work/neon-compatibility/neon-compatibility\n    - Fetching solc version list from solc-bin. Attempt #1\n    ✔ Downloading compiler. Attempt #1.",
        "time" : {
          "start" : 1639391335860,
          "stop" : 1639391357068,
          "duration" : 21208
        }
      }, {
        "uid" : "be479998a6a37909",
        "reportUrl" : "https://neonlabsorg.github.io/neon-compatibility/210//#testresult/be479998a6a37909",
        "status" : "failed",
        "statusDetails" : "AssertionError: assert 'Error: Coul... any sources' not in '/home/runne...ttempt #1.\\n'\n  'Error: Could not f...ns from any sources' is contained here:\n           ^\n    \n    Error: Could not find artifacts for Migrations from any sources\n        at Resolver.require (/home/runner/work/neon-compatibility/neon-compatibility/node_modules/truffle/build/webpack:/packages/resolver/dist/lib/resolver.js:61:1)\n        at Object.require (/home/runner/work/neon-compatibility/neon-compatibility/node_modules/truffle/build/webpack:/packages/migrate/index.js:172:1)\n        at ResolverIntercept.require (/home/runner/work/neon-compatibility/neon-compatibility/node_modules/truffle/build/webpack:/packages/migrate/ResolverIntercept.js:22:1)\n        at /home/runner/work/neon-compatibility/neon-compatibility/OpenZeppelin/migrations/1_initial_migration.js:1:30\n        at Script.runInContext (node:vm:139:12)\n        at Script.runInNewContext (node:vm:144:17)\n        at Object.file (/home/runner/work/neon-compatibility/neon-compatibility/node_modules/truffle/build/webpack:/packages/require/require.js:94:1)\n        at Migration._load (/home/runner/work/neon-compatibility/neon-compatibility/node_modules/truffle/build/webpack:/packages/migrate/Migration.js:44:1)\n        at Migration.run (/home/runner/work/neon-compatibility/neon-compatibility/node_modules/truffle/build/webpack:/packages/migrate/Migration.js:217:1)\n        at Object.runMigrations (/home/runner/work/neon-compatibility/neon-compatibility/node_modules/truffle/build/webpack:/packages/migrate/index.js:150:1)\n        at Object.runFrom (/home/runner/work/neon-compatibility/neon-compatibility/node_modules/truffle/build/webpack:/packages/migrate/index.js:110:1)\n        at Object.runAll (/home/runner/work/neon-compatibility/neon-compatibility/node_modules/truffle/build/webpack:/packages/migrate/index.js:114:1)\n        at Object.run (/home/runner/work/neon-compatibility/neon-compatibility/node_modules/truffle/build/webpack:/packages/migrate/index.js:79:1)\n        at Object.run (/home/runner/work/neon-compatibility/neon-compatibility/node_modules/truffle/build/webpack:/packages/core/lib/testing/Test.js:109:1)\n        at Object.run (/home/runner/work/neon-compatibility/neon-compatibility/node_modules/truffle/build/webpack:/packages/core/lib/commands/test/index.js:177:1)\n        at Command.run (/home/runner/work/neon-compatibility/neon-compatibility/node_modules/truffle/build/webpack:/packages/core/lib/command.js:183:1)\n    Truffle v5.4.14 (core: 5.4.14)\n    Node v16.13.0\n    /home/runner/work/neon-compatibility/neon-compatibility\n    - Fetching solc version list from solc-bin. Attempt #1\n    ✔ Downloading compiler. Attempt #1.",
        "time" : {
          "start" : 1639365310012,
          "stop" : 1639365333260,
          "duration" : 23248
        }
      }, {
        "uid" : "a5d9575116cb64fa",
        "reportUrl" : "https://neonlabsorg.github.io/neon-compatibility/209//#testresult/a5d9575116cb64fa",
        "status" : "failed",
        "statusDetails" : "AssertionError: assert 'Error: Coul... any sources' not in '/home/runne...ttempt #1.\\n'\n  'Error: Could not f...ns from any sources' is contained here:\n           ^\n    \n    Error: Could not find artifacts for Migrations from any sources\n        at Resolver.require (/home/runner/work/neon-compatibility/neon-compatibility/node_modules/truffle/build/webpack:/packages/resolver/dist/lib/resolver.js:61:1)\n        at Object.require (/home/runner/work/neon-compatibility/neon-compatibility/node_modules/truffle/build/webpack:/packages/migrate/index.js:172:1)\n        at ResolverIntercept.require (/home/runner/work/neon-compatibility/neon-compatibility/node_modules/truffle/build/webpack:/packages/migrate/ResolverIntercept.js:22:1)\n        at /home/runner/work/neon-compatibility/neon-compatibility/OpenZeppelin/migrations/1_initial_migration.js:1:30\n        at Script.runInContext (node:vm:139:12)\n        at Script.runInNewContext (node:vm:144:17)\n        at Object.file (/home/runner/work/neon-compatibility/neon-compatibility/node_modules/truffle/build/webpack:/packages/require/require.js:94:1)\n        at Migration._load (/home/runner/work/neon-compatibility/neon-compatibility/node_modules/truffle/build/webpack:/packages/migrate/Migration.js:44:1)\n        at Migration.run (/home/runner/work/neon-compatibility/neon-compatibility/node_modules/truffle/build/webpack:/packages/migrate/Migration.js:217:1)\n        at Object.runMigrations (/home/runner/work/neon-compatibility/neon-compatibility/node_modules/truffle/build/webpack:/packages/migrate/index.js:150:1)\n        at Object.runFrom (/home/runner/work/neon-compatibility/neon-compatibility/node_modules/truffle/build/webpack:/packages/migrate/index.js:110:1)\n        at Object.runAll (/home/runner/work/neon-compatibility/neon-compatibility/node_modules/truffle/build/webpack:/packages/migrate/index.js:114:1)\n        at Object.run (/home/runner/work/neon-compatibility/neon-compatibility/node_modules/truffle/build/webpack:/packages/migrate/index.js:79:1)\n        at Object.run (/home/runner/work/neon-compatibility/neon-compatibility/node_modules/truffle/build/webpack:/packages/core/lib/testing/Test.js:109:1)\n        at Object.run (/home/runner/work/neon-compatibility/neon-compatibility/node_modules/truffle/build/webpack:/packages/core/lib/commands/test/index.js:177:1)\n        at Command.run (/home/runner/work/neon-compatibility/neon-compatibility/node_modules/truffle/build/webpack:/packages/core/lib/command.js:183:1)\n    Truffle v5.4.14 (core: 5.4.14)\n    Node v16.13.0\n    /home/runner/work/neon-compatibility/neon-compatibility\n    - Fetching solc version list from solc-bin. Attempt #1\n    ✔ Downloading compiler. Attempt #1.",
        "time" : {
          "start" : 1639355673381,
          "stop" : 1639355696923,
          "duration" : 23542
        }
      } ]
    },
    "tags" : [ ]
  },
  "source" : "62e47a33b74bd0e1.json",
  "parameterValues" : [ "InputData(test_file='access/Ownable.test.js', test_files=['access/Ownable.test.js'], contracts=['access/Ownable.sol', 'mocks/OwnableMock.sol', 'mocks/AccessControlMock.sol', 'mocks/AccessControlEnumerableMock.sol', 'access/AccessControlEnumerable.sol', 'access/IAccessControlEnumerable.sol', 'utils/structs/EnumerableSet.sol', 'access/AccessControl.sol', 'utils/Context.sol', 'access/IAccessControl.sol', 'utils/Strings.sol', 'utils/introspection/ERC165.sol', 'utils/introspection/IERC165.sol'], migration_script='2_deploy_contracts.js')" ]
}