{
  "uid" : "da8a6bcf529483ec",
  "name" : "test_truffle_migration",
  "fullName" : "tests.truffle.test_truffle#test_truffle_migration",
  "historyId" : "e63c5a1b531c2472845045a6f65cedaf",
  "time" : {
    "start" : 1639254528244,
    "stop" : 1639254558093,
    "duration" : 29849
  },
  "status" : "failed",
  "statusMessage" : "AssertionError: assert \"message: 'ESOCKETTIMEDOUT'\" not in '/home/runne...net:501:8)\\n'\n  \"message: 'ESOCKETTIMEDOUT'\" is contained here:\n    -32603,\n      message: 'ESOCKETTIMEDOUT',\n      data: { originalError: { code: 'ESOCKETTIMEDOUT', connect: false } },\n      stack: 'Error: ESOCKETTIMEDOUT\\n' +\n        '    at ClientRequest.<anonymous> (/home/runner/work/neon-compatibility/neon-compatibility/node_modules/request/request.js:816:19)\\n' +\n        '    at Object.onceWrapper (node:events:509:28)\\n' +\n        '    at ClientRequest.emit (node:events:390:28)\\n' +\n        '    at Socket.emitRequestTimeout (node:_http_client:763:9)\\n' +\n        '    at Object.onceWrapper (node:events:509:28)\\n' +\n        '    at Socket.emit (node:events:402:35)\\n' +\n        '    at Socket._onTimeout (node:net:501:8)\\n' +\n        '    at listOnTimeout (node:internal/timers:557:17)\\n' +\n        '    at processTimers (node:internal/timers:500:7)'\n    })\n        at new NodeError (node:internal/errors:371:5)\n        at Web3ProviderEngine.emit (node:events:379:17)\n        at /home/runner/work/neon-compatibility/neon-compatibility/node_modules/@trufflesuite/web3-provider-engine/index.js:57:14\n        at afterRequest (/home/runner/work/neon-compatibility/neon-compatibility/node_modules/@trufflesuite/web3-provider-engine/index.js:151:21)\n        at /home/runner/work/neon-compatibility/neon-compatibility/node_modules/@trufflesuite/web3-provider-engine/index.js:176:21\n        at /home/runner/work/neon-compatibility/neon-compatibility/node_modules/@trufflesuite/web3-provider-engine/index.js:238:9\n        at /home/runner/work/neon-compatibility/neon-compatibility/node_modules/async/internal/once.js:12:16\n        at replenish (/home/runner/work/neon-compatibility/neon-compatibility/node_modules/async/internal/eachOfLimit.js:61:25)\n        at /home/runner/work/neon-compatibility/neon-compatibility/node_modules/async/internal/eachOfLimit.js:71:9\n        at eachLimit (/home/runner/work/neon-compatibility/neon-compatibility/node_modules/async/eachLimit.js:43:36)\n        at /home/runner/work/neon-compatibility/neon-compatibility/node_modules/async/internal/doLimit.js:9:16\n        at end (/home/runner/work/neon-compatibility/neon-compatibility/node_modules/@trufflesuite/web3-provider-engine/index.js:217:5)\n        at Request._callback (/home/runner/work/neon-compatibility/neon-compatibility/node_modules/@trufflesuite/web3-provider-engine/subproviders/rpc.js:36:21)\n        at self.callback (/home/runner/work/neon-compatibility/neon-compatibility/node_modules/request/request.js:185:22)\n        at Request.emit (node:events:390:28)\n        at ClientRequest.<anonymous> (/home/runner/work/neon-compatibility/neon-compatibility/node_modules/request/request.js:819:16)\n        at Object.onceWrapper (node:events:509:28)\n        at ClientRequest.emit (node:events:390:28)\n        at Socket.emitRequestTimeout (node:_http_client:763:9)\n        at Object.onceWrapper (node:events:509:28)\n        at Socket.emit (node:events:402:35)\n        at Socket._onTimeout (node:net:501:8)",
  "statusTrace" : "@allure.feature(FEATURE)\n    def test_truffle_migration():\n        # truffle migrate --network neonlabs\n        cmd_res = run_command_line(\n            f\"{Subfolder.CD_METACOIN} {RunCommand.TRUFFLE} \" +\n            f\"migrate --network {NETWORK_NAME} {CD_BACK}\")\n        actual_result = cmd_res.stdout.decode() + cmd_res.stderr.decode()\n        assert cmd_res.returncode == 0, actual_result\n        assert TruffleBasedError.ERROR_NO_ATTRIBUTE_ETH_ACCOUNTS \\\n            not in actual_result\n        assert TruffleError.ERROR_COULD_NOT_CONNECT not in actual_result\n        assert TruffleError.ERROR_NOT_AUTHORIZED not in actual_result\n        assert TruffleError.ERROR_TIMEOUT not in actual_result\n        assert TruffleError.ERROR_CANNOT_READ_PROPERTIES not in actual_result\n        assert TruffleError.ERROR_DEPLOYMENT_FAILED not in actual_result\n        assert TruffleError.ERROR_BLOCK_NOT_AVAILABLE not in actual_result\n>       assert TruffleError.ERROR_SOCKET_TIMEOUT not in actual_result\nE       assert \"message: 'ESOCKETTIMEDOUT'\" not in '/home/runne...net:501:8)\\n'\nE         \"message: 'ESOCKETTIMEDOUT'\" is contained here:\nE           -32603,\nE             message: 'ESOCKETTIMEDOUT',\nE             data: { originalError: { code: 'ESOCKETTIMEDOUT', connect: false } },\nE             stack: 'Error: ESOCKETTIMEDOUT\\n' +\nE               '    at ClientRequest.<anonymous> (/home/runner/work/neon-compatibility/neon-compatibility/node_modules/request/request.js:816:19)\\n' +\nE               '    at Object.onceWrapper (node:events:509:28)\\n' +\nE               '    at ClientRequest.emit (node:events:390:28)\\n' +\nE               '    at Socket.emitRequestTimeout (node:_http_client:763:9)\\n' +\nE               '    at Object.onceWrapper (node:events:509:28)\\n' +\nE               '    at Socket.emit (node:events:402:35)\\n' +\nE               '    at Socket._onTimeout (node:net:501:8)\\n' +\nE               '    at listOnTimeout (node:internal/timers:557:17)\\n' +\nE               '    at processTimers (node:internal/timers:500:7)'\nE           })\nE               at new NodeError (node:internal/errors:371:5)\nE               at Web3ProviderEngine.emit (node:events:379:17)\nE               at /home/runner/work/neon-compatibility/neon-compatibility/node_modules/@trufflesuite/web3-provider-engine/index.js:57:14\nE               at afterRequest (/home/runner/work/neon-compatibility/neon-compatibility/node_modules/@trufflesuite/web3-provider-engine/index.js:151:21)\nE               at /home/runner/work/neon-compatibility/neon-compatibility/node_modules/@trufflesuite/web3-provider-engine/index.js:176:21\nE               at /home/runner/work/neon-compatibility/neon-compatibility/node_modules/@trufflesuite/web3-provider-engine/index.js:238:9\nE               at /home/runner/work/neon-compatibility/neon-compatibility/node_modules/async/internal/once.js:12:16\nE               at replenish (/home/runner/work/neon-compatibility/neon-compatibility/node_modules/async/internal/eachOfLimit.js:61:25)\nE               at /home/runner/work/neon-compatibility/neon-compatibility/node_modules/async/internal/eachOfLimit.js:71:9\nE               at eachLimit (/home/runner/work/neon-compatibility/neon-compatibility/node_modules/async/eachLimit.js:43:36)\nE               at /home/runner/work/neon-compatibility/neon-compatibility/node_modules/async/internal/doLimit.js:9:16\nE               at end (/home/runner/work/neon-compatibility/neon-compatibility/node_modules/@trufflesuite/web3-provider-engine/index.js:217:5)\nE               at Request._callback (/home/runner/work/neon-compatibility/neon-compatibility/node_modules/@trufflesuite/web3-provider-engine/subproviders/rpc.js:36:21)\nE               at self.callback (/home/runner/work/neon-compatibility/neon-compatibility/node_modules/request/request.js:185:22)\nE               at Request.emit (node:events:390:28)\nE               at ClientRequest.<anonymous> (/home/runner/work/neon-compatibility/neon-compatibility/node_modules/request/request.js:819:16)\nE               at Object.onceWrapper (node:events:509:28)\nE               at ClientRequest.emit (node:events:390:28)\nE               at Socket.emitRequestTimeout (node:_http_client:763:9)\nE               at Object.onceWrapper (node:events:509:28)\nE               at Socket.emit (node:events:402:35)\nE               at Socket._onTimeout (node:net:501:8)\n\ntests/truffle/test_truffle.py:38: AssertionError",
  "flaky" : true,
  "newFailed" : false,
  "newBroken" : false,
  "newPassed" : false,
  "retriesCount" : 0,
  "retriesStatusChange" : false,
  "beforeStages" : [ {
    "name" : "prepare_truffle_config",
    "time" : {
      "start" : 1639254528233,
      "stop" : 1639254528244,
      "duration" : 11
    },
    "status" : "passed",
    "steps" : [ {
      "name" : "Preset variables",
      "time" : {
        "start" : 1639254528233,
        "stop" : 1639254528244,
        "duration" : 11
      },
      "status" : "passed",
      "steps" : [ ],
      "attachments" : [ ],
      "parameters" : [ ],
      "stepsCount" : 0,
      "attachmentsCount" : 0,
      "shouldDisplayMessage" : false,
      "hasContent" : false
    }, {
      "name" : "Clean up folder \"'/home/runner/work/neon-compatibility/neon-compatibility/Metacoin/build/contracts'\"",
      "time" : {
        "start" : 1639254528244,
        "stop" : 1639254528244,
        "duration" : 0
      },
      "status" : "passed",
      "steps" : [ ],
      "attachments" : [ ],
      "parameters" : [ {
        "name" : "folder",
        "value" : "'/home/runner/work/neon-compatibility/neon-compatibility/Metacoin/build/contracts'"
      } ],
      "stepsCount" : 0,
      "attachmentsCount" : 0,
      "shouldDisplayMessage" : false,
      "hasContent" : true
    } ],
    "attachments" : [ ],
    "parameters" : [ ],
    "stepsCount" : 2,
    "attachmentsCount" : 0,
    "shouldDisplayMessage" : false,
    "hasContent" : true
  } ],
  "testStage" : {
    "status" : "failed",
    "statusMessage" : "AssertionError: assert \"message: 'ESOCKETTIMEDOUT'\" not in '/home/runne...net:501:8)\\n'\n  \"message: 'ESOCKETTIMEDOUT'\" is contained here:\n    -32603,\n      message: 'ESOCKETTIMEDOUT',\n      data: { originalError: { code: 'ESOCKETTIMEDOUT', connect: false } },\n      stack: 'Error: ESOCKETTIMEDOUT\\n' +\n        '    at ClientRequest.<anonymous> (/home/runner/work/neon-compatibility/neon-compatibility/node_modules/request/request.js:816:19)\\n' +\n        '    at Object.onceWrapper (node:events:509:28)\\n' +\n        '    at ClientRequest.emit (node:events:390:28)\\n' +\n        '    at Socket.emitRequestTimeout (node:_http_client:763:9)\\n' +\n        '    at Object.onceWrapper (node:events:509:28)\\n' +\n        '    at Socket.emit (node:events:402:35)\\n' +\n        '    at Socket._onTimeout (node:net:501:8)\\n' +\n        '    at listOnTimeout (node:internal/timers:557:17)\\n' +\n        '    at processTimers (node:internal/timers:500:7)'\n    })\n        at new NodeError (node:internal/errors:371:5)\n        at Web3ProviderEngine.emit (node:events:379:17)\n        at /home/runner/work/neon-compatibility/neon-compatibility/node_modules/@trufflesuite/web3-provider-engine/index.js:57:14\n        at afterRequest (/home/runner/work/neon-compatibility/neon-compatibility/node_modules/@trufflesuite/web3-provider-engine/index.js:151:21)\n        at /home/runner/work/neon-compatibility/neon-compatibility/node_modules/@trufflesuite/web3-provider-engine/index.js:176:21\n        at /home/runner/work/neon-compatibility/neon-compatibility/node_modules/@trufflesuite/web3-provider-engine/index.js:238:9\n        at /home/runner/work/neon-compatibility/neon-compatibility/node_modules/async/internal/once.js:12:16\n        at replenish (/home/runner/work/neon-compatibility/neon-compatibility/node_modules/async/internal/eachOfLimit.js:61:25)\n        at /home/runner/work/neon-compatibility/neon-compatibility/node_modules/async/internal/eachOfLimit.js:71:9\n        at eachLimit (/home/runner/work/neon-compatibility/neon-compatibility/node_modules/async/eachLimit.js:43:36)\n        at /home/runner/work/neon-compatibility/neon-compatibility/node_modules/async/internal/doLimit.js:9:16\n        at end (/home/runner/work/neon-compatibility/neon-compatibility/node_modules/@trufflesuite/web3-provider-engine/index.js:217:5)\n        at Request._callback (/home/runner/work/neon-compatibility/neon-compatibility/node_modules/@trufflesuite/web3-provider-engine/subproviders/rpc.js:36:21)\n        at self.callback (/home/runner/work/neon-compatibility/neon-compatibility/node_modules/request/request.js:185:22)\n        at Request.emit (node:events:390:28)\n        at ClientRequest.<anonymous> (/home/runner/work/neon-compatibility/neon-compatibility/node_modules/request/request.js:819:16)\n        at Object.onceWrapper (node:events:509:28)\n        at ClientRequest.emit (node:events:390:28)\n        at Socket.emitRequestTimeout (node:_http_client:763:9)\n        at Object.onceWrapper (node:events:509:28)\n        at Socket.emit (node:events:402:35)\n        at Socket._onTimeout (node:net:501:8)",
    "statusTrace" : "@allure.feature(FEATURE)\n    def test_truffle_migration():\n        # truffle migrate --network neonlabs\n        cmd_res = run_command_line(\n            f\"{Subfolder.CD_METACOIN} {RunCommand.TRUFFLE} \" +\n            f\"migrate --network {NETWORK_NAME} {CD_BACK}\")\n        actual_result = cmd_res.stdout.decode() + cmd_res.stderr.decode()\n        assert cmd_res.returncode == 0, actual_result\n        assert TruffleBasedError.ERROR_NO_ATTRIBUTE_ETH_ACCOUNTS \\\n            not in actual_result\n        assert TruffleError.ERROR_COULD_NOT_CONNECT not in actual_result\n        assert TruffleError.ERROR_NOT_AUTHORIZED not in actual_result\n        assert TruffleError.ERROR_TIMEOUT not in actual_result\n        assert TruffleError.ERROR_CANNOT_READ_PROPERTIES not in actual_result\n        assert TruffleError.ERROR_DEPLOYMENT_FAILED not in actual_result\n        assert TruffleError.ERROR_BLOCK_NOT_AVAILABLE not in actual_result\n>       assert TruffleError.ERROR_SOCKET_TIMEOUT not in actual_result\nE       assert \"message: 'ESOCKETTIMEDOUT'\" not in '/home/runne...net:501:8)\\n'\nE         \"message: 'ESOCKETTIMEDOUT'\" is contained here:\nE           -32603,\nE             message: 'ESOCKETTIMEDOUT',\nE             data: { originalError: { code: 'ESOCKETTIMEDOUT', connect: false } },\nE             stack: 'Error: ESOCKETTIMEDOUT\\n' +\nE               '    at ClientRequest.<anonymous> (/home/runner/work/neon-compatibility/neon-compatibility/node_modules/request/request.js:816:19)\\n' +\nE               '    at Object.onceWrapper (node:events:509:28)\\n' +\nE               '    at ClientRequest.emit (node:events:390:28)\\n' +\nE               '    at Socket.emitRequestTimeout (node:_http_client:763:9)\\n' +\nE               '    at Object.onceWrapper (node:events:509:28)\\n' +\nE               '    at Socket.emit (node:events:402:35)\\n' +\nE               '    at Socket._onTimeout (node:net:501:8)\\n' +\nE               '    at listOnTimeout (node:internal/timers:557:17)\\n' +\nE               '    at processTimers (node:internal/timers:500:7)'\nE           })\nE               at new NodeError (node:internal/errors:371:5)\nE               at Web3ProviderEngine.emit (node:events:379:17)\nE               at /home/runner/work/neon-compatibility/neon-compatibility/node_modules/@trufflesuite/web3-provider-engine/index.js:57:14\nE               at afterRequest (/home/runner/work/neon-compatibility/neon-compatibility/node_modules/@trufflesuite/web3-provider-engine/index.js:151:21)\nE               at /home/runner/work/neon-compatibility/neon-compatibility/node_modules/@trufflesuite/web3-provider-engine/index.js:176:21\nE               at /home/runner/work/neon-compatibility/neon-compatibility/node_modules/@trufflesuite/web3-provider-engine/index.js:238:9\nE               at /home/runner/work/neon-compatibility/neon-compatibility/node_modules/async/internal/once.js:12:16\nE               at replenish (/home/runner/work/neon-compatibility/neon-compatibility/node_modules/async/internal/eachOfLimit.js:61:25)\nE               at /home/runner/work/neon-compatibility/neon-compatibility/node_modules/async/internal/eachOfLimit.js:71:9\nE               at eachLimit (/home/runner/work/neon-compatibility/neon-compatibility/node_modules/async/eachLimit.js:43:36)\nE               at /home/runner/work/neon-compatibility/neon-compatibility/node_modules/async/internal/doLimit.js:9:16\nE               at end (/home/runner/work/neon-compatibility/neon-compatibility/node_modules/@trufflesuite/web3-provider-engine/index.js:217:5)\nE               at Request._callback (/home/runner/work/neon-compatibility/neon-compatibility/node_modules/@trufflesuite/web3-provider-engine/subproviders/rpc.js:36:21)\nE               at self.callback (/home/runner/work/neon-compatibility/neon-compatibility/node_modules/request/request.js:185:22)\nE               at Request.emit (node:events:390:28)\nE               at ClientRequest.<anonymous> (/home/runner/work/neon-compatibility/neon-compatibility/node_modules/request/request.js:819:16)\nE               at Object.onceWrapper (node:events:509:28)\nE               at ClientRequest.emit (node:events:390:28)\nE               at Socket.emitRequestTimeout (node:_http_client:763:9)\nE               at Object.onceWrapper (node:events:509:28)\nE               at Socket.emit (node:events:402:35)\nE               at Socket._onTimeout (node:net:501:8)\n\ntests/truffle/test_truffle.py:38: AssertionError",
    "steps" : [ {
      "name" : "Run command: \"'cd Metacoin; pwd; ../node_modules/.bin/truffle migrate --network neonlabs ; cd \"/home/runner/work/neon-compatibility/neon-compatibility\"; pwd;'\"",
      "time" : {
        "start" : 1639254528244,
        "stop" : 1639254558092,
        "duration" : 29848
      },
      "status" : "passed",
      "steps" : [ ],
      "attachments" : [ ],
      "parameters" : [ {
        "name" : "command",
        "value" : "'cd Metacoin; pwd; ../node_modules/.bin/truffle migrate --network neonlabs ; cd \"/home/runner/work/neon-compatibility/neon-compatibility\"; pwd;'"
      } ],
      "stepsCount" : 0,
      "attachmentsCount" : 0,
      "shouldDisplayMessage" : false,
      "hasContent" : true
    } ],
    "attachments" : [ {
      "uid" : "e8d6366e98c86bec",
      "name" : "stdout",
      "source" : "e8d6366e98c86bec.txt",
      "type" : "text/plain",
      "size" : 4198
    } ],
    "parameters" : [ ],
    "stepsCount" : 1,
    "attachmentsCount" : 1,
    "shouldDisplayMessage" : true,
    "hasContent" : true
  },
  "afterStages" : [ {
    "name" : "prepare_truffle_config::0",
    "time" : {
      "start" : 1639254558098,
      "stop" : 1639254558099,
      "duration" : 1
    },
    "status" : "passed",
    "steps" : [ ],
    "attachments" : [ ],
    "parameters" : [ ],
    "stepsCount" : 0,
    "attachmentsCount" : 0,
    "shouldDisplayMessage" : false,
    "hasContent" : false
  } ],
  "labels" : [ {
    "name" : "feature",
    "value" : "Truffle"
  }, {
    "name" : "parentSuite",
    "value" : "tests.truffle"
  }, {
    "name" : "suite",
    "value" : "test_truffle"
  }, {
    "name" : "host",
    "value" : "fv-az83-54"
  }, {
    "name" : "thread",
    "value" : "4580-MainThread"
  }, {
    "name" : "framework",
    "value" : "pytest"
  }, {
    "name" : "language",
    "value" : "cpython3"
  }, {
    "name" : "package",
    "value" : "tests.truffle.test_truffle"
  }, {
    "name" : "resultFormat",
    "value" : "allure2"
  } ],
  "parameters" : [ ],
  "links" : [ ],
  "hidden" : false,
  "retry" : false,
  "extra" : {
    "severity" : "normal",
    "retries" : [ ],
    "categories" : [ {
      "name" : "Product defects",
      "matchedStatuses" : [ ],
      "flaky" : false
    } ],
    "history" : {
      "statistic" : {
        "failed" : 26,
        "broken" : 0,
        "skipped" : 0,
        "passed" : 110,
        "unknown" : 0,
        "total" : 136
      },
      "items" : [ {
        "uid" : "af158d3f220dbf60",
        "reportUrl" : "https://neonlabsorg.github.io/neon-compatibility/202//#testresult/af158d3f220dbf60",
        "status" : "failed",
        "statusDetails" : "AssertionError: assert \"message: 'ESOCKETTIMEDOUT'\" not in '/home/runne...net:501:8)\\n'\n  \"message: 'ESOCKETTIMEDOUT'\" is contained here:\n    -32603,\n      message: 'ESOCKETTIMEDOUT',\n      data: { originalError: { code: 'ESOCKETTIMEDOUT', connect: false } },\n      stack: 'Error: ESOCKETTIMEDOUT\\n' +\n        '    at ClientRequest.<anonymous> (/home/runner/work/neon-compatibility/neon-compatibility/node_modules/request/request.js:816:19)\\n' +\n        '    at Object.onceWrapper (node:events:509:28)\\n' +\n        '    at ClientRequest.emit (node:events:390:28)\\n' +\n        '    at Socket.emitRequestTimeout (node:_http_client:763:9)\\n' +\n        '    at Object.onceWrapper (node:events:509:28)\\n' +\n        '    at Socket.emit (node:events:402:35)\\n' +\n        '    at Socket._onTimeout (node:net:501:8)\\n' +\n        '    at listOnTimeout (node:internal/timers:557:17)\\n' +\n        '    at processTimers (node:internal/timers:500:7)'\n    })\n        at new NodeError (node:internal/errors:371:5)\n        at Web3ProviderEngine.emit (node:events:379:17)\n        at /home/runner/work/neon-compatibility/neon-compatibility/node_modules/@trufflesuite/web3-provider-engine/index.js:57:14\n        at afterRequest (/home/runner/work/neon-compatibility/neon-compatibility/node_modules/@trufflesuite/web3-provider-engine/index.js:151:21)\n        at /home/runner/work/neon-compatibility/neon-compatibility/node_modules/@trufflesuite/web3-provider-engine/index.js:176:21\n        at /home/runner/work/neon-compatibility/neon-compatibility/node_modules/@trufflesuite/web3-provider-engine/index.js:238:9\n        at /home/runner/work/neon-compatibility/neon-compatibility/node_modules/async/internal/once.js:12:16\n        at replenish (/home/runner/work/neon-compatibility/neon-compatibility/node_modules/async/internal/eachOfLimit.js:61:25)\n        at /home/runner/work/neon-compatibility/neon-compatibility/node_modules/async/internal/eachOfLimit.js:71:9\n        at eachLimit (/home/runner/work/neon-compatibility/neon-compatibility/node_modules/async/eachLimit.js:43:36)\n        at /home/runner/work/neon-compatibility/neon-compatibility/node_modules/async/internal/doLimit.js:9:16\n        at end (/home/runner/work/neon-compatibility/neon-compatibility/node_modules/@trufflesuite/web3-provider-engine/index.js:217:5)\n        at Request._callback (/home/runner/work/neon-compatibility/neon-compatibility/node_modules/@trufflesuite/web3-provider-engine/subproviders/rpc.js:36:21)\n        at self.callback (/home/runner/work/neon-compatibility/neon-compatibility/node_modules/request/request.js:185:22)\n        at Request.emit (node:events:390:28)\n        at ClientRequest.<anonymous> (/home/runner/work/neon-compatibility/neon-compatibility/node_modules/request/request.js:819:16)\n        at Object.onceWrapper (node:events:509:28)\n        at ClientRequest.emit (node:events:390:28)\n        at Socket.emitRequestTimeout (node:_http_client:763:9)\n        at Object.onceWrapper (node:events:509:28)\n        at Socket.emit (node:events:402:35)\n        at Socket._onTimeout (node:net:501:8)",
        "time" : {
          "start" : 1639232439550,
          "stop" : 1639232470169,
          "duration" : 30619
        }
      }, {
        "uid" : "9447d6b225141f29",
        "reportUrl" : "https://neonlabsorg.github.io/neon-compatibility/201//#testresult/9447d6b225141f29",
        "status" : "passed",
        "time" : {
          "start" : 1639231153311,
          "stop" : 1639231181931,
          "duration" : 28620
        }
      }, {
        "uid" : "d0c675d32d89a477",
        "reportUrl" : "https://neonlabsorg.github.io/neon-compatibility/199//#testresult/d0c675d32d89a477",
        "status" : "passed",
        "time" : {
          "start" : 1639223853970,
          "stop" : 1639223868287,
          "duration" : 14317
        }
      }, {
        "uid" : "dac8b66c705866b0",
        "reportUrl" : "https://neonlabsorg.github.io/neon-compatibility/199//#testresult/dac8b66c705866b0",
        "status" : "passed",
        "time" : {
          "start" : 1639222231728,
          "stop" : 1639222246509,
          "duration" : 14781
        }
      }, {
        "uid" : "f1cc2729ce29982e",
        "reportUrl" : "https://neonlabsorg.github.io/neon-compatibility/197//#testresult/f1cc2729ce29982e",
        "status" : "failed",
        "statusDetails" : "AssertionError: assert 'Error:  ***...t Failed ***' not in '/home/runne...patibility\\n'\n  'Error:  *** Deployment Failed ***' is contained here:\n    --------\n    \n    Error:  *** Deployment Failed ***\n    \n    \"Migrations\" -- ESOCKETTIMEDOUT\n    {\n      \"originalError\": {\n        \"code\": \"ESOCKETTIMEDOUT\",\n        \"connect\": false\n      }\n    }.\n    \n        at /home/runner/work/neon-compatibility/neon-compatibility/node_modules/truffle/build/webpack:/packages/deployer/src/deployment.js:365:1\n        at runMicrotasks (<anonymous>)\n        at processTicksAndRejections (node:internal/process/task_queues:96:5)\n        at Migration._deploy (/home/runner/work/neon-compatibility/neon-compatibility/node_modules/truffle/build/webpack:/packages/migrate/Migration.js:70:1)\n        at Migration._load (/home/runner/work/neon-compatibility/neon-compatibility/node_modules/truffle/build/webpack:/packages/migrate/Migration.js:56:1)\n        at Migration.run (/home/runner/work/neon-compatibility/neon-compatibility/node_modules/truffle/build/webpack:/packages/migrate/Migration.js:217:1)\n        at Object.runMigrations (/home/runner/work/neon-compatibility/neon-compatibility/node_modules/truffle/build/webpack:/packages/migrate/index.js:150:1)\n        at Object.runFrom (/home/runner/work/neon-compatibility/neon-compatibility/node_modules/truffle/build/webpack:/packages/migrate/index.js:110:1)\n        at Object.run (/home/runner/work/neon-compatibility/neon-compatibility/node_modules/truffle/build/webpack:/packages/migrate/index.js:87:1)\n        at runMigrations (/home/runner/work/neon-compatibility/neon-compatibility/node_modules/truffle/build/webpack:/packages/core/lib/commands/migrate.js:258:1)\n        at Object.run (/home/runner/work/neon-compatibility/neon-compatibility/node_modules/truffle/build/webpack:/packages/core/lib/commands/migrate.js:223:1)\n        at Command.run (/home/runner/work/neon-compatibility/neon-compatibility/node_modules/truffle/build/webpack:/packages/core/lib/command.js:183:1)\n    Truffle v5.4.14 (core: 5.4.14)\n    Node v16.13.0\n    /home/runner/work/neon-compatibility/neon-compatibility",
        "time" : {
          "start" : 1639183168124,
          "stop" : 1639183224291,
          "duration" : 56167
        }
      }, {
        "uid" : "52955dad41a92a7b",
        "reportUrl" : "https://neonlabsorg.github.io/neon-compatibility/196//#testresult/52955dad41a92a7b",
        "status" : "failed",
        "statusDetails" : "AssertionError: assert \"message: 'ESOCKETTIMEDOUT'\" not in '/home/runne...net:501:8)\\n'\n  \"message: 'ESOCKETTIMEDOUT'\" is contained here:\n    -32603,\n      message: 'ESOCKETTIMEDOUT',\n      data: { originalError: { code: 'ESOCKETTIMEDOUT', connect: false } },\n      stack: 'Error: ESOCKETTIMEDOUT\\n' +\n        '    at ClientRequest.<anonymous> (/home/runner/work/neon-compatibility/neon-compatibility/node_modules/request/request.js:816:19)\\n' +\n        '    at Object.onceWrapper (node:events:509:28)\\n' +\n        '    at ClientRequest.emit (node:events:390:28)\\n' +\n        '    at TLSSocket.emitRequestTimeout (node:_http_client:763:9)\\n' +\n        '    at Object.onceWrapper (node:events:509:28)\\n' +\n        '    at TLSSocket.emit (node:events:402:35)\\n' +\n        '    at TLSSocket.Socket._onTimeout (node:net:501:8)\\n' +\n        '    at listOnTimeout (node:internal/timers:557:17)\\n' +\n        '    at processTimers (node:internal/timers:500:7)'\n    })\n        at new NodeError (node:internal/errors:371:5)\n        at Web3ProviderEngine.emit (node:events:379:17)\n        at /home/runner/work/neon-compatibility/neon-compatibility/node_modules/@trufflesuite/web3-provider-engine/index.js:57:14\n        at afterRequest (/home/runner/work/neon-compatibility/neon-compatibility/node_modules/@trufflesuite/web3-provider-engine/index.js:151:21)\n        at /home/runner/work/neon-compatibility/neon-compatibility/node_modules/@trufflesuite/web3-provider-engine/index.js:176:21\n        at /home/runner/work/neon-compatibility/neon-compatibility/node_modules/@trufflesuite/web3-provider-engine/index.js:238:9\n        at /home/runner/work/neon-compatibility/neon-compatibility/node_modules/async/internal/once.js:12:16\n        at replenish (/home/runner/work/neon-compatibility/neon-compatibility/node_modules/async/internal/eachOfLimit.js:61:25)\n        at /home/runner/work/neon-compatibility/neon-compatibility/node_modules/async/internal/eachOfLimit.js:71:9\n        at eachLimit (/home/runner/work/neon-compatibility/neon-compatibility/node_modules/async/eachLimit.js:43:36)\n        at /home/runner/work/neon-compatibility/neon-compatibility/node_modules/async/internal/doLimit.js:9:16\n        at end (/home/runner/work/neon-compatibility/neon-compatibility/node_modules/@trufflesuite/web3-provider-engine/index.js:217:5)\n        at Request._callback (/home/runner/work/neon-compatibility/neon-compatibility/node_modules/@trufflesuite/web3-provider-engine/subproviders/rpc.js:36:21)\n        at self.callback (/home/runner/work/neon-compatibility/neon-compatibility/node_modules/request/request.js:185:22)\n        at Request.emit (node:events:390:28)\n        at ClientRequest.<anonymous> (/home/runner/work/neon-compatibility/neon-compatibility/node_modules/request/request.js:819:16)\n        at Object.onceWrapper (node:events:509:28)\n        at ClientRequest.emit (node:events:390:28)\n        at TLSSocket.emitRequestTimeout (node:_http_client:763:9)\n        at Object.onceWrapper (node:events:509:28)\n        at TLSSocket.emit (node:events:402:35)\n        at TLSSocket.Socket._onTimeout (node:net:501:8)",
        "time" : {
          "start" : 1639153523537,
          "stop" : 1639153570871,
          "duration" : 47334
        }
      }, {
        "uid" : "74075d4d751f16f8",
        "reportUrl" : "https://neonlabsorg.github.io/neon-compatibility/195//#testresult/74075d4d751f16f8",
        "status" : "passed",
        "time" : {
          "start" : 1639128666756,
          "stop" : 1639128706120,
          "duration" : 39364
        }
      }, {
        "uid" : "94c8fc0ed7daba3c",
        "reportUrl" : "https://neonlabsorg.github.io/neon-compatibility/193//#testresult/94c8fc0ed7daba3c",
        "status" : "failed",
        "statusDetails" : "AssertionError: assert 'Error:  ***...t Failed ***' not in '/home/runne...patibility\\n'\n  'Error:  *** Deployment Failed ***' is contained here:\n    --------\n    \n    Error:  *** Deployment Failed ***\n    \n    \"Migrations\" -- ESOCKETTIMEDOUT\n    {\n      \"originalError\": {\n        \"code\": \"ESOCKETTIMEDOUT\",\n        \"connect\": false\n      }\n    }.\n    \n        at /home/runner/work/neon-compatibility/neon-compatibility/node_modules/truffle/build/webpack:/packages/deployer/src/deployment.js:365:1\n        at processTicksAndRejections (node:internal/process/task_queues:96:5)\n        at Migration._deploy (/home/runner/work/neon-compatibility/neon-compatibility/node_modules/truffle/build/webpack:/packages/migrate/Migration.js:70:1)\n        at Migration._load (/home/runner/work/neon-compatibility/neon-compatibility/node_modules/truffle/build/webpack:/packages/migrate/Migration.js:56:1)\n        at Migration.run (/home/runner/work/neon-compatibility/neon-compatibility/node_modules/truffle/build/webpack:/packages/migrate/Migration.js:217:1)\n        at Object.runMigrations (/home/runner/work/neon-compatibility/neon-compatibility/node_modules/truffle/build/webpack:/packages/migrate/index.js:150:1)\n        at Object.runFrom (/home/runner/work/neon-compatibility/neon-compatibility/node_modules/truffle/build/webpack:/packages/migrate/index.js:110:1)\n        at Object.run (/home/runner/work/neon-compatibility/neon-compatibility/node_modules/truffle/build/webpack:/packages/migrate/index.js:87:1)\n        at runMigrations (/home/runner/work/neon-compatibility/neon-compatibility/node_modules/truffle/build/webpack:/packages/core/lib/commands/migrate.js:258:1)\n        at Object.run (/home/runner/work/neon-compatibility/neon-compatibility/node_modules/truffle/build/webpack:/packages/core/lib/commands/migrate.js:223:1)\n        at Command.run (/home/runner/work/neon-compatibility/neon-compatibility/node_modules/truffle/build/webpack:/packages/core/lib/command.js:183:1)\n    Truffle v5.4.14 (core: 5.4.14)\n    Node v16.13.0\n    /home/runner/work/neon-compatibility/neon-compatibility",
        "time" : {
          "start" : 1639097042652,
          "stop" : 1639097098167,
          "duration" : 55515
        }
      }, {
        "uid" : "71e9574e92645cc0",
        "reportUrl" : "https://neonlabsorg.github.io/neon-compatibility/192//#testresult/71e9574e92645cc0",
        "status" : "passed",
        "time" : {
          "start" : 1639085439991,
          "stop" : 1639085471829,
          "duration" : 31838
        }
      }, {
        "uid" : "887ed729254cc2d2",
        "reportUrl" : "https://neonlabsorg.github.io/neon-compatibility/189//#testresult/887ed729254cc2d2",
        "status" : "failed",
        "statusDetails" : "AssertionError: /home/runner/work/neon-compatibility/neon-compatibility/Metacoin\n  \n  Compiling your contracts...\n  ===========================\n  > Compiling ./contracts/ConvertLib.sol\n  > Compiling ./contracts/MetaCoin.sol\n  > Compiling ./contracts/Migrations.sol\n  > Compilation warnings encountered:\n  \n      Warning: Visibility for constructor is ignored. If you want the contract to be non-deployable, making it \"abstract\" is sufficient.\n    --> project:/contracts/MetaCoin.sol:16:2:\n     |\n  16 | \tconstructor() public {\n     | \t^ (Relevant source part starts here and spans across multiple lines).\n  \n  ,Warning: Visibility for constructor is ignored. If you want the contract to be non-deployable, making it \"abstract\" is sufficient.\n    --> project:/contracts/Migrations.sol:12:3:\n     |\n  12 |   constructor() public {\n     |   ^ (Relevant source part starts here and spans across multiple lines).\n  \n  \n  > Artifacts written to /home/runner/work/neon-compatibility/neon-compatibility/Metacoin/build/contracts\n  > Compiled successfully using:\n     - solc: 0.8.4+commit.c7e474f2.Emscripten.clang\n  \n  \n  \n  Starting migrations...\n  ======================\n  > Network name:    'neonlabs'\n  > Network id:      245022940\n  > Block gas limit: 6721975 (0x6691b7)\n  \n  \n  1_initial_migration.js\n  ======================\n  \n     Deploying 'Migrations'\n     ----------------------\n     > transaction hash:    0x2cca002ec0a8c86eb1b4848dc280372ae9d8c70ef9457d75d80d735a43ec7547\n     > Blocks: 0            Seconds: 0\n     > contract address:    0x03448653A24A9d02E859B7Ab45eD1A46cDC822ea\n     > block number:        107261392\n     > block timestamp:     1639070967\n     > account:             0x7Af94b4B890f2Ef80BEE7ED861654B3C5ceB2f46\n     > balance:             6.999915713\n     > gas used:            84287 (0x1493f)\n     > gas price:           1 gwei\n     > value sent:          0 ETH\n     > total cost:          0.000084287 ETH\n  \n  \n     > Saving migration to chain.\n     > Saving artifacts\n     -------------------------------------\n     > Total cost:         0.000084287 ETH\n  \n  \n  2_deploy_contracts.js\n  =====================\n  \n     Deploying 'ConvertLib'\n     ----------------------\n  /home/runner/work/neon-compatibility/neon-compatibility\n  - Blocks: 0            Seconds: 0\n  - Saving migration to chain.\n  \n  /home/runner/work/neon-compatibility/neon-compatibility/node_modules/request/request.js:848\n            var e = new Error('ETIMEDOUT')\n                    ^\n  Error: PollingBlockTracker - encountered an error while attempting to update latest block:\n  Error: ETIMEDOUT\n      at Timeout.<anonymous> (/home/runner/work/neon-compatibility/neon-compatibility/node_modules/request/request.js:848:19)\n      at listOnTimeout (node:internal/timers:557:17)\n      at processTimers (node:internal/timers:500:7)\n      at PollingBlockTracker._performSync (/home/runner/work/neon-compatibility/neon-compatibility/node_modules/eth-block-tracker/src/polling.js:51:24)\n      at processTicksAndRejections (node:internal/process/task_queues:96:5)\n  \nassert 'Error: ETIMEDOUT' not in '/home/runne...eues:96:5)\\n'\n  'Error: ETIMEDOUT' is contained here:\n    st block:\n    Error: ETIMEDOUT\n        at Timeout.<anonymous> (/home/runner/work/neon-compatibility/neon-compatibility/node_modules/request/request.js:848:19)\n        at listOnTimeout (node:internal/timers:557:17)\n        at processTimers (node:internal/timers:500:7)\n        at PollingBlockTracker._performSync (/home/runner/work/neon-compatibility/neon-compatibility/node_modules/eth-block-tracker/src/polling.js:51:24)\n        at processTicksAndRejections (node:internal/process/task_queues:96:5)",
        "time" : {
          "start" : 1639070925288,
          "stop" : 1639071015670,
          "duration" : 90382
        }
      }, {
        "uid" : "bc6eca097a6d3fb7",
        "reportUrl" : "https://neonlabsorg.github.io/neon-compatibility/190//#testresult/bc6eca097a6d3fb7",
        "status" : "failed",
        "statusDetails" : "AssertionError: assert 'Error:  ***...t Failed ***' not in '/home/runne...patibility\\n'\n  'Error:  *** Deployment Failed ***' is contained here:\n    --------\n    \n    Error:  *** Deployment Failed ***\n    \n    \"Migrations\" -- Transaction simulation failed: Error processing Instruction 2: invalid account data for instruction\n    {\n      \"accounts\": null,\n      \"err\": {\n        \"InstructionError\": [\n          2,\n          \"InvalidAccountData\"\n        ]\n      },\n      \"logs\": [\n        \"Program 11111111111111111111111111111111 invoke [1]\",\n        \"Program 11111111111111111111111111111111 success\",\n        \"Program 53DfF883gyixYNXnM7s5xhdeyV8mVk9T4i2hGV9vG9io invoke [1]\",\n        \"Program 11111111111111111111111111111111 invoke [2]\",\n        \"Program 11111111111111111111111111111111 success\",\n        \"Program ATokenGPvbdGVxr1b2hvZbsiqW5xWH25efTNsLJA8knL invoke [2]\",\n        \"Program log: Transfer 2039280 lamports to the associated token account\",\n        \"Program 11111111111111111111111111111111 invoke [3]\",\n        \"Program 11111111111111111111111111111111 success\",\n        \"Program log: Allocate space for the associated token account\",\n        \"Program 11111111111111111111111111111111 invoke [3]\",\n        \"Program 11111111111111111111111111111111 success\",\n        \"Program log: Assign the associated token account to the SPL Token program\",\n        \"Program 11111111111111111111111111111111 invoke [3]\",\n        \"Program 11111111111111111111111111111111 success\",\n        \"Program log: Initialize the associated token account\",\n        \"Program TokenkegQfeZyiNwAJbNbGKPFXCWuBvf9Ss623VQ5DA invoke [3]\",\n        \"Program log: Instruction: InitializeAccount\",\n        \"Program TokenkegQfeZyiNwAJbNbGKPFXCWuBvf9Ss623VQ5DA consumed 3920 of 440690 compute units\",\n        \"Program TokenkegQfeZyiNwAJbNbGKPFXCWuBvf9Ss623VQ5DA success\",\n        \"Program ATokenGPvbdGVxr1b2hvZbsiqW5xWH25efTNsLJA8knL consumed 25134 of 461223 compute units\",\n        \"Program ATokenGPvbdGVxr1b2hvZbsiqW5xWH25efTNsLJA8knL success\",\n        \"Program log: Total memory occupied: 1595\",\n        \"Program 53DfF883gyixYNXnM7s5xhdeyV8mVk9T4i2hGV9vG9io consumed 65317 of 500000 compute units\",\n        \"Program 53DfF883gyixYNXnM7s5xhdeyV8mVk9T4i2hGV9vG9io success\",\n        \"Program TokenkegQfeZyiNwAJbNbGKPFXCWuBvf9Ss623VQ5DA invoke [1]\",\n        \"Program log: Instruction: TransferChecked\",\n        \"Program log: Error: InvalidAccountData\",\n        \"Program TokenkegQfeZyiNwAJbNbGKPFXCWuBvf9Ss623VQ5DA consumed 1803 of 200000 compute units\",\n        \"Program TokenkegQfeZyiNwAJbNbGKPFXCWuBvf9Ss623VQ5DA failed: invalid account data for instruction\"\n      ]\n    }.\n    \n        at /home/runner/work/neon-compatibility/neon-compatibility/node_modules/truffle/build/webpack:/packages/deployer/src/deployment.js:365:1\n        at processTicksAndRejections (node:internal/process/task_queues:96:5)\n        at Migration._deploy (/home/runner/work/neon-compatibility/neon-compatibility/node_modules/truffle/build/webpack:/packages/migrate/Migration.js:70:1)\n        at Migration._load (/home/runner/work/neon-compatibility/neon-compatibility/node_modules/truffle/build/webpack:/packages/migrate/Migration.js:56:1)\n        at Migration.run (/home/runner/work/neon-compatibility/neon-compatibility/node_modules/truffle/build/webpack:/packages/migrate/Migration.js:217:1)\n        at Object.runMigrations (/home/runner/work/neon-compatibility/neon-compatibility/node_modules/truffle/build/webpack:/packages/migrate/index.js:150:1)\n        at Object.runFrom (/home/runner/work/neon-compatibility/neon-compatibility/node_modules/truffle/build/webpack:/packages/migrate/index.js:110:1)\n        at Object.run (/home/runner/work/neon-compatibility/neon-compatibility/node_modules/truffle/build/webpack:/packages/migrate/index.js:87:1)\n        at runMigrations (/home/runner/work/neon-compatibility/neon-compatibility/node_modules/truffle/build/webpack:/packages/core/lib/commands/migrate.js:258:1)\n        at Object.run (/home/runner/work/neon-compatibility/neon-compatibility/node_modules/truffle/build/webpack:/packages/core/lib/commands/migrate.js:223:1)\n        at Command.run (/home/runner/work/neon-compatibility/neon-compatibility/node_modules/truffle/build/webpack:/packages/core/lib/command.js:183:1)\n    Truffle v5.4.14 (core: 5.4.14)\n    Node v16.13.0\n    /home/runner/work/neon-compatibility/neon-compatibility",
        "time" : {
          "start" : 1639074385380,
          "stop" : 1639074407403,
          "duration" : 22023
        }
      }, {
        "uid" : "c7de7f15cd3570b7",
        "reportUrl" : "https://neonlabsorg.github.io/neon-compatibility/187//#testresult/c7de7f15cd3570b7",
        "status" : "failed",
        "statusDetails" : "AssertionError: assert \"message: 'ESOCKETTIMEDOUT'\" not in '/home/runne...net:501:8)\\n'\n  \"message: 'ESOCKETTIMEDOUT'\" is contained here:\n    -32603,\n      message: 'ESOCKETTIMEDOUT',\n      data: { originalError: { code: 'ESOCKETTIMEDOUT', connect: false } },\n      stack: 'Error: ESOCKETTIMEDOUT\\n' +\n        '    at ClientRequest.<anonymous> (/home/runner/work/neon-compatibility/neon-compatibility/node_modules/request/request.js:816:19)\\n' +\n        '    at Object.onceWrapper (node:events:509:28)\\n' +\n        '    at ClientRequest.emit (node:events:390:28)\\n' +\n        '    at TLSSocket.emitRequestTimeout (node:_http_client:763:9)\\n' +\n        '    at Object.onceWrapper (node:events:509:28)\\n' +\n        '    at TLSSocket.emit (node:events:402:35)\\n' +\n        '    at TLSSocket.Socket._onTimeout (node:net:501:8)\\n' +\n        '    at listOnTimeout (node:internal/timers:557:17)\\n' +\n        '    at processTimers (node:internal/timers:500:7)'\n    })\n        at new NodeError (node:internal/errors:371:5)\n        at Web3ProviderEngine.emit (node:events:379:17)\n        at /home/runner/work/neon-compatibility/neon-compatibility/node_modules/@trufflesuite/web3-provider-engine/index.js:57:14\n        at afterRequest (/home/runner/work/neon-compatibility/neon-compatibility/node_modules/@trufflesuite/web3-provider-engine/index.js:151:21)\n        at /home/runner/work/neon-compatibility/neon-compatibility/node_modules/@trufflesuite/web3-provider-engine/index.js:176:21\n        at /home/runner/work/neon-compatibility/neon-compatibility/node_modules/@trufflesuite/web3-provider-engine/index.js:238:9\n        at /home/runner/work/neon-compatibility/neon-compatibility/node_modules/async/internal/once.js:12:16\n        at replenish (/home/runner/work/neon-compatibility/neon-compatibility/node_modules/async/internal/eachOfLimit.js:61:25)\n        at /home/runner/work/neon-compatibility/neon-compatibility/node_modules/async/internal/eachOfLimit.js:71:9\n        at eachLimit (/home/runner/work/neon-compatibility/neon-compatibility/node_modules/async/eachLimit.js:43:36)\n        at /home/runner/work/neon-compatibility/neon-compatibility/node_modules/async/internal/doLimit.js:9:16\n        at end (/home/runner/work/neon-compatibility/neon-compatibility/node_modules/@trufflesuite/web3-provider-engine/index.js:217:5)\n        at Request._callback (/home/runner/work/neon-compatibility/neon-compatibility/node_modules/@trufflesuite/web3-provider-engine/subproviders/rpc.js:36:21)\n        at self.callback (/home/runner/work/neon-compatibility/neon-compatibility/node_modules/request/request.js:185:22)\n        at Request.emit (node:events:390:28)\n        at ClientRequest.<anonymous> (/home/runner/work/neon-compatibility/neon-compatibility/node_modules/request/request.js:819:16)\n        at Object.onceWrapper (node:events:509:28)\n        at ClientRequest.emit (node:events:390:28)\n        at TLSSocket.emitRequestTimeout (node:_http_client:763:9)\n        at Object.onceWrapper (node:events:509:28)\n        at TLSSocket.emit (node:events:402:35)\n        at TLSSocket.Socket._onTimeout (node:net:501:8)",
        "time" : {
          "start" : 1639053548107,
          "stop" : 1639053606065,
          "duration" : 57958
        }
      }, {
        "uid" : "b57af40bf1ac6baa",
        "reportUrl" : "https://neonlabsorg.github.io/neon-compatibility/188//#testresult/b57af40bf1ac6baa",
        "status" : "failed",
        "statusDetails" : "AssertionError: assert 'Error:  ***...t Failed ***' not in '/home/runne... to chain.\\n'\n  'Error:  *** Deployment Failed ***' is contained here:\n    --------\n    \n    Error:  *** Deployment Failed ***\n    \n    \"ConvertLib\" -- ESOCKETTIMEDOUT\n    {\n      \"originalError\": {\n        \"code\": \"ESOCKETTIMEDOUT\",\n        \"connect\": false\n      }\n    }.\n    \n        at /home/runner/work/neon-compatibility/neon-compatibility/node_modules/truffle/build/webpack:/packages/deployer/src/deployment.js:365:1\n        at processTicksAndRejections (node:internal/process/task_queues:96:5)\n        at Migration._deploy (/home/runner/work/neon-compatibility/neon-compatibility/node_modules/truffle/build/webpack:/packages/migrate/Migration.js:70:1)\n        at Migration._load (/home/runner/work/neon-compatibility/neon-compatibility/node_modules/truffle/build/webpack:/packages/migrate/Migration.js:56:1)\n        at Migration.run (/home/runner/work/neon-compatibility/neon-compatibility/node_modules/truffle/build/webpack:/packages/migrate/Migration.js:217:1)\n        at Object.runMigrations (/home/runner/work/neon-compatibility/neon-compatibility/node_modules/truffle/build/webpack:/packages/migrate/index.js:150:1)\n        at Object.runFrom (/home/runner/work/neon-compatibility/neon-compatibility/node_modules/truffle/build/webpack:/packages/migrate/index.js:110:1)\n        at Object.run (/home/runner/work/neon-compatibility/neon-compatibility/node_modules/truffle/build/webpack:/packages/migrate/index.js:87:1)\n        at runMigrations (/home/runner/work/neon-compatibility/neon-compatibility/node_modules/truffle/build/webpack:/packages/core/lib/commands/migrate.js:258:1)\n        at Object.run (/home/runner/work/neon-compatibility/neon-compatibility/node_modules/truffle/build/webpack:/packages/core/lib/commands/migrate.js:223:1)\n        at Command.run (/home/runner/work/neon-compatibility/neon-compatibility/node_modules/truffle/build/webpack:/packages/core/lib/command.js:183:1)\n    Truffle v5.4.14 (core: 5.4.14)\n    Node v16.13.0\n    /home/runner/work/neon-compatibility/neon-compatibility\n    - Blocks: 0            Seconds: 0\n    - Saving migration to chain.",
        "time" : {
          "start" : 1639057045741,
          "stop" : 1639057098823,
          "duration" : 53082
        }
      }, {
        "uid" : "60e87a1d32cbac54",
        "reportUrl" : "https://neonlabsorg.github.io/neon-compatibility/186//#testresult/60e87a1d32cbac54",
        "status" : "passed",
        "time" : {
          "start" : 1639045980563,
          "stop" : 1639046020702,
          "duration" : 40139
        }
      }, {
        "uid" : "4c1b110ff35050fd",
        "reportUrl" : "https://neonlabsorg.github.io/neon-compatibility/184//#testresult/4c1b110ff35050fd",
        "status" : "failed",
        "statusDetails" : "AssertionError: assert 'Error:  ***...t Failed ***' not in '/home/runne...patibility\\n'\n  'Error:  *** Deployment Failed ***' is contained here:\n    --------\n    \n    Error:  *** Deployment Failed ***\n    \n    \"Migrations\" -- ESOCKETTIMEDOUT\n    {\n      \"originalError\": {\n        \"code\": \"ESOCKETTIMEDOUT\",\n        \"connect\": false\n      }\n    }.\n    \n        at /home/runner/work/neon-compatibility/neon-compatibility/node_modules/truffle/build/webpack:/packages/deployer/src/deployment.js:365:1\n        at runMicrotasks (<anonymous>)\n        at processTicksAndRejections (node:internal/process/task_queues:96:5)\n        at Migration._deploy (/home/runner/work/neon-compatibility/neon-compatibility/node_modules/truffle/build/webpack:/packages/migrate/Migration.js:70:1)\n        at Migration._load (/home/runner/work/neon-compatibility/neon-compatibility/node_modules/truffle/build/webpack:/packages/migrate/Migration.js:56:1)\n        at Migration.run (/home/runner/work/neon-compatibility/neon-compatibility/node_modules/truffle/build/webpack:/packages/migrate/Migration.js:217:1)\n        at Object.runMigrations (/home/runner/work/neon-compatibility/neon-compatibility/node_modules/truffle/build/webpack:/packages/migrate/index.js:150:1)\n        at Object.runFrom (/home/runner/work/neon-compatibility/neon-compatibility/node_modules/truffle/build/webpack:/packages/migrate/index.js:110:1)\n        at Object.run (/home/runner/work/neon-compatibility/neon-compatibility/node_modules/truffle/build/webpack:/packages/migrate/index.js:87:1)\n        at runMigrations (/home/runner/work/neon-compatibility/neon-compatibility/node_modules/truffle/build/webpack:/packages/core/lib/commands/migrate.js:258:1)\n        at Object.run (/home/runner/work/neon-compatibility/neon-compatibility/node_modules/truffle/build/webpack:/packages/core/lib/commands/migrate.js:223:1)\n        at Command.run (/home/runner/work/neon-compatibility/neon-compatibility/node_modules/truffle/build/webpack:/packages/core/lib/command.js:183:1)\n    Truffle v5.4.14 (core: 5.4.14)\n    Node v16.13.0\n    /home/runner/work/neon-compatibility/neon-compatibility",
        "time" : {
          "start" : 1639020084857,
          "stop" : 1639020144272,
          "duration" : 59415
        }
      }, {
        "uid" : "26002412fac58e7b",
        "reportUrl" : "https://neonlabsorg.github.io/neon-compatibility/182//#testresult/26002412fac58e7b",
        "status" : "failed",
        "statusDetails" : "AssertionError: assert 'Error:  ***...t Failed ***' not in '/home/runne...patibility\\n'\n  'Error:  *** Deployment Failed ***' is contained here:\n    --------\n    \n    Error:  *** Deployment Failed ***\n    \n    \"Migrations\" -- ESOCKETTIMEDOUT\n    {\n      \"originalError\": {\n        \"code\": \"ESOCKETTIMEDOUT\",\n        \"connect\": false\n      }\n    }.\n    \n        at /home/runner/work/neon-compatibility/neon-compatibility/node_modules/truffle/build/webpack:/packages/deployer/src/deployment.js:365:1\n        at runMicrotasks (<anonymous>)\n        at processTicksAndRejections (node:internal/process/task_queues:96:5)\n        at Migration._deploy (/home/runner/work/neon-compatibility/neon-compatibility/node_modules/truffle/build/webpack:/packages/migrate/Migration.js:70:1)\n        at Migration._load (/home/runner/work/neon-compatibility/neon-compatibility/node_modules/truffle/build/webpack:/packages/migrate/Migration.js:56:1)\n        at Migration.run (/home/runner/work/neon-compatibility/neon-compatibility/node_modules/truffle/build/webpack:/packages/migrate/Migration.js:217:1)\n        at Object.runMigrations (/home/runner/work/neon-compatibility/neon-compatibility/node_modules/truffle/build/webpack:/packages/migrate/index.js:150:1)\n        at Object.runFrom (/home/runner/work/neon-compatibility/neon-compatibility/node_modules/truffle/build/webpack:/packages/migrate/index.js:110:1)\n        at Object.run (/home/runner/work/neon-compatibility/neon-compatibility/node_modules/truffle/build/webpack:/packages/migrate/index.js:87:1)\n        at runMigrations (/home/runner/work/neon-compatibility/neon-compatibility/node_modules/truffle/build/webpack:/packages/core/lib/commands/migrate.js:258:1)\n        at Object.run (/home/runner/work/neon-compatibility/neon-compatibility/node_modules/truffle/build/webpack:/packages/core/lib/commands/migrate.js:223:1)\n        at Command.run (/home/runner/work/neon-compatibility/neon-compatibility/node_modules/truffle/build/webpack:/packages/core/lib/command.js:183:1)\n    Truffle v5.4.14 (core: 5.4.14)\n    Node v16.13.0\n    /home/runner/work/neon-compatibility/neon-compatibility",
        "time" : {
          "start" : 1638990833970,
          "stop" : 1638990874575,
          "duration" : 40605
        }
      }, {
        "uid" : "dcbcadd054594d0e",
        "reportUrl" : "https://neonlabsorg.github.io/neon-compatibility/177//#testresult/dcbcadd054594d0e",
        "status" : "failed",
        "statusDetails" : "AssertionError: /home/runner/work/neon-compatibility/neon-compatibility/Metacoin\n  \n  Compiling your contracts...\n  ===========================\n  > Compiling ./contracts/ConvertLib.sol\n  > Compiling ./contracts/MetaCoin.sol\n  > Compiling ./contracts/Migrations.sol\n  > Compilation warnings encountered:\n  \n      Warning: Visibility for constructor is ignored. If you want the contract to be non-deployable, making it \"abstract\" is sufficient.\n    --> project:/contracts/MetaCoin.sol:16:2:\n     |\n  16 | \tconstructor() public {\n     | \t^ (Relevant source part starts here and spans across multiple lines).\n  \n  ,Warning: Visibility for constructor is ignored. If you want the contract to be non-deployable, making it \"abstract\" is sufficient.\n    --> project:/contracts/Migrations.sol:12:3:\n     |\n  12 |   constructor() public {\n     |   ^ (Relevant source part starts here and spans across multiple lines).\n  \n  \n  > Artifacts written to /home/runner/work/neon-compatibility/neon-compatibility/Metacoin/build/contracts\n  > Compiled successfully using:\n     - solc: 0.8.4+commit.c7e474f2.Emscripten.clang\n  \n  \n  \n  Starting migrations...\n  ======================\n  > Network name:    'neonlabs'\n  > Network id:      245022926\n  > Block gas limit: 6721975 (0x6691b7)\n  \n  \n  1_initial_migration.js\n  ======================\n  \n     Deploying 'Migrations'\n     ----------------------\n     > transaction hash:    0x2a5b9084068b42e29e924953433224d80d4c3e7b1bb8e35d90a08eed3de80a66\n     > Blocks: 0            Seconds: 0\n     > contract address:    0x0745D368f6F17a3a75402d05E24448d7A8372Dd5\n     > block number:        99515579\n     > block timestamp:     1638970198\n     > account:             0x47BF663Db2Dd5C87759136a2b66E600786856346\n     > balance:             4.999915713\n     > gas used:            84287 (0x1493f)\n     > gas price:           1 gwei\n     > value sent:          0 ETH\n     > total cost:          0.000084287 ETH\n  \n  \n     > Saving migration to chain.\n     > Saving artifacts\n     -------------------------------------\n     > Total cost:         0.000084287 ETH\n  \n  \n  2_deploy_contracts.js\n  =====================\n  \n     Deploying 'ConvertLib'\n     ----------------------\n     > transaction hash:    0x859dd610118125d01f58ee66350ec5f89c502d272527573fa3ca6b94d475f2e5\n     > Blocks: 0            Seconds: 0\n     > contract address:    0xC401ba5D01C4521b8104faCD80f3419c96f5aE03\n     > block number:        99515636\n     > block timestamp:     1638970221\n     > account:             0x47BF663Db2Dd5C87759136a2b66E600786856346\n     > balance:             4.999812516\n     > gas used:            60681 (0xed09)\n     > gas price:           1 gwei\n     > value sent:          0 ETH\n     > total cost:          0.000060681 ETH\n  \n  \n     Linking\n     -------\n     * Contract: MetaCoin <--> Library: ConvertLib (at address: 0xC401ba5D01C4521b8104faCD80f3419c96f5aE03)\n  \n     Deploying 'MetaCoin'\n     --------------------\n     > transaction hash:    0xd5170e9a645316a1e54de1f0b05b26357bae425b46372616e1c0e87ea1946de6\n  UnhandledRejections detected\n  Promise {\n    <rejected> Error: ETIMEDOUT\n    {\n      \"originalError\": {\n        \"code\": \"ETIMEDOUT\",\n        \"connect\": true\n      }\n    }\n        at Object._fireError (/home/runner/work/neon-compatibility/neon-compatibility/node_modules/truffle/build/webpack:/node_modules/web3-utils/lib/index.js:49:1)\n        at sendTxCallback (/home/runner/work/neon-compatibility/neon-compatibility/node_modules/truffle/build/webpack:/node_modules/web3-eth/node_modules/web3-core-method/lib/index.js:539:1)\n        at /home/runner/work/neon-compatibility/neon-compatibility/node_modules/truffle/build/webpack:/node_modules/web3/node_modules/web3-core-requestmanager/lib/index.js:299:1\n        at /home/runner/work/neon-compatibility/neon-compatibility/node_modules/@trufflesuite/web3-provider-engine/index.js:238:9\n        at /home/runner/work/neon-compatibility/neon-compatibility/node_modules/async/internal/once.js:12:16\n        at replenish (/home/runner/work/neon-compatibility/neon-compatibility/node_modules/async/internal/eachOfLimit.js:61:25)\n        at /home/runner/work/neon-compatibility/neon-compatibility/node_modules/async/internal/eachOfLimit.js:71:9\n        at eachLimit (/home/runner/work/neon-compatibility/neon-compatibility/node_modules/async/eachLimit.js:43:36)\n        at /home/runner/work/neon-compatibility/neon-compatibility/node_modules/async/internal/doLimit.js:9:16\n        at end (/home/runner/work/neon-compatibility/neon-compatibility/node_modules/@trufflesuite/web3-provider-engine/index.js:217:5)\n        at Request._callback (/home/runner/work/neon-compatibility/neon-compatibility/node_modules/@trufflesuite/web3-provider-engine/subproviders/rpc.js:36:21)\n        at self.callback (/home/runner/work/neon-compatibility/neon-compatibility/node_modules/request/request.js:185:22)\n        at Request.emit (node:events:390:28)\n        at Timeout.<anonymous> (/home/runner/work/neon-compatibility/neon-compatibility/node_modules/request/request.js:851:16)\n        at listOnTimeout (node:internal/timers:557:17)\n        at processTimers (node:internal/timers:500:7)\n  } Error: ETIMEDOUT\n  {\n    \"originalError\": {\n      \"code\": \"ETIMEDOUT\",\n      \"connect\": true\n    }\n  }\n      at Object._fireError (/home/runner/work/neon-compatibility/neon-compatibility/node_modules/truffle/build/webpack:/node_modules/web3-utils/lib/index.js:49:1)\n      at sendTxCallback (/home/runner/work/neon-compatibility/neon-compatibility/node_modules/truffle/build/webpack:/node_modules/web3-eth/node_modules/web3-core-method/lib/index.js:539:1)\n      at /home/runner/work/neon-compatibility/neon-compatibility/node_modules/truffle/build/webpack:/node_modules/web3/node_modules/web3-core-requestmanager/lib/index.js:299:1\n      at /home/runner/work/neon-compatibility/neon-compatibility/node_modules/@trufflesuite/web3-provider-engine/index.js:238:9\n      at /home/runner/work/neon-compatibility/neon-compatibility/node_modules/async/internal/once.js:12:16\n      at replenish (/home/runner/work/neon-compatibility/neon-compatibility/node_modules/async/internal/eachOfLimit.js:61:25)\n      at /home/runner/work/neon-compatibility/neon-compatibility/node_modules/async/internal/eachOfLimit.js:71:9\n      at eachLimit (/home/runner/work/neon-compatibility/neon-compatibility/node_modules/async/eachLimit.js:43:36)\n      at /home/runner/work/neon-compatibility/neon-compatibility/node_modules/async/internal/doLimit.js:9:16\n      at end (/home/runner/work/neon-compatibility/neon-compatibility/node_modules/@trufflesuite/web3-provider-engine/index.js:217:5)\n      at Request._callback (/home/runner/work/neon-compatibility/neon-compatibility/node_modules/@trufflesuite/web3-provider-engine/subproviders/rpc.js:36:21)\n      at self.callback (/home/runner/work/neon-compatibility/neon-compatibility/node_modules/request/request.js:185:22)\n      at Request.emit (node:events:390:28)\n      at Timeout.<anonymous> (/home/runner/work/neon-compatibility/neon-compatibility/node_modules/request/request.js:851:16)\n      at listOnTimeout (node:internal/timers:557:17)\n      at processTimers (node:internal/timers:500:7)\n  /home/runner/work/neon-compatibility/neon-compatibility\n  - Blocks: 0            Seconds: 0\n  - Saving migration to chain.\n  - Blocks: 0            Seconds: 0\n  - Blocks: 0            Seconds: 0\n  \n  /home/runner/work/neon-compatibility/neon-compatibility/node_modules/request/request.js:848\n            var e = new Error('ETIMEDOUT')\n                    ^\n  Error: PollingBlockTracker - encountered an error while attempting to update latest block:\n  Error: ETIMEDOUT\n      at Timeout.<anonymous> (/home/runner/work/neon-compatibility/neon-compatibility/node_modules/request/request.js:848:19)\n      at listOnTimeout (node:internal/timers:557:17)\n      at processTimers (node:internal/timers:500:7)\n      at PollingBlockTracker._performSync (/home/runner/work/neon-compatibility/neon-compatibility/node_modules/eth-block-tracker/src/polling.js:51:24)\n      at processTicksAndRejections (node:internal/process/task_queues:96:5)\n  \nassert 'Error: ETIMEDOUT' not in '/home/runne...eues:96:5)\\n'\n  'Error: ETIMEDOUT' is contained here:\n    rejected> Error: ETIMEDOUT\n      {\n        \"originalError\": {\n          \"code\": \"ETIMEDOUT\",\n          \"connect\": true\n        }\n      }\n          at Object._fireError (/home/runner/work/neon-compatibility/neon-compatibility/node_modules/truffle/build/webpack:/node_modules/web3-utils/lib/index.js:49:1)\n          at sendTxCallback (/home/runner/work/neon-compatibility/neon-compatibility/node_modules/truffle/build/webpack:/node_modules/web3-eth/node_modules/web3-core-method/lib/index.js:539:1)\n          at /home/runner/work/neon-compatibility/neon-compatibility/node_modules/truffle/build/webpack:/node_modules/web3/node_modules/web3-core-requestmanager/lib/index.js:299:1\n          at /home/runner/work/neon-compatibility/neon-compatibility/node_modules/@trufflesuite/web3-provider-engine/index.js:238:9\n          at /home/runner/work/neon-compatibility/neon-compatibility/node_modules/async/internal/once.js:12:16\n          at replenish (/home/runner/work/neon-compatibility/neon-compatibility/node_modules/async/internal/eachOfLimit.js:61:25)\n          at /home/runner/work/neon-compatibility/neon-compatibility/node_modules/async/internal/eachOfLimit.js:71:9\n          at eachLimit (/home/runner/work/neon-compatibility/neon-compatibility/node_modules/async/eachLimit.js:43:36)\n          at /home/runner/work/neon-compatibility/neon-compatibility/node_modules/async/internal/doLimit.js:9:16\n          at end (/home/runner/work/neon-compatibility/neon-compatibility/node_modules/@trufflesuite/web3-provider-engine/index.js:217:5)\n          at Request._callback (/home/runner/work/neon-compatibility/neon-compatibility/node_modules/@trufflesuite/web3-provider-engine/subproviders/rpc.js:36:21)\n          at self.callback (/home/runner/work/neon-compatibility/neon-compatibility/node_modules/request/request.js:185:22)\n          at Request.emit (node:events:390:28)\n          at Timeout.<anonymous> (/home/runner/work/neon-compatibility/neon-compatibility/node_modules/request/request.js:851:16)\n          at listOnTimeout (node:internal/timers:557:17)\n          at processTimers (node:internal/timers:500:7)\n    } Error: ETIMEDOUT\n    {\n      \"originalError\": {\n        \"code\": \"ETIMEDOUT\",\n        \"connect\": true\n      }\n    }\n        at Object._fireError (/home/runner/work/neon-compatibility/neon-compatibility/node_modules/truffle/build/webpack:/node_modules/web3-utils/lib/index.js:49:1)\n        at sendTxCallback (/home/runner/work/neon-compatibility/neon-compatibility/node_modules/truffle/build/webpack:/node_modules/web3-eth/node_modules/web3-core-method/lib/index.js:539:1)\n        at /home/runner/work/neon-compatibility/neon-compatibility/node_modules/truffle/build/webpack:/node_modules/web3/node_modules/web3-core-requestmanager/lib/index.js:299:1\n        at /home/runner/work/neon-compatibility/neon-compatibility/node_modules/@trufflesuite/web3-provider-engine/index.js:238:9\n        at /home/runner/work/neon-compatibility/neon-compatibility/node_modules/async/internal/once.js:12:16\n        at replenish (/home/runner/work/neon-compatibility/neon-compatibility/node_modules/async/internal/eachOfLimit.js:61:25)\n        at /home/runner/work/neon-compatibility/neon-compatibility/node_modules/async/internal/eachOfLimit.js:71:9\n        at eachLimit (/home/runner/work/neon-compatibility/neon-compatibility/node_modules/async/eachLimit.js:43:36)\n        at /home/runner/work/neon-compatibility/neon-compatibility/node_modules/async/internal/doLimit.js:9:16\n        at end (/home/runner/work/neon-compatibility/neon-compatibility/node_modules/@trufflesuite/web3-provider-engine/index.js:217:5)\n        at Request._callback (/home/runner/work/neon-compatibility/neon-compatibility/node_modules/@trufflesuite/web3-provider-engine/subproviders/rpc.js:36:21)\n        at self.callback (/home/runner/work/neon-compatibility/neon-compatibility/node_modules/request/request.js:185:22)\n        at Request.emit (node:events:390:28)\n        at Timeout.<anonymous> (/home/runner/work/neon-compatibility/neon-compatibility/node_modules/request/request.js:851:16)\n        at listOnTimeout (node:internal/timers:557:17)\n        at processTimers (node:internal/timers:500:7)\n    /home/runner/work/neon-compatibility/neon-compatibility\n    - Blocks: 0            Seconds: 0\n    - Saving migration to chain.\n    - Blocks: 0            Seconds: 0\n    - Blocks: 0            Seconds: 0\n    \n    /home/runner/work/neon-compatibility/neon-compatibility/node_modules/request/request.js:848\n              var e = new Error('ETIMEDOUT')\n                      ^\n    Error: PollingBlockTracker - encountered an error while attempting to update latest block:\n    Error: ETIMEDOUT\n        at Timeout.<anonymous> (/home/runner/work/neon-compatibility/neon-compatibility/node_modules/request/request.js:848:19)\n        at listOnTimeout (node:internal/timers:557:17)\n        at processTimers (node:internal/timers:500:7)\n        at PollingBlockTracker._performSync (/home/runner/work/neon-compatibility/neon-compatibility/node_modules/eth-block-tracker/src/polling.js:51:24)\n        at processTicksAndRejections (node:internal/process/task_queues:96:5)",
        "time" : {
          "start" : 1638970174686,
          "stop" : 1638970256040,
          "duration" : 81354
        }
      }, {
        "uid" : "24e35da12b6a87e0",
        "reportUrl" : "https://neonlabsorg.github.io/neon-compatibility/181//#testresult/24e35da12b6a87e0",
        "status" : "failed",
        "statusDetails" : "AssertionError: assert 'Error:  ***...t Failed ***' not in '/home/runne... to chain.\\n'\n  'Error:  *** Deployment Failed ***' is contained here:\n    --------\n    \n    Error:  *** Deployment Failed ***\n    \n    \"ConvertLib\" -- ESOCKETTIMEDOUT\n    {\n      \"originalError\": {\n        \"code\": \"ESOCKETTIMEDOUT\",\n        \"connect\": false\n      }\n    }.\n    \n        at /home/runner/work/neon-compatibility/neon-compatibility/node_modules/truffle/build/webpack:/packages/deployer/src/deployment.js:365:1\n        at runMicrotasks (<anonymous>)\n        at processTicksAndRejections (node:internal/process/task_queues:96:5)\n        at Migration._deploy (/home/runner/work/neon-compatibility/neon-compatibility/node_modules/truffle/build/webpack:/packages/migrate/Migration.js:70:1)\n        at Migration._load (/home/runner/work/neon-compatibility/neon-compatibility/node_modules/truffle/build/webpack:/packages/migrate/Migration.js:56:1)\n        at Migration.run (/home/runner/work/neon-compatibility/neon-compatibility/node_modules/truffle/build/webpack:/packages/migrate/Migration.js:217:1)\n        at Object.runMigrations (/home/runner/work/neon-compatibility/neon-compatibility/node_modules/truffle/build/webpack:/packages/migrate/index.js:150:1)\n        at Object.runFrom (/home/runner/work/neon-compatibility/neon-compatibility/node_modules/truffle/build/webpack:/packages/migrate/index.js:110:1)\n        at Object.run (/home/runner/work/neon-compatibility/neon-compatibility/node_modules/truffle/build/webpack:/packages/migrate/index.js:87:1)\n        at runMigrations (/home/runner/work/neon-compatibility/neon-compatibility/node_modules/truffle/build/webpack:/packages/core/lib/commands/migrate.js:258:1)\n        at Object.run (/home/runner/work/neon-compatibility/neon-compatibility/node_modules/truffle/build/webpack:/packages/core/lib/commands/migrate.js:223:1)\n        at Command.run (/home/runner/work/neon-compatibility/neon-compatibility/node_modules/truffle/build/webpack:/packages/core/lib/command.js:183:1)\n    Truffle v5.4.14 (core: 5.4.14)\n    Node v16.13.0\n    /home/runner/work/neon-compatibility/neon-compatibility\n    - Blocks: 0            Seconds: 0\n    - Saving migration to chain.",
        "time" : {
          "start" : 1638981124541,
          "stop" : 1638981173824,
          "duration" : 49283
        }
      }, {
        "uid" : "805bf2d7aaa0e5a6",
        "reportUrl" : "https://neonlabsorg.github.io/neon-compatibility/180//#testresult/805bf2d7aaa0e5a6",
        "status" : "failed",
        "statusDetails" : "AssertionError: assert 'Error:  ***...t Failed ***' not in '/home/runne... to chain.\\n'\n  'Error:  *** Deployment Failed ***' is contained here:\n    --------\n    \n    Error:  *** Deployment Failed ***\n    \n    \"ConvertLib\" -- ESOCKETTIMEDOUT\n    {\n      \"originalError\": {\n        \"code\": \"ESOCKETTIMEDOUT\",\n        \"connect\": false\n      }\n    }.\n    \n        at /home/runner/work/neon-compatibility/neon-compatibility/node_modules/truffle/build/webpack:/packages/deployer/src/deployment.js:365:1\n        at runMicrotasks (<anonymous>)\n        at processTicksAndRejections (node:internal/process/task_queues:96:5)\n        at Migration._deploy (/home/runner/work/neon-compatibility/neon-compatibility/node_modules/truffle/build/webpack:/packages/migrate/Migration.js:70:1)\n        at Migration._load (/home/runner/work/neon-compatibility/neon-compatibility/node_modules/truffle/build/webpack:/packages/migrate/Migration.js:56:1)\n        at Migration.run (/home/runner/work/neon-compatibility/neon-compatibility/node_modules/truffle/build/webpack:/packages/migrate/Migration.js:217:1)\n        at Object.runMigrations (/home/runner/work/neon-compatibility/neon-compatibility/node_modules/truffle/build/webpack:/packages/migrate/index.js:150:1)\n        at Object.runFrom (/home/runner/work/neon-compatibility/neon-compatibility/node_modules/truffle/build/webpack:/packages/migrate/index.js:110:1)\n        at Object.run (/home/runner/work/neon-compatibility/neon-compatibility/node_modules/truffle/build/webpack:/packages/migrate/index.js:87:1)\n        at runMigrations (/home/runner/work/neon-compatibility/neon-compatibility/node_modules/truffle/build/webpack:/packages/core/lib/commands/migrate.js:258:1)\n        at Object.run (/home/runner/work/neon-compatibility/neon-compatibility/node_modules/truffle/build/webpack:/packages/core/lib/commands/migrate.js:223:1)\n        at Command.run (/home/runner/work/neon-compatibility/neon-compatibility/node_modules/truffle/build/webpack:/packages/core/lib/command.js:183:1)\n    Truffle v5.4.14 (core: 5.4.14)\n    Node v16.13.0\n    /home/runner/work/neon-compatibility/neon-compatibility\n    - Blocks: 0            Seconds: 0\n    - Saving migration to chain.",
        "time" : {
          "start" : 1638975920192,
          "stop" : 1638975963000,
          "duration" : 42808
        }
      }, {
        "uid" : "cf29dfedd98aba9f",
        "reportUrl" : "https://neonlabsorg.github.io/neon-compatibility/179//#testresult/cf29dfedd98aba9f",
        "status" : "passed",
        "time" : {
          "start" : 1638974812916,
          "stop" : 1638974858376,
          "duration" : 45460
        }
      } ]
    },
    "tags" : [ ]
  },
  "source" : "da8a6bcf529483ec.json",
  "parameterValues" : [ ]
}