{
  "uid" : "7d60627f05a45062",
  "name" : "test_issue_364_self_destruct_contract",
  "fullName" : "tests.truffle.test_truffle#test_issue_364_self_destruct_contract",
  "historyId" : "9b9a0ac6c1438da1dd6a59ac61d1506c",
  "time" : {
    "start" : 1640537611268,
    "stop" : 1640537629013,
    "duration" : 17745
  },
  "status" : "failed",
  "statusMessage" : "AssertionError: \n  Compiling your contracts...\n  ===========================\n  > Compiling ./contracts/ERC20Test.sol\n  > Compiling ./contracts/Migrations.sol\n  > Compiling ./contracts/SelfDestructTest.sol\n  > Compiling @openzeppelin/contracts/access/Ownable.sol\n  > Compiling @openzeppelin/contracts/token/ERC20/ERC20.sol\n  > Compiling @openzeppelin/contracts/token/ERC20/IERC20.sol\n  > Compiling @openzeppelin/contracts/token/ERC20/extensions/IERC20Metadata.sol\n  > Compiling @openzeppelin/contracts/utils/Context.sol\n  > Compilation warnings encountered:\n  \n      Warning: SPDX license identifier not provided in source file. Before publishing, consider adding a comment containing \"SPDX-License-Identifier: <SPDX-License>\" to each source file. Use \"SPDX-License-Identifier: UNLICENSED\" for non-open-source code. Please see https://spdx.org for more information.\n  --> project:/contracts/SelfDestructTest.sol\n  \n  ,Warning: This contract has a payable fallback function, but no receive ether function. Consider adding a receive ether function.\n   --> project:/contracts/SelfDestructTest.sol:5:1:\n    |\n  5 | contract SelfDestructTest is Ownable{\n    | ^ (Relevant source part starts here and spans across multiple lines).\n  Note: The payable fallback function is defined here.\n    --> project:/contracts/SelfDestructTest.sol:20:5:\n     |\n  20 |     fallback() external payable {}\n     |     ^^^^^^^^^^^^^^^^^^^^^^^^^^^^^^\n  \n  ,Warning: Function state mutability can be restricted to pure\n    --> project:/contracts/SelfDestructTest.sol:12:5:\n     |\n  12 |     function staticData() public view returns(string memory) {\n     |     ^ (Relevant source part starts here and spans across multiple lines).\n  \n  \n  > Artifacts written to /home/runner/work/neon-compatibility/neon-compatibility/issues/364/build/contracts\n  > Compiled successfully using:\n     - solc: 0.8.4+commit.c7e474f2.Emscripten.clang\n  \n  UnhandledRejections detected\n  Promise {\n    <rejected> {\n      code: -32603,\n      message: 'Unknown Error: <html>\\r\\n' +\n        '<head><title>502 Bad Gateway</title></head>\\r\\n' +\n        '<body>\\r\\n' +\n        '<center><h1>502 Bad Gateway</h1></center>\\r\\n' +\n        '<hr><center>nginx/1.18.0 (Ubuntu)</center>\\r\\n' +\n        '</body>\\r\\n' +\n        '</html>\\r\\n',\n      data: { originalError: {} },\n      stack: 'Error: Unknown Error: <html>\\r\\n' +\n        '<head><title>502 Bad Gateway</title></head>\\r\\n' +\n        '<body>\\r\\n' +\n        '<center><h1>502 Bad Gateway</h1></center>\\r\\n' +\n        '<hr><center>nginx/1.18.0 (Ubuntu)</center>\\r\\n' +\n        '</body>\\r\\n' +\n        '</html>\\r\\n' +\n        '\\n' +\n        '    at Request._callback (/home/runner/work/neon-compatibility/neon-compatibility/node_modules/@trufflesuite/web3-provider-engine/subproviders/rpc.js:57:23)\\n' +\n        '    at Request.self.callback (/home/runner/work/neon-compatibility/neon-compatibility/node_modules/request/request.js:185:22)\\n' +\n        '    at Request.emit (node:events:390:28)\\n' +\n        '    at Request.<anonymous> (/home/runner/work/neon-compatibility/neon-compatibility/node_modules/request/request.js:1154:10)\\n' +\n        '    at Request.emit (node:events:390:28)\\n' +\n        '    at IncomingMessage.<anonymous> (/home/runner/work/neon-compatibility/neon-compatibility/node_modules/request/request.js:1076:12)\\n' +\n        '    at Object.onceWrapper (node:events:509:28)\\n' +\n        '    at IncomingMessage.emit (node:events:402:35)\\n' +\n        '    at endReadableNT (node:internal/streams/readable:1343:12)\\n' +\n        '    at processTicksAndRejections (node:internal/process/task_queues:83:21)'\n    }\n  } {\n    code: -32603,\n    message: 'Unknown Error: <html>\\r\\n' +\n      '<head><title>502 Bad Gateway</title></head>\\r\\n' +\n      '<body>\\r\\n' +\n      '<center><h1>502 Bad Gateway</h1></center>\\r\\n' +\n      '<hr><center>nginx/1.18.0 (Ubuntu)</center>\\r\\n' +\n      '</body>\\r\\n' +\n      '</html>\\r\\n',\n    data: { originalError: {} },\n    stack: 'Error: Unknown Error: <html>\\r\\n' +\n      '<head><title>502 Bad Gateway</title></head>\\r\\n' +\n      '<body>\\r\\n' +\n      '<center><h1>502 Bad Gateway</h1></center>\\r\\n' +\n      '<hr><center>nginx/1.18.0 (Ubuntu)</center>\\r\\n' +\n      '</body>\\r\\n' +\n      '</html>\\r\\n' +\n      '\\n' +\n      '    at Request._callback (/home/runner/work/neon-compatibility/neon-compatibility/node_modules/@trufflesuite/web3-provider-engine/subproviders/rpc.js:57:23)\\n' +\n      '    at Request.self.callback (/home/runner/work/neon-compatibility/neon-compatibility/node_modules/request/request.js:185:22)\\n' +\n      '    at Request.emit (node:events:390:28)\\n' +\n      '    at Request.<anonymous> (/home/runner/work/neon-compatibility/neon-compatibility/node_modules/request/request.js:1154:10)\\n' +\n      '    at Request.emit (node:events:390:28)\\n' +\n      '    at IncomingMessage.<anonymous> (/home/runner/work/neon-compatibility/neon-compatibility/node_modules/request/request.js:1076:12)\\n' +\n      '    at Object.onceWrapper (node:events:509:28)\\n' +\n      '    at IncomingMessage.emit (node:events:402:35)\\n' +\n      '    at endReadableNT (node:internal/streams/readable:1343:12)\\n' +\n      '    at processTicksAndRejections (node:internal/process/task_queues:83:21)'\n  }\n  Promise {\n    <rejected> {\n      code: -32603,\n      message: 'Unknown Error: <html>\\r\\n' +\n        '<head><title>502 Bad Gateway</title></head>\\r\\n' +\n        '<body>\\r\\n' +\n        '<center><h1>502 Bad Gateway</h1></center>\\r\\n' +\n        '<hr><center>nginx/1.18.0 (Ubuntu)</center>\\r\\n' +\n        '</body>\\r\\n' +\n        '</html>\\r\\n',\n      data: { originalError: {} },\n      stack: 'Error: Unknown Error: <html>\\r\\n' +\n        '<head><title>502 Bad Gateway</title></head>\\r\\n' +\n        '<body>\\r\\n' +\n        '<center><h1>502 Bad Gateway</h1></center>\\r\\n' +\n        '<hr><center>nginx/1.18.0 (Ubuntu)</center>\\r\\n' +\n        '</body>\\r\\n' +\n        '</html>\\r\\n' +\n        '\\n' +\n        '    at Request._callback (/home/runner/work/neon-compatibility/neon-compatibility/node_modules/@trufflesuite/web3-provider-engine/subproviders/rpc.js:57:23)\\n' +\n        '    at Request.self.callback (/home/runner/work/neon-compatibility/neon-compatibility/node_modules/request/request.js:185:22)\\n' +\n        '    at Request.emit (node:events:390:28)\\n' +\n        '    at Request.<anonymous> (/home/runner/work/neon-compatibility/neon-compatibility/node_modules/request/request.js:1154:10)\\n' +\n        '    at Request.emit (node:events:390:28)\\n' +\n        '    at IncomingMessage.<anonymous> (/home/runner/work/neon-compatibility/neon-compatibility/node_modules/request/request.js:1076:12)\\n' +\n        '    at Object.onceWrapper (node:events:509:28)\\n' +\n        '    at IncomingMessage.emit (node:events:402:35)\\n' +\n        '    at endReadableNT (node:internal/streams/readable:1343:12)\\n' +\n        '    at processTicksAndRejections (node:internal/process/task_queues:83:21)'\n    }\n  } {\n    code: -32603,\n    message: 'Unknown Error: <html>\\r\\n' +\n      '<head><title>502 Bad Gateway</title></head>\\r\\n' +\n      '<body>\\r\\n' +\n      '<center><h1>502 Bad Gateway</h1></center>\\r\\n' +\n      '<hr><center>nginx/1.18.0 (Ubuntu)</center>\\r\\n' +\n      '</body>\\r\\n' +\n      '</html>\\r\\n',\n    data: { originalError: {} },\n    stack: 'Error: Unknown Error: <html>\\r\\n' +\n      '<head><title>502 Bad Gateway</title></head>\\r\\n' +\n      '<body>\\r\\n' +\n      '<center><h1>502 Bad Gateway</h1></center>\\r\\n' +\n      '<hr><center>nginx/1.18.0 (Ubuntu)</center>\\r\\n' +\n      '</body>\\r\\n' +\n      '</html>\\r\\n' +\n      '\\n' +\n      '    at Request._callback (/home/runner/work/neon-compatibility/neon-compatibility/node_modules/@trufflesuite/web3-provider-engine/subproviders/rpc.js:57:23)\\n' +\n      '    at Request.self.callback (/home/runner/work/neon-compatibility/neon-compatibility/node_modules/request/request.js:185:22)\\n' +\n      '    at Request.emit (node:events:390:28)\\n' +\n      '    at Request.<anonymous> (/home/runner/work/neon-compatibility/neon-compatibility/node_modules/request/request.js:1154:10)\\n' +\n      '    at Request.emit (node:events:390:28)\\n' +\n      '    at IncomingMessage.<anonymous> (/home/runner/work/neon-compatibility/neon-compatibility/node_modules/request/request.js:1076:12)\\n' +\n      '    at Object.onceWrapper (node:events:509:28)\\n' +\n      '    at IncomingMessage.emit (node:events:402:35)\\n' +\n      '    at endReadableNT (node:internal/streams/readable:1343:12)\\n' +\n      '    at processTicksAndRejections (node:internal/process/task_queues:83:21)'\n  }\n  \n  /home/runner/work/neon-compatibility/neon-compatibility/node_modules/@trufflesuite/web3-provider-engine/subproviders/rpc.js:57\n            const err = new Error(msg)\n                        ^\n  Error: PollingBlockTracker - encountered an error while attempting to update latest block:\n  Error: Unknown Error: <html>\r\n  <head><title>502 Bad Gateway</title></head>\r\n  <body>\r\n  <center><h1>502 Bad Gateway</h1></center>\r\n  <hr><center>nginx/1.18.0 (Ubuntu)</center>\r\n  </body>\r\n  </html>\r\n  \n      at Request._callback (/home/runner/work/neon-compatibility/neon-compatibility/node_modules/@trufflesuite/web3-provider-engine/subproviders/rpc.js:57:23)\n      at Request.self.callback (/home/runner/work/neon-compatibility/neon-compatibility/node_modules/request/request.js:185:22)\n      at Request.emit (node:events:390:28)\n      at Request.<anonymous> (/home/runner/work/neon-compatibility/neon-compatibility/node_modules/request/request.js:1154:10)\n      at Request.emit (node:events:390:28)\n      at IncomingMessage.<anonymous> (/home/runner/work/neon-compatibility/neon-compatibility/node_modules/request/request.js:1076:12)\n      at Object.onceWrapper (node:events:509:28)\n      at IncomingMessage.emit (node:events:402:35)\n      at endReadableNT (node:internal/streams/readable:1343:12)\n      at processTicksAndRejections (node:internal/process/task_queues:83:21)\n      at PollingBlockTracker._performSync (/home/runner/work/neon-compatibility/neon-compatibility/node_modules/eth-block-tracker/src/polling.js:51:24)\n      at processTicksAndRejections (node:internal/process/task_queues:96:5)\n  \nassert 1 == 0\n +  where 1 = CompletedProcess(args='cd issues/364; ../../node_modules/.bin/truffle --network neonlabs migrate -f 3 --to 3', returnc.../eth-block-tracker/src/polling.js:51:24)\\n    at processTicksAndRejections (node:internal/process/task_queues:96:5)\\n').returncode",
  "statusTrace" : "@allure.feature(FEATURE)\n    def test_issue_364_self_destruct_contract():\n        cmd_res = run_command_line(\n            f\"cd issues/364; ../{RunCommand.TRUFFLE} \"\n            f\"--network {NETWORK_NAME} migrate -f 3 --to 3\"\n        )\n        actual_result = cmd_res.stdout.decode() + cmd_res.stderr.decode()\n>       assert cmd_res.returncode == 0, actual_result\nE       AssertionError: \nE         Compiling your contracts...\nE         ===========================\nE         > Compiling ./contracts/ERC20Test.sol\nE         > Compiling ./contracts/Migrations.sol\nE         > Compiling ./contracts/SelfDestructTest.sol\nE         > Compiling @openzeppelin/contracts/access/Ownable.sol\nE         > Compiling @openzeppelin/contracts/token/ERC20/ERC20.sol\nE         > Compiling @openzeppelin/contracts/token/ERC20/IERC20.sol\nE         > Compiling @openzeppelin/contracts/token/ERC20/extensions/IERC20Metadata.sol\nE         > Compiling @openzeppelin/contracts/utils/Context.sol\nE         > Compilation warnings encountered:\nE         \nE             Warning: SPDX license identifier not provided in source file. Before publishing, consider adding a comment containing \"SPDX-License-Identifier: <SPDX-License>\" to each source file. Use \"SPDX-License-Identifier: UNLICENSED\" for non-open-source code. Please see https://spdx.org for more information.\nE         --> project:/contracts/SelfDestructTest.sol\nE         \nE         ,Warning: This contract has a payable fallback function, but no receive ether function. Consider adding a receive ether function.\nE          --> project:/contracts/SelfDestructTest.sol:5:1:\nE           |\nE         5 | contract SelfDestructTest is Ownable{\nE           | ^ (Relevant source part starts here and spans across multiple lines).\nE         Note: The payable fallback function is defined here.\nE           --> project:/contracts/SelfDestructTest.sol:20:5:\nE            |\nE         20 |     fallback() external payable {}\nE            |     ^^^^^^^^^^^^^^^^^^^^^^^^^^^^^^\nE         \nE         ,Warning: Function state mutability can be restricted to pure\nE           --> project:/contracts/SelfDestructTest.sol:12:5:\nE            |\nE         12 |     function staticData() public view returns(string memory) {\nE            |     ^ (Relevant source part starts here and spans across multiple lines).\nE         \nE         \nE         > Artifacts written to /home/runner/work/neon-compatibility/neon-compatibility/issues/364/build/contracts\nE         > Compiled successfully using:\nE            - solc: 0.8.4+commit.c7e474f2.Emscripten.clang\nE         \nE         UnhandledRejections detected\nE         Promise {\nE           <rejected> {\nE             code: -32603,\nE             message: 'Unknown Error: <html>\\r\\n' +\nE               '<head><title>502 Bad Gateway</title></head>\\r\\n' +\nE               '<body>\\r\\n' +\nE               '<center><h1>502 Bad Gateway</h1></center>\\r\\n' +\nE               '<hr><center>nginx/1.18.0 (Ubuntu)</center>\\r\\n' +\nE               '</body>\\r\\n' +\nE               '</html>\\r\\n',\nE             data: { originalError: {} },\nE             stack: 'Error: Unknown Error: <html>\\r\\n' +\nE               '<head><title>502 Bad Gateway</title></head>\\r\\n' +\nE               '<body>\\r\\n' +\nE               '<center><h1>502 Bad Gateway</h1></center>\\r\\n' +\nE               '<hr><center>nginx/1.18.0 (Ubuntu)</center>\\r\\n' +\nE               '</body>\\r\\n' +\nE               '</html>\\r\\n' +\nE               '\\n' +\nE               '    at Request._callback (/home/runner/work/neon-compatibility/neon-compatibility/node_modules/@trufflesuite/web3-provider-engine/subproviders/rpc.js:57:23)\\n' +\nE               '    at Request.self.callback (/home/runner/work/neon-compatibility/neon-compatibility/node_modules/request/request.js:185:22)\\n' +\nE               '    at Request.emit (node:events:390:28)\\n' +\nE               '    at Request.<anonymous> (/home/runner/work/neon-compatibility/neon-compatibility/node_modules/request/request.js:1154:10)\\n' +\nE               '    at Request.emit (node:events:390:28)\\n' +\nE               '    at IncomingMessage.<anonymous> (/home/runner/work/neon-compatibility/neon-compatibility/node_modules/request/request.js:1076:12)\\n' +\nE               '    at Object.onceWrapper (node:events:509:28)\\n' +\nE               '    at IncomingMessage.emit (node:events:402:35)\\n' +\nE               '    at endReadableNT (node:internal/streams/readable:1343:12)\\n' +\nE               '    at processTicksAndRejections (node:internal/process/task_queues:83:21)'\nE           }\nE         } {\nE           code: -32603,\nE           message: 'Unknown Error: <html>\\r\\n' +\nE             '<head><title>502 Bad Gateway</title></head>\\r\\n' +\nE             '<body>\\r\\n' +\nE             '<center><h1>502 Bad Gateway</h1></center>\\r\\n' +\nE             '<hr><center>nginx/1.18.0 (Ubuntu)</center>\\r\\n' +\nE             '</body>\\r\\n' +\nE             '</html>\\r\\n',\nE           data: { originalError: {} },\nE           stack: 'Error: Unknown Error: <html>\\r\\n' +\nE             '<head><title>502 Bad Gateway</title></head>\\r\\n' +\nE             '<body>\\r\\n' +\nE             '<center><h1>502 Bad Gateway</h1></center>\\r\\n' +\nE             '<hr><center>nginx/1.18.0 (Ubuntu)</center>\\r\\n' +\nE             '</body>\\r\\n' +\nE             '</html>\\r\\n' +\nE             '\\n' +\nE             '    at Request._callback (/home/runner/work/neon-compatibility/neon-compatibility/node_modules/@trufflesuite/web3-provider-engine/subproviders/rpc.js:57:23)\\n' +\nE             '    at Request.self.callback (/home/runner/work/neon-compatibility/neon-compatibility/node_modules/request/request.js:185:22)\\n' +\nE             '    at Request.emit (node:events:390:28)\\n' +\nE             '    at Request.<anonymous> (/home/runner/work/neon-compatibility/neon-compatibility/node_modules/request/request.js:1154:10)\\n' +\nE             '    at Request.emit (node:events:390:28)\\n' +\nE             '    at IncomingMessage.<anonymous> (/home/runner/work/neon-compatibility/neon-compatibility/node_modules/request/request.js:1076:12)\\n' +\nE             '    at Object.onceWrapper (node:events:509:28)\\n' +\nE             '    at IncomingMessage.emit (node:events:402:35)\\n' +\nE             '    at endReadableNT (node:internal/streams/readable:1343:12)\\n' +\nE             '    at processTicksAndRejections (node:internal/process/task_queues:83:21)'\nE         }\nE         Promise {\nE           <rejected> {\nE             code: -32603,\nE             message: 'Unknown Error: <html>\\r\\n' +\nE               '<head><title>502 Bad Gateway</title></head>\\r\\n' +\nE               '<body>\\r\\n' +\nE               '<center><h1>502 Bad Gateway</h1></center>\\r\\n' +\nE               '<hr><center>nginx/1.18.0 (Ubuntu)</center>\\r\\n' +\nE               '</body>\\r\\n' +\nE               '</html>\\r\\n',\nE             data: { originalError: {} },\nE             stack: 'Error: Unknown Error: <html>\\r\\n' +\nE               '<head><title>502 Bad Gateway</title></head>\\r\\n' +\nE               '<body>\\r\\n' +\nE               '<center><h1>502 Bad Gateway</h1></center>\\r\\n' +\nE               '<hr><center>nginx/1.18.0 (Ubuntu)</center>\\r\\n' +\nE               '</body>\\r\\n' +\nE               '</html>\\r\\n' +\nE               '\\n' +\nE               '    at Request._callback (/home/runner/work/neon-compatibility/neon-compatibility/node_modules/@trufflesuite/web3-provider-engine/subproviders/rpc.js:57:23)\\n' +\nE               '    at Request.self.callback (/home/runner/work/neon-compatibility/neon-compatibility/node_modules/request/request.js:185:22)\\n' +\nE               '    at Request.emit (node:events:390:28)\\n' +\nE               '    at Request.<anonymous> (/home/runner/work/neon-compatibility/neon-compatibility/node_modules/request/request.js:1154:10)\\n' +\nE               '    at Request.emit (node:events:390:28)\\n' +\nE               '    at IncomingMessage.<anonymous> (/home/runner/work/neon-compatibility/neon-compatibility/node_modules/request/request.js:1076:12)\\n' +\nE               '    at Object.onceWrapper (node:events:509:28)\\n' +\nE               '    at IncomingMessage.emit (node:events:402:35)\\n' +\nE               '    at endReadableNT (node:internal/streams/readable:1343:12)\\n' +\nE               '    at processTicksAndRejections (node:internal/process/task_queues:83:21)'\nE           }\nE         } {\nE           code: -32603,\nE           message: 'Unknown Error: <html>\\r\\n' +\nE             '<head><title>502 Bad Gateway</title></head>\\r\\n' +\nE             '<body>\\r\\n' +\nE             '<center><h1>502 Bad Gateway</h1></center>\\r\\n' +\nE             '<hr><center>nginx/1.18.0 (Ubuntu)</center>\\r\\n' +\nE             '</body>\\r\\n' +\nE             '</html>\\r\\n',\nE           data: { originalError: {} },\nE           stack: 'Error: Unknown Error: <html>\\r\\n' +\nE             '<head><title>502 Bad Gateway</title></head>\\r\\n' +\nE             '<body>\\r\\n' +\nE             '<center><h1>502 Bad Gateway</h1></center>\\r\\n' +\nE             '<hr><center>nginx/1.18.0 (Ubuntu)</center>\\r\\n' +\nE             '</body>\\r\\n' +\nE             '</html>\\r\\n' +\nE             '\\n' +\nE             '    at Request._callback (/home/runner/work/neon-compatibility/neon-compatibility/node_modules/@trufflesuite/web3-provider-engine/subproviders/rpc.js:57:23)\\n' +\nE             '    at Request.self.callback (/home/runner/work/neon-compatibility/neon-compatibility/node_modules/request/request.js:185:22)\\n' +\nE             '    at Request.emit (node:events:390:28)\\n' +\nE             '    at Request.<anonymous> (/home/runner/work/neon-compatibility/neon-compatibility/node_modules/request/request.js:1154:10)\\n' +\nE             '    at Request.emit (node:events:390:28)\\n' +\nE             '    at IncomingMessage.<anonymous> (/home/runner/work/neon-compatibility/neon-compatibility/node_modules/request/request.js:1076:12)\\n' +\nE             '    at Object.onceWrapper (node:events:509:28)\\n' +\nE             '    at IncomingMessage.emit (node:events:402:35)\\n' +\nE             '    at endReadableNT (node:internal/streams/readable:1343:12)\\n' +\nE             '    at processTicksAndRejections (node:internal/process/task_queues:83:21)'\nE         }\nE         \nE         /home/runner/work/neon-compatibility/neon-compatibility/node_modules/@trufflesuite/web3-provider-engine/subproviders/rpc.js:57\nE                   const err = new Error(msg)\nE                               ^\nE         Error: PollingBlockTracker - encountered an error while attempting to update latest block:\nE         Error: Unknown Error: <html>\r\nE         <head><title>502 Bad Gateway</title></head>\r\nE         <body>\r\nE         <center><h1>502 Bad Gateway</h1></center>\r\nE         <hr><center>nginx/1.18.0 (Ubuntu)</center>\r\nE         </body>\r\nE         </html>\r\nE         \nE             at Request._callback (/home/runner/work/neon-compatibility/neon-compatibility/node_modules/@trufflesuite/web3-provider-engine/subproviders/rpc.js:57:23)\nE             at Request.self.callback (/home/runner/work/neon-compatibility/neon-compatibility/node_modules/request/request.js:185:22)\nE             at Request.emit (node:events:390:28)\nE             at Request.<anonymous> (/home/runner/work/neon-compatibility/neon-compatibility/node_modules/request/request.js:1154:10)\nE             at Request.emit (node:events:390:28)\nE             at IncomingMessage.<anonymous> (/home/runner/work/neon-compatibility/neon-compatibility/node_modules/request/request.js:1076:12)\nE             at Object.onceWrapper (node:events:509:28)\nE             at IncomingMessage.emit (node:events:402:35)\nE             at endReadableNT (node:internal/streams/readable:1343:12)\nE             at processTicksAndRejections (node:internal/process/task_queues:83:21)\nE             at PollingBlockTracker._performSync (/home/runner/work/neon-compatibility/neon-compatibility/node_modules/eth-block-tracker/src/polling.js:51:24)\nE             at processTicksAndRejections (node:internal/process/task_queues:96:5)\nE         \nE       assert 1 == 0\nE        +  where 1 = CompletedProcess(args='cd issues/364; ../../node_modules/.bin/truffle --network neonlabs migrate -f 3 --to 3', returnc.../eth-block-tracker/src/polling.js:51:24)\\n    at processTicksAndRejections (node:internal/process/task_queues:96:5)\\n').returncode\n\ntests/truffle/test_truffle.py:76: AssertionError",
  "flaky" : false,
  "newFailed" : false,
  "newBroken" : false,
  "newPassed" : false,
  "retriesCount" : 0,
  "retriesStatusChange" : false,
  "beforeStages" : [ {
    "name" : "prepare_truffle_config",
    "time" : {
      "start" : 1640537611257,
      "stop" : 1640537611268,
      "duration" : 11
    },
    "status" : "passed",
    "steps" : [ {
      "name" : "Preset variables",
      "time" : {
        "start" : 1640537611257,
        "stop" : 1640537611267,
        "duration" : 10
      },
      "status" : "passed",
      "steps" : [ ],
      "attachments" : [ ],
      "parameters" : [ ],
      "stepsCount" : 0,
      "attachmentsCount" : 0,
      "shouldDisplayMessage" : false,
      "hasContent" : false
    }, {
      "name" : "Clean up folder \"'/home/runner/work/neon-compatibility/neon-compatibility/Metacoin/build/contracts'\"",
      "time" : {
        "start" : 1640537611268,
        "stop" : 1640537611268,
        "duration" : 0
      },
      "status" : "passed",
      "steps" : [ ],
      "attachments" : [ ],
      "parameters" : [ {
        "name" : "folder",
        "value" : "'/home/runner/work/neon-compatibility/neon-compatibility/Metacoin/build/contracts'"
      } ],
      "stepsCount" : 0,
      "attachmentsCount" : 0,
      "shouldDisplayMessage" : false,
      "hasContent" : true
    } ],
    "attachments" : [ ],
    "parameters" : [ ],
    "stepsCount" : 2,
    "attachmentsCount" : 0,
    "shouldDisplayMessage" : false,
    "hasContent" : true
  } ],
  "testStage" : {
    "status" : "failed",
    "statusMessage" : "AssertionError: \n  Compiling your contracts...\n  ===========================\n  > Compiling ./contracts/ERC20Test.sol\n  > Compiling ./contracts/Migrations.sol\n  > Compiling ./contracts/SelfDestructTest.sol\n  > Compiling @openzeppelin/contracts/access/Ownable.sol\n  > Compiling @openzeppelin/contracts/token/ERC20/ERC20.sol\n  > Compiling @openzeppelin/contracts/token/ERC20/IERC20.sol\n  > Compiling @openzeppelin/contracts/token/ERC20/extensions/IERC20Metadata.sol\n  > Compiling @openzeppelin/contracts/utils/Context.sol\n  > Compilation warnings encountered:\n  \n      Warning: SPDX license identifier not provided in source file. Before publishing, consider adding a comment containing \"SPDX-License-Identifier: <SPDX-License>\" to each source file. Use \"SPDX-License-Identifier: UNLICENSED\" for non-open-source code. Please see https://spdx.org for more information.\n  --> project:/contracts/SelfDestructTest.sol\n  \n  ,Warning: This contract has a payable fallback function, but no receive ether function. Consider adding a receive ether function.\n   --> project:/contracts/SelfDestructTest.sol:5:1:\n    |\n  5 | contract SelfDestructTest is Ownable{\n    | ^ (Relevant source part starts here and spans across multiple lines).\n  Note: The payable fallback function is defined here.\n    --> project:/contracts/SelfDestructTest.sol:20:5:\n     |\n  20 |     fallback() external payable {}\n     |     ^^^^^^^^^^^^^^^^^^^^^^^^^^^^^^\n  \n  ,Warning: Function state mutability can be restricted to pure\n    --> project:/contracts/SelfDestructTest.sol:12:5:\n     |\n  12 |     function staticData() public view returns(string memory) {\n     |     ^ (Relevant source part starts here and spans across multiple lines).\n  \n  \n  > Artifacts written to /home/runner/work/neon-compatibility/neon-compatibility/issues/364/build/contracts\n  > Compiled successfully using:\n     - solc: 0.8.4+commit.c7e474f2.Emscripten.clang\n  \n  UnhandledRejections detected\n  Promise {\n    <rejected> {\n      code: -32603,\n      message: 'Unknown Error: <html>\\r\\n' +\n        '<head><title>502 Bad Gateway</title></head>\\r\\n' +\n        '<body>\\r\\n' +\n        '<center><h1>502 Bad Gateway</h1></center>\\r\\n' +\n        '<hr><center>nginx/1.18.0 (Ubuntu)</center>\\r\\n' +\n        '</body>\\r\\n' +\n        '</html>\\r\\n',\n      data: { originalError: {} },\n      stack: 'Error: Unknown Error: <html>\\r\\n' +\n        '<head><title>502 Bad Gateway</title></head>\\r\\n' +\n        '<body>\\r\\n' +\n        '<center><h1>502 Bad Gateway</h1></center>\\r\\n' +\n        '<hr><center>nginx/1.18.0 (Ubuntu)</center>\\r\\n' +\n        '</body>\\r\\n' +\n        '</html>\\r\\n' +\n        '\\n' +\n        '    at Request._callback (/home/runner/work/neon-compatibility/neon-compatibility/node_modules/@trufflesuite/web3-provider-engine/subproviders/rpc.js:57:23)\\n' +\n        '    at Request.self.callback (/home/runner/work/neon-compatibility/neon-compatibility/node_modules/request/request.js:185:22)\\n' +\n        '    at Request.emit (node:events:390:28)\\n' +\n        '    at Request.<anonymous> (/home/runner/work/neon-compatibility/neon-compatibility/node_modules/request/request.js:1154:10)\\n' +\n        '    at Request.emit (node:events:390:28)\\n' +\n        '    at IncomingMessage.<anonymous> (/home/runner/work/neon-compatibility/neon-compatibility/node_modules/request/request.js:1076:12)\\n' +\n        '    at Object.onceWrapper (node:events:509:28)\\n' +\n        '    at IncomingMessage.emit (node:events:402:35)\\n' +\n        '    at endReadableNT (node:internal/streams/readable:1343:12)\\n' +\n        '    at processTicksAndRejections (node:internal/process/task_queues:83:21)'\n    }\n  } {\n    code: -32603,\n    message: 'Unknown Error: <html>\\r\\n' +\n      '<head><title>502 Bad Gateway</title></head>\\r\\n' +\n      '<body>\\r\\n' +\n      '<center><h1>502 Bad Gateway</h1></center>\\r\\n' +\n      '<hr><center>nginx/1.18.0 (Ubuntu)</center>\\r\\n' +\n      '</body>\\r\\n' +\n      '</html>\\r\\n',\n    data: { originalError: {} },\n    stack: 'Error: Unknown Error: <html>\\r\\n' +\n      '<head><title>502 Bad Gateway</title></head>\\r\\n' +\n      '<body>\\r\\n' +\n      '<center><h1>502 Bad Gateway</h1></center>\\r\\n' +\n      '<hr><center>nginx/1.18.0 (Ubuntu)</center>\\r\\n' +\n      '</body>\\r\\n' +\n      '</html>\\r\\n' +\n      '\\n' +\n      '    at Request._callback (/home/runner/work/neon-compatibility/neon-compatibility/node_modules/@trufflesuite/web3-provider-engine/subproviders/rpc.js:57:23)\\n' +\n      '    at Request.self.callback (/home/runner/work/neon-compatibility/neon-compatibility/node_modules/request/request.js:185:22)\\n' +\n      '    at Request.emit (node:events:390:28)\\n' +\n      '    at Request.<anonymous> (/home/runner/work/neon-compatibility/neon-compatibility/node_modules/request/request.js:1154:10)\\n' +\n      '    at Request.emit (node:events:390:28)\\n' +\n      '    at IncomingMessage.<anonymous> (/home/runner/work/neon-compatibility/neon-compatibility/node_modules/request/request.js:1076:12)\\n' +\n      '    at Object.onceWrapper (node:events:509:28)\\n' +\n      '    at IncomingMessage.emit (node:events:402:35)\\n' +\n      '    at endReadableNT (node:internal/streams/readable:1343:12)\\n' +\n      '    at processTicksAndRejections (node:internal/process/task_queues:83:21)'\n  }\n  Promise {\n    <rejected> {\n      code: -32603,\n      message: 'Unknown Error: <html>\\r\\n' +\n        '<head><title>502 Bad Gateway</title></head>\\r\\n' +\n        '<body>\\r\\n' +\n        '<center><h1>502 Bad Gateway</h1></center>\\r\\n' +\n        '<hr><center>nginx/1.18.0 (Ubuntu)</center>\\r\\n' +\n        '</body>\\r\\n' +\n        '</html>\\r\\n',\n      data: { originalError: {} },\n      stack: 'Error: Unknown Error: <html>\\r\\n' +\n        '<head><title>502 Bad Gateway</title></head>\\r\\n' +\n        '<body>\\r\\n' +\n        '<center><h1>502 Bad Gateway</h1></center>\\r\\n' +\n        '<hr><center>nginx/1.18.0 (Ubuntu)</center>\\r\\n' +\n        '</body>\\r\\n' +\n        '</html>\\r\\n' +\n        '\\n' +\n        '    at Request._callback (/home/runner/work/neon-compatibility/neon-compatibility/node_modules/@trufflesuite/web3-provider-engine/subproviders/rpc.js:57:23)\\n' +\n        '    at Request.self.callback (/home/runner/work/neon-compatibility/neon-compatibility/node_modules/request/request.js:185:22)\\n' +\n        '    at Request.emit (node:events:390:28)\\n' +\n        '    at Request.<anonymous> (/home/runner/work/neon-compatibility/neon-compatibility/node_modules/request/request.js:1154:10)\\n' +\n        '    at Request.emit (node:events:390:28)\\n' +\n        '    at IncomingMessage.<anonymous> (/home/runner/work/neon-compatibility/neon-compatibility/node_modules/request/request.js:1076:12)\\n' +\n        '    at Object.onceWrapper (node:events:509:28)\\n' +\n        '    at IncomingMessage.emit (node:events:402:35)\\n' +\n        '    at endReadableNT (node:internal/streams/readable:1343:12)\\n' +\n        '    at processTicksAndRejections (node:internal/process/task_queues:83:21)'\n    }\n  } {\n    code: -32603,\n    message: 'Unknown Error: <html>\\r\\n' +\n      '<head><title>502 Bad Gateway</title></head>\\r\\n' +\n      '<body>\\r\\n' +\n      '<center><h1>502 Bad Gateway</h1></center>\\r\\n' +\n      '<hr><center>nginx/1.18.0 (Ubuntu)</center>\\r\\n' +\n      '</body>\\r\\n' +\n      '</html>\\r\\n',\n    data: { originalError: {} },\n    stack: 'Error: Unknown Error: <html>\\r\\n' +\n      '<head><title>502 Bad Gateway</title></head>\\r\\n' +\n      '<body>\\r\\n' +\n      '<center><h1>502 Bad Gateway</h1></center>\\r\\n' +\n      '<hr><center>nginx/1.18.0 (Ubuntu)</center>\\r\\n' +\n      '</body>\\r\\n' +\n      '</html>\\r\\n' +\n      '\\n' +\n      '    at Request._callback (/home/runner/work/neon-compatibility/neon-compatibility/node_modules/@trufflesuite/web3-provider-engine/subproviders/rpc.js:57:23)\\n' +\n      '    at Request.self.callback (/home/runner/work/neon-compatibility/neon-compatibility/node_modules/request/request.js:185:22)\\n' +\n      '    at Request.emit (node:events:390:28)\\n' +\n      '    at Request.<anonymous> (/home/runner/work/neon-compatibility/neon-compatibility/node_modules/request/request.js:1154:10)\\n' +\n      '    at Request.emit (node:events:390:28)\\n' +\n      '    at IncomingMessage.<anonymous> (/home/runner/work/neon-compatibility/neon-compatibility/node_modules/request/request.js:1076:12)\\n' +\n      '    at Object.onceWrapper (node:events:509:28)\\n' +\n      '    at IncomingMessage.emit (node:events:402:35)\\n' +\n      '    at endReadableNT (node:internal/streams/readable:1343:12)\\n' +\n      '    at processTicksAndRejections (node:internal/process/task_queues:83:21)'\n  }\n  \n  /home/runner/work/neon-compatibility/neon-compatibility/node_modules/@trufflesuite/web3-provider-engine/subproviders/rpc.js:57\n            const err = new Error(msg)\n                        ^\n  Error: PollingBlockTracker - encountered an error while attempting to update latest block:\n  Error: Unknown Error: <html>\r\n  <head><title>502 Bad Gateway</title></head>\r\n  <body>\r\n  <center><h1>502 Bad Gateway</h1></center>\r\n  <hr><center>nginx/1.18.0 (Ubuntu)</center>\r\n  </body>\r\n  </html>\r\n  \n      at Request._callback (/home/runner/work/neon-compatibility/neon-compatibility/node_modules/@trufflesuite/web3-provider-engine/subproviders/rpc.js:57:23)\n      at Request.self.callback (/home/runner/work/neon-compatibility/neon-compatibility/node_modules/request/request.js:185:22)\n      at Request.emit (node:events:390:28)\n      at Request.<anonymous> (/home/runner/work/neon-compatibility/neon-compatibility/node_modules/request/request.js:1154:10)\n      at Request.emit (node:events:390:28)\n      at IncomingMessage.<anonymous> (/home/runner/work/neon-compatibility/neon-compatibility/node_modules/request/request.js:1076:12)\n      at Object.onceWrapper (node:events:509:28)\n      at IncomingMessage.emit (node:events:402:35)\n      at endReadableNT (node:internal/streams/readable:1343:12)\n      at processTicksAndRejections (node:internal/process/task_queues:83:21)\n      at PollingBlockTracker._performSync (/home/runner/work/neon-compatibility/neon-compatibility/node_modules/eth-block-tracker/src/polling.js:51:24)\n      at processTicksAndRejections (node:internal/process/task_queues:96:5)\n  \nassert 1 == 0\n +  where 1 = CompletedProcess(args='cd issues/364; ../../node_modules/.bin/truffle --network neonlabs migrate -f 3 --to 3', returnc.../eth-block-tracker/src/polling.js:51:24)\\n    at processTicksAndRejections (node:internal/process/task_queues:96:5)\\n').returncode",
    "statusTrace" : "@allure.feature(FEATURE)\n    def test_issue_364_self_destruct_contract():\n        cmd_res = run_command_line(\n            f\"cd issues/364; ../{RunCommand.TRUFFLE} \"\n            f\"--network {NETWORK_NAME} migrate -f 3 --to 3\"\n        )\n        actual_result = cmd_res.stdout.decode() + cmd_res.stderr.decode()\n>       assert cmd_res.returncode == 0, actual_result\nE       AssertionError: \nE         Compiling your contracts...\nE         ===========================\nE         > Compiling ./contracts/ERC20Test.sol\nE         > Compiling ./contracts/Migrations.sol\nE         > Compiling ./contracts/SelfDestructTest.sol\nE         > Compiling @openzeppelin/contracts/access/Ownable.sol\nE         > Compiling @openzeppelin/contracts/token/ERC20/ERC20.sol\nE         > Compiling @openzeppelin/contracts/token/ERC20/IERC20.sol\nE         > Compiling @openzeppelin/contracts/token/ERC20/extensions/IERC20Metadata.sol\nE         > Compiling @openzeppelin/contracts/utils/Context.sol\nE         > Compilation warnings encountered:\nE         \nE             Warning: SPDX license identifier not provided in source file. Before publishing, consider adding a comment containing \"SPDX-License-Identifier: <SPDX-License>\" to each source file. Use \"SPDX-License-Identifier: UNLICENSED\" for non-open-source code. Please see https://spdx.org for more information.\nE         --> project:/contracts/SelfDestructTest.sol\nE         \nE         ,Warning: This contract has a payable fallback function, but no receive ether function. Consider adding a receive ether function.\nE          --> project:/contracts/SelfDestructTest.sol:5:1:\nE           |\nE         5 | contract SelfDestructTest is Ownable{\nE           | ^ (Relevant source part starts here and spans across multiple lines).\nE         Note: The payable fallback function is defined here.\nE           --> project:/contracts/SelfDestructTest.sol:20:5:\nE            |\nE         20 |     fallback() external payable {}\nE            |     ^^^^^^^^^^^^^^^^^^^^^^^^^^^^^^\nE         \nE         ,Warning: Function state mutability can be restricted to pure\nE           --> project:/contracts/SelfDestructTest.sol:12:5:\nE            |\nE         12 |     function staticData() public view returns(string memory) {\nE            |     ^ (Relevant source part starts here and spans across multiple lines).\nE         \nE         \nE         > Artifacts written to /home/runner/work/neon-compatibility/neon-compatibility/issues/364/build/contracts\nE         > Compiled successfully using:\nE            - solc: 0.8.4+commit.c7e474f2.Emscripten.clang\nE         \nE         UnhandledRejections detected\nE         Promise {\nE           <rejected> {\nE             code: -32603,\nE             message: 'Unknown Error: <html>\\r\\n' +\nE               '<head><title>502 Bad Gateway</title></head>\\r\\n' +\nE               '<body>\\r\\n' +\nE               '<center><h1>502 Bad Gateway</h1></center>\\r\\n' +\nE               '<hr><center>nginx/1.18.0 (Ubuntu)</center>\\r\\n' +\nE               '</body>\\r\\n' +\nE               '</html>\\r\\n',\nE             data: { originalError: {} },\nE             stack: 'Error: Unknown Error: <html>\\r\\n' +\nE               '<head><title>502 Bad Gateway</title></head>\\r\\n' +\nE               '<body>\\r\\n' +\nE               '<center><h1>502 Bad Gateway</h1></center>\\r\\n' +\nE               '<hr><center>nginx/1.18.0 (Ubuntu)</center>\\r\\n' +\nE               '</body>\\r\\n' +\nE               '</html>\\r\\n' +\nE               '\\n' +\nE               '    at Request._callback (/home/runner/work/neon-compatibility/neon-compatibility/node_modules/@trufflesuite/web3-provider-engine/subproviders/rpc.js:57:23)\\n' +\nE               '    at Request.self.callback (/home/runner/work/neon-compatibility/neon-compatibility/node_modules/request/request.js:185:22)\\n' +\nE               '    at Request.emit (node:events:390:28)\\n' +\nE               '    at Request.<anonymous> (/home/runner/work/neon-compatibility/neon-compatibility/node_modules/request/request.js:1154:10)\\n' +\nE               '    at Request.emit (node:events:390:28)\\n' +\nE               '    at IncomingMessage.<anonymous> (/home/runner/work/neon-compatibility/neon-compatibility/node_modules/request/request.js:1076:12)\\n' +\nE               '    at Object.onceWrapper (node:events:509:28)\\n' +\nE               '    at IncomingMessage.emit (node:events:402:35)\\n' +\nE               '    at endReadableNT (node:internal/streams/readable:1343:12)\\n' +\nE               '    at processTicksAndRejections (node:internal/process/task_queues:83:21)'\nE           }\nE         } {\nE           code: -32603,\nE           message: 'Unknown Error: <html>\\r\\n' +\nE             '<head><title>502 Bad Gateway</title></head>\\r\\n' +\nE             '<body>\\r\\n' +\nE             '<center><h1>502 Bad Gateway</h1></center>\\r\\n' +\nE             '<hr><center>nginx/1.18.0 (Ubuntu)</center>\\r\\n' +\nE             '</body>\\r\\n' +\nE             '</html>\\r\\n',\nE           data: { originalError: {} },\nE           stack: 'Error: Unknown Error: <html>\\r\\n' +\nE             '<head><title>502 Bad Gateway</title></head>\\r\\n' +\nE             '<body>\\r\\n' +\nE             '<center><h1>502 Bad Gateway</h1></center>\\r\\n' +\nE             '<hr><center>nginx/1.18.0 (Ubuntu)</center>\\r\\n' +\nE             '</body>\\r\\n' +\nE             '</html>\\r\\n' +\nE             '\\n' +\nE             '    at Request._callback (/home/runner/work/neon-compatibility/neon-compatibility/node_modules/@trufflesuite/web3-provider-engine/subproviders/rpc.js:57:23)\\n' +\nE             '    at Request.self.callback (/home/runner/work/neon-compatibility/neon-compatibility/node_modules/request/request.js:185:22)\\n' +\nE             '    at Request.emit (node:events:390:28)\\n' +\nE             '    at Request.<anonymous> (/home/runner/work/neon-compatibility/neon-compatibility/node_modules/request/request.js:1154:10)\\n' +\nE             '    at Request.emit (node:events:390:28)\\n' +\nE             '    at IncomingMessage.<anonymous> (/home/runner/work/neon-compatibility/neon-compatibility/node_modules/request/request.js:1076:12)\\n' +\nE             '    at Object.onceWrapper (node:events:509:28)\\n' +\nE             '    at IncomingMessage.emit (node:events:402:35)\\n' +\nE             '    at endReadableNT (node:internal/streams/readable:1343:12)\\n' +\nE             '    at processTicksAndRejections (node:internal/process/task_queues:83:21)'\nE         }\nE         Promise {\nE           <rejected> {\nE             code: -32603,\nE             message: 'Unknown Error: <html>\\r\\n' +\nE               '<head><title>502 Bad Gateway</title></head>\\r\\n' +\nE               '<body>\\r\\n' +\nE               '<center><h1>502 Bad Gateway</h1></center>\\r\\n' +\nE               '<hr><center>nginx/1.18.0 (Ubuntu)</center>\\r\\n' +\nE               '</body>\\r\\n' +\nE               '</html>\\r\\n',\nE             data: { originalError: {} },\nE             stack: 'Error: Unknown Error: <html>\\r\\n' +\nE               '<head><title>502 Bad Gateway</title></head>\\r\\n' +\nE               '<body>\\r\\n' +\nE               '<center><h1>502 Bad Gateway</h1></center>\\r\\n' +\nE               '<hr><center>nginx/1.18.0 (Ubuntu)</center>\\r\\n' +\nE               '</body>\\r\\n' +\nE               '</html>\\r\\n' +\nE               '\\n' +\nE               '    at Request._callback (/home/runner/work/neon-compatibility/neon-compatibility/node_modules/@trufflesuite/web3-provider-engine/subproviders/rpc.js:57:23)\\n' +\nE               '    at Request.self.callback (/home/runner/work/neon-compatibility/neon-compatibility/node_modules/request/request.js:185:22)\\n' +\nE               '    at Request.emit (node:events:390:28)\\n' +\nE               '    at Request.<anonymous> (/home/runner/work/neon-compatibility/neon-compatibility/node_modules/request/request.js:1154:10)\\n' +\nE               '    at Request.emit (node:events:390:28)\\n' +\nE               '    at IncomingMessage.<anonymous> (/home/runner/work/neon-compatibility/neon-compatibility/node_modules/request/request.js:1076:12)\\n' +\nE               '    at Object.onceWrapper (node:events:509:28)\\n' +\nE               '    at IncomingMessage.emit (node:events:402:35)\\n' +\nE               '    at endReadableNT (node:internal/streams/readable:1343:12)\\n' +\nE               '    at processTicksAndRejections (node:internal/process/task_queues:83:21)'\nE           }\nE         } {\nE           code: -32603,\nE           message: 'Unknown Error: <html>\\r\\n' +\nE             '<head><title>502 Bad Gateway</title></head>\\r\\n' +\nE             '<body>\\r\\n' +\nE             '<center><h1>502 Bad Gateway</h1></center>\\r\\n' +\nE             '<hr><center>nginx/1.18.0 (Ubuntu)</center>\\r\\n' +\nE             '</body>\\r\\n' +\nE             '</html>\\r\\n',\nE           data: { originalError: {} },\nE           stack: 'Error: Unknown Error: <html>\\r\\n' +\nE             '<head><title>502 Bad Gateway</title></head>\\r\\n' +\nE             '<body>\\r\\n' +\nE             '<center><h1>502 Bad Gateway</h1></center>\\r\\n' +\nE             '<hr><center>nginx/1.18.0 (Ubuntu)</center>\\r\\n' +\nE             '</body>\\r\\n' +\nE             '</html>\\r\\n' +\nE             '\\n' +\nE             '    at Request._callback (/home/runner/work/neon-compatibility/neon-compatibility/node_modules/@trufflesuite/web3-provider-engine/subproviders/rpc.js:57:23)\\n' +\nE             '    at Request.self.callback (/home/runner/work/neon-compatibility/neon-compatibility/node_modules/request/request.js:185:22)\\n' +\nE             '    at Request.emit (node:events:390:28)\\n' +\nE             '    at Request.<anonymous> (/home/runner/work/neon-compatibility/neon-compatibility/node_modules/request/request.js:1154:10)\\n' +\nE             '    at Request.emit (node:events:390:28)\\n' +\nE             '    at IncomingMessage.<anonymous> (/home/runner/work/neon-compatibility/neon-compatibility/node_modules/request/request.js:1076:12)\\n' +\nE             '    at Object.onceWrapper (node:events:509:28)\\n' +\nE             '    at IncomingMessage.emit (node:events:402:35)\\n' +\nE             '    at endReadableNT (node:internal/streams/readable:1343:12)\\n' +\nE             '    at processTicksAndRejections (node:internal/process/task_queues:83:21)'\nE         }\nE         \nE         /home/runner/work/neon-compatibility/neon-compatibility/node_modules/@trufflesuite/web3-provider-engine/subproviders/rpc.js:57\nE                   const err = new Error(msg)\nE                               ^\nE         Error: PollingBlockTracker - encountered an error while attempting to update latest block:\nE         Error: Unknown Error: <html>\r\nE         <head><title>502 Bad Gateway</title></head>\r\nE         <body>\r\nE         <center><h1>502 Bad Gateway</h1></center>\r\nE         <hr><center>nginx/1.18.0 (Ubuntu)</center>\r\nE         </body>\r\nE         </html>\r\nE         \nE             at Request._callback (/home/runner/work/neon-compatibility/neon-compatibility/node_modules/@trufflesuite/web3-provider-engine/subproviders/rpc.js:57:23)\nE             at Request.self.callback (/home/runner/work/neon-compatibility/neon-compatibility/node_modules/request/request.js:185:22)\nE             at Request.emit (node:events:390:28)\nE             at Request.<anonymous> (/home/runner/work/neon-compatibility/neon-compatibility/node_modules/request/request.js:1154:10)\nE             at Request.emit (node:events:390:28)\nE             at IncomingMessage.<anonymous> (/home/runner/work/neon-compatibility/neon-compatibility/node_modules/request/request.js:1076:12)\nE             at Object.onceWrapper (node:events:509:28)\nE             at IncomingMessage.emit (node:events:402:35)\nE             at endReadableNT (node:internal/streams/readable:1343:12)\nE             at processTicksAndRejections (node:internal/process/task_queues:83:21)\nE             at PollingBlockTracker._performSync (/home/runner/work/neon-compatibility/neon-compatibility/node_modules/eth-block-tracker/src/polling.js:51:24)\nE             at processTicksAndRejections (node:internal/process/task_queues:96:5)\nE         \nE       assert 1 == 0\nE        +  where 1 = CompletedProcess(args='cd issues/364; ../../node_modules/.bin/truffle --network neonlabs migrate -f 3 --to 3', returnc.../eth-block-tracker/src/polling.js:51:24)\\n    at processTicksAndRejections (node:internal/process/task_queues:96:5)\\n').returncode\n\ntests/truffle/test_truffle.py:76: AssertionError",
    "steps" : [ {
      "name" : "Run command: \"'cd issues/364; ../../node_modules/.bin/truffle --network neonlabs migrate -f 3 --to 3'\"",
      "time" : {
        "start" : 1640537611268,
        "stop" : 1640537629012,
        "duration" : 17744
      },
      "status" : "passed",
      "steps" : [ ],
      "attachments" : [ ],
      "parameters" : [ {
        "name" : "command",
        "value" : "'cd issues/364; ../../node_modules/.bin/truffle --network neonlabs migrate -f 3 --to 3'"
      } ],
      "stepsCount" : 0,
      "attachmentsCount" : 0,
      "shouldDisplayMessage" : false,
      "hasContent" : true
    } ],
    "attachments" : [ {
      "uid" : "88a4598ac338c03c",
      "name" : "stdout",
      "source" : "88a4598ac338c03c.txt",
      "type" : "text/plain",
      "size" : 9961
    } ],
    "parameters" : [ ],
    "stepsCount" : 1,
    "attachmentsCount" : 1,
    "shouldDisplayMessage" : true,
    "hasContent" : true
  },
  "afterStages" : [ {
    "name" : "prepare_truffle_config::0",
    "time" : {
      "start" : 1640537629020,
      "stop" : 1640537629020,
      "duration" : 0
    },
    "status" : "passed",
    "steps" : [ ],
    "attachments" : [ ],
    "parameters" : [ ],
    "stepsCount" : 0,
    "attachmentsCount" : 0,
    "shouldDisplayMessage" : false,
    "hasContent" : false
  } ],
  "labels" : [ {
    "name" : "feature",
    "value" : "Truffle"
  }, {
    "name" : "parentSuite",
    "value" : "tests.truffle"
  }, {
    "name" : "suite",
    "value" : "test_truffle"
  }, {
    "name" : "host",
    "value" : "fv-az77-501"
  }, {
    "name" : "thread",
    "value" : "3680-MainThread"
  }, {
    "name" : "framework",
    "value" : "pytest"
  }, {
    "name" : "language",
    "value" : "cpython3"
  }, {
    "name" : "package",
    "value" : "tests.truffle.test_truffle"
  }, {
    "name" : "resultFormat",
    "value" : "allure2"
  } ],
  "parameters" : [ ],
  "links" : [ ],
  "hidden" : false,
  "retry" : false,
  "extra" : {
    "severity" : "normal",
    "retries" : [ ],
    "categories" : [ {
      "name" : "Product defects",
      "matchedStatuses" : [ ],
      "flaky" : false
    } ],
    "history" : {
      "statistic" : {
        "failed" : 14,
        "broken" : 0,
        "skipped" : 0,
        "passed" : 0,
        "unknown" : 0,
        "total" : 14
      },
      "items" : [ {
        "uid" : "865b878735aac7db",
        "reportUrl" : "https://neonlabsorg.github.io/neon-compatibility/352//#testresult/865b878735aac7db",
        "status" : "failed",
        "statusDetails" : "AssertionError: \n  Compiling your contracts...\n  ===========================\n  > Compiling ./contracts/ERC20Test.sol\n  > Compiling ./contracts/Migrations.sol\n  > Compiling ./contracts/SelfDestructTest.sol\n  > Compiling @openzeppelin/contracts/access/Ownable.sol\n  > Compiling @openzeppelin/contracts/token/ERC20/ERC20.sol\n  > Compiling @openzeppelin/contracts/token/ERC20/IERC20.sol\n  > Compiling @openzeppelin/contracts/token/ERC20/extensions/IERC20Metadata.sol\n  > Compiling @openzeppelin/contracts/utils/Context.sol\n  > Compilation warnings encountered:\n  \n      Warning: SPDX license identifier not provided in source file. Before publishing, consider adding a comment containing \"SPDX-License-Identifier: <SPDX-License>\" to each source file. Use \"SPDX-License-Identifier: UNLICENSED\" for non-open-source code. Please see https://spdx.org for more information.\n  --> project:/contracts/SelfDestructTest.sol\n  \n  ,Warning: This contract has a payable fallback function, but no receive ether function. Consider adding a receive ether function.\n   --> project:/contracts/SelfDestructTest.sol:5:1:\n    |\n  5 | contract SelfDestructTest is Ownable{\n    | ^ (Relevant source part starts here and spans across multiple lines).\n  Note: The payable fallback function is defined here.\n    --> project:/contracts/SelfDestructTest.sol:20:5:\n     |\n  20 |     fallback() external payable {}\n     |     ^^^^^^^^^^^^^^^^^^^^^^^^^^^^^^\n  \n  ,Warning: Function state mutability can be restricted to pure\n    --> project:/contracts/SelfDestructTest.sol:12:5:\n     |\n  12 |     function staticData() public view returns(string memory) {\n     |     ^ (Relevant source part starts here and spans across multiple lines).\n  \n  \n  > Artifacts written to /home/runner/work/neon-compatibility/neon-compatibility/issues/364/build/contracts\n  > Compiled successfully using:\n     - solc: 0.8.4+commit.c7e474f2.Emscripten.clang\n  \n  \n  \n  Starting migrations...\n  ======================\n  > Network name:    'neonlabs'\n  > Network id:      111\n  > Block gas limit: 6721975 (0x6691b7)\n  \n  \n  3_selfDestructTest.js\n  =====================\n  \n     Deploying 'SelfDestructTest'\n     ----------------------------\n  \n  Error:  *** Deployment Failed ***\n  \n  \"SelfDestructTest\" -- Transaction simulation failed: Error processing Instruction 0: custom program error: 0x4\n  {\n    \"accounts\": null,\n    \"err\": {\n      \"InstructionError\": [\n        0,\n        {\n          \"Custom\": 4\n        }\n      ]\n    },\n    \"logs\": [\n      \"Program 53DfF883gyixYNXnM7s5xhdeyV8mVk9T4i2hGV9vG9io invoke [1]\",\n      \"Program log: program/src/storage_account.rs:76\",\n      \"Program 53DfF883gyixYNXnM7s5xhdeyV8mVk9T4i2hGV9vG9io consumed 4627 of 500000 compute units\",\n      \"Program 53DfF883gyixYNXnM7s5xhdeyV8mVk9T4i2hGV9vG9io failed: custom program error: 0x4\"\n    ]\n  }.\n  \n      at /home/runner/work/neon-compatibility/neon-compatibility/node_modules/truffle/build/webpack:/packages/deployer/src/deployment.js:365:1\n      at processTicksAndRejections (node:internal/process/task_queues:96:5)\n      at module.exports (/home/runner/work/neon-compatibility/neon-compatibility/issues/364/migrations/3_selfDestructTest.js:6:5)\n      at Migration._deploy (/home/runner/work/neon-compatibility/neon-compatibility/node_modules/truffle/build/webpack:/packages/migrate/Migration.js:75:1)\n      at Migration._load (/home/runner/work/neon-compatibility/neon-compatibility/node_modules/truffle/build/webpack:/packages/migrate/Migration.js:56:1)\n      at Migration.run (/home/runner/work/neon-compatibility/neon-compatibility/node_modules/truffle/build/webpack:/packages/migrate/Migration.js:217:1)\n      at Object.runMigrations (/home/runner/work/neon-compatibility/neon-compatibility/node_modules/truffle/build/webpack:/packages/migrate/index.js:150:1)\n      at Object.runFrom (/home/runner/work/neon-compatibility/neon-compatibility/node_modules/truffle/build/webpack:/packages/migrate/index.js:110:1)\n      at runMigrations (/home/runner/work/neon-compatibility/neon-compatibility/node_modules/truffle/build/webpack:/packages/core/lib/commands/migrate.js:253:1)\n      at Object.run (/home/runner/work/neon-compatibility/neon-compatibility/node_modules/truffle/build/webpack:/packages/core/lib/commands/migrate.js:223:1)\n      at Command.run (/home/runner/work/neon-compatibility/neon-compatibility/node_modules/truffle/build/webpack:/packages/core/lib/command.js:183:1)\n  Truffle v5.4.14 (core: 5.4.14)\n  Node v16.13.1\n  \nassert 1 == 0\n +  where 1 = CompletedProcess(args='cd issues/364; ../../node_modules/.bin/truffle --network neonlabs migrate -f 3 --to 3', returnc...uffle/build/webpack:/packages/core/lib/command.js:183:1)\\nTruffle v5.4.14 (core: 5.4.14)\\nNode v16.13.1\\n', stderr=b'').returncode",
        "time" : {
          "start" : 1640535673717,
          "stop" : 1640535696755,
          "duration" : 23038
        }
      }, {
        "uid" : "c650e14d76d1bb9f",
        "reportUrl" : "https://neonlabsorg.github.io/neon-compatibility/351//#testresult/c650e14d76d1bb9f",
        "status" : "failed",
        "statusDetails" : "AssertionError: \n  Compiling your contracts...\n  ===========================\n  > Compiling ./contracts/ERC20Test.sol\n  > Compiling ./contracts/Migrations.sol\n  > Compiling ./contracts/SelfDestructTest.sol\n  > Compiling @openzeppelin/contracts/access/Ownable.sol\n  > Compiling @openzeppelin/contracts/token/ERC20/ERC20.sol\n  > Compiling @openzeppelin/contracts/token/ERC20/IERC20.sol\n  > Compiling @openzeppelin/contracts/token/ERC20/extensions/IERC20Metadata.sol\n  > Compiling @openzeppelin/contracts/utils/Context.sol\n  > Compilation warnings encountered:\n  \n      Warning: SPDX license identifier not provided in source file. Before publishing, consider adding a comment containing \"SPDX-License-Identifier: <SPDX-License>\" to each source file. Use \"SPDX-License-Identifier: UNLICENSED\" for non-open-source code. Please see https://spdx.org for more information.\n  --> project:/contracts/SelfDestructTest.sol\n  \n  ,Warning: This contract has a payable fallback function, but no receive ether function. Consider adding a receive ether function.\n   --> project:/contracts/SelfDestructTest.sol:5:1:\n    |\n  5 | contract SelfDestructTest is Ownable{\n    | ^ (Relevant source part starts here and spans across multiple lines).\n  Note: The payable fallback function is defined here.\n    --> project:/contracts/SelfDestructTest.sol:20:5:\n     |\n  20 |     fallback() external payable {}\n     |     ^^^^^^^^^^^^^^^^^^^^^^^^^^^^^^\n  \n  ,Warning: Function state mutability can be restricted to pure\n    --> project:/contracts/SelfDestructTest.sol:12:5:\n     |\n  12 |     function staticData() public view returns(string memory) {\n     |     ^ (Relevant source part starts here and spans across multiple lines).\n  \n  \n  > Artifacts written to /home/runner/work/neon-compatibility/neon-compatibility/issues/364/build/contracts\n  > Compiled successfully using:\n     - solc: 0.8.4+commit.c7e474f2.Emscripten.clang\n  \n  \n  \n  Starting migrations...\n  ======================\n  > Network name:    'neonlabs'\n  > Network id:      111\n  > Block gas limit: 6721975 (0x6691b7)\n  \n  \n  3_selfDestructTest.js\n  =====================\n  \n     Deploying 'SelfDestructTest'\n     ----------------------------\n  \n  Error:  *** Deployment Failed ***\n  \n  \"SelfDestructTest\" -- Transaction simulation failed: Error processing Instruction 0: custom program error: 0x4\n  {\n    \"accounts\": null,\n    \"err\": {\n      \"InstructionError\": [\n        0,\n        {\n          \"Custom\": 4\n        }\n      ]\n    },\n    \"logs\": [\n      \"Program 53DfF883gyixYNXnM7s5xhdeyV8mVk9T4i2hGV9vG9io invoke [1]\",\n      \"Program log: program/src/storage_account.rs:76\",\n      \"Program 53DfF883gyixYNXnM7s5xhdeyV8mVk9T4i2hGV9vG9io consumed 4627 of 500000 compute units\",\n      \"Program 53DfF883gyixYNXnM7s5xhdeyV8mVk9T4i2hGV9vG9io failed: custom program error: 0x4\"\n    ]\n  }.\n  \n      at /home/runner/work/neon-compatibility/neon-compatibility/node_modules/truffle/build/webpack:/packages/deployer/src/deployment.js:365:1\n      at processTicksAndRejections (node:internal/process/task_queues:96:5)\n      at module.exports (/home/runner/work/neon-compatibility/neon-compatibility/issues/364/migrations/3_selfDestructTest.js:6:5)\n      at Migration._deploy (/home/runner/work/neon-compatibility/neon-compatibility/node_modules/truffle/build/webpack:/packages/migrate/Migration.js:75:1)\n      at Migration._load (/home/runner/work/neon-compatibility/neon-compatibility/node_modules/truffle/build/webpack:/packages/migrate/Migration.js:56:1)\n      at Migration.run (/home/runner/work/neon-compatibility/neon-compatibility/node_modules/truffle/build/webpack:/packages/migrate/Migration.js:217:1)\n      at Object.runMigrations (/home/runner/work/neon-compatibility/neon-compatibility/node_modules/truffle/build/webpack:/packages/migrate/index.js:150:1)\n      at Object.runFrom (/home/runner/work/neon-compatibility/neon-compatibility/node_modules/truffle/build/webpack:/packages/migrate/index.js:110:1)\n      at runMigrations (/home/runner/work/neon-compatibility/neon-compatibility/node_modules/truffle/build/webpack:/packages/core/lib/commands/migrate.js:253:1)\n      at Object.run (/home/runner/work/neon-compatibility/neon-compatibility/node_modules/truffle/build/webpack:/packages/core/lib/commands/migrate.js:223:1)\n      at Command.run (/home/runner/work/neon-compatibility/neon-compatibility/node_modules/truffle/build/webpack:/packages/core/lib/command.js:183:1)\n  Truffle v5.4.14 (core: 5.4.14)\n  Node v16.13.1\n  \nassert 1 == 0\n +  where 1 = CompletedProcess(args='cd issues/364; ../../node_modules/.bin/truffle --network neonlabs migrate -f 3 --to 3', returnc...uffle/build/webpack:/packages/core/lib/command.js:183:1)\\nTruffle v5.4.14 (core: 5.4.14)\\nNode v16.13.1\\n', stderr=b'').returncode",
        "time" : {
          "start" : 1640534605944,
          "stop" : 1640534628912,
          "duration" : 22968
        }
      }, {
        "uid" : "ca318174358918c4",
        "reportUrl" : "https://neonlabsorg.github.io/neon-compatibility/350//#testresult/ca318174358918c4",
        "status" : "failed",
        "statusDetails" : "AssertionError: \n  Compiling your contracts...\n  ===========================\n  > Compiling ./contracts/ERC20Test.sol\n  > Compiling ./contracts/Migrations.sol\n  > Compiling ./contracts/SelfDestructTest.sol\n  > Compiling @openzeppelin/contracts/access/Ownable.sol\n  > Compiling @openzeppelin/contracts/token/ERC20/ERC20.sol\n  > Compiling @openzeppelin/contracts/token/ERC20/IERC20.sol\n  > Compiling @openzeppelin/contracts/token/ERC20/extensions/IERC20Metadata.sol\n  > Compiling @openzeppelin/contracts/utils/Context.sol\n  > Compilation warnings encountered:\n  \n      Warning: SPDX license identifier not provided in source file. Before publishing, consider adding a comment containing \"SPDX-License-Identifier: <SPDX-License>\" to each source file. Use \"SPDX-License-Identifier: UNLICENSED\" for non-open-source code. Please see https://spdx.org for more information.\n  --> project:/contracts/SelfDestructTest.sol\n  \n  ,Warning: This contract has a payable fallback function, but no receive ether function. Consider adding a receive ether function.\n   --> project:/contracts/SelfDestructTest.sol:5:1:\n    |\n  5 | contract SelfDestructTest is Ownable{\n    | ^ (Relevant source part starts here and spans across multiple lines).\n  Note: The payable fallback function is defined here.\n    --> project:/contracts/SelfDestructTest.sol:20:5:\n     |\n  20 |     fallback() external payable {}\n     |     ^^^^^^^^^^^^^^^^^^^^^^^^^^^^^^\n  \n  ,Warning: Function state mutability can be restricted to pure\n    --> project:/contracts/SelfDestructTest.sol:12:5:\n     |\n  12 |     function staticData() public view returns(string memory) {\n     |     ^ (Relevant source part starts here and spans across multiple lines).\n  \n  \n  > Artifacts written to /home/runner/work/neon-compatibility/neon-compatibility/issues/364/build/contracts\n  > Compiled successfully using:\n     - solc: 0.8.4+commit.c7e474f2.Emscripten.clang\n  \n  \n  \n  Starting migrations...\n  ======================\n  > Network name:    'neonlabs'\n  > Network id:      111\n  > Block gas limit: 6721975 (0x6691b7)\n  \n  \n  3_selfDestructTest.js\n  =====================\n  \n     Deploying 'SelfDestructTest'\n     ----------------------------\n  \n  Error:  *** Deployment Failed ***\n  \n  \"SelfDestructTest\" -- Transaction simulation failed: Error processing Instruction 0: custom program error: 0x4\n  {\n    \"accounts\": null,\n    \"err\": {\n      \"InstructionError\": [\n        0,\n        {\n          \"Custom\": 4\n        }\n      ]\n    },\n    \"logs\": [\n      \"Program 53DfF883gyixYNXnM7s5xhdeyV8mVk9T4i2hGV9vG9io invoke [1]\",\n      \"Program log: program/src/storage_account.rs:76\",\n      \"Program 53DfF883gyixYNXnM7s5xhdeyV8mVk9T4i2hGV9vG9io consumed 4627 of 500000 compute units\",\n      \"Program 53DfF883gyixYNXnM7s5xhdeyV8mVk9T4i2hGV9vG9io failed: custom program error: 0x4\"\n    ]\n  }.\n  \n      at /home/runner/work/neon-compatibility/neon-compatibility/node_modules/truffle/build/webpack:/packages/deployer/src/deployment.js:365:1\n      at processTicksAndRejections (node:internal/process/task_queues:96:5)\n      at module.exports (/home/runner/work/neon-compatibility/neon-compatibility/issues/364/migrations/3_selfDestructTest.js:6:5)\n      at Migration._deploy (/home/runner/work/neon-compatibility/neon-compatibility/node_modules/truffle/build/webpack:/packages/migrate/Migration.js:75:1)\n      at Migration._load (/home/runner/work/neon-compatibility/neon-compatibility/node_modules/truffle/build/webpack:/packages/migrate/Migration.js:56:1)\n      at Migration.run (/home/runner/work/neon-compatibility/neon-compatibility/node_modules/truffle/build/webpack:/packages/migrate/Migration.js:217:1)\n      at Object.runMigrations (/home/runner/work/neon-compatibility/neon-compatibility/node_modules/truffle/build/webpack:/packages/migrate/index.js:150:1)\n      at Object.runFrom (/home/runner/work/neon-compatibility/neon-compatibility/node_modules/truffle/build/webpack:/packages/migrate/index.js:110:1)\n      at runMigrations (/home/runner/work/neon-compatibility/neon-compatibility/node_modules/truffle/build/webpack:/packages/core/lib/commands/migrate.js:253:1)\n      at Object.run (/home/runner/work/neon-compatibility/neon-compatibility/node_modules/truffle/build/webpack:/packages/core/lib/commands/migrate.js:223:1)\n      at Command.run (/home/runner/work/neon-compatibility/neon-compatibility/node_modules/truffle/build/webpack:/packages/core/lib/command.js:183:1)\n  Truffle v5.4.14 (core: 5.4.14)\n  Node v16.13.1\n  \nassert 1 == 0\n +  where 1 = CompletedProcess(args='cd issues/364; ../../node_modules/.bin/truffle --network neonlabs migrate -f 3 --to 3', returnc...uffle/build/webpack:/packages/core/lib/command.js:183:1)\\nTruffle v5.4.14 (core: 5.4.14)\\nNode v16.13.1\\n', stderr=b'').returncode",
        "time" : {
          "start" : 1640488740942,
          "stop" : 1640488761718,
          "duration" : 20776
        }
      }, {
        "uid" : "45f7223708c08849",
        "reportUrl" : "https://neonlabsorg.github.io/neon-compatibility/349//#testresult/45f7223708c08849",
        "status" : "failed",
        "statusDetails" : "AssertionError: \n  Compiling your contracts...\n  ===========================\n  > Compiling ./contracts/ERC20Test.sol\n  > Compiling ./contracts/Migrations.sol\n  > Compiling ./contracts/SelfDestructTest.sol\n  > Compiling @openzeppelin/contracts/access/Ownable.sol\n  > Compiling @openzeppelin/contracts/token/ERC20/ERC20.sol\n  > Compiling @openzeppelin/contracts/token/ERC20/IERC20.sol\n  > Compiling @openzeppelin/contracts/token/ERC20/extensions/IERC20Metadata.sol\n  > Compiling @openzeppelin/contracts/utils/Context.sol\n  > Compilation warnings encountered:\n  \n      Warning: SPDX license identifier not provided in source file. Before publishing, consider adding a comment containing \"SPDX-License-Identifier: <SPDX-License>\" to each source file. Use \"SPDX-License-Identifier: UNLICENSED\" for non-open-source code. Please see https://spdx.org for more information.\n  --> project:/contracts/SelfDestructTest.sol\n  \n  ,Warning: This contract has a payable fallback function, but no receive ether function. Consider adding a receive ether function.\n   --> project:/contracts/SelfDestructTest.sol:5:1:\n    |\n  5 | contract SelfDestructTest is Ownable{\n    | ^ (Relevant source part starts here and spans across multiple lines).\n  Note: The payable fallback function is defined here.\n    --> project:/contracts/SelfDestructTest.sol:20:5:\n     |\n  20 |     fallback() external payable {}\n     |     ^^^^^^^^^^^^^^^^^^^^^^^^^^^^^^\n  \n  ,Warning: Function state mutability can be restricted to pure\n    --> project:/contracts/SelfDestructTest.sol:12:5:\n     |\n  12 |     function staticData() public view returns(string memory) {\n     |     ^ (Relevant source part starts here and spans across multiple lines).\n  \n  \n  > Artifacts written to /home/runner/work/neon-compatibility/neon-compatibility/issues/364/build/contracts\n  > Compiled successfully using:\n     - solc: 0.8.4+commit.c7e474f2.Emscripten.clang\n  \n  \n  \n  Starting migrations...\n  ======================\n  > Network name:    'neonlabs'\n  > Network id:      111\n  > Block gas limit: 6721975 (0x6691b7)\n  \n  \n  3_selfDestructTest.js\n  =====================\n  \n     Deploying 'SelfDestructTest'\n     ----------------------------\n  \n  Error:  *** Deployment Failed ***\n  \n  \"SelfDestructTest\" -- Transaction simulation failed: Error processing Instruction 0: custom program error: 0x4\n  {\n    \"accounts\": null,\n    \"err\": {\n      \"InstructionError\": [\n        0,\n        {\n          \"Custom\": 4\n        }\n      ]\n    },\n    \"logs\": [\n      \"Program 53DfF883gyixYNXnM7s5xhdeyV8mVk9T4i2hGV9vG9io invoke [1]\",\n      \"Program log: program/src/storage_account.rs:76\",\n      \"Program 53DfF883gyixYNXnM7s5xhdeyV8mVk9T4i2hGV9vG9io consumed 4627 of 500000 compute units\",\n      \"Program 53DfF883gyixYNXnM7s5xhdeyV8mVk9T4i2hGV9vG9io failed: custom program error: 0x4\"\n    ]\n  }.\n  \n      at /home/runner/work/neon-compatibility/neon-compatibility/node_modules/truffle/build/webpack:/packages/deployer/src/deployment.js:365:1\n      at processTicksAndRejections (node:internal/process/task_queues:96:5)\n      at module.exports (/home/runner/work/neon-compatibility/neon-compatibility/issues/364/migrations/3_selfDestructTest.js:6:5)\n      at Migration._deploy (/home/runner/work/neon-compatibility/neon-compatibility/node_modules/truffle/build/webpack:/packages/migrate/Migration.js:75:1)\n      at Migration._load (/home/runner/work/neon-compatibility/neon-compatibility/node_modules/truffle/build/webpack:/packages/migrate/Migration.js:56:1)\n      at Migration.run (/home/runner/work/neon-compatibility/neon-compatibility/node_modules/truffle/build/webpack:/packages/migrate/Migration.js:217:1)\n      at Object.runMigrations (/home/runner/work/neon-compatibility/neon-compatibility/node_modules/truffle/build/webpack:/packages/migrate/index.js:150:1)\n      at Object.runFrom (/home/runner/work/neon-compatibility/neon-compatibility/node_modules/truffle/build/webpack:/packages/migrate/index.js:110:1)\n      at runMigrations (/home/runner/work/neon-compatibility/neon-compatibility/node_modules/truffle/build/webpack:/packages/core/lib/commands/migrate.js:253:1)\n      at Object.run (/home/runner/work/neon-compatibility/neon-compatibility/node_modules/truffle/build/webpack:/packages/core/lib/commands/migrate.js:223:1)\n      at Command.run (/home/runner/work/neon-compatibility/neon-compatibility/node_modules/truffle/build/webpack:/packages/core/lib/command.js:183:1)\n  Truffle v5.4.14 (core: 5.4.14)\n  Node v16.13.1\n  \nassert 1 == 0\n +  where 1 = CompletedProcess(args='cd issues/364; ../../node_modules/.bin/truffle --network neonlabs migrate -f 3 --to 3', returnc...uffle/build/webpack:/packages/core/lib/command.js:183:1)\\nTruffle v5.4.14 (core: 5.4.14)\\nNode v16.13.1\\n', stderr=b'').returncode",
        "time" : {
          "start" : 1640479125989,
          "stop" : 1640479144327,
          "duration" : 18338
        }
      }, {
        "uid" : "e04397983e5ad99d",
        "reportUrl" : "https://neonlabsorg.github.io/neon-compatibility/345//#testresult/e04397983e5ad99d",
        "status" : "failed",
        "statusDetails" : "AssertionError: \n  Compiling your contracts...\n  ===========================\n  > Compiling ./contracts/ERC20Test.sol\n  > Compiling ./contracts/Migrations.sol\n  > Compiling ./contracts/SelfDestructTest.sol\n  > Compiling @openzeppelin/contracts/access/Ownable.sol\n  > Compiling @openzeppelin/contracts/token/ERC20/ERC20.sol\n  > Compiling @openzeppelin/contracts/token/ERC20/IERC20.sol\n  > Compiling @openzeppelin/contracts/token/ERC20/extensions/IERC20Metadata.sol\n  > Compiling @openzeppelin/contracts/utils/Context.sol\n  > Compilation warnings encountered:\n  \n      Warning: SPDX license identifier not provided in source file. Before publishing, consider adding a comment containing \"SPDX-License-Identifier: <SPDX-License>\" to each source file. Use \"SPDX-License-Identifier: UNLICENSED\" for non-open-source code. Please see https://spdx.org for more information.\n  --> project:/contracts/SelfDestructTest.sol\n  \n  ,Warning: This contract has a payable fallback function, but no receive ether function. Consider adding a receive ether function.\n   --> project:/contracts/SelfDestructTest.sol:5:1:\n    |\n  5 | contract SelfDestructTest is Ownable{\n    | ^ (Relevant source part starts here and spans across multiple lines).\n  Note: The payable fallback function is defined here.\n    --> project:/contracts/SelfDestructTest.sol:20:5:\n     |\n  20 |     fallback() external payable {}\n     |     ^^^^^^^^^^^^^^^^^^^^^^^^^^^^^^\n  \n  ,Warning: Function state mutability can be restricted to pure\n    --> project:/contracts/SelfDestructTest.sol:12:5:\n     |\n  12 |     function staticData() public view returns(string memory) {\n     |     ^ (Relevant source part starts here and spans across multiple lines).\n  \n  \n  > Artifacts written to /home/runner/work/neon-compatibility/neon-compatibility/issues/364/build/contracts\n  > Compiled successfully using:\n     - solc: 0.8.4+commit.c7e474f2.Emscripten.clang\n  \n  \n  \n  Starting migrations...\n  ======================\n  > Network name:    'neonlabs'\n  > Network id:      111\n  > Block gas limit: 6721975 (0x6691b7)\n  \n  \n  3_selfDestructTest.js\n  =====================\n  \n     Deploying 'SelfDestructTest'\n     ----------------------------\n  \n  Error:  *** Deployment Failed ***\n  \n  \"SelfDestructTest\" -- Transaction simulation failed: Error processing Instruction 0: custom program error: 0x4\n  {\n    \"accounts\": null,\n    \"err\": {\n      \"InstructionError\": [\n        0,\n        {\n          \"Custom\": 4\n        }\n      ]\n    },\n    \"logs\": [\n      \"Program 53DfF883gyixYNXnM7s5xhdeyV8mVk9T4i2hGV9vG9io invoke [1]\",\n      \"Program log: program/src/storage_account.rs:76\",\n      \"Program 53DfF883gyixYNXnM7s5xhdeyV8mVk9T4i2hGV9vG9io consumed 4627 of 500000 compute units\",\n      \"Program 53DfF883gyixYNXnM7s5xhdeyV8mVk9T4i2hGV9vG9io failed: custom program error: 0x4\"\n    ]\n  }.\n  \n      at /home/runner/work/neon-compatibility/neon-compatibility/node_modules/truffle/build/webpack:/packages/deployer/src/deployment.js:365:1\n      at processTicksAndRejections (node:internal/process/task_queues:96:5)\n      at module.exports (/home/runner/work/neon-compatibility/neon-compatibility/issues/364/migrations/3_selfDestructTest.js:6:5)\n      at Migration._deploy (/home/runner/work/neon-compatibility/neon-compatibility/node_modules/truffle/build/webpack:/packages/migrate/Migration.js:75:1)\n      at Migration._load (/home/runner/work/neon-compatibility/neon-compatibility/node_modules/truffle/build/webpack:/packages/migrate/Migration.js:56:1)\n      at Migration.run (/home/runner/work/neon-compatibility/neon-compatibility/node_modules/truffle/build/webpack:/packages/migrate/Migration.js:217:1)\n      at Object.runMigrations (/home/runner/work/neon-compatibility/neon-compatibility/node_modules/truffle/build/webpack:/packages/migrate/index.js:150:1)\n      at Object.runFrom (/home/runner/work/neon-compatibility/neon-compatibility/node_modules/truffle/build/webpack:/packages/migrate/index.js:110:1)\n      at runMigrations (/home/runner/work/neon-compatibility/neon-compatibility/node_modules/truffle/build/webpack:/packages/core/lib/commands/migrate.js:253:1)\n      at Object.run (/home/runner/work/neon-compatibility/neon-compatibility/node_modules/truffle/build/webpack:/packages/core/lib/commands/migrate.js:223:1)\n      at Command.run (/home/runner/work/neon-compatibility/neon-compatibility/node_modules/truffle/build/webpack:/packages/core/lib/command.js:183:1)\n  Truffle v5.4.14 (core: 5.4.14)\n  Node v16.13.1\n  \nassert 1 == 0\n +  where 1 = CompletedProcess(args='cd issues/364; ../../node_modules/.bin/truffle --network neonlabs migrate -f 3 --to 3', returnc...uffle/build/webpack:/packages/core/lib/command.js:183:1)\\nTruffle v5.4.14 (core: 5.4.14)\\nNode v16.13.1\\n', stderr=b'').returncode",
        "time" : {
          "start" : 1640445155605,
          "stop" : 1640445174778,
          "duration" : 19173
        }
      }, {
        "uid" : "2a218a052ed1d034",
        "reportUrl" : "https://neonlabsorg.github.io/neon-compatibility/343//#testresult/2a218a052ed1d034",
        "status" : "failed",
        "statusDetails" : "AssertionError: \n  Compiling your contracts...\n  ===========================\n  > Compiling ./contracts/ERC20Test.sol\n  > Compiling ./contracts/Migrations.sol\n  > Compiling ./contracts/SelfDestructTest.sol\n  > Compiling @openzeppelin/contracts/access/Ownable.sol\n  > Compiling @openzeppelin/contracts/token/ERC20/ERC20.sol\n  > Compiling @openzeppelin/contracts/token/ERC20/IERC20.sol\n  > Compiling @openzeppelin/contracts/token/ERC20/extensions/IERC20Metadata.sol\n  > Compiling @openzeppelin/contracts/utils/Context.sol\n  > Compilation warnings encountered:\n  \n      Warning: SPDX license identifier not provided in source file. Before publishing, consider adding a comment containing \"SPDX-License-Identifier: <SPDX-License>\" to each source file. Use \"SPDX-License-Identifier: UNLICENSED\" for non-open-source code. Please see https://spdx.org for more information.\n  --> project:/contracts/SelfDestructTest.sol\n  \n  ,Warning: This contract has a payable fallback function, but no receive ether function. Consider adding a receive ether function.\n   --> project:/contracts/SelfDestructTest.sol:5:1:\n    |\n  5 | contract SelfDestructTest is Ownable{\n    | ^ (Relevant source part starts here and spans across multiple lines).\n  Note: The payable fallback function is defined here.\n    --> project:/contracts/SelfDestructTest.sol:20:5:\n     |\n  20 |     fallback() external payable {}\n     |     ^^^^^^^^^^^^^^^^^^^^^^^^^^^^^^\n  \n  ,Warning: Function state mutability can be restricted to pure\n    --> project:/contracts/SelfDestructTest.sol:12:5:\n     |\n  12 |     function staticData() public view returns(string memory) {\n     |     ^ (Relevant source part starts here and spans across multiple lines).\n  \n  \n  > Artifacts written to /home/runner/work/neon-compatibility/neon-compatibility/issues/364/build/contracts\n  > Compiled successfully using:\n     - solc: 0.8.4+commit.c7e474f2.Emscripten.clang\n  \n  \n  \n  Starting migrations...\n  ======================\n  > Network name:    'neonlabs'\n  > Network id:      111\n  > Block gas limit: 6721975 (0x6691b7)\n  \n  \n  3_selfDestructTest.js\n  =====================\n  \n     Deploying 'SelfDestructTest'\n     ----------------------------\n  \n  Error:  *** Deployment Failed ***\n  \n  \"SelfDestructTest\" -- Transaction simulation failed: Error processing Instruction 0: custom program error: 0x4\n  {\n    \"accounts\": null,\n    \"err\": {\n      \"InstructionError\": [\n        0,\n        {\n          \"Custom\": 4\n        }\n      ]\n    },\n    \"logs\": [\n      \"Program 53DfF883gyixYNXnM7s5xhdeyV8mVk9T4i2hGV9vG9io invoke [1]\",\n      \"Program log: program/src/storage_account.rs:76\",\n      \"Program 53DfF883gyixYNXnM7s5xhdeyV8mVk9T4i2hGV9vG9io consumed 4627 of 500000 compute units\",\n      \"Program 53DfF883gyixYNXnM7s5xhdeyV8mVk9T4i2hGV9vG9io failed: custom program error: 0x4\"\n    ]\n  }.\n  \n      at /home/runner/work/neon-compatibility/neon-compatibility/node_modules/truffle/build/webpack:/packages/deployer/src/deployment.js:365:1\n      at processTicksAndRejections (node:internal/process/task_queues:96:5)\n      at module.exports (/home/runner/work/neon-compatibility/neon-compatibility/issues/364/migrations/3_selfDestructTest.js:6:5)\n      at Migration._deploy (/home/runner/work/neon-compatibility/neon-compatibility/node_modules/truffle/build/webpack:/packages/migrate/Migration.js:75:1)\n      at Migration._load (/home/runner/work/neon-compatibility/neon-compatibility/node_modules/truffle/build/webpack:/packages/migrate/Migration.js:56:1)\n      at Migration.run (/home/runner/work/neon-compatibility/neon-compatibility/node_modules/truffle/build/webpack:/packages/migrate/Migration.js:217:1)\n      at Object.runMigrations (/home/runner/work/neon-compatibility/neon-compatibility/node_modules/truffle/build/webpack:/packages/migrate/index.js:150:1)\n      at Object.runFrom (/home/runner/work/neon-compatibility/neon-compatibility/node_modules/truffle/build/webpack:/packages/migrate/index.js:110:1)\n      at runMigrations (/home/runner/work/neon-compatibility/neon-compatibility/node_modules/truffle/build/webpack:/packages/core/lib/commands/migrate.js:253:1)\n      at Object.run (/home/runner/work/neon-compatibility/neon-compatibility/node_modules/truffle/build/webpack:/packages/core/lib/commands/migrate.js:223:1)\n      at Command.run (/home/runner/work/neon-compatibility/neon-compatibility/node_modules/truffle/build/webpack:/packages/core/lib/command.js:183:1)\n  Truffle v5.4.14 (core: 5.4.14)\n  Node v16.13.1\n  \nassert 1 == 0\n +  where 1 = CompletedProcess(args='cd issues/364; ../../node_modules/.bin/truffle --network neonlabs migrate -f 3 --to 3', returnc...uffle/build/webpack:/packages/core/lib/command.js:183:1)\\nTruffle v5.4.14 (core: 5.4.14)\\nNode v16.13.1\\n', stderr=b'').returncode",
        "time" : {
          "start" : 1640402326388,
          "stop" : 1640402346051,
          "duration" : 19663
        }
      }, {
        "uid" : "22e2833fadf7a56e",
        "reportUrl" : "https://neonlabsorg.github.io/neon-compatibility/342//#testresult/22e2833fadf7a56e",
        "status" : "failed",
        "statusDetails" : "AssertionError: \n  Compiling your contracts...\n  ===========================\n  > Compiling ./contracts/ERC20Test.sol\n  > Compiling ./contracts/Migrations.sol\n  > Compiling ./contracts/SelfDestructTest.sol\n  > Compiling @openzeppelin/contracts/access/Ownable.sol\n  > Compiling @openzeppelin/contracts/token/ERC20/ERC20.sol\n  > Compiling @openzeppelin/contracts/token/ERC20/IERC20.sol\n  > Compiling @openzeppelin/contracts/token/ERC20/extensions/IERC20Metadata.sol\n  > Compiling @openzeppelin/contracts/utils/Context.sol\n  > Compilation warnings encountered:\n  \n      Warning: SPDX license identifier not provided in source file. Before publishing, consider adding a comment containing \"SPDX-License-Identifier: <SPDX-License>\" to each source file. Use \"SPDX-License-Identifier: UNLICENSED\" for non-open-source code. Please see https://spdx.org for more information.\n  --> project:/contracts/SelfDestructTest.sol\n  \n  ,Warning: This contract has a payable fallback function, but no receive ether function. Consider adding a receive ether function.\n   --> project:/contracts/SelfDestructTest.sol:5:1:\n    |\n  5 | contract SelfDestructTest is Ownable{\n    | ^ (Relevant source part starts here and spans across multiple lines).\n  Note: The payable fallback function is defined here.\n    --> project:/contracts/SelfDestructTest.sol:20:5:\n     |\n  20 |     fallback() external payable {}\n     |     ^^^^^^^^^^^^^^^^^^^^^^^^^^^^^^\n  \n  ,Warning: Function state mutability can be restricted to pure\n    --> project:/contracts/SelfDestructTest.sol:12:5:\n     |\n  12 |     function staticData() public view returns(string memory) {\n     |     ^ (Relevant source part starts here and spans across multiple lines).\n  \n  \n  > Artifacts written to /home/runner/work/neon-compatibility/neon-compatibility/issues/364/build/contracts\n  > Compiled successfully using:\n     - solc: 0.8.4+commit.c7e474f2.Emscripten.clang\n  \n  \n  \n  Starting migrations...\n  ======================\n  > Network name:    'neonlabs'\n  > Network id:      111\n  > Block gas limit: 6721975 (0x6691b7)\n  \n  \n  3_selfDestructTest.js\n  =====================\n  \n     Deploying 'SelfDestructTest'\n     ----------------------------\n  \n  Error:  *** Deployment Failed ***\n  \n  \"SelfDestructTest\" -- Transaction simulation failed: Error processing Instruction 0: custom program error: 0x4\n  {\n    \"accounts\": null,\n    \"err\": {\n      \"InstructionError\": [\n        0,\n        {\n          \"Custom\": 4\n        }\n      ]\n    },\n    \"logs\": [\n      \"Program 53DfF883gyixYNXnM7s5xhdeyV8mVk9T4i2hGV9vG9io invoke [1]\",\n      \"Program log: program/src/storage_account.rs:76\",\n      \"Program 53DfF883gyixYNXnM7s5xhdeyV8mVk9T4i2hGV9vG9io consumed 4627 of 500000 compute units\",\n      \"Program 53DfF883gyixYNXnM7s5xhdeyV8mVk9T4i2hGV9vG9io failed: custom program error: 0x4\"\n    ]\n  }.\n  \n      at /home/runner/work/neon-compatibility/neon-compatibility/node_modules/truffle/build/webpack:/packages/deployer/src/deployment.js:365:1\n      at processTicksAndRejections (node:internal/process/task_queues:96:5)\n      at module.exports (/home/runner/work/neon-compatibility/neon-compatibility/issues/364/migrations/3_selfDestructTest.js:6:5)\n      at Migration._deploy (/home/runner/work/neon-compatibility/neon-compatibility/node_modules/truffle/build/webpack:/packages/migrate/Migration.js:75:1)\n      at Migration._load (/home/runner/work/neon-compatibility/neon-compatibility/node_modules/truffle/build/webpack:/packages/migrate/Migration.js:56:1)\n      at Migration.run (/home/runner/work/neon-compatibility/neon-compatibility/node_modules/truffle/build/webpack:/packages/migrate/Migration.js:217:1)\n      at Object.runMigrations (/home/runner/work/neon-compatibility/neon-compatibility/node_modules/truffle/build/webpack:/packages/migrate/index.js:150:1)\n      at Object.runFrom (/home/runner/work/neon-compatibility/neon-compatibility/node_modules/truffle/build/webpack:/packages/migrate/index.js:110:1)\n      at runMigrations (/home/runner/work/neon-compatibility/neon-compatibility/node_modules/truffle/build/webpack:/packages/core/lib/commands/migrate.js:253:1)\n      at Object.run (/home/runner/work/neon-compatibility/neon-compatibility/node_modules/truffle/build/webpack:/packages/core/lib/commands/migrate.js:223:1)\n      at Command.run (/home/runner/work/neon-compatibility/neon-compatibility/node_modules/truffle/build/webpack:/packages/core/lib/command.js:183:1)\n  Truffle v5.4.14 (core: 5.4.14)\n  Node v16.13.1\n  \nassert 1 == 0\n +  where 1 = CompletedProcess(args='cd issues/364; ../../node_modules/.bin/truffle --network neonlabs migrate -f 3 --to 3', returnc...uffle/build/webpack:/packages/core/lib/command.js:183:1)\\nTruffle v5.4.14 (core: 5.4.14)\\nNode v16.13.1\\n', stderr=b'').returncode",
        "time" : {
          "start" : 1640392711494,
          "stop" : 1640392735138,
          "duration" : 23644
        }
      }, {
        "uid" : "983fc8e8533aa3f5",
        "reportUrl" : "https://neonlabsorg.github.io/neon-compatibility/340//#testresult/983fc8e8533aa3f5",
        "status" : "failed",
        "statusDetails" : "AssertionError: \n  Compiling your contracts...\n  ===========================\n  > Compiling ./contracts/ERC20Test.sol\n  > Compiling ./contracts/Migrations.sol\n  > Compiling ./contracts/SelfDestructTest.sol\n  > Compiling @openzeppelin/contracts/access/Ownable.sol\n  > Compiling @openzeppelin/contracts/token/ERC20/ERC20.sol\n  > Compiling @openzeppelin/contracts/token/ERC20/IERC20.sol\n  > Compiling @openzeppelin/contracts/token/ERC20/extensions/IERC20Metadata.sol\n  > Compiling @openzeppelin/contracts/utils/Context.sol\n  > Compilation warnings encountered:\n  \n      Warning: SPDX license identifier not provided in source file. Before publishing, consider adding a comment containing \"SPDX-License-Identifier: <SPDX-License>\" to each source file. Use \"SPDX-License-Identifier: UNLICENSED\" for non-open-source code. Please see https://spdx.org for more information.\n  --> project:/contracts/SelfDestructTest.sol\n  \n  ,Warning: This contract has a payable fallback function, but no receive ether function. Consider adding a receive ether function.\n   --> project:/contracts/SelfDestructTest.sol:5:1:\n    |\n  5 | contract SelfDestructTest is Ownable{\n    | ^ (Relevant source part starts here and spans across multiple lines).\n  Note: The payable fallback function is defined here.\n    --> project:/contracts/SelfDestructTest.sol:20:5:\n     |\n  20 |     fallback() external payable {}\n     |     ^^^^^^^^^^^^^^^^^^^^^^^^^^^^^^\n  \n  ,Warning: Function state mutability can be restricted to pure\n    --> project:/contracts/SelfDestructTest.sol:12:5:\n     |\n  12 |     function staticData() public view returns(string memory) {\n     |     ^ (Relevant source part starts here and spans across multiple lines).\n  \n  \n  > Artifacts written to /home/runner/work/neon-compatibility/neon-compatibility/issues/364/build/contracts\n  > Compiled successfully using:\n     - solc: 0.8.4+commit.c7e474f2.Emscripten.clang\n  \n  \n  \n  Starting migrations...\n  ======================\n  > Network name:    'neonlabs'\n  > Network id:      111\n  > Block gas limit: 6721975 (0x6691b7)\n  \n  \n  3_selfDestructTest.js\n  =====================\n  \n     Deploying 'SelfDestructTest'\n     ----------------------------\n  \n  Error:  *** Deployment Failed ***\n  \n  \"SelfDestructTest\" -- Transaction simulation failed: Error processing Instruction 0: custom program error: 0x4\n  {\n    \"accounts\": null,\n    \"err\": {\n      \"InstructionError\": [\n        0,\n        {\n          \"Custom\": 4\n        }\n      ]\n    },\n    \"logs\": [\n      \"Program 53DfF883gyixYNXnM7s5xhdeyV8mVk9T4i2hGV9vG9io invoke [1]\",\n      \"Program log: program/src/storage_account.rs:76\",\n      \"Program 53DfF883gyixYNXnM7s5xhdeyV8mVk9T4i2hGV9vG9io consumed 4627 of 500000 compute units\",\n      \"Program 53DfF883gyixYNXnM7s5xhdeyV8mVk9T4i2hGV9vG9io failed: custom program error: 0x4\"\n    ]\n  }.\n  \n      at /home/runner/work/neon-compatibility/neon-compatibility/node_modules/truffle/build/webpack:/packages/deployer/src/deployment.js:365:1\n      at processTicksAndRejections (node:internal/process/task_queues:96:5)\n      at module.exports (/home/runner/work/neon-compatibility/neon-compatibility/issues/364/migrations/3_selfDestructTest.js:6:5)\n      at Migration._deploy (/home/runner/work/neon-compatibility/neon-compatibility/node_modules/truffle/build/webpack:/packages/migrate/Migration.js:75:1)\n      at Migration._load (/home/runner/work/neon-compatibility/neon-compatibility/node_modules/truffle/build/webpack:/packages/migrate/Migration.js:56:1)\n      at Migration.run (/home/runner/work/neon-compatibility/neon-compatibility/node_modules/truffle/build/webpack:/packages/migrate/Migration.js:217:1)\n      at Object.runMigrations (/home/runner/work/neon-compatibility/neon-compatibility/node_modules/truffle/build/webpack:/packages/migrate/index.js:150:1)\n      at Object.runFrom (/home/runner/work/neon-compatibility/neon-compatibility/node_modules/truffle/build/webpack:/packages/migrate/index.js:110:1)\n      at runMigrations (/home/runner/work/neon-compatibility/neon-compatibility/node_modules/truffle/build/webpack:/packages/core/lib/commands/migrate.js:253:1)\n      at Object.run (/home/runner/work/neon-compatibility/neon-compatibility/node_modules/truffle/build/webpack:/packages/core/lib/commands/migrate.js:223:1)\n      at Command.run (/home/runner/work/neon-compatibility/neon-compatibility/node_modules/truffle/build/webpack:/packages/core/lib/command.js:183:1)\n  Truffle v5.4.14 (core: 5.4.14)\n  Node v16.13.1\n  \nassert 1 == 0\n +  where 1 = CompletedProcess(args='cd issues/364; ../../node_modules/.bin/truffle --network neonlabs migrate -f 3 --to 3', returnc...uffle/build/webpack:/packages/core/lib/command.js:183:1)\\nTruffle v5.4.14 (core: 5.4.14)\\nNode v16.13.1\\n', stderr=b'').returncode",
        "time" : {
          "start" : 1640360672341,
          "stop" : 1640360690584,
          "duration" : 18243
        }
      }, {
        "uid" : "41de9cb08005c485",
        "reportUrl" : "https://neonlabsorg.github.io/neon-compatibility/339//#testresult/41de9cb08005c485",
        "status" : "failed",
        "statusDetails" : "AssertionError: \n  Compiling your contracts...\n  ===========================\n  > Compiling ./contracts/ERC20Test.sol\n  > Compiling ./contracts/Migrations.sol\n  > Compiling ./contracts/SelfDestructTest.sol\n  > Compiling @openzeppelin/contracts/access/Ownable.sol\n  > Compiling @openzeppelin/contracts/token/ERC20/ERC20.sol\n  > Compiling @openzeppelin/contracts/token/ERC20/IERC20.sol\n  > Compiling @openzeppelin/contracts/token/ERC20/extensions/IERC20Metadata.sol\n  > Compiling @openzeppelin/contracts/utils/Context.sol\n  > Compilation warnings encountered:\n  \n      Warning: SPDX license identifier not provided in source file. Before publishing, consider adding a comment containing \"SPDX-License-Identifier: <SPDX-License>\" to each source file. Use \"SPDX-License-Identifier: UNLICENSED\" for non-open-source code. Please see https://spdx.org for more information.\n  --> project:/contracts/SelfDestructTest.sol\n  \n  ,Warning: This contract has a payable fallback function, but no receive ether function. Consider adding a receive ether function.\n   --> project:/contracts/SelfDestructTest.sol:5:1:\n    |\n  5 | contract SelfDestructTest is Ownable{\n    | ^ (Relevant source part starts here and spans across multiple lines).\n  Note: The payable fallback function is defined here.\n    --> project:/contracts/SelfDestructTest.sol:20:5:\n     |\n  20 |     fallback() external payable {}\n     |     ^^^^^^^^^^^^^^^^^^^^^^^^^^^^^^\n  \n  ,Warning: Function state mutability can be restricted to pure\n    --> project:/contracts/SelfDestructTest.sol:12:5:\n     |\n  12 |     function staticData() public view returns(string memory) {\n     |     ^ (Relevant source part starts here and spans across multiple lines).\n  \n  \n  > Artifacts written to /home/runner/work/neon-compatibility/neon-compatibility/issues/364/build/contracts\n  > Compiled successfully using:\n     - solc: 0.8.4+commit.c7e474f2.Emscripten.clang\n  \n  \n  \n  Starting migrations...\n  ======================\n  > Network name:    'neonlabs'\n  > Network id:      111\n  > Block gas limit: 6721975 (0x6691b7)\n  \n  \n  3_selfDestructTest.js\n  =====================\n  \n     Deploying 'SelfDestructTest'\n     ----------------------------\n  \n  Error:  *** Deployment Failed ***\n  \n  \"SelfDestructTest\" -- Transaction simulation failed: Error processing Instruction 0: custom program error: 0x4\n  {\n    \"accounts\": null,\n    \"err\": {\n      \"InstructionError\": [\n        0,\n        {\n          \"Custom\": 4\n        }\n      ]\n    },\n    \"logs\": [\n      \"Program 53DfF883gyixYNXnM7s5xhdeyV8mVk9T4i2hGV9vG9io invoke [1]\",\n      \"Program log: program/src/storage_account.rs:76\",\n      \"Program 53DfF883gyixYNXnM7s5xhdeyV8mVk9T4i2hGV9vG9io consumed 4627 of 500000 compute units\",\n      \"Program 53DfF883gyixYNXnM7s5xhdeyV8mVk9T4i2hGV9vG9io failed: custom program error: 0x4\"\n    ]\n  }.\n  \n      at /home/runner/work/neon-compatibility/neon-compatibility/node_modules/truffle/build/webpack:/packages/deployer/src/deployment.js:365:1\n      at processTicksAndRejections (node:internal/process/task_queues:96:5)\n      at module.exports (/home/runner/work/neon-compatibility/neon-compatibility/issues/364/migrations/3_selfDestructTest.js:6:5)\n      at Migration._deploy (/home/runner/work/neon-compatibility/neon-compatibility/node_modules/truffle/build/webpack:/packages/migrate/Migration.js:75:1)\n      at Migration._load (/home/runner/work/neon-compatibility/neon-compatibility/node_modules/truffle/build/webpack:/packages/migrate/Migration.js:56:1)\n      at Migration.run (/home/runner/work/neon-compatibility/neon-compatibility/node_modules/truffle/build/webpack:/packages/migrate/Migration.js:217:1)\n      at Object.runMigrations (/home/runner/work/neon-compatibility/neon-compatibility/node_modules/truffle/build/webpack:/packages/migrate/index.js:150:1)\n      at Object.runFrom (/home/runner/work/neon-compatibility/neon-compatibility/node_modules/truffle/build/webpack:/packages/migrate/index.js:110:1)\n      at runMigrations (/home/runner/work/neon-compatibility/neon-compatibility/node_modules/truffle/build/webpack:/packages/core/lib/commands/migrate.js:253:1)\n      at Object.run (/home/runner/work/neon-compatibility/neon-compatibility/node_modules/truffle/build/webpack:/packages/core/lib/commands/migrate.js:223:1)\n      at Command.run (/home/runner/work/neon-compatibility/neon-compatibility/node_modules/truffle/build/webpack:/packages/core/lib/command.js:183:1)\n  Truffle v5.4.14 (core: 5.4.14)\n  Node v16.13.1\n  \nassert 1 == 0\n +  where 1 = CompletedProcess(args='cd issues/364; ../../node_modules/.bin/truffle --network neonlabs migrate -f 3 --to 3', returnc...uffle/build/webpack:/packages/core/lib/command.js:183:1)\\nTruffle v5.4.14 (core: 5.4.14)\\nNode v16.13.1\\n', stderr=b'').returncode",
        "time" : {
          "start" : 1640360501978,
          "stop" : 1640360519013,
          "duration" : 17035
        }
      }, {
        "uid" : "aaa1ce439fc4b2bb",
        "reportUrl" : "https://neonlabsorg.github.io/neon-compatibility/338//#testresult/aaa1ce439fc4b2bb",
        "status" : "failed",
        "statusDetails" : "AssertionError: \n  Compiling your contracts...\n  ===========================\n  > Compiling ./contracts/ERC20Test.sol\n  > Compiling ./contracts/Migrations.sol\n  > Compiling ./contracts/SelfDestructTest.sol\n  > Compiling @openzeppelin/contracts/access/Ownable.sol\n  > Compiling @openzeppelin/contracts/token/ERC20/ERC20.sol\n  > Compiling @openzeppelin/contracts/token/ERC20/IERC20.sol\n  > Compiling @openzeppelin/contracts/token/ERC20/extensions/IERC20Metadata.sol\n  > Compiling @openzeppelin/contracts/utils/Context.sol\n  > Compilation warnings encountered:\n  \n      Warning: SPDX license identifier not provided in source file. Before publishing, consider adding a comment containing \"SPDX-License-Identifier: <SPDX-License>\" to each source file. Use \"SPDX-License-Identifier: UNLICENSED\" for non-open-source code. Please see https://spdx.org for more information.\n  --> project:/contracts/SelfDestructTest.sol\n  \n  ,Warning: This contract has a payable fallback function, but no receive ether function. Consider adding a receive ether function.\n   --> project:/contracts/SelfDestructTest.sol:5:1:\n    |\n  5 | contract SelfDestructTest is Ownable{\n    | ^ (Relevant source part starts here and spans across multiple lines).\n  Note: The payable fallback function is defined here.\n    --> project:/contracts/SelfDestructTest.sol:20:5:\n     |\n  20 |     fallback() external payable {}\n     |     ^^^^^^^^^^^^^^^^^^^^^^^^^^^^^^\n  \n  ,Warning: Function state mutability can be restricted to pure\n    --> project:/contracts/SelfDestructTest.sol:12:5:\n     |\n  12 |     function staticData() public view returns(string memory) {\n     |     ^ (Relevant source part starts here and spans across multiple lines).\n  \n  \n  > Artifacts written to /home/runner/work/neon-compatibility/neon-compatibility/issues/364/build/contracts\n  > Compiled successfully using:\n     - solc: 0.8.4+commit.c7e474f2.Emscripten.clang\n  \n  \n  \n  Starting migrations...\n  ======================\n  > Network name:    'neonlabs'\n  > Network id:      111\n  > Block gas limit: 6721975 (0x6691b7)\n  \n  \n  3_selfDestructTest.js\n  =====================\n  \n     Deploying 'SelfDestructTest'\n     ----------------------------\n  \n  Error:  *** Deployment Failed ***\n  \n  \"SelfDestructTest\" -- Transaction simulation failed: Error processing Instruction 0: custom program error: 0x4\n  {\n    \"accounts\": null,\n    \"err\": {\n      \"InstructionError\": [\n        0,\n        {\n          \"Custom\": 4\n        }\n      ]\n    },\n    \"logs\": [\n      \"Program 53DfF883gyixYNXnM7s5xhdeyV8mVk9T4i2hGV9vG9io invoke [1]\",\n      \"Program log: program/src/storage_account.rs:76\",\n      \"Program 53DfF883gyixYNXnM7s5xhdeyV8mVk9T4i2hGV9vG9io consumed 4627 of 500000 compute units\",\n      \"Program 53DfF883gyixYNXnM7s5xhdeyV8mVk9T4i2hGV9vG9io failed: custom program error: 0x4\"\n    ]\n  }.\n  \n      at /home/runner/work/neon-compatibility/neon-compatibility/node_modules/truffle/build/webpack:/packages/deployer/src/deployment.js:365:1\n      at processTicksAndRejections (node:internal/process/task_queues:96:5)\n      at module.exports (/home/runner/work/neon-compatibility/neon-compatibility/issues/364/migrations/3_selfDestructTest.js:6:5)\n      at Migration._deploy (/home/runner/work/neon-compatibility/neon-compatibility/node_modules/truffle/build/webpack:/packages/migrate/Migration.js:75:1)\n      at Migration._load (/home/runner/work/neon-compatibility/neon-compatibility/node_modules/truffle/build/webpack:/packages/migrate/Migration.js:56:1)\n      at Migration.run (/home/runner/work/neon-compatibility/neon-compatibility/node_modules/truffle/build/webpack:/packages/migrate/Migration.js:217:1)\n      at Object.runMigrations (/home/runner/work/neon-compatibility/neon-compatibility/node_modules/truffle/build/webpack:/packages/migrate/index.js:150:1)\n      at Object.runFrom (/home/runner/work/neon-compatibility/neon-compatibility/node_modules/truffle/build/webpack:/packages/migrate/index.js:110:1)\n      at runMigrations (/home/runner/work/neon-compatibility/neon-compatibility/node_modules/truffle/build/webpack:/packages/core/lib/commands/migrate.js:253:1)\n      at Object.run (/home/runner/work/neon-compatibility/neon-compatibility/node_modules/truffle/build/webpack:/packages/core/lib/commands/migrate.js:223:1)\n      at Command.run (/home/runner/work/neon-compatibility/neon-compatibility/node_modules/truffle/build/webpack:/packages/core/lib/command.js:183:1)\n  Truffle v5.4.14 (core: 5.4.14)\n  Node v16.13.1\n  \nassert 1 == 0\n +  where 1 = CompletedProcess(args='cd issues/364; ../../node_modules/.bin/truffle --network neonlabs migrate -f 3 --to 3', returnc...uffle/build/webpack:/packages/core/lib/command.js:183:1)\\nTruffle v5.4.14 (core: 5.4.14)\\nNode v16.13.1\\n', stderr=b'').returncode",
        "time" : {
          "start" : 1640359061092,
          "stop" : 1640359077917,
          "duration" : 16825
        }
      }, {
        "uid" : "107d580f3ff45ee8",
        "reportUrl" : "https://neonlabsorg.github.io/neon-compatibility/337//#testresult/107d580f3ff45ee8",
        "status" : "failed",
        "statusDetails" : "AssertionError: \n  Compiling your contracts...\n  ===========================\n  > Compiling ./contracts/ERC20Test.sol\n  > Compiling ./contracts/Migrations.sol\n  > Compiling ./contracts/SelfDestructTest.sol\n  > Compiling @openzeppelin/contracts/access/Ownable.sol\n  > Compiling @openzeppelin/contracts/token/ERC20/ERC20.sol\n  > Compiling @openzeppelin/contracts/token/ERC20/IERC20.sol\n  > Compiling @openzeppelin/contracts/token/ERC20/extensions/IERC20Metadata.sol\n  > Compiling @openzeppelin/contracts/utils/Context.sol\n  > Compilation warnings encountered:\n  \n      Warning: SPDX license identifier not provided in source file. Before publishing, consider adding a comment containing \"SPDX-License-Identifier: <SPDX-License>\" to each source file. Use \"SPDX-License-Identifier: UNLICENSED\" for non-open-source code. Please see https://spdx.org for more information.\n  --> project:/contracts/SelfDestructTest.sol\n  \n  ,Warning: This contract has a payable fallback function, but no receive ether function. Consider adding a receive ether function.\n   --> project:/contracts/SelfDestructTest.sol:5:1:\n    |\n  5 | contract SelfDestructTest is Ownable{\n    | ^ (Relevant source part starts here and spans across multiple lines).\n  Note: The payable fallback function is defined here.\n    --> project:/contracts/SelfDestructTest.sol:20:5:\n     |\n  20 |     fallback() external payable {}\n     |     ^^^^^^^^^^^^^^^^^^^^^^^^^^^^^^\n  \n  ,Warning: Function state mutability can be restricted to pure\n    --> project:/contracts/SelfDestructTest.sol:12:5:\n     |\n  12 |     function staticData() public view returns(string memory) {\n     |     ^ (Relevant source part starts here and spans across multiple lines).\n  \n  \n  > Artifacts written to /home/runner/work/neon-compatibility/neon-compatibility/issues/364/build/contracts\n  > Compiled successfully using:\n     - solc: 0.8.4+commit.c7e474f2.Emscripten.clang\n  \n  \n  \n  Starting migrations...\n  ======================\n  > Network name:    'neonlabs'\n  > Network id:      111\n  > Block gas limit: 6721975 (0x6691b7)\n  \n  \n  3_selfDestructTest.js\n  =====================\n  \n     Deploying 'SelfDestructTest'\n     ----------------------------\n  \n  Error:  *** Deployment Failed ***\n  \n  \"SelfDestructTest\" -- Transaction simulation failed: Error processing Instruction 0: custom program error: 0x4\n  {\n    \"accounts\": null,\n    \"err\": {\n      \"InstructionError\": [\n        0,\n        {\n          \"Custom\": 4\n        }\n      ]\n    },\n    \"logs\": [\n      \"Program 53DfF883gyixYNXnM7s5xhdeyV8mVk9T4i2hGV9vG9io invoke [1]\",\n      \"Program log: program/src/storage_account.rs:76\",\n      \"Program 53DfF883gyixYNXnM7s5xhdeyV8mVk9T4i2hGV9vG9io consumed 4627 of 500000 compute units\",\n      \"Program 53DfF883gyixYNXnM7s5xhdeyV8mVk9T4i2hGV9vG9io failed: custom program error: 0x4\"\n    ]\n  }.\n  \n      at /home/runner/work/neon-compatibility/neon-compatibility/node_modules/truffle/build/webpack:/packages/deployer/src/deployment.js:365:1\n      at processTicksAndRejections (node:internal/process/task_queues:96:5)\n      at module.exports (/home/runner/work/neon-compatibility/neon-compatibility/issues/364/migrations/3_selfDestructTest.js:6:5)\n      at Migration._deploy (/home/runner/work/neon-compatibility/neon-compatibility/node_modules/truffle/build/webpack:/packages/migrate/Migration.js:75:1)\n      at Migration._load (/home/runner/work/neon-compatibility/neon-compatibility/node_modules/truffle/build/webpack:/packages/migrate/Migration.js:56:1)\n      at Migration.run (/home/runner/work/neon-compatibility/neon-compatibility/node_modules/truffle/build/webpack:/packages/migrate/Migration.js:217:1)\n      at Object.runMigrations (/home/runner/work/neon-compatibility/neon-compatibility/node_modules/truffle/build/webpack:/packages/migrate/index.js:150:1)\n      at Object.runFrom (/home/runner/work/neon-compatibility/neon-compatibility/node_modules/truffle/build/webpack:/packages/migrate/index.js:110:1)\n      at runMigrations (/home/runner/work/neon-compatibility/neon-compatibility/node_modules/truffle/build/webpack:/packages/core/lib/commands/migrate.js:253:1)\n      at Object.run (/home/runner/work/neon-compatibility/neon-compatibility/node_modules/truffle/build/webpack:/packages/core/lib/commands/migrate.js:223:1)\n      at Command.run (/home/runner/work/neon-compatibility/neon-compatibility/node_modules/truffle/build/webpack:/packages/core/lib/command.js:183:1)\n  Truffle v5.4.14 (core: 5.4.14)\n  Node v16.13.1\n  \nassert 1 == 0\n +  where 1 = CompletedProcess(args='cd issues/364; ../../node_modules/.bin/truffle --network neonlabs migrate -f 3 --to 3', returnc...uffle/build/webpack:/packages/core/lib/command.js:183:1)\\nTruffle v5.4.14 (core: 5.4.14)\\nNode v16.13.1\\n', stderr=b'').returncode",
        "time" : {
          "start" : 1640356046624,
          "stop" : 1640356066920,
          "duration" : 20296
        }
      }, {
        "uid" : "c689fc23edd4e44",
        "reportUrl" : "https://neonlabsorg.github.io/neon-compatibility/336//#testresult/c689fc23edd4e44",
        "status" : "failed",
        "statusDetails" : "AssertionError: \n  Compiling your contracts...\n  ===========================\n  > Compiling ./contracts/ERC20Test.sol\n  > Compiling ./contracts/Migrations.sol\n  > Compiling ./contracts/SelfDestructTest.sol\n  > Compiling @openzeppelin/contracts/access/Ownable.sol\n  > Compiling @openzeppelin/contracts/token/ERC20/ERC20.sol\n  > Compiling @openzeppelin/contracts/token/ERC20/IERC20.sol\n  > Compiling @openzeppelin/contracts/token/ERC20/extensions/IERC20Metadata.sol\n  > Compiling @openzeppelin/contracts/utils/Context.sol\n  > Compilation warnings encountered:\n  \n      Warning: SPDX license identifier not provided in source file. Before publishing, consider adding a comment containing \"SPDX-License-Identifier: <SPDX-License>\" to each source file. Use \"SPDX-License-Identifier: UNLICENSED\" for non-open-source code. Please see https://spdx.org for more information.\n  --> project:/contracts/SelfDestructTest.sol\n  \n  ,Warning: This contract has a payable fallback function, but no receive ether function. Consider adding a receive ether function.\n   --> project:/contracts/SelfDestructTest.sol:5:1:\n    |\n  5 | contract SelfDestructTest is Ownable{\n    | ^ (Relevant source part starts here and spans across multiple lines).\n  Note: The payable fallback function is defined here.\n    --> project:/contracts/SelfDestructTest.sol:20:5:\n     |\n  20 |     fallback() external payable {}\n     |     ^^^^^^^^^^^^^^^^^^^^^^^^^^^^^^\n  \n  ,Warning: Function state mutability can be restricted to pure\n    --> project:/contracts/SelfDestructTest.sol:12:5:\n     |\n  12 |     function staticData() public view returns(string memory) {\n     |     ^ (Relevant source part starts here and spans across multiple lines).\n  \n  \n  > Artifacts written to /home/runner/work/neon-compatibility/neon-compatibility/issues/364/build/contracts\n  > Compiled successfully using:\n     - solc: 0.8.4+commit.c7e474f2.Emscripten.clang\n  \n  \n  \n  Starting migrations...\n  ======================\n  > Network name:    'neonlabs'\n  > Network id:      111\n  > Block gas limit: 6721975 (0x6691b7)\n  \n  \n  3_selfDestructTest.js\n  =====================\n  \n     Deploying 'SelfDestructTest'\n     ----------------------------\n  \n  Error:  *** Deployment Failed ***\n  \n  \"SelfDestructTest\" -- Transaction simulation failed: Error processing Instruction 0: custom program error: 0x4\n  {\n    \"accounts\": null,\n    \"err\": {\n      \"InstructionError\": [\n        0,\n        {\n          \"Custom\": 4\n        }\n      ]\n    },\n    \"logs\": [\n      \"Program 53DfF883gyixYNXnM7s5xhdeyV8mVk9T4i2hGV9vG9io invoke [1]\",\n      \"Program log: program/src/storage_account.rs:76\",\n      \"Program 53DfF883gyixYNXnM7s5xhdeyV8mVk9T4i2hGV9vG9io consumed 4627 of 500000 compute units\",\n      \"Program 53DfF883gyixYNXnM7s5xhdeyV8mVk9T4i2hGV9vG9io failed: custom program error: 0x4\"\n    ]\n  }.\n  \n      at /home/runner/work/neon-compatibility/neon-compatibility/node_modules/truffle/build/webpack:/packages/deployer/src/deployment.js:365:1\n      at processTicksAndRejections (node:internal/process/task_queues:96:5)\n      at module.exports (/home/runner/work/neon-compatibility/neon-compatibility/issues/364/migrations/3_selfDestructTest.js:6:5)\n      at Migration._deploy (/home/runner/work/neon-compatibility/neon-compatibility/node_modules/truffle/build/webpack:/packages/migrate/Migration.js:75:1)\n      at Migration._load (/home/runner/work/neon-compatibility/neon-compatibility/node_modules/truffle/build/webpack:/packages/migrate/Migration.js:56:1)\n      at Migration.run (/home/runner/work/neon-compatibility/neon-compatibility/node_modules/truffle/build/webpack:/packages/migrate/Migration.js:217:1)\n      at Object.runMigrations (/home/runner/work/neon-compatibility/neon-compatibility/node_modules/truffle/build/webpack:/packages/migrate/index.js:150:1)\n      at Object.runFrom (/home/runner/work/neon-compatibility/neon-compatibility/node_modules/truffle/build/webpack:/packages/migrate/index.js:110:1)\n      at runMigrations (/home/runner/work/neon-compatibility/neon-compatibility/node_modules/truffle/build/webpack:/packages/core/lib/commands/migrate.js:253:1)\n      at Object.run (/home/runner/work/neon-compatibility/neon-compatibility/node_modules/truffle/build/webpack:/packages/core/lib/commands/migrate.js:223:1)\n      at Command.run (/home/runner/work/neon-compatibility/neon-compatibility/node_modules/truffle/build/webpack:/packages/core/lib/command.js:183:1)\n  Truffle v5.4.14 (core: 5.4.14)\n  Node v16.13.1\n  \nassert 1 == 0\n +  where 1 = CompletedProcess(args='cd issues/364; ../../node_modules/.bin/truffle --network neonlabs migrate -f 3 --to 3', returnc...uffle/build/webpack:/packages/core/lib/command.js:183:1)\\nTruffle v5.4.14 (core: 5.4.14)\\nNode v16.13.1\\n', stderr=b'').returncode",
        "time" : {
          "start" : 1640350318045,
          "stop" : 1640350348737,
          "duration" : 30692
        }
      }, {
        "uid" : "674964bfbad8c4de",
        "reportUrl" : "https://neonlabsorg.github.io/neon-compatibility/332//#testresult/674964bfbad8c4de",
        "status" : "failed",
        "statusDetails" : "AssertionError: \n  Compiling your contracts...\n  ===========================\n  > Compiling ./contracts/ERC20Test.sol\n  > Compiling ./contracts/Migrations.sol\n  > Compiling ./contracts/SelfDestructTest.sol\n  > Compiling @openzeppelin/contracts/access/Ownable.sol\n  > Compiling @openzeppelin/contracts/token/ERC20/ERC20.sol\n  > Compiling @openzeppelin/contracts/token/ERC20/IERC20.sol\n  > Compiling @openzeppelin/contracts/token/ERC20/extensions/IERC20Metadata.sol\n  > Compiling @openzeppelin/contracts/utils/Context.sol\n  > Compilation warnings encountered:\n  \n      Warning: SPDX license identifier not provided in source file. Before publishing, consider adding a comment containing \"SPDX-License-Identifier: <SPDX-License>\" to each source file. Use \"SPDX-License-Identifier: UNLICENSED\" for non-open-source code. Please see https://spdx.org for more information.\n  --> project:/contracts/SelfDestructTest.sol\n  \n  ,Warning: This contract has a payable fallback function, but no receive ether function. Consider adding a receive ether function.\n   --> project:/contracts/SelfDestructTest.sol:5:1:\n    |\n  5 | contract SelfDestructTest is Ownable{\n    | ^ (Relevant source part starts here and spans across multiple lines).\n  Note: The payable fallback function is defined here.\n    --> project:/contracts/SelfDestructTest.sol:20:5:\n     |\n  20 |     fallback() external payable {}\n     |     ^^^^^^^^^^^^^^^^^^^^^^^^^^^^^^\n  \n  ,Warning: Function state mutability can be restricted to pure\n    --> project:/contracts/SelfDestructTest.sol:12:5:\n     |\n  12 |     function staticData() public view returns(string memory) {\n     |     ^ (Relevant source part starts here and spans across multiple lines).\n  \n  \n  > Artifacts written to /home/runner/work/neon-compatibility/neon-compatibility/issues/364/build/contracts\n  > Compiled successfully using:\n     - solc: 0.8.4+commit.c7e474f2.Emscripten.clang\n  \n  \n  \n  Starting migrations...\n  ======================\n  > Network name:    'neonlabs'\n  > Network id:      111\n  > Block gas limit: 6721975 (0x6691b7)\n  \n  \n  3_selfDestructTest.js\n  =====================\n  \n     Deploying 'SelfDestructTest'\n     ----------------------------\n  \n  Error:  *** Deployment Failed ***\n  \n  \"SelfDestructTest\" -- Transaction simulation failed: Error processing Instruction 0: custom program error: 0x4\n  {\n    \"accounts\": null,\n    \"err\": {\n      \"InstructionError\": [\n        0,\n        {\n          \"Custom\": 4\n        }\n      ]\n    },\n    \"logs\": [\n      \"Program 53DfF883gyixYNXnM7s5xhdeyV8mVk9T4i2hGV9vG9io invoke [1]\",\n      \"Program log: program/src/storage_account.rs:76\",\n      \"Program 53DfF883gyixYNXnM7s5xhdeyV8mVk9T4i2hGV9vG9io consumed 4627 of 500000 compute units\",\n      \"Program 53DfF883gyixYNXnM7s5xhdeyV8mVk9T4i2hGV9vG9io failed: custom program error: 0x4\"\n    ]\n  }.\n  \n      at /home/runner/work/neon-compatibility/neon-compatibility/node_modules/truffle/build/webpack:/packages/deployer/src/deployment.js:365:1\n      at processTicksAndRejections (node:internal/process/task_queues:96:5)\n      at module.exports (/home/runner/work/neon-compatibility/neon-compatibility/issues/364/migrations/3_selfDestructTest.js:6:5)\n      at Migration._deploy (/home/runner/work/neon-compatibility/neon-compatibility/node_modules/truffle/build/webpack:/packages/migrate/Migration.js:75:1)\n      at Migration._load (/home/runner/work/neon-compatibility/neon-compatibility/node_modules/truffle/build/webpack:/packages/migrate/Migration.js:56:1)\n      at Migration.run (/home/runner/work/neon-compatibility/neon-compatibility/node_modules/truffle/build/webpack:/packages/migrate/Migration.js:217:1)\n      at Object.runMigrations (/home/runner/work/neon-compatibility/neon-compatibility/node_modules/truffle/build/webpack:/packages/migrate/index.js:150:1)\n      at Object.runFrom (/home/runner/work/neon-compatibility/neon-compatibility/node_modules/truffle/build/webpack:/packages/migrate/index.js:110:1)\n      at runMigrations (/home/runner/work/neon-compatibility/neon-compatibility/node_modules/truffle/build/webpack:/packages/core/lib/commands/migrate.js:253:1)\n      at Object.run (/home/runner/work/neon-compatibility/neon-compatibility/node_modules/truffle/build/webpack:/packages/core/lib/commands/migrate.js:223:1)\n      at Command.run (/home/runner/work/neon-compatibility/neon-compatibility/node_modules/truffle/build/webpack:/packages/core/lib/command.js:183:1)\n  Truffle v5.4.14 (core: 5.4.14)\n  Node v16.13.1\n  \nassert 1 == 0\n +  where 1 = CompletedProcess(args='cd issues/364; ../../node_modules/.bin/truffle --network neonlabs migrate -f 3 --to 3', returnc...uffle/build/webpack:/packages/core/lib/command.js:183:1)\\nTruffle v5.4.14 (core: 5.4.14)\\nNode v16.13.1\\n', stderr=b'').returncode",
        "time" : {
          "start" : 1640321690246,
          "stop" : 1640321718457,
          "duration" : 28211
        }
      } ]
    },
    "tags" : [ ]
  },
  "source" : "7d60627f05a45062.json",
  "parameterValues" : [ ]
}