{
  "uid" : "1edd9054809cce71",
  "name" : "test_truffle_contract",
  "fullName" : "tests.truffle.test_truffle#test_truffle_contract",
  "historyId" : "bcaa3d9a9d9d227a00ce4ede08727965",
  "time" : {
    "start" : 1640116280301,
    "stop" : 1640116348054,
    "duration" : 67753
  },
  "status" : "failed",
  "statusMessage" : "AssertionError: /home/runner/work/neon-compatibility/neon-compatibility/Metacoin\n  Using network 'neonlabs'.\n  \n  \n  Compiling your contracts...\n  ===========================\n  > Compiling ./contracts/ConvertLib.sol\n  > Compiling ./contracts/MetaCoin.sol\n  > Compiling ./contracts/Migrations.sol\n  > Compiling ./test/TestMetaCoin.sol\n  > Compilation warnings encountered:\n  \n      Warning: SPDX license identifier not provided in source file. Before publishing, consider adding a comment containing \"SPDX-License-Identifier: <SPDX-License>\" to each source file. Use \"SPDX-License-Identifier: UNLICENSED\" for non-open-source code. Please see https://spdx.org for more information.\n  --> project:/test/TestMetaCoin.sol\n  \n  ,Warning: Visibility for constructor is ignored. If you want the contract to be non-deployable, making it \"abstract\" is sufficient.\n    --> project:/contracts/MetaCoin.sol:16:2:\n     |\n  16 | \tconstructor() public {\n     | \t^ (Relevant source part starts here and spans across multiple lines).\n  \n  ,Warning: Visibility for constructor is ignored. If you want the contract to be non-deployable, making it \"abstract\" is sufficient.\n    --> project:/contracts/Migrations.sol:12:3:\n     |\n  12 |   constructor() public {\n     |   ^ (Relevant source part starts here and spans across multiple lines).\n  \n  \n  > Artifacts written to /tmp/test--3866-82zf5Su1ULbl\n  > Compiled successfully using:\n     - solc: 0.8.4+commit.c7e474f2.Emscripten.clang\n  \n  Error: ETIMEDOUT\n  {\n    \"originalError\": {\n      \"code\": \"ETIMEDOUT\",\n      \"connect\": true\n    }\n  }\n      at Object._fireError (/home/runner/work/neon-compatibility/neon-compatibility/node_modules/truffle/build/webpack:/node_modules/web3-utils/lib/index.js:49:1)\n      at sendTxCallback (/home/runner/work/neon-compatibility/neon-compatibility/node_modules/truffle/build/webpack:/node_modules/web3-eth/node_modules/web3-core-method/lib/index.js:539:1)\n      at /home/runner/work/neon-compatibility/neon-compatibility/node_modules/truffle/build/webpack:/node_modules/web3/node_modules/web3-core-requestmanager/lib/index.js:299:1\n      at /home/runner/work/neon-compatibility/neon-compatibility/node_modules/@trufflesuite/web3-provider-engine/index.js:238:9\n      at /home/runner/work/neon-compatibility/neon-compatibility/node_modules/async/internal/once.js:12:16\n      at replenish (/home/runner/work/neon-compatibility/neon-compatibility/node_modules/async/internal/eachOfLimit.js:61:25)\n      at /home/runner/work/neon-compatibility/neon-compatibility/node_modules/async/internal/eachOfLimit.js:71:9\n      at eachLimit (/home/runner/work/neon-compatibility/neon-compatibility/node_modules/async/eachLimit.js:43:36)\n      at /home/runner/work/neon-compatibility/neon-compatibility/node_modules/async/internal/doLimit.js:9:16\n      at end (/home/runner/work/neon-compatibility/neon-compatibility/node_modules/@trufflesuite/web3-provider-engine/index.js:217:5)\n      at Request._callback (/home/runner/work/neon-compatibility/neon-compatibility/node_modules/@trufflesuite/web3-provider-engine/subproviders/rpc.js:36:21)\n      at self.callback (/home/runner/work/neon-compatibility/neon-compatibility/node_modules/request/request.js:185:22)\n      at Request.emit (node:events:390:28)\n      at Timeout.<anonymous> (/home/runner/work/neon-compatibility/neon-compatibility/node_modules/request/request.js:851:16)\n      at listOnTimeout (node:internal/timers:557:17)\n      at processTimers (node:internal/timers:500:7)\n  Truffle v5.4.14 (core: 5.4.14)\n  Node v16.13.1\n  /home/runner/work/neon-compatibility/neon-compatibility\n  \nassert 'Error: ETIMEDOUT' not in '/home/runne...patibility\\n'\n  'Error: ETIMEDOUT' is contained here:\n    en.clang\n    \n    Error: ETIMEDOUT\n    {\n      \"originalError\": {\n        \"code\": \"ETIMEDOUT\",\n        \"connect\": true\n      }\n    }\n        at Object._fireError (/home/runner/work/neon-compatibility/neon-compatibility/node_modules/truffle/build/webpack:/node_modules/web3-utils/lib/index.js:49:1)\n        at sendTxCallback (/home/runner/work/neon-compatibility/neon-compatibility/node_modules/truffle/build/webpack:/node_modules/web3-eth/node_modules/web3-core-method/lib/index.js:539:1)\n        at /home/runner/work/neon-compatibility/neon-compatibility/node_modules/truffle/build/webpack:/node_modules/web3/node_modules/web3-core-requestmanager/lib/index.js:299:1\n        at /home/runner/work/neon-compatibility/neon-compatibility/node_modules/@trufflesuite/web3-provider-engine/index.js:238:9\n        at /home/runner/work/neon-compatibility/neon-compatibility/node_modules/async/internal/once.js:12:16\n        at replenish (/home/runner/work/neon-compatibility/neon-compatibility/node_modules/async/internal/eachOfLimit.js:61:25)\n        at /home/runner/work/neon-compatibility/neon-compatibility/node_modules/async/internal/eachOfLimit.js:71:9\n        at eachLimit (/home/runner/work/neon-compatibility/neon-compatibility/node_modules/async/eachLimit.js:43:36)\n        at /home/runner/work/neon-compatibility/neon-compatibility/node_modules/async/internal/doLimit.js:9:16\n        at end (/home/runner/work/neon-compatibility/neon-compatibility/node_modules/@trufflesuite/web3-provider-engine/index.js:217:5)\n        at Request._callback (/home/runner/work/neon-compatibility/neon-compatibility/node_modules/@trufflesuite/web3-provider-engine/subproviders/rpc.js:36:21)\n        at self.callback (/home/runner/work/neon-compatibility/neon-compatibility/node_modules/request/request.js:185:22)\n        at Request.emit (node:events:390:28)\n        at Timeout.<anonymous> (/home/runner/work/neon-compatibility/neon-compatibility/node_modules/request/request.js:851:16)\n        at listOnTimeout (node:internal/timers:557:17)\n        at processTimers (node:internal/timers:500:7)\n    Truffle v5.4.14 (core: 5.4.14)\n    Node v16.13.1\n    /home/runner/work/neon-compatibility/neon-compatibility",
  "statusTrace" : "@allure.feature(FEATURE)\n    def test_truffle_contract():\n        # truffle neonlabs ./test/TestMetaCoin.sol\n        cmd_res = run_command_line(\n            f\"{Subfolder.CD_METACOIN} {RunCommand.TRUFFLE} --network \\\n                {NETWORK_NAME} test ./test/TestMetaCoin.sol {CD_BACK}\")\n        actual_result = cmd_res.stdout.decode() + cmd_res.stderr.decode()\n        assert cmd_res.returncode == 0, actual_result\n        assert TruffleError.ERROR_CONTRACTS_NOT_DEPLOYED not in actual_result\n        assert TruffleError.ERROR_NO_CONTRACTS_DEPLOYED not in actual_result\n>       assert TruffleError.ERROR_ETIMEOUT not in actual_result, actual_result\nE       AssertionError: /home/runner/work/neon-compatibility/neon-compatibility/Metacoin\nE         Using network 'neonlabs'.\nE         \nE         \nE         Compiling your contracts...\nE         ===========================\nE         > Compiling ./contracts/ConvertLib.sol\nE         > Compiling ./contracts/MetaCoin.sol\nE         > Compiling ./contracts/Migrations.sol\nE         > Compiling ./test/TestMetaCoin.sol\nE         > Compilation warnings encountered:\nE         \nE             Warning: SPDX license identifier not provided in source file. Before publishing, consider adding a comment containing \"SPDX-License-Identifier: <SPDX-License>\" to each source file. Use \"SPDX-License-Identifier: UNLICENSED\" for non-open-source code. Please see https://spdx.org for more information.\nE         --> project:/test/TestMetaCoin.sol\nE         \nE         ,Warning: Visibility for constructor is ignored. If you want the contract to be non-deployable, making it \"abstract\" is sufficient.\nE           --> project:/contracts/MetaCoin.sol:16:2:\nE            |\nE         16 | \tconstructor() public {\nE            | \t^ (Relevant source part starts here and spans across multiple lines).\nE         \nE         ,Warning: Visibility for constructor is ignored. If you want the contract to be non-deployable, making it \"abstract\" is sufficient.\nE           --> project:/contracts/Migrations.sol:12:3:\nE            |\nE         12 |   constructor() public {\nE            |   ^ (Relevant source part starts here and spans across multiple lines).\nE         \nE         \nE         > Artifacts written to /tmp/test--3866-82zf5Su1ULbl\nE         > Compiled successfully using:\nE            - solc: 0.8.4+commit.c7e474f2.Emscripten.clang\nE         \nE         Error: ETIMEDOUT\nE         {\nE           \"originalError\": {\nE             \"code\": \"ETIMEDOUT\",\nE             \"connect\": true\nE           }\nE         }\nE             at Object._fireError (/home/runner/work/neon-compatibility/neon-compatibility/node_modules/truffle/build/webpack:/node_modules/web3-utils/lib/index.js:49:1)\nE             at sendTxCallback (/home/runner/work/neon-compatibility/neon-compatibility/node_modules/truffle/build/webpack:/node_modules/web3-eth/node_modules/web3-core-method/lib/index.js:539:1)\nE             at /home/runner/work/neon-compatibility/neon-compatibility/node_modules/truffle/build/webpack:/node_modules/web3/node_modules/web3-core-requestmanager/lib/index.js:299:1\nE             at /home/runner/work/neon-compatibility/neon-compatibility/node_modules/@trufflesuite/web3-provider-engine/index.js:238:9\nE             at /home/runner/work/neon-compatibility/neon-compatibility/node_modules/async/internal/once.js:12:16\nE             at replenish (/home/runner/work/neon-compatibility/neon-compatibility/node_modules/async/internal/eachOfLimit.js:61:25)\nE             at /home/runner/work/neon-compatibility/neon-compatibility/node_modules/async/internal/eachOfLimit.js:71:9\nE             at eachLimit (/home/runner/work/neon-compatibility/neon-compatibility/node_modules/async/eachLimit.js:43:36)\nE             at /home/runner/work/neon-compatibility/neon-compatibility/node_modules/async/internal/doLimit.js:9:16\nE             at end (/home/runner/work/neon-compatibility/neon-compatibility/node_modules/@trufflesuite/web3-provider-engine/index.js:217:5)\nE             at Request._callback (/home/runner/work/neon-compatibility/neon-compatibility/node_modules/@trufflesuite/web3-provider-engine/subproviders/rpc.js:36:21)\nE             at self.callback (/home/runner/work/neon-compatibility/neon-compatibility/node_modules/request/request.js:185:22)\nE             at Request.emit (node:events:390:28)\nE             at Timeout.<anonymous> (/home/runner/work/neon-compatibility/neon-compatibility/node_modules/request/request.js:851:16)\nE             at listOnTimeout (node:internal/timers:557:17)\nE             at processTimers (node:internal/timers:500:7)\nE         Truffle v5.4.14 (core: 5.4.14)\nE         Node v16.13.1\nE         /home/runner/work/neon-compatibility/neon-compatibility\nE         \nE       assert 'Error: ETIMEDOUT' not in '/home/runne...patibility\\n'\nE         'Error: ETIMEDOUT' is contained here:\nE           en.clang\nE           \nE           Error: ETIMEDOUT\nE           {\nE             \"originalError\": {\nE               \"code\": \"ETIMEDOUT\",\nE               \"connect\": true\nE             }\nE           }\nE               at Object._fireError (/home/runner/work/neon-compatibility/neon-compatibility/node_modules/truffle/build/webpack:/node_modules/web3-utils/lib/index.js:49:1)\nE               at sendTxCallback (/home/runner/work/neon-compatibility/neon-compatibility/node_modules/truffle/build/webpack:/node_modules/web3-eth/node_modules/web3-core-method/lib/index.js:539:1)\nE               at /home/runner/work/neon-compatibility/neon-compatibility/node_modules/truffle/build/webpack:/node_modules/web3/node_modules/web3-core-requestmanager/lib/index.js:299:1\nE               at /home/runner/work/neon-compatibility/neon-compatibility/node_modules/@trufflesuite/web3-provider-engine/index.js:238:9\nE               at /home/runner/work/neon-compatibility/neon-compatibility/node_modules/async/internal/once.js:12:16\nE               at replenish (/home/runner/work/neon-compatibility/neon-compatibility/node_modules/async/internal/eachOfLimit.js:61:25)\nE               at /home/runner/work/neon-compatibility/neon-compatibility/node_modules/async/internal/eachOfLimit.js:71:9\nE               at eachLimit (/home/runner/work/neon-compatibility/neon-compatibility/node_modules/async/eachLimit.js:43:36)\nE               at /home/runner/work/neon-compatibility/neon-compatibility/node_modules/async/internal/doLimit.js:9:16\nE               at end (/home/runner/work/neon-compatibility/neon-compatibility/node_modules/@trufflesuite/web3-provider-engine/index.js:217:5)\nE               at Request._callback (/home/runner/work/neon-compatibility/neon-compatibility/node_modules/@trufflesuite/web3-provider-engine/subproviders/rpc.js:36:21)\nE               at self.callback (/home/runner/work/neon-compatibility/neon-compatibility/node_modules/request/request.js:185:22)\nE               at Request.emit (node:events:390:28)\nE               at Timeout.<anonymous> (/home/runner/work/neon-compatibility/neon-compatibility/node_modules/request/request.js:851:16)\nE               at listOnTimeout (node:internal/timers:557:17)\nE               at processTimers (node:internal/timers:500:7)\nE           Truffle v5.4.14 (core: 5.4.14)\nE           Node v16.13.1\nE           /home/runner/work/neon-compatibility/neon-compatibility\n\ntests/truffle/test_truffle.py:52: AssertionError",
  "flaky" : true,
  "newFailed" : false,
  "newBroken" : false,
  "newPassed" : false,
  "retriesCount" : 0,
  "retriesStatusChange" : false,
  "beforeStages" : [ {
    "name" : "prepare_truffle_config",
    "time" : {
      "start" : 1640116280288,
      "stop" : 1640116280300,
      "duration" : 12
    },
    "status" : "passed",
    "steps" : [ {
      "name" : "Preset variables",
      "time" : {
        "start" : 1640116280288,
        "stop" : 1640116280300,
        "duration" : 12
      },
      "status" : "passed",
      "steps" : [ ],
      "attachments" : [ ],
      "parameters" : [ ],
      "stepsCount" : 0,
      "attachmentsCount" : 0,
      "shouldDisplayMessage" : false,
      "hasContent" : false
    }, {
      "name" : "Clean up folder \"'/home/runner/work/neon-compatibility/neon-compatibility/Metacoin/build/contracts'\"",
      "time" : {
        "start" : 1640116280300,
        "stop" : 1640116280300,
        "duration" : 0
      },
      "status" : "passed",
      "steps" : [ ],
      "attachments" : [ ],
      "parameters" : [ {
        "name" : "folder",
        "value" : "'/home/runner/work/neon-compatibility/neon-compatibility/Metacoin/build/contracts'"
      } ],
      "stepsCount" : 0,
      "attachmentsCount" : 0,
      "shouldDisplayMessage" : false,
      "hasContent" : true
    } ],
    "attachments" : [ ],
    "parameters" : [ ],
    "stepsCount" : 2,
    "attachmentsCount" : 0,
    "shouldDisplayMessage" : false,
    "hasContent" : true
  } ],
  "testStage" : {
    "status" : "failed",
    "statusMessage" : "AssertionError: /home/runner/work/neon-compatibility/neon-compatibility/Metacoin\n  Using network 'neonlabs'.\n  \n  \n  Compiling your contracts...\n  ===========================\n  > Compiling ./contracts/ConvertLib.sol\n  > Compiling ./contracts/MetaCoin.sol\n  > Compiling ./contracts/Migrations.sol\n  > Compiling ./test/TestMetaCoin.sol\n  > Compilation warnings encountered:\n  \n      Warning: SPDX license identifier not provided in source file. Before publishing, consider adding a comment containing \"SPDX-License-Identifier: <SPDX-License>\" to each source file. Use \"SPDX-License-Identifier: UNLICENSED\" for non-open-source code. Please see https://spdx.org for more information.\n  --> project:/test/TestMetaCoin.sol\n  \n  ,Warning: Visibility for constructor is ignored. If you want the contract to be non-deployable, making it \"abstract\" is sufficient.\n    --> project:/contracts/MetaCoin.sol:16:2:\n     |\n  16 | \tconstructor() public {\n     | \t^ (Relevant source part starts here and spans across multiple lines).\n  \n  ,Warning: Visibility for constructor is ignored. If you want the contract to be non-deployable, making it \"abstract\" is sufficient.\n    --> project:/contracts/Migrations.sol:12:3:\n     |\n  12 |   constructor() public {\n     |   ^ (Relevant source part starts here and spans across multiple lines).\n  \n  \n  > Artifacts written to /tmp/test--3866-82zf5Su1ULbl\n  > Compiled successfully using:\n     - solc: 0.8.4+commit.c7e474f2.Emscripten.clang\n  \n  Error: ETIMEDOUT\n  {\n    \"originalError\": {\n      \"code\": \"ETIMEDOUT\",\n      \"connect\": true\n    }\n  }\n      at Object._fireError (/home/runner/work/neon-compatibility/neon-compatibility/node_modules/truffle/build/webpack:/node_modules/web3-utils/lib/index.js:49:1)\n      at sendTxCallback (/home/runner/work/neon-compatibility/neon-compatibility/node_modules/truffle/build/webpack:/node_modules/web3-eth/node_modules/web3-core-method/lib/index.js:539:1)\n      at /home/runner/work/neon-compatibility/neon-compatibility/node_modules/truffle/build/webpack:/node_modules/web3/node_modules/web3-core-requestmanager/lib/index.js:299:1\n      at /home/runner/work/neon-compatibility/neon-compatibility/node_modules/@trufflesuite/web3-provider-engine/index.js:238:9\n      at /home/runner/work/neon-compatibility/neon-compatibility/node_modules/async/internal/once.js:12:16\n      at replenish (/home/runner/work/neon-compatibility/neon-compatibility/node_modules/async/internal/eachOfLimit.js:61:25)\n      at /home/runner/work/neon-compatibility/neon-compatibility/node_modules/async/internal/eachOfLimit.js:71:9\n      at eachLimit (/home/runner/work/neon-compatibility/neon-compatibility/node_modules/async/eachLimit.js:43:36)\n      at /home/runner/work/neon-compatibility/neon-compatibility/node_modules/async/internal/doLimit.js:9:16\n      at end (/home/runner/work/neon-compatibility/neon-compatibility/node_modules/@trufflesuite/web3-provider-engine/index.js:217:5)\n      at Request._callback (/home/runner/work/neon-compatibility/neon-compatibility/node_modules/@trufflesuite/web3-provider-engine/subproviders/rpc.js:36:21)\n      at self.callback (/home/runner/work/neon-compatibility/neon-compatibility/node_modules/request/request.js:185:22)\n      at Request.emit (node:events:390:28)\n      at Timeout.<anonymous> (/home/runner/work/neon-compatibility/neon-compatibility/node_modules/request/request.js:851:16)\n      at listOnTimeout (node:internal/timers:557:17)\n      at processTimers (node:internal/timers:500:7)\n  Truffle v5.4.14 (core: 5.4.14)\n  Node v16.13.1\n  /home/runner/work/neon-compatibility/neon-compatibility\n  \nassert 'Error: ETIMEDOUT' not in '/home/runne...patibility\\n'\n  'Error: ETIMEDOUT' is contained here:\n    en.clang\n    \n    Error: ETIMEDOUT\n    {\n      \"originalError\": {\n        \"code\": \"ETIMEDOUT\",\n        \"connect\": true\n      }\n    }\n        at Object._fireError (/home/runner/work/neon-compatibility/neon-compatibility/node_modules/truffle/build/webpack:/node_modules/web3-utils/lib/index.js:49:1)\n        at sendTxCallback (/home/runner/work/neon-compatibility/neon-compatibility/node_modules/truffle/build/webpack:/node_modules/web3-eth/node_modules/web3-core-method/lib/index.js:539:1)\n        at /home/runner/work/neon-compatibility/neon-compatibility/node_modules/truffle/build/webpack:/node_modules/web3/node_modules/web3-core-requestmanager/lib/index.js:299:1\n        at /home/runner/work/neon-compatibility/neon-compatibility/node_modules/@trufflesuite/web3-provider-engine/index.js:238:9\n        at /home/runner/work/neon-compatibility/neon-compatibility/node_modules/async/internal/once.js:12:16\n        at replenish (/home/runner/work/neon-compatibility/neon-compatibility/node_modules/async/internal/eachOfLimit.js:61:25)\n        at /home/runner/work/neon-compatibility/neon-compatibility/node_modules/async/internal/eachOfLimit.js:71:9\n        at eachLimit (/home/runner/work/neon-compatibility/neon-compatibility/node_modules/async/eachLimit.js:43:36)\n        at /home/runner/work/neon-compatibility/neon-compatibility/node_modules/async/internal/doLimit.js:9:16\n        at end (/home/runner/work/neon-compatibility/neon-compatibility/node_modules/@trufflesuite/web3-provider-engine/index.js:217:5)\n        at Request._callback (/home/runner/work/neon-compatibility/neon-compatibility/node_modules/@trufflesuite/web3-provider-engine/subproviders/rpc.js:36:21)\n        at self.callback (/home/runner/work/neon-compatibility/neon-compatibility/node_modules/request/request.js:185:22)\n        at Request.emit (node:events:390:28)\n        at Timeout.<anonymous> (/home/runner/work/neon-compatibility/neon-compatibility/node_modules/request/request.js:851:16)\n        at listOnTimeout (node:internal/timers:557:17)\n        at processTimers (node:internal/timers:500:7)\n    Truffle v5.4.14 (core: 5.4.14)\n    Node v16.13.1\n    /home/runner/work/neon-compatibility/neon-compatibility",
    "statusTrace" : "@allure.feature(FEATURE)\n    def test_truffle_contract():\n        # truffle neonlabs ./test/TestMetaCoin.sol\n        cmd_res = run_command_line(\n            f\"{Subfolder.CD_METACOIN} {RunCommand.TRUFFLE} --network \\\n                {NETWORK_NAME} test ./test/TestMetaCoin.sol {CD_BACK}\")\n        actual_result = cmd_res.stdout.decode() + cmd_res.stderr.decode()\n        assert cmd_res.returncode == 0, actual_result\n        assert TruffleError.ERROR_CONTRACTS_NOT_DEPLOYED not in actual_result\n        assert TruffleError.ERROR_NO_CONTRACTS_DEPLOYED not in actual_result\n>       assert TruffleError.ERROR_ETIMEOUT not in actual_result, actual_result\nE       AssertionError: /home/runner/work/neon-compatibility/neon-compatibility/Metacoin\nE         Using network 'neonlabs'.\nE         \nE         \nE         Compiling your contracts...\nE         ===========================\nE         > Compiling ./contracts/ConvertLib.sol\nE         > Compiling ./contracts/MetaCoin.sol\nE         > Compiling ./contracts/Migrations.sol\nE         > Compiling ./test/TestMetaCoin.sol\nE         > Compilation warnings encountered:\nE         \nE             Warning: SPDX license identifier not provided in source file. Before publishing, consider adding a comment containing \"SPDX-License-Identifier: <SPDX-License>\" to each source file. Use \"SPDX-License-Identifier: UNLICENSED\" for non-open-source code. Please see https://spdx.org for more information.\nE         --> project:/test/TestMetaCoin.sol\nE         \nE         ,Warning: Visibility for constructor is ignored. If you want the contract to be non-deployable, making it \"abstract\" is sufficient.\nE           --> project:/contracts/MetaCoin.sol:16:2:\nE            |\nE         16 | \tconstructor() public {\nE            | \t^ (Relevant source part starts here and spans across multiple lines).\nE         \nE         ,Warning: Visibility for constructor is ignored. If you want the contract to be non-deployable, making it \"abstract\" is sufficient.\nE           --> project:/contracts/Migrations.sol:12:3:\nE            |\nE         12 |   constructor() public {\nE            |   ^ (Relevant source part starts here and spans across multiple lines).\nE         \nE         \nE         > Artifacts written to /tmp/test--3866-82zf5Su1ULbl\nE         > Compiled successfully using:\nE            - solc: 0.8.4+commit.c7e474f2.Emscripten.clang\nE         \nE         Error: ETIMEDOUT\nE         {\nE           \"originalError\": {\nE             \"code\": \"ETIMEDOUT\",\nE             \"connect\": true\nE           }\nE         }\nE             at Object._fireError (/home/runner/work/neon-compatibility/neon-compatibility/node_modules/truffle/build/webpack:/node_modules/web3-utils/lib/index.js:49:1)\nE             at sendTxCallback (/home/runner/work/neon-compatibility/neon-compatibility/node_modules/truffle/build/webpack:/node_modules/web3-eth/node_modules/web3-core-method/lib/index.js:539:1)\nE             at /home/runner/work/neon-compatibility/neon-compatibility/node_modules/truffle/build/webpack:/node_modules/web3/node_modules/web3-core-requestmanager/lib/index.js:299:1\nE             at /home/runner/work/neon-compatibility/neon-compatibility/node_modules/@trufflesuite/web3-provider-engine/index.js:238:9\nE             at /home/runner/work/neon-compatibility/neon-compatibility/node_modules/async/internal/once.js:12:16\nE             at replenish (/home/runner/work/neon-compatibility/neon-compatibility/node_modules/async/internal/eachOfLimit.js:61:25)\nE             at /home/runner/work/neon-compatibility/neon-compatibility/node_modules/async/internal/eachOfLimit.js:71:9\nE             at eachLimit (/home/runner/work/neon-compatibility/neon-compatibility/node_modules/async/eachLimit.js:43:36)\nE             at /home/runner/work/neon-compatibility/neon-compatibility/node_modules/async/internal/doLimit.js:9:16\nE             at end (/home/runner/work/neon-compatibility/neon-compatibility/node_modules/@trufflesuite/web3-provider-engine/index.js:217:5)\nE             at Request._callback (/home/runner/work/neon-compatibility/neon-compatibility/node_modules/@trufflesuite/web3-provider-engine/subproviders/rpc.js:36:21)\nE             at self.callback (/home/runner/work/neon-compatibility/neon-compatibility/node_modules/request/request.js:185:22)\nE             at Request.emit (node:events:390:28)\nE             at Timeout.<anonymous> (/home/runner/work/neon-compatibility/neon-compatibility/node_modules/request/request.js:851:16)\nE             at listOnTimeout (node:internal/timers:557:17)\nE             at processTimers (node:internal/timers:500:7)\nE         Truffle v5.4.14 (core: 5.4.14)\nE         Node v16.13.1\nE         /home/runner/work/neon-compatibility/neon-compatibility\nE         \nE       assert 'Error: ETIMEDOUT' not in '/home/runne...patibility\\n'\nE         'Error: ETIMEDOUT' is contained here:\nE           en.clang\nE           \nE           Error: ETIMEDOUT\nE           {\nE             \"originalError\": {\nE               \"code\": \"ETIMEDOUT\",\nE               \"connect\": true\nE             }\nE           }\nE               at Object._fireError (/home/runner/work/neon-compatibility/neon-compatibility/node_modules/truffle/build/webpack:/node_modules/web3-utils/lib/index.js:49:1)\nE               at sendTxCallback (/home/runner/work/neon-compatibility/neon-compatibility/node_modules/truffle/build/webpack:/node_modules/web3-eth/node_modules/web3-core-method/lib/index.js:539:1)\nE               at /home/runner/work/neon-compatibility/neon-compatibility/node_modules/truffle/build/webpack:/node_modules/web3/node_modules/web3-core-requestmanager/lib/index.js:299:1\nE               at /home/runner/work/neon-compatibility/neon-compatibility/node_modules/@trufflesuite/web3-provider-engine/index.js:238:9\nE               at /home/runner/work/neon-compatibility/neon-compatibility/node_modules/async/internal/once.js:12:16\nE               at replenish (/home/runner/work/neon-compatibility/neon-compatibility/node_modules/async/internal/eachOfLimit.js:61:25)\nE               at /home/runner/work/neon-compatibility/neon-compatibility/node_modules/async/internal/eachOfLimit.js:71:9\nE               at eachLimit (/home/runner/work/neon-compatibility/neon-compatibility/node_modules/async/eachLimit.js:43:36)\nE               at /home/runner/work/neon-compatibility/neon-compatibility/node_modules/async/internal/doLimit.js:9:16\nE               at end (/home/runner/work/neon-compatibility/neon-compatibility/node_modules/@trufflesuite/web3-provider-engine/index.js:217:5)\nE               at Request._callback (/home/runner/work/neon-compatibility/neon-compatibility/node_modules/@trufflesuite/web3-provider-engine/subproviders/rpc.js:36:21)\nE               at self.callback (/home/runner/work/neon-compatibility/neon-compatibility/node_modules/request/request.js:185:22)\nE               at Request.emit (node:events:390:28)\nE               at Timeout.<anonymous> (/home/runner/work/neon-compatibility/neon-compatibility/node_modules/request/request.js:851:16)\nE               at listOnTimeout (node:internal/timers:557:17)\nE               at processTimers (node:internal/timers:500:7)\nE           Truffle v5.4.14 (core: 5.4.14)\nE           Node v16.13.1\nE           /home/runner/work/neon-compatibility/neon-compatibility\n\ntests/truffle/test_truffle.py:52: AssertionError",
    "steps" : [ {
      "name" : "Run command: \"'cd Metacoin; pwd; ../node_modules/.bin/truffle --network             neonlabs test ./test/TestMetaCoin.sol ; cd \"/home/runner/work/neon-compatibility/neon-compatibility\"; pwd;'\"",
      "time" : {
        "start" : 1640116280301,
        "stop" : 1640116348053,
        "duration" : 67752
      },
      "status" : "passed",
      "steps" : [ ],
      "attachments" : [ ],
      "parameters" : [ {
        "name" : "command",
        "value" : "'cd Metacoin; pwd; ../node_modules/.bin/truffle --network             neonlabs test ./test/TestMetaCoin.sol ; cd \"/home/runner/work/neon-compatibility/neon-compatibility\"; pwd;'"
      } ],
      "stepsCount" : 0,
      "attachmentsCount" : 0,
      "shouldDisplayMessage" : false,
      "hasContent" : true
    } ],
    "attachments" : [ {
      "uid" : "74384590aced0d71",
      "name" : "stdout",
      "source" : "74384590aced0d71.txt",
      "type" : "text/plain",
      "size" : 3766
    } ],
    "parameters" : [ ],
    "stepsCount" : 1,
    "attachmentsCount" : 1,
    "shouldDisplayMessage" : true,
    "hasContent" : true
  },
  "afterStages" : [ {
    "name" : "prepare_truffle_config::0",
    "time" : {
      "start" : 1640116348060,
      "stop" : 1640116348060,
      "duration" : 0
    },
    "status" : "passed",
    "steps" : [ ],
    "attachments" : [ ],
    "parameters" : [ ],
    "stepsCount" : 0,
    "attachmentsCount" : 0,
    "shouldDisplayMessage" : false,
    "hasContent" : false
  } ],
  "labels" : [ {
    "name" : "feature",
    "value" : "Truffle"
  }, {
    "name" : "parentSuite",
    "value" : "tests.truffle"
  }, {
    "name" : "suite",
    "value" : "test_truffle"
  }, {
    "name" : "host",
    "value" : "fv-az77-691"
  }, {
    "name" : "thread",
    "value" : "3682-MainThread"
  }, {
    "name" : "framework",
    "value" : "pytest"
  }, {
    "name" : "language",
    "value" : "cpython3"
  }, {
    "name" : "package",
    "value" : "tests.truffle.test_truffle"
  }, {
    "name" : "resultFormat",
    "value" : "allure2"
  } ],
  "parameters" : [ ],
  "links" : [ ],
  "hidden" : false,
  "retry" : false,
  "extra" : {
    "severity" : "normal",
    "retries" : [ ],
    "categories" : [ {
      "name" : "Product defects",
      "matchedStatuses" : [ ],
      "flaky" : false
    } ],
    "history" : {
      "statistic" : {
        "failed" : 3,
        "broken" : 0,
        "skipped" : 0,
        "passed" : 2,
        "unknown" : 0,
        "total" : 5
      },
      "items" : [ {
        "uid" : "e4739396a541aa47",
        "reportUrl" : "https://neonlabsorg.github.io/neon-compatibility/teststand/281//#testresult/e4739396a541aa47",
        "status" : "failed",
        "statusDetails" : "AssertionError: /home/runner/work/neon-compatibility/neon-compatibility/Metacoin\n  Using network 'neonlabs'.\n  \n  \n  Compiling your contracts...\n  ===========================\n  > Compiling ./contracts/ConvertLib.sol\n  > Compiling ./contracts/MetaCoin.sol\n  > Compiling ./contracts/Migrations.sol\n  > Compiling ./test/TestMetaCoin.sol\n  > Compilation warnings encountered:\n  \n      Warning: SPDX license identifier not provided in source file. Before publishing, consider adding a comment containing \"SPDX-License-Identifier: <SPDX-License>\" to each source file. Use \"SPDX-License-Identifier: UNLICENSED\" for non-open-source code. Please see https://spdx.org for more information.\n  --> project:/test/TestMetaCoin.sol\n  \n  ,Warning: Visibility for constructor is ignored. If you want the contract to be non-deployable, making it \"abstract\" is sufficient.\n    --> project:/contracts/MetaCoin.sol:16:2:\n     |\n  16 | \tconstructor() public {\n     | \t^ (Relevant source part starts here and spans across multiple lines).\n  \n  ,Warning: Visibility for constructor is ignored. If you want the contract to be non-deployable, making it \"abstract\" is sufficient.\n    --> project:/contracts/Migrations.sol:12:3:\n     |\n  12 |   constructor() public {\n     |   ^ (Relevant source part starts here and spans across multiple lines).\n  \n  \n  > Artifacts written to /tmp/test--3997-yEqf7Q7bhpOc\n  > Compiled successfully using:\n     - solc: 0.8.4+commit.c7e474f2.Emscripten.clang\n  \n  /home/runner/work/neon-compatibility/neon-compatibility\n  \n  /home/runner/work/neon-compatibility/neon-compatibility/node_modules/request/request.js:848\n            var e = new Error('ETIMEDOUT')\n                    ^\n  Error: PollingBlockTracker - encountered an error while attempting to update latest block:\n  Error: ETIMEDOUT\n      at Timeout.<anonymous> (/home/runner/work/neon-compatibility/neon-compatibility/node_modules/request/request.js:848:19)\n      at listOnTimeout (node:internal/timers:557:17)\n      at processTimers (node:internal/timers:500:7)\n      at PollingBlockTracker._performSync (/home/runner/work/neon-compatibility/neon-compatibility/node_modules/eth-block-tracker/src/polling.js:51:24)\n      at runMicrotasks (<anonymous>)\n      at processTicksAndRejections (node:internal/process/task_queues:96:5)\n  \nassert 'Error: ETIMEDOUT' not in '/home/runne...eues:96:5)\\n'\n  'Error: ETIMEDOUT' is contained here:\n    st block:\n    Error: ETIMEDOUT\n        at Timeout.<anonymous> (/home/runner/work/neon-compatibility/neon-compatibility/node_modules/request/request.js:848:19)\n        at listOnTimeout (node:internal/timers:557:17)\n        at processTimers (node:internal/timers:500:7)\n        at PollingBlockTracker._performSync (/home/runner/work/neon-compatibility/neon-compatibility/node_modules/eth-block-tracker/src/polling.js:51:24)\n        at runMicrotasks (<anonymous>)\n        at processTicksAndRejections (node:internal/process/task_queues:96:5)",
        "time" : {
          "start" : 1640110482283,
          "stop" : 1640110548365,
          "duration" : 66082
        }
      }, {
        "uid" : "ca38bd9815449ab0",
        "reportUrl" : "https://neonlabsorg.github.io/neon-compatibility/teststand/280//#testresult/ca38bd9815449ab0",
        "status" : "passed",
        "time" : {
          "start" : 1640106109460,
          "stop" : 1640106137736,
          "duration" : 28276
        }
      }, {
        "uid" : "a9e0359fa0b96841",
        "reportUrl" : "https://neonlabsorg.github.io/neon-compatibility/teststand/266//#testresult/a9e0359fa0b96841",
        "status" : "passed",
        "time" : {
          "start" : 1639910690311,
          "stop" : 1639910694890,
          "duration" : 4579
        }
      }, {
        "uid" : "2a5aab577d8e670b",
        "reportUrl" : "https://neonlabsorg.github.io/neon-compatibility/teststand/257//#testresult/2a5aab577d8e670b",
        "status" : "failed",
        "statusDetails" : "AssertionError: /home/runner/work/neon-compatibility/neon-compatibility/Metacoin\n  Using network 'neonlabs'.\n  \n  \n  Compiling your contracts...\n  ===========================\n  > Compiling ./contracts/ConvertLib.sol\n  > Compiling ./contracts/MetaCoin.sol\n  > Compiling ./contracts/Migrations.sol\n  > Compiling ./test/TestMetaCoin.sol\n  > Compilation warnings encountered:\n  \n      Warning: SPDX license identifier not provided in source file. Before publishing, consider adding a comment containing \"SPDX-License-Identifier: <SPDX-License>\" to each source file. Use \"SPDX-License-Identifier: UNLICENSED\" for non-open-source code. Please see https://spdx.org for more information.\n  --> project:/test/TestMetaCoin.sol\n  \n  ,Warning: Visibility for constructor is ignored. If you want the contract to be non-deployable, making it \"abstract\" is sufficient.\n    --> project:/contracts/MetaCoin.sol:16:2:\n     |\n  16 | \tconstructor() public {\n     | \t^ (Relevant source part starts here and spans across multiple lines).\n  \n  ,Warning: Visibility for constructor is ignored. If you want the contract to be non-deployable, making it \"abstract\" is sufficient.\n    --> project:/contracts/Migrations.sol:12:3:\n     |\n  12 |   constructor() public {\n     |   ^ (Relevant source part starts here and spans across multiple lines).\n  \n  \n  > Artifacts written to /tmp/test--3755-VDoSfZbJ8v2V\n  > Compiled successfully using:\n     - solc: 0.8.4+commit.c7e474f2.Emscripten.clang\n  \n  /home/runner/work/neon-compatibility/neon-compatibility\n  \n  /home/runner/work/neon-compatibility/neon-compatibility/node_modules/request/request.js:848\n            var e = new Error('ETIMEDOUT')\n                    ^\n  Error: PollingBlockTracker - encountered an error while attempting to update latest block:\n  Error: ETIMEDOUT\n      at Timeout.<anonymous> (/home/runner/work/neon-compatibility/neon-compatibility/node_modules/request/request.js:848:19)\n      at listOnTimeout (node:internal/timers:557:17)\n      at processTimers (node:internal/timers:500:7)\n      at PollingBlockTracker._performSync (/home/runner/work/neon-compatibility/neon-compatibility/node_modules/eth-block-tracker/src/polling.js:51:24)\n      at processTicksAndRejections (node:internal/process/task_queues:96:5)\n  \nassert 'Error: ETIMEDOUT' not in '/home/runne...eues:96:5)\\n'\n  'Error: ETIMEDOUT' is contained here:\n    st block:\n    Error: ETIMEDOUT\n        at Timeout.<anonymous> (/home/runner/work/neon-compatibility/neon-compatibility/node_modules/request/request.js:848:19)\n        at listOnTimeout (node:internal/timers:557:17)\n        at processTimers (node:internal/timers:500:7)\n        at PollingBlockTracker._performSync (/home/runner/work/neon-compatibility/neon-compatibility/node_modules/eth-block-tracker/src/polling.js:51:24)\n        at processTicksAndRejections (node:internal/process/task_queues:96:5)",
        "time" : {
          "start" : 1639751472983,
          "stop" : 1639751535274,
          "duration" : 62291
        }
      } ]
    },
    "tags" : [ ]
  },
  "source" : "1edd9054809cce71.json",
  "parameterValues" : [ ]
}