{
  "uid" : "8eca2db39217cb5",
  "name" : "test_issue_364_self_destruct_contract",
  "fullName" : "tests.truffle.test_truffle#test_issue_364_self_destruct_contract",
  "historyId" : "9b9a0ac6c1438da1dd6a59ac61d1506c",
  "time" : {
    "start" : 1638973990415,
    "stop" : 1638974049598,
    "duration" : 59183
  },
  "status" : "failed",
  "statusMessage" : "AssertionError: \n  Compiling your contracts...\n  ===========================\n  > Compiling ./contracts/ERC20Test.sol\n  > Compiling ./contracts/Migrations.sol\n  > Compiling ./contracts/SelfDestructTest.sol\n  > Compiling @openzeppelin/contracts/access/Ownable.sol\n  > Compiling @openzeppelin/contracts/token/ERC20/ERC20.sol\n  > Compiling @openzeppelin/contracts/token/ERC20/IERC20.sol\n  > Compiling @openzeppelin/contracts/token/ERC20/extensions/IERC20Metadata.sol\n  > Compiling @openzeppelin/contracts/utils/Context.sol\n  > Compilation warnings encountered:\n  \n      Warning: SPDX license identifier not provided in source file. Before publishing, consider adding a comment containing \"SPDX-License-Identifier: <SPDX-License>\" to each source file. Use \"SPDX-License-Identifier: UNLICENSED\" for non-open-source code. Please see https://spdx.org for more information.\n  --> project:/contracts/SelfDestructTest.sol\n  \n  ,Warning: This contract has a payable fallback function, but no receive ether function. Consider adding a receive ether function.\n   --> project:/contracts/SelfDestructTest.sol:5:1:\n    |\n  5 | contract SelfDestructTest is Ownable{\n    | ^ (Relevant source part starts here and spans across multiple lines).\n  Note: The payable fallback function is defined here.\n    --> project:/contracts/SelfDestructTest.sol:20:5:\n     |\n  20 |     fallback() external payable {}\n     |     ^^^^^^^^^^^^^^^^^^^^^^^^^^^^^^\n  \n  ,Warning: Function state mutability can be restricted to pure\n    --> project:/contracts/SelfDestructTest.sol:12:5:\n     |\n  12 |     function staticData() public view returns(string memory) {\n     |     ^ (Relevant source part starts here and spans across multiple lines).\n  \n  \n  > Artifacts written to /home/runner/work/neon-compatibility/neon-compatibility/issues/364/build/contracts\n  > Compiled successfully using:\n     - solc: 0.8.4+commit.c7e474f2.Emscripten.clang\n  \n  \n  \n  Starting migrations...\n  ======================\n  > Network name:    'neonlabs'\n  > Network id:      111\n  > Block gas limit: 6721975 (0x6691b7)\n  \n  \n  3_selfDestructTest.js\n  =====================\n  \n     Deploying 'SelfDestructTest'\n     ----------------------------\n     > transaction hash:    0x160633d4da52b29bbd24eed9bf6bb7677a5c574434ca043f7bc088be09127a53\n     > Blocks: 0            Seconds: 0\n     > contract address:    0x4f0F4A6B9952Cf9bE1e7cd75C04e133FA587370D\n     > block number:        200313\n     > block timestamp:     1638974023\n     > account:             0x11830A1d59A208fD069D19db7596a55D9E04CBcb\n     > balance:             99.999871115\n     > gas used:            128885 (0x1f775)\n     > gas price:           1 gwei\n     > value sent:          0 ETH\n     > total cost:          0.000128885 ETH\n  \n  Sending ether to contract\n  \n  Error: ESOCKETTIMEDOUT\n  {\n    \"originalError\": {\n      \"code\": \"ESOCKETTIMEDOUT\",\n      \"connect\": false\n    }\n  }\n      at Object._fireError (/home/runner/work/neon-compatibility/neon-compatibility/node_modules/truffle/build/webpack:/node_modules/web3-utils/lib/index.js:49:1)\n      at sendTxCallback (/home/runner/work/neon-compatibility/neon-compatibility/node_modules/truffle/build/webpack:/node_modules/web3-eth/node_modules/web3-core-method/lib/index.js:539:1)\n      at /home/runner/work/neon-compatibility/neon-compatibility/node_modules/truffle/build/webpack:/node_modules/web3/node_modules/web3-core-requestmanager/lib/index.js:299:1\n      at /home/runner/work/neon-compatibility/neon-compatibility/node_modules/@trufflesuite/web3-provider-engine/index.js:238:9\n      at /home/runner/work/neon-compatibility/neon-compatibility/node_modules/async/internal/once.js:12:16\n      at replenish (/home/runner/work/neon-compatibility/neon-compatibility/node_modules/async/internal/eachOfLimit.js:61:25)\n      at /home/runner/work/neon-compatibility/neon-compatibility/node_modules/async/internal/eachOfLimit.js:71:9\n      at eachLimit (/home/runner/work/neon-compatibility/neon-compatibility/node_modules/async/eachLimit.js:43:36)\n      at /home/runner/work/neon-compatibility/neon-compatibility/node_modules/async/internal/doLimit.js:9:16\n      at end (/home/runner/work/neon-compatibility/neon-compatibility/node_modules/@trufflesuite/web3-provider-engine/index.js:217:5)\n      at /home/runner/work/neon-compatibility/neon-compatibility/node_modules/async/internal/once.js:12:16\n      at next (/home/runner/work/neon-compatibility/neon-compatibility/node_modules/async/waterfall.js:21:29)\n      at /home/runner/work/neon-compatibility/neon-compatibility/node_modules/async/internal/onlyOnce.js:12:16\n      at /home/runner/work/neon-compatibility/neon-compatibility/node_modules/async/internal/once.js:12:16\n      at next (/home/runner/work/neon-compatibility/neon-compatibility/node_modules/async/waterfall.js:21:29)\n      at /home/runner/work/neon-compatibility/neon-compatibility/node_modules/async/internal/onlyOnce.js:12:16\n      at /home/runner/work/neon-compatibility/neon-compatibility/node_modules/@trufflesuite/web3-provider-engine/subproviders/hooked-wallet.js:577:23\n      at /home/runner/work/neon-compatibility/neon-compatibility/node_modules/async/internal/once.js:12:16\n      at next (/home/runner/work/neon-compatibility/neon-compatibility/node_modules/async/waterfall.js:21:29)\n      at /home/runner/work/neon-compatibility/neon-compatibility/node_modules/async/internal/onlyOnce.js:12:16\n      at /home/runner/work/neon-compatibility/neon-compatibility/node_modules/@trufflesuite/web3-provider-engine/subproviders/hooked-wallet.js:605:21\n      at /home/runner/work/neon-compatibility/neon-compatibility/node_modules/@trufflesuite/web3-provider-engine/index.js:238:9\n  Truffle v5.4.14 (core: 5.4.14)\n  Node v16.13.0\n  - Blocks: 0            Seconds: 0\n  \nassert 1 == 0\n +  where 1 = CompletedProcess(args='cd issues/364; ../../node_modules/.bin/truffle --network neonlabs migrate -f 3 --to 3', returnc...engine/index.js:238:9\\nTruffle v5.4.14 (core: 5.4.14)\\nNode v16.13.0\\n', stderr=b'- Blocks: 0            Seconds: 0\\n').returncode",
  "statusTrace" : "@allure.feature(FEATURE)\n    def test_issue_364_self_destruct_contract():\n        cmd_res = run_command_line(\n            f\"cd issues/364; ../{RunCommand.TRUFFLE} \"\n            f\"--network {NETWORK_NAME} migrate -f 3 --to 3\"\n        )\n        actual_result = cmd_res.stdout.decode() + cmd_res.stderr.decode()\n>       assert cmd_res.returncode == 0, actual_result\nE       AssertionError: \nE         Compiling your contracts...\nE         ===========================\nE         > Compiling ./contracts/ERC20Test.sol\nE         > Compiling ./contracts/Migrations.sol\nE         > Compiling ./contracts/SelfDestructTest.sol\nE         > Compiling @openzeppelin/contracts/access/Ownable.sol\nE         > Compiling @openzeppelin/contracts/token/ERC20/ERC20.sol\nE         > Compiling @openzeppelin/contracts/token/ERC20/IERC20.sol\nE         > Compiling @openzeppelin/contracts/token/ERC20/extensions/IERC20Metadata.sol\nE         > Compiling @openzeppelin/contracts/utils/Context.sol\nE         > Compilation warnings encountered:\nE         \nE             Warning: SPDX license identifier not provided in source file. Before publishing, consider adding a comment containing \"SPDX-License-Identifier: <SPDX-License>\" to each source file. Use \"SPDX-License-Identifier: UNLICENSED\" for non-open-source code. Please see https://spdx.org for more information.\nE         --> project:/contracts/SelfDestructTest.sol\nE         \nE         ,Warning: This contract has a payable fallback function, but no receive ether function. Consider adding a receive ether function.\nE          --> project:/contracts/SelfDestructTest.sol:5:1:\nE           |\nE         5 | contract SelfDestructTest is Ownable{\nE           | ^ (Relevant source part starts here and spans across multiple lines).\nE         Note: The payable fallback function is defined here.\nE           --> project:/contracts/SelfDestructTest.sol:20:5:\nE            |\nE         20 |     fallback() external payable {}\nE            |     ^^^^^^^^^^^^^^^^^^^^^^^^^^^^^^\nE         \nE         ,Warning: Function state mutability can be restricted to pure\nE           --> project:/contracts/SelfDestructTest.sol:12:5:\nE            |\nE         12 |     function staticData() public view returns(string memory) {\nE            |     ^ (Relevant source part starts here and spans across multiple lines).\nE         \nE         \nE         > Artifacts written to /home/runner/work/neon-compatibility/neon-compatibility/issues/364/build/contracts\nE         > Compiled successfully using:\nE            - solc: 0.8.4+commit.c7e474f2.Emscripten.clang\nE         \nE         \nE         \nE         Starting migrations...\nE         ======================\nE         > Network name:    'neonlabs'\nE         > Network id:      111\nE         > Block gas limit: 6721975 (0x6691b7)\nE         \nE         \nE         3_selfDestructTest.js\nE         =====================\nE         \nE            Deploying 'SelfDestructTest'\nE            ----------------------------\nE            > transaction hash:    0x160633d4da52b29bbd24eed9bf6bb7677a5c574434ca043f7bc088be09127a53\nE            > Blocks: 0            Seconds: 0\nE            > contract address:    0x4f0F4A6B9952Cf9bE1e7cd75C04e133FA587370D\nE            > block number:        200313\nE            > block timestamp:     1638974023\nE            > account:             0x11830A1d59A208fD069D19db7596a55D9E04CBcb\nE            > balance:             99.999871115\nE            > gas used:            128885 (0x1f775)\nE            > gas price:           1 gwei\nE            > value sent:          0 ETH\nE            > total cost:          0.000128885 ETH\nE         \nE         Sending ether to contract\nE         \nE         Error: ESOCKETTIMEDOUT\nE         {\nE           \"originalError\": {\nE             \"code\": \"ESOCKETTIMEDOUT\",\nE             \"connect\": false\nE           }\nE         }\nE             at Object._fireError (/home/runner/work/neon-compatibility/neon-compatibility/node_modules/truffle/build/webpack:/node_modules/web3-utils/lib/index.js:49:1)\nE             at sendTxCallback (/home/runner/work/neon-compatibility/neon-compatibility/node_modules/truffle/build/webpack:/node_modules/web3-eth/node_modules/web3-core-method/lib/index.js:539:1)\nE             at /home/runner/work/neon-compatibility/neon-compatibility/node_modules/truffle/build/webpack:/node_modules/web3/node_modules/web3-core-requestmanager/lib/index.js:299:1\nE             at /home/runner/work/neon-compatibility/neon-compatibility/node_modules/@trufflesuite/web3-provider-engine/index.js:238:9\nE             at /home/runner/work/neon-compatibility/neon-compatibility/node_modules/async/internal/once.js:12:16\nE             at replenish (/home/runner/work/neon-compatibility/neon-compatibility/node_modules/async/internal/eachOfLimit.js:61:25)\nE             at /home/runner/work/neon-compatibility/neon-compatibility/node_modules/async/internal/eachOfLimit.js:71:9\nE             at eachLimit (/home/runner/work/neon-compatibility/neon-compatibility/node_modules/async/eachLimit.js:43:36)\nE             at /home/runner/work/neon-compatibility/neon-compatibility/node_modules/async/internal/doLimit.js:9:16\nE             at end (/home/runner/work/neon-compatibility/neon-compatibility/node_modules/@trufflesuite/web3-provider-engine/index.js:217:5)\nE             at /home/runner/work/neon-compatibility/neon-compatibility/node_modules/async/internal/once.js:12:16\nE             at next (/home/runner/work/neon-compatibility/neon-compatibility/node_modules/async/waterfall.js:21:29)\nE             at /home/runner/work/neon-compatibility/neon-compatibility/node_modules/async/internal/onlyOnce.js:12:16\nE             at /home/runner/work/neon-compatibility/neon-compatibility/node_modules/async/internal/once.js:12:16\nE             at next (/home/runner/work/neon-compatibility/neon-compatibility/node_modules/async/waterfall.js:21:29)\nE             at /home/runner/work/neon-compatibility/neon-compatibility/node_modules/async/internal/onlyOnce.js:12:16\nE             at /home/runner/work/neon-compatibility/neon-compatibility/node_modules/@trufflesuite/web3-provider-engine/subproviders/hooked-wallet.js:577:23\nE             at /home/runner/work/neon-compatibility/neon-compatibility/node_modules/async/internal/once.js:12:16\nE             at next (/home/runner/work/neon-compatibility/neon-compatibility/node_modules/async/waterfall.js:21:29)\nE             at /home/runner/work/neon-compatibility/neon-compatibility/node_modules/async/internal/onlyOnce.js:12:16\nE             at /home/runner/work/neon-compatibility/neon-compatibility/node_modules/@trufflesuite/web3-provider-engine/subproviders/hooked-wallet.js:605:21\nE             at /home/runner/work/neon-compatibility/neon-compatibility/node_modules/@trufflesuite/web3-provider-engine/index.js:238:9\nE         Truffle v5.4.14 (core: 5.4.14)\nE         Node v16.13.0\nE         - Blocks: 0            Seconds: 0\nE         \nE       assert 1 == 0\nE        +  where 1 = CompletedProcess(args='cd issues/364; ../../node_modules/.bin/truffle --network neonlabs migrate -f 3 --to 3', returnc...engine/index.js:238:9\\nTruffle v5.4.14 (core: 5.4.14)\\nNode v16.13.0\\n', stderr=b'- Blocks: 0            Seconds: 0\\n').returncode\n\ntests/truffle/test_truffle.py:76: AssertionError",
  "flaky" : false,
  "newFailed" : false,
  "newBroken" : false,
  "newPassed" : false,
  "retriesCount" : 0,
  "retriesStatusChange" : false,
  "beforeStages" : [ {
    "name" : "prepare_truffle_config",
    "time" : {
      "start" : 1638973990402,
      "stop" : 1638973990414,
      "duration" : 12
    },
    "status" : "passed",
    "steps" : [ {
      "name" : "Preset variables",
      "time" : {
        "start" : 1638973990402,
        "stop" : 1638973990414,
        "duration" : 12
      },
      "status" : "passed",
      "steps" : [ ],
      "attachments" : [ ],
      "parameters" : [ ],
      "stepsCount" : 0,
      "attachmentsCount" : 0,
      "shouldDisplayMessage" : false,
      "hasContent" : false
    }, {
      "name" : "Clean up folder \"'/home/runner/work/neon-compatibility/neon-compatibility/Metacoin/build/contracts'\"",
      "time" : {
        "start" : 1638973990414,
        "stop" : 1638973990414,
        "duration" : 0
      },
      "status" : "passed",
      "steps" : [ ],
      "attachments" : [ ],
      "parameters" : [ {
        "name" : "folder",
        "value" : "'/home/runner/work/neon-compatibility/neon-compatibility/Metacoin/build/contracts'"
      } ],
      "stepsCount" : 0,
      "attachmentsCount" : 0,
      "shouldDisplayMessage" : false,
      "hasContent" : true
    } ],
    "attachments" : [ ],
    "parameters" : [ ],
    "stepsCount" : 2,
    "attachmentsCount" : 0,
    "shouldDisplayMessage" : false,
    "hasContent" : true
  } ],
  "testStage" : {
    "status" : "failed",
    "statusMessage" : "AssertionError: \n  Compiling your contracts...\n  ===========================\n  > Compiling ./contracts/ERC20Test.sol\n  > Compiling ./contracts/Migrations.sol\n  > Compiling ./contracts/SelfDestructTest.sol\n  > Compiling @openzeppelin/contracts/access/Ownable.sol\n  > Compiling @openzeppelin/contracts/token/ERC20/ERC20.sol\n  > Compiling @openzeppelin/contracts/token/ERC20/IERC20.sol\n  > Compiling @openzeppelin/contracts/token/ERC20/extensions/IERC20Metadata.sol\n  > Compiling @openzeppelin/contracts/utils/Context.sol\n  > Compilation warnings encountered:\n  \n      Warning: SPDX license identifier not provided in source file. Before publishing, consider adding a comment containing \"SPDX-License-Identifier: <SPDX-License>\" to each source file. Use \"SPDX-License-Identifier: UNLICENSED\" for non-open-source code. Please see https://spdx.org for more information.\n  --> project:/contracts/SelfDestructTest.sol\n  \n  ,Warning: This contract has a payable fallback function, but no receive ether function. Consider adding a receive ether function.\n   --> project:/contracts/SelfDestructTest.sol:5:1:\n    |\n  5 | contract SelfDestructTest is Ownable{\n    | ^ (Relevant source part starts here and spans across multiple lines).\n  Note: The payable fallback function is defined here.\n    --> project:/contracts/SelfDestructTest.sol:20:5:\n     |\n  20 |     fallback() external payable {}\n     |     ^^^^^^^^^^^^^^^^^^^^^^^^^^^^^^\n  \n  ,Warning: Function state mutability can be restricted to pure\n    --> project:/contracts/SelfDestructTest.sol:12:5:\n     |\n  12 |     function staticData() public view returns(string memory) {\n     |     ^ (Relevant source part starts here and spans across multiple lines).\n  \n  \n  > Artifacts written to /home/runner/work/neon-compatibility/neon-compatibility/issues/364/build/contracts\n  > Compiled successfully using:\n     - solc: 0.8.4+commit.c7e474f2.Emscripten.clang\n  \n  \n  \n  Starting migrations...\n  ======================\n  > Network name:    'neonlabs'\n  > Network id:      111\n  > Block gas limit: 6721975 (0x6691b7)\n  \n  \n  3_selfDestructTest.js\n  =====================\n  \n     Deploying 'SelfDestructTest'\n     ----------------------------\n     > transaction hash:    0x160633d4da52b29bbd24eed9bf6bb7677a5c574434ca043f7bc088be09127a53\n     > Blocks: 0            Seconds: 0\n     > contract address:    0x4f0F4A6B9952Cf9bE1e7cd75C04e133FA587370D\n     > block number:        200313\n     > block timestamp:     1638974023\n     > account:             0x11830A1d59A208fD069D19db7596a55D9E04CBcb\n     > balance:             99.999871115\n     > gas used:            128885 (0x1f775)\n     > gas price:           1 gwei\n     > value sent:          0 ETH\n     > total cost:          0.000128885 ETH\n  \n  Sending ether to contract\n  \n  Error: ESOCKETTIMEDOUT\n  {\n    \"originalError\": {\n      \"code\": \"ESOCKETTIMEDOUT\",\n      \"connect\": false\n    }\n  }\n      at Object._fireError (/home/runner/work/neon-compatibility/neon-compatibility/node_modules/truffle/build/webpack:/node_modules/web3-utils/lib/index.js:49:1)\n      at sendTxCallback (/home/runner/work/neon-compatibility/neon-compatibility/node_modules/truffle/build/webpack:/node_modules/web3-eth/node_modules/web3-core-method/lib/index.js:539:1)\n      at /home/runner/work/neon-compatibility/neon-compatibility/node_modules/truffle/build/webpack:/node_modules/web3/node_modules/web3-core-requestmanager/lib/index.js:299:1\n      at /home/runner/work/neon-compatibility/neon-compatibility/node_modules/@trufflesuite/web3-provider-engine/index.js:238:9\n      at /home/runner/work/neon-compatibility/neon-compatibility/node_modules/async/internal/once.js:12:16\n      at replenish (/home/runner/work/neon-compatibility/neon-compatibility/node_modules/async/internal/eachOfLimit.js:61:25)\n      at /home/runner/work/neon-compatibility/neon-compatibility/node_modules/async/internal/eachOfLimit.js:71:9\n      at eachLimit (/home/runner/work/neon-compatibility/neon-compatibility/node_modules/async/eachLimit.js:43:36)\n      at /home/runner/work/neon-compatibility/neon-compatibility/node_modules/async/internal/doLimit.js:9:16\n      at end (/home/runner/work/neon-compatibility/neon-compatibility/node_modules/@trufflesuite/web3-provider-engine/index.js:217:5)\n      at /home/runner/work/neon-compatibility/neon-compatibility/node_modules/async/internal/once.js:12:16\n      at next (/home/runner/work/neon-compatibility/neon-compatibility/node_modules/async/waterfall.js:21:29)\n      at /home/runner/work/neon-compatibility/neon-compatibility/node_modules/async/internal/onlyOnce.js:12:16\n      at /home/runner/work/neon-compatibility/neon-compatibility/node_modules/async/internal/once.js:12:16\n      at next (/home/runner/work/neon-compatibility/neon-compatibility/node_modules/async/waterfall.js:21:29)\n      at /home/runner/work/neon-compatibility/neon-compatibility/node_modules/async/internal/onlyOnce.js:12:16\n      at /home/runner/work/neon-compatibility/neon-compatibility/node_modules/@trufflesuite/web3-provider-engine/subproviders/hooked-wallet.js:577:23\n      at /home/runner/work/neon-compatibility/neon-compatibility/node_modules/async/internal/once.js:12:16\n      at next (/home/runner/work/neon-compatibility/neon-compatibility/node_modules/async/waterfall.js:21:29)\n      at /home/runner/work/neon-compatibility/neon-compatibility/node_modules/async/internal/onlyOnce.js:12:16\n      at /home/runner/work/neon-compatibility/neon-compatibility/node_modules/@trufflesuite/web3-provider-engine/subproviders/hooked-wallet.js:605:21\n      at /home/runner/work/neon-compatibility/neon-compatibility/node_modules/@trufflesuite/web3-provider-engine/index.js:238:9\n  Truffle v5.4.14 (core: 5.4.14)\n  Node v16.13.0\n  - Blocks: 0            Seconds: 0\n  \nassert 1 == 0\n +  where 1 = CompletedProcess(args='cd issues/364; ../../node_modules/.bin/truffle --network neonlabs migrate -f 3 --to 3', returnc...engine/index.js:238:9\\nTruffle v5.4.14 (core: 5.4.14)\\nNode v16.13.0\\n', stderr=b'- Blocks: 0            Seconds: 0\\n').returncode",
    "statusTrace" : "@allure.feature(FEATURE)\n    def test_issue_364_self_destruct_contract():\n        cmd_res = run_command_line(\n            f\"cd issues/364; ../{RunCommand.TRUFFLE} \"\n            f\"--network {NETWORK_NAME} migrate -f 3 --to 3\"\n        )\n        actual_result = cmd_res.stdout.decode() + cmd_res.stderr.decode()\n>       assert cmd_res.returncode == 0, actual_result\nE       AssertionError: \nE         Compiling your contracts...\nE         ===========================\nE         > Compiling ./contracts/ERC20Test.sol\nE         > Compiling ./contracts/Migrations.sol\nE         > Compiling ./contracts/SelfDestructTest.sol\nE         > Compiling @openzeppelin/contracts/access/Ownable.sol\nE         > Compiling @openzeppelin/contracts/token/ERC20/ERC20.sol\nE         > Compiling @openzeppelin/contracts/token/ERC20/IERC20.sol\nE         > Compiling @openzeppelin/contracts/token/ERC20/extensions/IERC20Metadata.sol\nE         > Compiling @openzeppelin/contracts/utils/Context.sol\nE         > Compilation warnings encountered:\nE         \nE             Warning: SPDX license identifier not provided in source file. Before publishing, consider adding a comment containing \"SPDX-License-Identifier: <SPDX-License>\" to each source file. Use \"SPDX-License-Identifier: UNLICENSED\" for non-open-source code. Please see https://spdx.org for more information.\nE         --> project:/contracts/SelfDestructTest.sol\nE         \nE         ,Warning: This contract has a payable fallback function, but no receive ether function. Consider adding a receive ether function.\nE          --> project:/contracts/SelfDestructTest.sol:5:1:\nE           |\nE         5 | contract SelfDestructTest is Ownable{\nE           | ^ (Relevant source part starts here and spans across multiple lines).\nE         Note: The payable fallback function is defined here.\nE           --> project:/contracts/SelfDestructTest.sol:20:5:\nE            |\nE         20 |     fallback() external payable {}\nE            |     ^^^^^^^^^^^^^^^^^^^^^^^^^^^^^^\nE         \nE         ,Warning: Function state mutability can be restricted to pure\nE           --> project:/contracts/SelfDestructTest.sol:12:5:\nE            |\nE         12 |     function staticData() public view returns(string memory) {\nE            |     ^ (Relevant source part starts here and spans across multiple lines).\nE         \nE         \nE         > Artifacts written to /home/runner/work/neon-compatibility/neon-compatibility/issues/364/build/contracts\nE         > Compiled successfully using:\nE            - solc: 0.8.4+commit.c7e474f2.Emscripten.clang\nE         \nE         \nE         \nE         Starting migrations...\nE         ======================\nE         > Network name:    'neonlabs'\nE         > Network id:      111\nE         > Block gas limit: 6721975 (0x6691b7)\nE         \nE         \nE         3_selfDestructTest.js\nE         =====================\nE         \nE            Deploying 'SelfDestructTest'\nE            ----------------------------\nE            > transaction hash:    0x160633d4da52b29bbd24eed9bf6bb7677a5c574434ca043f7bc088be09127a53\nE            > Blocks: 0            Seconds: 0\nE            > contract address:    0x4f0F4A6B9952Cf9bE1e7cd75C04e133FA587370D\nE            > block number:        200313\nE            > block timestamp:     1638974023\nE            > account:             0x11830A1d59A208fD069D19db7596a55D9E04CBcb\nE            > balance:             99.999871115\nE            > gas used:            128885 (0x1f775)\nE            > gas price:           1 gwei\nE            > value sent:          0 ETH\nE            > total cost:          0.000128885 ETH\nE         \nE         Sending ether to contract\nE         \nE         Error: ESOCKETTIMEDOUT\nE         {\nE           \"originalError\": {\nE             \"code\": \"ESOCKETTIMEDOUT\",\nE             \"connect\": false\nE           }\nE         }\nE             at Object._fireError (/home/runner/work/neon-compatibility/neon-compatibility/node_modules/truffle/build/webpack:/node_modules/web3-utils/lib/index.js:49:1)\nE             at sendTxCallback (/home/runner/work/neon-compatibility/neon-compatibility/node_modules/truffle/build/webpack:/node_modules/web3-eth/node_modules/web3-core-method/lib/index.js:539:1)\nE             at /home/runner/work/neon-compatibility/neon-compatibility/node_modules/truffle/build/webpack:/node_modules/web3/node_modules/web3-core-requestmanager/lib/index.js:299:1\nE             at /home/runner/work/neon-compatibility/neon-compatibility/node_modules/@trufflesuite/web3-provider-engine/index.js:238:9\nE             at /home/runner/work/neon-compatibility/neon-compatibility/node_modules/async/internal/once.js:12:16\nE             at replenish (/home/runner/work/neon-compatibility/neon-compatibility/node_modules/async/internal/eachOfLimit.js:61:25)\nE             at /home/runner/work/neon-compatibility/neon-compatibility/node_modules/async/internal/eachOfLimit.js:71:9\nE             at eachLimit (/home/runner/work/neon-compatibility/neon-compatibility/node_modules/async/eachLimit.js:43:36)\nE             at /home/runner/work/neon-compatibility/neon-compatibility/node_modules/async/internal/doLimit.js:9:16\nE             at end (/home/runner/work/neon-compatibility/neon-compatibility/node_modules/@trufflesuite/web3-provider-engine/index.js:217:5)\nE             at /home/runner/work/neon-compatibility/neon-compatibility/node_modules/async/internal/once.js:12:16\nE             at next (/home/runner/work/neon-compatibility/neon-compatibility/node_modules/async/waterfall.js:21:29)\nE             at /home/runner/work/neon-compatibility/neon-compatibility/node_modules/async/internal/onlyOnce.js:12:16\nE             at /home/runner/work/neon-compatibility/neon-compatibility/node_modules/async/internal/once.js:12:16\nE             at next (/home/runner/work/neon-compatibility/neon-compatibility/node_modules/async/waterfall.js:21:29)\nE             at /home/runner/work/neon-compatibility/neon-compatibility/node_modules/async/internal/onlyOnce.js:12:16\nE             at /home/runner/work/neon-compatibility/neon-compatibility/node_modules/@trufflesuite/web3-provider-engine/subproviders/hooked-wallet.js:577:23\nE             at /home/runner/work/neon-compatibility/neon-compatibility/node_modules/async/internal/once.js:12:16\nE             at next (/home/runner/work/neon-compatibility/neon-compatibility/node_modules/async/waterfall.js:21:29)\nE             at /home/runner/work/neon-compatibility/neon-compatibility/node_modules/async/internal/onlyOnce.js:12:16\nE             at /home/runner/work/neon-compatibility/neon-compatibility/node_modules/@trufflesuite/web3-provider-engine/subproviders/hooked-wallet.js:605:21\nE             at /home/runner/work/neon-compatibility/neon-compatibility/node_modules/@trufflesuite/web3-provider-engine/index.js:238:9\nE         Truffle v5.4.14 (core: 5.4.14)\nE         Node v16.13.0\nE         - Blocks: 0            Seconds: 0\nE         \nE       assert 1 == 0\nE        +  where 1 = CompletedProcess(args='cd issues/364; ../../node_modules/.bin/truffle --network neonlabs migrate -f 3 --to 3', returnc...engine/index.js:238:9\\nTruffle v5.4.14 (core: 5.4.14)\\nNode v16.13.0\\n', stderr=b'- Blocks: 0            Seconds: 0\\n').returncode\n\ntests/truffle/test_truffle.py:76: AssertionError",
    "steps" : [ {
      "name" : "Run command: \"'cd issues/364; ../../node_modules/.bin/truffle --network neonlabs migrate -f 3 --to 3'\"",
      "time" : {
        "start" : 1638973990415,
        "stop" : 1638974049597,
        "duration" : 59182
      },
      "status" : "passed",
      "steps" : [ ],
      "attachments" : [ ],
      "parameters" : [ {
        "name" : "command",
        "value" : "'cd issues/364; ../../node_modules/.bin/truffle --network neonlabs migrate -f 3 --to 3'"
      } ],
      "stepsCount" : 0,
      "attachmentsCount" : 0,
      "shouldDisplayMessage" : false,
      "hasContent" : true
    } ],
    "attachments" : [ {
      "uid" : "bb560d85773288cb",
      "name" : "stdout",
      "source" : "bb560d85773288cb.txt",
      "type" : "text/plain",
      "size" : 5745
    } ],
    "parameters" : [ ],
    "stepsCount" : 1,
    "attachmentsCount" : 1,
    "shouldDisplayMessage" : true,
    "hasContent" : true
  },
  "afterStages" : [ {
    "name" : "prepare_truffle_config::0",
    "time" : {
      "start" : 1638974049604,
      "stop" : 1638974049604,
      "duration" : 0
    },
    "status" : "passed",
    "steps" : [ ],
    "attachments" : [ ],
    "parameters" : [ ],
    "stepsCount" : 0,
    "attachmentsCount" : 0,
    "shouldDisplayMessage" : false,
    "hasContent" : false
  } ],
  "labels" : [ {
    "name" : "feature",
    "value" : "Truffle"
  }, {
    "name" : "parentSuite",
    "value" : "tests.truffle"
  }, {
    "name" : "suite",
    "value" : "test_truffle"
  }, {
    "name" : "host",
    "value" : "fv-az83-54"
  }, {
    "name" : "thread",
    "value" : "4517-MainThread"
  }, {
    "name" : "framework",
    "value" : "pytest"
  }, {
    "name" : "language",
    "value" : "cpython3"
  }, {
    "name" : "package",
    "value" : "tests.truffle.test_truffle"
  }, {
    "name" : "resultFormat",
    "value" : "allure2"
  } ],
  "parameters" : [ ],
  "links" : [ ],
  "hidden" : false,
  "retry" : false,
  "extra" : {
    "severity" : "normal",
    "retries" : [ ],
    "categories" : [ {
      "name" : "Connection problem",
      "messageRegex" : ".*Error: ETIMEDOUT.*|.*ESOCKETTIMEDOUT.*|.*ECONNRESET.*|.*Client network socket disconnected before secure TLS connection was established.*|.*500 Internal Server Error.*nginx.*|.*Error: socket hang up.*",
      "matchedStatuses" : [ ],
      "flaky" : false
    } ],
    "history" : {
      "statistic" : {
        "failed" : 90,
        "broken" : 0,
        "skipped" : 0,
        "passed" : 9,
        "unknown" : 0,
        "total" : 99
      },
      "items" : [ {
        "uid" : "75ff6529a8a525ad",
        "reportUrl" : "https://neonlabsorg.github.io/neon-compatibility/176//#testresult/75ff6529a8a525ad",
        "status" : "failed",
        "statusDetails" : "AssertionError: /bin/sh: 1: ../../node_modules/.bin/truffle: not found\n  \nassert 127 == 0\n +  where 127 = CompletedProcess(args='cd issues/364; ../../node_modules/.bin/truffle --network neonlabs migrate -f 3 --to 3', returncode=127, stdout=b'', stderr=b'/bin/sh: 1: ../../node_modules/.bin/truffle: not found\\n').returncode",
        "time" : {
          "start" : 1638951406861,
          "stop" : 1638951406866,
          "duration" : 5
        }
      }, {
        "uid" : "8d867d7394bdbd5f",
        "reportUrl" : "https://neonlabsorg.github.io/neon-compatibility/174//#testresult/8d867d7394bdbd5f",
        "status" : "failed",
        "statusDetails" : "AssertionError: /bin/sh: 1: ../../node_modules/.bin/truffle: not found\n  \nassert 127 == 0\n +  where 127 = CompletedProcess(args='cd issues/364; ../../node_modules/.bin/truffle --network neonlabs migrate -f 3 --to 3', returncode=127, stdout=b'', stderr=b'/bin/sh: 1: ../../node_modules/.bin/truffle: not found\\n').returncode",
        "time" : {
          "start" : 1638932980721,
          "stop" : 1638932980726,
          "duration" : 5
        }
      }, {
        "uid" : "d05807c41cb98c5a",
        "reportUrl" : "https://neonlabsorg.github.io/neon-compatibility/173//#testresult/d05807c41cb98c5a",
        "status" : "failed",
        "statusDetails" : "AssertionError: /bin/sh: 1: ../../node_modules/.bin/truffle: not found\n  \nassert 127 == 0\n +  where 127 = CompletedProcess(args='cd issues/364; ../../node_modules/.bin/truffle --network neonlabs migrate -f 3 --to 3', returncode=127, stdout=b'', stderr=b'/bin/sh: 1: ../../node_modules/.bin/truffle: not found\\n').returncode",
        "time" : {
          "start" : 1638923389825,
          "stop" : 1638923389830,
          "duration" : 5
        }
      }, {
        "uid" : "81b783492113d649",
        "reportUrl" : "https://neonlabsorg.github.io/neon-compatibility/172//#testresult/81b783492113d649",
        "status" : "failed",
        "statusDetails" : "AssertionError: /bin/sh: 1: ../../node_modules/.bin/truffle: not found\n  \nassert 127 == 0\n +  where 127 = CompletedProcess(args='cd issues/364; ../../node_modules/.bin/truffle --network neonlabs migrate -f 3 --to 3', returncode=127, stdout=b'', stderr=b'/bin/sh: 1: ../../node_modules/.bin/truffle: not found\\n').returncode",
        "time" : {
          "start" : 1638913462290,
          "stop" : 1638913462294,
          "duration" : 4
        }
      }, {
        "uid" : "914f501f8737f8f5",
        "reportUrl" : "https://neonlabsorg.github.io/neon-compatibility/171//#testresult/914f501f8737f8f5",
        "status" : "failed",
        "statusDetails" : "AssertionError: /bin/sh: 1: ../../node_modules/.bin/truffle: not found\n  \nassert 127 == 0\n +  where 127 = CompletedProcess(args='cd issues/364; ../../node_modules/.bin/truffle --network neonlabs migrate -f 3 --to 3', returncode=127, stdout=b'', stderr=b'/bin/sh: 1: ../../node_modules/.bin/truffle: not found\\n').returncode",
        "time" : {
          "start" : 1638912582104,
          "stop" : 1638912582109,
          "duration" : 5
        }
      }, {
        "uid" : "c4f6218eca3f726",
        "reportUrl" : "https://neonlabsorg.github.io/neon-compatibility/170//#testresult/c4f6218eca3f726",
        "status" : "failed",
        "statusDetails" : "AssertionError: /bin/sh: 1: ../../node_modules/.bin/truffle: not found\n  \nassert 127 == 0\n +  where 127 = CompletedProcess(args='cd issues/364; ../../node_modules/.bin/truffle --network neonlabs migrate -f 3 --to 3', returncode=127, stdout=b'', stderr=b'/bin/sh: 1: ../../node_modules/.bin/truffle: not found\\n').returncode",
        "time" : {
          "start" : 1638908860972,
          "stop" : 1638908860976,
          "duration" : 4
        }
      }, {
        "uid" : "50d933b3277a44ce",
        "reportUrl" : "https://neonlabsorg.github.io/neon-compatibility/169//#testresult/50d933b3277a44ce",
        "status" : "failed",
        "statusDetails" : "AssertionError: /bin/sh: 1: ../../node_modules/.bin/truffle: not found\n  \nassert 127 == 0\n +  where 127 = CompletedProcess(args='cd issues/364; ../../node_modules/.bin/truffle --network neonlabs migrate -f 3 --to 3', returncode=127, stdout=b'', stderr=b'/bin/sh: 1: ../../node_modules/.bin/truffle: not found\\n').returncode",
        "time" : {
          "start" : 1638892728125,
          "stop" : 1638892728131,
          "duration" : 6
        }
      }, {
        "uid" : "90898d5b4160ed71",
        "reportUrl" : "https://neonlabsorg.github.io/neon-compatibility/168//#testresult/90898d5b4160ed71",
        "status" : "failed",
        "statusDetails" : "AssertionError: /bin/sh: 1: ../../node_modules/.bin/truffle: not found\n  \nassert 127 == 0\n +  where 127 = CompletedProcess(args='cd issues/364; ../../node_modules/.bin/truffle --network neonlabs migrate -f 3 --to 3', returncode=127, stdout=b'', stderr=b'/bin/sh: 1: ../../node_modules/.bin/truffle: not found\\n').returncode",
        "time" : {
          "start" : 1638891852724,
          "stop" : 1638891852729,
          "duration" : 5
        }
      }, {
        "uid" : "7d7e9e59602952c9",
        "reportUrl" : "https://neonlabsorg.github.io/neon-compatibility/167//#testresult/7d7e9e59602952c9",
        "status" : "failed",
        "statusDetails" : "AssertionError: /bin/sh: 1: ../../node_modules/.bin/truffle: not found\n  \nassert 127 == 0\n +  where 127 = CompletedProcess(args='cd issues/364; ../../node_modules/.bin/truffle --network neonlabs migrate -f 3 --to 3', returncode=127, stdout=b'', stderr=b'/bin/sh: 1: ../../node_modules/.bin/truffle: not found\\n').returncode",
        "time" : {
          "start" : 1638863234232,
          "stop" : 1638863234238,
          "duration" : 6
        }
      }, {
        "uid" : "813a5b84fa78e9e6",
        "reportUrl" : "https://neonlabsorg.github.io/neon-compatibility/166//#testresult/813a5b84fa78e9e6",
        "status" : "failed",
        "statusDetails" : "AssertionError: /bin/sh: 1: ../../node_modules/.bin/truffle: not found\n  \nassert 127 == 0\n +  where 127 = CompletedProcess(args='cd issues/364; ../../node_modules/.bin/truffle --network neonlabs migrate -f 3 --to 3', returncode=127, stdout=b'', stderr=b'/bin/sh: 1: ../../node_modules/.bin/truffle: not found\\n').returncode",
        "time" : {
          "start" : 1638846728075,
          "stop" : 1638846728079,
          "duration" : 4
        }
      }, {
        "uid" : "db6d1f7f04064663",
        "reportUrl" : "https://neonlabsorg.github.io/neon-compatibility/165//#testresult/db6d1f7f04064663",
        "status" : "failed",
        "statusDetails" : "AssertionError: /bin/sh: 1: ../../node_modules/.bin/truffle: not found\n  \nassert 127 == 0\n +  where 127 = CompletedProcess(args='cd issues/364; ../../node_modules/.bin/truffle --network neonlabs migrate -f 3 --to 3', returncode=127, stdout=b'', stderr=b'/bin/sh: 1: ../../node_modules/.bin/truffle: not found\\n').returncode",
        "time" : {
          "start" : 1638837139621,
          "stop" : 1638837139628,
          "duration" : 7
        }
      }, {
        "uid" : "1788b3e7a5840461",
        "reportUrl" : "https://neonlabsorg.github.io/neon-compatibility/164//#testresult/1788b3e7a5840461",
        "status" : "failed",
        "statusDetails" : "AssertionError: /bin/sh: 1: ../../node_modules/.bin/truffle: not found\n  \nassert 127 == 0\n +  where 127 = CompletedProcess(args='cd issues/364; ../../node_modules/.bin/truffle --network neonlabs migrate -f 3 --to 3', returncode=127, stdout=b'', stderr=b'/bin/sh: 1: ../../node_modules/.bin/truffle: not found\\n').returncode",
        "time" : {
          "start" : 1638818564943,
          "stop" : 1638818564948,
          "duration" : 5
        }
      }, {
        "uid" : "e86efdca6da0fe0e",
        "reportUrl" : "https://neonlabsorg.github.io/neon-compatibility/163//#testresult/e86efdca6da0fe0e",
        "status" : "failed",
        "statusDetails" : "AssertionError: /bin/sh: 1: ../../node_modules/.bin/truffle: not found\n  \nassert 127 == 0\n +  where 127 = CompletedProcess(args='cd issues/364; ../../node_modules/.bin/truffle --network neonlabs migrate -f 3 --to 3', returncode=127, stdout=b'', stderr=b'/bin/sh: 1: ../../node_modules/.bin/truffle: not found\\n').returncode",
        "time" : {
          "start" : 1638795106218,
          "stop" : 1638795106222,
          "duration" : 4
        }
      }, {
        "uid" : "20b17f17321592de",
        "reportUrl" : "https://neonlabsorg.github.io/neon-compatibility/162//#testresult/20b17f17321592de",
        "status" : "failed",
        "statusDetails" : "AssertionError: /bin/sh: 1: ../../node_modules/.bin/truffle: not found\n  \nassert 127 == 0\n +  where 127 = CompletedProcess(args='cd issues/364; ../../node_modules/.bin/truffle --network neonlabs migrate -f 3 --to 3', returncode=127, stdout=b'', stderr=b'/bin/sh: 1: ../../node_modules/.bin/truffle: not found\\n').returncode",
        "time" : {
          "start" : 1638760342554,
          "stop" : 1638760342559,
          "duration" : 5
        }
      }, {
        "uid" : "f4c1782eba04b160",
        "reportUrl" : "https://neonlabsorg.github.io/neon-compatibility/161//#testresult/f4c1782eba04b160",
        "status" : "failed",
        "statusDetails" : "AssertionError: /bin/sh: 1: ../../node_modules/.bin/truffle: not found\n  \nassert 127 == 0\n +  where 127 = CompletedProcess(args='cd issues/364; ../../node_modules/.bin/truffle --network neonlabs migrate -f 3 --to 3', returncode=127, stdout=b'', stderr=b'/bin/sh: 1: ../../node_modules/.bin/truffle: not found\\n').returncode",
        "time" : {
          "start" : 1638750701820,
          "stop" : 1638750701825,
          "duration" : 5
        }
      }, {
        "uid" : "ecc41c7b454d7d12",
        "reportUrl" : "https://neonlabsorg.github.io/neon-compatibility/160//#testresult/ecc41c7b454d7d12",
        "status" : "failed",
        "statusDetails" : "AssertionError: /bin/sh: 1: ../../node_modules/.bin/truffle: not found\n  \nassert 127 == 0\n +  where 127 = CompletedProcess(args='cd issues/364; ../../node_modules/.bin/truffle --network neonlabs migrate -f 3 --to 3', returncode=127, stdout=b'', stderr=b'/bin/sh: 1: ../../node_modules/.bin/truffle: not found\\n').returncode",
        "time" : {
          "start" : 1638695859570,
          "stop" : 1638695859576,
          "duration" : 6
        }
      }, {
        "uid" : "baa1e6125cdbb5c0",
        "reportUrl" : "https://neonlabsorg.github.io/neon-compatibility/159//#testresult/baa1e6125cdbb5c0",
        "status" : "failed",
        "statusDetails" : "AssertionError: /bin/sh: 1: ../../node_modules/.bin/truffle: not found\n  \nassert 127 == 0\n +  where 127 = CompletedProcess(args='cd issues/364; ../../node_modules/.bin/truffle --network neonlabs migrate -f 3 --to 3', returncode=127, stdout=b'', stderr=b'/bin/sh: 1: ../../node_modules/.bin/truffle: not found\\n').returncode",
        "time" : {
          "start" : 1638673918614,
          "stop" : 1638673918619,
          "duration" : 5
        }
      }, {
        "uid" : "43ffe8082bde664",
        "reportUrl" : "https://neonlabsorg.github.io/neon-compatibility/158//#testresult/43ffe8082bde664",
        "status" : "failed",
        "statusDetails" : "AssertionError: /bin/sh: 1: ../../node_modules/.bin/truffle: not found\n  \nassert 127 == 0\n +  where 127 = CompletedProcess(args='cd issues/364; ../../node_modules/.bin/truffle --network neonlabs migrate -f 3 --to 3', returncode=127, stdout=b'', stderr=b'/bin/sh: 1: ../../node_modules/.bin/truffle: not found\\n').returncode",
        "time" : {
          "start" : 1638664362850,
          "stop" : 1638664362856,
          "duration" : 6
        }
      }, {
        "uid" : "355939a95aa751a",
        "reportUrl" : "https://neonlabsorg.github.io/neon-compatibility/157//#testresult/355939a95aa751a",
        "status" : "failed",
        "statusDetails" : "AssertionError: /bin/sh: 1: ../../node_modules/.bin/truffle: not found\n  \nassert 127 == 0\n +  where 127 = CompletedProcess(args='cd issues/364; ../../node_modules/.bin/truffle --network neonlabs migrate -f 3 --to 3', returncode=127, stdout=b'', stderr=b'/bin/sh: 1: ../../node_modules/.bin/truffle: not found\\n').returncode",
        "time" : {
          "start" : 1638643469012,
          "stop" : 1638643469017,
          "duration" : 5
        }
      }, {
        "uid" : "d22cd7e4dd74c08f",
        "reportUrl" : "https://neonlabsorg.github.io/neon-compatibility/156//#testresult/d22cd7e4dd74c08f",
        "status" : "failed",
        "statusDetails" : "AssertionError: /bin/sh: 1: ../../node_modules/.bin/truffle: not found\n  \nassert 127 == 0\n +  where 127 = CompletedProcess(args='cd issues/364; ../../node_modules/.bin/truffle --network neonlabs migrate -f 3 --to 3', returncode=127, stdout=b'', stderr=b'/bin/sh: 1: ../../node_modules/.bin/truffle: not found\\n').returncode",
        "time" : {
          "start" : 1638587510683,
          "stop" : 1638587510688,
          "duration" : 5
        }
      } ]
    },
    "tags" : [ ]
  },
  "source" : "8eca2db39217cb5.json",
  "parameterValues" : [ ]
}