{
  "uid" : "b9c1d58a77cd4ea3",
  "name" : "test_contracts[input_data0]",
  "fullName" : "tests.openzeppelin.test_openzeppelin#test_contracts",
  "historyId" : "645bc649ec39068f8479f87dfb6007e3",
  "time" : {
    "start" : 1642552317899,
    "stop" : 1642552338300,
    "duration" : 20401
  },
  "status" : "failed",
  "statusMessage" : "AssertionError: assert 'Error: Coul... any sources' not in '/home/runne...ttempt #1.\\n'\n  'Error: Could not f...ns from any sources' is contained here:\n           ^\n    \n    Error: Could not find artifacts for Migrations from any sources\n        at Resolver.require (/home/runner/work/neon-compatibility/neon-compatibility/node_modules/truffle/build/webpack:/packages/resolver/dist/lib/resolver.js:61:1)\n        at Object.require (/home/runner/work/neon-compatibility/neon-compatibility/node_modules/truffle/build/webpack:/packages/migrate/index.js:172:1)\n        at ResolverIntercept.require (/home/runner/work/neon-compatibility/neon-compatibility/node_modules/truffle/build/webpack:/packages/migrate/ResolverIntercept.js:22:1)\n        at /home/runner/work/neon-compatibility/neon-compatibility/OpenZeppelin/migrations/1_initial_migration.js:1:30\n        at Script.runInContext (node:vm:139:12)\n        at Script.runInNewContext (node:vm:144:17)\n        at Object.file (/home/runner/work/neon-compatibility/neon-compatibility/node_modules/truffle/build/webpack:/packages/require/require.js:94:1)\n        at Migration._load (/home/runner/work/neon-compatibility/neon-compatibility/node_modules/truffle/build/webpack:/packages/migrate/Migration.js:44:1)\n        at Migration.run (/home/runner/work/neon-compatibility/neon-compatibility/node_modules/truffle/build/webpack:/packages/migrate/Migration.js:217:1)\n        at Object.runMigrations (/home/runner/work/neon-compatibility/neon-compatibility/node_modules/truffle/build/webpack:/packages/migrate/index.js:150:1)\n        at Object.runFrom (/home/runner/work/neon-compatibility/neon-compatibility/node_modules/truffle/build/webpack:/packages/migrate/index.js:110:1)\n        at Object.runAll (/home/runner/work/neon-compatibility/neon-compatibility/node_modules/truffle/build/webpack:/packages/migrate/index.js:114:1)\n        at Object.run (/home/runner/work/neon-compatibility/neon-compatibility/node_modules/truffle/build/webpack:/packages/migrate/index.js:79:1)\n        at Object.run (/home/runner/work/neon-compatibility/neon-compatibility/node_modules/truffle/build/webpack:/packages/core/lib/testing/Test.js:109:1)\n        at Object.run (/home/runner/work/neon-compatibility/neon-compatibility/node_modules/truffle/build/webpack:/packages/core/lib/commands/test/index.js:177:1)\n        at Command.run (/home/runner/work/neon-compatibility/neon-compatibility/node_modules/truffle/build/webpack:/packages/core/lib/command.js:183:1)\n    Truffle v5.4.14 (core: 5.4.14)\n    Node v16.13.2\n    /home/runner/work/neon-compatibility/neon-compatibility\n    - Fetching solc version list from solc-bin. Attempt #1\n    ✔ Downloading compiler. Attempt #1.",
  "statusTrace" : "input_data = InputData(test_file='access/Ownable.test.js', test_files=['access/Ownable.test.js'], contracts=['access/Ownable.sol', ...s.sol', 'utils/introspection/ERC165.sol', 'utils/introspection/IERC165.sol'], migration_script='2_deploy_contracts.js')\n\n    @pytest.mark.parametrize(\"input_data\", INPUT_DATA)\n    @allure.feature(FEATURE)\n    def test_contracts(input_data: InputData):\n        copy_files(input_data)\n    \n        # truffle --network neonlabs test ./test/access/[test file name]\n        command = f\"--network neonlabs test ./test/{input_data.test_file}\"\n        cmd_res = run_command_line(\n            f\"{Subfolder.CD_OPENZEPPELIN} {RunCommand.TRUFFLE} {command} {CD_BACK}\"\n        )\n        # assert OpenZeppelinSuccess.SUCCESS_PASSING in actual_result\n        # assert OpenZeppelinSuccess.SUCCESS_CONTRACT in actual_result\n        # assert OpenZeppelinSuccess.SUCCESS_1_ETHER in actual_result\n        # assert TruffleBasedError.ERROR_NO_ATTRIBUTE_ETH_ACCOUNTS \\\n        #     not in actual_result\n        actual_result = cmd_res.stdout.decode() + cmd_res.stderr.decode()\n        assert cmd_res.returncode == 0, actual_result\n>       assert OpenZeppelinError.ERROR_NO_ARTIFACTS not in actual_result\nE       AssertionError: assert 'Error: Coul... any sources' not in '/home/runne...ttempt #1.\\n'\nE         'Error: Could not f...ns from any sources' is contained here:\nE                  ^\nE           \nE           Error: Could not find artifacts for Migrations from any sources\nE               at Resolver.require (/home/runner/work/neon-compatibility/neon-compatibility/node_modules/truffle/build/webpack:/packages/resolver/dist/lib/resolver.js:61:1)\nE               at Object.require (/home/runner/work/neon-compatibility/neon-compatibility/node_modules/truffle/build/webpack:/packages/migrate/index.js:172:1)\nE               at ResolverIntercept.require (/home/runner/work/neon-compatibility/neon-compatibility/node_modules/truffle/build/webpack:/packages/migrate/ResolverIntercept.js:22:1)\nE               at /home/runner/work/neon-compatibility/neon-compatibility/OpenZeppelin/migrations/1_initial_migration.js:1:30\nE               at Script.runInContext (node:vm:139:12)\nE               at Script.runInNewContext (node:vm:144:17)\nE               at Object.file (/home/runner/work/neon-compatibility/neon-compatibility/node_modules/truffle/build/webpack:/packages/require/require.js:94:1)\nE               at Migration._load (/home/runner/work/neon-compatibility/neon-compatibility/node_modules/truffle/build/webpack:/packages/migrate/Migration.js:44:1)\nE               at Migration.run (/home/runner/work/neon-compatibility/neon-compatibility/node_modules/truffle/build/webpack:/packages/migrate/Migration.js:217:1)\nE               at Object.runMigrations (/home/runner/work/neon-compatibility/neon-compatibility/node_modules/truffle/build/webpack:/packages/migrate/index.js:150:1)\nE               at Object.runFrom (/home/runner/work/neon-compatibility/neon-compatibility/node_modules/truffle/build/webpack:/packages/migrate/index.js:110:1)\nE               at Object.runAll (/home/runner/work/neon-compatibility/neon-compatibility/node_modules/truffle/build/webpack:/packages/migrate/index.js:114:1)\nE               at Object.run (/home/runner/work/neon-compatibility/neon-compatibility/node_modules/truffle/build/webpack:/packages/migrate/index.js:79:1)\nE               at Object.run (/home/runner/work/neon-compatibility/neon-compatibility/node_modules/truffle/build/webpack:/packages/core/lib/testing/Test.js:109:1)\nE               at Object.run (/home/runner/work/neon-compatibility/neon-compatibility/node_modules/truffle/build/webpack:/packages/core/lib/commands/test/index.js:177:1)\nE               at Command.run (/home/runner/work/neon-compatibility/neon-compatibility/node_modules/truffle/build/webpack:/packages/core/lib/command.js:183:1)\nE           Truffle v5.4.14 (core: 5.4.14)\nE           Node v16.13.2\nE           /home/runner/work/neon-compatibility/neon-compatibility\nE           - Fetching solc version list from solc-bin. Attempt #1\nE           ✔ Downloading compiler. Attempt #1.\n\ntests/openzeppelin/test_openzeppelin.py:154: AssertionError",
  "flaky" : false,
  "newFailed" : false,
  "newBroken" : false,
  "newPassed" : false,
  "retriesCount" : 0,
  "retriesStatusChange" : false,
  "beforeStages" : [ {
    "name" : "prepare_truffle_config",
    "time" : {
      "start" : 1642552317886,
      "stop" : 1642552317898,
      "duration" : 12
    },
    "status" : "passed",
    "steps" : [ {
      "name" : "Preset variables",
      "time" : {
        "start" : 1642552317886,
        "stop" : 1642552317896,
        "duration" : 10
      },
      "status" : "passed",
      "steps" : [ ],
      "attachments" : [ ],
      "parameters" : [ ],
      "stepsCount" : 0,
      "attachmentsCount" : 0,
      "shouldDisplayMessage" : false,
      "hasContent" : false
    }, {
      "name" : "Clean up folder \"'.gitkeep'\"",
      "time" : {
        "start" : 1642552317896,
        "stop" : 1642552317896,
        "duration" : 0
      },
      "status" : "passed",
      "steps" : [ ],
      "attachments" : [ ],
      "parameters" : [ {
        "name" : "folder",
        "value" : "'.gitkeep'"
      } ],
      "stepsCount" : 0,
      "attachmentsCount" : 0,
      "shouldDisplayMessage" : false,
      "hasContent" : true
    }, {
      "name" : "Clean up folder \"'mocks'\"",
      "time" : {
        "start" : 1642552317896,
        "stop" : 1642552317896,
        "duration" : 0
      },
      "status" : "passed",
      "steps" : [ ],
      "attachments" : [ ],
      "parameters" : [ {
        "name" : "folder",
        "value" : "'mocks'"
      } ],
      "stepsCount" : 0,
      "attachmentsCount" : 0,
      "shouldDisplayMessage" : false,
      "hasContent" : true
    }, {
      "name" : "Clean up folder \"'governance'\"",
      "time" : {
        "start" : 1642552317897,
        "stop" : 1642552317897,
        "duration" : 0
      },
      "status" : "passed",
      "steps" : [ ],
      "attachments" : [ ],
      "parameters" : [ {
        "name" : "folder",
        "value" : "'governance'"
      } ],
      "stepsCount" : 0,
      "attachmentsCount" : 0,
      "shouldDisplayMessage" : false,
      "hasContent" : true
    }, {
      "name" : "Clean up folder \"'interfaces'\"",
      "time" : {
        "start" : 1642552317897,
        "stop" : 1642552317897,
        "duration" : 0
      },
      "status" : "passed",
      "steps" : [ ],
      "attachments" : [ ],
      "parameters" : [ {
        "name" : "folder",
        "value" : "'interfaces'"
      } ],
      "stepsCount" : 0,
      "attachmentsCount" : 0,
      "shouldDisplayMessage" : false,
      "hasContent" : true
    }, {
      "name" : "Clean up folder \"'access'\"",
      "time" : {
        "start" : 1642552317897,
        "stop" : 1642552317897,
        "duration" : 0
      },
      "status" : "passed",
      "steps" : [ ],
      "attachments" : [ ],
      "parameters" : [ {
        "name" : "folder",
        "value" : "'access'"
      } ],
      "stepsCount" : 0,
      "attachmentsCount" : 0,
      "shouldDisplayMessage" : false,
      "hasContent" : true
    }, {
      "name" : "Clean up folder \"'utils'\"",
      "time" : {
        "start" : 1642552317897,
        "stop" : 1642552317897,
        "duration" : 0
      },
      "status" : "passed",
      "steps" : [ ],
      "attachments" : [ ],
      "parameters" : [ {
        "name" : "folder",
        "value" : "'utils'"
      } ],
      "stepsCount" : 0,
      "attachmentsCount" : 0,
      "shouldDisplayMessage" : false,
      "hasContent" : true
    }, {
      "name" : "Clean up folder \"'proxy'\"",
      "time" : {
        "start" : 1642552317897,
        "stop" : 1642552317897,
        "duration" : 0
      },
      "status" : "passed",
      "steps" : [ ],
      "attachments" : [ ],
      "parameters" : [ {
        "name" : "folder",
        "value" : "'proxy'"
      } ],
      "stepsCount" : 0,
      "attachmentsCount" : 0,
      "shouldDisplayMessage" : false,
      "hasContent" : true
    }, {
      "name" : "Clean up folder \"'security'\"",
      "time" : {
        "start" : 1642552317897,
        "stop" : 1642552317897,
        "duration" : 0
      },
      "status" : "passed",
      "steps" : [ ],
      "attachments" : [ ],
      "parameters" : [ {
        "name" : "folder",
        "value" : "'security'"
      } ],
      "stepsCount" : 0,
      "attachmentsCount" : 0,
      "shouldDisplayMessage" : false,
      "hasContent" : true
    }, {
      "name" : "Clean up folder \"'finance'\"",
      "time" : {
        "start" : 1642552317897,
        "stop" : 1642552317897,
        "duration" : 0
      },
      "status" : "passed",
      "steps" : [ ],
      "attachments" : [ ],
      "parameters" : [ {
        "name" : "folder",
        "value" : "'finance'"
      } ],
      "stepsCount" : 0,
      "attachmentsCount" : 0,
      "shouldDisplayMessage" : false,
      "hasContent" : true
    }, {
      "name" : "Clean up folder \"'metatx'\"",
      "time" : {
        "start" : 1642552317897,
        "stop" : 1642552317897,
        "duration" : 0
      },
      "status" : "passed",
      "steps" : [ ],
      "attachments" : [ ],
      "parameters" : [ {
        "name" : "folder",
        "value" : "'metatx'"
      } ],
      "stepsCount" : 0,
      "attachmentsCount" : 0,
      "shouldDisplayMessage" : false,
      "hasContent" : true
    }, {
      "name" : "Clean up folder \"'token'\"",
      "time" : {
        "start" : 1642552317897,
        "stop" : 1642552317897,
        "duration" : 0
      },
      "status" : "passed",
      "steps" : [ ],
      "attachments" : [ ],
      "parameters" : [ {
        "name" : "folder",
        "value" : "'token'"
      } ],
      "stepsCount" : 0,
      "attachmentsCount" : 0,
      "shouldDisplayMessage" : false,
      "hasContent" : true
    }, {
      "name" : "Clean up folder \"'.gitkeep'\"",
      "time" : {
        "start" : 1642552317897,
        "stop" : 1642552317897,
        "duration" : 0
      },
      "status" : "passed",
      "steps" : [ ],
      "attachments" : [ ],
      "parameters" : [ {
        "name" : "folder",
        "value" : "'.gitkeep'"
      } ],
      "stepsCount" : 0,
      "attachmentsCount" : 0,
      "shouldDisplayMessage" : false,
      "hasContent" : true
    }, {
      "name" : "Clean up folder \"'.gitkeep'\"",
      "time" : {
        "start" : 1642552317897,
        "stop" : 1642552317897,
        "duration" : 0
      },
      "status" : "passed",
      "steps" : [ ],
      "attachments" : [ ],
      "parameters" : [ {
        "name" : "folder",
        "value" : "'.gitkeep'"
      } ],
      "stepsCount" : 0,
      "attachmentsCount" : 0,
      "shouldDisplayMessage" : false,
      "hasContent" : true
    }, {
      "name" : "Clean up folder \"'mocks'\"",
      "time" : {
        "start" : 1642552317897,
        "stop" : 1642552317897,
        "duration" : 0
      },
      "status" : "passed",
      "steps" : [ ],
      "attachments" : [ ],
      "parameters" : [ {
        "name" : "folder",
        "value" : "'mocks'"
      } ],
      "stepsCount" : 0,
      "attachmentsCount" : 0,
      "shouldDisplayMessage" : false,
      "hasContent" : true
    }, {
      "name" : "Clean up folder \"'governance'\"",
      "time" : {
        "start" : 1642552317898,
        "stop" : 1642552317898,
        "duration" : 0
      },
      "status" : "passed",
      "steps" : [ ],
      "attachments" : [ ],
      "parameters" : [ {
        "name" : "folder",
        "value" : "'governance'"
      } ],
      "stepsCount" : 0,
      "attachmentsCount" : 0,
      "shouldDisplayMessage" : false,
      "hasContent" : true
    }, {
      "name" : "Clean up folder \"'interfaces'\"",
      "time" : {
        "start" : 1642552317898,
        "stop" : 1642552317898,
        "duration" : 0
      },
      "status" : "passed",
      "steps" : [ ],
      "attachments" : [ ],
      "parameters" : [ {
        "name" : "folder",
        "value" : "'interfaces'"
      } ],
      "stepsCount" : 0,
      "attachmentsCount" : 0,
      "shouldDisplayMessage" : false,
      "hasContent" : true
    }, {
      "name" : "Clean up folder \"'access'\"",
      "time" : {
        "start" : 1642552317898,
        "stop" : 1642552317898,
        "duration" : 0
      },
      "status" : "passed",
      "steps" : [ ],
      "attachments" : [ ],
      "parameters" : [ {
        "name" : "folder",
        "value" : "'access'"
      } ],
      "stepsCount" : 0,
      "attachmentsCount" : 0,
      "shouldDisplayMessage" : false,
      "hasContent" : true
    }, {
      "name" : "Clean up folder \"'utils'\"",
      "time" : {
        "start" : 1642552317898,
        "stop" : 1642552317898,
        "duration" : 0
      },
      "status" : "passed",
      "steps" : [ ],
      "attachments" : [ ],
      "parameters" : [ {
        "name" : "folder",
        "value" : "'utils'"
      } ],
      "stepsCount" : 0,
      "attachmentsCount" : 0,
      "shouldDisplayMessage" : false,
      "hasContent" : true
    }, {
      "name" : "Clean up folder \"'proxy'\"",
      "time" : {
        "start" : 1642552317898,
        "stop" : 1642552317898,
        "duration" : 0
      },
      "status" : "passed",
      "steps" : [ ],
      "attachments" : [ ],
      "parameters" : [ {
        "name" : "folder",
        "value" : "'proxy'"
      } ],
      "stepsCount" : 0,
      "attachmentsCount" : 0,
      "shouldDisplayMessage" : false,
      "hasContent" : true
    }, {
      "name" : "Clean up folder \"'security'\"",
      "time" : {
        "start" : 1642552317898,
        "stop" : 1642552317898,
        "duration" : 0
      },
      "status" : "passed",
      "steps" : [ ],
      "attachments" : [ ],
      "parameters" : [ {
        "name" : "folder",
        "value" : "'security'"
      } ],
      "stepsCount" : 0,
      "attachmentsCount" : 0,
      "shouldDisplayMessage" : false,
      "hasContent" : true
    }, {
      "name" : "Clean up folder \"'finance'\"",
      "time" : {
        "start" : 1642552317898,
        "stop" : 1642552317898,
        "duration" : 0
      },
      "status" : "passed",
      "steps" : [ ],
      "attachments" : [ ],
      "parameters" : [ {
        "name" : "folder",
        "value" : "'finance'"
      } ],
      "stepsCount" : 0,
      "attachmentsCount" : 0,
      "shouldDisplayMessage" : false,
      "hasContent" : true
    }, {
      "name" : "Clean up folder \"'metatx'\"",
      "time" : {
        "start" : 1642552317898,
        "stop" : 1642552317898,
        "duration" : 0
      },
      "status" : "passed",
      "steps" : [ ],
      "attachments" : [ ],
      "parameters" : [ {
        "name" : "folder",
        "value" : "'metatx'"
      } ],
      "stepsCount" : 0,
      "attachmentsCount" : 0,
      "shouldDisplayMessage" : false,
      "hasContent" : true
    }, {
      "name" : "Clean up folder \"'token'\"",
      "time" : {
        "start" : 1642552317898,
        "stop" : 1642552317898,
        "duration" : 0
      },
      "status" : "passed",
      "steps" : [ ],
      "attachments" : [ ],
      "parameters" : [ {
        "name" : "folder",
        "value" : "'token'"
      } ],
      "stepsCount" : 0,
      "attachmentsCount" : 0,
      "shouldDisplayMessage" : false,
      "hasContent" : true
    } ],
    "attachments" : [ ],
    "parameters" : [ ],
    "stepsCount" : 24,
    "attachmentsCount" : 0,
    "shouldDisplayMessage" : false,
    "hasContent" : true
  } ],
  "testStage" : {
    "status" : "failed",
    "statusMessage" : "AssertionError: assert 'Error: Coul... any sources' not in '/home/runne...ttempt #1.\\n'\n  'Error: Could not f...ns from any sources' is contained here:\n           ^\n    \n    Error: Could not find artifacts for Migrations from any sources\n        at Resolver.require (/home/runner/work/neon-compatibility/neon-compatibility/node_modules/truffle/build/webpack:/packages/resolver/dist/lib/resolver.js:61:1)\n        at Object.require (/home/runner/work/neon-compatibility/neon-compatibility/node_modules/truffle/build/webpack:/packages/migrate/index.js:172:1)\n        at ResolverIntercept.require (/home/runner/work/neon-compatibility/neon-compatibility/node_modules/truffle/build/webpack:/packages/migrate/ResolverIntercept.js:22:1)\n        at /home/runner/work/neon-compatibility/neon-compatibility/OpenZeppelin/migrations/1_initial_migration.js:1:30\n        at Script.runInContext (node:vm:139:12)\n        at Script.runInNewContext (node:vm:144:17)\n        at Object.file (/home/runner/work/neon-compatibility/neon-compatibility/node_modules/truffle/build/webpack:/packages/require/require.js:94:1)\n        at Migration._load (/home/runner/work/neon-compatibility/neon-compatibility/node_modules/truffle/build/webpack:/packages/migrate/Migration.js:44:1)\n        at Migration.run (/home/runner/work/neon-compatibility/neon-compatibility/node_modules/truffle/build/webpack:/packages/migrate/Migration.js:217:1)\n        at Object.runMigrations (/home/runner/work/neon-compatibility/neon-compatibility/node_modules/truffle/build/webpack:/packages/migrate/index.js:150:1)\n        at Object.runFrom (/home/runner/work/neon-compatibility/neon-compatibility/node_modules/truffle/build/webpack:/packages/migrate/index.js:110:1)\n        at Object.runAll (/home/runner/work/neon-compatibility/neon-compatibility/node_modules/truffle/build/webpack:/packages/migrate/index.js:114:1)\n        at Object.run (/home/runner/work/neon-compatibility/neon-compatibility/node_modules/truffle/build/webpack:/packages/migrate/index.js:79:1)\n        at Object.run (/home/runner/work/neon-compatibility/neon-compatibility/node_modules/truffle/build/webpack:/packages/core/lib/testing/Test.js:109:1)\n        at Object.run (/home/runner/work/neon-compatibility/neon-compatibility/node_modules/truffle/build/webpack:/packages/core/lib/commands/test/index.js:177:1)\n        at Command.run (/home/runner/work/neon-compatibility/neon-compatibility/node_modules/truffle/build/webpack:/packages/core/lib/command.js:183:1)\n    Truffle v5.4.14 (core: 5.4.14)\n    Node v16.13.2\n    /home/runner/work/neon-compatibility/neon-compatibility\n    - Fetching solc version list from solc-bin. Attempt #1\n    ✔ Downloading compiler. Attempt #1.",
    "statusTrace" : "input_data = InputData(test_file='access/Ownable.test.js', test_files=['access/Ownable.test.js'], contracts=['access/Ownable.sol', ...s.sol', 'utils/introspection/ERC165.sol', 'utils/introspection/IERC165.sol'], migration_script='2_deploy_contracts.js')\n\n    @pytest.mark.parametrize(\"input_data\", INPUT_DATA)\n    @allure.feature(FEATURE)\n    def test_contracts(input_data: InputData):\n        copy_files(input_data)\n    \n        # truffle --network neonlabs test ./test/access/[test file name]\n        command = f\"--network neonlabs test ./test/{input_data.test_file}\"\n        cmd_res = run_command_line(\n            f\"{Subfolder.CD_OPENZEPPELIN} {RunCommand.TRUFFLE} {command} {CD_BACK}\"\n        )\n        # assert OpenZeppelinSuccess.SUCCESS_PASSING in actual_result\n        # assert OpenZeppelinSuccess.SUCCESS_CONTRACT in actual_result\n        # assert OpenZeppelinSuccess.SUCCESS_1_ETHER in actual_result\n        # assert TruffleBasedError.ERROR_NO_ATTRIBUTE_ETH_ACCOUNTS \\\n        #     not in actual_result\n        actual_result = cmd_res.stdout.decode() + cmd_res.stderr.decode()\n        assert cmd_res.returncode == 0, actual_result\n>       assert OpenZeppelinError.ERROR_NO_ARTIFACTS not in actual_result\nE       AssertionError: assert 'Error: Coul... any sources' not in '/home/runne...ttempt #1.\\n'\nE         'Error: Could not f...ns from any sources' is contained here:\nE                  ^\nE           \nE           Error: Could not find artifacts for Migrations from any sources\nE               at Resolver.require (/home/runner/work/neon-compatibility/neon-compatibility/node_modules/truffle/build/webpack:/packages/resolver/dist/lib/resolver.js:61:1)\nE               at Object.require (/home/runner/work/neon-compatibility/neon-compatibility/node_modules/truffle/build/webpack:/packages/migrate/index.js:172:1)\nE               at ResolverIntercept.require (/home/runner/work/neon-compatibility/neon-compatibility/node_modules/truffle/build/webpack:/packages/migrate/ResolverIntercept.js:22:1)\nE               at /home/runner/work/neon-compatibility/neon-compatibility/OpenZeppelin/migrations/1_initial_migration.js:1:30\nE               at Script.runInContext (node:vm:139:12)\nE               at Script.runInNewContext (node:vm:144:17)\nE               at Object.file (/home/runner/work/neon-compatibility/neon-compatibility/node_modules/truffle/build/webpack:/packages/require/require.js:94:1)\nE               at Migration._load (/home/runner/work/neon-compatibility/neon-compatibility/node_modules/truffle/build/webpack:/packages/migrate/Migration.js:44:1)\nE               at Migration.run (/home/runner/work/neon-compatibility/neon-compatibility/node_modules/truffle/build/webpack:/packages/migrate/Migration.js:217:1)\nE               at Object.runMigrations (/home/runner/work/neon-compatibility/neon-compatibility/node_modules/truffle/build/webpack:/packages/migrate/index.js:150:1)\nE               at Object.runFrom (/home/runner/work/neon-compatibility/neon-compatibility/node_modules/truffle/build/webpack:/packages/migrate/index.js:110:1)\nE               at Object.runAll (/home/runner/work/neon-compatibility/neon-compatibility/node_modules/truffle/build/webpack:/packages/migrate/index.js:114:1)\nE               at Object.run (/home/runner/work/neon-compatibility/neon-compatibility/node_modules/truffle/build/webpack:/packages/migrate/index.js:79:1)\nE               at Object.run (/home/runner/work/neon-compatibility/neon-compatibility/node_modules/truffle/build/webpack:/packages/core/lib/testing/Test.js:109:1)\nE               at Object.run (/home/runner/work/neon-compatibility/neon-compatibility/node_modules/truffle/build/webpack:/packages/core/lib/commands/test/index.js:177:1)\nE               at Command.run (/home/runner/work/neon-compatibility/neon-compatibility/node_modules/truffle/build/webpack:/packages/core/lib/command.js:183:1)\nE           Truffle v5.4.14 (core: 5.4.14)\nE           Node v16.13.2\nE           /home/runner/work/neon-compatibility/neon-compatibility\nE           - Fetching solc version list from solc-bin. Attempt #1\nE           ✔ Downloading compiler. Attempt #1.\n\ntests/openzeppelin/test_openzeppelin.py:154: AssertionError",
    "steps" : [ {
      "name" : "Run command: \"'cd OpenZeppelin; pwd; ../node_modules/.bin/truffle --network neonlabs test ./test/access/Ownable.test.js ; cd \"/home/runner/work/neon-compatibility/neon-compatibility\"; pwd;'\"",
      "time" : {
        "start" : 1642552317900,
        "stop" : 1642552338299,
        "duration" : 20399
      },
      "status" : "passed",
      "steps" : [ ],
      "attachments" : [ ],
      "parameters" : [ {
        "name" : "command",
        "value" : "'cd OpenZeppelin; pwd; ../node_modules/.bin/truffle --network neonlabs test ./test/access/Ownable.test.js ; cd \"/home/runner/work/neon-compatibility/neon-compatibility\"; pwd;'"
      } ],
      "stepsCount" : 0,
      "attachmentsCount" : 0,
      "shouldDisplayMessage" : false,
      "hasContent" : true
    } ],
    "attachments" : [ {
      "uid" : "aa1710c6609c6d2c",
      "name" : "stdout",
      "source" : "aa1710c6609c6d2c.txt",
      "type" : "text/plain",
      "size" : 3806
    } ],
    "parameters" : [ ],
    "stepsCount" : 1,
    "attachmentsCount" : 1,
    "shouldDisplayMessage" : true,
    "hasContent" : true
  },
  "afterStages" : [ {
    "name" : "prepare_truffle_config::0",
    "time" : {
      "start" : 1642552338305,
      "stop" : 1642552338305,
      "duration" : 0
    },
    "status" : "passed",
    "steps" : [ ],
    "attachments" : [ ],
    "parameters" : [ ],
    "stepsCount" : 0,
    "attachmentsCount" : 0,
    "shouldDisplayMessage" : false,
    "hasContent" : false
  } ],
  "labels" : [ {
    "name" : "feature",
    "value" : "OpenZeppelin"
  }, {
    "name" : "parentSuite",
    "value" : "tests.openzeppelin"
  }, {
    "name" : "suite",
    "value" : "test_openzeppelin"
  }, {
    "name" : "host",
    "value" : "fv-az131-717"
  }, {
    "name" : "thread",
    "value" : "3552-MainThread"
  }, {
    "name" : "framework",
    "value" : "pytest"
  }, {
    "name" : "language",
    "value" : "cpython3"
  }, {
    "name" : "package",
    "value" : "tests.openzeppelin.test_openzeppelin"
  }, {
    "name" : "resultFormat",
    "value" : "allure2"
  } ],
  "parameters" : [ {
    "name" : "input_data",
    "value" : "InputData(test_file='access/Ownable.test.js', test_files=['access/Ownable.test.js'], contracts=['access/Ownable.sol', 'mocks/OwnableMock.sol', 'mocks/AccessControlMock.sol', 'mocks/AccessControlEnumerableMock.sol', 'access/AccessControlEnumerable.sol', 'access/IAccessControlEnumerable.sol', 'utils/structs/EnumerableSet.sol', 'access/AccessControl.sol', 'utils/Context.sol', 'access/IAccessControl.sol', 'utils/Strings.sol', 'utils/introspection/ERC165.sol', 'utils/introspection/IERC165.sol'], migration_script='2_deploy_contracts.js')"
  } ],
  "links" : [ ],
  "hidden" : false,
  "retry" : false,
  "extra" : {
    "severity" : "normal",
    "retries" : [ ],
    "categories" : [ {
      "name" : "Product defects",
      "matchedStatuses" : [ ],
      "flaky" : false
    } ],
    "history" : {
      "statistic" : {
        "failed" : 83,
        "broken" : 0,
        "skipped" : 0,
        "passed" : 31,
        "unknown" : 0,
        "total" : 114
      },
      "items" : [ {
        "uid" : "11244968dbf85d5e",
        "reportUrl" : "https://neonlabsorg.github.io/neon-compatibility/520//#testresult/11244968dbf85d5e",
        "status" : "failed",
        "statusDetails" : "AssertionError: assert 'Error: Coul... any sources' not in '/home/runne...ttempt #1.\\n'\n  'Error: Could not f...ns from any sources' is contained here:\n           ^\n    \n    Error: Could not find artifacts for Migrations from any sources\n        at Resolver.require (/home/runner/work/neon-compatibility/neon-compatibility/node_modules/truffle/build/webpack:/packages/resolver/dist/lib/resolver.js:61:1)\n        at Object.require (/home/runner/work/neon-compatibility/neon-compatibility/node_modules/truffle/build/webpack:/packages/migrate/index.js:172:1)\n        at ResolverIntercept.require (/home/runner/work/neon-compatibility/neon-compatibility/node_modules/truffle/build/webpack:/packages/migrate/ResolverIntercept.js:22:1)\n        at /home/runner/work/neon-compatibility/neon-compatibility/OpenZeppelin/migrations/1_initial_migration.js:1:30\n        at Script.runInContext (node:vm:139:12)\n        at Script.runInNewContext (node:vm:144:17)\n        at Object.file (/home/runner/work/neon-compatibility/neon-compatibility/node_modules/truffle/build/webpack:/packages/require/require.js:94:1)\n        at Migration._load (/home/runner/work/neon-compatibility/neon-compatibility/node_modules/truffle/build/webpack:/packages/migrate/Migration.js:44:1)\n        at Migration.run (/home/runner/work/neon-compatibility/neon-compatibility/node_modules/truffle/build/webpack:/packages/migrate/Migration.js:217:1)\n        at Object.runMigrations (/home/runner/work/neon-compatibility/neon-compatibility/node_modules/truffle/build/webpack:/packages/migrate/index.js:150:1)\n        at Object.runFrom (/home/runner/work/neon-compatibility/neon-compatibility/node_modules/truffle/build/webpack:/packages/migrate/index.js:110:1)\n        at Object.runAll (/home/runner/work/neon-compatibility/neon-compatibility/node_modules/truffle/build/webpack:/packages/migrate/index.js:114:1)\n        at Object.run (/home/runner/work/neon-compatibility/neon-compatibility/node_modules/truffle/build/webpack:/packages/migrate/index.js:79:1)\n        at Object.run (/home/runner/work/neon-compatibility/neon-compatibility/node_modules/truffle/build/webpack:/packages/core/lib/testing/Test.js:109:1)\n        at Object.run (/home/runner/work/neon-compatibility/neon-compatibility/node_modules/truffle/build/webpack:/packages/core/lib/commands/test/index.js:177:1)\n        at Command.run (/home/runner/work/neon-compatibility/neon-compatibility/node_modules/truffle/build/webpack:/packages/core/lib/command.js:183:1)\n    Truffle v5.4.14 (core: 5.4.14)\n    Node v16.13.2\n    /home/runner/work/neon-compatibility/neon-compatibility\n    - Fetching solc version list from solc-bin. Attempt #1\n    ✔ Downloading compiler. Attempt #1.",
        "time" : {
          "start" : 1642511235803,
          "stop" : 1642511254032,
          "duration" : 18229
        }
      }, {
        "uid" : "293088d5a401a09f",
        "reportUrl" : "https://neonlabsorg.github.io/neon-compatibility/514//#testresult/293088d5a401a09f",
        "status" : "passed",
        "time" : {
          "start" : 1642496748061,
          "stop" : 1642496767194,
          "duration" : 19133
        }
      }, {
        "uid" : "e0259648100ba246",
        "reportUrl" : "https://neonlabsorg.github.io/neon-compatibility/513//#testresult/e0259648100ba246",
        "status" : "passed",
        "time" : {
          "start" : 1642475726176,
          "stop" : 1642475730126,
          "duration" : 3950
        }
      }, {
        "uid" : "6c855c2f2890c8de",
        "reportUrl" : "https://neonlabsorg.github.io/neon-compatibility/512//#testresult/6c855c2f2890c8de",
        "status" : "passed",
        "time" : {
          "start" : 1642466079868,
          "stop" : 1642466083513,
          "duration" : 3645
        }
      }, {
        "uid" : "6bf2783daf54bd27",
        "reportUrl" : "https://neonlabsorg.github.io/neon-compatibility/511//#testresult/6bf2783daf54bd27",
        "status" : "passed",
        "time" : {
          "start" : 1642389397497,
          "stop" : 1642389420593,
          "duration" : 23096
        }
      }, {
        "uid" : "1b8853f8ba8c91fb",
        "reportUrl" : "https://neonlabsorg.github.io/neon-compatibility/510//#testresult/1b8853f8ba8c91fb",
        "status" : "passed",
        "time" : {
          "start" : 1642379648516,
          "stop" : 1642379669541,
          "duration" : 21025
        }
      }, {
        "uid" : "c7ab179047a1062c",
        "reportUrl" : "https://neonlabsorg.github.io/neon-compatibility/509//#testresult/c7ab179047a1062c",
        "status" : "failed",
        "statusDetails" : "AssertionError: assert 'Error: Coul... any sources' not in '/home/runne...ttempt #1.\\n'\n  'Error: Could not f...ns from any sources' is contained here:\n           ^\n    \n    Error: Could not find artifacts for Migrations from any sources\n        at Resolver.require (/home/runner/work/neon-compatibility/neon-compatibility/node_modules/truffle/build/webpack:/packages/resolver/dist/lib/resolver.js:61:1)\n        at Object.require (/home/runner/work/neon-compatibility/neon-compatibility/node_modules/truffle/build/webpack:/packages/migrate/index.js:172:1)\n        at ResolverIntercept.require (/home/runner/work/neon-compatibility/neon-compatibility/node_modules/truffle/build/webpack:/packages/migrate/ResolverIntercept.js:22:1)\n        at /home/runner/work/neon-compatibility/neon-compatibility/OpenZeppelin/migrations/1_initial_migration.js:1:30\n        at Script.runInContext (node:vm:139:12)\n        at Script.runInNewContext (node:vm:144:17)\n        at Object.file (/home/runner/work/neon-compatibility/neon-compatibility/node_modules/truffle/build/webpack:/packages/require/require.js:94:1)\n        at Migration._load (/home/runner/work/neon-compatibility/neon-compatibility/node_modules/truffle/build/webpack:/packages/migrate/Migration.js:44:1)\n        at Migration.run (/home/runner/work/neon-compatibility/neon-compatibility/node_modules/truffle/build/webpack:/packages/migrate/Migration.js:217:1)\n        at Object.runMigrations (/home/runner/work/neon-compatibility/neon-compatibility/node_modules/truffle/build/webpack:/packages/migrate/index.js:150:1)\n        at Object.runFrom (/home/runner/work/neon-compatibility/neon-compatibility/node_modules/truffle/build/webpack:/packages/migrate/index.js:110:1)\n        at Object.runAll (/home/runner/work/neon-compatibility/neon-compatibility/node_modules/truffle/build/webpack:/packages/migrate/index.js:114:1)\n        at Object.run (/home/runner/work/neon-compatibility/neon-compatibility/node_modules/truffle/build/webpack:/packages/migrate/index.js:79:1)\n        at Object.run (/home/runner/work/neon-compatibility/neon-compatibility/node_modules/truffle/build/webpack:/packages/core/lib/testing/Test.js:109:1)\n        at Object.run (/home/runner/work/neon-compatibility/neon-compatibility/node_modules/truffle/build/webpack:/packages/core/lib/commands/test/index.js:177:1)\n        at Command.run (/home/runner/work/neon-compatibility/neon-compatibility/node_modules/truffle/build/webpack:/packages/core/lib/command.js:183:1)\n    Truffle v5.4.14 (core: 5.4.14)\n    Node v16.13.2\n    /home/runner/work/neon-compatibility/neon-compatibility\n    - Fetching solc version list from solc-bin. Attempt #1\n    ✔ Downloading compiler. Attempt #1.",
        "time" : {
          "start" : 1642303046113,
          "stop" : 1642303065825,
          "duration" : 19712
        }
      }, {
        "uid" : "952e1a21e9135a69",
        "reportUrl" : "https://neonlabsorg.github.io/neon-compatibility/508//#testresult/952e1a21e9135a69",
        "status" : "failed",
        "statusDetails" : "AssertionError: assert 'Error: Coul... any sources' not in '/home/runne...ttempt #1.\\n'\n  'Error: Could not f...ns from any sources' is contained here:\n           ^\n    \n    Error: Could not find artifacts for Migrations from any sources\n        at Resolver.require (/home/runner/work/neon-compatibility/neon-compatibility/node_modules/truffle/build/webpack:/packages/resolver/dist/lib/resolver.js:61:1)\n        at Object.require (/home/runner/work/neon-compatibility/neon-compatibility/node_modules/truffle/build/webpack:/packages/migrate/index.js:172:1)\n        at ResolverIntercept.require (/home/runner/work/neon-compatibility/neon-compatibility/node_modules/truffle/build/webpack:/packages/migrate/ResolverIntercept.js:22:1)\n        at /home/runner/work/neon-compatibility/neon-compatibility/OpenZeppelin/migrations/1_initial_migration.js:1:30\n        at Script.runInContext (node:vm:139:12)\n        at Script.runInNewContext (node:vm:144:17)\n        at Object.file (/home/runner/work/neon-compatibility/neon-compatibility/node_modules/truffle/build/webpack:/packages/require/require.js:94:1)\n        at Migration._load (/home/runner/work/neon-compatibility/neon-compatibility/node_modules/truffle/build/webpack:/packages/migrate/Migration.js:44:1)\n        at Migration.run (/home/runner/work/neon-compatibility/neon-compatibility/node_modules/truffle/build/webpack:/packages/migrate/Migration.js:217:1)\n        at Object.runMigrations (/home/runner/work/neon-compatibility/neon-compatibility/node_modules/truffle/build/webpack:/packages/migrate/index.js:150:1)\n        at Object.runFrom (/home/runner/work/neon-compatibility/neon-compatibility/node_modules/truffle/build/webpack:/packages/migrate/index.js:110:1)\n        at Object.runAll (/home/runner/work/neon-compatibility/neon-compatibility/node_modules/truffle/build/webpack:/packages/migrate/index.js:114:1)\n        at Object.run (/home/runner/work/neon-compatibility/neon-compatibility/node_modules/truffle/build/webpack:/packages/migrate/index.js:79:1)\n        at Object.run (/home/runner/work/neon-compatibility/neon-compatibility/node_modules/truffle/build/webpack:/packages/core/lib/testing/Test.js:109:1)\n        at Object.run (/home/runner/work/neon-compatibility/neon-compatibility/node_modules/truffle/build/webpack:/packages/core/lib/commands/test/index.js:177:1)\n        at Command.run (/home/runner/work/neon-compatibility/neon-compatibility/node_modules/truffle/build/webpack:/packages/core/lib/command.js:183:1)\n    Truffle v5.4.14 (core: 5.4.14)\n    Node v16.13.2\n    /home/runner/work/neon-compatibility/neon-compatibility\n    - Fetching solc version list from solc-bin. Attempt #1\n    ✔ Downloading compiler. Attempt #1.",
        "time" : {
          "start" : 1642293407576,
          "stop" : 1642293426758,
          "duration" : 19182
        }
      }, {
        "uid" : "771f9606eae84918",
        "reportUrl" : "https://neonlabsorg.github.io/neon-compatibility/506//#testresult/771f9606eae84918",
        "status" : "failed",
        "statusDetails" : "AssertionError: assert 'Error: Coul... any sources' not in '/home/runne...ttempt #1.\\n'\n  'Error: Could not f...ns from any sources' is contained here:\n           ^\n    \n    Error: Could not find artifacts for Migrations from any sources\n        at Resolver.require (/home/runner/work/neon-compatibility/neon-compatibility/node_modules/truffle/build/webpack:/packages/resolver/dist/lib/resolver.js:61:1)\n        at Object.require (/home/runner/work/neon-compatibility/neon-compatibility/node_modules/truffle/build/webpack:/packages/migrate/index.js:172:1)\n        at ResolverIntercept.require (/home/runner/work/neon-compatibility/neon-compatibility/node_modules/truffle/build/webpack:/packages/migrate/ResolverIntercept.js:22:1)\n        at /home/runner/work/neon-compatibility/neon-compatibility/OpenZeppelin/migrations/1_initial_migration.js:1:30\n        at Script.runInContext (node:vm:139:12)\n        at Script.runInNewContext (node:vm:144:17)\n        at Object.file (/home/runner/work/neon-compatibility/neon-compatibility/node_modules/truffle/build/webpack:/packages/require/require.js:94:1)\n        at Migration._load (/home/runner/work/neon-compatibility/neon-compatibility/node_modules/truffle/build/webpack:/packages/migrate/Migration.js:44:1)\n        at Migration.run (/home/runner/work/neon-compatibility/neon-compatibility/node_modules/truffle/build/webpack:/packages/migrate/Migration.js:217:1)\n        at Object.runMigrations (/home/runner/work/neon-compatibility/neon-compatibility/node_modules/truffle/build/webpack:/packages/migrate/index.js:150:1)\n        at Object.runFrom (/home/runner/work/neon-compatibility/neon-compatibility/node_modules/truffle/build/webpack:/packages/migrate/index.js:110:1)\n        at Object.runAll (/home/runner/work/neon-compatibility/neon-compatibility/node_modules/truffle/build/webpack:/packages/migrate/index.js:114:1)\n        at Object.run (/home/runner/work/neon-compatibility/neon-compatibility/node_modules/truffle/build/webpack:/packages/migrate/index.js:79:1)\n        at Object.run (/home/runner/work/neon-compatibility/neon-compatibility/node_modules/truffle/build/webpack:/packages/core/lib/testing/Test.js:109:1)\n        at Object.run (/home/runner/work/neon-compatibility/neon-compatibility/node_modules/truffle/build/webpack:/packages/core/lib/commands/test/index.js:177:1)\n        at Command.run (/home/runner/work/neon-compatibility/neon-compatibility/node_modules/truffle/build/webpack:/packages/core/lib/command.js:183:1)\n    Truffle v5.4.14 (core: 5.4.14)\n    Node v16.13.2\n    /home/runner/work/neon-compatibility/neon-compatibility\n    - Fetching solc version list from solc-bin. Attempt #1\n    ✔ Downloading compiler. Attempt #1.",
        "time" : {
          "start" : 1642216610446,
          "stop" : 1642216628602,
          "duration" : 18156
        }
      }, {
        "uid" : "31219fb9fc9f7b13",
        "reportUrl" : "https://neonlabsorg.github.io/neon-compatibility/505//#testresult/31219fb9fc9f7b13",
        "status" : "failed",
        "statusDetails" : "AssertionError: assert 'Error: Coul... any sources' not in '/home/runne...ttempt #1.\\n'\n  'Error: Could not f...ns from any sources' is contained here:\n           ^\n    \n    Error: Could not find artifacts for Migrations from any sources\n        at Resolver.require (/home/runner/work/neon-compatibility/neon-compatibility/node_modules/truffle/build/webpack:/packages/resolver/dist/lib/resolver.js:61:1)\n        at Object.require (/home/runner/work/neon-compatibility/neon-compatibility/node_modules/truffle/build/webpack:/packages/migrate/index.js:172:1)\n        at ResolverIntercept.require (/home/runner/work/neon-compatibility/neon-compatibility/node_modules/truffle/build/webpack:/packages/migrate/ResolverIntercept.js:22:1)\n        at /home/runner/work/neon-compatibility/neon-compatibility/OpenZeppelin/migrations/1_initial_migration.js:1:30\n        at Script.runInContext (node:vm:139:12)\n        at Script.runInNewContext (node:vm:144:17)\n        at Object.file (/home/runner/work/neon-compatibility/neon-compatibility/node_modules/truffle/build/webpack:/packages/require/require.js:94:1)\n        at Migration._load (/home/runner/work/neon-compatibility/neon-compatibility/node_modules/truffle/build/webpack:/packages/migrate/Migration.js:44:1)\n        at Migration.run (/home/runner/work/neon-compatibility/neon-compatibility/node_modules/truffle/build/webpack:/packages/migrate/Migration.js:217:1)\n        at Object.runMigrations (/home/runner/work/neon-compatibility/neon-compatibility/node_modules/truffle/build/webpack:/packages/migrate/index.js:150:1)\n        at Object.runFrom (/home/runner/work/neon-compatibility/neon-compatibility/node_modules/truffle/build/webpack:/packages/migrate/index.js:110:1)\n        at Object.runAll (/home/runner/work/neon-compatibility/neon-compatibility/node_modules/truffle/build/webpack:/packages/migrate/index.js:114:1)\n        at Object.run (/home/runner/work/neon-compatibility/neon-compatibility/node_modules/truffle/build/webpack:/packages/migrate/index.js:79:1)\n        at Object.run (/home/runner/work/neon-compatibility/neon-compatibility/node_modules/truffle/build/webpack:/packages/core/lib/testing/Test.js:109:1)\n        at Object.run (/home/runner/work/neon-compatibility/neon-compatibility/node_modules/truffle/build/webpack:/packages/core/lib/commands/test/index.js:177:1)\n        at Command.run (/home/runner/work/neon-compatibility/neon-compatibility/node_modules/truffle/build/webpack:/packages/core/lib/command.js:183:1)\n    Truffle v5.4.14 (core: 5.4.14)\n    Node v16.13.2\n    /home/runner/work/neon-compatibility/neon-compatibility\n    - Fetching solc version list from solc-bin. Attempt #1\n    ✔ Downloading compiler. Attempt #1.",
        "time" : {
          "start" : 1642206878362,
          "stop" : 1642206901098,
          "duration" : 22736
        }
      }, {
        "uid" : "3b8e7420ae937f08",
        "reportUrl" : "https://neonlabsorg.github.io/neon-compatibility/494//#testresult/3b8e7420ae937f08",
        "status" : "failed",
        "statusDetails" : "AssertionError: assert 'Error: Coul... any sources' not in '/home/runne...ttempt #1.\\n'\n  'Error: Could not f...ns from any sources' is contained here:\n           ^\n    \n    Error: Could not find artifacts for Migrations from any sources\n        at Resolver.require (/home/runner/work/neon-compatibility/neon-compatibility/node_modules/truffle/build/webpack:/packages/resolver/dist/lib/resolver.js:61:1)\n        at Object.require (/home/runner/work/neon-compatibility/neon-compatibility/node_modules/truffle/build/webpack:/packages/migrate/index.js:172:1)\n        at ResolverIntercept.require (/home/runner/work/neon-compatibility/neon-compatibility/node_modules/truffle/build/webpack:/packages/migrate/ResolverIntercept.js:22:1)\n        at /home/runner/work/neon-compatibility/neon-compatibility/OpenZeppelin/migrations/1_initial_migration.js:1:30\n        at Script.runInContext (node:vm:139:12)\n        at Script.runInNewContext (node:vm:144:17)\n        at Object.file (/home/runner/work/neon-compatibility/neon-compatibility/node_modules/truffle/build/webpack:/packages/require/require.js:94:1)\n        at Migration._load (/home/runner/work/neon-compatibility/neon-compatibility/node_modules/truffle/build/webpack:/packages/migrate/Migration.js:44:1)\n        at Migration.run (/home/runner/work/neon-compatibility/neon-compatibility/node_modules/truffle/build/webpack:/packages/migrate/Migration.js:217:1)\n        at Object.runMigrations (/home/runner/work/neon-compatibility/neon-compatibility/node_modules/truffle/build/webpack:/packages/migrate/index.js:150:1)\n        at Object.runFrom (/home/runner/work/neon-compatibility/neon-compatibility/node_modules/truffle/build/webpack:/packages/migrate/index.js:110:1)\n        at Object.runAll (/home/runner/work/neon-compatibility/neon-compatibility/node_modules/truffle/build/webpack:/packages/migrate/index.js:114:1)\n        at Object.run (/home/runner/work/neon-compatibility/neon-compatibility/node_modules/truffle/build/webpack:/packages/migrate/index.js:79:1)\n        at Object.run (/home/runner/work/neon-compatibility/neon-compatibility/node_modules/truffle/build/webpack:/packages/core/lib/testing/Test.js:109:1)\n        at Object.run (/home/runner/work/neon-compatibility/neon-compatibility/node_modules/truffle/build/webpack:/packages/core/lib/commands/test/index.js:177:1)\n        at Command.run (/home/runner/work/neon-compatibility/neon-compatibility/node_modules/truffle/build/webpack:/packages/core/lib/command.js:183:1)\n    Truffle v5.4.14 (core: 5.4.14)\n    Node v16.13.2\n    /home/runner/work/neon-compatibility/neon-compatibility\n    - Fetching solc version list from solc-bin. Attempt #1\n    ✔ Downloading compiler. Attempt #1.",
        "time" : {
          "start" : 1642169339245,
          "stop" : 1642169358715,
          "duration" : 19470
        }
      }, {
        "uid" : "7cec7af7cefb6235",
        "reportUrl" : "https://neonlabsorg.github.io/neon-compatibility/494//#testresult/7cec7af7cefb6235",
        "status" : "failed",
        "statusDetails" : "AssertionError: assert 'Error: Coul... any sources' not in '/home/runne...ttempt #1.\\n'\n  'Error: Could not f...ns from any sources' is contained here:\n           ^\n    \n    Error: Could not find artifacts for Migrations from any sources\n        at Resolver.require (/home/runner/work/neon-compatibility/neon-compatibility/node_modules/truffle/build/webpack:/packages/resolver/dist/lib/resolver.js:61:1)\n        at Object.require (/home/runner/work/neon-compatibility/neon-compatibility/node_modules/truffle/build/webpack:/packages/migrate/index.js:172:1)\n        at ResolverIntercept.require (/home/runner/work/neon-compatibility/neon-compatibility/node_modules/truffle/build/webpack:/packages/migrate/ResolverIntercept.js:22:1)\n        at /home/runner/work/neon-compatibility/neon-compatibility/OpenZeppelin/migrations/1_initial_migration.js:1:30\n        at Script.runInContext (node:vm:139:12)\n        at Script.runInNewContext (node:vm:144:17)\n        at Object.file (/home/runner/work/neon-compatibility/neon-compatibility/node_modules/truffle/build/webpack:/packages/require/require.js:94:1)\n        at Migration._load (/home/runner/work/neon-compatibility/neon-compatibility/node_modules/truffle/build/webpack:/packages/migrate/Migration.js:44:1)\n        at Migration.run (/home/runner/work/neon-compatibility/neon-compatibility/node_modules/truffle/build/webpack:/packages/migrate/Migration.js:217:1)\n        at Object.runMigrations (/home/runner/work/neon-compatibility/neon-compatibility/node_modules/truffle/build/webpack:/packages/migrate/index.js:150:1)\n        at Object.runFrom (/home/runner/work/neon-compatibility/neon-compatibility/node_modules/truffle/build/webpack:/packages/migrate/index.js:110:1)\n        at Object.runAll (/home/runner/work/neon-compatibility/neon-compatibility/node_modules/truffle/build/webpack:/packages/migrate/index.js:114:1)\n        at Object.run (/home/runner/work/neon-compatibility/neon-compatibility/node_modules/truffle/build/webpack:/packages/migrate/index.js:79:1)\n        at Object.run (/home/runner/work/neon-compatibility/neon-compatibility/node_modules/truffle/build/webpack:/packages/core/lib/testing/Test.js:109:1)\n        at Object.run (/home/runner/work/neon-compatibility/neon-compatibility/node_modules/truffle/build/webpack:/packages/core/lib/commands/test/index.js:177:1)\n        at Command.run (/home/runner/work/neon-compatibility/neon-compatibility/node_modules/truffle/build/webpack:/packages/core/lib/command.js:183:1)\n    Truffle v5.4.14 (core: 5.4.14)\n    Node v16.13.2\n    /home/runner/work/neon-compatibility/neon-compatibility\n    - Fetching solc version list from solc-bin. Attempt #1\n    ✔ Downloading compiler. Attempt #1.",
        "time" : {
          "start" : 1642158863700,
          "stop" : 1642158881235,
          "duration" : 17535
        }
      }, {
        "uid" : "3f5e490b50a2ebc2",
        "reportUrl" : "https://neonlabsorg.github.io/neon-compatibility/493//#testresult/3f5e490b50a2ebc2",
        "status" : "failed",
        "statusDetails" : "AssertionError: assert 'Error: Coul... any sources' not in '/home/runne...ttempt #1.\\n'\n  'Error: Could not f...ns from any sources' is contained here:\n           ^\n    \n    Error: Could not find artifacts for Migrations from any sources\n        at Resolver.require (/home/runner/work/neon-compatibility/neon-compatibility/node_modules/truffle/build/webpack:/packages/resolver/dist/lib/resolver.js:61:1)\n        at Object.require (/home/runner/work/neon-compatibility/neon-compatibility/node_modules/truffle/build/webpack:/packages/migrate/index.js:172:1)\n        at ResolverIntercept.require (/home/runner/work/neon-compatibility/neon-compatibility/node_modules/truffle/build/webpack:/packages/migrate/ResolverIntercept.js:22:1)\n        at /home/runner/work/neon-compatibility/neon-compatibility/OpenZeppelin/migrations/1_initial_migration.js:1:30\n        at Script.runInContext (node:vm:139:12)\n        at Script.runInNewContext (node:vm:144:17)\n        at Object.file (/home/runner/work/neon-compatibility/neon-compatibility/node_modules/truffle/build/webpack:/packages/require/require.js:94:1)\n        at Migration._load (/home/runner/work/neon-compatibility/neon-compatibility/node_modules/truffle/build/webpack:/packages/migrate/Migration.js:44:1)\n        at Migration.run (/home/runner/work/neon-compatibility/neon-compatibility/node_modules/truffle/build/webpack:/packages/migrate/Migration.js:217:1)\n        at Object.runMigrations (/home/runner/work/neon-compatibility/neon-compatibility/node_modules/truffle/build/webpack:/packages/migrate/index.js:150:1)\n        at Object.runFrom (/home/runner/work/neon-compatibility/neon-compatibility/node_modules/truffle/build/webpack:/packages/migrate/index.js:110:1)\n        at Object.runAll (/home/runner/work/neon-compatibility/neon-compatibility/node_modules/truffle/build/webpack:/packages/migrate/index.js:114:1)\n        at Object.run (/home/runner/work/neon-compatibility/neon-compatibility/node_modules/truffle/build/webpack:/packages/migrate/index.js:79:1)\n        at Object.run (/home/runner/work/neon-compatibility/neon-compatibility/node_modules/truffle/build/webpack:/packages/core/lib/testing/Test.js:109:1)\n        at Object.run (/home/runner/work/neon-compatibility/neon-compatibility/node_modules/truffle/build/webpack:/packages/core/lib/commands/test/index.js:177:1)\n        at Command.run (/home/runner/work/neon-compatibility/neon-compatibility/node_modules/truffle/build/webpack:/packages/core/lib/command.js:183:1)\n    Truffle v5.4.14 (core: 5.4.14)\n    Node v16.13.2\n    /home/runner/work/neon-compatibility/neon-compatibility\n    - Fetching solc version list from solc-bin. Attempt #1\n    ✔ Downloading compiler. Attempt #1.",
        "time" : {
          "start" : 1642130213511,
          "stop" : 1642130233214,
          "duration" : 19703
        }
      }, {
        "uid" : "3cce578790679c27",
        "reportUrl" : "https://neonlabsorg.github.io/neon-compatibility/492//#testresult/3cce578790679c27",
        "status" : "failed",
        "statusDetails" : "AssertionError: assert 'Error: Coul... any sources' not in '/home/runne...ttempt #1.\\n'\n  'Error: Could not f...ns from any sources' is contained here:\n           ^\n    \n    Error: Could not find artifacts for Migrations from any sources\n        at Resolver.require (/home/runner/work/neon-compatibility/neon-compatibility/node_modules/truffle/build/webpack:/packages/resolver/dist/lib/resolver.js:61:1)\n        at Object.require (/home/runner/work/neon-compatibility/neon-compatibility/node_modules/truffle/build/webpack:/packages/migrate/index.js:172:1)\n        at ResolverIntercept.require (/home/runner/work/neon-compatibility/neon-compatibility/node_modules/truffle/build/webpack:/packages/migrate/ResolverIntercept.js:22:1)\n        at /home/runner/work/neon-compatibility/neon-compatibility/OpenZeppelin/migrations/1_initial_migration.js:1:30\n        at Script.runInContext (node:vm:139:12)\n        at Script.runInNewContext (node:vm:144:17)\n        at Object.file (/home/runner/work/neon-compatibility/neon-compatibility/node_modules/truffle/build/webpack:/packages/require/require.js:94:1)\n        at Migration._load (/home/runner/work/neon-compatibility/neon-compatibility/node_modules/truffle/build/webpack:/packages/migrate/Migration.js:44:1)\n        at Migration.run (/home/runner/work/neon-compatibility/neon-compatibility/node_modules/truffle/build/webpack:/packages/migrate/Migration.js:217:1)\n        at Object.runMigrations (/home/runner/work/neon-compatibility/neon-compatibility/node_modules/truffle/build/webpack:/packages/migrate/index.js:150:1)\n        at Object.runFrom (/home/runner/work/neon-compatibility/neon-compatibility/node_modules/truffle/build/webpack:/packages/migrate/index.js:110:1)\n        at Object.runAll (/home/runner/work/neon-compatibility/neon-compatibility/node_modules/truffle/build/webpack:/packages/migrate/index.js:114:1)\n        at Object.run (/home/runner/work/neon-compatibility/neon-compatibility/node_modules/truffle/build/webpack:/packages/migrate/index.js:79:1)\n        at Object.run (/home/runner/work/neon-compatibility/neon-compatibility/node_modules/truffle/build/webpack:/packages/core/lib/testing/Test.js:109:1)\n        at Object.run (/home/runner/work/neon-compatibility/neon-compatibility/node_modules/truffle/build/webpack:/packages/core/lib/commands/test/index.js:177:1)\n        at Command.run (/home/runner/work/neon-compatibility/neon-compatibility/node_modules/truffle/build/webpack:/packages/core/lib/command.js:183:1)\n    Truffle v5.4.14 (core: 5.4.14)\n    Node v16.13.2\n    /home/runner/work/neon-compatibility/neon-compatibility\n    - Fetching solc version list from solc-bin. Attempt #1\n    ✔ Downloading compiler. Attempt #1.",
        "time" : {
          "start" : 1642120651951,
          "stop" : 1642120673174,
          "duration" : 21223
        }
      }, {
        "uid" : "3d0f3961391ceb03",
        "reportUrl" : "https://neonlabsorg.github.io/neon-compatibility/490//#testresult/3d0f3961391ceb03",
        "status" : "failed",
        "statusDetails" : "AssertionError: assert 'Error: Coul... any sources' not in '/home/runne...ttempt #1.\\n'\n  'Error: Could not f...ns from any sources' is contained here:\n           ^\n    \n    Error: Could not find artifacts for Migrations from any sources\n        at Resolver.require (/home/runner/work/neon-compatibility/neon-compatibility/node_modules/truffle/build/webpack:/packages/resolver/dist/lib/resolver.js:61:1)\n        at Object.require (/home/runner/work/neon-compatibility/neon-compatibility/node_modules/truffle/build/webpack:/packages/migrate/index.js:172:1)\n        at ResolverIntercept.require (/home/runner/work/neon-compatibility/neon-compatibility/node_modules/truffle/build/webpack:/packages/migrate/ResolverIntercept.js:22:1)\n        at /home/runner/work/neon-compatibility/neon-compatibility/OpenZeppelin/migrations/1_initial_migration.js:1:30\n        at Script.runInContext (node:vm:139:12)\n        at Script.runInNewContext (node:vm:144:17)\n        at Object.file (/home/runner/work/neon-compatibility/neon-compatibility/node_modules/truffle/build/webpack:/packages/require/require.js:94:1)\n        at Migration._load (/home/runner/work/neon-compatibility/neon-compatibility/node_modules/truffle/build/webpack:/packages/migrate/Migration.js:44:1)\n        at Migration.run (/home/runner/work/neon-compatibility/neon-compatibility/node_modules/truffle/build/webpack:/packages/migrate/Migration.js:217:1)\n        at Object.runMigrations (/home/runner/work/neon-compatibility/neon-compatibility/node_modules/truffle/build/webpack:/packages/migrate/index.js:150:1)\n        at Object.runFrom (/home/runner/work/neon-compatibility/neon-compatibility/node_modules/truffle/build/webpack:/packages/migrate/index.js:110:1)\n        at Object.runAll (/home/runner/work/neon-compatibility/neon-compatibility/node_modules/truffle/build/webpack:/packages/migrate/index.js:114:1)\n        at Object.run (/home/runner/work/neon-compatibility/neon-compatibility/node_modules/truffle/build/webpack:/packages/migrate/index.js:79:1)\n        at Object.run (/home/runner/work/neon-compatibility/neon-compatibility/node_modules/truffle/build/webpack:/packages/core/lib/testing/Test.js:109:1)\n        at Object.run (/home/runner/work/neon-compatibility/neon-compatibility/node_modules/truffle/build/webpack:/packages/core/lib/commands/test/index.js:177:1)\n        at Command.run (/home/runner/work/neon-compatibility/neon-compatibility/node_modules/truffle/build/webpack:/packages/core/lib/command.js:183:1)\n    Truffle v5.4.14 (core: 5.4.14)\n    Node v16.13.2\n    /home/runner/work/neon-compatibility/neon-compatibility\n    - Fetching solc version list from solc-bin. Attempt #1\n    ✔ Downloading compiler. Attempt #1.",
        "time" : {
          "start" : 1642099375647,
          "stop" : 1642099396089,
          "duration" : 20442
        }
      }, {
        "uid" : "846fc3a463ba3dfd",
        "reportUrl" : "https://neonlabsorg.github.io/neon-compatibility/488//#testresult/846fc3a463ba3dfd",
        "status" : "failed",
        "statusDetails" : "AssertionError: assert 'Error: Coul... any sources' not in '/home/runne...ttempt #1.\\n'\n  'Error: Could not f...ns from any sources' is contained here:\n           ^\n    \n    Error: Could not find artifacts for Migrations from any sources\n        at Resolver.require (/home/runner/work/neon-compatibility/neon-compatibility/node_modules/truffle/build/webpack:/packages/resolver/dist/lib/resolver.js:61:1)\n        at Object.require (/home/runner/work/neon-compatibility/neon-compatibility/node_modules/truffle/build/webpack:/packages/migrate/index.js:172:1)\n        at ResolverIntercept.require (/home/runner/work/neon-compatibility/neon-compatibility/node_modules/truffle/build/webpack:/packages/migrate/ResolverIntercept.js:22:1)\n        at /home/runner/work/neon-compatibility/neon-compatibility/OpenZeppelin/migrations/1_initial_migration.js:1:30\n        at Script.runInContext (node:vm:139:12)\n        at Script.runInNewContext (node:vm:144:17)\n        at Object.file (/home/runner/work/neon-compatibility/neon-compatibility/node_modules/truffle/build/webpack:/packages/require/require.js:94:1)\n        at Migration._load (/home/runner/work/neon-compatibility/neon-compatibility/node_modules/truffle/build/webpack:/packages/migrate/Migration.js:44:1)\n        at Migration.run (/home/runner/work/neon-compatibility/neon-compatibility/node_modules/truffle/build/webpack:/packages/migrate/Migration.js:217:1)\n        at Object.runMigrations (/home/runner/work/neon-compatibility/neon-compatibility/node_modules/truffle/build/webpack:/packages/migrate/index.js:150:1)\n        at Object.runFrom (/home/runner/work/neon-compatibility/neon-compatibility/node_modules/truffle/build/webpack:/packages/migrate/index.js:110:1)\n        at Object.runAll (/home/runner/work/neon-compatibility/neon-compatibility/node_modules/truffle/build/webpack:/packages/migrate/index.js:114:1)\n        at Object.run (/home/runner/work/neon-compatibility/neon-compatibility/node_modules/truffle/build/webpack:/packages/migrate/index.js:79:1)\n        at Object.run (/home/runner/work/neon-compatibility/neon-compatibility/node_modules/truffle/build/webpack:/packages/core/lib/testing/Test.js:109:1)\n        at Object.run (/home/runner/work/neon-compatibility/neon-compatibility/node_modules/truffle/build/webpack:/packages/core/lib/commands/test/index.js:177:1)\n        at Command.run (/home/runner/work/neon-compatibility/neon-compatibility/node_modules/truffle/build/webpack:/packages/core/lib/command.js:183:1)\n    Truffle v5.4.14 (core: 5.4.14)\n    Node v16.13.2\n    /home/runner/work/neon-compatibility/neon-compatibility\n    - Fetching solc version list from solc-bin. Attempt #1\n    ✔ Downloading compiler. Attempt #1.",
        "time" : {
          "start" : 1642088409937,
          "stop" : 1642088430401,
          "duration" : 20464
        }
      }, {
        "uid" : "b52844910f4850e7",
        "reportUrl" : "https://neonlabsorg.github.io/neon-compatibility/487//#testresult/b52844910f4850e7",
        "status" : "failed",
        "statusDetails" : "AssertionError: assert 'Error: Coul... any sources' not in '/home/runne...ttempt #1.\\n'\n  'Error: Could not f...ns from any sources' is contained here:\n           ^\n    \n    Error: Could not find artifacts for Migrations from any sources\n        at Resolver.require (/home/runner/work/neon-compatibility/neon-compatibility/node_modules/truffle/build/webpack:/packages/resolver/dist/lib/resolver.js:61:1)\n        at Object.require (/home/runner/work/neon-compatibility/neon-compatibility/node_modules/truffle/build/webpack:/packages/migrate/index.js:172:1)\n        at ResolverIntercept.require (/home/runner/work/neon-compatibility/neon-compatibility/node_modules/truffle/build/webpack:/packages/migrate/ResolverIntercept.js:22:1)\n        at /home/runner/work/neon-compatibility/neon-compatibility/OpenZeppelin/migrations/1_initial_migration.js:1:30\n        at Script.runInContext (node:vm:139:12)\n        at Script.runInNewContext (node:vm:144:17)\n        at Object.file (/home/runner/work/neon-compatibility/neon-compatibility/node_modules/truffle/build/webpack:/packages/require/require.js:94:1)\n        at Migration._load (/home/runner/work/neon-compatibility/neon-compatibility/node_modules/truffle/build/webpack:/packages/migrate/Migration.js:44:1)\n        at Migration.run (/home/runner/work/neon-compatibility/neon-compatibility/node_modules/truffle/build/webpack:/packages/migrate/Migration.js:217:1)\n        at Object.runMigrations (/home/runner/work/neon-compatibility/neon-compatibility/node_modules/truffle/build/webpack:/packages/migrate/index.js:150:1)\n        at Object.runFrom (/home/runner/work/neon-compatibility/neon-compatibility/node_modules/truffle/build/webpack:/packages/migrate/index.js:110:1)\n        at Object.runAll (/home/runner/work/neon-compatibility/neon-compatibility/node_modules/truffle/build/webpack:/packages/migrate/index.js:114:1)\n        at Object.run (/home/runner/work/neon-compatibility/neon-compatibility/node_modules/truffle/build/webpack:/packages/migrate/index.js:79:1)\n        at Object.run (/home/runner/work/neon-compatibility/neon-compatibility/node_modules/truffle/build/webpack:/packages/core/lib/testing/Test.js:109:1)\n        at Object.run (/home/runner/work/neon-compatibility/neon-compatibility/node_modules/truffle/build/webpack:/packages/core/lib/commands/test/index.js:177:1)\n        at Command.run (/home/runner/work/neon-compatibility/neon-compatibility/node_modules/truffle/build/webpack:/packages/core/lib/command.js:183:1)\n    Truffle v5.4.14 (core: 5.4.14)\n    Node v16.13.2\n    /home/runner/work/neon-compatibility/neon-compatibility\n    - Fetching solc version list from solc-bin. Attempt #1\n    ✔ Downloading compiler. Attempt #1.",
        "time" : {
          "start" : 1642083155255,
          "stop" : 1642083176377,
          "duration" : 21122
        }
      }, {
        "uid" : "6cd82fbf7c040363",
        "reportUrl" : "https://neonlabsorg.github.io/neon-compatibility/485//#testresult/6cd82fbf7c040363",
        "status" : "failed",
        "statusDetails" : "AssertionError: assert 'Error: Coul... any sources' not in '/home/runne...ttempt #1.\\n'\n  'Error: Could not f...ns from any sources' is contained here:\n           ^\n    \n    Error: Could not find artifacts for Migrations from any sources\n        at Resolver.require (/home/runner/work/neon-compatibility/neon-compatibility/node_modules/truffle/build/webpack:/packages/resolver/dist/lib/resolver.js:61:1)\n        at Object.require (/home/runner/work/neon-compatibility/neon-compatibility/node_modules/truffle/build/webpack:/packages/migrate/index.js:172:1)\n        at ResolverIntercept.require (/home/runner/work/neon-compatibility/neon-compatibility/node_modules/truffle/build/webpack:/packages/migrate/ResolverIntercept.js:22:1)\n        at /home/runner/work/neon-compatibility/neon-compatibility/OpenZeppelin/migrations/1_initial_migration.js:1:30\n        at Script.runInContext (node:vm:139:12)\n        at Script.runInNewContext (node:vm:144:17)\n        at Object.file (/home/runner/work/neon-compatibility/neon-compatibility/node_modules/truffle/build/webpack:/packages/require/require.js:94:1)\n        at Migration._load (/home/runner/work/neon-compatibility/neon-compatibility/node_modules/truffle/build/webpack:/packages/migrate/Migration.js:44:1)\n        at Migration.run (/home/runner/work/neon-compatibility/neon-compatibility/node_modules/truffle/build/webpack:/packages/migrate/Migration.js:217:1)\n        at Object.runMigrations (/home/runner/work/neon-compatibility/neon-compatibility/node_modules/truffle/build/webpack:/packages/migrate/index.js:150:1)\n        at Object.runFrom (/home/runner/work/neon-compatibility/neon-compatibility/node_modules/truffle/build/webpack:/packages/migrate/index.js:110:1)\n        at Object.runAll (/home/runner/work/neon-compatibility/neon-compatibility/node_modules/truffle/build/webpack:/packages/migrate/index.js:114:1)\n        at Object.run (/home/runner/work/neon-compatibility/neon-compatibility/node_modules/truffle/build/webpack:/packages/migrate/index.js:79:1)\n        at Object.run (/home/runner/work/neon-compatibility/neon-compatibility/node_modules/truffle/build/webpack:/packages/core/lib/testing/Test.js:109:1)\n        at Object.run (/home/runner/work/neon-compatibility/neon-compatibility/node_modules/truffle/build/webpack:/packages/core/lib/commands/test/index.js:177:1)\n        at Command.run (/home/runner/work/neon-compatibility/neon-compatibility/node_modules/truffle/build/webpack:/packages/core/lib/command.js:183:1)\n    Truffle v5.4.14 (core: 5.4.14)\n    Node v16.13.2\n    /home/runner/work/neon-compatibility/neon-compatibility\n    - Fetching solc version list from solc-bin. Attempt #1\n    ✔ Downloading compiler. Attempt #1.",
        "time" : {
          "start" : 1642075702589,
          "stop" : 1642075725110,
          "duration" : 22521
        }
      }, {
        "uid" : "3a92a349a6e2abdd",
        "reportUrl" : "https://neonlabsorg.github.io/neon-compatibility/484//#testresult/3a92a349a6e2abdd",
        "status" : "passed",
        "time" : {
          "start" : 1642074002223,
          "stop" : 1642074005518,
          "duration" : 3295
        }
      }, {
        "uid" : "a9f96f7c32eb86d3",
        "reportUrl" : "https://neonlabsorg.github.io/neon-compatibility/483//#testresult/a9f96f7c32eb86d3",
        "status" : "failed",
        "statusDetails" : "AssertionError: assert 'Error: Coul... any sources' not in '/home/runne...ttempt #1.\\n'\n  'Error: Could not f...ns from any sources' is contained here:\n           ^\n    \n    Error: Could not find artifacts for Migrations from any sources\n        at Resolver.require (/home/runner/work/neon-compatibility/neon-compatibility/node_modules/truffle/build/webpack:/packages/resolver/dist/lib/resolver.js:61:1)\n        at Object.require (/home/runner/work/neon-compatibility/neon-compatibility/node_modules/truffle/build/webpack:/packages/migrate/index.js:172:1)\n        at ResolverIntercept.require (/home/runner/work/neon-compatibility/neon-compatibility/node_modules/truffle/build/webpack:/packages/migrate/ResolverIntercept.js:22:1)\n        at /home/runner/work/neon-compatibility/neon-compatibility/OpenZeppelin/migrations/1_initial_migration.js:1:30\n        at Script.runInContext (node:vm:139:12)\n        at Script.runInNewContext (node:vm:144:17)\n        at Object.file (/home/runner/work/neon-compatibility/neon-compatibility/node_modules/truffle/build/webpack:/packages/require/require.js:94:1)\n        at Migration._load (/home/runner/work/neon-compatibility/neon-compatibility/node_modules/truffle/build/webpack:/packages/migrate/Migration.js:44:1)\n        at Migration.run (/home/runner/work/neon-compatibility/neon-compatibility/node_modules/truffle/build/webpack:/packages/migrate/Migration.js:217:1)\n        at Object.runMigrations (/home/runner/work/neon-compatibility/neon-compatibility/node_modules/truffle/build/webpack:/packages/migrate/index.js:150:1)\n        at Object.runFrom (/home/runner/work/neon-compatibility/neon-compatibility/node_modules/truffle/build/webpack:/packages/migrate/index.js:110:1)\n        at Object.runAll (/home/runner/work/neon-compatibility/neon-compatibility/node_modules/truffle/build/webpack:/packages/migrate/index.js:114:1)\n        at Object.run (/home/runner/work/neon-compatibility/neon-compatibility/node_modules/truffle/build/webpack:/packages/migrate/index.js:79:1)\n        at Object.run (/home/runner/work/neon-compatibility/neon-compatibility/node_modules/truffle/build/webpack:/packages/core/lib/testing/Test.js:109:1)\n        at Object.run (/home/runner/work/neon-compatibility/neon-compatibility/node_modules/truffle/build/webpack:/packages/core/lib/commands/test/index.js:177:1)\n        at Command.run (/home/runner/work/neon-compatibility/neon-compatibility/node_modules/truffle/build/webpack:/packages/core/lib/command.js:183:1)\n    Truffle v5.4.14 (core: 5.4.14)\n    Node v16.13.1\n    /home/runner/work/neon-compatibility/neon-compatibility\n    - Fetching solc version list from solc-bin. Attempt #1\n    ✔ Downloading compiler. Attempt #1.",
        "time" : {
          "start" : 1642059499477,
          "stop" : 1642059523912,
          "duration" : 24435
        }
      } ]
    },
    "tags" : [ ]
  },
  "source" : "b9c1d58a77cd4ea3.json",
  "parameterValues" : [ "InputData(test_file='access/Ownable.test.js', test_files=['access/Ownable.test.js'], contracts=['access/Ownable.sol', 'mocks/OwnableMock.sol', 'mocks/AccessControlMock.sol', 'mocks/AccessControlEnumerableMock.sol', 'access/AccessControlEnumerable.sol', 'access/IAccessControlEnumerable.sol', 'utils/structs/EnumerableSet.sol', 'access/AccessControl.sol', 'utils/Context.sol', 'access/IAccessControl.sol', 'utils/Strings.sol', 'utils/introspection/ERC165.sol', 'utils/introspection/IERC165.sol'], migration_script='2_deploy_contracts.js')" ]
}