{
  "uid" : "c4f8d41f9a7c0a59",
  "name" : "test_issue_364_self_destruct_contract",
  "fullName" : "tests.truffle.test_truffle#test_issue_364_self_destruct_contract",
  "historyId" : "9b9a0ac6c1438da1dd6a59ac61d1506c",
  "time" : {
    "start" : 1647108537001,
    "stop" : 1647108554111,
    "duration" : 17110
  },
  "status" : "failed",
  "statusMessage" : "AssertionError: \n  Compiling your contracts...\n  ===========================\n  > Compiling ./contracts/ERC20Test.sol\n  > Compiling ./contracts/Migrations.sol\n  > Compiling ./contracts/SelfDestructTest.sol\n  > Compiling @openzeppelin/contracts/access/Ownable.sol\n  > Compiling @openzeppelin/contracts/token/ERC20/ERC20.sol\n  > Compiling @openzeppelin/contracts/token/ERC20/IERC20.sol\n  > Compiling @openzeppelin/contracts/token/ERC20/extensions/IERC20Metadata.sol\n  > Compiling @openzeppelin/contracts/utils/Context.sol\n  > Compilation warnings encountered:\n  \n      Warning: SPDX license identifier not provided in source file. Before publishing, consider adding a comment containing \"SPDX-License-Identifier: <SPDX-License>\" to each source file. Use \"SPDX-License-Identifier: UNLICENSED\" for non-open-source code. Please see https://spdx.org for more information.\n  --> project:/contracts/SelfDestructTest.sol\n  \n  ,Warning: This contract has a payable fallback function, but no receive ether function. Consider adding a receive ether function.\n   --> project:/contracts/SelfDestructTest.sol:5:1:\n    |\n  5 | contract SelfDestructTest is Ownable{\n    | ^ (Relevant source part starts here and spans across multiple lines).\n  Note: The payable fallback function is defined here.\n    --> project:/contracts/SelfDestructTest.sol:20:5:\n     |\n  20 |     fallback() external payable {}\n     |     ^^^^^^^^^^^^^^^^^^^^^^^^^^^^^^\n  \n  ,Warning: Function state mutability can be restricted to pure\n    --> project:/contracts/SelfDestructTest.sol:12:5:\n     |\n  12 |     function staticData() public view returns(string memory) {\n     |     ^ (Relevant source part starts here and spans across multiple lines).\n  \n  \n  > Artifacts written to /home/runner/work/neon-compatibility/neon-compatibility/issues/364/build/contracts\n  > Compiled successfully using:\n     - solc: 0.8.4+commit.c7e474f2.Emscripten.clang\n  \n  \n  \n  Starting migrations...\n  ======================\n  > Network name:    'neonlabs'\n  > Network id:      245022926\n  > Block gas limit: 6721975 (0x6691b7)\n  \n  \n  3_selfDestructTest.js\n  =====================\n  \n     Deploying 'SelfDestructTest'\n     ----------------------------\n  \n  Error:  *** Deployment Failed ***\n  \n  \"SelfDestructTest\" -- The transaction gasPrice is less than the minimum allowable value(1000000000<361292800000).\n  \n      at /home/runner/work/neon-compatibility/neon-compatibility/node_modules/truffle/build/webpack:/packages/deployer/src/deployment.js:365:1\n      at processTicksAndRejections (node:internal/process/task_queues:96:5)\n      at module.exports (/home/runner/work/neon-compatibility/neon-compatibility/issues/364/migrations/3_selfDestructTest.js:6:5)\n      at Migration._deploy (/home/runner/work/neon-compatibility/neon-compatibility/node_modules/truffle/build/webpack:/packages/migrate/Migration.js:75:1)\n      at Migration._load (/home/runner/work/neon-compatibility/neon-compatibility/node_modules/truffle/build/webpack:/packages/migrate/Migration.js:56:1)\n      at Migration.run (/home/runner/work/neon-compatibility/neon-compatibility/node_modules/truffle/build/webpack:/packages/migrate/Migration.js:217:1)\n      at Object.runMigrations (/home/runner/work/neon-compatibility/neon-compatibility/node_modules/truffle/build/webpack:/packages/migrate/index.js:150:1)\n      at Object.runFrom (/home/runner/work/neon-compatibility/neon-compatibility/node_modules/truffle/build/webpack:/packages/migrate/index.js:110:1)\n      at runMigrations (/home/runner/work/neon-compatibility/neon-compatibility/node_modules/truffle/build/webpack:/packages/core/lib/commands/migrate.js:253:1)\n      at Object.run (/home/runner/work/neon-compatibility/neon-compatibility/node_modules/truffle/build/webpack:/packages/core/lib/commands/migrate.js:223:1)\n      at Command.run (/home/runner/work/neon-compatibility/neon-compatibility/node_modules/truffle/build/webpack:/packages/core/lib/command.js:183:1)\n  Truffle v5.4.14 (core: 5.4.14)\n  Node v16.14.0\n  \nassert 1 == 0\n +  where 1 = CompletedProcess(args='cd issues/364; ../../node_modules/.bin/truffle --network neonlabs migrate -f 3 --to 3', returnc...uffle/build/webpack:/packages/core/lib/command.js:183:1)\\nTruffle v5.4.14 (core: 5.4.14)\\nNode v16.14.0\\n', stderr=b'').returncode",
  "statusTrace" : "@allure.feature(FEATURE)\n    def test_issue_364_self_destruct_contract():\n        cmd_res = run_command_line(\n            f\"cd issues/364; ../{RunCommand.TRUFFLE} \"\n            f\"--network {NETWORK_NAME} migrate -f 3 --to 3\"\n        )\n        actual_result = cmd_res.stdout.decode() + cmd_res.stderr.decode()\n>       assert cmd_res.returncode == 0, actual_result\nE       AssertionError: \nE         Compiling your contracts...\nE         ===========================\nE         > Compiling ./contracts/ERC20Test.sol\nE         > Compiling ./contracts/Migrations.sol\nE         > Compiling ./contracts/SelfDestructTest.sol\nE         > Compiling @openzeppelin/contracts/access/Ownable.sol\nE         > Compiling @openzeppelin/contracts/token/ERC20/ERC20.sol\nE         > Compiling @openzeppelin/contracts/token/ERC20/IERC20.sol\nE         > Compiling @openzeppelin/contracts/token/ERC20/extensions/IERC20Metadata.sol\nE         > Compiling @openzeppelin/contracts/utils/Context.sol\nE         > Compilation warnings encountered:\nE         \nE             Warning: SPDX license identifier not provided in source file. Before publishing, consider adding a comment containing \"SPDX-License-Identifier: <SPDX-License>\" to each source file. Use \"SPDX-License-Identifier: UNLICENSED\" for non-open-source code. Please see https://spdx.org for more information.\nE         --> project:/contracts/SelfDestructTest.sol\nE         \nE         ,Warning: This contract has a payable fallback function, but no receive ether function. Consider adding a receive ether function.\nE          --> project:/contracts/SelfDestructTest.sol:5:1:\nE           |\nE         5 | contract SelfDestructTest is Ownable{\nE           | ^ (Relevant source part starts here and spans across multiple lines).\nE         Note: The payable fallback function is defined here.\nE           --> project:/contracts/SelfDestructTest.sol:20:5:\nE            |\nE         20 |     fallback() external payable {}\nE            |     ^^^^^^^^^^^^^^^^^^^^^^^^^^^^^^\nE         \nE         ,Warning: Function state mutability can be restricted to pure\nE           --> project:/contracts/SelfDestructTest.sol:12:5:\nE            |\nE         12 |     function staticData() public view returns(string memory) {\nE            |     ^ (Relevant source part starts here and spans across multiple lines).\nE         \nE         \nE         > Artifacts written to /home/runner/work/neon-compatibility/neon-compatibility/issues/364/build/contracts\nE         > Compiled successfully using:\nE            - solc: 0.8.4+commit.c7e474f2.Emscripten.clang\nE         \nE         \nE         \nE         Starting migrations...\nE         ======================\nE         > Network name:    'neonlabs'\nE         > Network id:      245022926\nE         > Block gas limit: 6721975 (0x6691b7)\nE         \nE         \nE         3_selfDestructTest.js\nE         =====================\nE         \nE            Deploying 'SelfDestructTest'\nE            ----------------------------\nE         \nE         Error:  *** Deployment Failed ***\nE         \nE         \"SelfDestructTest\" -- The transaction gasPrice is less than the minimum allowable value(1000000000<361292800000).\nE         \nE             at /home/runner/work/neon-compatibility/neon-compatibility/node_modules/truffle/build/webpack:/packages/deployer/src/deployment.js:365:1\nE             at processTicksAndRejections (node:internal/process/task_queues:96:5)\nE             at module.exports (/home/runner/work/neon-compatibility/neon-compatibility/issues/364/migrations/3_selfDestructTest.js:6:5)\nE             at Migration._deploy (/home/runner/work/neon-compatibility/neon-compatibility/node_modules/truffle/build/webpack:/packages/migrate/Migration.js:75:1)\nE             at Migration._load (/home/runner/work/neon-compatibility/neon-compatibility/node_modules/truffle/build/webpack:/packages/migrate/Migration.js:56:1)\nE             at Migration.run (/home/runner/work/neon-compatibility/neon-compatibility/node_modules/truffle/build/webpack:/packages/migrate/Migration.js:217:1)\nE             at Object.runMigrations (/home/runner/work/neon-compatibility/neon-compatibility/node_modules/truffle/build/webpack:/packages/migrate/index.js:150:1)\nE             at Object.runFrom (/home/runner/work/neon-compatibility/neon-compatibility/node_modules/truffle/build/webpack:/packages/migrate/index.js:110:1)\nE             at runMigrations (/home/runner/work/neon-compatibility/neon-compatibility/node_modules/truffle/build/webpack:/packages/core/lib/commands/migrate.js:253:1)\nE             at Object.run (/home/runner/work/neon-compatibility/neon-compatibility/node_modules/truffle/build/webpack:/packages/core/lib/commands/migrate.js:223:1)\nE             at Command.run (/home/runner/work/neon-compatibility/neon-compatibility/node_modules/truffle/build/webpack:/packages/core/lib/command.js:183:1)\nE         Truffle v5.4.14 (core: 5.4.14)\nE         Node v16.14.0\nE         \nE       assert 1 == 0\nE        +  where 1 = CompletedProcess(args='cd issues/364; ../../node_modules/.bin/truffle --network neonlabs migrate -f 3 --to 3', returnc...uffle/build/webpack:/packages/core/lib/command.js:183:1)\\nTruffle v5.4.14 (core: 5.4.14)\\nNode v16.14.0\\n', stderr=b'').returncode\n\ntests/truffle/test_truffle.py:76: AssertionError",
  "flaky" : true,
  "newFailed" : false,
  "newBroken" : false,
  "newPassed" : false,
  "retriesCount" : 0,
  "retriesStatusChange" : false,
  "beforeStages" : [ {
    "name" : "prepare_truffle_config",
    "time" : {
      "start" : 1647108536993,
      "stop" : 1647108537001,
      "duration" : 8
    },
    "status" : "passed",
    "steps" : [ {
      "name" : "Preset variables",
      "time" : {
        "start" : 1647108536993,
        "stop" : 1647108537000,
        "duration" : 7
      },
      "status" : "passed",
      "steps" : [ ],
      "attachments" : [ ],
      "parameters" : [ ],
      "attachmentsCount" : 0,
      "shouldDisplayMessage" : false,
      "hasContent" : false,
      "stepsCount" : 0
    }, {
      "name" : "Clean up folder \"'/home/runner/work/neon-compatibility/neon-compatibility/Metacoin/build/contracts'\"",
      "time" : {
        "start" : 1647108537000,
        "stop" : 1647108537001,
        "duration" : 1
      },
      "status" : "passed",
      "steps" : [ ],
      "attachments" : [ ],
      "parameters" : [ {
        "name" : "folder",
        "value" : "'/home/runner/work/neon-compatibility/neon-compatibility/Metacoin/build/contracts'"
      } ],
      "attachmentsCount" : 0,
      "shouldDisplayMessage" : false,
      "hasContent" : true,
      "stepsCount" : 0
    } ],
    "attachments" : [ ],
    "parameters" : [ ],
    "attachmentsCount" : 0,
    "shouldDisplayMessage" : false,
    "hasContent" : true,
    "stepsCount" : 2
  } ],
  "testStage" : {
    "status" : "failed",
    "statusMessage" : "AssertionError: \n  Compiling your contracts...\n  ===========================\n  > Compiling ./contracts/ERC20Test.sol\n  > Compiling ./contracts/Migrations.sol\n  > Compiling ./contracts/SelfDestructTest.sol\n  > Compiling @openzeppelin/contracts/access/Ownable.sol\n  > Compiling @openzeppelin/contracts/token/ERC20/ERC20.sol\n  > Compiling @openzeppelin/contracts/token/ERC20/IERC20.sol\n  > Compiling @openzeppelin/contracts/token/ERC20/extensions/IERC20Metadata.sol\n  > Compiling @openzeppelin/contracts/utils/Context.sol\n  > Compilation warnings encountered:\n  \n      Warning: SPDX license identifier not provided in source file. Before publishing, consider adding a comment containing \"SPDX-License-Identifier: <SPDX-License>\" to each source file. Use \"SPDX-License-Identifier: UNLICENSED\" for non-open-source code. Please see https://spdx.org for more information.\n  --> project:/contracts/SelfDestructTest.sol\n  \n  ,Warning: This contract has a payable fallback function, but no receive ether function. Consider adding a receive ether function.\n   --> project:/contracts/SelfDestructTest.sol:5:1:\n    |\n  5 | contract SelfDestructTest is Ownable{\n    | ^ (Relevant source part starts here and spans across multiple lines).\n  Note: The payable fallback function is defined here.\n    --> project:/contracts/SelfDestructTest.sol:20:5:\n     |\n  20 |     fallback() external payable {}\n     |     ^^^^^^^^^^^^^^^^^^^^^^^^^^^^^^\n  \n  ,Warning: Function state mutability can be restricted to pure\n    --> project:/contracts/SelfDestructTest.sol:12:5:\n     |\n  12 |     function staticData() public view returns(string memory) {\n     |     ^ (Relevant source part starts here and spans across multiple lines).\n  \n  \n  > Artifacts written to /home/runner/work/neon-compatibility/neon-compatibility/issues/364/build/contracts\n  > Compiled successfully using:\n     - solc: 0.8.4+commit.c7e474f2.Emscripten.clang\n  \n  \n  \n  Starting migrations...\n  ======================\n  > Network name:    'neonlabs'\n  > Network id:      245022926\n  > Block gas limit: 6721975 (0x6691b7)\n  \n  \n  3_selfDestructTest.js\n  =====================\n  \n     Deploying 'SelfDestructTest'\n     ----------------------------\n  \n  Error:  *** Deployment Failed ***\n  \n  \"SelfDestructTest\" -- The transaction gasPrice is less than the minimum allowable value(1000000000<361292800000).\n  \n      at /home/runner/work/neon-compatibility/neon-compatibility/node_modules/truffle/build/webpack:/packages/deployer/src/deployment.js:365:1\n      at processTicksAndRejections (node:internal/process/task_queues:96:5)\n      at module.exports (/home/runner/work/neon-compatibility/neon-compatibility/issues/364/migrations/3_selfDestructTest.js:6:5)\n      at Migration._deploy (/home/runner/work/neon-compatibility/neon-compatibility/node_modules/truffle/build/webpack:/packages/migrate/Migration.js:75:1)\n      at Migration._load (/home/runner/work/neon-compatibility/neon-compatibility/node_modules/truffle/build/webpack:/packages/migrate/Migration.js:56:1)\n      at Migration.run (/home/runner/work/neon-compatibility/neon-compatibility/node_modules/truffle/build/webpack:/packages/migrate/Migration.js:217:1)\n      at Object.runMigrations (/home/runner/work/neon-compatibility/neon-compatibility/node_modules/truffle/build/webpack:/packages/migrate/index.js:150:1)\n      at Object.runFrom (/home/runner/work/neon-compatibility/neon-compatibility/node_modules/truffle/build/webpack:/packages/migrate/index.js:110:1)\n      at runMigrations (/home/runner/work/neon-compatibility/neon-compatibility/node_modules/truffle/build/webpack:/packages/core/lib/commands/migrate.js:253:1)\n      at Object.run (/home/runner/work/neon-compatibility/neon-compatibility/node_modules/truffle/build/webpack:/packages/core/lib/commands/migrate.js:223:1)\n      at Command.run (/home/runner/work/neon-compatibility/neon-compatibility/node_modules/truffle/build/webpack:/packages/core/lib/command.js:183:1)\n  Truffle v5.4.14 (core: 5.4.14)\n  Node v16.14.0\n  \nassert 1 == 0\n +  where 1 = CompletedProcess(args='cd issues/364; ../../node_modules/.bin/truffle --network neonlabs migrate -f 3 --to 3', returnc...uffle/build/webpack:/packages/core/lib/command.js:183:1)\\nTruffle v5.4.14 (core: 5.4.14)\\nNode v16.14.0\\n', stderr=b'').returncode",
    "statusTrace" : "@allure.feature(FEATURE)\n    def test_issue_364_self_destruct_contract():\n        cmd_res = run_command_line(\n            f\"cd issues/364; ../{RunCommand.TRUFFLE} \"\n            f\"--network {NETWORK_NAME} migrate -f 3 --to 3\"\n        )\n        actual_result = cmd_res.stdout.decode() + cmd_res.stderr.decode()\n>       assert cmd_res.returncode == 0, actual_result\nE       AssertionError: \nE         Compiling your contracts...\nE         ===========================\nE         > Compiling ./contracts/ERC20Test.sol\nE         > Compiling ./contracts/Migrations.sol\nE         > Compiling ./contracts/SelfDestructTest.sol\nE         > Compiling @openzeppelin/contracts/access/Ownable.sol\nE         > Compiling @openzeppelin/contracts/token/ERC20/ERC20.sol\nE         > Compiling @openzeppelin/contracts/token/ERC20/IERC20.sol\nE         > Compiling @openzeppelin/contracts/token/ERC20/extensions/IERC20Metadata.sol\nE         > Compiling @openzeppelin/contracts/utils/Context.sol\nE         > Compilation warnings encountered:\nE         \nE             Warning: SPDX license identifier not provided in source file. Before publishing, consider adding a comment containing \"SPDX-License-Identifier: <SPDX-License>\" to each source file. Use \"SPDX-License-Identifier: UNLICENSED\" for non-open-source code. Please see https://spdx.org for more information.\nE         --> project:/contracts/SelfDestructTest.sol\nE         \nE         ,Warning: This contract has a payable fallback function, but no receive ether function. Consider adding a receive ether function.\nE          --> project:/contracts/SelfDestructTest.sol:5:1:\nE           |\nE         5 | contract SelfDestructTest is Ownable{\nE           | ^ (Relevant source part starts here and spans across multiple lines).\nE         Note: The payable fallback function is defined here.\nE           --> project:/contracts/SelfDestructTest.sol:20:5:\nE            |\nE         20 |     fallback() external payable {}\nE            |     ^^^^^^^^^^^^^^^^^^^^^^^^^^^^^^\nE         \nE         ,Warning: Function state mutability can be restricted to pure\nE           --> project:/contracts/SelfDestructTest.sol:12:5:\nE            |\nE         12 |     function staticData() public view returns(string memory) {\nE            |     ^ (Relevant source part starts here and spans across multiple lines).\nE         \nE         \nE         > Artifacts written to /home/runner/work/neon-compatibility/neon-compatibility/issues/364/build/contracts\nE         > Compiled successfully using:\nE            - solc: 0.8.4+commit.c7e474f2.Emscripten.clang\nE         \nE         \nE         \nE         Starting migrations...\nE         ======================\nE         > Network name:    'neonlabs'\nE         > Network id:      245022926\nE         > Block gas limit: 6721975 (0x6691b7)\nE         \nE         \nE         3_selfDestructTest.js\nE         =====================\nE         \nE            Deploying 'SelfDestructTest'\nE            ----------------------------\nE         \nE         Error:  *** Deployment Failed ***\nE         \nE         \"SelfDestructTest\" -- The transaction gasPrice is less than the minimum allowable value(1000000000<361292800000).\nE         \nE             at /home/runner/work/neon-compatibility/neon-compatibility/node_modules/truffle/build/webpack:/packages/deployer/src/deployment.js:365:1\nE             at processTicksAndRejections (node:internal/process/task_queues:96:5)\nE             at module.exports (/home/runner/work/neon-compatibility/neon-compatibility/issues/364/migrations/3_selfDestructTest.js:6:5)\nE             at Migration._deploy (/home/runner/work/neon-compatibility/neon-compatibility/node_modules/truffle/build/webpack:/packages/migrate/Migration.js:75:1)\nE             at Migration._load (/home/runner/work/neon-compatibility/neon-compatibility/node_modules/truffle/build/webpack:/packages/migrate/Migration.js:56:1)\nE             at Migration.run (/home/runner/work/neon-compatibility/neon-compatibility/node_modules/truffle/build/webpack:/packages/migrate/Migration.js:217:1)\nE             at Object.runMigrations (/home/runner/work/neon-compatibility/neon-compatibility/node_modules/truffle/build/webpack:/packages/migrate/index.js:150:1)\nE             at Object.runFrom (/home/runner/work/neon-compatibility/neon-compatibility/node_modules/truffle/build/webpack:/packages/migrate/index.js:110:1)\nE             at runMigrations (/home/runner/work/neon-compatibility/neon-compatibility/node_modules/truffle/build/webpack:/packages/core/lib/commands/migrate.js:253:1)\nE             at Object.run (/home/runner/work/neon-compatibility/neon-compatibility/node_modules/truffle/build/webpack:/packages/core/lib/commands/migrate.js:223:1)\nE             at Command.run (/home/runner/work/neon-compatibility/neon-compatibility/node_modules/truffle/build/webpack:/packages/core/lib/command.js:183:1)\nE         Truffle v5.4.14 (core: 5.4.14)\nE         Node v16.14.0\nE         \nE       assert 1 == 0\nE        +  where 1 = CompletedProcess(args='cd issues/364; ../../node_modules/.bin/truffle --network neonlabs migrate -f 3 --to 3', returnc...uffle/build/webpack:/packages/core/lib/command.js:183:1)\\nTruffle v5.4.14 (core: 5.4.14)\\nNode v16.14.0\\n', stderr=b'').returncode\n\ntests/truffle/test_truffle.py:76: AssertionError",
    "steps" : [ {
      "name" : "Run command: \"'cd issues/364; ../../node_modules/.bin/truffle --network neonlabs migrate -f 3 --to 3'\"",
      "time" : {
        "start" : 1647108537001,
        "stop" : 1647108554110,
        "duration" : 17109
      },
      "status" : "passed",
      "steps" : [ ],
      "attachments" : [ ],
      "parameters" : [ {
        "name" : "command",
        "value" : "'cd issues/364; ../../node_modules/.bin/truffle --network neonlabs migrate -f 3 --to 3'"
      } ],
      "attachmentsCount" : 0,
      "shouldDisplayMessage" : false,
      "hasContent" : true,
      "stepsCount" : 0
    } ],
    "attachments" : [ {
      "uid" : "97249b5b205132a1",
      "name" : "stdout",
      "source" : "97249b5b205132a1.txt",
      "type" : "text/plain",
      "size" : 4046
    } ],
    "parameters" : [ ],
    "attachmentsCount" : 1,
    "shouldDisplayMessage" : true,
    "hasContent" : true,
    "stepsCount" : 1
  },
  "afterStages" : [ {
    "name" : "prepare_truffle_config::0",
    "time" : {
      "start" : 1647108554115,
      "stop" : 1647108554115,
      "duration" : 0
    },
    "status" : "passed",
    "steps" : [ ],
    "attachments" : [ ],
    "parameters" : [ ],
    "attachmentsCount" : 0,
    "shouldDisplayMessage" : false,
    "hasContent" : false,
    "stepsCount" : 0
  } ],
  "labels" : [ {
    "name" : "feature",
    "value" : "Truffle"
  }, {
    "name" : "parentSuite",
    "value" : "tests.truffle"
  }, {
    "name" : "suite",
    "value" : "test_truffle"
  }, {
    "name" : "host",
    "value" : "fv-az174-209"
  }, {
    "name" : "thread",
    "value" : "3638-MainThread"
  }, {
    "name" : "framework",
    "value" : "pytest"
  }, {
    "name" : "language",
    "value" : "cpython3"
  }, {
    "name" : "package",
    "value" : "tests.truffle.test_truffle"
  }, {
    "name" : "resultFormat",
    "value" : "allure2"
  } ],
  "parameters" : [ ],
  "links" : [ ],
  "hidden" : false,
  "retry" : false,
  "extra" : {
    "severity" : "normal",
    "retries" : [ ],
    "categories" : [ {
      "name" : "Product defects",
      "matchedStatuses" : [ ],
      "flaky" : false
    } ],
    "history" : {
      "statistic" : {
        "failed" : 9,
        "broken" : 0,
        "skipped" : 0,
        "passed" : 3,
        "unknown" : 0,
        "total" : 12
      },
      "items" : [ {
        "uid" : "b44ce43f193731d3",
        "reportUrl" : "https://neonlabsorg.github.io/neon-compatibility/devnet/589//#testresult/b44ce43f193731d3",
        "status" : "failed",
        "statusDetails" : "AssertionError: \n  Compiling your contracts...\n  ===========================\n  > Compiling ./contracts/ERC20Test.sol\n  > Compiling ./contracts/Migrations.sol\n  > Compiling ./contracts/SelfDestructTest.sol\n  > Compiling @openzeppelin/contracts/access/Ownable.sol\n  > Compiling @openzeppelin/contracts/token/ERC20/ERC20.sol\n  > Compiling @openzeppelin/contracts/token/ERC20/IERC20.sol\n  > Compiling @openzeppelin/contracts/token/ERC20/extensions/IERC20Metadata.sol\n  > Compiling @openzeppelin/contracts/utils/Context.sol\n  > Compilation warnings encountered:\n  \n      Warning: SPDX license identifier not provided in source file. Before publishing, consider adding a comment containing \"SPDX-License-Identifier: <SPDX-License>\" to each source file. Use \"SPDX-License-Identifier: UNLICENSED\" for non-open-source code. Please see https://spdx.org for more information.\n  --> project:/contracts/SelfDestructTest.sol\n  \n  ,Warning: This contract has a payable fallback function, but no receive ether function. Consider adding a receive ether function.\n   --> project:/contracts/SelfDestructTest.sol:5:1:\n    |\n  5 | contract SelfDestructTest is Ownable{\n    | ^ (Relevant source part starts here and spans across multiple lines).\n  Note: The payable fallback function is defined here.\n    --> project:/contracts/SelfDestructTest.sol:20:5:\n     |\n  20 |     fallback() external payable {}\n     |     ^^^^^^^^^^^^^^^^^^^^^^^^^^^^^^\n  \n  ,Warning: Function state mutability can be restricted to pure\n    --> project:/contracts/SelfDestructTest.sol:12:5:\n     |\n  12 |     function staticData() public view returns(string memory) {\n     |     ^ (Relevant source part starts here and spans across multiple lines).\n  \n  \n  > Artifacts written to /home/runner/work/neon-compatibility/neon-compatibility/issues/364/build/contracts\n  > Compiled successfully using:\n     - solc: 0.8.4+commit.c7e474f2.Emscripten.clang\n  \n  \n  \n  Starting migrations...\n  ======================\n  > Network name:    'neonlabs'\n  > Network id:      245022926\n  > Block gas limit: 6721975 (0x6691b7)\n  \n  \n  3_selfDestructTest.js\n  =====================\n  \n     Deploying 'SelfDestructTest'\n     ----------------------------\n  \n  Error:  *** Deployment Failed ***\n  \n  \"SelfDestructTest\" -- Transaction simulation failed: Error processing Instruction 0: custom program error: 0x4\n  {\n    \"accounts\": null,\n    \"err\": {\n      \"InstructionError\": [\n        0,\n        {\n          \"Custom\": 4\n        }\n      ]\n    },\n    \"logs\": [\n      \"Program eeLSJgWzzxrqKv1UxtRVVH8FX3qCQWUs9QuAjJpETGU invoke [1]\",\n      \"Program log: program/src/storage_account.rs:76\",\n      \"Program eeLSJgWzzxrqKv1UxtRVVH8FX3qCQWUs9QuAjJpETGU consumed 4735 of 500000 compute units\",\n      \"Program eeLSJgWzzxrqKv1UxtRVVH8FX3qCQWUs9QuAjJpETGU failed: custom program error: 0x4\"\n    ]\n  }.\n  \n      at /home/runner/work/neon-compatibility/neon-compatibility/node_modules/truffle/build/webpack:/packages/deployer/src/deployment.js:365:1\n      at processTicksAndRejections (node:internal/process/task_queues:96:5)\n      at module.exports (/home/runner/work/neon-compatibility/neon-compatibility/issues/364/migrations/3_selfDestructTest.js:6:5)\n      at Migration._deploy (/home/runner/work/neon-compatibility/neon-compatibility/node_modules/truffle/build/webpack:/packages/migrate/Migration.js:75:1)\n      at Migration._load (/home/runner/work/neon-compatibility/neon-compatibility/node_modules/truffle/build/webpack:/packages/migrate/Migration.js:56:1)\n      at Migration.run (/home/runner/work/neon-compatibility/neon-compatibility/node_modules/truffle/build/webpack:/packages/migrate/Migration.js:217:1)\n      at Object.runMigrations (/home/runner/work/neon-compatibility/neon-compatibility/node_modules/truffle/build/webpack:/packages/migrate/index.js:150:1)\n      at Object.runFrom (/home/runner/work/neon-compatibility/neon-compatibility/node_modules/truffle/build/webpack:/packages/migrate/index.js:110:1)\n      at runMigrations (/home/runner/work/neon-compatibility/neon-compatibility/node_modules/truffle/build/webpack:/packages/core/lib/commands/migrate.js:253:1)\n      at Object.run (/home/runner/work/neon-compatibility/neon-compatibility/node_modules/truffle/build/webpack:/packages/core/lib/commands/migrate.js:223:1)\n      at Command.run (/home/runner/work/neon-compatibility/neon-compatibility/node_modules/truffle/build/webpack:/packages/core/lib/command.js:183:1)\n  Truffle v5.4.14 (core: 5.4.14)\n  Node v16.13.2\n  \nassert 1 == 0\n +  where 1 = CompletedProcess(args='cd issues/364; ../../node_modules/.bin/truffle --network neonlabs migrate -f 3 --to 3', returnc...uffle/build/webpack:/packages/core/lib/command.js:183:1)\\nTruffle v5.4.14 (core: 5.4.14)\\nNode v16.13.2\\n', stderr=b'').returncode",
        "time" : {
          "start" : 1643627220686,
          "stop" : 1643627239034,
          "duration" : 18348
        }
      }, {
        "uid" : "21cf30785784296a",
        "reportUrl" : "https://neonlabsorg.github.io/neon-compatibility/devnet/576//#testresult/21cf30785784296a",
        "status" : "failed",
        "statusDetails" : "AssertionError: \n  Compiling your contracts...\n  ===========================\n  > Compiling ./contracts/ERC20Test.sol\n  > Compiling ./contracts/Migrations.sol\n  > Compiling ./contracts/SelfDestructTest.sol\n  > Compiling @openzeppelin/contracts/access/Ownable.sol\n  > Compiling @openzeppelin/contracts/token/ERC20/ERC20.sol\n  > Compiling @openzeppelin/contracts/token/ERC20/IERC20.sol\n  > Compiling @openzeppelin/contracts/token/ERC20/extensions/IERC20Metadata.sol\n  > Compiling @openzeppelin/contracts/utils/Context.sol\n  > Compilation warnings encountered:\n  \n      Warning: SPDX license identifier not provided in source file. Before publishing, consider adding a comment containing \"SPDX-License-Identifier: <SPDX-License>\" to each source file. Use \"SPDX-License-Identifier: UNLICENSED\" for non-open-source code. Please see https://spdx.org for more information.\n  --> project:/contracts/SelfDestructTest.sol\n  \n  ,Warning: This contract has a payable fallback function, but no receive ether function. Consider adding a receive ether function.\n   --> project:/contracts/SelfDestructTest.sol:5:1:\n    |\n  5 | contract SelfDestructTest is Ownable{\n    | ^ (Relevant source part starts here and spans across multiple lines).\n  Note: The payable fallback function is defined here.\n    --> project:/contracts/SelfDestructTest.sol:20:5:\n     |\n  20 |     fallback() external payable {}\n     |     ^^^^^^^^^^^^^^^^^^^^^^^^^^^^^^\n  \n  ,Warning: Function state mutability can be restricted to pure\n    --> project:/contracts/SelfDestructTest.sol:12:5:\n     |\n  12 |     function staticData() public view returns(string memory) {\n     |     ^ (Relevant source part starts here and spans across multiple lines).\n  \n  \n  > Artifacts written to /home/runner/work/neon-compatibility/neon-compatibility/issues/364/build/contracts\n  > Compiled successfully using:\n     - solc: 0.8.4+commit.c7e474f2.Emscripten.clang\n  \n  \n  \n  Starting migrations...\n  ======================\n  > Network name:    'neonlabs'\n  > Network id:      245022926\n  > Block gas limit: 6721975 (0x6691b7)\n  \n  \n  3_selfDestructTest.js\n  =====================\n  \n     Deploying 'SelfDestructTest'\n     ----------------------------\n  \n  Error:  *** Deployment Failed ***\n  \n  \"SelfDestructTest\" -- Transaction simulation failed: Error processing Instruction 0: custom program error: 0x4\n  {\n    \"accounts\": null,\n    \"err\": {\n      \"InstructionError\": [\n        0,\n        {\n          \"Custom\": 4\n        }\n      ]\n    },\n    \"logs\": [\n      \"Program eeLSJgWzzxrqKv1UxtRVVH8FX3qCQWUs9QuAjJpETGU invoke [1]\",\n      \"Program log: program/src/storage_account.rs:76\",\n      \"Program eeLSJgWzzxrqKv1UxtRVVH8FX3qCQWUs9QuAjJpETGU consumed 4735 of 500000 compute units\",\n      \"Program eeLSJgWzzxrqKv1UxtRVVH8FX3qCQWUs9QuAjJpETGU failed: custom program error: 0x4\"\n    ]\n  }.\n  \n      at /home/runner/work/neon-compatibility/neon-compatibility/node_modules/truffle/build/webpack:/packages/deployer/src/deployment.js:365:1\n      at processTicksAndRejections (node:internal/process/task_queues:96:5)\n      at module.exports (/home/runner/work/neon-compatibility/neon-compatibility/issues/364/migrations/3_selfDestructTest.js:6:5)\n      at Migration._deploy (/home/runner/work/neon-compatibility/neon-compatibility/node_modules/truffle/build/webpack:/packages/migrate/Migration.js:75:1)\n      at Migration._load (/home/runner/work/neon-compatibility/neon-compatibility/node_modules/truffle/build/webpack:/packages/migrate/Migration.js:56:1)\n      at Migration.run (/home/runner/work/neon-compatibility/neon-compatibility/node_modules/truffle/build/webpack:/packages/migrate/Migration.js:217:1)\n      at Object.runMigrations (/home/runner/work/neon-compatibility/neon-compatibility/node_modules/truffle/build/webpack:/packages/migrate/index.js:150:1)\n      at Object.runFrom (/home/runner/work/neon-compatibility/neon-compatibility/node_modules/truffle/build/webpack:/packages/migrate/index.js:110:1)\n      at runMigrations (/home/runner/work/neon-compatibility/neon-compatibility/node_modules/truffle/build/webpack:/packages/core/lib/commands/migrate.js:253:1)\n      at Object.run (/home/runner/work/neon-compatibility/neon-compatibility/node_modules/truffle/build/webpack:/packages/core/lib/commands/migrate.js:223:1)\n      at Command.run (/home/runner/work/neon-compatibility/neon-compatibility/node_modules/truffle/build/webpack:/packages/core/lib/command.js:183:1)\n  Truffle v5.4.14 (core: 5.4.14)\n  Node v16.13.2\n  \nassert 1 == 0\n +  where 1 = CompletedProcess(args='cd issues/364; ../../node_modules/.bin/truffle --network neonlabs migrate -f 3 --to 3', returnc...uffle/build/webpack:/packages/core/lib/command.js:183:1)\\nTruffle v5.4.14 (core: 5.4.14)\\nNode v16.13.2\\n', stderr=b'').returncode",
        "time" : {
          "start" : 1643484660814,
          "stop" : 1643484677257,
          "duration" : 16443
        }
      }, {
        "uid" : "95bbcf392892e91a",
        "reportUrl" : "https://neonlabsorg.github.io/neon-compatibility/devnet/396//#testresult/95bbcf392892e91a",
        "status" : "passed",
        "time" : {
          "start" : 1640878742047,
          "stop" : 1640878782053,
          "duration" : 40006
        }
      }, {
        "uid" : "a1a1536b668e9d84",
        "reportUrl" : "https://neonlabsorg.github.io/neon-compatibility/devnet/382//#testresult/a1a1536b668e9d84",
        "status" : "failed",
        "statusDetails" : "AssertionError: \n  Compiling your contracts...\n  ===========================\n  > Compiling ./contracts/ERC20Test.sol\n  > Compiling ./contracts/Migrations.sol\n  > Compiling ./contracts/SelfDestructTest.sol\n  > Compiling @openzeppelin/contracts/access/Ownable.sol\n  > Compiling @openzeppelin/contracts/token/ERC20/ERC20.sol\n  > Compiling @openzeppelin/contracts/token/ERC20/IERC20.sol\n  > Compiling @openzeppelin/contracts/token/ERC20/extensions/IERC20Metadata.sol\n  > Compiling @openzeppelin/contracts/utils/Context.sol\n  > Compilation warnings encountered:\n  \n      Warning: SPDX license identifier not provided in source file. Before publishing, consider adding a comment containing \"SPDX-License-Identifier: <SPDX-License>\" to each source file. Use \"SPDX-License-Identifier: UNLICENSED\" for non-open-source code. Please see https://spdx.org for more information.\n  --> project:/contracts/SelfDestructTest.sol\n  \n  ,Warning: This contract has a payable fallback function, but no receive ether function. Consider adding a receive ether function.\n   --> project:/contracts/SelfDestructTest.sol:5:1:\n    |\n  5 | contract SelfDestructTest is Ownable{\n    | ^ (Relevant source part starts here and spans across multiple lines).\n  Note: The payable fallback function is defined here.\n    --> project:/contracts/SelfDestructTest.sol:20:5:\n     |\n  20 |     fallback() external payable {}\n     |     ^^^^^^^^^^^^^^^^^^^^^^^^^^^^^^\n  \n  ,Warning: Function state mutability can be restricted to pure\n    --> project:/contracts/SelfDestructTest.sol:12:5:\n     |\n  12 |     function staticData() public view returns(string memory) {\n     |     ^ (Relevant source part starts here and spans across multiple lines).\n  \n  \n  > Artifacts written to /home/runner/work/neon-compatibility/neon-compatibility/issues/364/build/contracts\n  > Compiled successfully using:\n     - solc: 0.8.4+commit.c7e474f2.Emscripten.clang\n  \n  Error: There was a timeout while attempting to connect to the network at undefined.\n         Check to see that your provider is valid.\n         If you have a slow internet connection, try configuring a longer timeout in your Truffle config. Use the networks[networkName].networkCheckTimeout property to do this.\n      at Timeout._onTimeout (/home/runner/work/neon-compatibility/neon-compatibility/node_modules/truffle/build/webpack:/packages/provider/index.js:57:1)\n      at listOnTimeout (node:internal/timers:557:17)\n      at processTimers (node:internal/timers:500:7)\n  \nassert 1 == 0\n +  where 1 = CompletedProcess(args='cd issues/364; ../../node_modules/.bin/truffle --network neonlabs migrate -f 3 --to 3', returnc...dex.js:57:1)\\n    at listOnTimeout (node:internal/timers:557:17)\\n    at processTimers (node:internal/timers:500:7)\\n').returncode",
        "time" : {
          "start" : 1640723090014,
          "stop" : 1640723106271,
          "duration" : 16257
        }
      }, {
        "uid" : "bd101fc3065c86c6",
        "reportUrl" : "https://neonlabsorg.github.io/neon-compatibility/devnet/381//#testresult/bd101fc3065c86c6",
        "status" : "passed",
        "time" : {
          "start" : 1640722525280,
          "stop" : 1640722565956,
          "duration" : 40676
        }
      }, {
        "uid" : "26c360ee5ddf258b",
        "reportUrl" : "https://neonlabsorg.github.io/neon-compatibility/devnet/277//#testresult/26c360ee5ddf258b",
        "status" : "failed",
        "statusDetails" : "AssertionError: \n  Compiling your contracts...\n  ===========================\n  > Compiling ./contracts/ERC20Test.sol\n  > Compiling ./contracts/Migrations.sol\n  > Compiling ./contracts/SelfDestructTest.sol\n  > Compiling @openzeppelin/contracts/access/Ownable.sol\n  > Compiling @openzeppelin/contracts/token/ERC20/ERC20.sol\n  > Compiling @openzeppelin/contracts/token/ERC20/IERC20.sol\n  > Compiling @openzeppelin/contracts/token/ERC20/extensions/IERC20Metadata.sol\n  > Compiling @openzeppelin/contracts/utils/Context.sol\n  > Compilation warnings encountered:\n  \n      Warning: SPDX license identifier not provided in source file. Before publishing, consider adding a comment containing \"SPDX-License-Identifier: <SPDX-License>\" to each source file. Use \"SPDX-License-Identifier: UNLICENSED\" for non-open-source code. Please see https://spdx.org for more information.\n  --> project:/contracts/SelfDestructTest.sol\n  \n  ,Warning: This contract has a payable fallback function, but no receive ether function. Consider adding a receive ether function.\n   --> project:/contracts/SelfDestructTest.sol:5:1:\n    |\n  5 | contract SelfDestructTest is Ownable{\n    | ^ (Relevant source part starts here and spans across multiple lines).\n  Note: The payable fallback function is defined here.\n    --> project:/contracts/SelfDestructTest.sol:20:5:\n     |\n  20 |     fallback() external payable {}\n     |     ^^^^^^^^^^^^^^^^^^^^^^^^^^^^^^\n  \n  ,Warning: Function state mutability can be restricted to pure\n    --> project:/contracts/SelfDestructTest.sol:12:5:\n     |\n  12 |     function staticData() public view returns(string memory) {\n     |     ^ (Relevant source part starts here and spans across multiple lines).\n  \n  \n  > Artifacts written to /home/runner/work/neon-compatibility/neon-compatibility/issues/364/build/contracts\n  > Compiled successfully using:\n     - solc: 0.8.4+commit.c7e474f2.Emscripten.clang\n  \n  UnhandledRejections detected\n  Promise {\n    <rejected> {\n      code: -32603,\n      message: 'Client network socket disconnected before secure TLS connection was established',\n      data: { originalError: [Object] },\n      stack: 'Error: Client network socket disconnected before secure TLS connection was established\\n' +\n        '    at connResetException (node:internal/errors:691:14)\\n' +\n        '    at TLSSocket.onConnectEnd (node:_tls_wrap:1585:19)\\n' +\n        '    at TLSSocket.emit (node:events:402:35)\\n' +\n        '    at endReadableNT (node:internal/streams/readable:1343:12)\\n' +\n        '    at processTicksAndRejections (node:internal/process/task_queues:83:21)'\n    }\n  } {\n    code: -32603,\n    message: 'Client network socket disconnected before secure TLS connection was established',\n    data: {\n      originalError: {\n        code: 'ECONNRESET',\n        path: null,\n        host: 'proxy.devnet.neonlabs.org',\n        port: 443,\n        localAddress: undefined\n      }\n    },\n    stack: 'Error: Client network socket disconnected before secure TLS connection was established\\n' +\n      '    at connResetException (node:internal/errors:691:14)\\n' +\n      '    at TLSSocket.onConnectEnd (node:_tls_wrap:1585:19)\\n' +\n      '    at TLSSocket.emit (node:events:402:35)\\n' +\n      '    at endReadableNT (node:internal/streams/readable:1343:12)\\n' +\n      '    at processTicksAndRejections (node:internal/process/task_queues:83:21)'\n  }\n  Promise {\n    <rejected> {\n      code: -32603,\n      message: 'Client network socket disconnected before secure TLS connection was established',\n      data: { originalError: [Object] },\n      stack: 'Error: Client network socket disconnected before secure TLS connection was established\\n' +\n        '    at connResetException (node:internal/errors:691:14)\\n' +\n        '    at TLSSocket.onConnectEnd (node:_tls_wrap:1585:19)\\n' +\n        '    at TLSSocket.emit (node:events:402:35)\\n' +\n        '    at endReadableNT (node:internal/streams/readable:1343:12)\\n' +\n        '    at processTicksAndRejections (node:internal/process/task_queues:83:21)'\n    }\n  } {\n    code: -32603,\n    message: 'Client network socket disconnected before secure TLS connection was established',\n    data: {\n      originalError: {\n        code: 'ECONNRESET',\n        path: null,\n        host: 'proxy.devnet.neonlabs.org',\n        port: 443,\n        localAddress: undefined\n      }\n    },\n    stack: 'Error: Client network socket disconnected before secure TLS connection was established\\n' +\n      '    at connResetException (node:internal/errors:691:14)\\n' +\n      '    at TLSSocket.onConnectEnd (node:_tls_wrap:1585:19)\\n' +\n      '    at TLSSocket.emit (node:events:402:35)\\n' +\n      '    at endReadableNT (node:internal/streams/readable:1343:12)\\n' +\n      '    at processTicksAndRejections (node:internal/process/task_queues:83:21)'\n  }\n  Promise {\n    <rejected> {\n      code: -32603,\n      message: 'Client network socket disconnected before secure TLS connection was established',\n      data: { originalError: [Object] },\n      stack: 'Error: Client network socket disconnected before secure TLS connection was established\\n' +\n        '    at connResetException (node:internal/errors:691:14)\\n' +\n        '    at TLSSocket.onConnectEnd (node:_tls_wrap:1585:19)\\n' +\n        '    at TLSSocket.emit (node:events:402:35)\\n' +\n        '    at endReadableNT (node:internal/streams/readable:1343:12)\\n' +\n        '    at processTicksAndRejections (node:internal/process/task_queues:83:21)'\n    }\n  } {\n    code: -32603,\n    message: 'Client network socket disconnected before secure TLS connection was established',\n    data: {\n      originalError: {\n        code: 'ECONNRESET',\n        path: null,\n        host: 'proxy.devnet.neonlabs.org',\n        port: 443,\n        localAddress: undefined\n      }\n    },\n    stack: 'Error: Client network socket disconnected before secure TLS connection was established\\n' +\n      '    at connResetException (node:internal/errors:691:14)\\n' +\n      '    at TLSSocket.onConnectEnd (node:_tls_wrap:1585:19)\\n' +\n      '    at TLSSocket.emit (node:events:402:35)\\n' +\n      '    at endReadableNT (node:internal/streams/readable:1343:12)\\n' +\n      '    at processTicksAndRejections (node:internal/process/task_queues:83:21)'\n  }\n  Promise {\n    <rejected> {\n      code: -32603,\n      message: 'Client network socket disconnected before secure TLS connection was established',\n      data: { originalError: [Object] },\n      stack: 'Error: Client network socket disconnected before secure TLS connection was established\\n' +\n        '    at connResetException (node:internal/errors:691:14)\\n' +\n        '    at TLSSocket.onConnectEnd (node:_tls_wrap:1585:19)\\n' +\n        '    at TLSSocket.emit (node:events:402:35)\\n' +\n        '    at endReadableNT (node:internal/streams/readable:1343:12)\\n' +\n        '    at processTicksAndRejections (node:internal/process/task_queues:83:21)'\n    }\n  } {\n    code: -32603,\n    message: 'Client network socket disconnected before secure TLS connection was established',\n    data: {\n      originalError: {\n        code: 'ECONNRESET',\n        path: null,\n        host: 'proxy.devnet.neonlabs.org',\n        port: 443,\n        localAddress: undefined\n      }\n    },\n    stack: 'Error: Client network socket disconnected before secure TLS connection was established\\n' +\n      '    at connResetException (node:internal/errors:691:14)\\n' +\n      '    at TLSSocket.onConnectEnd (node:_tls_wrap:1585:19)\\n' +\n      '    at TLSSocket.emit (node:events:402:35)\\n' +\n      '    at endReadableNT (node:internal/streams/readable:1343:12)\\n' +\n      '    at processTicksAndRejections (node:internal/process/task_queues:83:21)'\n  }\n  Promise {\n    <rejected> {\n      code: -32603,\n      message: 'Client network socket disconnected before secure TLS connection was established',\n      data: { originalError: [Object] },\n      stack: 'Error: Client network socket disconnected before secure TLS connection was established\\n' +\n        '    at connResetException (node:internal/errors:691:14)\\n' +\n        '    at TLSSocket.onConnectEnd (node:_tls_wrap:1585:19)\\n' +\n        '    at TLSSocket.emit (node:events:402:35)\\n' +\n        '    at endReadableNT (node:internal/streams/readable:1343:12)\\n' +\n        '    at processTicksAndRejections (node:internal/process/task_queues:83:21)'\n    }\n  } {\n    code: -32603,\n    message: 'Client network socket disconnected before secure TLS connection was established',\n    data: {\n      originalError: {\n        code: 'ECONNRESET',\n        path: null,\n        host: 'proxy.devnet.neonlabs.org',\n        port: 443,\n        localAddress: undefined\n      }\n    },\n    stack: 'Error: Client network socket disconnected before secure TLS connection was established\\n' +\n      '    at connResetException (node:internal/errors:691:14)\\n' +\n      '    at TLSSocket.onConnectEnd (node:_tls_wrap:1585:19)\\n' +\n      '    at TLSSocket.emit (node:events:402:35)\\n' +\n      '    at endReadableNT (node:internal/streams/readable:1343:12)\\n' +\n      '    at processTicksAndRejections (node:internal/process/task_queues:83:21)'\n  }\n  Error: PollingBlockTracker - encountered an error while attempting to update latest block:\n  Error: Client network socket disconnected before secure TLS connection was established\n      at connResetException (node:internal/errors:691:14)\n      at TLSSocket.onConnectEnd (node:_tls_wrap:1585:19)\n      at TLSSocket.emit (node:events:402:35)\n      at endReadableNT (node:internal/streams/readable:1343:12)\n      at processTicksAndRejections (node:internal/process/task_queues:83:21)\n      at PollingBlockTracker._performSync (/home/runner/work/neon-compatibility/neon-compatibility/node_modules/eth-block-tracker/src/polling.js:51:24)\n      at processTicksAndRejections (node:internal/process/task_queues:96:5)\n  \nassert 1 == 0\n +  where 1 = CompletedProcess(args='cd issues/364; ../../node_modules/.bin/truffle --network neonlabs migrate -f 3 --to 3', returnc.../eth-block-tracker/src/polling.js:51:24)\\n    at processTicksAndRejections (node:internal/process/task_queues:96:5)\\n').returncode",
        "time" : {
          "start" : 1640028883366,
          "stop" : 1640028898699,
          "duration" : 15333
        }
      }, {
        "uid" : "cf9980973551aeb2",
        "reportUrl" : "https://neonlabsorg.github.io/neon-compatibility/devnet/276//#testresult/cf9980973551aeb2",
        "status" : "failed",
        "statusDetails" : "AssertionError: \n  Compiling your contracts...\n  ===========================\n  > Compiling ./contracts/ERC20Test.sol\n  > Compiling ./contracts/Migrations.sol\n  > Compiling ./contracts/SelfDestructTest.sol\n  > Compiling @openzeppelin/contracts/access/Ownable.sol\n  > Compiling @openzeppelin/contracts/token/ERC20/ERC20.sol\n  > Compiling @openzeppelin/contracts/token/ERC20/IERC20.sol\n  > Compiling @openzeppelin/contracts/token/ERC20/extensions/IERC20Metadata.sol\n  > Compiling @openzeppelin/contracts/utils/Context.sol\n  > Compilation warnings encountered:\n  \n      Warning: SPDX license identifier not provided in source file. Before publishing, consider adding a comment containing \"SPDX-License-Identifier: <SPDX-License>\" to each source file. Use \"SPDX-License-Identifier: UNLICENSED\" for non-open-source code. Please see https://spdx.org for more information.\n  --> project:/contracts/SelfDestructTest.sol\n  \n  ,Warning: This contract has a payable fallback function, but no receive ether function. Consider adding a receive ether function.\n   --> project:/contracts/SelfDestructTest.sol:5:1:\n    |\n  5 | contract SelfDestructTest is Ownable{\n    | ^ (Relevant source part starts here and spans across multiple lines).\n  Note: The payable fallback function is defined here.\n    --> project:/contracts/SelfDestructTest.sol:20:5:\n     |\n  20 |     fallback() external payable {}\n     |     ^^^^^^^^^^^^^^^^^^^^^^^^^^^^^^\n  \n  ,Warning: Function state mutability can be restricted to pure\n    --> project:/contracts/SelfDestructTest.sol:12:5:\n     |\n  12 |     function staticData() public view returns(string memory) {\n     |     ^ (Relevant source part starts here and spans across multiple lines).\n  \n  \n  > Artifacts written to /home/runner/work/neon-compatibility/neon-compatibility/issues/364/build/contracts\n  > Compiled successfully using:\n     - solc: 0.8.4+commit.c7e474f2.Emscripten.clang\n  \n  UnhandledRejections detected\n  Promise {\n    <rejected> {\n      code: -32603,\n      message: 'Client network socket disconnected before secure TLS connection was established',\n      data: { originalError: [Object] },\n      stack: 'Error: Client network socket disconnected before secure TLS connection was established\\n' +\n        '    at connResetException (node:internal/errors:691:14)\\n' +\n        '    at TLSSocket.onConnectEnd (node:_tls_wrap:1585:19)\\n' +\n        '    at TLSSocket.emit (node:events:402:35)\\n' +\n        '    at endReadableNT (node:internal/streams/readable:1343:12)\\n' +\n        '    at processTicksAndRejections (node:internal/process/task_queues:83:21)'\n    }\n  } {\n    code: -32603,\n    message: 'Client network socket disconnected before secure TLS connection was established',\n    data: {\n      originalError: {\n        code: 'ECONNRESET',\n        path: null,\n        host: 'proxy.devnet.neonlabs.org',\n        port: 443,\n        localAddress: undefined\n      }\n    },\n    stack: 'Error: Client network socket disconnected before secure TLS connection was established\\n' +\n      '    at connResetException (node:internal/errors:691:14)\\n' +\n      '    at TLSSocket.onConnectEnd (node:_tls_wrap:1585:19)\\n' +\n      '    at TLSSocket.emit (node:events:402:35)\\n' +\n      '    at endReadableNT (node:internal/streams/readable:1343:12)\\n' +\n      '    at processTicksAndRejections (node:internal/process/task_queues:83:21)'\n  }\n  Promise {\n    <rejected> {\n      code: -32603,\n      message: 'Client network socket disconnected before secure TLS connection was established',\n      data: { originalError: [Object] },\n      stack: 'Error: Client network socket disconnected before secure TLS connection was established\\n' +\n        '    at connResetException (node:internal/errors:691:14)\\n' +\n        '    at TLSSocket.onConnectEnd (node:_tls_wrap:1585:19)\\n' +\n        '    at TLSSocket.emit (node:events:402:35)\\n' +\n        '    at endReadableNT (node:internal/streams/readable:1343:12)\\n' +\n        '    at processTicksAndRejections (node:internal/process/task_queues:83:21)'\n    }\n  } {\n    code: -32603,\n    message: 'Client network socket disconnected before secure TLS connection was established',\n    data: {\n      originalError: {\n        code: 'ECONNRESET',\n        path: null,\n        host: 'proxy.devnet.neonlabs.org',\n        port: 443,\n        localAddress: undefined\n      }\n    },\n    stack: 'Error: Client network socket disconnected before secure TLS connection was established\\n' +\n      '    at connResetException (node:internal/errors:691:14)\\n' +\n      '    at TLSSocket.onConnectEnd (node:_tls_wrap:1585:19)\\n' +\n      '    at TLSSocket.emit (node:events:402:35)\\n' +\n      '    at endReadableNT (node:internal/streams/readable:1343:12)\\n' +\n      '    at processTicksAndRejections (node:internal/process/task_queues:83:21)'\n  }\n  Promise {\n    <rejected> {\n      code: -32603,\n      message: 'Client network socket disconnected before secure TLS connection was established',\n      data: { originalError: [Object] },\n      stack: 'Error: Client network socket disconnected before secure TLS connection was established\\n' +\n        '    at connResetException (node:internal/errors:691:14)\\n' +\n        '    at TLSSocket.onConnectEnd (node:_tls_wrap:1585:19)\\n' +\n        '    at TLSSocket.emit (node:events:402:35)\\n' +\n        '    at endReadableNT (node:internal/streams/readable:1343:12)\\n' +\n        '    at processTicksAndRejections (node:internal/process/task_queues:83:21)'\n    }\n  } {\n    code: -32603,\n    message: 'Client network socket disconnected before secure TLS connection was established',\n    data: {\n      originalError: {\n        code: 'ECONNRESET',\n        path: null,\n        host: 'proxy.devnet.neonlabs.org',\n        port: 443,\n        localAddress: undefined\n      }\n    },\n    stack: 'Error: Client network socket disconnected before secure TLS connection was established\\n' +\n      '    at connResetException (node:internal/errors:691:14)\\n' +\n      '    at TLSSocket.onConnectEnd (node:_tls_wrap:1585:19)\\n' +\n      '    at TLSSocket.emit (node:events:402:35)\\n' +\n      '    at endReadableNT (node:internal/streams/readable:1343:12)\\n' +\n      '    at processTicksAndRejections (node:internal/process/task_queues:83:21)'\n  }\n  Promise {\n    <rejected> {\n      code: -32603,\n      message: 'Client network socket disconnected before secure TLS connection was established',\n      data: { originalError: [Object] },\n      stack: 'Error: Client network socket disconnected before secure TLS connection was established\\n' +\n        '    at connResetException (node:internal/errors:691:14)\\n' +\n        '    at TLSSocket.onConnectEnd (node:_tls_wrap:1585:19)\\n' +\n        '    at TLSSocket.emit (node:events:402:35)\\n' +\n        '    at endReadableNT (node:internal/streams/readable:1343:12)\\n' +\n        '    at processTicksAndRejections (node:internal/process/task_queues:83:21)'\n    }\n  } {\n    code: -32603,\n    message: 'Client network socket disconnected before secure TLS connection was established',\n    data: {\n      originalError: {\n        code: 'ECONNRESET',\n        path: null,\n        host: 'proxy.devnet.neonlabs.org',\n        port: 443,\n        localAddress: undefined\n      }\n    },\n    stack: 'Error: Client network socket disconnected before secure TLS connection was established\\n' +\n      '    at connResetException (node:internal/errors:691:14)\\n' +\n      '    at TLSSocket.onConnectEnd (node:_tls_wrap:1585:19)\\n' +\n      '    at TLSSocket.emit (node:events:402:35)\\n' +\n      '    at endReadableNT (node:internal/streams/readable:1343:12)\\n' +\n      '    at processTicksAndRejections (node:internal/process/task_queues:83:21)'\n  }\n  Promise {\n    <rejected> {\n      code: -32603,\n      message: 'Client network socket disconnected before secure TLS connection was established',\n      data: { originalError: [Object] },\n      stack: 'Error: Client network socket disconnected before secure TLS connection was established\\n' +\n        '    at connResetException (node:internal/errors:691:14)\\n' +\n        '    at TLSSocket.onConnectEnd (node:_tls_wrap:1585:19)\\n' +\n        '    at TLSSocket.emit (node:events:402:35)\\n' +\n        '    at endReadableNT (node:internal/streams/readable:1343:12)\\n' +\n        '    at processTicksAndRejections (node:internal/process/task_queues:83:21)'\n    }\n  } {\n    code: -32603,\n    message: 'Client network socket disconnected before secure TLS connection was established',\n    data: {\n      originalError: {\n        code: 'ECONNRESET',\n        path: null,\n        host: 'proxy.devnet.neonlabs.org',\n        port: 443,\n        localAddress: undefined\n      }\n    },\n    stack: 'Error: Client network socket disconnected before secure TLS connection was established\\n' +\n      '    at connResetException (node:internal/errors:691:14)\\n' +\n      '    at TLSSocket.onConnectEnd (node:_tls_wrap:1585:19)\\n' +\n      '    at TLSSocket.emit (node:events:402:35)\\n' +\n      '    at endReadableNT (node:internal/streams/readable:1343:12)\\n' +\n      '    at processTicksAndRejections (node:internal/process/task_queues:83:21)'\n  }\n  Error: PollingBlockTracker - encountered an error while attempting to update latest block:\n  Error: Client network socket disconnected before secure TLS connection was established\n      at connResetException (node:internal/errors:691:14)\n      at TLSSocket.onConnectEnd (node:_tls_wrap:1585:19)\n      at TLSSocket.emit (node:events:402:35)\n      at endReadableNT (node:internal/streams/readable:1343:12)\n      at processTicksAndRejections (node:internal/process/task_queues:83:21)\n      at PollingBlockTracker._performSync (/home/runner/work/neon-compatibility/neon-compatibility/node_modules/eth-block-tracker/src/polling.js:51:24)\n      at processTicksAndRejections (node:internal/process/task_queues:96:5)\n  \nassert 1 == 0\n +  where 1 = CompletedProcess(args='cd issues/364; ../../node_modules/.bin/truffle --network neonlabs migrate -f 3 --to 3', returnc.../eth-block-tracker/src/polling.js:51:24)\\n    at processTicksAndRejections (node:internal/process/task_queues:96:5)\\n').returncode",
        "time" : {
          "start" : 1640015306553,
          "stop" : 1640015321904,
          "duration" : 15351
        }
      }, {
        "uid" : "15c0fc171ed02a0a",
        "reportUrl" : "https://neonlabsorg.github.io/neon-compatibility/devnet/275//#testresult/15c0fc171ed02a0a",
        "status" : "failed",
        "statusDetails" : "AssertionError: \n  Compiling your contracts...\n  ===========================\n  > Compiling ./contracts/ERC20Test.sol\n  > Compiling ./contracts/Migrations.sol\n  > Compiling ./contracts/SelfDestructTest.sol\n  > Compiling @openzeppelin/contracts/access/Ownable.sol\n  > Compiling @openzeppelin/contracts/token/ERC20/ERC20.sol\n  > Compiling @openzeppelin/contracts/token/ERC20/IERC20.sol\n  > Compiling @openzeppelin/contracts/token/ERC20/extensions/IERC20Metadata.sol\n  > Compiling @openzeppelin/contracts/utils/Context.sol\n  > Compilation warnings encountered:\n  \n      Warning: SPDX license identifier not provided in source file. Before publishing, consider adding a comment containing \"SPDX-License-Identifier: <SPDX-License>\" to each source file. Use \"SPDX-License-Identifier: UNLICENSED\" for non-open-source code. Please see https://spdx.org for more information.\n  --> project:/contracts/SelfDestructTest.sol\n  \n  ,Warning: This contract has a payable fallback function, but no receive ether function. Consider adding a receive ether function.\n   --> project:/contracts/SelfDestructTest.sol:5:1:\n    |\n  5 | contract SelfDestructTest is Ownable{\n    | ^ (Relevant source part starts here and spans across multiple lines).\n  Note: The payable fallback function is defined here.\n    --> project:/contracts/SelfDestructTest.sol:20:5:\n     |\n  20 |     fallback() external payable {}\n     |     ^^^^^^^^^^^^^^^^^^^^^^^^^^^^^^\n  \n  ,Warning: Function state mutability can be restricted to pure\n    --> project:/contracts/SelfDestructTest.sol:12:5:\n     |\n  12 |     function staticData() public view returns(string memory) {\n     |     ^ (Relevant source part starts here and spans across multiple lines).\n  \n  \n  > Artifacts written to /home/runner/work/neon-compatibility/neon-compatibility/issues/364/build/contracts\n  > Compiled successfully using:\n     - solc: 0.8.4+commit.c7e474f2.Emscripten.clang\n  \n  UnhandledRejections detected\n  Promise {\n    <rejected> {\n      code: -32603,\n      message: 'Client network socket disconnected before secure TLS connection was established',\n      data: { originalError: [Object] },\n      stack: 'Error: Client network socket disconnected before secure TLS connection was established\\n' +\n        '    at connResetException (node:internal/errors:691:14)\\n' +\n        '    at TLSSocket.onConnectEnd (node:_tls_wrap:1585:19)\\n' +\n        '    at TLSSocket.emit (node:events:402:35)\\n' +\n        '    at endReadableNT (node:internal/streams/readable:1343:12)\\n' +\n        '    at processTicksAndRejections (node:internal/process/task_queues:83:21)'\n    }\n  } {\n    code: -32603,\n    message: 'Client network socket disconnected before secure TLS connection was established',\n    data: {\n      originalError: {\n        code: 'ECONNRESET',\n        path: null,\n        host: 'proxy.devnet.neonlabs.org',\n        port: 443,\n        localAddress: undefined\n      }\n    },\n    stack: 'Error: Client network socket disconnected before secure TLS connection was established\\n' +\n      '    at connResetException (node:internal/errors:691:14)\\n' +\n      '    at TLSSocket.onConnectEnd (node:_tls_wrap:1585:19)\\n' +\n      '    at TLSSocket.emit (node:events:402:35)\\n' +\n      '    at endReadableNT (node:internal/streams/readable:1343:12)\\n' +\n      '    at processTicksAndRejections (node:internal/process/task_queues:83:21)'\n  }\n  Promise {\n    <rejected> {\n      code: -32603,\n      message: 'Client network socket disconnected before secure TLS connection was established',\n      data: { originalError: [Object] },\n      stack: 'Error: Client network socket disconnected before secure TLS connection was established\\n' +\n        '    at connResetException (node:internal/errors:691:14)\\n' +\n        '    at TLSSocket.onConnectEnd (node:_tls_wrap:1585:19)\\n' +\n        '    at TLSSocket.emit (node:events:402:35)\\n' +\n        '    at endReadableNT (node:internal/streams/readable:1343:12)\\n' +\n        '    at processTicksAndRejections (node:internal/process/task_queues:83:21)'\n    }\n  } {\n    code: -32603,\n    message: 'Client network socket disconnected before secure TLS connection was established',\n    data: {\n      originalError: {\n        code: 'ECONNRESET',\n        path: null,\n        host: 'proxy.devnet.neonlabs.org',\n        port: 443,\n        localAddress: undefined\n      }\n    },\n    stack: 'Error: Client network socket disconnected before secure TLS connection was established\\n' +\n      '    at connResetException (node:internal/errors:691:14)\\n' +\n      '    at TLSSocket.onConnectEnd (node:_tls_wrap:1585:19)\\n' +\n      '    at TLSSocket.emit (node:events:402:35)\\n' +\n      '    at endReadableNT (node:internal/streams/readable:1343:12)\\n' +\n      '    at processTicksAndRejections (node:internal/process/task_queues:83:21)'\n  }\n  Promise {\n    <rejected> {\n      code: -32603,\n      message: 'Client network socket disconnected before secure TLS connection was established',\n      data: { originalError: [Object] },\n      stack: 'Error: Client network socket disconnected before secure TLS connection was established\\n' +\n        '    at connResetException (node:internal/errors:691:14)\\n' +\n        '    at TLSSocket.onConnectEnd (node:_tls_wrap:1585:19)\\n' +\n        '    at TLSSocket.emit (node:events:402:35)\\n' +\n        '    at endReadableNT (node:internal/streams/readable:1343:12)\\n' +\n        '    at processTicksAndRejections (node:internal/process/task_queues:83:21)'\n    }\n  } {\n    code: -32603,\n    message: 'Client network socket disconnected before secure TLS connection was established',\n    data: {\n      originalError: {\n        code: 'ECONNRESET',\n        path: null,\n        host: 'proxy.devnet.neonlabs.org',\n        port: 443,\n        localAddress: undefined\n      }\n    },\n    stack: 'Error: Client network socket disconnected before secure TLS connection was established\\n' +\n      '    at connResetException (node:internal/errors:691:14)\\n' +\n      '    at TLSSocket.onConnectEnd (node:_tls_wrap:1585:19)\\n' +\n      '    at TLSSocket.emit (node:events:402:35)\\n' +\n      '    at endReadableNT (node:internal/streams/readable:1343:12)\\n' +\n      '    at processTicksAndRejections (node:internal/process/task_queues:83:21)'\n  }\n  Promise {\n    <rejected> {\n      code: -32603,\n      message: 'Client network socket disconnected before secure TLS connection was established',\n      data: { originalError: [Object] },\n      stack: 'Error: Client network socket disconnected before secure TLS connection was established\\n' +\n        '    at connResetException (node:internal/errors:691:14)\\n' +\n        '    at TLSSocket.onConnectEnd (node:_tls_wrap:1585:19)\\n' +\n        '    at TLSSocket.emit (node:events:402:35)\\n' +\n        '    at endReadableNT (node:internal/streams/readable:1343:12)\\n' +\n        '    at processTicksAndRejections (node:internal/process/task_queues:83:21)'\n    }\n  } {\n    code: -32603,\n    message: 'Client network socket disconnected before secure TLS connection was established',\n    data: {\n      originalError: {\n        code: 'ECONNRESET',\n        path: null,\n        host: 'proxy.devnet.neonlabs.org',\n        port: 443,\n        localAddress: undefined\n      }\n    },\n    stack: 'Error: Client network socket disconnected before secure TLS connection was established\\n' +\n      '    at connResetException (node:internal/errors:691:14)\\n' +\n      '    at TLSSocket.onConnectEnd (node:_tls_wrap:1585:19)\\n' +\n      '    at TLSSocket.emit (node:events:402:35)\\n' +\n      '    at endReadableNT (node:internal/streams/readable:1343:12)\\n' +\n      '    at processTicksAndRejections (node:internal/process/task_queues:83:21)'\n  }\n  Error: PollingBlockTracker - encountered an error while attempting to update latest block:\n  Error: Client network socket disconnected before secure TLS connection was established\n      at connResetException (node:internal/errors:691:14)\n      at TLSSocket.onConnectEnd (node:_tls_wrap:1585:19)\n      at TLSSocket.emit (node:events:402:35)\n      at endReadableNT (node:internal/streams/readable:1343:12)\n      at processTicksAndRejections (node:internal/process/task_queues:83:21)\n      at PollingBlockTracker._performSync (/home/runner/work/neon-compatibility/neon-compatibility/node_modules/eth-block-tracker/src/polling.js:51:24)\n      at processTicksAndRejections (node:internal/process/task_queues:96:5)\n  \nassert 1 == 0\n +  where 1 = CompletedProcess(args='cd issues/364; ../../node_modules/.bin/truffle --network neonlabs migrate -f 3 --to 3', returnc.../eth-block-tracker/src/polling.js:51:24)\\n    at processTicksAndRejections (node:internal/process/task_queues:96:5)\\n').returncode",
        "time" : {
          "start" : 1640011065777,
          "stop" : 1640011081462,
          "duration" : 15685
        }
      }, {
        "uid" : "fe30c2d6145ff4e2",
        "reportUrl" : "https://neonlabsorg.github.io/neon-compatibility/devnet/274//#testresult/fe30c2d6145ff4e2",
        "status" : "failed",
        "statusDetails" : "AssertionError: \n  Compiling your contracts...\n  ===========================\n  > Compiling ./contracts/ERC20Test.sol\n  > Compiling ./contracts/Migrations.sol\n  > Compiling ./contracts/SelfDestructTest.sol\n  > Compiling @openzeppelin/contracts/access/Ownable.sol\n  > Compiling @openzeppelin/contracts/token/ERC20/ERC20.sol\n  > Compiling @openzeppelin/contracts/token/ERC20/IERC20.sol\n  > Compiling @openzeppelin/contracts/token/ERC20/extensions/IERC20Metadata.sol\n  > Compiling @openzeppelin/contracts/utils/Context.sol\n  > Compilation warnings encountered:\n  \n      Warning: SPDX license identifier not provided in source file. Before publishing, consider adding a comment containing \"SPDX-License-Identifier: <SPDX-License>\" to each source file. Use \"SPDX-License-Identifier: UNLICENSED\" for non-open-source code. Please see https://spdx.org for more information.\n  --> project:/contracts/SelfDestructTest.sol\n  \n  ,Warning: This contract has a payable fallback function, but no receive ether function. Consider adding a receive ether function.\n   --> project:/contracts/SelfDestructTest.sol:5:1:\n    |\n  5 | contract SelfDestructTest is Ownable{\n    | ^ (Relevant source part starts here and spans across multiple lines).\n  Note: The payable fallback function is defined here.\n    --> project:/contracts/SelfDestructTest.sol:20:5:\n     |\n  20 |     fallback() external payable {}\n     |     ^^^^^^^^^^^^^^^^^^^^^^^^^^^^^^\n  \n  ,Warning: Function state mutability can be restricted to pure\n    --> project:/contracts/SelfDestructTest.sol:12:5:\n     |\n  12 |     function staticData() public view returns(string memory) {\n     |     ^ (Relevant source part starts here and spans across multiple lines).\n  \n  \n  > Artifacts written to /home/runner/work/neon-compatibility/neon-compatibility/issues/364/build/contracts\n  > Compiled successfully using:\n     - solc: 0.8.4+commit.c7e474f2.Emscripten.clang\n  \n  UnhandledRejections detected\n  Promise {\n    <rejected> {\n      code: -32603,\n      message: 'Client network socket disconnected before secure TLS connection was established',\n      data: { originalError: [Object] },\n      stack: 'Error: Client network socket disconnected before secure TLS connection was established\\n' +\n        '    at connResetException (node:internal/errors:691:14)\\n' +\n        '    at TLSSocket.onConnectEnd (node:_tls_wrap:1585:19)\\n' +\n        '    at TLSSocket.emit (node:events:402:35)\\n' +\n        '    at endReadableNT (node:internal/streams/readable:1343:12)\\n' +\n        '    at processTicksAndRejections (node:internal/process/task_queues:83:21)'\n    }\n  } {\n    code: -32603,\n    message: 'Client network socket disconnected before secure TLS connection was established',\n    data: {\n      originalError: {\n        code: 'ECONNRESET',\n        path: null,\n        host: 'proxy.devnet.neonlabs.org',\n        port: 443,\n        localAddress: undefined\n      }\n    },\n    stack: 'Error: Client network socket disconnected before secure TLS connection was established\\n' +\n      '    at connResetException (node:internal/errors:691:14)\\n' +\n      '    at TLSSocket.onConnectEnd (node:_tls_wrap:1585:19)\\n' +\n      '    at TLSSocket.emit (node:events:402:35)\\n' +\n      '    at endReadableNT (node:internal/streams/readable:1343:12)\\n' +\n      '    at processTicksAndRejections (node:internal/process/task_queues:83:21)'\n  }\n  Promise {\n    <rejected> {\n      code: -32603,\n      message: 'Client network socket disconnected before secure TLS connection was established',\n      data: { originalError: [Object] },\n      stack: 'Error: Client network socket disconnected before secure TLS connection was established\\n' +\n        '    at connResetException (node:internal/errors:691:14)\\n' +\n        '    at TLSSocket.onConnectEnd (node:_tls_wrap:1585:19)\\n' +\n        '    at TLSSocket.emit (node:events:402:35)\\n' +\n        '    at endReadableNT (node:internal/streams/readable:1343:12)\\n' +\n        '    at processTicksAndRejections (node:internal/process/task_queues:83:21)'\n    }\n  } {\n    code: -32603,\n    message: 'Client network socket disconnected before secure TLS connection was established',\n    data: {\n      originalError: {\n        code: 'ECONNRESET',\n        path: null,\n        host: 'proxy.devnet.neonlabs.org',\n        port: 443,\n        localAddress: undefined\n      }\n    },\n    stack: 'Error: Client network socket disconnected before secure TLS connection was established\\n' +\n      '    at connResetException (node:internal/errors:691:14)\\n' +\n      '    at TLSSocket.onConnectEnd (node:_tls_wrap:1585:19)\\n' +\n      '    at TLSSocket.emit (node:events:402:35)\\n' +\n      '    at endReadableNT (node:internal/streams/readable:1343:12)\\n' +\n      '    at processTicksAndRejections (node:internal/process/task_queues:83:21)'\n  }\n  Promise {\n    <rejected> {\n      code: -32603,\n      message: 'Client network socket disconnected before secure TLS connection was established',\n      data: { originalError: [Object] },\n      stack: 'Error: Client network socket disconnected before secure TLS connection was established\\n' +\n        '    at connResetException (node:internal/errors:691:14)\\n' +\n        '    at TLSSocket.onConnectEnd (node:_tls_wrap:1585:19)\\n' +\n        '    at TLSSocket.emit (node:events:402:35)\\n' +\n        '    at endReadableNT (node:internal/streams/readable:1343:12)\\n' +\n        '    at processTicksAndRejections (node:internal/process/task_queues:83:21)'\n    }\n  } {\n    code: -32603,\n    message: 'Client network socket disconnected before secure TLS connection was established',\n    data: {\n      originalError: {\n        code: 'ECONNRESET',\n        path: null,\n        host: 'proxy.devnet.neonlabs.org',\n        port: 443,\n        localAddress: undefined\n      }\n    },\n    stack: 'Error: Client network socket disconnected before secure TLS connection was established\\n' +\n      '    at connResetException (node:internal/errors:691:14)\\n' +\n      '    at TLSSocket.onConnectEnd (node:_tls_wrap:1585:19)\\n' +\n      '    at TLSSocket.emit (node:events:402:35)\\n' +\n      '    at endReadableNT (node:internal/streams/readable:1343:12)\\n' +\n      '    at processTicksAndRejections (node:internal/process/task_queues:83:21)'\n  }\n  Promise {\n    <rejected> {\n      code: -32603,\n      message: 'Client network socket disconnected before secure TLS connection was established',\n      data: { originalError: [Object] },\n      stack: 'Error: Client network socket disconnected before secure TLS connection was established\\n' +\n        '    at connResetException (node:internal/errors:691:14)\\n' +\n        '    at TLSSocket.onConnectEnd (node:_tls_wrap:1585:19)\\n' +\n        '    at TLSSocket.emit (node:events:402:35)\\n' +\n        '    at endReadableNT (node:internal/streams/readable:1343:12)\\n' +\n        '    at processTicksAndRejections (node:internal/process/task_queues:83:21)'\n    }\n  } {\n    code: -32603,\n    message: 'Client network socket disconnected before secure TLS connection was established',\n    data: {\n      originalError: {\n        code: 'ECONNRESET',\n        path: null,\n        host: 'proxy.devnet.neonlabs.org',\n        port: 443,\n        localAddress: undefined\n      }\n    },\n    stack: 'Error: Client network socket disconnected before secure TLS connection was established\\n' +\n      '    at connResetException (node:internal/errors:691:14)\\n' +\n      '    at TLSSocket.onConnectEnd (node:_tls_wrap:1585:19)\\n' +\n      '    at TLSSocket.emit (node:events:402:35)\\n' +\n      '    at endReadableNT (node:internal/streams/readable:1343:12)\\n' +\n      '    at processTicksAndRejections (node:internal/process/task_queues:83:21)'\n  }\n  Promise {\n    <rejected> {\n      code: -32603,\n      message: 'Client network socket disconnected before secure TLS connection was established',\n      data: { originalError: [Object] },\n      stack: 'Error: Client network socket disconnected before secure TLS connection was established\\n' +\n        '    at connResetException (node:internal/errors:691:14)\\n' +\n        '    at TLSSocket.onConnectEnd (node:_tls_wrap:1585:19)\\n' +\n        '    at TLSSocket.emit (node:events:402:35)\\n' +\n        '    at endReadableNT (node:internal/streams/readable:1343:12)\\n' +\n        '    at processTicksAndRejections (node:internal/process/task_queues:83:21)'\n    }\n  } {\n    code: -32603,\n    message: 'Client network socket disconnected before secure TLS connection was established',\n    data: {\n      originalError: {\n        code: 'ECONNRESET',\n        path: null,\n        host: 'proxy.devnet.neonlabs.org',\n        port: 443,\n        localAddress: undefined\n      }\n    },\n    stack: 'Error: Client network socket disconnected before secure TLS connection was established\\n' +\n      '    at connResetException (node:internal/errors:691:14)\\n' +\n      '    at TLSSocket.onConnectEnd (node:_tls_wrap:1585:19)\\n' +\n      '    at TLSSocket.emit (node:events:402:35)\\n' +\n      '    at endReadableNT (node:internal/streams/readable:1343:12)\\n' +\n      '    at processTicksAndRejections (node:internal/process/task_queues:83:21)'\n  }\n  Error: PollingBlockTracker - encountered an error while attempting to update latest block:\n  Error: Client network socket disconnected before secure TLS connection was established\n      at connResetException (node:internal/errors:691:14)\n      at TLSSocket.onConnectEnd (node:_tls_wrap:1585:19)\n      at TLSSocket.emit (node:events:402:35)\n      at endReadableNT (node:internal/streams/readable:1343:12)\n      at processTicksAndRejections (node:internal/process/task_queues:83:21)\n      at PollingBlockTracker._performSync (/home/runner/work/neon-compatibility/neon-compatibility/node_modules/eth-block-tracker/src/polling.js:51:24)\n      at processTicksAndRejections (node:internal/process/task_queues:96:5)\n  \nassert 1 == 0\n +  where 1 = CompletedProcess(args='cd issues/364; ../../node_modules/.bin/truffle --network neonlabs migrate -f 3 --to 3', returnc.../eth-block-tracker/src/polling.js:51:24)\\n    at processTicksAndRejections (node:internal/process/task_queues:96:5)\\n').returncode",
        "time" : {
          "start" : 1640007615939,
          "stop" : 1640007631124,
          "duration" : 15185
        }
      }, {
        "uid" : "59db39e01a505dc3",
        "reportUrl" : "https://neonlabsorg.github.io/neon-compatibility/devnet/260//#testresult/59db39e01a505dc3",
        "status" : "failed",
        "statusDetails" : "AssertionError: \n  Compiling your contracts...\n  ===========================\n  > Compiling ./contracts/ERC20Test.sol\n  > Compiling ./contracts/Migrations.sol\n  > Compiling ./contracts/SelfDestructTest.sol\n  > Compiling @openzeppelin/contracts/access/Ownable.sol\n  > Compiling @openzeppelin/contracts/token/ERC20/ERC20.sol\n  > Compiling @openzeppelin/contracts/token/ERC20/IERC20.sol\n  > Compiling @openzeppelin/contracts/token/ERC20/extensions/IERC20Metadata.sol\n  > Compiling @openzeppelin/contracts/utils/Context.sol\n  > Compilation warnings encountered:\n  \n      Warning: SPDX license identifier not provided in source file. Before publishing, consider adding a comment containing \"SPDX-License-Identifier: <SPDX-License>\" to each source file. Use \"SPDX-License-Identifier: UNLICENSED\" for non-open-source code. Please see https://spdx.org for more information.\n  --> project:/contracts/SelfDestructTest.sol\n  \n  ,Warning: This contract has a payable fallback function, but no receive ether function. Consider adding a receive ether function.\n   --> project:/contracts/SelfDestructTest.sol:5:1:\n    |\n  5 | contract SelfDestructTest is Ownable{\n    | ^ (Relevant source part starts here and spans across multiple lines).\n  Note: The payable fallback function is defined here.\n    --> project:/contracts/SelfDestructTest.sol:20:5:\n     |\n  20 |     fallback() external payable {}\n     |     ^^^^^^^^^^^^^^^^^^^^^^^^^^^^^^\n  \n  ,Warning: Function state mutability can be restricted to pure\n    --> project:/contracts/SelfDestructTest.sol:12:5:\n     |\n  12 |     function staticData() public view returns(string memory) {\n     |     ^ (Relevant source part starts here and spans across multiple lines).\n  \n  \n  > Artifacts written to /home/runner/work/neon-compatibility/neon-compatibility/issues/364/build/contracts\n  > Compiled successfully using:\n     - solc: 0.8.4+commit.c7e474f2.Emscripten.clang\n  \n  \n  \n  Starting migrations...\n  ======================\n  > Network name:    'neonlabs'\n  > Network id:      245022926\n  > Block gas limit: 6721975 (0x6691b7)\n  \n  \n  3_selfDestructTest.js\n  =====================\n  \n     Deploying 'SelfDestructTest'\n     ----------------------------\n  \n  Error:  *** Deployment Failed ***\n  \n  \"SelfDestructTest\" -- Unknown Error: <html>\r\n  <head><title>500 Internal Server Error</title></head>\r\n  <body>\r\n  <center><h1>500 Internal Server Error</h1></center>\r\n  <hr><center>nginx/1.18.0 (Ubuntu)</center>\r\n  </body>\r\n  </html>\r\n  \n  {\n    \"originalError\": {}\n  }.\n  \n      at /home/runner/work/neon-compatibility/neon-compatibility/node_modules/truffle/build/webpack:/packages/deployer/src/deployment.js:365:1\n      at processTicksAndRejections (node:internal/process/task_queues:96:5)\n      at module.exports (/home/runner/work/neon-compatibility/neon-compatibility/issues/364/migrations/3_selfDestructTest.js:6:5)\n      at Migration._deploy (/home/runner/work/neon-compatibility/neon-compatibility/node_modules/truffle/build/webpack:/packages/migrate/Migration.js:75:1)\n      at Migration._load (/home/runner/work/neon-compatibility/neon-compatibility/node_modules/truffle/build/webpack:/packages/migrate/Migration.js:56:1)\n      at Migration.run (/home/runner/work/neon-compatibility/neon-compatibility/node_modules/truffle/build/webpack:/packages/migrate/Migration.js:217:1)\n      at Object.runMigrations (/home/runner/work/neon-compatibility/neon-compatibility/node_modules/truffle/build/webpack:/packages/migrate/index.js:150:1)\n      at Object.runFrom (/home/runner/work/neon-compatibility/neon-compatibility/node_modules/truffle/build/webpack:/packages/migrate/index.js:110:1)\n      at runMigrations (/home/runner/work/neon-compatibility/neon-compatibility/node_modules/truffle/build/webpack:/packages/core/lib/commands/migrate.js:253:1)\n      at Object.run (/home/runner/work/neon-compatibility/neon-compatibility/node_modules/truffle/build/webpack:/packages/core/lib/commands/migrate.js:223:1)\n      at Command.run (/home/runner/work/neon-compatibility/neon-compatibility/node_modules/truffle/build/webpack:/packages/core/lib/command.js:183:1)\n  Truffle v5.4.14 (core: 5.4.14)\n  Node v16.13.1\n  UnhandledRejections detected\n  Promise {\n    <rejected> Error: Unknown Error: <html>\r\n        at /home/runner/work/neon-compatibility/neon-compatibility/node_modules/truffle/build/webpack:/packages/deployer/src/deployment.js:335:1\n        at processTicksAndRejections (node:internal/process/task_queues:96:5)\n        at module.exports (/home/runner/work/neon-compatibility/neon-compatibility/issues/364/migrations/3_selfDestructTest.js:6:5)\n        at Migration._deploy (/home/runner/work/neon-compatibility/neon-compatibility/node_modules/truffle/build/webpack:/packages/migrate/Migration.js:75:1)\n        at Migration._load (/home/runner/work/neon-compatibility/neon-compatibility/node_modules/truffle/build/webpack:/packages/migrate/Migration.js:56:1)\n        at Migration.run (/home/runner/work/neon-compatibility/neon-compatibility/node_modules/truffle/build/webpack:/packages/migrate/Migration.js:217:1)\n        at Object.runMigrations (/home/runner/work/neon-compatibility/neon-compatibility/node_modules/truffle/build/webpack:/packages/migrate/index.js:150:1)\n        at Object.runFrom (/home/runner/work/neon-compatibility/neon-compatibility/node_modules/truffle/build/webpack:/packages/migrate/index.js:110:1)\n        at runMigrations (/home/runner/work/neon-compatibility/neon-compatibility/node_modules/truffle/build/webpack:/packages/core/lib/commands/migrate.js:253:1)\n        at Object.run (/home/runner/work/neon-compatibility/neon-compatibility/node_modules/truffle/build/webpack:/packages/core/lib/commands/migrate.js:223:1)\n        at Command.run (/home/runner/work/neon-compatibility/neon-compatibility/node_modules/truffle/build/webpack:/packages/core/lib/command.js:183:1) {\n      hijackedStack: 'Error: Unknown Error: <html>\\r\\n' +\n        '<head><title>500 Internal Server Error</title></head>\\r\\n' +\n        '<body>\\r\\n' +\n        '<center><h1>500 Internal Server Error</h1></center>\\r\\n' +\n        '<hr><center>nginx/1.18.0 (Ubuntu)</center>\\r\\n' +\n        '</body>\\r\\n' +\n        '</html>\\r\\n' +\n        '\\n' +\n        '{\\n' +\n        '  \"originalError\": {}\\n' +\n        '}\\n' +\n        '    at Object._fireError (/home/runner/work/neon-compatibility/neon-compatibility/node_modules/truffle/build/webpack:/node_modules/web3-utils/lib/index.js:49:1)\\n' +\n        '    at sendTxCallback (/home/runner/work/neon-compatibility/neon-compatibility/node_modules/truffle/build/webpack:/node_modules/web3-eth/node_modules/web3-core-method/lib/index.js:539:1)\\n' +\n        '    at /home/runner/work/neon-compatibility/neon-compatibility/node_modules/truffle/build/webpack:/node_modules/web3/node_modules/web3-core-requestmanager/lib/index.js:299:1\\n' +\n        '    at /home/runner/work/neon-compatibility/neon-compatibility/node_modules/@trufflesuite/web3-provider-engine/index.js:238:9\\n' +\n        '    at /home/runner/work/neon-compatibility/neon-compatibility/node_modules/async/internal/once.js:12:16\\n' +\n        '    at replenish (/home/runner/work/neon-compatibility/neon-compatibility/node_modules/async/internal/eachOfLimit.js:61:25)\\n' +\n        '    at /home/runner/work/neon-compatibility/neon-compatibility/node_modules/async/internal/eachOfLimit.js:71:9\\n' +\n        '    at eachLimit (/home/runner/work/neon-compatibility/neon-compatibility/node_modules/async/eachLimit.js:43:36)\\n' +\n        '    at /home/runner/work/neon-compatibility/neon-compatibility/node_modules/async/internal/doLimit.js:9:16\\n' +\n        '    at end (/home/runner/work/neon-compatibility/neon-compatibility/node_modules/@trufflesuite/web3-provider-engine/index.js:217:5)\\n' +\n        '    at Request._callback (/home/runner/work/neon-compatibility/neon-compatibility/node_modules/@trufflesuite/web3-provider-engine/subproviders/rpc.js:58:18)\\n' +\n        '    at Request.self.callback (/home/runner/work/neon-compatibility/neon-compatibility/node_modules/request/request.js:185:22)\\n' +\n        '    at Request.emit (node:events:390:28)\\n' +\n        '    at Request.<anonymous> (/home/runner/work/neon-compatibility/neon-compatibility/node_modules/request/request.js:1154:10)\\n' +\n        '    at Request.emit (node:events:390:28)\\n' +\n        '    at IncomingMessage.<anonymous> (/home/runner/work/neon-compatibility/neon-compatibility/node_modules/request/request.js:1076:12)\\n' +\n        '    at Object.onceWrapper (node:events:509:28)\\n' +\n        '    at IncomingMessage.emit (node:events:402:35)\\n' +\n        '    at endReadableNT (node:internal/streams/readable:1343:12)\\n' +\n        '    at processTicksAndRejections (node:internal/process/task_queues:83:21)'\n    },\n    _events: Events <[Object: null prototype] {}> {},\n    emit: [Function: emit],\n    on: [Function: on],\n    once: [Function: once],\n    off: [Function: removeListener],\n    listeners: [Function: listeners],\n    addListener: [Function: on],\n    removeListener: [Function: removeListener],\n    removeAllListeners: [Function: removeAllListeners],\n    _eventsCount: 0\n  } Error: Unknown Error: <html>\r\n      at /home/runner/work/neon-compatibility/neon-compatibility/node_modules/truffle/build/webpack:/packages/deployer/src/deployment.js:335:1\n      at processTicksAndRejections (node:internal/process/task_queues:96:5)\n      at module.exports (/home/runner/work/neon-compatibility/neon-compatibility/issues/364/migrations/3_selfDestructTest.js:6:5)\n      at Migration._deploy (/home/runner/work/neon-compatibility/neon-compatibility/node_modules/truffle/build/webpack:/packages/migrate/Migration.js:75:1)\n      at Migration._load (/home/runner/work/neon-compatibility/neon-compatibility/node_modules/truffle/build/webpack:/packages/migrate/Migration.js:56:1)\n      at Migration.run (/home/runner/work/neon-compatibility/neon-compatibility/node_modules/truffle/build/webpack:/packages/migrate/Migration.js:217:1)\n      at Object.runMigrations (/home/runner/work/neon-compatibility/neon-compatibility/node_modules/truffle/build/webpack:/packages/migrate/index.js:150:1)\n      at Object.runFrom (/home/runner/work/neon-compatibility/neon-compatibility/node_modules/truffle/build/webpack:/packages/migrate/index.js:110:1)\n      at runMigrations (/home/runner/work/neon-compatibility/neon-compatibility/node_modules/truffle/build/webpack:/packages/core/lib/commands/migrate.js:253:1)\n      at Object.run (/home/runner/work/neon-compatibility/neon-compatibility/node_modules/truffle/build/webpack:/packages/core/lib/commands/migrate.js:223:1)\n      at Command.run (/home/runner/work/neon-compatibility/neon-compatibility/node_modules/truffle/build/webpack:/packages/core/lib/command.js:183:1) {\n    hijackedStack: 'Error: Unknown Error: <html>\\r\\n' +\n      '<head><title>500 Internal Server Error</title></head>\\r\\n' +\n      '<body>\\r\\n' +\n      '<center><h1>500 Internal Server Error</h1></center>\\r\\n' +\n      '<hr><center>nginx/1.18.0 (Ubuntu)</center>\\r\\n' +\n      '</body>\\r\\n' +\n      '</html>\\r\\n' +\n      '\\n' +\n      '{\\n' +\n      '  \"originalError\": {}\\n' +\n      '}\\n' +\n      '    at Object._fireError (/home/runner/work/neon-compatibility/neon-compatibility/node_modules/truffle/build/webpack:/node_modules/web3-utils/lib/index.js:49:1)\\n' +\n      '    at sendTxCallback (/home/runner/work/neon-compatibility/neon-compatibility/node_modules/truffle/build/webpack:/node_modules/web3-eth/node_modules/web3-core-method/lib/index.js:539:1)\\n' +\n      '    at /home/runner/work/neon-compatibility/neon-compatibility/node_modules/truffle/build/webpack:/node_modules/web3/node_modules/web3-core-requestmanager/lib/index.js:299:1\\n' +\n      '    at /home/runner/work/neon-compatibility/neon-compatibility/node_modules/@trufflesuite/web3-provider-engine/index.js:238:9\\n' +\n      '    at /home/runner/work/neon-compatibility/neon-compatibility/node_modules/async/internal/once.js:12:16\\n' +\n      '    at replenish (/home/runner/work/neon-compatibility/neon-compatibility/node_modules/async/internal/eachOfLimit.js:61:25)\\n' +\n      '    at /home/runner/work/neon-compatibility/neon-compatibility/node_modules/async/internal/eachOfLimit.js:71:9\\n' +\n      '    at eachLimit (/home/runner/work/neon-compatibility/neon-compatibility/node_modules/async/eachLimit.js:43:36)\\n' +\n      '    at /home/runner/work/neon-compatibility/neon-compatibility/node_modules/async/internal/doLimit.js:9:16\\n' +\n      '    at end (/home/runner/work/neon-compatibility/neon-compatibility/node_modules/@trufflesuite/web3-provider-engine/index.js:217:5)\\n' +\n      '    at Request._callback (/home/runner/work/neon-compatibility/neon-compatibility/node_modules/@trufflesuite/web3-provider-engine/subproviders/rpc.js:58:18)\\n' +\n      '    at Request.self.callback (/home/runner/work/neon-compatibility/neon-compatibility/node_modules/request/request.js:185:22)\\n' +\n      '    at Request.emit (node:events:390:28)\\n' +\n      '    at Request.<anonymous> (/home/runner/work/neon-compatibility/neon-compatibility/node_modules/request/request.js:1154:10)\\n' +\n      '    at Request.emit (node:events:390:28)\\n' +\n      '    at IncomingMessage.<anonymous> (/home/runner/work/neon-compatibility/neon-compatibility/node_modules/request/request.js:1076:12)\\n' +\n      '    at Object.onceWrapper (node:events:509:28)\\n' +\n      '    at IncomingMessage.emit (node:events:402:35)\\n' +\n      '    at endReadableNT (node:internal/streams/readable:1343:12)\\n' +\n      '    at processTicksAndRejections (node:internal/process/task_queues:83:21)'\n  }\n  \nassert 1 == 0\n +  where 1 = CompletedProcess(args='cd issues/364; ../../node_modules/.bin/truffle --network neonlabs migrate -f 3 --to 3', returnc...:1343:12)\\\\n\\' +\\n    \\'    at processTicksAndRejections (node:internal/process/task_queues:83:21)\\'\\n}\\n', stderr=b'').returncode",
        "time" : {
          "start" : 1639819988654,
          "stop" : 1639820013859,
          "duration" : 25205
        }
      }, {
        "uid" : "fabe6c3087985f8f",
        "reportUrl" : "https://neonlabsorg.github.io/neon-compatibility/devnet/256//#testresult/fabe6c3087985f8f",
        "status" : "passed",
        "time" : {
          "start" : 1639740359194,
          "stop" : 1639740399559,
          "duration" : 40365
        }
      } ]
    },
    "tags" : [ ]
  },
  "source" : "c4f8d41f9a7c0a59.json",
  "parameterValues" : [ ]
}