{
  "uid" : "b301709f333c3c6c",
  "name" : "test_issue_364_self_destruct_contract",
  "fullName" : "tests.truffle.test_truffle#test_issue_364_self_destruct_contract",
  "historyId" : "9b9a0ac6c1438da1dd6a59ac61d1506c",
  "time" : {
    "start" : 1643737147487,
    "stop" : 1643737165047,
    "duration" : 17560
  },
  "status" : "failed",
  "statusMessage" : "AssertionError: \n  Compiling your contracts...\n  ===========================\n  > Compiling ./contracts/ERC20Test.sol\n  > Compiling ./contracts/Migrations.sol\n  > Compiling ./contracts/SelfDestructTest.sol\n  > Compiling @openzeppelin/contracts/access/Ownable.sol\n  > Compiling @openzeppelin/contracts/token/ERC20/ERC20.sol\n  > Compiling @openzeppelin/contracts/token/ERC20/IERC20.sol\n  > Compiling @openzeppelin/contracts/token/ERC20/extensions/IERC20Metadata.sol\n  > Compiling @openzeppelin/contracts/utils/Context.sol\n  > Compilation warnings encountered:\n  \n      Warning: SPDX license identifier not provided in source file. Before publishing, consider adding a comment containing \"SPDX-License-Identifier: <SPDX-License>\" to each source file. Use \"SPDX-License-Identifier: UNLICENSED\" for non-open-source code. Please see https://spdx.org for more information.\n  --> project:/contracts/SelfDestructTest.sol\n  \n  ,Warning: This contract has a payable fallback function, but no receive ether function. Consider adding a receive ether function.\n   --> project:/contracts/SelfDestructTest.sol:5:1:\n    |\n  5 | contract SelfDestructTest is Ownable{\n    | ^ (Relevant source part starts here and spans across multiple lines).\n  Note: The payable fallback function is defined here.\n    --> project:/contracts/SelfDestructTest.sol:20:5:\n     |\n  20 |     fallback() external payable {}\n     |     ^^^^^^^^^^^^^^^^^^^^^^^^^^^^^^\n  \n  ,Warning: Function state mutability can be restricted to pure\n    --> project:/contracts/SelfDestructTest.sol:12:5:\n     |\n  12 |     function staticData() public view returns(string memory) {\n     |     ^ (Relevant source part starts here and spans across multiple lines).\n  \n  \n  > Artifacts written to /home/runner/work/neon-compatibility/neon-compatibility/issues/364/build/contracts\n  > Compiled successfully using:\n     - solc: 0.8.4+commit.c7e474f2.Emscripten.clang\n  \n  \n  \n  Starting migrations...\n  ======================\n  > Network name:    'neonlabs'\n  > Network id:      111\n  > Block gas limit: 6721975 (0x6691b7)\n  \n  \n  3_selfDestructTest.js\n  =====================\n  \n     Deploying 'SelfDestructTest'\n     ----------------------------\n  \n  Error:  *** Deployment Failed ***\n  \n  \"SelfDestructTest\" could not deploy due to insufficient funds\n     * Account:  0x1dce958Be213F13015b0526078DD96B5c0A7DEb8\n     * Balance:  0 wei\n     * Message:  Transaction simulation failed: Error processing Instruction 0: insufficient funds for instruction\n  {\n    \"accounts\": null,\n    \"err\": {\n      \"InstructionError\": [\n        0,\n        \"InsufficientFunds\"\n      ]\n    },\n    \"logs\": [\n      \"Program 53DfF883gyixYNXnM7s5xhdeyV8mVk9T4i2hGV9vG9io invoke [1]\",\n      \"Program log: program/src/storage_account.rs:76\",\n      \"Program log: program/src/token.rs:330 : there is no enough funds to start executing the transaction; gas_limit = 3000000; gas_price = 1000000000; gas_used_and_paid = 0; user_balance = 0;\",\n      \"Program 53DfF883gyixYNXnM7s5xhdeyV8mVk9T4i2hGV9vG9io consumed 43635 of 500000 compute units\",\n      \"Program 53DfF883gyixYNXnM7s5xhdeyV8mVk9T4i2hGV9vG9io failed: insufficient funds for instruction\"\n    ]\n  }\n     * Try:\n        + Using an adequately funded account\n        + If you are using a local Geth node, verify that your node is synced.\n  \n      at /home/runner/work/neon-compatibility/neon-compatibility/node_modules/truffle/build/webpack:/packages/deployer/src/deployment.js:365:1\n      at processTicksAndRejections (node:internal/process/task_queues:96:5)\n      at module.exports (/home/runner/work/neon-compatibility/neon-compatibility/issues/364/migrations/3_selfDestructTest.js:6:5)\n      at Migration._deploy (/home/runner/work/neon-compatibility/neon-compatibility/node_modules/truffle/build/webpack:/packages/migrate/Migration.js:75:1)\n      at Migration._load (/home/runner/work/neon-compatibility/neon-compatibility/node_modules/truffle/build/webpack:/packages/migrate/Migration.js:56:1)\n      at Migration.run (/home/runner/work/neon-compatibility/neon-compatibility/node_modules/truffle/build/webpack:/packages/migrate/Migration.js:217:1)\n      at Object.runMigrations (/home/runner/work/neon-compatibility/neon-compatibility/node_modules/truffle/build/webpack:/packages/migrate/index.js:150:1)\n      at Object.runFrom (/home/runner/work/neon-compatibility/neon-compatibility/node_modules/truffle/build/webpack:/packages/migrate/index.js:110:1)\n      at runMigrations (/home/runner/work/neon-compatibility/neon-compatibility/node_modules/truffle/build/webpack:/packages/core/lib/commands/migrate.js:253:1)\n      at Object.run (/home/runner/work/neon-compatibility/neon-compatibility/node_modules/truffle/build/webpack:/packages/core/lib/commands/migrate.js:223:1)\n      at Command.run (/home/runner/work/neon-compatibility/neon-compatibility/node_modules/truffle/build/webpack:/packages/core/lib/command.js:183:1)\n  Truffle v5.4.14 (core: 5.4.14)\n  Node v16.13.2\n  \nassert 1 == 0\n +  where 1 = CompletedProcess(args='cd issues/364; ../../node_modules/.bin/truffle --network neonlabs migrate -f 3 --to 3', returnc...uffle/build/webpack:/packages/core/lib/command.js:183:1)\\nTruffle v5.4.14 (core: 5.4.14)\\nNode v16.13.2\\n', stderr=b'').returncode",
  "statusTrace" : "@allure.feature(FEATURE)\n    def test_issue_364_self_destruct_contract():\n        cmd_res = run_command_line(\n            f\"cd issues/364; ../{RunCommand.TRUFFLE} \"\n            f\"--network {NETWORK_NAME} migrate -f 3 --to 3\"\n        )\n        actual_result = cmd_res.stdout.decode() + cmd_res.stderr.decode()\n>       assert cmd_res.returncode == 0, actual_result\nE       AssertionError: \nE         Compiling your contracts...\nE         ===========================\nE         > Compiling ./contracts/ERC20Test.sol\nE         > Compiling ./contracts/Migrations.sol\nE         > Compiling ./contracts/SelfDestructTest.sol\nE         > Compiling @openzeppelin/contracts/access/Ownable.sol\nE         > Compiling @openzeppelin/contracts/token/ERC20/ERC20.sol\nE         > Compiling @openzeppelin/contracts/token/ERC20/IERC20.sol\nE         > Compiling @openzeppelin/contracts/token/ERC20/extensions/IERC20Metadata.sol\nE         > Compiling @openzeppelin/contracts/utils/Context.sol\nE         > Compilation warnings encountered:\nE         \nE             Warning: SPDX license identifier not provided in source file. Before publishing, consider adding a comment containing \"SPDX-License-Identifier: <SPDX-License>\" to each source file. Use \"SPDX-License-Identifier: UNLICENSED\" for non-open-source code. Please see https://spdx.org for more information.\nE         --> project:/contracts/SelfDestructTest.sol\nE         \nE         ,Warning: This contract has a payable fallback function, but no receive ether function. Consider adding a receive ether function.\nE          --> project:/contracts/SelfDestructTest.sol:5:1:\nE           |\nE         5 | contract SelfDestructTest is Ownable{\nE           | ^ (Relevant source part starts here and spans across multiple lines).\nE         Note: The payable fallback function is defined here.\nE           --> project:/contracts/SelfDestructTest.sol:20:5:\nE            |\nE         20 |     fallback() external payable {}\nE            |     ^^^^^^^^^^^^^^^^^^^^^^^^^^^^^^\nE         \nE         ,Warning: Function state mutability can be restricted to pure\nE           --> project:/contracts/SelfDestructTest.sol:12:5:\nE            |\nE         12 |     function staticData() public view returns(string memory) {\nE            |     ^ (Relevant source part starts here and spans across multiple lines).\nE         \nE         \nE         > Artifacts written to /home/runner/work/neon-compatibility/neon-compatibility/issues/364/build/contracts\nE         > Compiled successfully using:\nE            - solc: 0.8.4+commit.c7e474f2.Emscripten.clang\nE         \nE         \nE         \nE         Starting migrations...\nE         ======================\nE         > Network name:    'neonlabs'\nE         > Network id:      111\nE         > Block gas limit: 6721975 (0x6691b7)\nE         \nE         \nE         3_selfDestructTest.js\nE         =====================\nE         \nE            Deploying 'SelfDestructTest'\nE            ----------------------------\nE         \nE         Error:  *** Deployment Failed ***\nE         \nE         \"SelfDestructTest\" could not deploy due to insufficient funds\nE            * Account:  0x1dce958Be213F13015b0526078DD96B5c0A7DEb8\nE            * Balance:  0 wei\nE            * Message:  Transaction simulation failed: Error processing Instruction 0: insufficient funds for instruction\nE         {\nE           \"accounts\": null,\nE           \"err\": {\nE             \"InstructionError\": [\nE               0,\nE               \"InsufficientFunds\"\nE             ]\nE           },\nE           \"logs\": [\nE             \"Program 53DfF883gyixYNXnM7s5xhdeyV8mVk9T4i2hGV9vG9io invoke [1]\",\nE             \"Program log: program/src/storage_account.rs:76\",\nE             \"Program log: program/src/token.rs:330 : there is no enough funds to start executing the transaction; gas_limit = 3000000; gas_price = 1000000000; gas_used_and_paid = 0; user_balance = 0;\",\nE             \"Program 53DfF883gyixYNXnM7s5xhdeyV8mVk9T4i2hGV9vG9io consumed 43635 of 500000 compute units\",\nE             \"Program 53DfF883gyixYNXnM7s5xhdeyV8mVk9T4i2hGV9vG9io failed: insufficient funds for instruction\"\nE           ]\nE         }\nE            * Try:\nE               + Using an adequately funded account\nE               + If you are using a local Geth node, verify that your node is synced.\nE         \nE             at /home/runner/work/neon-compatibility/neon-compatibility/node_modules/truffle/build/webpack:/packages/deployer/src/deployment.js:365:1\nE             at processTicksAndRejections (node:internal/process/task_queues:96:5)\nE             at module.exports (/home/runner/work/neon-compatibility/neon-compatibility/issues/364/migrations/3_selfDestructTest.js:6:5)\nE             at Migration._deploy (/home/runner/work/neon-compatibility/neon-compatibility/node_modules/truffle/build/webpack:/packages/migrate/Migration.js:75:1)\nE             at Migration._load (/home/runner/work/neon-compatibility/neon-compatibility/node_modules/truffle/build/webpack:/packages/migrate/Migration.js:56:1)\nE             at Migration.run (/home/runner/work/neon-compatibility/neon-compatibility/node_modules/truffle/build/webpack:/packages/migrate/Migration.js:217:1)\nE             at Object.runMigrations (/home/runner/work/neon-compatibility/neon-compatibility/node_modules/truffle/build/webpack:/packages/migrate/index.js:150:1)\nE             at Object.runFrom (/home/runner/work/neon-compatibility/neon-compatibility/node_modules/truffle/build/webpack:/packages/migrate/index.js:110:1)\nE             at runMigrations (/home/runner/work/neon-compatibility/neon-compatibility/node_modules/truffle/build/webpack:/packages/core/lib/commands/migrate.js:253:1)\nE             at Object.run (/home/runner/work/neon-compatibility/neon-compatibility/node_modules/truffle/build/webpack:/packages/core/lib/commands/migrate.js:223:1)\nE             at Command.run (/home/runner/work/neon-compatibility/neon-compatibility/node_modules/truffle/build/webpack:/packages/core/lib/command.js:183:1)\nE         Truffle v5.4.14 (core: 5.4.14)\nE         Node v16.13.2\nE         \nE       assert 1 == 0\nE        +  where 1 = CompletedProcess(args='cd issues/364; ../../node_modules/.bin/truffle --network neonlabs migrate -f 3 --to 3', returnc...uffle/build/webpack:/packages/core/lib/command.js:183:1)\\nTruffle v5.4.14 (core: 5.4.14)\\nNode v16.13.2\\n', stderr=b'').returncode\n\ntests/truffle/test_truffle.py:76: AssertionError",
  "flaky" : false,
  "newFailed" : false,
  "newBroken" : false,
  "newPassed" : false,
  "retriesCount" : 0,
  "retriesStatusChange" : false,
  "beforeStages" : [ {
    "name" : "prepare_truffle_config",
    "time" : {
      "start" : 1643737147477,
      "stop" : 1643737147487,
      "duration" : 10
    },
    "status" : "passed",
    "steps" : [ {
      "name" : "Preset variables",
      "time" : {
        "start" : 1643737147477,
        "stop" : 1643737147487,
        "duration" : 10
      },
      "status" : "passed",
      "steps" : [ ],
      "attachments" : [ ],
      "parameters" : [ ],
      "stepsCount" : 0,
      "attachmentsCount" : 0,
      "shouldDisplayMessage" : false,
      "hasContent" : false
    }, {
      "name" : "Clean up folder \"'/home/runner/work/neon-compatibility/neon-compatibility/Metacoin/build/contracts'\"",
      "time" : {
        "start" : 1643737147487,
        "stop" : 1643737147487,
        "duration" : 0
      },
      "status" : "passed",
      "steps" : [ ],
      "attachments" : [ ],
      "parameters" : [ {
        "name" : "folder",
        "value" : "'/home/runner/work/neon-compatibility/neon-compatibility/Metacoin/build/contracts'"
      } ],
      "stepsCount" : 0,
      "attachmentsCount" : 0,
      "shouldDisplayMessage" : false,
      "hasContent" : true
    } ],
    "attachments" : [ ],
    "parameters" : [ ],
    "stepsCount" : 2,
    "attachmentsCount" : 0,
    "shouldDisplayMessage" : false,
    "hasContent" : true
  } ],
  "testStage" : {
    "status" : "failed",
    "statusMessage" : "AssertionError: \n  Compiling your contracts...\n  ===========================\n  > Compiling ./contracts/ERC20Test.sol\n  > Compiling ./contracts/Migrations.sol\n  > Compiling ./contracts/SelfDestructTest.sol\n  > Compiling @openzeppelin/contracts/access/Ownable.sol\n  > Compiling @openzeppelin/contracts/token/ERC20/ERC20.sol\n  > Compiling @openzeppelin/contracts/token/ERC20/IERC20.sol\n  > Compiling @openzeppelin/contracts/token/ERC20/extensions/IERC20Metadata.sol\n  > Compiling @openzeppelin/contracts/utils/Context.sol\n  > Compilation warnings encountered:\n  \n      Warning: SPDX license identifier not provided in source file. Before publishing, consider adding a comment containing \"SPDX-License-Identifier: <SPDX-License>\" to each source file. Use \"SPDX-License-Identifier: UNLICENSED\" for non-open-source code. Please see https://spdx.org for more information.\n  --> project:/contracts/SelfDestructTest.sol\n  \n  ,Warning: This contract has a payable fallback function, but no receive ether function. Consider adding a receive ether function.\n   --> project:/contracts/SelfDestructTest.sol:5:1:\n    |\n  5 | contract SelfDestructTest is Ownable{\n    | ^ (Relevant source part starts here and spans across multiple lines).\n  Note: The payable fallback function is defined here.\n    --> project:/contracts/SelfDestructTest.sol:20:5:\n     |\n  20 |     fallback() external payable {}\n     |     ^^^^^^^^^^^^^^^^^^^^^^^^^^^^^^\n  \n  ,Warning: Function state mutability can be restricted to pure\n    --> project:/contracts/SelfDestructTest.sol:12:5:\n     |\n  12 |     function staticData() public view returns(string memory) {\n     |     ^ (Relevant source part starts here and spans across multiple lines).\n  \n  \n  > Artifacts written to /home/runner/work/neon-compatibility/neon-compatibility/issues/364/build/contracts\n  > Compiled successfully using:\n     - solc: 0.8.4+commit.c7e474f2.Emscripten.clang\n  \n  \n  \n  Starting migrations...\n  ======================\n  > Network name:    'neonlabs'\n  > Network id:      111\n  > Block gas limit: 6721975 (0x6691b7)\n  \n  \n  3_selfDestructTest.js\n  =====================\n  \n     Deploying 'SelfDestructTest'\n     ----------------------------\n  \n  Error:  *** Deployment Failed ***\n  \n  \"SelfDestructTest\" could not deploy due to insufficient funds\n     * Account:  0x1dce958Be213F13015b0526078DD96B5c0A7DEb8\n     * Balance:  0 wei\n     * Message:  Transaction simulation failed: Error processing Instruction 0: insufficient funds for instruction\n  {\n    \"accounts\": null,\n    \"err\": {\n      \"InstructionError\": [\n        0,\n        \"InsufficientFunds\"\n      ]\n    },\n    \"logs\": [\n      \"Program 53DfF883gyixYNXnM7s5xhdeyV8mVk9T4i2hGV9vG9io invoke [1]\",\n      \"Program log: program/src/storage_account.rs:76\",\n      \"Program log: program/src/token.rs:330 : there is no enough funds to start executing the transaction; gas_limit = 3000000; gas_price = 1000000000; gas_used_and_paid = 0; user_balance = 0;\",\n      \"Program 53DfF883gyixYNXnM7s5xhdeyV8mVk9T4i2hGV9vG9io consumed 43635 of 500000 compute units\",\n      \"Program 53DfF883gyixYNXnM7s5xhdeyV8mVk9T4i2hGV9vG9io failed: insufficient funds for instruction\"\n    ]\n  }\n     * Try:\n        + Using an adequately funded account\n        + If you are using a local Geth node, verify that your node is synced.\n  \n      at /home/runner/work/neon-compatibility/neon-compatibility/node_modules/truffle/build/webpack:/packages/deployer/src/deployment.js:365:1\n      at processTicksAndRejections (node:internal/process/task_queues:96:5)\n      at module.exports (/home/runner/work/neon-compatibility/neon-compatibility/issues/364/migrations/3_selfDestructTest.js:6:5)\n      at Migration._deploy (/home/runner/work/neon-compatibility/neon-compatibility/node_modules/truffle/build/webpack:/packages/migrate/Migration.js:75:1)\n      at Migration._load (/home/runner/work/neon-compatibility/neon-compatibility/node_modules/truffle/build/webpack:/packages/migrate/Migration.js:56:1)\n      at Migration.run (/home/runner/work/neon-compatibility/neon-compatibility/node_modules/truffle/build/webpack:/packages/migrate/Migration.js:217:1)\n      at Object.runMigrations (/home/runner/work/neon-compatibility/neon-compatibility/node_modules/truffle/build/webpack:/packages/migrate/index.js:150:1)\n      at Object.runFrom (/home/runner/work/neon-compatibility/neon-compatibility/node_modules/truffle/build/webpack:/packages/migrate/index.js:110:1)\n      at runMigrations (/home/runner/work/neon-compatibility/neon-compatibility/node_modules/truffle/build/webpack:/packages/core/lib/commands/migrate.js:253:1)\n      at Object.run (/home/runner/work/neon-compatibility/neon-compatibility/node_modules/truffle/build/webpack:/packages/core/lib/commands/migrate.js:223:1)\n      at Command.run (/home/runner/work/neon-compatibility/neon-compatibility/node_modules/truffle/build/webpack:/packages/core/lib/command.js:183:1)\n  Truffle v5.4.14 (core: 5.4.14)\n  Node v16.13.2\n  \nassert 1 == 0\n +  where 1 = CompletedProcess(args='cd issues/364; ../../node_modules/.bin/truffle --network neonlabs migrate -f 3 --to 3', returnc...uffle/build/webpack:/packages/core/lib/command.js:183:1)\\nTruffle v5.4.14 (core: 5.4.14)\\nNode v16.13.2\\n', stderr=b'').returncode",
    "statusTrace" : "@allure.feature(FEATURE)\n    def test_issue_364_self_destruct_contract():\n        cmd_res = run_command_line(\n            f\"cd issues/364; ../{RunCommand.TRUFFLE} \"\n            f\"--network {NETWORK_NAME} migrate -f 3 --to 3\"\n        )\n        actual_result = cmd_res.stdout.decode() + cmd_res.stderr.decode()\n>       assert cmd_res.returncode == 0, actual_result\nE       AssertionError: \nE         Compiling your contracts...\nE         ===========================\nE         > Compiling ./contracts/ERC20Test.sol\nE         > Compiling ./contracts/Migrations.sol\nE         > Compiling ./contracts/SelfDestructTest.sol\nE         > Compiling @openzeppelin/contracts/access/Ownable.sol\nE         > Compiling @openzeppelin/contracts/token/ERC20/ERC20.sol\nE         > Compiling @openzeppelin/contracts/token/ERC20/IERC20.sol\nE         > Compiling @openzeppelin/contracts/token/ERC20/extensions/IERC20Metadata.sol\nE         > Compiling @openzeppelin/contracts/utils/Context.sol\nE         > Compilation warnings encountered:\nE         \nE             Warning: SPDX license identifier not provided in source file. Before publishing, consider adding a comment containing \"SPDX-License-Identifier: <SPDX-License>\" to each source file. Use \"SPDX-License-Identifier: UNLICENSED\" for non-open-source code. Please see https://spdx.org for more information.\nE         --> project:/contracts/SelfDestructTest.sol\nE         \nE         ,Warning: This contract has a payable fallback function, but no receive ether function. Consider adding a receive ether function.\nE          --> project:/contracts/SelfDestructTest.sol:5:1:\nE           |\nE         5 | contract SelfDestructTest is Ownable{\nE           | ^ (Relevant source part starts here and spans across multiple lines).\nE         Note: The payable fallback function is defined here.\nE           --> project:/contracts/SelfDestructTest.sol:20:5:\nE            |\nE         20 |     fallback() external payable {}\nE            |     ^^^^^^^^^^^^^^^^^^^^^^^^^^^^^^\nE         \nE         ,Warning: Function state mutability can be restricted to pure\nE           --> project:/contracts/SelfDestructTest.sol:12:5:\nE            |\nE         12 |     function staticData() public view returns(string memory) {\nE            |     ^ (Relevant source part starts here and spans across multiple lines).\nE         \nE         \nE         > Artifacts written to /home/runner/work/neon-compatibility/neon-compatibility/issues/364/build/contracts\nE         > Compiled successfully using:\nE            - solc: 0.8.4+commit.c7e474f2.Emscripten.clang\nE         \nE         \nE         \nE         Starting migrations...\nE         ======================\nE         > Network name:    'neonlabs'\nE         > Network id:      111\nE         > Block gas limit: 6721975 (0x6691b7)\nE         \nE         \nE         3_selfDestructTest.js\nE         =====================\nE         \nE            Deploying 'SelfDestructTest'\nE            ----------------------------\nE         \nE         Error:  *** Deployment Failed ***\nE         \nE         \"SelfDestructTest\" could not deploy due to insufficient funds\nE            * Account:  0x1dce958Be213F13015b0526078DD96B5c0A7DEb8\nE            * Balance:  0 wei\nE            * Message:  Transaction simulation failed: Error processing Instruction 0: insufficient funds for instruction\nE         {\nE           \"accounts\": null,\nE           \"err\": {\nE             \"InstructionError\": [\nE               0,\nE               \"InsufficientFunds\"\nE             ]\nE           },\nE           \"logs\": [\nE             \"Program 53DfF883gyixYNXnM7s5xhdeyV8mVk9T4i2hGV9vG9io invoke [1]\",\nE             \"Program log: program/src/storage_account.rs:76\",\nE             \"Program log: program/src/token.rs:330 : there is no enough funds to start executing the transaction; gas_limit = 3000000; gas_price = 1000000000; gas_used_and_paid = 0; user_balance = 0;\",\nE             \"Program 53DfF883gyixYNXnM7s5xhdeyV8mVk9T4i2hGV9vG9io consumed 43635 of 500000 compute units\",\nE             \"Program 53DfF883gyixYNXnM7s5xhdeyV8mVk9T4i2hGV9vG9io failed: insufficient funds for instruction\"\nE           ]\nE         }\nE            * Try:\nE               + Using an adequately funded account\nE               + If you are using a local Geth node, verify that your node is synced.\nE         \nE             at /home/runner/work/neon-compatibility/neon-compatibility/node_modules/truffle/build/webpack:/packages/deployer/src/deployment.js:365:1\nE             at processTicksAndRejections (node:internal/process/task_queues:96:5)\nE             at module.exports (/home/runner/work/neon-compatibility/neon-compatibility/issues/364/migrations/3_selfDestructTest.js:6:5)\nE             at Migration._deploy (/home/runner/work/neon-compatibility/neon-compatibility/node_modules/truffle/build/webpack:/packages/migrate/Migration.js:75:1)\nE             at Migration._load (/home/runner/work/neon-compatibility/neon-compatibility/node_modules/truffle/build/webpack:/packages/migrate/Migration.js:56:1)\nE             at Migration.run (/home/runner/work/neon-compatibility/neon-compatibility/node_modules/truffle/build/webpack:/packages/migrate/Migration.js:217:1)\nE             at Object.runMigrations (/home/runner/work/neon-compatibility/neon-compatibility/node_modules/truffle/build/webpack:/packages/migrate/index.js:150:1)\nE             at Object.runFrom (/home/runner/work/neon-compatibility/neon-compatibility/node_modules/truffle/build/webpack:/packages/migrate/index.js:110:1)\nE             at runMigrations (/home/runner/work/neon-compatibility/neon-compatibility/node_modules/truffle/build/webpack:/packages/core/lib/commands/migrate.js:253:1)\nE             at Object.run (/home/runner/work/neon-compatibility/neon-compatibility/node_modules/truffle/build/webpack:/packages/core/lib/commands/migrate.js:223:1)\nE             at Command.run (/home/runner/work/neon-compatibility/neon-compatibility/node_modules/truffle/build/webpack:/packages/core/lib/command.js:183:1)\nE         Truffle v5.4.14 (core: 5.4.14)\nE         Node v16.13.2\nE         \nE       assert 1 == 0\nE        +  where 1 = CompletedProcess(args='cd issues/364; ../../node_modules/.bin/truffle --network neonlabs migrate -f 3 --to 3', returnc...uffle/build/webpack:/packages/core/lib/command.js:183:1)\\nTruffle v5.4.14 (core: 5.4.14)\\nNode v16.13.2\\n', stderr=b'').returncode\n\ntests/truffle/test_truffle.py:76: AssertionError",
    "steps" : [ {
      "name" : "Run command: \"'cd issues/364; ../../node_modules/.bin/truffle --network neonlabs migrate -f 3 --to 3'\"",
      "time" : {
        "start" : 1643737147488,
        "stop" : 1643737165046,
        "duration" : 17558
      },
      "status" : "passed",
      "steps" : [ ],
      "attachments" : [ ],
      "parameters" : [ {
        "name" : "command",
        "value" : "'cd issues/364; ../../node_modules/.bin/truffle --network neonlabs migrate -f 3 --to 3'"
      } ],
      "stepsCount" : 0,
      "attachmentsCount" : 0,
      "shouldDisplayMessage" : false,
      "hasContent" : true
    } ],
    "attachments" : [ {
      "uid" : "d74db7754a76a9f",
      "name" : "stdout",
      "source" : "d74db7754a76a9f.txt",
      "type" : "text/plain",
      "size" : 4953
    } ],
    "parameters" : [ ],
    "stepsCount" : 1,
    "attachmentsCount" : 1,
    "shouldDisplayMessage" : true,
    "hasContent" : true
  },
  "afterStages" : [ {
    "name" : "prepare_truffle_config::0",
    "time" : {
      "start" : 1643737165052,
      "stop" : 1643737165052,
      "duration" : 0
    },
    "status" : "passed",
    "steps" : [ ],
    "attachments" : [ ],
    "parameters" : [ ],
    "stepsCount" : 0,
    "attachmentsCount" : 0,
    "shouldDisplayMessage" : false,
    "hasContent" : false
  } ],
  "labels" : [ {
    "name" : "feature",
    "value" : "Truffle"
  }, {
    "name" : "parentSuite",
    "value" : "tests.truffle"
  }, {
    "name" : "suite",
    "value" : "test_truffle"
  }, {
    "name" : "host",
    "value" : "fv-az81-263"
  }, {
    "name" : "thread",
    "value" : "3627-MainThread"
  }, {
    "name" : "framework",
    "value" : "pytest"
  }, {
    "name" : "language",
    "value" : "cpython3"
  }, {
    "name" : "package",
    "value" : "tests.truffle.test_truffle"
  }, {
    "name" : "resultFormat",
    "value" : "allure2"
  } ],
  "parameters" : [ ],
  "links" : [ ],
  "hidden" : false,
  "retry" : false,
  "extra" : {
    "severity" : "normal",
    "retries" : [ ],
    "categories" : [ {
      "name" : "Product defects",
      "matchedStatuses" : [ ],
      "flaky" : false
    } ],
    "history" : {
      "statistic" : {
        "failed" : 144,
        "broken" : 0,
        "skipped" : 0,
        "passed" : 0,
        "unknown" : 0,
        "total" : 144
      },
      "items" : [ {
        "uid" : "f36d712ead6cc552",
        "reportUrl" : "https://neonlabsorg.github.io/neon-compatibility/599//#testresult/f36d712ead6cc552",
        "status" : "failed",
        "statusDetails" : "AssertionError: \n  Compiling your contracts...\n  ===========================\n  > Compiling ./contracts/ERC20Test.sol\n  > Compiling ./contracts/Migrations.sol\n  > Compiling ./contracts/SelfDestructTest.sol\n  > Compiling @openzeppelin/contracts/access/Ownable.sol\n  > Compiling @openzeppelin/contracts/token/ERC20/ERC20.sol\n  > Compiling @openzeppelin/contracts/token/ERC20/IERC20.sol\n  > Compiling @openzeppelin/contracts/token/ERC20/extensions/IERC20Metadata.sol\n  > Compiling @openzeppelin/contracts/utils/Context.sol\n  > Compilation warnings encountered:\n  \n      Warning: SPDX license identifier not provided in source file. Before publishing, consider adding a comment containing \"SPDX-License-Identifier: <SPDX-License>\" to each source file. Use \"SPDX-License-Identifier: UNLICENSED\" for non-open-source code. Please see https://spdx.org for more information.\n  --> project:/contracts/SelfDestructTest.sol\n  \n  ,Warning: This contract has a payable fallback function, but no receive ether function. Consider adding a receive ether function.\n   --> project:/contracts/SelfDestructTest.sol:5:1:\n    |\n  5 | contract SelfDestructTest is Ownable{\n    | ^ (Relevant source part starts here and spans across multiple lines).\n  Note: The payable fallback function is defined here.\n    --> project:/contracts/SelfDestructTest.sol:20:5:\n     |\n  20 |     fallback() external payable {}\n     |     ^^^^^^^^^^^^^^^^^^^^^^^^^^^^^^\n  \n  ,Warning: Function state mutability can be restricted to pure\n    --> project:/contracts/SelfDestructTest.sol:12:5:\n     |\n  12 |     function staticData() public view returns(string memory) {\n     |     ^ (Relevant source part starts here and spans across multiple lines).\n  \n  \n  > Artifacts written to /home/runner/work/neon-compatibility/neon-compatibility/issues/364/build/contracts\n  > Compiled successfully using:\n     - solc: 0.8.4+commit.c7e474f2.Emscripten.clang\n  \n  \n  \n  Starting migrations...\n  ======================\n  > Network name:    'neonlabs'\n  > Network id:      111\n  > Block gas limit: 6721975 (0x6691b7)\n  \n  \n  3_selfDestructTest.js\n  =====================\n  \n     Deploying 'SelfDestructTest'\n     ----------------------------\n  \n  Error:  *** Deployment Failed ***\n  \n  \"SelfDestructTest\" could not deploy due to insufficient funds\n     * Account:  0xfBCAE6fe4C58f1967924df47ffA1314357215E69\n     * Balance:  0 wei\n     * Message:  Transaction simulation failed: Error processing Instruction 0: insufficient funds for instruction\n  {\n    \"accounts\": null,\n    \"err\": {\n      \"InstructionError\": [\n        0,\n        \"InsufficientFunds\"\n      ]\n    },\n    \"logs\": [\n      \"Program 53DfF883gyixYNXnM7s5xhdeyV8mVk9T4i2hGV9vG9io invoke [1]\",\n      \"Program log: program/src/storage_account.rs:76\",\n      \"Program log: program/src/token.rs:330 : there is no enough funds to start executing the transaction; gas_limit = 3000000; gas_price = 1000000000; gas_used_and_paid = 0; user_balance = 0;\",\n      \"Program 53DfF883gyixYNXnM7s5xhdeyV8mVk9T4i2hGV9vG9io consumed 43635 of 500000 compute units\",\n      \"Program 53DfF883gyixYNXnM7s5xhdeyV8mVk9T4i2hGV9vG9io failed: insufficient funds for instruction\"\n    ]\n  }\n     * Try:\n        + Using an adequately funded account\n        + If you are using a local Geth node, verify that your node is synced.\n  \n      at /home/runner/work/neon-compatibility/neon-compatibility/node_modules/truffle/build/webpack:/packages/deployer/src/deployment.js:365:1\n      at processTicksAndRejections (node:internal/process/task_queues:96:5)\n      at module.exports (/home/runner/work/neon-compatibility/neon-compatibility/issues/364/migrations/3_selfDestructTest.js:6:5)\n      at Migration._deploy (/home/runner/work/neon-compatibility/neon-compatibility/node_modules/truffle/build/webpack:/packages/migrate/Migration.js:75:1)\n      at Migration._load (/home/runner/work/neon-compatibility/neon-compatibility/node_modules/truffle/build/webpack:/packages/migrate/Migration.js:56:1)\n      at Migration.run (/home/runner/work/neon-compatibility/neon-compatibility/node_modules/truffle/build/webpack:/packages/migrate/Migration.js:217:1)\n      at Object.runMigrations (/home/runner/work/neon-compatibility/neon-compatibility/node_modules/truffle/build/webpack:/packages/migrate/index.js:150:1)\n      at Object.runFrom (/home/runner/work/neon-compatibility/neon-compatibility/node_modules/truffle/build/webpack:/packages/migrate/index.js:110:1)\n      at runMigrations (/home/runner/work/neon-compatibility/neon-compatibility/node_modules/truffle/build/webpack:/packages/core/lib/commands/migrate.js:253:1)\n      at Object.run (/home/runner/work/neon-compatibility/neon-compatibility/node_modules/truffle/build/webpack:/packages/core/lib/commands/migrate.js:223:1)\n      at Command.run (/home/runner/work/neon-compatibility/neon-compatibility/node_modules/truffle/build/webpack:/packages/core/lib/command.js:183:1)\n  Truffle v5.4.14 (core: 5.4.14)\n  Node v16.13.2\n  \nassert 1 == 0\n +  where 1 = CompletedProcess(args='cd issues/364; ../../node_modules/.bin/truffle --network neonlabs migrate -f 3 --to 3', returnc...uffle/build/webpack:/packages/core/lib/command.js:183:1)\\nTruffle v5.4.14 (core: 5.4.14)\\nNode v16.13.2\\n', stderr=b'').returncode",
        "time" : {
          "start" : 1643712708612,
          "stop" : 1643712726304,
          "duration" : 17692
        }
      }, {
        "uid" : "1900a77e82479e13",
        "reportUrl" : "https://neonlabsorg.github.io/neon-compatibility/598//#testresult/1900a77e82479e13",
        "status" : "failed",
        "statusDetails" : "AssertionError: \n  Compiling your contracts...\n  ===========================\n  > Compiling ./contracts/ERC20Test.sol\n  > Compiling ./contracts/Migrations.sol\n  > Compiling ./contracts/SelfDestructTest.sol\n  > Compiling @openzeppelin/contracts/access/Ownable.sol\n  > Compiling @openzeppelin/contracts/token/ERC20/ERC20.sol\n  > Compiling @openzeppelin/contracts/token/ERC20/IERC20.sol\n  > Compiling @openzeppelin/contracts/token/ERC20/extensions/IERC20Metadata.sol\n  > Compiling @openzeppelin/contracts/utils/Context.sol\n  > Compilation warnings encountered:\n  \n      Warning: SPDX license identifier not provided in source file. Before publishing, consider adding a comment containing \"SPDX-License-Identifier: <SPDX-License>\" to each source file. Use \"SPDX-License-Identifier: UNLICENSED\" for non-open-source code. Please see https://spdx.org for more information.\n  --> project:/contracts/SelfDestructTest.sol\n  \n  ,Warning: This contract has a payable fallback function, but no receive ether function. Consider adding a receive ether function.\n   --> project:/contracts/SelfDestructTest.sol:5:1:\n    |\n  5 | contract SelfDestructTest is Ownable{\n    | ^ (Relevant source part starts here and spans across multiple lines).\n  Note: The payable fallback function is defined here.\n    --> project:/contracts/SelfDestructTest.sol:20:5:\n     |\n  20 |     fallback() external payable {}\n     |     ^^^^^^^^^^^^^^^^^^^^^^^^^^^^^^\n  \n  ,Warning: Function state mutability can be restricted to pure\n    --> project:/contracts/SelfDestructTest.sol:12:5:\n     |\n  12 |     function staticData() public view returns(string memory) {\n     |     ^ (Relevant source part starts here and spans across multiple lines).\n  \n  \n  > Artifacts written to /home/runner/work/neon-compatibility/neon-compatibility/issues/364/build/contracts\n  > Compiled successfully using:\n     - solc: 0.8.4+commit.c7e474f2.Emscripten.clang\n  \n  \n  \n  Starting migrations...\n  ======================\n  > Network name:    'neonlabs'\n  > Network id:      111\n  > Block gas limit: 6721975 (0x6691b7)\n  \n  \n  3_selfDestructTest.js\n  =====================\n  \n     Deploying 'SelfDestructTest'\n     ----------------------------\n  \n  Error:  *** Deployment Failed ***\n  \n  \"SelfDestructTest\" could not deploy due to insufficient funds\n     * Account:  0xAb7E0e2fa31f2420a98f549aD94E8DFc0D954d1D\n     * Balance:  0 wei\n     * Message:  Transaction simulation failed: Error processing Instruction 0: insufficient funds for instruction\n  {\n    \"accounts\": null,\n    \"err\": {\n      \"InstructionError\": [\n        0,\n        \"InsufficientFunds\"\n      ]\n    },\n    \"logs\": [\n      \"Program 53DfF883gyixYNXnM7s5xhdeyV8mVk9T4i2hGV9vG9io invoke [1]\",\n      \"Program log: program/src/storage_account.rs:76\",\n      \"Program log: program/src/token.rs:330 : there is no enough funds to start executing the transaction; gas_limit = 3000000; gas_price = 1000000000; gas_used_and_paid = 0; user_balance = 0;\",\n      \"Program 53DfF883gyixYNXnM7s5xhdeyV8mVk9T4i2hGV9vG9io consumed 43635 of 500000 compute units\",\n      \"Program 53DfF883gyixYNXnM7s5xhdeyV8mVk9T4i2hGV9vG9io failed: insufficient funds for instruction\"\n    ]\n  }\n     * Try:\n        + Using an adequately funded account\n        + If you are using a local Geth node, verify that your node is synced.\n  \n      at /home/runner/work/neon-compatibility/neon-compatibility/node_modules/truffle/build/webpack:/packages/deployer/src/deployment.js:365:1\n      at processTicksAndRejections (node:internal/process/task_queues:96:5)\n      at module.exports (/home/runner/work/neon-compatibility/neon-compatibility/issues/364/migrations/3_selfDestructTest.js:6:5)\n      at Migration._deploy (/home/runner/work/neon-compatibility/neon-compatibility/node_modules/truffle/build/webpack:/packages/migrate/Migration.js:75:1)\n      at Migration._load (/home/runner/work/neon-compatibility/neon-compatibility/node_modules/truffle/build/webpack:/packages/migrate/Migration.js:56:1)\n      at Migration.run (/home/runner/work/neon-compatibility/neon-compatibility/node_modules/truffle/build/webpack:/packages/migrate/Migration.js:217:1)\n      at Object.runMigrations (/home/runner/work/neon-compatibility/neon-compatibility/node_modules/truffle/build/webpack:/packages/migrate/index.js:150:1)\n      at Object.runFrom (/home/runner/work/neon-compatibility/neon-compatibility/node_modules/truffle/build/webpack:/packages/migrate/index.js:110:1)\n      at runMigrations (/home/runner/work/neon-compatibility/neon-compatibility/node_modules/truffle/build/webpack:/packages/core/lib/commands/migrate.js:253:1)\n      at Object.run (/home/runner/work/neon-compatibility/neon-compatibility/node_modules/truffle/build/webpack:/packages/core/lib/commands/migrate.js:223:1)\n      at Command.run (/home/runner/work/neon-compatibility/neon-compatibility/node_modules/truffle/build/webpack:/packages/core/lib/command.js:183:1)\n  Truffle v5.4.14 (core: 5.4.14)\n  Node v16.13.2\n  \nassert 1 == 0\n +  where 1 = CompletedProcess(args='cd issues/364; ../../node_modules/.bin/truffle --network neonlabs migrate -f 3 --to 3', returnc...uffle/build/webpack:/packages/core/lib/command.js:183:1)\\nTruffle v5.4.14 (core: 5.4.14)\\nNode v16.13.2\\n', stderr=b'').returncode",
        "time" : {
          "start" : 1643710604992,
          "stop" : 1643710621584,
          "duration" : 16592
        }
      }, {
        "uid" : "5a0f142908935b05",
        "reportUrl" : "https://neonlabsorg.github.io/neon-compatibility/596//#testresult/5a0f142908935b05",
        "status" : "failed",
        "statusDetails" : "AssertionError: \n  Compiling your contracts...\n  ===========================\n  > Compiling ./contracts/ERC20Test.sol\n  > Compiling ./contracts/Migrations.sol\n  > Compiling ./contracts/SelfDestructTest.sol\n  > Compiling @openzeppelin/contracts/access/Ownable.sol\n  > Compiling @openzeppelin/contracts/token/ERC20/ERC20.sol\n  > Compiling @openzeppelin/contracts/token/ERC20/IERC20.sol\n  > Compiling @openzeppelin/contracts/token/ERC20/extensions/IERC20Metadata.sol\n  > Compiling @openzeppelin/contracts/utils/Context.sol\n  > Compilation warnings encountered:\n  \n      Warning: SPDX license identifier not provided in source file. Before publishing, consider adding a comment containing \"SPDX-License-Identifier: <SPDX-License>\" to each source file. Use \"SPDX-License-Identifier: UNLICENSED\" for non-open-source code. Please see https://spdx.org for more information.\n  --> project:/contracts/SelfDestructTest.sol\n  \n  ,Warning: This contract has a payable fallback function, but no receive ether function. Consider adding a receive ether function.\n   --> project:/contracts/SelfDestructTest.sol:5:1:\n    |\n  5 | contract SelfDestructTest is Ownable{\n    | ^ (Relevant source part starts here and spans across multiple lines).\n  Note: The payable fallback function is defined here.\n    --> project:/contracts/SelfDestructTest.sol:20:5:\n     |\n  20 |     fallback() external payable {}\n     |     ^^^^^^^^^^^^^^^^^^^^^^^^^^^^^^\n  \n  ,Warning: Function state mutability can be restricted to pure\n    --> project:/contracts/SelfDestructTest.sol:12:5:\n     |\n  12 |     function staticData() public view returns(string memory) {\n     |     ^ (Relevant source part starts here and spans across multiple lines).\n  \n  \n  > Artifacts written to /home/runner/work/neon-compatibility/neon-compatibility/issues/364/build/contracts\n  > Compiled successfully using:\n     - solc: 0.8.4+commit.c7e474f2.Emscripten.clang\n  \n  \n  \n  Starting migrations...\n  ======================\n  > Network name:    'neonlabs'\n  > Network id:      111\n  > Block gas limit: 6721975 (0x6691b7)\n  \n  \n  3_selfDestructTest.js\n  =====================\n  \n     Deploying 'SelfDestructTest'\n     ----------------------------\n  \n  Error:  *** Deployment Failed ***\n  \n  \"SelfDestructTest\" could not deploy due to insufficient funds\n     * Account:  0xEe5B563dbbcf999A9d011259e5008Baa76272A17\n     * Balance:  0 wei\n     * Message:  Transaction simulation failed: Error processing Instruction 0: insufficient funds for instruction\n  {\n    \"accounts\": null,\n    \"err\": {\n      \"InstructionError\": [\n        0,\n        \"InsufficientFunds\"\n      ]\n    },\n    \"logs\": [\n      \"Program 53DfF883gyixYNXnM7s5xhdeyV8mVk9T4i2hGV9vG9io invoke [1]\",\n      \"Program log: program/src/storage_account.rs:76\",\n      \"Program log: program/src/token.rs:330 : there is no enough funds to start executing the transaction; gas_limit = 3000000; gas_price = 1000000000; gas_used_and_paid = 0; user_balance = 0;\",\n      \"Program 53DfF883gyixYNXnM7s5xhdeyV8mVk9T4i2hGV9vG9io consumed 43635 of 500000 compute units\",\n      \"Program 53DfF883gyixYNXnM7s5xhdeyV8mVk9T4i2hGV9vG9io failed: insufficient funds for instruction\"\n    ]\n  }\n     * Try:\n        + Using an adequately funded account\n        + If you are using a local Geth node, verify that your node is synced.\n  \n      at /home/runner/work/neon-compatibility/neon-compatibility/node_modules/truffle/build/webpack:/packages/deployer/src/deployment.js:365:1\n      at processTicksAndRejections (node:internal/process/task_queues:96:5)\n      at module.exports (/home/runner/work/neon-compatibility/neon-compatibility/issues/364/migrations/3_selfDestructTest.js:6:5)\n      at Migration._deploy (/home/runner/work/neon-compatibility/neon-compatibility/node_modules/truffle/build/webpack:/packages/migrate/Migration.js:75:1)\n      at Migration._load (/home/runner/work/neon-compatibility/neon-compatibility/node_modules/truffle/build/webpack:/packages/migrate/Migration.js:56:1)\n      at Migration.run (/home/runner/work/neon-compatibility/neon-compatibility/node_modules/truffle/build/webpack:/packages/migrate/Migration.js:217:1)\n      at Object.runMigrations (/home/runner/work/neon-compatibility/neon-compatibility/node_modules/truffle/build/webpack:/packages/migrate/index.js:150:1)\n      at Object.runFrom (/home/runner/work/neon-compatibility/neon-compatibility/node_modules/truffle/build/webpack:/packages/migrate/index.js:110:1)\n      at runMigrations (/home/runner/work/neon-compatibility/neon-compatibility/node_modules/truffle/build/webpack:/packages/core/lib/commands/migrate.js:253:1)\n      at Object.run (/home/runner/work/neon-compatibility/neon-compatibility/node_modules/truffle/build/webpack:/packages/core/lib/commands/migrate.js:223:1)\n      at Command.run (/home/runner/work/neon-compatibility/neon-compatibility/node_modules/truffle/build/webpack:/packages/core/lib/command.js:183:1)\n  Truffle v5.4.14 (core: 5.4.14)\n  Node v16.13.2\n  \nassert 1 == 0\n +  where 1 = CompletedProcess(args='cd issues/364; ../../node_modules/.bin/truffle --network neonlabs migrate -f 3 --to 3', returnc...uffle/build/webpack:/packages/core/lib/command.js:183:1)\\nTruffle v5.4.14 (core: 5.4.14)\\nNode v16.13.2\\n', stderr=b'').returncode",
        "time" : {
          "start" : 1643697226101,
          "stop" : 1643697243080,
          "duration" : 16979
        }
      }, {
        "uid" : "684d3dbba083efbf",
        "reportUrl" : "https://neonlabsorg.github.io/neon-compatibility/595//#testresult/684d3dbba083efbf",
        "status" : "failed",
        "statusDetails" : "AssertionError: \n  Compiling your contracts...\n  ===========================\n  > Compiling ./contracts/ERC20Test.sol\n  > Compiling ./contracts/Migrations.sol\n  > Compiling ./contracts/SelfDestructTest.sol\n  > Compiling @openzeppelin/contracts/access/Ownable.sol\n  > Compiling @openzeppelin/contracts/token/ERC20/ERC20.sol\n  > Compiling @openzeppelin/contracts/token/ERC20/IERC20.sol\n  > Compiling @openzeppelin/contracts/token/ERC20/extensions/IERC20Metadata.sol\n  > Compiling @openzeppelin/contracts/utils/Context.sol\n  > Compilation warnings encountered:\n  \n      Warning: SPDX license identifier not provided in source file. Before publishing, consider adding a comment containing \"SPDX-License-Identifier: <SPDX-License>\" to each source file. Use \"SPDX-License-Identifier: UNLICENSED\" for non-open-source code. Please see https://spdx.org for more information.\n  --> project:/contracts/SelfDestructTest.sol\n  \n  ,Warning: This contract has a payable fallback function, but no receive ether function. Consider adding a receive ether function.\n   --> project:/contracts/SelfDestructTest.sol:5:1:\n    |\n  5 | contract SelfDestructTest is Ownable{\n    | ^ (Relevant source part starts here and spans across multiple lines).\n  Note: The payable fallback function is defined here.\n    --> project:/contracts/SelfDestructTest.sol:20:5:\n     |\n  20 |     fallback() external payable {}\n     |     ^^^^^^^^^^^^^^^^^^^^^^^^^^^^^^\n  \n  ,Warning: Function state mutability can be restricted to pure\n    --> project:/contracts/SelfDestructTest.sol:12:5:\n     |\n  12 |     function staticData() public view returns(string memory) {\n     |     ^ (Relevant source part starts here and spans across multiple lines).\n  \n  \n  > Artifacts written to /home/runner/work/neon-compatibility/neon-compatibility/issues/364/build/contracts\n  > Compiled successfully using:\n     - solc: 0.8.4+commit.c7e474f2.Emscripten.clang\n  \n  \n  \n  Starting migrations...\n  ======================\n  > Network name:    'neonlabs'\n  > Network id:      111\n  > Block gas limit: 6721975 (0x6691b7)\n  \n  \n  3_selfDestructTest.js\n  =====================\n  \n     Deploying 'SelfDestructTest'\n     ----------------------------\n  \n  Error:  *** Deployment Failed ***\n  \n  \"SelfDestructTest\" could not deploy due to insufficient funds\n     * Account:  0xF6CF01e42FAd038D5b0F6420Bc20F171D79392e4\n     * Balance:  0 wei\n     * Message:  Transaction simulation failed: Error processing Instruction 0: insufficient funds for instruction\n  {\n    \"accounts\": null,\n    \"err\": {\n      \"InstructionError\": [\n        0,\n        \"InsufficientFunds\"\n      ]\n    },\n    \"logs\": [\n      \"Program 53DfF883gyixYNXnM7s5xhdeyV8mVk9T4i2hGV9vG9io invoke [1]\",\n      \"Program log: program/src/storage_account.rs:76\",\n      \"Program log: program/src/token.rs:330 : there is no enough funds to start executing the transaction; gas_limit = 3000000; gas_price = 1000000000; gas_used_and_paid = 0; user_balance = 0;\",\n      \"Program 53DfF883gyixYNXnM7s5xhdeyV8mVk9T4i2hGV9vG9io consumed 43635 of 500000 compute units\",\n      \"Program 53DfF883gyixYNXnM7s5xhdeyV8mVk9T4i2hGV9vG9io failed: insufficient funds for instruction\"\n    ]\n  }\n     * Try:\n        + Using an adequately funded account\n        + If you are using a local Geth node, verify that your node is synced.\n  \n      at /home/runner/work/neon-compatibility/neon-compatibility/node_modules/truffle/build/webpack:/packages/deployer/src/deployment.js:365:1\n      at processTicksAndRejections (node:internal/process/task_queues:96:5)\n      at module.exports (/home/runner/work/neon-compatibility/neon-compatibility/issues/364/migrations/3_selfDestructTest.js:6:5)\n      at Migration._deploy (/home/runner/work/neon-compatibility/neon-compatibility/node_modules/truffle/build/webpack:/packages/migrate/Migration.js:75:1)\n      at Migration._load (/home/runner/work/neon-compatibility/neon-compatibility/node_modules/truffle/build/webpack:/packages/migrate/Migration.js:56:1)\n      at Migration.run (/home/runner/work/neon-compatibility/neon-compatibility/node_modules/truffle/build/webpack:/packages/migrate/Migration.js:217:1)\n      at Object.runMigrations (/home/runner/work/neon-compatibility/neon-compatibility/node_modules/truffle/build/webpack:/packages/migrate/index.js:150:1)\n      at Object.runFrom (/home/runner/work/neon-compatibility/neon-compatibility/node_modules/truffle/build/webpack:/packages/migrate/index.js:110:1)\n      at runMigrations (/home/runner/work/neon-compatibility/neon-compatibility/node_modules/truffle/build/webpack:/packages/core/lib/commands/migrate.js:253:1)\n      at Object.run (/home/runner/work/neon-compatibility/neon-compatibility/node_modules/truffle/build/webpack:/packages/core/lib/commands/migrate.js:223:1)\n      at Command.run (/home/runner/work/neon-compatibility/neon-compatibility/node_modules/truffle/build/webpack:/packages/core/lib/command.js:183:1)\n  Truffle v5.4.14 (core: 5.4.14)\n  Node v16.13.2\n  \nassert 1 == 0\n +  where 1 = CompletedProcess(args='cd issues/364; ../../node_modules/.bin/truffle --network neonlabs migrate -f 3 --to 3', returnc...uffle/build/webpack:/packages/core/lib/command.js:183:1)\\nTruffle v5.4.14 (core: 5.4.14)\\nNode v16.13.2\\n', stderr=b'').returncode",
        "time" : {
          "start" : 1643685547072,
          "stop" : 1643685563492,
          "duration" : 16420
        }
      }, {
        "uid" : "f32200e7b955fde6",
        "reportUrl" : "https://neonlabsorg.github.io/neon-compatibility/593//#testresult/f32200e7b955fde6",
        "status" : "failed",
        "statusDetails" : "AssertionError: \n  Compiling your contracts...\n  ===========================\n  > Compiling ./contracts/ERC20Test.sol\n  > Compiling ./contracts/Migrations.sol\n  > Compiling ./contracts/SelfDestructTest.sol\n  > Compiling @openzeppelin/contracts/access/Ownable.sol\n  > Compiling @openzeppelin/contracts/token/ERC20/ERC20.sol\n  > Compiling @openzeppelin/contracts/token/ERC20/IERC20.sol\n  > Compiling @openzeppelin/contracts/token/ERC20/extensions/IERC20Metadata.sol\n  > Compiling @openzeppelin/contracts/utils/Context.sol\n  > Compilation warnings encountered:\n  \n      Warning: SPDX license identifier not provided in source file. Before publishing, consider adding a comment containing \"SPDX-License-Identifier: <SPDX-License>\" to each source file. Use \"SPDX-License-Identifier: UNLICENSED\" for non-open-source code. Please see https://spdx.org for more information.\n  --> project:/contracts/SelfDestructTest.sol\n  \n  ,Warning: This contract has a payable fallback function, but no receive ether function. Consider adding a receive ether function.\n   --> project:/contracts/SelfDestructTest.sol:5:1:\n    |\n  5 | contract SelfDestructTest is Ownable{\n    | ^ (Relevant source part starts here and spans across multiple lines).\n  Note: The payable fallback function is defined here.\n    --> project:/contracts/SelfDestructTest.sol:20:5:\n     |\n  20 |     fallback() external payable {}\n     |     ^^^^^^^^^^^^^^^^^^^^^^^^^^^^^^\n  \n  ,Warning: Function state mutability can be restricted to pure\n    --> project:/contracts/SelfDestructTest.sol:12:5:\n     |\n  12 |     function staticData() public view returns(string memory) {\n     |     ^ (Relevant source part starts here and spans across multiple lines).\n  \n  \n  > Artifacts written to /home/runner/work/neon-compatibility/neon-compatibility/issues/364/build/contracts\n  > Compiled successfully using:\n     - solc: 0.8.4+commit.c7e474f2.Emscripten.clang\n  \n  \n  \n  Starting migrations...\n  ======================\n  > Network name:    'neonlabs'\n  > Network id:      111\n  > Block gas limit: 6721975 (0x6691b7)\n  \n  \n  3_selfDestructTest.js\n  =====================\n  \n     Deploying 'SelfDestructTest'\n     ----------------------------\n  \n  Error:  *** Deployment Failed ***\n  \n  \"SelfDestructTest\" could not deploy due to insufficient funds\n     * Account:  0x01EaccBAA1100FC7973f67Ac363adE57e480F3a9\n     * Balance:  0 wei\n     * Message:  Transaction simulation failed: Error processing Instruction 0: insufficient funds for instruction\n  {\n    \"accounts\": null,\n    \"err\": {\n      \"InstructionError\": [\n        0,\n        \"InsufficientFunds\"\n      ]\n    },\n    \"logs\": [\n      \"Program 53DfF883gyixYNXnM7s5xhdeyV8mVk9T4i2hGV9vG9io invoke [1]\",\n      \"Program log: program/src/storage_account.rs:76\",\n      \"Program log: program/src/token.rs:330 : there is no enough funds to start executing the transaction; gas_limit = 3000000; gas_price = 1000000000; gas_used_and_paid = 0; user_balance = 0;\",\n      \"Program 53DfF883gyixYNXnM7s5xhdeyV8mVk9T4i2hGV9vG9io consumed 43635 of 500000 compute units\",\n      \"Program 53DfF883gyixYNXnM7s5xhdeyV8mVk9T4i2hGV9vG9io failed: insufficient funds for instruction\"\n    ]\n  }\n     * Try:\n        + Using an adequately funded account\n        + If you are using a local Geth node, verify that your node is synced.\n  \n      at /home/runner/work/neon-compatibility/neon-compatibility/node_modules/truffle/build/webpack:/packages/deployer/src/deployment.js:365:1\n      at processTicksAndRejections (node:internal/process/task_queues:96:5)\n      at module.exports (/home/runner/work/neon-compatibility/neon-compatibility/issues/364/migrations/3_selfDestructTest.js:6:5)\n      at Migration._deploy (/home/runner/work/neon-compatibility/neon-compatibility/node_modules/truffle/build/webpack:/packages/migrate/Migration.js:75:1)\n      at Migration._load (/home/runner/work/neon-compatibility/neon-compatibility/node_modules/truffle/build/webpack:/packages/migrate/Migration.js:56:1)\n      at Migration.run (/home/runner/work/neon-compatibility/neon-compatibility/node_modules/truffle/build/webpack:/packages/migrate/Migration.js:217:1)\n      at Object.runMigrations (/home/runner/work/neon-compatibility/neon-compatibility/node_modules/truffle/build/webpack:/packages/migrate/index.js:150:1)\n      at Object.runFrom (/home/runner/work/neon-compatibility/neon-compatibility/node_modules/truffle/build/webpack:/packages/migrate/index.js:110:1)\n      at runMigrations (/home/runner/work/neon-compatibility/neon-compatibility/node_modules/truffle/build/webpack:/packages/core/lib/commands/migrate.js:253:1)\n      at Object.run (/home/runner/work/neon-compatibility/neon-compatibility/node_modules/truffle/build/webpack:/packages/core/lib/commands/migrate.js:223:1)\n      at Command.run (/home/runner/work/neon-compatibility/neon-compatibility/node_modules/truffle/build/webpack:/packages/core/lib/command.js:183:1)\n  Truffle v5.4.14 (core: 5.4.14)\n  Node v16.13.2\n  \nassert 1 == 0\n +  where 1 = CompletedProcess(args='cd issues/364; ../../node_modules/.bin/truffle --network neonlabs migrate -f 3 --to 3', returnc...uffle/build/webpack:/packages/core/lib/command.js:183:1)\\nTruffle v5.4.14 (core: 5.4.14)\\nNode v16.13.2\\n', stderr=b'').returncode",
        "time" : {
          "start" : 1643675815234,
          "stop" : 1643675831712,
          "duration" : 16478
        }
      }, {
        "uid" : "89561a63d3b16726",
        "reportUrl" : "https://neonlabsorg.github.io/neon-compatibility/587//#testresult/89561a63d3b16726",
        "status" : "failed",
        "statusDetails" : "AssertionError: \n  Compiling your contracts...\n  ===========================\n  > Compiling ./contracts/ERC20Test.sol\n  > Compiling ./contracts/Migrations.sol\n  > Compiling ./contracts/SelfDestructTest.sol\n  > Compiling @openzeppelin/contracts/access/Ownable.sol\n  > Compiling @openzeppelin/contracts/token/ERC20/ERC20.sol\n  > Compiling @openzeppelin/contracts/token/ERC20/IERC20.sol\n  > Compiling @openzeppelin/contracts/token/ERC20/extensions/IERC20Metadata.sol\n  > Compiling @openzeppelin/contracts/utils/Context.sol\n  > Compilation warnings encountered:\n  \n      Warning: SPDX license identifier not provided in source file. Before publishing, consider adding a comment containing \"SPDX-License-Identifier: <SPDX-License>\" to each source file. Use \"SPDX-License-Identifier: UNLICENSED\" for non-open-source code. Please see https://spdx.org for more information.\n  --> project:/contracts/SelfDestructTest.sol\n  \n  ,Warning: This contract has a payable fallback function, but no receive ether function. Consider adding a receive ether function.\n   --> project:/contracts/SelfDestructTest.sol:5:1:\n    |\n  5 | contract SelfDestructTest is Ownable{\n    | ^ (Relevant source part starts here and spans across multiple lines).\n  Note: The payable fallback function is defined here.\n    --> project:/contracts/SelfDestructTest.sol:20:5:\n     |\n  20 |     fallback() external payable {}\n     |     ^^^^^^^^^^^^^^^^^^^^^^^^^^^^^^\n  \n  ,Warning: Function state mutability can be restricted to pure\n    --> project:/contracts/SelfDestructTest.sol:12:5:\n     |\n  12 |     function staticData() public view returns(string memory) {\n     |     ^ (Relevant source part starts here and spans across multiple lines).\n  \n  \n  > Artifacts written to /home/runner/work/neon-compatibility/neon-compatibility/issues/364/build/contracts\n  > Compiled successfully using:\n     - solc: 0.8.4+commit.c7e474f2.Emscripten.clang\n  \n  \n  \n  Starting migrations...\n  ======================\n  > Network name:    'neonlabs'\n  > Network id:      111\n  > Block gas limit: 6721975 (0x6691b7)\n  \n  \n  3_selfDestructTest.js\n  =====================\n  \n     Deploying 'SelfDestructTest'\n     ----------------------------\n  \n  Error:  *** Deployment Failed ***\n  \n  \"SelfDestructTest\" could not deploy due to insufficient funds\n     * Account:  0xb97dd01473E7Eb0A2190FBF76b86f52B421213e6\n     * Balance:  0 wei\n     * Message:  Transaction simulation failed: Error processing Instruction 0: insufficient funds for instruction\n  {\n    \"accounts\": null,\n    \"err\": {\n      \"InstructionError\": [\n        0,\n        \"InsufficientFunds\"\n      ]\n    },\n    \"logs\": [\n      \"Program 53DfF883gyixYNXnM7s5xhdeyV8mVk9T4i2hGV9vG9io invoke [1]\",\n      \"Program log: program/src/storage_account.rs:76\",\n      \"Program log: program/src/token.rs:330 : there is no enough funds to start executing the transaction; gas_limit = 3000000; gas_price = 1000000000; gas_used_and_paid = 0; user_balance = 0;\",\n      \"Program 53DfF883gyixYNXnM7s5xhdeyV8mVk9T4i2hGV9vG9io consumed 43635 of 500000 compute units\",\n      \"Program 53DfF883gyixYNXnM7s5xhdeyV8mVk9T4i2hGV9vG9io failed: insufficient funds for instruction\"\n    ]\n  }\n     * Try:\n        + Using an adequately funded account\n        + If you are using a local Geth node, verify that your node is synced.\n  \n      at /home/runner/work/neon-compatibility/neon-compatibility/node_modules/truffle/build/webpack:/packages/deployer/src/deployment.js:365:1\n      at processTicksAndRejections (node:internal/process/task_queues:96:5)\n      at module.exports (/home/runner/work/neon-compatibility/neon-compatibility/issues/364/migrations/3_selfDestructTest.js:6:5)\n      at Migration._deploy (/home/runner/work/neon-compatibility/neon-compatibility/node_modules/truffle/build/webpack:/packages/migrate/Migration.js:75:1)\n      at Migration._load (/home/runner/work/neon-compatibility/neon-compatibility/node_modules/truffle/build/webpack:/packages/migrate/Migration.js:56:1)\n      at Migration.run (/home/runner/work/neon-compatibility/neon-compatibility/node_modules/truffle/build/webpack:/packages/migrate/Migration.js:217:1)\n      at Object.runMigrations (/home/runner/work/neon-compatibility/neon-compatibility/node_modules/truffle/build/webpack:/packages/migrate/index.js:150:1)\n      at Object.runFrom (/home/runner/work/neon-compatibility/neon-compatibility/node_modules/truffle/build/webpack:/packages/migrate/index.js:110:1)\n      at runMigrations (/home/runner/work/neon-compatibility/neon-compatibility/node_modules/truffle/build/webpack:/packages/core/lib/commands/migrate.js:253:1)\n      at Object.run (/home/runner/work/neon-compatibility/neon-compatibility/node_modules/truffle/build/webpack:/packages/core/lib/commands/migrate.js:223:1)\n      at Command.run (/home/runner/work/neon-compatibility/neon-compatibility/node_modules/truffle/build/webpack:/packages/core/lib/command.js:183:1)\n  Truffle v5.4.14 (core: 5.4.14)\n  Node v16.13.2\n  \nassert 1 == 0\n +  where 1 = CompletedProcess(args='cd issues/364; ../../node_modules/.bin/truffle --network neonlabs migrate -f 3 --to 3', returnc...uffle/build/webpack:/packages/core/lib/command.js:183:1)\\nTruffle v5.4.14 (core: 5.4.14)\\nNode v16.13.2\\n', stderr=b'').returncode",
        "time" : {
          "start" : 1643598981597,
          "stop" : 1643598998581,
          "duration" : 16984
        }
      }, {
        "uid" : "61f89fe7dd2086ad",
        "reportUrl" : "https://neonlabsorg.github.io/neon-compatibility/586//#testresult/61f89fe7dd2086ad",
        "status" : "failed",
        "statusDetails" : "AssertionError: \n  Compiling your contracts...\n  ===========================\n  > Compiling ./contracts/ERC20Test.sol\n  > Compiling ./contracts/Migrations.sol\n  > Compiling ./contracts/SelfDestructTest.sol\n  > Compiling @openzeppelin/contracts/access/Ownable.sol\n  > Compiling @openzeppelin/contracts/token/ERC20/ERC20.sol\n  > Compiling @openzeppelin/contracts/token/ERC20/IERC20.sol\n  > Compiling @openzeppelin/contracts/token/ERC20/extensions/IERC20Metadata.sol\n  > Compiling @openzeppelin/contracts/utils/Context.sol\n  > Compilation warnings encountered:\n  \n      Warning: SPDX license identifier not provided in source file. Before publishing, consider adding a comment containing \"SPDX-License-Identifier: <SPDX-License>\" to each source file. Use \"SPDX-License-Identifier: UNLICENSED\" for non-open-source code. Please see https://spdx.org for more information.\n  --> project:/contracts/SelfDestructTest.sol\n  \n  ,Warning: This contract has a payable fallback function, but no receive ether function. Consider adding a receive ether function.\n   --> project:/contracts/SelfDestructTest.sol:5:1:\n    |\n  5 | contract SelfDestructTest is Ownable{\n    | ^ (Relevant source part starts here and spans across multiple lines).\n  Note: The payable fallback function is defined here.\n    --> project:/contracts/SelfDestructTest.sol:20:5:\n     |\n  20 |     fallback() external payable {}\n     |     ^^^^^^^^^^^^^^^^^^^^^^^^^^^^^^\n  \n  ,Warning: Function state mutability can be restricted to pure\n    --> project:/contracts/SelfDestructTest.sol:12:5:\n     |\n  12 |     function staticData() public view returns(string memory) {\n     |     ^ (Relevant source part starts here and spans across multiple lines).\n  \n  \n  > Artifacts written to /home/runner/work/neon-compatibility/neon-compatibility/issues/364/build/contracts\n  > Compiled successfully using:\n     - solc: 0.8.4+commit.c7e474f2.Emscripten.clang\n  \n  \n  \n  Starting migrations...\n  ======================\n  > Network name:    'neonlabs'\n  > Network id:      111\n  > Block gas limit: 6721975 (0x6691b7)\n  \n  \n  3_selfDestructTest.js\n  =====================\n  \n     Deploying 'SelfDestructTest'\n     ----------------------------\n  \n  Error:  *** Deployment Failed ***\n  \n  \"SelfDestructTest\" could not deploy due to insufficient funds\n     * Account:  0x3FbFbAd81951Fa8610DFBd9f8A0Bfc90260001Ed\n     * Balance:  0 wei\n     * Message:  Transaction simulation failed: Error processing Instruction 0: insufficient funds for instruction\n  {\n    \"accounts\": null,\n    \"err\": {\n      \"InstructionError\": [\n        0,\n        \"InsufficientFunds\"\n      ]\n    },\n    \"logs\": [\n      \"Program 53DfF883gyixYNXnM7s5xhdeyV8mVk9T4i2hGV9vG9io invoke [1]\",\n      \"Program log: program/src/storage_account.rs:76\",\n      \"Program log: program/src/token.rs:330 : there is no enough funds to start executing the transaction; gas_limit = 3000000; gas_price = 1000000000; gas_used_and_paid = 0; user_balance = 0;\",\n      \"Program 53DfF883gyixYNXnM7s5xhdeyV8mVk9T4i2hGV9vG9io consumed 43635 of 500000 compute units\",\n      \"Program 53DfF883gyixYNXnM7s5xhdeyV8mVk9T4i2hGV9vG9io failed: insufficient funds for instruction\"\n    ]\n  }\n     * Try:\n        + Using an adequately funded account\n        + If you are using a local Geth node, verify that your node is synced.\n  \n      at /home/runner/work/neon-compatibility/neon-compatibility/node_modules/truffle/build/webpack:/packages/deployer/src/deployment.js:365:1\n      at processTicksAndRejections (node:internal/process/task_queues:96:5)\n      at module.exports (/home/runner/work/neon-compatibility/neon-compatibility/issues/364/migrations/3_selfDestructTest.js:6:5)\n      at Migration._deploy (/home/runner/work/neon-compatibility/neon-compatibility/node_modules/truffle/build/webpack:/packages/migrate/Migration.js:75:1)\n      at Migration._load (/home/runner/work/neon-compatibility/neon-compatibility/node_modules/truffle/build/webpack:/packages/migrate/Migration.js:56:1)\n      at Migration.run (/home/runner/work/neon-compatibility/neon-compatibility/node_modules/truffle/build/webpack:/packages/migrate/Migration.js:217:1)\n      at Object.runMigrations (/home/runner/work/neon-compatibility/neon-compatibility/node_modules/truffle/build/webpack:/packages/migrate/index.js:150:1)\n      at Object.runFrom (/home/runner/work/neon-compatibility/neon-compatibility/node_modules/truffle/build/webpack:/packages/migrate/index.js:110:1)\n      at runMigrations (/home/runner/work/neon-compatibility/neon-compatibility/node_modules/truffle/build/webpack:/packages/core/lib/commands/migrate.js:253:1)\n      at Object.run (/home/runner/work/neon-compatibility/neon-compatibility/node_modules/truffle/build/webpack:/packages/core/lib/commands/migrate.js:223:1)\n      at Command.run (/home/runner/work/neon-compatibility/neon-compatibility/node_modules/truffle/build/webpack:/packages/core/lib/command.js:183:1)\n  Truffle v5.4.14 (core: 5.4.14)\n  Node v16.13.2\n  \nassert 1 == 0\n +  where 1 = CompletedProcess(args='cd issues/364; ../../node_modules/.bin/truffle --network neonlabs migrate -f 3 --to 3', returnc...uffle/build/webpack:/packages/core/lib/command.js:183:1)\\nTruffle v5.4.14 (core: 5.4.14)\\nNode v16.13.2\\n', stderr=b'').returncode",
        "time" : {
          "start" : 1643589312528,
          "stop" : 1643589329090,
          "duration" : 16562
        }
      }, {
        "uid" : "6af20a2079505adc",
        "reportUrl" : "https://neonlabsorg.github.io/neon-compatibility/585//#testresult/6af20a2079505adc",
        "status" : "failed",
        "statusDetails" : "AssertionError: \n  Compiling your contracts...\n  ===========================\n  > Compiling ./contracts/ERC20Test.sol\n  > Compiling ./contracts/Migrations.sol\n  > Compiling ./contracts/SelfDestructTest.sol\n  > Compiling @openzeppelin/contracts/access/Ownable.sol\n  > Compiling @openzeppelin/contracts/token/ERC20/ERC20.sol\n  > Compiling @openzeppelin/contracts/token/ERC20/IERC20.sol\n  > Compiling @openzeppelin/contracts/token/ERC20/extensions/IERC20Metadata.sol\n  > Compiling @openzeppelin/contracts/utils/Context.sol\n  > Compilation warnings encountered:\n  \n      Warning: SPDX license identifier not provided in source file. Before publishing, consider adding a comment containing \"SPDX-License-Identifier: <SPDX-License>\" to each source file. Use \"SPDX-License-Identifier: UNLICENSED\" for non-open-source code. Please see https://spdx.org for more information.\n  --> project:/contracts/SelfDestructTest.sol\n  \n  ,Warning: This contract has a payable fallback function, but no receive ether function. Consider adding a receive ether function.\n   --> project:/contracts/SelfDestructTest.sol:5:1:\n    |\n  5 | contract SelfDestructTest is Ownable{\n    | ^ (Relevant source part starts here and spans across multiple lines).\n  Note: The payable fallback function is defined here.\n    --> project:/contracts/SelfDestructTest.sol:20:5:\n     |\n  20 |     fallback() external payable {}\n     |     ^^^^^^^^^^^^^^^^^^^^^^^^^^^^^^\n  \n  ,Warning: Function state mutability can be restricted to pure\n    --> project:/contracts/SelfDestructTest.sol:12:5:\n     |\n  12 |     function staticData() public view returns(string memory) {\n     |     ^ (Relevant source part starts here and spans across multiple lines).\n  \n  \n  > Artifacts written to /home/runner/work/neon-compatibility/neon-compatibility/issues/364/build/contracts\n  > Compiled successfully using:\n     - solc: 0.8.4+commit.c7e474f2.Emscripten.clang\n  \n  \n  \n  Starting migrations...\n  ======================\n  > Network name:    'neonlabs'\n  > Network id:      111\n  > Block gas limit: 6721975 (0x6691b7)\n  \n  \n  3_selfDestructTest.js\n  =====================\n  \n     Deploying 'SelfDestructTest'\n     ----------------------------\n  \n  Error:  *** Deployment Failed ***\n  \n  \"SelfDestructTest\" -- Cannot read properties of undefined (reading 'includes').\n  \n      at /home/runner/work/neon-compatibility/neon-compatibility/node_modules/truffle/build/webpack:/packages/deployer/src/deployment.js:365:1\n      at runNextTicks (node:internal/process/task_queues:61:5)\n      at listOnTimeout (node:internal/timers:526:9)\n      at processTimers (node:internal/timers:500:7)\n      at module.exports (/home/runner/work/neon-compatibility/neon-compatibility/issues/364/migrations/3_selfDestructTest.js:6:5)\n      at Migration._deploy (/home/runner/work/neon-compatibility/neon-compatibility/node_modules/truffle/build/webpack:/packages/migrate/Migration.js:75:1)\n      at Migration._load (/home/runner/work/neon-compatibility/neon-compatibility/node_modules/truffle/build/webpack:/packages/migrate/Migration.js:56:1)\n      at Migration.run (/home/runner/work/neon-compatibility/neon-compatibility/node_modules/truffle/build/webpack:/packages/migrate/Migration.js:217:1)\n      at Object.runMigrations (/home/runner/work/neon-compatibility/neon-compatibility/node_modules/truffle/build/webpack:/packages/migrate/index.js:150:1)\n      at Object.runFrom (/home/runner/work/neon-compatibility/neon-compatibility/node_modules/truffle/build/webpack:/packages/migrate/index.js:110:1)\n      at runMigrations (/home/runner/work/neon-compatibility/neon-compatibility/node_modules/truffle/build/webpack:/packages/core/lib/commands/migrate.js:253:1)\n      at Object.run (/home/runner/work/neon-compatibility/neon-compatibility/node_modules/truffle/build/webpack:/packages/core/lib/commands/migrate.js:223:1)\n      at Command.run (/home/runner/work/neon-compatibility/neon-compatibility/node_modules/truffle/build/webpack:/packages/core/lib/command.js:183:1)\n  Truffle v5.4.14 (core: 5.4.14)\n  Node v16.13.2\n  \nassert 1 == 0\n +  where 1 = CompletedProcess(args='cd issues/364; ../../node_modules/.bin/truffle --network neonlabs migrate -f 3 --to 3', returnc...uffle/build/webpack:/packages/core/lib/command.js:183:1)\\nTruffle v5.4.14 (core: 5.4.14)\\nNode v16.13.2\\n', stderr=b'').returncode",
        "time" : {
          "start" : 1643569759774,
          "stop" : 1643569779529,
          "duration" : 19755
        }
      }, {
        "uid" : "fc82d8d23276cc4",
        "reportUrl" : "https://neonlabsorg.github.io/neon-compatibility/584//#testresult/fc82d8d23276cc4",
        "status" : "failed",
        "statusDetails" : "AssertionError: \n  Compiling your contracts...\n  ===========================\n  > Compiling ./contracts/ERC20Test.sol\n  > Compiling ./contracts/Migrations.sol\n  > Compiling ./contracts/SelfDestructTest.sol\n  > Compiling @openzeppelin/contracts/access/Ownable.sol\n  > Compiling @openzeppelin/contracts/token/ERC20/ERC20.sol\n  > Compiling @openzeppelin/contracts/token/ERC20/IERC20.sol\n  > Compiling @openzeppelin/contracts/token/ERC20/extensions/IERC20Metadata.sol\n  > Compiling @openzeppelin/contracts/utils/Context.sol\n  > Compilation warnings encountered:\n  \n      Warning: SPDX license identifier not provided in source file. Before publishing, consider adding a comment containing \"SPDX-License-Identifier: <SPDX-License>\" to each source file. Use \"SPDX-License-Identifier: UNLICENSED\" for non-open-source code. Please see https://spdx.org for more information.\n  --> project:/contracts/SelfDestructTest.sol\n  \n  ,Warning: This contract has a payable fallback function, but no receive ether function. Consider adding a receive ether function.\n   --> project:/contracts/SelfDestructTest.sol:5:1:\n    |\n  5 | contract SelfDestructTest is Ownable{\n    | ^ (Relevant source part starts here and spans across multiple lines).\n  Note: The payable fallback function is defined here.\n    --> project:/contracts/SelfDestructTest.sol:20:5:\n     |\n  20 |     fallback() external payable {}\n     |     ^^^^^^^^^^^^^^^^^^^^^^^^^^^^^^\n  \n  ,Warning: Function state mutability can be restricted to pure\n    --> project:/contracts/SelfDestructTest.sol:12:5:\n     |\n  12 |     function staticData() public view returns(string memory) {\n     |     ^ (Relevant source part starts here and spans across multiple lines).\n  \n  \n  > Artifacts written to /home/runner/work/neon-compatibility/neon-compatibility/issues/364/build/contracts\n  > Compiled successfully using:\n     - solc: 0.8.4+commit.c7e474f2.Emscripten.clang\n  \n  \n  \n  Starting migrations...\n  ======================\n  > Network name:    'neonlabs'\n  > Network id:      111\n  > Block gas limit: 6721975 (0x6691b7)\n  \n  \n  3_selfDestructTest.js\n  =====================\n  \n     Deploying 'SelfDestructTest'\n     ----------------------------\n  \n  Error:  *** Deployment Failed ***\n  \n  \"SelfDestructTest\" -- Failed to read account permissions. Try to repeat later.\n  \n      at /home/runner/work/neon-compatibility/neon-compatibility/node_modules/truffle/build/webpack:/packages/deployer/src/deployment.js:365:1\n      at processTicksAndRejections (node:internal/process/task_queues:96:5)\n      at module.exports (/home/runner/work/neon-compatibility/neon-compatibility/issues/364/migrations/3_selfDestructTest.js:6:5)\n      at Migration._deploy (/home/runner/work/neon-compatibility/neon-compatibility/node_modules/truffle/build/webpack:/packages/migrate/Migration.js:75:1)\n      at Migration._load (/home/runner/work/neon-compatibility/neon-compatibility/node_modules/truffle/build/webpack:/packages/migrate/Migration.js:56:1)\n      at Migration.run (/home/runner/work/neon-compatibility/neon-compatibility/node_modules/truffle/build/webpack:/packages/migrate/Migration.js:217:1)\n      at Object.runMigrations (/home/runner/work/neon-compatibility/neon-compatibility/node_modules/truffle/build/webpack:/packages/migrate/index.js:150:1)\n      at Object.runFrom (/home/runner/work/neon-compatibility/neon-compatibility/node_modules/truffle/build/webpack:/packages/migrate/index.js:110:1)\n      at runMigrations (/home/runner/work/neon-compatibility/neon-compatibility/node_modules/truffle/build/webpack:/packages/core/lib/commands/migrate.js:253:1)\n      at Object.run (/home/runner/work/neon-compatibility/neon-compatibility/node_modules/truffle/build/webpack:/packages/core/lib/commands/migrate.js:223:1)\n      at Command.run (/home/runner/work/neon-compatibility/neon-compatibility/node_modules/truffle/build/webpack:/packages/core/lib/command.js:183:1)\n  Truffle v5.4.14 (core: 5.4.14)\n  Node v16.13.2\n  \nassert 1 == 0\n +  where 1 = CompletedProcess(args='cd issues/364; ../../node_modules/.bin/truffle --network neonlabs migrate -f 3 --to 3', returnc...uffle/build/webpack:/packages/core/lib/command.js:183:1)\\nTruffle v5.4.14 (core: 5.4.14)\\nNode v16.13.2\\n', stderr=b'').returncode",
        "time" : {
          "start" : 1643566373995,
          "stop" : 1643566393682,
          "duration" : 19687
        }
      }, {
        "uid" : "281787f138b32288",
        "reportUrl" : "https://neonlabsorg.github.io/neon-compatibility/569//#testresult/281787f138b32288",
        "status" : "failed",
        "statusDetails" : "AssertionError: \n  Compiling your contracts...\n  ===========================\n  > Compiling ./contracts/ERC20Test.sol\n  > Compiling ./contracts/Migrations.sol\n  > Compiling ./contracts/SelfDestructTest.sol\n  > Compiling @openzeppelin/contracts/access/Ownable.sol\n  > Compiling @openzeppelin/contracts/token/ERC20/ERC20.sol\n  > Compiling @openzeppelin/contracts/token/ERC20/IERC20.sol\n  > Compiling @openzeppelin/contracts/token/ERC20/extensions/IERC20Metadata.sol\n  > Compiling @openzeppelin/contracts/utils/Context.sol\n  > Compilation warnings encountered:\n  \n      Warning: SPDX license identifier not provided in source file. Before publishing, consider adding a comment containing \"SPDX-License-Identifier: <SPDX-License>\" to each source file. Use \"SPDX-License-Identifier: UNLICENSED\" for non-open-source code. Please see https://spdx.org for more information.\n  --> project:/contracts/SelfDestructTest.sol\n  \n  ,Warning: This contract has a payable fallback function, but no receive ether function. Consider adding a receive ether function.\n   --> project:/contracts/SelfDestructTest.sol:5:1:\n    |\n  5 | contract SelfDestructTest is Ownable{\n    | ^ (Relevant source part starts here and spans across multiple lines).\n  Note: The payable fallback function is defined here.\n    --> project:/contracts/SelfDestructTest.sol:20:5:\n     |\n  20 |     fallback() external payable {}\n     |     ^^^^^^^^^^^^^^^^^^^^^^^^^^^^^^\n  \n  ,Warning: Function state mutability can be restricted to pure\n    --> project:/contracts/SelfDestructTest.sol:12:5:\n     |\n  12 |     function staticData() public view returns(string memory) {\n     |     ^ (Relevant source part starts here and spans across multiple lines).\n  \n  \n  > Artifacts written to /home/runner/work/neon-compatibility/neon-compatibility/issues/364/build/contracts\n  > Compiled successfully using:\n     - solc: 0.8.4+commit.c7e474f2.Emscripten.clang\n  \n  \n  \n  Starting migrations...\n  ======================\n  > Network name:    'neonlabs'\n  > Network id:      111\n  > Block gas limit: 6721975 (0x6691b7)\n  \n  \n  3_selfDestructTest.js\n  =====================\n  \n     Deploying 'SelfDestructTest'\n     ----------------------------\n  \n  Error:  *** Deployment Failed ***\n  \n  \"SelfDestructTest\" -- ESOCKETTIMEDOUT\n  {\n    \"originalError\": {\n      \"code\": \"ESOCKETTIMEDOUT\",\n      \"connect\": false\n    }\n  }.\n  \n      at /home/runner/work/neon-compatibility/neon-compatibility/node_modules/truffle/build/webpack:/packages/deployer/src/deployment.js:365:1\n      at runMicrotasks (<anonymous>)\n      at processTicksAndRejections (node:internal/process/task_queues:96:5)\n      at module.exports (/home/runner/work/neon-compatibility/neon-compatibility/issues/364/migrations/3_selfDestructTest.js:6:5)\n      at Migration._deploy (/home/runner/work/neon-compatibility/neon-compatibility/node_modules/truffle/build/webpack:/packages/migrate/Migration.js:75:1)\n      at Migration._load (/home/runner/work/neon-compatibility/neon-compatibility/node_modules/truffle/build/webpack:/packages/migrate/Migration.js:56:1)\n      at Migration.run (/home/runner/work/neon-compatibility/neon-compatibility/node_modules/truffle/build/webpack:/packages/migrate/Migration.js:217:1)\n      at Object.runMigrations (/home/runner/work/neon-compatibility/neon-compatibility/node_modules/truffle/build/webpack:/packages/migrate/index.js:150:1)\n      at Object.runFrom (/home/runner/work/neon-compatibility/neon-compatibility/node_modules/truffle/build/webpack:/packages/migrate/index.js:110:1)\n      at runMigrations (/home/runner/work/neon-compatibility/neon-compatibility/node_modules/truffle/build/webpack:/packages/core/lib/commands/migrate.js:253:1)\n      at Object.run (/home/runner/work/neon-compatibility/neon-compatibility/node_modules/truffle/build/webpack:/packages/core/lib/commands/migrate.js:223:1)\n      at Command.run (/home/runner/work/neon-compatibility/neon-compatibility/node_modules/truffle/build/webpack:/packages/core/lib/command.js:183:1)\n  Truffle v5.4.14 (core: 5.4.14)\n  Node v16.13.2\n  \nassert 1 == 0\n +  where 1 = CompletedProcess(args='cd issues/364; ../../node_modules/.bin/truffle --network neonlabs migrate -f 3 --to 3', returnc...uffle/build/webpack:/packages/core/lib/command.js:183:1)\\nTruffle v5.4.14 (core: 5.4.14)\\nNode v16.13.2\\n', stderr=b'').returncode",
        "time" : {
          "start" : 1643426263872,
          "stop" : 1643426299197,
          "duration" : 35325
        }
      }, {
        "uid" : "888b5015edabd47d",
        "reportUrl" : "https://neonlabsorg.github.io/neon-compatibility/568//#testresult/888b5015edabd47d",
        "status" : "failed",
        "statusDetails" : "AssertionError: \n  Compiling your contracts...\n  ===========================\n  > Compiling ./contracts/ERC20Test.sol\n  > Compiling ./contracts/Migrations.sol\n  > Compiling ./contracts/SelfDestructTest.sol\n  > Compiling @openzeppelin/contracts/access/Ownable.sol\n  > Compiling @openzeppelin/contracts/token/ERC20/ERC20.sol\n  > Compiling @openzeppelin/contracts/token/ERC20/IERC20.sol\n  > Compiling @openzeppelin/contracts/token/ERC20/extensions/IERC20Metadata.sol\n  > Compiling @openzeppelin/contracts/utils/Context.sol\n  > Compilation warnings encountered:\n  \n      Warning: SPDX license identifier not provided in source file. Before publishing, consider adding a comment containing \"SPDX-License-Identifier: <SPDX-License>\" to each source file. Use \"SPDX-License-Identifier: UNLICENSED\" for non-open-source code. Please see https://spdx.org for more information.\n  --> project:/contracts/SelfDestructTest.sol\n  \n  ,Warning: This contract has a payable fallback function, but no receive ether function. Consider adding a receive ether function.\n   --> project:/contracts/SelfDestructTest.sol:5:1:\n    |\n  5 | contract SelfDestructTest is Ownable{\n    | ^ (Relevant source part starts here and spans across multiple lines).\n  Note: The payable fallback function is defined here.\n    --> project:/contracts/SelfDestructTest.sol:20:5:\n     |\n  20 |     fallback() external payable {}\n     |     ^^^^^^^^^^^^^^^^^^^^^^^^^^^^^^\n  \n  ,Warning: Function state mutability can be restricted to pure\n    --> project:/contracts/SelfDestructTest.sol:12:5:\n     |\n  12 |     function staticData() public view returns(string memory) {\n     |     ^ (Relevant source part starts here and spans across multiple lines).\n  \n  \n  > Artifacts written to /home/runner/work/neon-compatibility/neon-compatibility/issues/364/build/contracts\n  > Compiled successfully using:\n     - solc: 0.8.4+commit.c7e474f2.Emscripten.clang\n  \n  \n  \n  Starting migrations...\n  ======================\n  > Network name:    'neonlabs'\n  > Network id:      111\n  > Block gas limit: 6721975 (0x6691b7)\n  \n  \n  3_selfDestructTest.js\n  =====================\n  \n     Deploying 'SelfDestructTest'\n     ----------------------------\n  \n  Error:  *** Deployment Failed ***\n  \n  \"SelfDestructTest\" -- Cannot read properties of undefined (reading 'includes').\n  \n      at /home/runner/work/neon-compatibility/neon-compatibility/node_modules/truffle/build/webpack:/packages/deployer/src/deployment.js:365:1\n      at runNextTicks (node:internal/process/task_queues:61:5)\n      at listOnTimeout (node:internal/timers:526:9)\n      at processTimers (node:internal/timers:500:7)\n      at module.exports (/home/runner/work/neon-compatibility/neon-compatibility/issues/364/migrations/3_selfDestructTest.js:6:5)\n      at Migration._deploy (/home/runner/work/neon-compatibility/neon-compatibility/node_modules/truffle/build/webpack:/packages/migrate/Migration.js:75:1)\n      at Migration._load (/home/runner/work/neon-compatibility/neon-compatibility/node_modules/truffle/build/webpack:/packages/migrate/Migration.js:56:1)\n      at Migration.run (/home/runner/work/neon-compatibility/neon-compatibility/node_modules/truffle/build/webpack:/packages/migrate/Migration.js:217:1)\n      at Object.runMigrations (/home/runner/work/neon-compatibility/neon-compatibility/node_modules/truffle/build/webpack:/packages/migrate/index.js:150:1)\n      at Object.runFrom (/home/runner/work/neon-compatibility/neon-compatibility/node_modules/truffle/build/webpack:/packages/migrate/index.js:110:1)\n      at runMigrations (/home/runner/work/neon-compatibility/neon-compatibility/node_modules/truffle/build/webpack:/packages/core/lib/commands/migrate.js:253:1)\n      at Object.run (/home/runner/work/neon-compatibility/neon-compatibility/node_modules/truffle/build/webpack:/packages/core/lib/commands/migrate.js:223:1)\n      at Command.run (/home/runner/work/neon-compatibility/neon-compatibility/node_modules/truffle/build/webpack:/packages/core/lib/command.js:183:1)\n  Truffle v5.4.14 (core: 5.4.14)\n  Node v16.13.2\n  \nassert 1 == 0\n +  where 1 = CompletedProcess(args='cd issues/364; ../../node_modules/.bin/truffle --network neonlabs migrate -f 3 --to 3', returnc...uffle/build/webpack:/packages/core/lib/command.js:183:1)\\nTruffle v5.4.14 (core: 5.4.14)\\nNode v16.13.2\\n', stderr=b'').returncode",
        "time" : {
          "start" : 1643416520595,
          "stop" : 1643416541317,
          "duration" : 20722
        }
      }, {
        "uid" : "3ed079f6aa65fc3f",
        "reportUrl" : "https://neonlabsorg.github.io/neon-compatibility/565//#testresult/3ed079f6aa65fc3f",
        "status" : "failed",
        "statusDetails" : "AssertionError: \n  Compiling your contracts...\n  ===========================\n  > Compiling ./contracts/ERC20Test.sol\n  > Compiling ./contracts/Migrations.sol\n  > Compiling ./contracts/SelfDestructTest.sol\n  > Compiling @openzeppelin/contracts/access/Ownable.sol\n  > Compiling @openzeppelin/contracts/token/ERC20/ERC20.sol\n  > Compiling @openzeppelin/contracts/token/ERC20/IERC20.sol\n  > Compiling @openzeppelin/contracts/token/ERC20/extensions/IERC20Metadata.sol\n  > Compiling @openzeppelin/contracts/utils/Context.sol\n  > Compilation warnings encountered:\n  \n      Warning: SPDX license identifier not provided in source file. Before publishing, consider adding a comment containing \"SPDX-License-Identifier: <SPDX-License>\" to each source file. Use \"SPDX-License-Identifier: UNLICENSED\" for non-open-source code. Please see https://spdx.org for more information.\n  --> project:/contracts/SelfDestructTest.sol\n  \n  ,Warning: This contract has a payable fallback function, but no receive ether function. Consider adding a receive ether function.\n   --> project:/contracts/SelfDestructTest.sol:5:1:\n    |\n  5 | contract SelfDestructTest is Ownable{\n    | ^ (Relevant source part starts here and spans across multiple lines).\n  Note: The payable fallback function is defined here.\n    --> project:/contracts/SelfDestructTest.sol:20:5:\n     |\n  20 |     fallback() external payable {}\n     |     ^^^^^^^^^^^^^^^^^^^^^^^^^^^^^^\n  \n  ,Warning: Function state mutability can be restricted to pure\n    --> project:/contracts/SelfDestructTest.sol:12:5:\n     |\n  12 |     function staticData() public view returns(string memory) {\n     |     ^ (Relevant source part starts here and spans across multiple lines).\n  \n  \n  > Artifacts written to /home/runner/work/neon-compatibility/neon-compatibility/issues/364/build/contracts\n  > Compiled successfully using:\n     - solc: 0.8.4+commit.c7e474f2.Emscripten.clang\n  \n  \n  \n  Starting migrations...\n  ======================\n  > Network name:    'neonlabs'\n  > Network id:      111\n  > Block gas limit: 6721975 (0x6691b7)\n  \n  \n  3_selfDestructTest.js\n  =====================\n  \n     Deploying 'SelfDestructTest'\n     ----------------------------\n  \n  Error:  *** Deployment Failed ***\n  \n  \"SelfDestructTest\" -- Cannot read properties of undefined (reading 'includes').\n  \n      at /home/runner/work/neon-compatibility/neon-compatibility/node_modules/truffle/build/webpack:/packages/deployer/src/deployment.js:365:1\n      at runNextTicks (node:internal/process/task_queues:61:5)\n      at listOnTimeout (node:internal/timers:526:9)\n      at processTimers (node:internal/timers:500:7)\n      at module.exports (/home/runner/work/neon-compatibility/neon-compatibility/issues/364/migrations/3_selfDestructTest.js:6:5)\n      at Migration._deploy (/home/runner/work/neon-compatibility/neon-compatibility/node_modules/truffle/build/webpack:/packages/migrate/Migration.js:75:1)\n      at Migration._load (/home/runner/work/neon-compatibility/neon-compatibility/node_modules/truffle/build/webpack:/packages/migrate/Migration.js:56:1)\n      at Migration.run (/home/runner/work/neon-compatibility/neon-compatibility/node_modules/truffle/build/webpack:/packages/migrate/Migration.js:217:1)\n      at Object.runMigrations (/home/runner/work/neon-compatibility/neon-compatibility/node_modules/truffle/build/webpack:/packages/migrate/index.js:150:1)\n      at Object.runFrom (/home/runner/work/neon-compatibility/neon-compatibility/node_modules/truffle/build/webpack:/packages/migrate/index.js:110:1)\n      at runMigrations (/home/runner/work/neon-compatibility/neon-compatibility/node_modules/truffle/build/webpack:/packages/core/lib/commands/migrate.js:253:1)\n      at Object.run (/home/runner/work/neon-compatibility/neon-compatibility/node_modules/truffle/build/webpack:/packages/core/lib/commands/migrate.js:223:1)\n      at Command.run (/home/runner/work/neon-compatibility/neon-compatibility/node_modules/truffle/build/webpack:/packages/core/lib/command.js:183:1)\n  Truffle v5.4.14 (core: 5.4.14)\n  Node v16.13.2\n  \nassert 1 == 0\n +  where 1 = CompletedProcess(args='cd issues/364; ../../node_modules/.bin/truffle --network neonlabs migrate -f 3 --to 3', returnc...uffle/build/webpack:/packages/core/lib/command.js:183:1)\\nTruffle v5.4.14 (core: 5.4.14)\\nNode v16.13.2\\n', stderr=b'').returncode",
        "time" : {
          "start" : 1643378023810,
          "stop" : 1643378040530,
          "duration" : 16720
        }
      }, {
        "uid" : "5c6324d6605a133c",
        "reportUrl" : "https://neonlabsorg.github.io/neon-compatibility/558//#testresult/5c6324d6605a133c",
        "status" : "failed",
        "statusDetails" : "AssertionError: \n  Compiling your contracts...\n  ===========================\n  > Compiling ./contracts/ERC20Test.sol\n  > Compiling ./contracts/Migrations.sol\n  > Compiling ./contracts/SelfDestructTest.sol\n  > Compiling @openzeppelin/contracts/access/Ownable.sol\n  > Compiling @openzeppelin/contracts/token/ERC20/ERC20.sol\n  > Compiling @openzeppelin/contracts/token/ERC20/IERC20.sol\n  > Compiling @openzeppelin/contracts/token/ERC20/extensions/IERC20Metadata.sol\n  > Compiling @openzeppelin/contracts/utils/Context.sol\n  > Compilation warnings encountered:\n  \n      Warning: SPDX license identifier not provided in source file. Before publishing, consider adding a comment containing \"SPDX-License-Identifier: <SPDX-License>\" to each source file. Use \"SPDX-License-Identifier: UNLICENSED\" for non-open-source code. Please see https://spdx.org for more information.\n  --> project:/contracts/SelfDestructTest.sol\n  \n  ,Warning: This contract has a payable fallback function, but no receive ether function. Consider adding a receive ether function.\n   --> project:/contracts/SelfDestructTest.sol:5:1:\n    |\n  5 | contract SelfDestructTest is Ownable{\n    | ^ (Relevant source part starts here and spans across multiple lines).\n  Note: The payable fallback function is defined here.\n    --> project:/contracts/SelfDestructTest.sol:20:5:\n     |\n  20 |     fallback() external payable {}\n     |     ^^^^^^^^^^^^^^^^^^^^^^^^^^^^^^\n  \n  ,Warning: Function state mutability can be restricted to pure\n    --> project:/contracts/SelfDestructTest.sol:12:5:\n     |\n  12 |     function staticData() public view returns(string memory) {\n     |     ^ (Relevant source part starts here and spans across multiple lines).\n  \n  \n  > Artifacts written to /home/runner/work/neon-compatibility/neon-compatibility/issues/364/build/contracts\n  > Compiled successfully using:\n     - solc: 0.8.4+commit.c7e474f2.Emscripten.clang\n  \n  \n  \n  Starting migrations...\n  ======================\n  > Network name:    'neonlabs'\n  > Network id:      111\n  > Block gas limit: 6721975 (0x6691b7)\n  \n  \n  3_selfDestructTest.js\n  =====================\n  \n     Deploying 'SelfDestructTest'\n     ----------------------------\n  \n  Error:  *** Deployment Failed ***\n  \n  \"SelfDestructTest\" -- Cannot read properties of undefined (reading 'includes').\n  \n      at /home/runner/work/neon-compatibility/neon-compatibility/node_modules/truffle/build/webpack:/packages/deployer/src/deployment.js:365:1\n      at runNextTicks (node:internal/process/task_queues:61:5)\n      at listOnTimeout (node:internal/timers:526:9)\n      at processTimers (node:internal/timers:500:7)\n      at module.exports (/home/runner/work/neon-compatibility/neon-compatibility/issues/364/migrations/3_selfDestructTest.js:6:5)\n      at Migration._deploy (/home/runner/work/neon-compatibility/neon-compatibility/node_modules/truffle/build/webpack:/packages/migrate/Migration.js:75:1)\n      at Migration._load (/home/runner/work/neon-compatibility/neon-compatibility/node_modules/truffle/build/webpack:/packages/migrate/Migration.js:56:1)\n      at Migration.run (/home/runner/work/neon-compatibility/neon-compatibility/node_modules/truffle/build/webpack:/packages/migrate/Migration.js:217:1)\n      at Object.runMigrations (/home/runner/work/neon-compatibility/neon-compatibility/node_modules/truffle/build/webpack:/packages/migrate/index.js:150:1)\n      at Object.runFrom (/home/runner/work/neon-compatibility/neon-compatibility/node_modules/truffle/build/webpack:/packages/migrate/index.js:110:1)\n      at runMigrations (/home/runner/work/neon-compatibility/neon-compatibility/node_modules/truffle/build/webpack:/packages/core/lib/commands/migrate.js:253:1)\n      at Object.run (/home/runner/work/neon-compatibility/neon-compatibility/node_modules/truffle/build/webpack:/packages/core/lib/commands/migrate.js:223:1)\n      at Command.run (/home/runner/work/neon-compatibility/neon-compatibility/node_modules/truffle/build/webpack:/packages/core/lib/command.js:183:1)\n  Truffle v5.4.14 (core: 5.4.14)\n  Node v16.13.2\n  \nassert 1 == 0\n +  where 1 = CompletedProcess(args='cd issues/364; ../../node_modules/.bin/truffle --network neonlabs migrate -f 3 --to 3', returnc...uffle/build/webpack:/packages/core/lib/command.js:183:1)\\nTruffle v5.4.14 (core: 5.4.14)\\nNode v16.13.2\\n', stderr=b'').returncode",
        "time" : {
          "start" : 1643339809652,
          "stop" : 1643339827472,
          "duration" : 17820
        }
      }, {
        "uid" : "17abbc58461fd519",
        "reportUrl" : "https://neonlabsorg.github.io/neon-compatibility/557//#testresult/17abbc58461fd519",
        "status" : "failed",
        "statusDetails" : "AssertionError: \n  Compiling your contracts...\n  ===========================\n  > Compiling ./contracts/ERC20Test.sol\n  > Compiling ./contracts/Migrations.sol\n  > Compiling ./contracts/SelfDestructTest.sol\n  > Compiling @openzeppelin/contracts/access/Ownable.sol\n  > Compiling @openzeppelin/contracts/token/ERC20/ERC20.sol\n  > Compiling @openzeppelin/contracts/token/ERC20/IERC20.sol\n  > Compiling @openzeppelin/contracts/token/ERC20/extensions/IERC20Metadata.sol\n  > Compiling @openzeppelin/contracts/utils/Context.sol\n  > Compilation warnings encountered:\n  \n      Warning: SPDX license identifier not provided in source file. Before publishing, consider adding a comment containing \"SPDX-License-Identifier: <SPDX-License>\" to each source file. Use \"SPDX-License-Identifier: UNLICENSED\" for non-open-source code. Please see https://spdx.org for more information.\n  --> project:/contracts/SelfDestructTest.sol\n  \n  ,Warning: This contract has a payable fallback function, but no receive ether function. Consider adding a receive ether function.\n   --> project:/contracts/SelfDestructTest.sol:5:1:\n    |\n  5 | contract SelfDestructTest is Ownable{\n    | ^ (Relevant source part starts here and spans across multiple lines).\n  Note: The payable fallback function is defined here.\n    --> project:/contracts/SelfDestructTest.sol:20:5:\n     |\n  20 |     fallback() external payable {}\n     |     ^^^^^^^^^^^^^^^^^^^^^^^^^^^^^^\n  \n  ,Warning: Function state mutability can be restricted to pure\n    --> project:/contracts/SelfDestructTest.sol:12:5:\n     |\n  12 |     function staticData() public view returns(string memory) {\n     |     ^ (Relevant source part starts here and spans across multiple lines).\n  \n  \n  > Artifacts written to /home/runner/work/neon-compatibility/neon-compatibility/issues/364/build/contracts\n  > Compiled successfully using:\n     - solc: 0.8.4+commit.c7e474f2.Emscripten.clang\n  \n  \n  \n  Starting migrations...\n  ======================\n  > Network name:    'neonlabs'\n  > Network id:      111\n  > Block gas limit: 6721975 (0x6691b7)\n  \n  \n  3_selfDestructTest.js\n  =====================\n  \n     Deploying 'SelfDestructTest'\n     ----------------------------\n  \n  Error:  *** Deployment Failed ***\n  \n  \"SelfDestructTest\" -- Cannot read properties of undefined (reading 'includes').\n  \n      at /home/runner/work/neon-compatibility/neon-compatibility/node_modules/truffle/build/webpack:/packages/deployer/src/deployment.js:365:1\n      at runNextTicks (node:internal/process/task_queues:61:5)\n      at listOnTimeout (node:internal/timers:526:9)\n      at processTimers (node:internal/timers:500:7)\n      at module.exports (/home/runner/work/neon-compatibility/neon-compatibility/issues/364/migrations/3_selfDestructTest.js:6:5)\n      at Migration._deploy (/home/runner/work/neon-compatibility/neon-compatibility/node_modules/truffle/build/webpack:/packages/migrate/Migration.js:75:1)\n      at Migration._load (/home/runner/work/neon-compatibility/neon-compatibility/node_modules/truffle/build/webpack:/packages/migrate/Migration.js:56:1)\n      at Migration.run (/home/runner/work/neon-compatibility/neon-compatibility/node_modules/truffle/build/webpack:/packages/migrate/Migration.js:217:1)\n      at Object.runMigrations (/home/runner/work/neon-compatibility/neon-compatibility/node_modules/truffle/build/webpack:/packages/migrate/index.js:150:1)\n      at Object.runFrom (/home/runner/work/neon-compatibility/neon-compatibility/node_modules/truffle/build/webpack:/packages/migrate/index.js:110:1)\n      at runMigrations (/home/runner/work/neon-compatibility/neon-compatibility/node_modules/truffle/build/webpack:/packages/core/lib/commands/migrate.js:253:1)\n      at Object.run (/home/runner/work/neon-compatibility/neon-compatibility/node_modules/truffle/build/webpack:/packages/core/lib/commands/migrate.js:223:1)\n      at Command.run (/home/runner/work/neon-compatibility/neon-compatibility/node_modules/truffle/build/webpack:/packages/core/lib/command.js:183:1)\n  Truffle v5.4.14 (core: 5.4.14)\n  Node v16.13.2\n  \nassert 1 == 0\n +  where 1 = CompletedProcess(args='cd issues/364; ../../node_modules/.bin/truffle --network neonlabs migrate -f 3 --to 3', returnc...uffle/build/webpack:/packages/core/lib/command.js:183:1)\\nTruffle v5.4.14 (core: 5.4.14)\\nNode v16.13.2\\n', stderr=b'').returncode",
        "time" : {
          "start" : 1643330196536,
          "stop" : 1643330214243,
          "duration" : 17707
        }
      }, {
        "uid" : "8c6c097153733021",
        "reportUrl" : "https://neonlabsorg.github.io/neon-compatibility/556//#testresult/8c6c097153733021",
        "status" : "failed",
        "statusDetails" : "AssertionError: \n  Compiling your contracts...\n  ===========================\n  > Compiling ./contracts/ERC20Test.sol\n  > Compiling ./contracts/Migrations.sol\n  > Compiling ./contracts/SelfDestructTest.sol\n  > Compiling @openzeppelin/contracts/access/Ownable.sol\n  > Compiling @openzeppelin/contracts/token/ERC20/ERC20.sol\n  > Compiling @openzeppelin/contracts/token/ERC20/IERC20.sol\n  > Compiling @openzeppelin/contracts/token/ERC20/extensions/IERC20Metadata.sol\n  > Compiling @openzeppelin/contracts/utils/Context.sol\n  > Compilation warnings encountered:\n  \n      Warning: SPDX license identifier not provided in source file. Before publishing, consider adding a comment containing \"SPDX-License-Identifier: <SPDX-License>\" to each source file. Use \"SPDX-License-Identifier: UNLICENSED\" for non-open-source code. Please see https://spdx.org for more information.\n  --> project:/contracts/SelfDestructTest.sol\n  \n  ,Warning: This contract has a payable fallback function, but no receive ether function. Consider adding a receive ether function.\n   --> project:/contracts/SelfDestructTest.sol:5:1:\n    |\n  5 | contract SelfDestructTest is Ownable{\n    | ^ (Relevant source part starts here and spans across multiple lines).\n  Note: The payable fallback function is defined here.\n    --> project:/contracts/SelfDestructTest.sol:20:5:\n     |\n  20 |     fallback() external payable {}\n     |     ^^^^^^^^^^^^^^^^^^^^^^^^^^^^^^\n  \n  ,Warning: Function state mutability can be restricted to pure\n    --> project:/contracts/SelfDestructTest.sol:12:5:\n     |\n  12 |     function staticData() public view returns(string memory) {\n     |     ^ (Relevant source part starts here and spans across multiple lines).\n  \n  \n  > Artifacts written to /home/runner/work/neon-compatibility/neon-compatibility/issues/364/build/contracts\n  > Compiled successfully using:\n     - solc: 0.8.4+commit.c7e474f2.Emscripten.clang\n  \n  \n  \n  Starting migrations...\n  ======================\n  > Network name:    'neonlabs'\n  > Network id:      111\n  > Block gas limit: 6721975 (0x6691b7)\n  \n  \n  3_selfDestructTest.js\n  =====================\n  \n     Deploying 'SelfDestructTest'\n     ----------------------------\n  \n  Error:  *** Deployment Failed ***\n  \n  \"SelfDestructTest\" -- Cannot read properties of undefined (reading 'includes').\n  \n      at /home/runner/work/neon-compatibility/neon-compatibility/node_modules/truffle/build/webpack:/packages/deployer/src/deployment.js:365:1\n      at runNextTicks (node:internal/process/task_queues:61:5)\n      at listOnTimeout (node:internal/timers:526:9)\n      at processTimers (node:internal/timers:500:7)\n      at module.exports (/home/runner/work/neon-compatibility/neon-compatibility/issues/364/migrations/3_selfDestructTest.js:6:5)\n      at Migration._deploy (/home/runner/work/neon-compatibility/neon-compatibility/node_modules/truffle/build/webpack:/packages/migrate/Migration.js:75:1)\n      at Migration._load (/home/runner/work/neon-compatibility/neon-compatibility/node_modules/truffle/build/webpack:/packages/migrate/Migration.js:56:1)\n      at Migration.run (/home/runner/work/neon-compatibility/neon-compatibility/node_modules/truffle/build/webpack:/packages/migrate/Migration.js:217:1)\n      at Object.runMigrations (/home/runner/work/neon-compatibility/neon-compatibility/node_modules/truffle/build/webpack:/packages/migrate/index.js:150:1)\n      at Object.runFrom (/home/runner/work/neon-compatibility/neon-compatibility/node_modules/truffle/build/webpack:/packages/migrate/index.js:110:1)\n      at runMigrations (/home/runner/work/neon-compatibility/neon-compatibility/node_modules/truffle/build/webpack:/packages/core/lib/commands/migrate.js:253:1)\n      at Object.run (/home/runner/work/neon-compatibility/neon-compatibility/node_modules/truffle/build/webpack:/packages/core/lib/commands/migrate.js:223:1)\n      at Command.run (/home/runner/work/neon-compatibility/neon-compatibility/node_modules/truffle/build/webpack:/packages/core/lib/command.js:183:1)\n  Truffle v5.4.14 (core: 5.4.14)\n  Node v16.13.2\n  \nassert 1 == 0\n +  where 1 = CompletedProcess(args='cd issues/364; ../../node_modules/.bin/truffle --network neonlabs migrate -f 3 --to 3', returnc...uffle/build/webpack:/packages/core/lib/command.js:183:1)\\nTruffle v5.4.14 (core: 5.4.14)\\nNode v16.13.2\\n', stderr=b'').returncode",
        "time" : {
          "start" : 1643323471846,
          "stop" : 1643323488277,
          "duration" : 16431
        }
      }, {
        "uid" : "600c873ac754ed67",
        "reportUrl" : "https://neonlabsorg.github.io/neon-compatibility/554//#testresult/600c873ac754ed67",
        "status" : "failed",
        "statusDetails" : "AssertionError: \n  Compiling your contracts...\n  ===========================\n  > Compiling ./contracts/ERC20Test.sol\n  > Compiling ./contracts/Migrations.sol\n  > Compiling ./contracts/SelfDestructTest.sol\n  > Compiling @openzeppelin/contracts/access/Ownable.sol\n  > Compiling @openzeppelin/contracts/token/ERC20/ERC20.sol\n  > Compiling @openzeppelin/contracts/token/ERC20/IERC20.sol\n  > Compiling @openzeppelin/contracts/token/ERC20/extensions/IERC20Metadata.sol\n  > Compiling @openzeppelin/contracts/utils/Context.sol\n  > Compilation warnings encountered:\n  \n      Warning: SPDX license identifier not provided in source file. Before publishing, consider adding a comment containing \"SPDX-License-Identifier: <SPDX-License>\" to each source file. Use \"SPDX-License-Identifier: UNLICENSED\" for non-open-source code. Please see https://spdx.org for more information.\n  --> project:/contracts/SelfDestructTest.sol\n  \n  ,Warning: This contract has a payable fallback function, but no receive ether function. Consider adding a receive ether function.\n   --> project:/contracts/SelfDestructTest.sol:5:1:\n    |\n  5 | contract SelfDestructTest is Ownable{\n    | ^ (Relevant source part starts here and spans across multiple lines).\n  Note: The payable fallback function is defined here.\n    --> project:/contracts/SelfDestructTest.sol:20:5:\n     |\n  20 |     fallback() external payable {}\n     |     ^^^^^^^^^^^^^^^^^^^^^^^^^^^^^^\n  \n  ,Warning: Function state mutability can be restricted to pure\n    --> project:/contracts/SelfDestructTest.sol:12:5:\n     |\n  12 |     function staticData() public view returns(string memory) {\n     |     ^ (Relevant source part starts here and spans across multiple lines).\n  \n  \n  > Artifacts written to /home/runner/work/neon-compatibility/neon-compatibility/issues/364/build/contracts\n  > Compiled successfully using:\n     - solc: 0.8.4+commit.c7e474f2.Emscripten.clang\n  \n  \n  \n  Starting migrations...\n  ======================\n  > Network name:    'neonlabs'\n  > Network id:      111\n  > Block gas limit: 6721975 (0x6691b7)\n  \n  \n  3_selfDestructTest.js\n  =====================\n  \n     Deploying 'SelfDestructTest'\n     ----------------------------\n  \n  Error:  *** Deployment Failed ***\n  \n  \"SelfDestructTest\" -- Cannot read properties of undefined (reading 'includes').\n  \n      at /home/runner/work/neon-compatibility/neon-compatibility/node_modules/truffle/build/webpack:/packages/deployer/src/deployment.js:365:1\n      at runNextTicks (node:internal/process/task_queues:61:5)\n      at listOnTimeout (node:internal/timers:526:9)\n      at processTimers (node:internal/timers:500:7)\n      at module.exports (/home/runner/work/neon-compatibility/neon-compatibility/issues/364/migrations/3_selfDestructTest.js:6:5)\n      at Migration._deploy (/home/runner/work/neon-compatibility/neon-compatibility/node_modules/truffle/build/webpack:/packages/migrate/Migration.js:75:1)\n      at Migration._load (/home/runner/work/neon-compatibility/neon-compatibility/node_modules/truffle/build/webpack:/packages/migrate/Migration.js:56:1)\n      at Migration.run (/home/runner/work/neon-compatibility/neon-compatibility/node_modules/truffle/build/webpack:/packages/migrate/Migration.js:217:1)\n      at Object.runMigrations (/home/runner/work/neon-compatibility/neon-compatibility/node_modules/truffle/build/webpack:/packages/migrate/index.js:150:1)\n      at Object.runFrom (/home/runner/work/neon-compatibility/neon-compatibility/node_modules/truffle/build/webpack:/packages/migrate/index.js:110:1)\n      at runMigrations (/home/runner/work/neon-compatibility/neon-compatibility/node_modules/truffle/build/webpack:/packages/core/lib/commands/migrate.js:253:1)\n      at Object.run (/home/runner/work/neon-compatibility/neon-compatibility/node_modules/truffle/build/webpack:/packages/core/lib/commands/migrate.js:223:1)\n      at Command.run (/home/runner/work/neon-compatibility/neon-compatibility/node_modules/truffle/build/webpack:/packages/core/lib/command.js:183:1)\n  Truffle v5.4.14 (core: 5.4.14)\n  Node v16.13.2\n  \nassert 1 == 0\n +  where 1 = CompletedProcess(args='cd issues/364; ../../node_modules/.bin/truffle --network neonlabs migrate -f 3 --to 3', returnc...uffle/build/webpack:/packages/core/lib/command.js:183:1)\\nTruffle v5.4.14 (core: 5.4.14)\\nNode v16.13.2\\n', stderr=b'').returncode",
        "time" : {
          "start" : 1643302069274,
          "stop" : 1643302085698,
          "duration" : 16424
        }
      }, {
        "uid" : "b845fe449e28c4db",
        "reportUrl" : "https://neonlabsorg.github.io/neon-compatibility/553//#testresult/b845fe449e28c4db",
        "status" : "failed",
        "statusDetails" : "AssertionError: \n  Compiling your contracts...\n  ===========================\n  > Compiling ./contracts/ERC20Test.sol\n  > Compiling ./contracts/Migrations.sol\n  > Compiling ./contracts/SelfDestructTest.sol\n  > Compiling @openzeppelin/contracts/access/Ownable.sol\n  > Compiling @openzeppelin/contracts/token/ERC20/ERC20.sol\n  > Compiling @openzeppelin/contracts/token/ERC20/IERC20.sol\n  > Compiling @openzeppelin/contracts/token/ERC20/extensions/IERC20Metadata.sol\n  > Compiling @openzeppelin/contracts/utils/Context.sol\n  > Compilation warnings encountered:\n  \n      Warning: SPDX license identifier not provided in source file. Before publishing, consider adding a comment containing \"SPDX-License-Identifier: <SPDX-License>\" to each source file. Use \"SPDX-License-Identifier: UNLICENSED\" for non-open-source code. Please see https://spdx.org for more information.\n  --> project:/contracts/SelfDestructTest.sol\n  \n  ,Warning: This contract has a payable fallback function, but no receive ether function. Consider adding a receive ether function.\n   --> project:/contracts/SelfDestructTest.sol:5:1:\n    |\n  5 | contract SelfDestructTest is Ownable{\n    | ^ (Relevant source part starts here and spans across multiple lines).\n  Note: The payable fallback function is defined here.\n    --> project:/contracts/SelfDestructTest.sol:20:5:\n     |\n  20 |     fallback() external payable {}\n     |     ^^^^^^^^^^^^^^^^^^^^^^^^^^^^^^\n  \n  ,Warning: Function state mutability can be restricted to pure\n    --> project:/contracts/SelfDestructTest.sol:12:5:\n     |\n  12 |     function staticData() public view returns(string memory) {\n     |     ^ (Relevant source part starts here and spans across multiple lines).\n  \n  \n  > Artifacts written to /home/runner/work/neon-compatibility/neon-compatibility/issues/364/build/contracts\n  > Compiled successfully using:\n     - solc: 0.8.4+commit.c7e474f2.Emscripten.clang\n  \n  \n  \n  Starting migrations...\n  ======================\n  > Network name:    'neonlabs'\n  > Network id:      111\n  > Block gas limit: 6721975 (0x6691b7)\n  \n  \n  3_selfDestructTest.js\n  =====================\n  \n     Deploying 'SelfDestructTest'\n     ----------------------------\n  \n  Error:  *** Deployment Failed ***\n  \n  \"SelfDestructTest\" -- Cannot read properties of undefined (reading 'includes').\n  \n      at /home/runner/work/neon-compatibility/neon-compatibility/node_modules/truffle/build/webpack:/packages/deployer/src/deployment.js:365:1\n      at runNextTicks (node:internal/process/task_queues:61:5)\n      at listOnTimeout (node:internal/timers:526:9)\n      at processTimers (node:internal/timers:500:7)\n      at module.exports (/home/runner/work/neon-compatibility/neon-compatibility/issues/364/migrations/3_selfDestructTest.js:6:5)\n      at Migration._deploy (/home/runner/work/neon-compatibility/neon-compatibility/node_modules/truffle/build/webpack:/packages/migrate/Migration.js:75:1)\n      at Migration._load (/home/runner/work/neon-compatibility/neon-compatibility/node_modules/truffle/build/webpack:/packages/migrate/Migration.js:56:1)\n      at Migration.run (/home/runner/work/neon-compatibility/neon-compatibility/node_modules/truffle/build/webpack:/packages/migrate/Migration.js:217:1)\n      at Object.runMigrations (/home/runner/work/neon-compatibility/neon-compatibility/node_modules/truffle/build/webpack:/packages/migrate/index.js:150:1)\n      at Object.runFrom (/home/runner/work/neon-compatibility/neon-compatibility/node_modules/truffle/build/webpack:/packages/migrate/index.js:110:1)\n      at runMigrations (/home/runner/work/neon-compatibility/neon-compatibility/node_modules/truffle/build/webpack:/packages/core/lib/commands/migrate.js:253:1)\n      at Object.run (/home/runner/work/neon-compatibility/neon-compatibility/node_modules/truffle/build/webpack:/packages/core/lib/commands/migrate.js:223:1)\n      at Command.run (/home/runner/work/neon-compatibility/neon-compatibility/node_modules/truffle/build/webpack:/packages/core/lib/command.js:183:1)\n  Truffle v5.4.14 (core: 5.4.14)\n  Node v16.13.2\n  \nassert 1 == 0\n +  where 1 = CompletedProcess(args='cd issues/364; ../../node_modules/.bin/truffle --network neonlabs migrate -f 3 --to 3', returnc...uffle/build/webpack:/packages/core/lib/command.js:183:1)\\nTruffle v5.4.14 (core: 5.4.14)\\nNode v16.13.2\\n', stderr=b'').returncode",
        "time" : {
          "start" : 1643295979575,
          "stop" : 1643295999198,
          "duration" : 19623
        }
      }, {
        "uid" : "a900225a0ae1a548",
        "reportUrl" : "https://neonlabsorg.github.io/neon-compatibility/552//#testresult/a900225a0ae1a548",
        "status" : "failed",
        "statusDetails" : "AssertionError: \n  Compiling your contracts...\n  ===========================\n  > Compiling ./contracts/ERC20Test.sol\n  > Compiling ./contracts/Migrations.sol\n  > Compiling ./contracts/SelfDestructTest.sol\n  > Compiling @openzeppelin/contracts/access/Ownable.sol\n  > Compiling @openzeppelin/contracts/token/ERC20/ERC20.sol\n  > Compiling @openzeppelin/contracts/token/ERC20/IERC20.sol\n  > Compiling @openzeppelin/contracts/token/ERC20/extensions/IERC20Metadata.sol\n  > Compiling @openzeppelin/contracts/utils/Context.sol\n  > Compilation warnings encountered:\n  \n      Warning: SPDX license identifier not provided in source file. Before publishing, consider adding a comment containing \"SPDX-License-Identifier: <SPDX-License>\" to each source file. Use \"SPDX-License-Identifier: UNLICENSED\" for non-open-source code. Please see https://spdx.org for more information.\n  --> project:/contracts/SelfDestructTest.sol\n  \n  ,Warning: This contract has a payable fallback function, but no receive ether function. Consider adding a receive ether function.\n   --> project:/contracts/SelfDestructTest.sol:5:1:\n    |\n  5 | contract SelfDestructTest is Ownable{\n    | ^ (Relevant source part starts here and spans across multiple lines).\n  Note: The payable fallback function is defined here.\n    --> project:/contracts/SelfDestructTest.sol:20:5:\n     |\n  20 |     fallback() external payable {}\n     |     ^^^^^^^^^^^^^^^^^^^^^^^^^^^^^^\n  \n  ,Warning: Function state mutability can be restricted to pure\n    --> project:/contracts/SelfDestructTest.sol:12:5:\n     |\n  12 |     function staticData() public view returns(string memory) {\n     |     ^ (Relevant source part starts here and spans across multiple lines).\n  \n  \n  > Artifacts written to /home/runner/work/neon-compatibility/neon-compatibility/issues/364/build/contracts\n  > Compiled successfully using:\n     - solc: 0.8.4+commit.c7e474f2.Emscripten.clang\n  \n  \n  \n  Starting migrations...\n  ======================\n  > Network name:    'neonlabs'\n  > Network id:      111\n  > Block gas limit: 6721975 (0x6691b7)\n  \n  \n  3_selfDestructTest.js\n  =====================\n  \n     Deploying 'SelfDestructTest'\n     ----------------------------\n  \n  Error:  *** Deployment Failed ***\n  \n  \"SelfDestructTest\" -- Cannot read properties of undefined (reading 'includes').\n  \n      at /home/runner/work/neon-compatibility/neon-compatibility/node_modules/truffle/build/webpack:/packages/deployer/src/deployment.js:365:1\n      at runNextTicks (node:internal/process/task_queues:61:5)\n      at listOnTimeout (node:internal/timers:526:9)\n      at processTimers (node:internal/timers:500:7)\n      at module.exports (/home/runner/work/neon-compatibility/neon-compatibility/issues/364/migrations/3_selfDestructTest.js:6:5)\n      at Migration._deploy (/home/runner/work/neon-compatibility/neon-compatibility/node_modules/truffle/build/webpack:/packages/migrate/Migration.js:75:1)\n      at Migration._load (/home/runner/work/neon-compatibility/neon-compatibility/node_modules/truffle/build/webpack:/packages/migrate/Migration.js:56:1)\n      at Migration.run (/home/runner/work/neon-compatibility/neon-compatibility/node_modules/truffle/build/webpack:/packages/migrate/Migration.js:217:1)\n      at Object.runMigrations (/home/runner/work/neon-compatibility/neon-compatibility/node_modules/truffle/build/webpack:/packages/migrate/index.js:150:1)\n      at Object.runFrom (/home/runner/work/neon-compatibility/neon-compatibility/node_modules/truffle/build/webpack:/packages/migrate/index.js:110:1)\n      at runMigrations (/home/runner/work/neon-compatibility/neon-compatibility/node_modules/truffle/build/webpack:/packages/core/lib/commands/migrate.js:253:1)\n      at Object.run (/home/runner/work/neon-compatibility/neon-compatibility/node_modules/truffle/build/webpack:/packages/core/lib/commands/migrate.js:223:1)\n      at Command.run (/home/runner/work/neon-compatibility/neon-compatibility/node_modules/truffle/build/webpack:/packages/core/lib/command.js:183:1)\n  Truffle v5.4.14 (core: 5.4.14)\n  Node v16.13.2\n  \nassert 1 == 0\n +  where 1 = CompletedProcess(args='cd issues/364; ../../node_modules/.bin/truffle --network neonlabs migrate -f 3 --to 3', returnc...uffle/build/webpack:/packages/core/lib/command.js:183:1)\\nTruffle v5.4.14 (core: 5.4.14)\\nNode v16.13.2\\n', stderr=b'').returncode",
        "time" : {
          "start" : 1643291100822,
          "stop" : 1643291117347,
          "duration" : 16525
        }
      }, {
        "uid" : "aaf2481094b0f4ab",
        "reportUrl" : "https://neonlabsorg.github.io/neon-compatibility/551//#testresult/aaf2481094b0f4ab",
        "status" : "failed",
        "statusDetails" : "AssertionError: \n  Compiling your contracts...\n  ===========================\n  > Compiling ./contracts/ERC20Test.sol\n  > Compiling ./contracts/Migrations.sol\n  > Compiling ./contracts/SelfDestructTest.sol\n  > Compiling @openzeppelin/contracts/access/Ownable.sol\n  > Compiling @openzeppelin/contracts/token/ERC20/ERC20.sol\n  > Compiling @openzeppelin/contracts/token/ERC20/IERC20.sol\n  > Compiling @openzeppelin/contracts/token/ERC20/extensions/IERC20Metadata.sol\n  > Compiling @openzeppelin/contracts/utils/Context.sol\n  > Compilation warnings encountered:\n  \n      Warning: SPDX license identifier not provided in source file. Before publishing, consider adding a comment containing \"SPDX-License-Identifier: <SPDX-License>\" to each source file. Use \"SPDX-License-Identifier: UNLICENSED\" for non-open-source code. Please see https://spdx.org for more information.\n  --> project:/contracts/SelfDestructTest.sol\n  \n  ,Warning: This contract has a payable fallback function, but no receive ether function. Consider adding a receive ether function.\n   --> project:/contracts/SelfDestructTest.sol:5:1:\n    |\n  5 | contract SelfDestructTest is Ownable{\n    | ^ (Relevant source part starts here and spans across multiple lines).\n  Note: The payable fallback function is defined here.\n    --> project:/contracts/SelfDestructTest.sol:20:5:\n     |\n  20 |     fallback() external payable {}\n     |     ^^^^^^^^^^^^^^^^^^^^^^^^^^^^^^\n  \n  ,Warning: Function state mutability can be restricted to pure\n    --> project:/contracts/SelfDestructTest.sol:12:5:\n     |\n  12 |     function staticData() public view returns(string memory) {\n     |     ^ (Relevant source part starts here and spans across multiple lines).\n  \n  \n  > Artifacts written to /home/runner/work/neon-compatibility/neon-compatibility/issues/364/build/contracts\n  > Compiled successfully using:\n     - solc: 0.8.4+commit.c7e474f2.Emscripten.clang\n  \n  \n  \n  Starting migrations...\n  ======================\n  > Network name:    'neonlabs'\n  > Network id:      111\n  > Block gas limit: 6721975 (0x6691b7)\n  \n  \n  3_selfDestructTest.js\n  =====================\n  \n     Deploying 'SelfDestructTest'\n     ----------------------------\n  \n  Error:  *** Deployment Failed ***\n  \n  \"SelfDestructTest\" -- Cannot read properties of undefined (reading 'includes').\n  \n      at /home/runner/work/neon-compatibility/neon-compatibility/node_modules/truffle/build/webpack:/packages/deployer/src/deployment.js:365:1\n      at runNextTicks (node:internal/process/task_queues:61:5)\n      at listOnTimeout (node:internal/timers:526:9)\n      at processTimers (node:internal/timers:500:7)\n      at module.exports (/home/runner/work/neon-compatibility/neon-compatibility/issues/364/migrations/3_selfDestructTest.js:6:5)\n      at Migration._deploy (/home/runner/work/neon-compatibility/neon-compatibility/node_modules/truffle/build/webpack:/packages/migrate/Migration.js:75:1)\n      at Migration._load (/home/runner/work/neon-compatibility/neon-compatibility/node_modules/truffle/build/webpack:/packages/migrate/Migration.js:56:1)\n      at Migration.run (/home/runner/work/neon-compatibility/neon-compatibility/node_modules/truffle/build/webpack:/packages/migrate/Migration.js:217:1)\n      at Object.runMigrations (/home/runner/work/neon-compatibility/neon-compatibility/node_modules/truffle/build/webpack:/packages/migrate/index.js:150:1)\n      at Object.runFrom (/home/runner/work/neon-compatibility/neon-compatibility/node_modules/truffle/build/webpack:/packages/migrate/index.js:110:1)\n      at runMigrations (/home/runner/work/neon-compatibility/neon-compatibility/node_modules/truffle/build/webpack:/packages/core/lib/commands/migrate.js:253:1)\n      at Object.run (/home/runner/work/neon-compatibility/neon-compatibility/node_modules/truffle/build/webpack:/packages/core/lib/commands/migrate.js:223:1)\n      at Command.run (/home/runner/work/neon-compatibility/neon-compatibility/node_modules/truffle/build/webpack:/packages/core/lib/command.js:183:1)\n  Truffle v5.4.14 (core: 5.4.14)\n  Node v16.13.2\n  \nassert 1 == 0\n +  where 1 = CompletedProcess(args='cd issues/364; ../../node_modules/.bin/truffle --network neonlabs migrate -f 3 --to 3', returnc...uffle/build/webpack:/packages/core/lib/command.js:183:1)\\nTruffle v5.4.14 (core: 5.4.14)\\nNode v16.13.2\\n', stderr=b'').returncode",
        "time" : {
          "start" : 1643287357282,
          "stop" : 1643287373658,
          "duration" : 16376
        }
      }, {
        "uid" : "7165e9254c1270cc",
        "reportUrl" : "https://neonlabsorg.github.io/neon-compatibility/550//#testresult/7165e9254c1270cc",
        "status" : "failed",
        "statusDetails" : "AssertionError: \n  Compiling your contracts...\n  ===========================\n  > Compiling ./contracts/ERC20Test.sol\n  > Compiling ./contracts/Migrations.sol\n  > Compiling ./contracts/SelfDestructTest.sol\n  > Compiling @openzeppelin/contracts/access/Ownable.sol\n  > Compiling @openzeppelin/contracts/token/ERC20/ERC20.sol\n  > Compiling @openzeppelin/contracts/token/ERC20/IERC20.sol\n  > Compiling @openzeppelin/contracts/token/ERC20/extensions/IERC20Metadata.sol\n  > Compiling @openzeppelin/contracts/utils/Context.sol\n  > Compilation warnings encountered:\n  \n      Warning: SPDX license identifier not provided in source file. Before publishing, consider adding a comment containing \"SPDX-License-Identifier: <SPDX-License>\" to each source file. Use \"SPDX-License-Identifier: UNLICENSED\" for non-open-source code. Please see https://spdx.org for more information.\n  --> project:/contracts/SelfDestructTest.sol\n  \n  ,Warning: This contract has a payable fallback function, but no receive ether function. Consider adding a receive ether function.\n   --> project:/contracts/SelfDestructTest.sol:5:1:\n    |\n  5 | contract SelfDestructTest is Ownable{\n    | ^ (Relevant source part starts here and spans across multiple lines).\n  Note: The payable fallback function is defined here.\n    --> project:/contracts/SelfDestructTest.sol:20:5:\n     |\n  20 |     fallback() external payable {}\n     |     ^^^^^^^^^^^^^^^^^^^^^^^^^^^^^^\n  \n  ,Warning: Function state mutability can be restricted to pure\n    --> project:/contracts/SelfDestructTest.sol:12:5:\n     |\n  12 |     function staticData() public view returns(string memory) {\n     |     ^ (Relevant source part starts here and spans across multiple lines).\n  \n  \n  > Artifacts written to /home/runner/work/neon-compatibility/neon-compatibility/issues/364/build/contracts\n  > Compiled successfully using:\n     - solc: 0.8.4+commit.c7e474f2.Emscripten.clang\n  \n  \n  \n  Starting migrations...\n  ======================\n  > Network name:    'neonlabs'\n  > Network id:      111\n  > Block gas limit: 6721975 (0x6691b7)\n  \n  \n  3_selfDestructTest.js\n  =====================\n  \n     Deploying 'SelfDestructTest'\n     ----------------------------\n  \n  Error:  *** Deployment Failed ***\n  \n  \"SelfDestructTest\" -- Cannot read properties of undefined (reading 'includes').\n  \n      at /home/runner/work/neon-compatibility/neon-compatibility/node_modules/truffle/build/webpack:/packages/deployer/src/deployment.js:365:1\n      at runNextTicks (node:internal/process/task_queues:61:5)\n      at listOnTimeout (node:internal/timers:526:9)\n      at processTimers (node:internal/timers:500:7)\n      at module.exports (/home/runner/work/neon-compatibility/neon-compatibility/issues/364/migrations/3_selfDestructTest.js:6:5)\n      at Migration._deploy (/home/runner/work/neon-compatibility/neon-compatibility/node_modules/truffle/build/webpack:/packages/migrate/Migration.js:75:1)\n      at Migration._load (/home/runner/work/neon-compatibility/neon-compatibility/node_modules/truffle/build/webpack:/packages/migrate/Migration.js:56:1)\n      at Migration.run (/home/runner/work/neon-compatibility/neon-compatibility/node_modules/truffle/build/webpack:/packages/migrate/Migration.js:217:1)\n      at Object.runMigrations (/home/runner/work/neon-compatibility/neon-compatibility/node_modules/truffle/build/webpack:/packages/migrate/index.js:150:1)\n      at Object.runFrom (/home/runner/work/neon-compatibility/neon-compatibility/node_modules/truffle/build/webpack:/packages/migrate/index.js:110:1)\n      at runMigrations (/home/runner/work/neon-compatibility/neon-compatibility/node_modules/truffle/build/webpack:/packages/core/lib/commands/migrate.js:253:1)\n      at Object.run (/home/runner/work/neon-compatibility/neon-compatibility/node_modules/truffle/build/webpack:/packages/core/lib/commands/migrate.js:223:1)\n      at Command.run (/home/runner/work/neon-compatibility/neon-compatibility/node_modules/truffle/build/webpack:/packages/core/lib/command.js:183:1)\n  Truffle v5.4.14 (core: 5.4.14)\n  Node v16.13.2\n  \nassert 1 == 0\n +  where 1 = CompletedProcess(args='cd issues/364; ../../node_modules/.bin/truffle --network neonlabs migrate -f 3 --to 3', returnc...uffle/build/webpack:/packages/core/lib/command.js:183:1)\\nTruffle v5.4.14 (core: 5.4.14)\\nNode v16.13.2\\n', stderr=b'').returncode",
        "time" : {
          "start" : 1643274869010,
          "stop" : 1643274888687,
          "duration" : 19677
        }
      } ]
    },
    "tags" : [ ]
  },
  "source" : "b301709f333c3c6c.json",
  "parameterValues" : [ ]
}