{
  "uid" : "4b4757e66a1912dae1a509f688f20b0f",
  "children" : [ {
    "name" : "Test defects",
    "children" : [ {
      "name" : "Returned error: ('evm emulator error ', {'accounts': [{'account': '31N3ZK1nQ6eo7j5DGdvGBEDRHno1NuYjN8QizZrzApDW', 'address': '0x481634be3843852c6dbd6d777c65b7a97f8c8257', 'code_size': None, 'code_size_current': None, 'contract': None, 'new': False, 'writable': False}, {'account': 'D9o5pZdST33LoeEtsmGHVAeopptjPJWNEyqcy9oaU6FW', 'address': '0xef21eaeabb460b7f70c33234853672bf442faf78', 'code_size': None, 'code_size_current': None, 'contract': None, 'new': True, 'writable': False}], 'exit_reason': {'Error': 'CreateContractLimit'}, 'exit_status': 'error', 'result': '', 'solana_accounts': [], 'steps_executed': 1616, 'token_accounts': [], 'used_gas': 49226818})",
      "children" : [ {
        "name" : "run",
        "uid" : "69aebd4ec30acc34",
        "parentUid" : "c0b28d117defd31cfb05631363469e28",
        "status" : "broken",
        "time" : {
          "start" : 1644548955445,
          "stop" : 1644548958326,
          "duration" : 2881
        },
        "flaky" : false,
        "newFailed" : false,
        "newPassed" : false,
        "newBroken" : false,
        "retriesCount" : 0,
        "retriesStatusChange" : false,
        "parameters" : [ ]
      } ],
      "uid" : "c0b28d117defd31cfb05631363469e28"
    }, {
      "name" : "Request failed with status code 404",
      "children" : [ {
        "name" : "shouldCreateAcccountWithEthersJs",
        "uid" : "24e19eac3e279af8",
        "parentUid" : "e535f801f4238f93df2991342f7e48e9",
        "status" : "broken",
        "time" : {
          "start" : 1644549014375,
          "stop" : 1644549014886,
          "duration" : 511
        },
        "flaky" : false,
        "newFailed" : false,
        "newPassed" : false,
        "newBroken" : false,
        "retriesCount" : 0,
        "retriesStatusChange" : false,
        "parameters" : [ ]
      } ],
      "uid" : "e535f801f4238f93df2991342f7e48e9"
    }, {
      "name" : "ENS name not configured (operation=\"resolveName(\\\"ethers.eth\\\")\", code=UNSUPPORTED_OPERATION, version=providers/5.4.5)",
      "children" : [ {
        "name" : "testQueryingBlockchain",
        "uid" : "70caa274923767db",
        "parentUid" : "e7b99caf229df3f4350c94d3cb9e2152",
        "status" : "broken",
        "time" : {
          "start" : 1644549016465,
          "stop" : 1644549017766,
          "duration" : 1301
        },
        "flaky" : false,
        "newFailed" : false,
        "newPassed" : false,
        "newBroken" : false,
        "retriesCount" : 0,
        "retriesStatusChange" : false,
        "parameters" : [ ]
      } ],
      "uid" : "e7b99caf229df3f4350c94d3cb9e2152"
    }, {
      "name" : "provided ENS name resolves to null (argument=\"tx.to\", value=\"ricmoo.firefly.eth\", code=INVALID_ARGUMENT, version=providers/5.4.5)",
      "children" : [ {
        "name" : "testWritingToTheBlockchain",
        "uid" : "cb8af1945cf2c56",
        "parentUid" : "a84db27a603b95faa88ded5ac73acc8c",
        "status" : "broken",
        "time" : {
          "start" : 1644549017767,
          "stop" : 1644549018734,
          "duration" : 967
        },
        "flaky" : false,
        "newFailed" : false,
        "newPassed" : false,
        "newBroken" : false,
        "retriesCount" : 0,
        "retriesStatusChange" : false,
        "parameters" : [ ]
      } ],
      "uid" : "a84db27a603b95faa88ded5ac73acc8c"
    }, {
      "name" : "resolver or addr is not configured for ENS name (argument=\"name\", value=\"dai.tokens.ethers.eth\", code=INVALID_ARGUMENT, version=contracts/5.4.1)",
      "children" : [ {
        "name" : "testReadOnlyMethods",
        "uid" : "ea1a623d95bc3b78",
        "parentUid" : "f691d142a21ba4d36298b566fe753fd0",
        "status" : "broken",
        "time" : {
          "start" : 1644549018742,
          "stop" : 1644549019316,
          "duration" : 574
        },
        "flaky" : false,
        "newFailed" : false,
        "newPassed" : false,
        "newBroken" : false,
        "retriesCount" : 0,
        "retriesStatusChange" : false,
        "parameters" : [ ]
      } ],
      "uid" : "f691d142a21ba4d36298b566fe753fd0"
    }, {
      "name" : "processing response error (body=\"{\\\"jsonrpc\\\": \\\"2.0\\\", \\\"id\\\": 42, \\\"error\\\": {\\\"code\\\": -32000, \\\"message\\\": \\\"method eth_accounts is not supported\\\"}}\", error={\"code\":-32000}, requestBody=\"{\\\"method\\\":\\\"eth_accounts\\\",\\\"params\\\":[],\\\"id\\\":42,\\\"jsonrpc\\\":\\\"2.0\\\"}\", requestMethod=\"POST\", url=\"http://proxy.night.stand.neontest.xyz/solana\", code=SERVER_ERROR, version=web/5.4.0)",
      "children" : [ {
        "name" : "testQueryHistoricEvents",
        "uid" : "1136b99b22333e9a",
        "parentUid" : "3968152f951f2b9fd20b360280d38897",
        "status" : "broken",
        "time" : {
          "start" : 1644549019321,
          "stop" : 1644549019611,
          "duration" : 290
        },
        "flaky" : false,
        "newFailed" : false,
        "newPassed" : false,
        "newBroken" : false,
        "retriesCount" : 0,
        "retriesStatusChange" : false,
        "parameters" : [ ]
      }, {
        "name" : "testSigningMessages",
        "uid" : "e9c3646cc0e1c67e",
        "parentUid" : "3968152f951f2b9fd20b360280d38897",
        "status" : "broken",
        "time" : {
          "start" : 1644549019612,
          "stop" : 1644549019899,
          "duration" : 287
        },
        "flaky" : false,
        "newFailed" : false,
        "newPassed" : false,
        "newBroken" : false,
        "retriesCount" : 0,
        "retriesStatusChange" : false,
        "parameters" : [ ]
      } ],
      "uid" : "3968152f951f2b9fd20b360280d38897"
    }, {
      "name" : "ethjs_provider_http_1.HttpProvider is not a constructor",
      "children" : [ {
        "name" : "test01",
        "uid" : "bed8e7edf86a0774",
        "parentUid" : "426a702f588cd18af2cb78ab4240139d",
        "status" : "broken",
        "time" : {
          "start" : 1644549020588,
          "stop" : 1644549020594,
          "duration" : 6
        },
        "flaky" : false,
        "newFailed" : false,
        "newPassed" : false,
        "newBroken" : false,
        "retriesCount" : 0,
        "retriesStatusChange" : false,
        "parameters" : [ ]
      } ],
      "uid" : "426a702f588cd18af2cb78ab4240139d"
    }, {
      "name" : "method eth_accounts is not supported",
      "children" : [ {
        "name" : "Should return the new greeting once it's changed",
        "uid" : "d3f3c9fc052b822c",
        "parentUid" : "636761ada1984e92a869ad9291b93257",
        "status" : "broken",
        "time" : {
          "start" : 1644549025250,
          "stop" : 1644549025903,
          "duration" : 653
        },
        "flaky" : false,
        "newFailed" : false,
        "newPassed" : false,
        "newBroken" : false,
        "retriesCount" : 0,
        "retriesStatusChange" : false,
        "parameters" : [ ]
      } ],
      "uid" : "636761ada1984e92a869ad9291b93257"
    }, {
      "name" : "Returned error: execution reverted: Timelock::executeTransaction: Transaction hasn't surpassed time lock.",
      "children" : [ {
        "name" : "run",
        "uid" : "a70f25328146c9bb",
        "parentUid" : "743cfdbd6674fe3842f98e89f9dffb1e",
        "status" : "broken",
        "time" : {
          "start" : 1644549164127,
          "stop" : 1644549189024,
          "duration" : 24897
        },
        "flaky" : false,
        "newFailed" : false,
        "newPassed" : false,
        "newBroken" : false,
        "retriesCount" : 0,
        "retriesStatusChange" : false,
        "parameters" : [ ]
      }, {
        "name" : "run",
        "uid" : "3e29a33a7c6206e0",
        "parentUid" : "743cfdbd6674fe3842f98e89f9dffb1e",
        "status" : "broken",
        "time" : {
          "start" : 1644549270298,
          "stop" : 1644549290671,
          "duration" : 20373
        },
        "flaky" : false,
        "newFailed" : false,
        "newPassed" : false,
        "newBroken" : false,
        "retriesCount" : 0,
        "retriesStatusChange" : false,
        "parameters" : [ ]
      }, {
        "name" : "run",
        "uid" : "4c7e5c0ff9456e63",
        "parentUid" : "743cfdbd6674fe3842f98e89f9dffb1e",
        "status" : "broken",
        "time" : {
          "start" : 1644549333469,
          "stop" : 1644549354850,
          "duration" : 21381
        },
        "flaky" : false,
        "newFailed" : false,
        "newPassed" : false,
        "newBroken" : false,
        "retriesCount" : 0,
        "retriesStatusChange" : false,
        "parameters" : [ ]
      }, {
        "name" : "run",
        "uid" : "c9fff4f93b082756",
        "parentUid" : "743cfdbd6674fe3842f98e89f9dffb1e",
        "status" : "broken",
        "time" : {
          "start" : 1644549354856,
          "stop" : 1644549376708,
          "duration" : 21852
        },
        "flaky" : false,
        "newFailed" : false,
        "newPassed" : false,
        "newBroken" : false,
        "retriesCount" : 0,
        "retriesStatusChange" : false,
        "parameters" : [ ]
      } ],
      "uid" : "743cfdbd6674fe3842f98e89f9dffb1e"
    }, {
      "name" : "brownie.exceptions.RPCRequestError: method debug_traceTransaction is not supported",
      "children" : [ {
        "name" : "test_returns_true",
        "uid" : "eb9cfe9cd9d748d4",
        "parentUid" : "f2194a5af9dcca5dde8f0fbd1ed56700",
        "status" : "broken",
        "time" : {
          "start" : 1644549165207,
          "stop" : 1644549167988,
          "duration" : 2781
        },
        "flaky" : false,
        "newFailed" : false,
        "newPassed" : false,
        "newBroken" : false,
        "retriesCount" : 0,
        "retriesStatusChange" : false,
        "parameters" : [ ]
      }, {
        "name" : "test_returns_true",
        "uid" : "f850f619117e26ec",
        "parentUid" : "f2194a5af9dcca5dde8f0fbd1ed56700",
        "status" : "broken",
        "time" : {
          "start" : 1644549183126,
          "stop" : 1644549185266,
          "duration" : 2140
        },
        "flaky" : false,
        "newFailed" : false,
        "newPassed" : false,
        "newBroken" : false,
        "retriesCount" : 0,
        "retriesStatusChange" : false,
        "parameters" : [ ]
      }, {
        "name" : "test_returns_true",
        "uid" : "7cf0aff77835bb5f",
        "parentUid" : "f2194a5af9dcca5dde8f0fbd1ed56700",
        "status" : "broken",
        "time" : {
          "start" : 1644549228581,
          "stop" : 1644549233047,
          "duration" : 4466
        },
        "flaky" : false,
        "newFailed" : false,
        "newPassed" : false,
        "newBroken" : false,
        "retriesCount" : 0,
        "retriesStatusChange" : false,
        "parameters" : [ ]
      } ],
      "uid" : "f2194a5af9dcca5dde8f0fbd1ed56700"
    }, {
      "name" : "Cannot use 'in' operator to search for 'events' in undefined",
      "children" : [ {
        "name" : "\"after each\" hook for \"run\"",
        "uid" : "d46c1c264929195d",
        "parentUid" : "31b5950d3343d2f3f14535f6106b66b4",
        "status" : "broken",
        "time" : {
          "start" : 1644549189064,
          "stop" : 1644549189064,
          "duration" : 0
        },
        "flaky" : false,
        "newFailed" : false,
        "newPassed" : false,
        "newBroken" : false,
        "retriesCount" : 0,
        "retriesStatusChange" : false,
        "parameters" : [ ]
      }, {
        "name" : "\"after each\" hook for \"run\"",
        "uid" : "f1004c677d9eb6ff",
        "parentUid" : "31b5950d3343d2f3f14535f6106b66b4",
        "status" : "broken",
        "time" : {
          "start" : 1644549291945,
          "stop" : 1644549291945,
          "duration" : 0
        },
        "flaky" : false,
        "newFailed" : false,
        "newPassed" : false,
        "newBroken" : false,
        "retriesCount" : 0,
        "retriesStatusChange" : false,
        "parameters" : [ ]
      }, {
        "name" : "\"after each\" hook for \"run\"",
        "uid" : "535dd95e0eac767b",
        "parentUid" : "31b5950d3343d2f3f14535f6106b66b4",
        "status" : "broken",
        "time" : {
          "start" : 1644549354852,
          "stop" : 1644549354852,
          "duration" : 0
        },
        "flaky" : false,
        "newFailed" : false,
        "newPassed" : false,
        "newBroken" : false,
        "retriesCount" : 0,
        "retriesStatusChange" : false,
        "parameters" : [ ]
      }, {
        "name" : "\"after each\" hook for \"run\"",
        "uid" : "b42671daee0f1307",
        "parentUid" : "31b5950d3343d2f3f14535f6106b66b4",
        "status" : "broken",
        "time" : {
          "start" : 1644549376710,
          "stop" : 1644549376711,
          "duration" : 1
        },
        "flaky" : false,
        "newFailed" : false,
        "newPassed" : false,
        "newBroken" : false,
        "retriesCount" : 0,
        "retriesStatusChange" : false,
        "parameters" : [ ]
      }, {
        "name" : "\"after each\" hook for \"run\"",
        "uid" : "47dc87180d0d2235",
        "parentUid" : "31b5950d3343d2f3f14535f6106b66b4",
        "status" : "broken",
        "time" : {
          "start" : 1644550188738,
          "stop" : 1644550188738,
          "duration" : 0
        },
        "flaky" : false,
        "newFailed" : false,
        "newPassed" : false,
        "newBroken" : false,
        "retriesCount" : 0,
        "retriesStatusChange" : false,
        "parameters" : [ ]
      } ],
      "uid" : "31b5950d3343d2f3f14535f6106b66b4"
    }, {
      "name" : "ValueError: Gas estimation failed: 'execution reverted: Insufficient balance'. This transaction will likely revert. If you wish to broadcast, you must set the gas limit manually.",
      "children" : [ {
        "name" : "test_insufficient_balance",
        "uid" : "9e9724614bc7685b",
        "parentUid" : "5f4213889cfcdff121652c3e5acdd001",
        "status" : "broken",
        "time" : {
          "start" : 1644549193559,
          "stop" : 1644549194058,
          "duration" : 499
        },
        "flaky" : false,
        "newFailed" : false,
        "newPassed" : false,
        "newBroken" : false,
        "retriesCount" : 0,
        "retriesStatusChange" : false,
        "parameters" : [ ]
      }, {
        "name" : "test_insufficient_balance",
        "uid" : "bc897c0c39062bfd",
        "parentUid" : "5f4213889cfcdff121652c3e5acdd001",
        "status" : "broken",
        "time" : {
          "start" : 1644549244744,
          "stop" : 1644549247445,
          "duration" : 2701
        },
        "flaky" : false,
        "newFailed" : false,
        "newPassed" : false,
        "newBroken" : false,
        "retriesCount" : 0,
        "retriesStatusChange" : false,
        "parameters" : [ ]
      } ],
      "uid" : "5f4213889cfcdff121652c3e5acdd001"
    }, {
      "name" : "OverflowError: approve '-1' - -1 is outside allowable range for uint256",
      "children" : [ {
        "name" : "test_insufficient_approval",
        "uid" : "5d08102275adb4f2",
        "parentUid" : "3076f8d9ffd7bab937e7bd2d28ebd8a0",
        "status" : "broken",
        "time" : {
          "start" : 1644549247519,
          "stop" : 1644549247696,
          "duration" : 177
        },
        "flaky" : false,
        "newFailed" : false,
        "newPassed" : false,
        "newBroken" : false,
        "retriesCount" : 0,
        "retriesStatusChange" : false,
        "parameters" : [ ]
      } ],
      "uid" : "3076f8d9ffd7bab937e7bd2d28ebd8a0"
    }, {
      "name" : "Returned error: execution reverted: TimelockController: operation is not ready",
      "children" : [ {
        "name" : "run",
        "uid" : "931ea120802a8e98",
        "parentUid" : "c0bb43b58141a54647bbc053a91b7846",
        "status" : "broken",
        "time" : {
          "start" : 1644549268885,
          "stop" : 1644549291698,
          "duration" : 22813
        },
        "flaky" : false,
        "newFailed" : false,
        "newPassed" : false,
        "newBroken" : false,
        "retriesCount" : 0,
        "retriesStatusChange" : false,
        "parameters" : [ ]
      }, {
        "name" : "\"after each\" hook for \"run\"",
        "uid" : "ad61253e782737b2",
        "parentUid" : "c0bb43b58141a54647bbc053a91b7846",
        "status" : "broken",
        "time" : {
          "start" : 1644549316773,
          "stop" : 1644549316773,
          "duration" : 0
        },
        "flaky" : false,
        "newFailed" : false,
        "newPassed" : false,
        "newBroken" : false,
        "retriesCount" : 0,
        "retriesStatusChange" : false,
        "parameters" : [ ]
      }, {
        "name" : "run",
        "uid" : "77e7d9909f4dddfa",
        "parentUid" : "c0bb43b58141a54647bbc053a91b7846",
        "status" : "broken",
        "time" : {
          "start" : 1644549362923,
          "stop" : 1644549383135,
          "duration" : 20212
        },
        "flaky" : false,
        "newFailed" : false,
        "newPassed" : false,
        "newBroken" : false,
        "retriesCount" : 0,
        "retriesStatusChange" : false,
        "parameters" : [ ]
      }, {
        "name" : "run",
        "uid" : "7fe1a12904f601a2",
        "parentUid" : "c0bb43b58141a54647bbc053a91b7846",
        "status" : "broken",
        "time" : {
          "start" : 1644550170585,
          "stop" : 1644550188736,
          "duration" : 18151
        },
        "flaky" : false,
        "newFailed" : false,
        "newPassed" : false,
        "newBroken" : false,
        "retriesCount" : 0,
        "retriesStatusChange" : false,
        "parameters" : [ ]
      } ],
      "uid" : "c0bb43b58141a54647bbc053a91b7846"
    }, {
      "name" : "Returned error: execution reverted: TokenTimelock: current time is before release time",
      "children" : [ {
        "name" : "can be released just after limit",
        "uid" : "a710b9fba15178a8",
        "parentUid" : "63e0bd466820f10fb76207d229017868",
        "status" : "broken",
        "time" : {
          "start" : 1644549350076,
          "stop" : 1644549354757,
          "duration" : 4681
        },
        "flaky" : false,
        "newFailed" : false,
        "newPassed" : false,
        "newBroken" : false,
        "retriesCount" : 0,
        "retriesStatusChange" : false,
        "parameters" : [ ]
      }, {
        "name" : "can be released after time limit",
        "uid" : "370864b50c42220f",
        "parentUid" : "63e0bd466820f10fb76207d229017868",
        "status" : "broken",
        "time" : {
          "start" : 1644549354758,
          "stop" : 1644549360142,
          "duration" : 5384
        },
        "flaky" : false,
        "newFailed" : false,
        "newPassed" : false,
        "newBroken" : false,
        "retriesCount" : 0,
        "retriesStatusChange" : false,
        "parameters" : [ ]
      }, {
        "name" : "cannot be released twice",
        "uid" : "8fad2451a0fa9fba",
        "parentUid" : "63e0bd466820f10fb76207d229017868",
        "status" : "broken",
        "time" : {
          "start" : 1644549360145,
          "stop" : 1644549365640,
          "duration" : 5495
        },
        "flaky" : false,
        "newFailed" : false,
        "newPassed" : false,
        "newBroken" : false,
        "retriesCount" : 0,
        "retriesStatusChange" : false,
        "parameters" : [ ]
      } ],
      "uid" : "63e0bd466820f10fb76207d229017868"
    }, {
      "name" : "Returned error: Did not find sedes handling type int",
      "children" : [ {
        "name" : "does not emit AuthorizedOperator events for default operators",
        "uid" : "f187cb96da84b82f",
        "parentUid" : "0c86716ba066e51a18412ba20b94bd5a",
        "status" : "broken",
        "time" : {
          "start" : 1644549480348,
          "stop" : 1644549481366,
          "duration" : 1018
        },
        "flaky" : false,
        "newFailed" : false,
        "newPassed" : false,
        "newBroken" : false,
        "retriesCount" : 0,
        "retriesStatusChange" : false,
        "parameters" : [ ]
      }, {
        "name" : "\"before all\" hook for \"returns the name\"",
        "uid" : "46b8366ef1f83400",
        "parentUid" : "0c86716ba066e51a18412ba20b94bd5a",
        "status" : "broken",
        "time" : {
          "start" : 1644549481638,
          "stop" : 1644549481639,
          "duration" : 1
        },
        "flaky" : false,
        "newFailed" : false,
        "newPassed" : false,
        "newBroken" : false,
        "retriesCount" : 0,
        "retriesStatusChange" : false,
        "parameters" : [ ]
      }, {
        "name" : "returns false when interface implementation is queried",
        "uid" : "d2ceb6d8e65d8443",
        "parentUid" : "0c86716ba066e51a18412ba20b94bd5a",
        "status" : "broken",
        "time" : {
          "start" : 1644549600837,
          "stop" : 1644549603420,
          "duration" : 2583
        },
        "flaky" : false,
        "newFailed" : false,
        "newPassed" : false,
        "newBroken" : false,
        "retriesCount" : 0,
        "retriesStatusChange" : false,
        "parameters" : [ ]
      } ],
      "uid" : "0c86716ba066e51a18412ba20b94bd5a"
    }, {
      "name" : "Returned error: Expecting value: line 1 column 1 (char 0)",
      "children" : [ {
        "name" : "does not allow beneficiary withdrawal",
        "uid" : "15ec51bcd2cadac2",
        "parentUid" : "c97e93c1c25090127d3e581a9f959ba9",
        "status" : "broken",
        "time" : {
          "start" : 1644549603754,
          "stop" : 1644549605984,
          "duration" : 2230
        },
        "flaky" : false,
        "newFailed" : false,
        "newPassed" : false,
        "newBroken" : false,
        "retriesCount" : 0,
        "retriesStatusChange" : false,
        "parameters" : [ ]
      } ],
      "uid" : "c97e93c1c25090127d3e581a9f959ba9"
    } ],
    "uid" : "bdbf199525818fae7a8651db9eafe741"
  }, {
    "name" : "Product defects",
    "children" : [ {
      "name" : "expected event argument 'startBlock' to have value 34242 but got 34241: expected '34241' to equal '34242'",
      "children" : [ {
        "name" : "\"after each\" hook for \"run\"",
        "uid" : "7e4218df8cbe70c4",
        "parentUid" : "48eb72c1b6bab5c036eba6d6591828ba",
        "status" : "failed",
        "time" : {
          "start" : 1644549204788,
          "stop" : 1644549204788,
          "duration" : 0
        },
        "flaky" : false,
        "newFailed" : false,
        "newPassed" : false,
        "newBroken" : false,
        "retriesCount" : 0,
        "retriesStatusChange" : false,
        "parameters" : [ ]
      } ],
      "uid" : "48eb72c1b6bab5c036eba6d6591828ba"
    }, {
      "name" : "Wrong kind of exception received: expected 'Returned error: execution reverted: Timelock::executeTransaction: Transaction hasn\\'t surpassed time lock.' to equal 'Governor: proposal not successful'",
      "children" : [ {
        "name" : "run",
        "uid" : "1607e750d28cf693",
        "parentUid" : "2d6b19f98c6fcb815a96cf5f69f4f4b4",
        "status" : "failed",
        "time" : {
          "start" : 1644549229381,
          "stop" : 1644549248855,
          "duration" : 19474
        },
        "flaky" : false,
        "newFailed" : false,
        "newPassed" : false,
        "newBroken" : false,
        "retriesCount" : 0,
        "retriesStatusChange" : false,
        "parameters" : [ ]
      } ],
      "uid" : "2d6b19f98c6fcb815a96cf5f69f4f4b4"
    }, {
      "name" : "AssertionError: Transaction did not revert",
      "children" : [ {
        "name" : "test_no_approval",
        "uid" : "f7756ded4e91705a",
        "parentUid" : "90f888e015672ae267836a9e2c59904f",
        "status" : "failed",
        "time" : {
          "start" : 1644549247820,
          "stop" : 1644549249939,
          "duration" : 2119
        },
        "flaky" : false,
        "newFailed" : false,
        "newPassed" : false,
        "newBroken" : false,
        "retriesCount" : 0,
        "retriesStatusChange" : false,
        "parameters" : [ ]
      }, {
        "name" : "test_revoked_approval",
        "uid" : "eed93c789fa9cb8f",
        "parentUid" : "90f888e015672ae267836a9e2c59904f",
        "status" : "failed",
        "time" : {
          "start" : 1644549249954,
          "stop" : 1644549257059,
          "duration" : 7105
        },
        "flaky" : false,
        "newFailed" : false,
        "newPassed" : false,
        "newBroken" : false,
        "retriesCount" : 0,
        "retriesStatusChange" : false,
        "parameters" : [ ]
      }, {
        "name" : "test_transfer_to_self_no_approval",
        "uid" : "947778d819c69cc8",
        "parentUid" : "90f888e015672ae267836a9e2c59904f",
        "status" : "failed",
        "time" : {
          "start" : 1644549262000,
          "stop" : 1644549264034,
          "duration" : 2034
        },
        "flaky" : false,
        "newFailed" : false,
        "newPassed" : false,
        "newBroken" : false,
        "retriesCount" : 0,
        "retriesStatusChange" : false,
        "parameters" : [ ]
      } ],
      "uid" : "90f888e015672ae267836a9e2c59904f"
    }, {
      "name" : "AssertionError: assert 'Error: Coul... any sources' not in '/home/runne...ttempt #1.\\n'\n  'Error: Could not f...ns from any sources' is contained here:\n           ^\n    \n    Error: Could not find artifacts for Migrations from any sources\n        at Resolver.require (/home/runner/work/neon-compatibility/neon-compatibility/node_modules/truffle/build/webpack:/packages/resolver/dist/lib/resolver.js:61:1)\n        at Object.require (/home/runner/work/neon-compatibility/neon-compatibility/node_modules/truffle/build/webpack:/packages/migrate/index.js:172:1)\n        at ResolverIntercept.require (/home/runner/work/neon-compatibility/neon-compatibility/node_modules/truffle/build/webpack:/packages/migrate/ResolverIntercept.js:22:1)\n        at /home/runner/work/neon-compatibility/neon-compatibility/OpenZeppelin/migrations/1_initial_migration.js:1:30\n        at Script.runInContext (node:vm:139:12)\n        at Script.runInNewContext (node:vm:144:17)\n        at Object.file (/home/runner/work/neon-compatibility/neon-compatibility/node_modules/truffle/build/webpack:/packages/require/require.js:94:1)\n        at Migration._load (/home/runner/work/neon-compatibility/neon-compatibility/node_modules/truffle/build/webpack:/packages/migrate/Migration.js:44:1)\n        at Migration.run (/home/runner/work/neon-compatibility/neon-compatibility/node_modules/truffle/build/webpack:/packages/migrate/Migration.js:217:1)\n        at Object.runMigrations (/home/runner/work/neon-compatibility/neon-compatibility/node_modules/truffle/build/webpack:/packages/migrate/index.js:150:1)\n        at Object.runFrom (/home/runner/work/neon-compatibility/neon-compatibility/node_modules/truffle/build/webpack:/packages/migrate/index.js:110:1)\n        at Object.runAll (/home/runner/work/neon-compatibility/neon-compatibility/node_modules/truffle/build/webpack:/packages/migrate/index.js:114:1)\n        at Object.run (/home/runner/work/neon-compatibility/neon-compatibility/node_modules/truffle/build/webpack:/packages/migrate/index.js:79:1)\n        at Object.run (/home/runner/work/neon-compatibility/neon-compatibility/node_modules/truffle/build/webpack:/packages/core/lib/testing/Test.js:109:1)\n        at Object.run (/home/runner/work/neon-compatibility/neon-compatibility/node_modules/truffle/build/webpack:/packages/core/lib/commands/test/index.js:177:1)\n        at Command.run (/home/runner/work/neon-compatibility/neon-compatibility/node_modules/truffle/build/webpack:/packages/core/lib/command.js:183:1)\n    Truffle v5.4.14 (core: 5.4.14)\n    Node v16.13.2\n    /home/runner/work/neon-compatibility/neon-compatibility\n    - Fetching solc version list from solc-bin. Attempt #1\n    âœ” Downloading compiler. Attempt #1.",
      "children" : [ {
        "name" : "test_contracts[input_data0]",
        "uid" : "3e28601fa2865222",
        "parentUid" : "25e486078bd77bd493aeea358afb592d",
        "status" : "failed",
        "time" : {
          "start" : 1644549267676,
          "stop" : 1644549285736,
          "duration" : 18060
        },
        "flaky" : false,
        "newFailed" : false,
        "newPassed" : false,
        "newBroken" : false,
        "retriesCount" : 0,
        "retriesStatusChange" : false,
        "parameters" : [ "InputData(test_file='access/Ownable.test.js', test_files=['access/Ownable.test.js'], contracts=['access/Ownable.sol', 'mocks/OwnableMock.sol', 'mocks/AccessControlMock.sol', 'mocks/AccessControlEnumerableMock.sol', 'access/AccessControlEnumerable.sol', 'access/IAccessControlEnumerable.sol', 'utils/structs/EnumerableSet.sol', 'access/AccessControl.sol', 'utils/Context.sol', 'access/IAccessControl.sol', 'utils/Strings.sol', 'utils/introspection/ERC165.sol', 'utils/introspection/IERC165.sol'], migration_script='2_deploy_contracts.js')" ]
      } ],
      "uid" : "25e486078bd77bd493aeea358afb592d"
    }, {
      "name" : "AssertionError: assert 'Error: Coul... any sources' not in '/home/runne...patibility\\n'\n  'Error: Could not f...ns from any sources' is contained here:\n           ^\n    \n    Error: Could not find artifacts for Migrations from any sources\n        at Resolver.require (/home/runner/work/neon-compatibility/neon-compatibility/node_modules/truffle/build/webpack:/packages/resolver/dist/lib/resolver.js:61:1)\n        at Object.require (/home/runner/work/neon-compatibility/neon-compatibility/node_modules/truffle/build/webpack:/packages/migrate/index.js:172:1)\n        at ResolverIntercept.require (/home/runner/work/neon-compatibility/neon-compatibility/node_modules/truffle/build/webpack:/packages/migrate/ResolverIntercept.js:22:1)\n        at /home/runner/work/neon-compatibility/neon-compatibility/OpenZeppelin/migrations/1_initial_migration.js:1:30\n        at Script.runInContext (node:vm:139:12)\n        at Script.runInNewContext (node:vm:144:17)\n        at Object.file (/home/runner/work/neon-compatibility/neon-compatibility/node_modules/truffle/build/webpack:/packages/require/require.js:94:1)\n        at Migration._load (/home/runner/work/neon-compatibility/neon-compatibility/node_modules/truffle/build/webpack:/packages/migrate/Migration.js:44:1)\n        at Migration.run (/home/runner/work/neon-compatibility/neon-compatibility/node_modules/truffle/build/webpack:/packages/migrate/Migration.js:217:1)\n        at Object.runMigrations (/home/runner/work/neon-compatibility/neon-compatibility/node_modules/truffle/build/webpack:/packages/migrate/index.js:150:1)\n        at Object.runFrom (/home/runner/work/neon-compatibility/neon-compatibility/node_modules/truffle/build/webpack:/packages/migrate/index.js:110:1)\n        at Object.runAll (/home/runner/work/neon-compatibility/neon-compatibility/node_modules/truffle/build/webpack:/packages/migrate/index.js:114:1)\n        at Object.run (/home/runner/work/neon-compatibility/neon-compatibility/node_modules/truffle/build/webpack:/packages/migrate/index.js:79:1)\n        at Object.run (/home/runner/work/neon-compatibility/neon-compatibility/node_modules/truffle/build/webpack:/packages/core/lib/testing/Test.js:109:1)\n        at Object.run (/home/runner/work/neon-compatibility/neon-compatibility/node_modules/truffle/build/webpack:/packages/core/lib/commands/test/index.js:177:1)\n        at Command.run (/home/runner/work/neon-compatibility/neon-compatibility/node_modules/truffle/build/webpack:/packages/core/lib/command.js:183:1)\n    Truffle v5.4.14 (core: 5.4.14)\n    Node v16.13.2\n    /home/runner/work/neon-compatibility/neon-compatibility",
      "children" : [ {
        "name" : "test_contracts[input_data1]",
        "uid" : "1d2388e6a0aac415",
        "parentUid" : "9974f50dac59d4d7606097a39db47316",
        "status" : "failed",
        "time" : {
          "start" : 1644549285758,
          "stop" : 1644549303158,
          "duration" : 17400
        },
        "flaky" : false,
        "newFailed" : false,
        "newPassed" : false,
        "newBroken" : false,
        "retriesCount" : 0,
        "retriesStatusChange" : false,
        "parameters" : [ "InputData(test_file='access/AccessControl.test.js', test_files=['access/AccessControl.test.js', 'access/AccessControl.behavior.js'], contracts=['mocks/AccessControlMock.sol', 'mocks/AccessControlEnumerableMock.sol', 'access/AccessControlEnumerable.sol', 'access/IAccessControlEnumerable.sol', 'utils/structs/EnumerableSet.sol', 'access/AccessControl.sol', 'utils/Strings.sol', 'utils/introspection/ERC165.sol', 'interfaces/IERC165.sol', 'utils/introspection/IERC165.sol'], migration_script='2_deploy_contracts.js')" ]
      }, {
        "name" : "test_contracts[input_data2]",
        "uid" : "f8d9fd19bc54b453",
        "parentUid" : "9974f50dac59d4d7606097a39db47316",
        "status" : "failed",
        "time" : {
          "start" : 1644549303178,
          "stop" : 1644549320452,
          "duration" : 17274
        },
        "flaky" : false,
        "newFailed" : false,
        "newPassed" : false,
        "newBroken" : false,
        "retriesCount" : 0,
        "retriesStatusChange" : false,
        "parameters" : [ "InputData(test_file='access/AccessControlEnumerable.test.js', test_files=['access/AccessControlEnumerable.test.js', 'access/AccessControl.behavior.js'], contracts=['utils/Strings.sol', 'utils/introspection/ERC165.sol', 'mocks/AccessControlEnumerableMock.sol'], migration_script='2_deploy_contracts.js')" ]
      }, {
        "name" : "test_contracts[input_data3]",
        "uid" : "efa5b481d980d958",
        "parentUid" : "9974f50dac59d4d7606097a39db47316",
        "status" : "failed",
        "time" : {
          "start" : 1644549320474,
          "stop" : 1644549338136,
          "duration" : 17662
        },
        "flaky" : false,
        "newFailed" : false,
        "newPassed" : false,
        "newBroken" : false,
        "retriesCount" : 0,
        "retriesStatusChange" : false,
        "parameters" : [ "InputData(test_file='finance/PaymentSplitter.test.js', test_files=['finance/PaymentSplitter.test.js'], contracts=['finance/PaymentSplitter.sol', 'utils/Address.sol', 'utils/Context.sol', 'access/IAccessControl.sol', 'utils/Strings.sol', 'utils/introspection/ERC165.sol', 'interfaces/IERC165.sol', 'utils/introspection/IERC165.sol'], migration_script='3_deploy_contracts.js')" ]
      } ],
      "uid" : "9974f50dac59d4d7606097a39db47316"
    }, {
      "name" : "expected '5' to equal '7'",
      "children" : [ {
        "name" : "\"after each\" hook for \"run\"",
        "uid" : "7c2ff65e42454c62",
        "parentUid" : "aa32f71012dece69073e5aa2ea7f8c6b",
        "status" : "failed",
        "time" : {
          "start" : 1644549290890,
          "stop" : 1644549290890,
          "duration" : 0
        },
        "flaky" : false,
        "newFailed" : false,
        "newPassed" : false,
        "newBroken" : false,
        "retriesCount" : 0,
        "retriesStatusChange" : false,
        "parameters" : [ ]
      } ],
      "uid" : "aa32f71012dece69073e5aa2ea7f8c6b"
    }, {
      "name" : "AssertionError: assert 'Error:  ***...t Failed ***' not in '/home/runne...patibility\\n'\n  'Error:  *** Deployment Failed ***' is contained here:\n    --------\n    \n    Error:  *** Deployment Failed ***\n    \n    \"Migrations\" could not deploy due to insufficient funds\n       * Account:  0xAc852b733Cf89D01F87f8b678bB833FEC0c34D82\n       * Balance:  0 wei\n       * Message:  Transaction simulation failed: Error processing Instruction 0: insufficient funds for instruction\n    {\n      \"accounts\": null,\n      \"err\": {\n        \"InstructionError\": [\n          0,\n          \"InsufficientFunds\"\n        ]\n      },\n      \"logs\": [\n        \"Program 53DfF883gyixYNXnM7s5xhdeyV8mVk9T4i2hGV9vG9io invoke [1]\",\n        \"Program log: program/src/storage_account.rs:76\",\n        \"Program log: program/src/token.rs:330 : there is no enough funds to start executing the transaction; gas_limit = 3000000; gas_price = 1000000000; gas_used_and_paid = 0; user_balance = 0;\",\n        \"Program 53DfF883gyixYNXnM7s5xhdeyV8mVk9T4i2hGV9vG9io consumed 42925 of 500000 compute units\",\n        \"Program 53DfF883gyixYNXnM7s5xhdeyV8mVk9T4i2hGV9vG9io failed: insufficient funds for instruction\"\n      ]\n    }\n       * Try:\n          + Using an adequately funded account\n          + If you are using a local Geth node, verify that your node is synced.\n    \n        at /home/runner/work/neon-compatibility/neon-compatibility/node_modules/truffle/build/webpack:/packages/deployer/src/deployment.js:365:1\n        at processTicksAndRejections (node:internal/process/task_queues:96:5)\n        at Migration._deploy (/home/runner/work/neon-compatibility/neon-compatibility/node_modules/truffle/build/webpack:/packages/migrate/Migration.js:70:1)\n        at Migration._load (/home/runner/work/neon-compatibility/neon-compatibility/node_modules/truffle/build/webpack:/packages/migrate/Migration.js:56:1)\n        at Migration.run (/home/runner/work/neon-compatibility/neon-compatibility/node_modules/truffle/build/webpack:/packages/migrate/Migration.js:217:1)\n        at Object.runMigrations (/home/runner/work/neon-compatibility/neon-compatibility/node_modules/truffle/build/webpack:/packages/migrate/index.js:150:1)\n        at Object.runFrom (/home/runner/work/neon-compatibility/neon-compatibility/node_modules/truffle/build/webpack:/packages/migrate/index.js:110:1)\n        at Object.run (/home/runner/work/neon-compatibility/neon-compatibility/node_modules/truffle/build/webpack:/packages/migrate/index.js:87:1)\n        at runMigrations (/home/runner/work/neon-compatibility/neon-compatibility/node_modules/truffle/build/webpack:/packages/core/lib/commands/migrate.js:258:1)\n        at Object.run (/home/runner/work/neon-compatibility/neon-compatibility/node_modules/truffle/build/webpack:/packages/core/lib/commands/migrate.js:223:1)\n        at Command.run (/home/runner/work/neon-compatibility/neon-compatibility/node_modules/truffle/build/webpack:/packages/core/lib/command.js:183:1)\n    Truffle v5.4.14 (core: 5.4.14)\n    Node v16.13.2\n    /home/runner/work/neon-compatibility/neon-compatibility",
      "children" : [ {
        "name" : "test_truffle_migration",
        "uid" : "3d5688f418def023",
        "parentUid" : "81ea524920645a4c38da2c32803f5612",
        "status" : "failed",
        "time" : {
          "start" : 1644549338154,
          "stop" : 1644549353903,
          "duration" : 15749
        },
        "flaky" : false,
        "newFailed" : false,
        "newPassed" : false,
        "newBroken" : false,
        "retriesCount" : 0,
        "retriesStatusChange" : false,
        "parameters" : [ ]
      } ],
      "uid" : "81ea524920645a4c38da2c32803f5612"
    }, {
      "name" : "AssertionError: \n  Compiling your contracts...\n  ===========================\n  > Compiling ./contracts/ERC20Test.sol\n  > Compiling ./contracts/Migrations.sol\n  > Compiling ./contracts/SelfDestructTest.sol\n  > Compiling @openzeppelin/contracts/access/Ownable.sol\n  > Compiling @openzeppelin/contracts/token/ERC20/ERC20.sol\n  > Compiling @openzeppelin/contracts/token/ERC20/IERC20.sol\n  > Compiling @openzeppelin/contracts/token/ERC20/extensions/IERC20Metadata.sol\n  > Compiling @openzeppelin/contracts/utils/Context.sol\n  > Compilation warnings encountered:\n  \n      Warning: SPDX license identifier not provided in source file. Before publishing, consider adding a comment containing \"SPDX-License-Identifier: <SPDX-License>\" to each source file. Use \"SPDX-License-Identifier: UNLICENSED\" for non-open-source code. Please see https://spdx.org for more information.\n  --> project:/contracts/SelfDestructTest.sol\n  \n  ,Warning: This contract has a payable fallback function, but no receive ether function. Consider adding a receive ether function.\n   --> project:/contracts/SelfDestructTest.sol:5:1:\n    |\n  5 | contract SelfDestructTest is Ownable{\n    | ^ (Relevant source part starts here and spans across multiple lines).\n  Note: The payable fallback function is defined here.\n    --> project:/contracts/SelfDestructTest.sol:20:5:\n     |\n  20 |     fallback() external payable {}\n     |     ^^^^^^^^^^^^^^^^^^^^^^^^^^^^^^\n  \n  ,Warning: Function state mutability can be restricted to pure\n    --> project:/contracts/SelfDestructTest.sol:12:5:\n     |\n  12 |     function staticData() public view returns(string memory) {\n     |     ^ (Relevant source part starts here and spans across multiple lines).\n  \n  \n  > Artifacts written to /home/runner/work/neon-compatibility/neon-compatibility/issues/364/build/contracts\n  > Compiled successfully using:\n     - solc: 0.8.4+commit.c7e474f2.Emscripten.clang\n  \n  \n  \n  Starting migrations...\n  ======================\n  > Network name:    'neonlabs'\n  > Network id:      111\n  > Block gas limit: 6721975 (0x6691b7)\n  \n  \n  3_selfDestructTest.js\n  =====================\n  \n     Deploying 'SelfDestructTest'\n     ----------------------------\n  \n  Error:  *** Deployment Failed ***\n  \n  \"SelfDestructTest\" could not deploy due to insufficient funds\n     * Account:  0x2Bc42BfbF6806f6E9977A21C0BDf1cB57C57E65F\n     * Balance:  0 wei\n     * Message:  Transaction simulation failed: Error processing Instruction 0: insufficient funds for instruction\n  {\n    \"accounts\": null,\n    \"err\": {\n      \"InstructionError\": [\n        0,\n        \"InsufficientFunds\"\n      ]\n    },\n    \"logs\": [\n      \"Program 53DfF883gyixYNXnM7s5xhdeyV8mVk9T4i2hGV9vG9io invoke [1]\",\n      \"Program log: program/src/storage_account.rs:76\",\n      \"Program log: program/src/token.rs:330 : there is no enough funds to start executing the transaction; gas_limit = 3000000; gas_price = 1000000000; gas_used_and_paid = 0; user_balance = 0;\",\n      \"Program 53DfF883gyixYNXnM7s5xhdeyV8mVk9T4i2hGV9vG9io consumed 43661 of 500000 compute units\",\n      \"Program 53DfF883gyixYNXnM7s5xhdeyV8mVk9T4i2hGV9vG9io failed: insufficient funds for instruction\"\n    ]\n  }\n     * Try:\n        + Using an adequately funded account\n        + If you are using a local Geth node, verify that your node is synced.\n  \n      at /home/runner/work/neon-compatibility/neon-compatibility/node_modules/truffle/build/webpack:/packages/deployer/src/deployment.js:365:1\n      at processTicksAndRejections (node:internal/process/task_queues:96:5)\n      at module.exports (/home/runner/work/neon-compatibility/neon-compatibility/issues/364/migrations/3_selfDestructTest.js:6:5)\n      at Migration._deploy (/home/runner/work/neon-compatibility/neon-compatibility/node_modules/truffle/build/webpack:/packages/migrate/Migration.js:75:1)\n      at Migration._load (/home/runner/work/neon-compatibility/neon-compatibility/node_modules/truffle/build/webpack:/packages/migrate/Migration.js:56:1)\n      at Migration.run (/home/runner/work/neon-compatibility/neon-compatibility/node_modules/truffle/build/webpack:/packages/migrate/Migration.js:217:1)\n      at Object.runMigrations (/home/runner/work/neon-compatibility/neon-compatibility/node_modules/truffle/build/webpack:/packages/migrate/index.js:150:1)\n      at Object.runFrom (/home/runner/work/neon-compatibility/neon-compatibility/node_modules/truffle/build/webpack:/packages/migrate/index.js:110:1)\n      at runMigrations (/home/runner/work/neon-compatibility/neon-compatibility/node_modules/truffle/build/webpack:/packages/core/lib/commands/migrate.js:253:1)\n      at Object.run (/home/runner/work/neon-compatibility/neon-compatibility/node_modules/truffle/build/webpack:/packages/core/lib/commands/migrate.js:223:1)\n      at Command.run (/home/runner/work/neon-compatibility/neon-compatibility/node_modules/truffle/build/webpack:/packages/core/lib/command.js:183:1)\n  Truffle v5.4.14 (core: 5.4.14)\n  Node v16.13.2\n  \nassert 1 == 0\n +  where 1 = CompletedProcess(args='cd issues/364; ../../node_modules/.bin/truffle --network neonlabs migrate -f 3 --to 3', returnc...uffle/build/webpack:/packages/core/lib/command.js:183:1)\\nTruffle v5.4.14 (core: 5.4.14)\\nNode v16.13.2\\n', stderr=b'').returncode",
      "children" : [ {
        "name" : "test_issue_364_self_destruct_contract",
        "uid" : "242f0576e6d5ba00",
        "parentUid" : "c6b979c3bbf6141db9bc57c49fd83f0f",
        "status" : "failed",
        "time" : {
          "start" : 1644549397643,
          "stop" : 1644549414629,
          "duration" : 16986
        },
        "flaky" : false,
        "newFailed" : false,
        "newPassed" : false,
        "newBroken" : false,
        "retriesCount" : 0,
        "retriesStatusChange" : false,
        "parameters" : [ ]
      } ],
      "uid" : "c6b979c3bbf6141db9bc57c49fd83f0f"
    }, {
      "name" : "expected '1' to equal '0'",
      "children" : [ {
        "name" : "\"after each\" hook for \"run\"",
        "uid" : "7629116527d60e54",
        "parentUid" : "af961dc707a65bd164ff4d6dc23ab06b",
        "status" : "failed",
        "time" : {
          "start" : 1644549456805,
          "stop" : 1644549456805,
          "duration" : 0
        },
        "flaky" : false,
        "newFailed" : false,
        "newPassed" : false,
        "newBroken" : false,
        "retriesCount" : 0,
        "retriesStatusChange" : false,
        "parameters" : [ ]
      } ],
      "uid" : "af961dc707a65bd164ff4d6dc23ab06b"
    }, {
      "name" : "expected false to equal true",
      "children" : [ {
        "name" : "fast forward",
        "uid" : "3027c7d30b2a31de",
        "parentUid" : "d4a0243edab18cbbbb97b891737859ad",
        "status" : "failed",
        "time" : {
          "start" : 1644549710004,
          "stop" : 1644549712947,
          "duration" : 2943
        },
        "flaky" : false,
        "newFailed" : false,
        "newPassed" : false,
        "newBroken" : false,
        "retriesCount" : 0,
        "retriesStatusChange" : false,
        "parameters" : [ ]
      } ],
      "uid" : "d4a0243edab18cbbbb97b891737859ad"
    }, {
      "name" : "expected true to equal false",
      "children" : [ {
        "name" : "fast forward",
        "uid" : "9782584b89c46ae",
        "parentUid" : "a1d6c11fcfa5a5b3a8ae0cbe7a494730",
        "status" : "failed",
        "time" : {
          "start" : 1644549729362,
          "stop" : 1644549731477,
          "duration" : 2115
        },
        "flaky" : false,
        "newFailed" : false,
        "newPassed" : false,
        "newBroken" : false,
        "retriesCount" : 0,
        "retriesStatusChange" : false,
        "parameters" : [ ]
      } ],
      "uid" : "a1d6c11fcfa5a5b3a8ae0cbe7a494730"
    }, {
      "name" : "Wrong kind of exception received: expected 'Transaction was not mined within 750 seconds, please make sure your transaction was properly sent. Be aware that it might still be mined!' to equal 'Governor: proposal not successful'",
      "children" : [ {
        "name" : "\"after each\" hook for \"run\"",
        "uid" : "1bdae67c1fd047ec",
        "parentUid" : "79e69fa74dabef678618a7a242e5e485",
        "status" : "failed",
        "time" : {
          "start" : 1644550135597,
          "stop" : 1644550135598,
          "duration" : 1
        },
        "flaky" : false,
        "newFailed" : false,
        "newPassed" : false,
        "newBroken" : false,
        "retriesCount" : 0,
        "retriesStatusChange" : false,
        "parameters" : [ ]
      } ],
      "uid" : "79e69fa74dabef678618a7a242e5e485"
    } ],
    "uid" : "8fb3a91ba5aaf9de24cc8a92edc82b5d"
  } ],
  "name" : "categories"
}