{
  "uid" : "98a3a30abe2acf42",
  "name" : "test_issue_364_self_destruct_contract",
  "fullName" : "tests.truffle.test_truffle#test_issue_364_self_destruct_contract",
  "historyId" : "9b9a0ac6c1438da1dd6a59ac61d1506c",
  "time" : {
    "start" : 1638501120497,
    "stop" : 1638501120501,
    "duration" : 4
  },
  "status" : "failed",
  "statusMessage" : "AssertionError: /bin/sh: 1: ../../node_modules/.bin/truffle: not found\n  \nassert 127 == 0\n +  where 127 = CompletedProcess(args='cd issues/364; ../../node_modules/.bin/truffle --network neonlabs migrate -f 3 --to 3', returncode=127, stdout=b'', stderr=b'/bin/sh: 1: ../../node_modules/.bin/truffle: not found\\n').returncode",
  "statusTrace" : "@allure.feature(FEATURE)\n    def test_issue_364_self_destruct_contract():\n        cmd_res = run_command_line(\n            f\"cd issues/364; ../{RunCommand.TRUFFLE} \"\n            f\"--network {NETWORK_NAME} migrate -f 3 --to 3\"\n        )\n        actual_result = cmd_res.stdout.decode() + cmd_res.stderr.decode()\n>       assert cmd_res.returncode == 0, actual_result\nE       AssertionError: /bin/sh: 1: ../../node_modules/.bin/truffle: not found\nE         \nE       assert 127 == 0\nE        +  where 127 = CompletedProcess(args='cd issues/364; ../../node_modules/.bin/truffle --network neonlabs migrate -f 3 --to 3', returncode=127, stdout=b'', stderr=b'/bin/sh: 1: ../../node_modules/.bin/truffle: not found\\n').returncode\n\ntests/truffle/test_truffle.py:76: AssertionError",
  "flaky" : false,
  "newFailed" : false,
  "newBroken" : false,
  "newPassed" : false,
  "retriesCount" : 0,
  "retriesStatusChange" : false,
  "beforeStages" : [ {
    "name" : "prepare_truffle_config",
    "time" : {
      "start" : 1638501120488,
      "stop" : 1638501120497,
      "duration" : 9
    },
    "status" : "passed",
    "steps" : [ {
      "name" : "Preset variables",
      "time" : {
        "start" : 1638501120488,
        "stop" : 1638501120497,
        "duration" : 9
      },
      "status" : "passed",
      "steps" : [ ],
      "attachments" : [ ],
      "parameters" : [ ],
      "stepsCount" : 0,
      "attachmentsCount" : 0,
      "shouldDisplayMessage" : false,
      "hasContent" : false
    }, {
      "name" : "Clean up folder \"'/home/runner/work/neon-compatibility/neon-compatibility/Metacoin/build/contracts'\"",
      "time" : {
        "start" : 1638501120497,
        "stop" : 1638501120497,
        "duration" : 0
      },
      "status" : "passed",
      "steps" : [ ],
      "attachments" : [ ],
      "parameters" : [ {
        "name" : "folder",
        "value" : "'/home/runner/work/neon-compatibility/neon-compatibility/Metacoin/build/contracts'"
      } ],
      "stepsCount" : 0,
      "attachmentsCount" : 0,
      "shouldDisplayMessage" : false,
      "hasContent" : true
    } ],
    "attachments" : [ ],
    "parameters" : [ ],
    "stepsCount" : 2,
    "attachmentsCount" : 0,
    "shouldDisplayMessage" : false,
    "hasContent" : true
  } ],
  "testStage" : {
    "status" : "failed",
    "statusMessage" : "AssertionError: /bin/sh: 1: ../../node_modules/.bin/truffle: not found\n  \nassert 127 == 0\n +  where 127 = CompletedProcess(args='cd issues/364; ../../node_modules/.bin/truffle --network neonlabs migrate -f 3 --to 3', returncode=127, stdout=b'', stderr=b'/bin/sh: 1: ../../node_modules/.bin/truffle: not found\\n').returncode",
    "statusTrace" : "@allure.feature(FEATURE)\n    def test_issue_364_self_destruct_contract():\n        cmd_res = run_command_line(\n            f\"cd issues/364; ../{RunCommand.TRUFFLE} \"\n            f\"--network {NETWORK_NAME} migrate -f 3 --to 3\"\n        )\n        actual_result = cmd_res.stdout.decode() + cmd_res.stderr.decode()\n>       assert cmd_res.returncode == 0, actual_result\nE       AssertionError: /bin/sh: 1: ../../node_modules/.bin/truffle: not found\nE         \nE       assert 127 == 0\nE        +  where 127 = CompletedProcess(args='cd issues/364; ../../node_modules/.bin/truffle --network neonlabs migrate -f 3 --to 3', returncode=127, stdout=b'', stderr=b'/bin/sh: 1: ../../node_modules/.bin/truffle: not found\\n').returncode\n\ntests/truffle/test_truffle.py:76: AssertionError",
    "steps" : [ {
      "name" : "Run command: \"'cd issues/364; ../../node_modules/.bin/truffle --network neonlabs migrate -f 3 --to 3'\"",
      "time" : {
        "start" : 1638501120497,
        "stop" : 1638501120501,
        "duration" : 4
      },
      "status" : "passed",
      "steps" : [ ],
      "attachments" : [ ],
      "parameters" : [ {
        "name" : "command",
        "value" : "'cd issues/364; ../../node_modules/.bin/truffle --network neonlabs migrate -f 3 --to 3'"
      } ],
      "stepsCount" : 0,
      "attachmentsCount" : 0,
      "shouldDisplayMessage" : false,
      "hasContent" : true
    } ],
    "attachments" : [ {
      "uid" : "4220da7459e42c2a",
      "name" : "stdout",
      "source" : "4220da7459e42c2a.txt",
      "type" : "text/plain",
      "size" : 269
    } ],
    "parameters" : [ ],
    "stepsCount" : 1,
    "attachmentsCount" : 1,
    "shouldDisplayMessage" : true,
    "hasContent" : true
  },
  "afterStages" : [ {
    "name" : "prepare_truffle_config::0",
    "time" : {
      "start" : 1638501120506,
      "stop" : 1638501120506,
      "duration" : 0
    },
    "status" : "passed",
    "steps" : [ ],
    "attachments" : [ ],
    "parameters" : [ ],
    "stepsCount" : 0,
    "attachmentsCount" : 0,
    "shouldDisplayMessage" : false,
    "hasContent" : false
  } ],
  "labels" : [ {
    "name" : "feature",
    "value" : "Truffle"
  }, {
    "name" : "parentSuite",
    "value" : "tests.truffle"
  }, {
    "name" : "suite",
    "value" : "test_truffle"
  }, {
    "name" : "host",
    "value" : "fv-az77-964"
  }, {
    "name" : "thread",
    "value" : "3302-MainThread"
  }, {
    "name" : "framework",
    "value" : "pytest"
  }, {
    "name" : "language",
    "value" : "cpython3"
  }, {
    "name" : "package",
    "value" : "tests.truffle.test_truffle"
  }, {
    "name" : "resultFormat",
    "value" : "allure2"
  } ],
  "parameters" : [ ],
  "links" : [ ],
  "hidden" : false,
  "retry" : false,
  "extra" : {
    "severity" : "normal",
    "retries" : [ ],
    "categories" : [ {
      "name" : "Product defects",
      "matchedStatuses" : [ ],
      "flaky" : false
    } ],
    "history" : {
      "statistic" : {
        "failed" : 68,
        "broken" : 0,
        "skipped" : 0,
        "passed" : 9,
        "unknown" : 0,
        "total" : 77
      },
      "items" : [ {
        "uid" : "4573491af66f6e35",
        "reportUrl" : "https://neonlabsorg.github.io/neon-compatibility/153//#testresult/4573491af66f6e35",
        "status" : "failed",
        "statusDetails" : "AssertionError: /bin/sh: 1: ../../node_modules/.bin/truffle: not found\n  \nassert 127 == 0\n +  where 127 = CompletedProcess(args='cd issues/364; ../../node_modules/.bin/truffle --network neonlabs migrate -f 3 --to 3', returncode=127, stdout=b'', stderr=b'/bin/sh: 1: ../../node_modules/.bin/truffle: not found\\n').returncode",
        "time" : {
          "start" : 1638491486261,
          "stop" : 1638491486265,
          "duration" : 4
        }
      }, {
        "uid" : "47c45ad6a57f4f0d",
        "reportUrl" : "https://neonlabsorg.github.io/neon-compatibility/152//#testresult/47c45ad6a57f4f0d",
        "status" : "failed",
        "statusDetails" : "AssertionError: /bin/sh: 1: ../../node_modules/.bin/truffle: not found\n  \nassert 127 == 0\n +  where 127 = CompletedProcess(args='cd issues/364; ../../node_modules/.bin/truffle --network neonlabs migrate -f 3 --to 3', returncode=127, stdout=b'', stderr=b'/bin/sh: 1: ../../node_modules/.bin/truffle: not found\\n').returncode",
        "time" : {
          "start" : 1638477736143,
          "stop" : 1638477736147,
          "duration" : 4
        }
      }, {
        "uid" : "5096a3eae9f08f4",
        "reportUrl" : "https://neonlabsorg.github.io/neon-compatibility/151//#testresult/5096a3eae9f08f4",
        "status" : "failed",
        "statusDetails" : "AssertionError: /bin/sh: 1: ../../node_modules/.bin/truffle: not found\n  \nassert 127 == 0\n +  where 127 = CompletedProcess(args='cd issues/364; ../../node_modules/.bin/truffle --network neonlabs migrate -f 3 --to 3', returncode=127, stdout=b'', stderr=b'/bin/sh: 1: ../../node_modules/.bin/truffle: not found\\n').returncode",
        "time" : {
          "start" : 1638466630770,
          "stop" : 1638466630777,
          "duration" : 7
        }
      }, {
        "uid" : "896d85c255302ad",
        "reportUrl" : "https://neonlabsorg.github.io/neon-compatibility/150//#testresult/896d85c255302ad",
        "status" : "failed",
        "statusDetails" : "AssertionError: /bin/sh: 1: ../../node_modules/.bin/truffle: not found\n  \nassert 127 == 0\n +  where 127 = CompletedProcess(args='cd issues/364; ../../node_modules/.bin/truffle --network neonlabs migrate -f 3 --to 3', returncode=127, stdout=b'', stderr=b'/bin/sh: 1: ../../node_modules/.bin/truffle: not found\\n').returncode",
        "time" : {
          "start" : 1638453978767,
          "stop" : 1638453978772,
          "duration" : 5
        }
      }, {
        "uid" : "4cf8cfb9faec2baa",
        "reportUrl" : "https://neonlabsorg.github.io/neon-compatibility/149//#testresult/4cf8cfb9faec2baa",
        "status" : "failed",
        "statusDetails" : "AssertionError: /bin/sh: 1: ../../node_modules/.bin/truffle: not found\n  \nassert 127 == 0\n +  where 127 = CompletedProcess(args='cd issues/364; ../../node_modules/.bin/truffle --network neonlabs migrate -f 3 --to 3', returncode=127, stdout=b'', stderr=b'/bin/sh: 1: ../../node_modules/.bin/truffle: not found\\n').returncode",
        "time" : {
          "start" : 1638414589937,
          "stop" : 1638414589941,
          "duration" : 4
        }
      }, {
        "uid" : "55bfea91b6d77353",
        "reportUrl" : "https://neonlabsorg.github.io/neon-compatibility/147//#testresult/55bfea91b6d77353",
        "status" : "failed",
        "statusDetails" : "AssertionError: /bin/sh: 1: ../../node_modules/.bin/truffle: not found\n  \nassert 127 == 0\n +  where 127 = CompletedProcess(args='cd issues/364; ../../node_modules/.bin/truffle --network neonlabs migrate -f 3 --to 3', returncode=127, stdout=b'', stderr=b'/bin/sh: 1: ../../node_modules/.bin/truffle: not found\\n').returncode",
        "time" : {
          "start" : 1638399385697,
          "stop" : 1638399385703,
          "duration" : 6
        }
      }, {
        "uid" : "a1b524e1a4e95d6e",
        "reportUrl" : "https://neonlabsorg.github.io/neon-compatibility/2//#testresult/a1b524e1a4e95d6e",
        "status" : "failed",
        "statusDetails" : "AssertionError: /bin/sh: 1: ../../node_modules/.bin/truffle: not found\n  \nassert 127 == 0\n +  where 127 = CompletedProcess(args='cd issues/364; ../../node_modules/.bin/truffle --network neonlabs migrate -f 3 --to 3', returncode=127, stdout=b'', stderr=b'/bin/sh: 1: ../../node_modules/.bin/truffle: not found\\n').returncode",
        "time" : {
          "start" : 1638376016210,
          "stop" : 1638376016215,
          "duration" : 5
        }
      }, {
        "uid" : "7ca366213927346f",
        "reportUrl" : "https://neonlabsorg.github.io/neon-compatibility/146//#testresult/7ca366213927346f",
        "status" : "failed",
        "statusDetails" : "AssertionError: /bin/sh: 1: ../../node_modules/.bin/truffle: not found\n  \nassert 127 == 0\n +  where 127 = CompletedProcess(args='cd issues/364; ../../node_modules/.bin/truffle --network neonlabs migrate -f 3 --to 3', returncode=127, stdout=b'', stderr=b'/bin/sh: 1: ../../node_modules/.bin/truffle: not found\\n').returncode",
        "time" : {
          "start" : 1638363676869,
          "stop" : 1638363676873,
          "duration" : 4
        }
      }, {
        "uid" : "8d2fb2f94e52dcdf",
        "reportUrl" : "https://neonlabsorg.github.io/neon-compatibility/145//#testresult/8d2fb2f94e52dcdf",
        "status" : "failed",
        "statusDetails" : "AssertionError: /bin/sh: 1: ../../node_modules/.bin/truffle: not found\n  \nassert 127 == 0\n +  where 127 = CompletedProcess(args='cd issues/364; ../../node_modules/.bin/truffle --network neonlabs migrate -f 3 --to 3', returncode=127, stdout=b'', stderr=b'/bin/sh: 1: ../../node_modules/.bin/truffle: not found\\n').returncode",
        "time" : {
          "start" : 1638328252463,
          "stop" : 1638328252467,
          "duration" : 4
        }
      }, {
        "uid" : "70fea59ceff196f9",
        "reportUrl" : "https://neonlabsorg.github.io/neon-compatibility/143//#testresult/70fea59ceff196f9",
        "status" : "failed",
        "statusDetails" : "AssertionError: /bin/sh: 1: ../../node_modules/.bin/truffle: not found\n  \nassert 127 == 0\n +  where 127 = CompletedProcess(args='cd issues/364; ../../node_modules/.bin/truffle --network neonlabs migrate -f 3 --to 3', returncode=127, stdout=b'', stderr=b'/bin/sh: 1: ../../node_modules/.bin/truffle: not found\\n').returncode",
        "time" : {
          "start" : 1638318722596,
          "stop" : 1638318722601,
          "duration" : 5
        }
      }, {
        "uid" : "395fe44befb83409",
        "reportUrl" : "https://neonlabsorg.github.io/neon-compatibility/141//#testresult/395fe44befb83409",
        "status" : "failed",
        "statusDetails" : "AssertionError: /bin/sh: 1: ../../node_modules/.bin/truffle: not found\n  \nassert 127 == 0\n +  where 127 = CompletedProcess(args='cd issues/364; ../../node_modules/.bin/truffle --network neonlabs migrate -f 3 --to 3', returncode=127, stdout=b'', stderr=b'/bin/sh: 1: ../../node_modules/.bin/truffle: not found\\n').returncode",
        "time" : {
          "start" : 1638285894578,
          "stop" : 1638285894585,
          "duration" : 7
        }
      }, {
        "uid" : "1f416f06d0061065",
        "reportUrl" : "https://neonlabsorg.github.io/neon-compatibility/137//#testresult/1f416f06d0061065",
        "status" : "failed",
        "statusDetails" : "AssertionError: /bin/sh: 1: ../../node_modules/.bin/truffle: not found\n  \nassert 127 == 0\n +  where 127 = CompletedProcess(args='cd issues/364; ../../node_modules/.bin/truffle --network neonlabs migrate -f 3 --to 3', returncode=127, stdout=b'', stderr=b'/bin/sh: 1: ../../node_modules/.bin/truffle: not found\\n').returncode",
        "time" : {
          "start" : 1638265830393,
          "stop" : 1638265830399,
          "duration" : 6
        }
      }, {
        "uid" : "192d336f5b597b2e",
        "reportUrl" : "https://neonlabsorg.github.io/neon-compatibility/140//#testresult/192d336f5b597b2e",
        "status" : "failed",
        "statusDetails" : "AssertionError: /bin/sh: 1: ../../node_modules/.bin/truffle: not found\n  \nassert 127 == 0\n +  where 127 = CompletedProcess(args='cd issues/364; ../../node_modules/.bin/truffle --network neonlabs migrate -f 3 --to 3', returncode=127, stdout=b'', stderr=b'/bin/sh: 1: ../../node_modules/.bin/truffle: not found\\n').returncode",
        "time" : {
          "start" : 1638269198717,
          "stop" : 1638269198721,
          "duration" : 4
        }
      }, {
        "uid" : "e621c6fc3f460594",
        "reportUrl" : "https://neonlabsorg.github.io/neon-compatibility/138//#testresult/e621c6fc3f460594",
        "status" : "failed",
        "statusDetails" : "AssertionError: /bin/sh: 1: ../../node_modules/.bin/truffle: not found\n  \nassert 127 == 0\n +  where 127 = CompletedProcess(args='cd issues/364; ../../node_modules/.bin/truffle --network neonlabs migrate -f 3 --to 3', returncode=127, stdout=b'', stderr=b'/bin/sh: 1: ../../node_modules/.bin/truffle: not found\\n').returncode",
        "time" : {
          "start" : 1638265727869,
          "stop" : 1638265727876,
          "duration" : 7
        }
      }, {
        "uid" : "134b212fbc9f8461",
        "reportUrl" : "https://neonlabsorg.github.io/neon-compatibility/136//#testresult/134b212fbc9f8461",
        "status" : "failed",
        "statusDetails" : "AssertionError: /bin/sh: 1: ../../node_modules/.bin/truffle: not found\n  \nassert 127 == 0\n +  where 127 = CompletedProcess(args='cd issues/364; ../../node_modules/.bin/truffle --network neonlabs migrate -f 3 --to 3', returncode=127, stdout=b'', stderr=b'/bin/sh: 1: ../../node_modules/.bin/truffle: not found\\n').returncode",
        "time" : {
          "start" : 1638246927977,
          "stop" : 1638246927982,
          "duration" : 5
        }
      }, {
        "uid" : "ad602eb785ab2c92",
        "reportUrl" : "https://neonlabsorg.github.io/neon-compatibility/135//#testresult/ad602eb785ab2c92",
        "status" : "failed",
        "statusDetails" : "AssertionError: /bin/sh: 1: ../../node_modules/.bin/truffle: not found\n  \nassert 127 == 0\n +  where 127 = CompletedProcess(args='cd issues/364; ../../node_modules/.bin/truffle --network neonlabs migrate -f 3 --to 3', returncode=127, stdout=b'', stderr=b'/bin/sh: 1: ../../node_modules/.bin/truffle: not found\\n').returncode",
        "time" : {
          "start" : 1638241866698,
          "stop" : 1638241866705,
          "duration" : 7
        }
      }, {
        "uid" : "6ebc31e8567f8620",
        "reportUrl" : "https://neonlabsorg.github.io/neon-compatibility/134//#testresult/6ebc31e8567f8620",
        "status" : "failed",
        "statusDetails" : "AssertionError: /bin/sh: 1: ../../node_modules/.bin/truffle: not found\n  \nassert 127 == 0\n +  where 127 = CompletedProcess(args='cd issues/364; ../../node_modules/.bin/truffle --network neonlabs migrate -f 3 --to 3', returncode=127, stdout=b'', stderr=b'/bin/sh: 1: ../../node_modules/.bin/truffle: not found\\n').returncode",
        "time" : {
          "start" : 1638232218826,
          "stop" : 1638232218834,
          "duration" : 8
        }
      }, {
        "uid" : "c897a8c6894d4afc",
        "reportUrl" : "https://neonlabsorg.github.io/neon-compatibility/133//#testresult/c897a8c6894d4afc",
        "status" : "failed",
        "statusDetails" : "AssertionError: /bin/sh: 1: ../../node_modules/.bin/truffle: not found\n  \nassert 127 == 0\n +  where 127 = CompletedProcess(args='cd issues/364; ../../node_modules/.bin/truffle --network neonlabs migrate -f 3 --to 3', returncode=127, stdout=b'', stderr=b'/bin/sh: 1: ../../node_modules/.bin/truffle: not found\\n').returncode",
        "time" : {
          "start" : 1638219705679,
          "stop" : 1638219705684,
          "duration" : 5
        }
      }, {
        "uid" : "f3cdeb3eda9d3e65",
        "reportUrl" : "https://neonlabsorg.github.io/neon-compatibility/131//#testresult/f3cdeb3eda9d3e65",
        "status" : "passed",
        "time" : {
          "start" : 1638203747671,
          "stop" : 1638203788227,
          "duration" : 40556
        }
      }, {
        "uid" : "53624f6e95e3e38b",
        "reportUrl" : "https://neonlabsorg.github.io/neon-compatibility/129//#testresult/53624f6e95e3e38b",
        "status" : "failed",
        "statusDetails" : "AssertionError: \n  Compiling your contracts...\n  ===========================\n  > Compiling ./contracts/ERC20Test.sol\n  > Compiling ./contracts/Migrations.sol\n  > Compiling ./contracts/SelfDestructTest.sol\n  > Compiling @openzeppelin/contracts/access/Ownable.sol\n  > Compiling @openzeppelin/contracts/token/ERC20/ERC20.sol\n  > Compiling @openzeppelin/contracts/token/ERC20/IERC20.sol\n  > Compiling @openzeppelin/contracts/token/ERC20/extensions/IERC20Metadata.sol\n  > Compiling @openzeppelin/contracts/utils/Context.sol\n  > Compilation warnings encountered:\n  \n      Warning: SPDX license identifier not provided in source file. Before publishing, consider adding a comment containing \"SPDX-License-Identifier: <SPDX-License>\" to each source file. Use \"SPDX-License-Identifier: UNLICENSED\" for non-open-source code. Please see https://spdx.org for more information.\n  --> project:/contracts/SelfDestructTest.sol\n  \n  ,Warning: This contract has a payable fallback function, but no receive ether function. Consider adding a receive ether function.\n   --> project:/contracts/SelfDestructTest.sol:5:1:\n    |\n  5 | contract SelfDestructTest is Ownable{\n    | ^ (Relevant source part starts here and spans across multiple lines).\n  Note: The payable fallback function is defined here.\n    --> project:/contracts/SelfDestructTest.sol:20:5:\n     |\n  20 |     fallback() external payable {}\n     |     ^^^^^^^^^^^^^^^^^^^^^^^^^^^^^^\n  \n  ,Warning: Function state mutability can be restricted to pure\n    --> project:/contracts/SelfDestructTest.sol:12:5:\n     |\n  12 |     function staticData() public view returns(string memory) {\n     |     ^ (Relevant source part starts here and spans across multiple lines).\n  \n  \n  > Artifacts written to /home/runner/work/neon-compatibility/neon-compatibility/issues/364/build/contracts\n  > Compiled successfully using:\n     - solc: 0.8.4+commit.c7e474f2.Emscripten.clang\n  \n  Error: There was a timeout while attempting to connect to the network at undefined.\n         Check to see that your provider is valid.\n         If you have a slow internet connection, try configuring a longer timeout in your Truffle config. Use the networks[networkName].networkCheckTimeout property to do this.\n      at Timeout._onTimeout (/home/runner/work/neon-compatibility/neon-compatibility/node_modules/truffle/build/webpack:/packages/provider/index.js:57:1)\n      at listOnTimeout (internal/timers.js:557:17)\n      at processTimers (internal/timers.js:500:7)\n  \nassert 1 == 0\n +  where 1 = CompletedProcess(args='cd issues/364; ../../node_modules/.bin/truffle --network neonlabs migrate -f 3 --to 3', returnc...r/index.js:57:1)\\n    at listOnTimeout (internal/timers.js:557:17)\\n    at processTimers (internal/timers.js:500:7)\\n').returncode",
        "time" : {
          "start" : 1638200235964,
          "stop" : 1638200250198,
          "duration" : 14234
        }
      } ]
    },
    "tags" : [ ]
  },
  "source" : "98a3a30abe2acf42.json",
  "parameterValues" : [ ]
}