{
  "uid" : "4b4757e66a1912dae1a509f688f20b0f",
  "children" : [ {
    "name" : "Test defects",
    "children" : [ {
      "name" : "Returned error: ('evm emulator error ', {'accounts': [{'account': 'Gx2BafavRQM9EFNge2kLHXU6M5axHg9YcYg9mcs1rkCL', 'address': '0x82873fc0e2a3c067311e25deba008fd83f3a5266', 'code_size': None, 'code_size_current': None, 'contract': None, 'new': False, 'writable': False}, {'account': 'HkKpKRfB1L35ArqEpFLgs4PQcJTofQoJrpSAndYetPGu', 'address': '0xa7f46473912a27d410053aa3dc6fd0f7b92d749b', 'code_size': None, 'code_size_current': None, 'contract': None, 'new': True, 'writable': False}], 'exit_status': 'error', 'result': '', 'solana_accounts': [], 'steps_executed': 1616, 'token_accounts': [], 'used_gas': 49226818})",
      "children" : [ {
        "name" : "run",
        "uid" : "9ec6487be5b5531a",
        "parentUid" : "b2c901592f2c81e9a71cc39bdfaa285e",
        "status" : "broken",
        "time" : {
          "start" : 1641601837166,
          "stop" : 1641601839941,
          "duration" : 2775
        },
        "flaky" : false,
        "newFailed" : false,
        "newPassed" : false,
        "newBroken" : false,
        "retriesCount" : 0,
        "retriesStatusChange" : false,
        "parameters" : [ ]
      } ],
      "uid" : "b2c901592f2c81e9a71cc39bdfaa285e"
    }, {
      "name" : "Request failed with status code 404",
      "children" : [ {
        "name" : "shouldCreateAcccountWithEthersJs",
        "uid" : "c325718874e1bf38",
        "parentUid" : "e535f801f4238f93df2991342f7e48e9",
        "status" : "broken",
        "time" : {
          "start" : 1641601891797,
          "stop" : 1641601892352,
          "duration" : 555
        },
        "flaky" : false,
        "newFailed" : false,
        "newPassed" : false,
        "newBroken" : false,
        "retriesCount" : 0,
        "retriesStatusChange" : false,
        "parameters" : [ ]
      } ],
      "uid" : "e535f801f4238f93df2991342f7e48e9"
    }, {
      "name" : "ENS name not configured (operation=\"resolveName(\\\"ethers.eth\\\")\", code=UNSUPPORTED_OPERATION, version=providers/5.4.5)",
      "children" : [ {
        "name" : "testQueryingBlockchain",
        "uid" : "d0c39fe320c8cbd8",
        "parentUid" : "e7b99caf229df3f4350c94d3cb9e2152",
        "status" : "broken",
        "time" : {
          "start" : 1641601893886,
          "stop" : 1641601895096,
          "duration" : 1210
        },
        "flaky" : false,
        "newFailed" : false,
        "newPassed" : false,
        "newBroken" : false,
        "retriesCount" : 0,
        "retriesStatusChange" : false,
        "parameters" : [ ]
      } ],
      "uid" : "e7b99caf229df3f4350c94d3cb9e2152"
    }, {
      "name" : "resolver or addr is not configured for ENS name (argument=\"name\", value=\"dai.tokens.ethers.eth\", code=INVALID_ARGUMENT, version=contracts/5.4.1)",
      "children" : [ {
        "name" : "testReadOnlyMethods",
        "uid" : "77a3b8a8da7518bd",
        "parentUid" : "f691d142a21ba4d36298b566fe753fd0",
        "status" : "broken",
        "time" : {
          "start" : 1641601895989,
          "stop" : 1641601896576,
          "duration" : 587
        },
        "flaky" : false,
        "newFailed" : false,
        "newPassed" : false,
        "newBroken" : false,
        "retriesCount" : 0,
        "retriesStatusChange" : false,
        "parameters" : [ ]
      } ],
      "uid" : "f691d142a21ba4d36298b566fe753fd0"
    }, {
      "name" : "ethjs_provider_http_1.HttpProvider is not a constructor",
      "children" : [ {
        "name" : "test01",
        "uid" : "68696aa1472cb5fd",
        "parentUid" : "426a702f588cd18af2cb78ab4240139d",
        "status" : "broken",
        "time" : {
          "start" : 1641601897803,
          "stop" : 1641601897809,
          "duration" : 6
        },
        "flaky" : false,
        "newFailed" : false,
        "newPassed" : false,
        "newBroken" : false,
        "retriesCount" : 0,
        "retriesStatusChange" : false,
        "parameters" : [ ]
      } ],
      "uid" : "426a702f588cd18af2cb78ab4240139d"
    }, {
      "name" : "Returned error: ('could not confirm transactions: ', ['3g1cnqyBeqyxaZDwKAPpdjSv19FFc9dfPTrtvkwehpQ1nKYJM6QQgqghE5kEX9RfHbz79m35vodpKa2NTue2JaGZ', '2xx7WX9boC6AojsxRsQj55DDM9PB7g5nTJzoyxrKZuDsesL7VmK264s6iT8Y7TTFNFDo8CVTgHfDuipi56nqc5ab', '5NMgGbMbCzdDFwnVDLS7HjLk8iUEzRw4qMdsdXzmbyG5Zs3HFccGhSoEc1TCQ9XaoCFfXscmiFQLfP6nVS2tKxnu'])",
      "children" : [ {
        "name" : "upgrades to the requested version and emits an event",
        "uid" : "6cb48f6386ecc703",
        "parentUid" : "f100d41c0cf23ab8f4b60f5ab593267e",
        "status" : "broken",
        "time" : {
          "start" : 1641602012446,
          "stop" : 1641602046734,
          "duration" : 34288
        },
        "flaky" : false,
        "newFailed" : false,
        "newPassed" : false,
        "newBroken" : true,
        "retriesCount" : 0,
        "retriesStatusChange" : false,
        "parameters" : [ ]
      } ],
      "uid" : "f100d41c0cf23ab8f4b60f5ab593267e"
    }, {
      "name" : "Returned error: ('could not confirm transactions: ', ['2FYkz5uRnU5EnQxDUNdu3Y1AAN76Avd4gSm5g3TajdpSbwB1DYJ9DRRseyPbNWyJAXjJg6r9BEedN9hiNaE9xGE9', '2ub5y5Ec42355LM6U8bhCGtTpo23gM9Fy2swtjFdJRprU5VxpdhNgMNA7XY3743sXwW2kJ6ebVhL3uhrJjho1bQq', '3VnnPxbLzP8pbkFkSFP6MXvQXnBbh5fJwTYtruZbY24qEfFMF4wihFAtFZHVthM4Ve7KihFKDXu6b4ef4G4bsbvi', '5jPxPDfUxhbT6iRPoPwjnR7viB4DahPhTjL8fr1Pb62y6mwkES3MgNEsQooxrWVCMCEeLK1vcLPqGptiYyKNzWzK', '5iVexG1gsk4yR5dPVgTwF7iQLRdw24Yn5oGwWW7JjzWeQ98UMLUhG8NNUxx1ssaPBbQ6HAihQEgB6ByA9vVUhbGg', '364RF8SmUba5k4iN293Z1QE3JzwMCKbCqzghjHFk8GdEad46hNVF293598WwbSKjXA6RErUERSEZjAWJzBDRLNTw', '5Dr8YkCak5DXV2FZGtHQ4sWVW5VZ2Uxg9p6tctYkKHMmndE5s519jRhyBttYrXwL157ZhTKS7WiCnRsLM4pWm4kC', 'WdexxUJbVjHzcnjpnfokgvJ22wzw1GSybJ2UkMPUc18eDxaFbB37Ggfkgyx8r1ZaHxxFu9hnKhCe9qtHDHaETZG', '2FuVBU7eav6nnNfgknmsBJkBvP31By6MH6UPwgowGXy4By2r4TNrJqcGGEsv52oX5QtzMVN5L3CGgBEkGaZPKMFW', 'qTShSUPN2ezRJHv41sD74ZaPjdPZ2Jwu8q7FHqxNzqgsxDfKhCzpwSFRJvu76A8bTeCS3DsJWTitKkqZij2uLxt', '4kcqnGkv5z5EhzWnJxM1P9tbvxWTN4Atsa4FPBcgvSr3rbSvzmkWkkVYs99pSEanzAq5sX3kp21un9YgPEBmzr5J', '4sd8EQEWVUbXr5QksNwQc3G9JPbvu62YC4pBQ8F71vzTvZJywgzB6vvZjev2zuYtJLqCecK2eZeqbGp4AvnMauZn', 'zeJeBBTtFujzJGccXg4fffoZShsPczUKoySV4CPJrJvxkd2grYGZxj5jkunzHudV8qZBTuQ21LyhP3kFcWxzeWF', 'UCejafwvgnt1fBM4qWzmzSBgRqdNYeGuNTwB4h2X2RsrrN9z6N3Tcn6XDVodez294Hm82pfNE5ft5M8GYo6hVsu', '2CtqhhLxF8RQP6cYXEFrQna1byFfQbP8WFfBeCj3oX6NVDAmhDU3m6h7upj86kyktGvaYh2tkgBaJP2Bi4YPQ4m7'])",
      "children" : [ {
        "name" : "has to be implemented",
        "uid" : "3370da531ac71350",
        "parentUid" : "51f3ddd140451df725cc53a0f97e46cd",
        "status" : "broken",
        "time" : {
          "start" : 1641602013887,
          "stop" : 1641602047459,
          "duration" : 33572
        },
        "flaky" : false,
        "newFailed" : false,
        "newPassed" : false,
        "newBroken" : true,
        "retriesCount" : 0,
        "retriesStatusChange" : false,
        "parameters" : [ ]
      } ],
      "uid" : "51f3ddd140451df725cc53a0f97e46cd"
    }, {
      "name" : "Returned error: Transaction simulation failed: Error processing Instruction 0: custom program error: 0x4",
      "children" : [ {
        "name" : "has to be implemented",
        "uid" : "7f1b0c0ac182d0",
        "parentUid" : "79144b7f1d8c64f7e08c26b086ab25cb",
        "status" : "broken",
        "time" : {
          "start" : 1641602013896,
          "stop" : 1641602048567,
          "duration" : 34671
        },
        "flaky" : false,
        "newFailed" : false,
        "newPassed" : false,
        "newBroken" : true,
        "retriesCount" : 0,
        "retriesStatusChange" : false,
        "parameters" : [ ]
      }, {
        "name" : "has to be implemented",
        "uid" : "c19138c639f6f63e",
        "parentUid" : "79144b7f1d8c64f7e08c26b086ab25cb",
        "status" : "broken",
        "time" : {
          "start" : 1641602014402,
          "stop" : 1641602048265,
          "duration" : 33863
        },
        "flaky" : false,
        "newFailed" : false,
        "newPassed" : false,
        "newBroken" : true,
        "retriesCount" : 0,
        "retriesStatusChange" : false,
        "parameters" : [ ]
      }, {
        "name" : "emits a snapshot event",
        "uid" : "6811acd8700f5ecc",
        "parentUid" : "79144b7f1d8c64f7e08c26b086ab25cb",
        "status" : "broken",
        "time" : {
          "start" : 1641602060939,
          "stop" : 1641602090795,
          "duration" : 29856
        },
        "flaky" : false,
        "newFailed" : false,
        "newPassed" : false,
        "newBroken" : true,
        "retriesCount" : 0,
        "retriesStatusChange" : false,
        "parameters" : [ ]
      }, {
        "name" : "starts empty",
        "uid" : "164330ed203c4cde",
        "parentUid" : "79144b7f1d8c64f7e08c26b086ab25cb",
        "status" : "broken",
        "time" : {
          "start" : 1641602782390,
          "stop" : 1641602805633,
          "duration" : 23243
        },
        "flaky" : false,
        "newFailed" : false,
        "newPassed" : false,
        "newBroken" : true,
        "retriesCount" : 0,
        "retriesStatusChange" : false,
        "parameters" : [ ]
      } ],
      "uid" : "79144b7f1d8c64f7e08c26b086ab25cb"
    }, {
      "name" : "Returned error: ('could not confirm transactions: ', ['4KPUGy5pNAuNTTmzCBZb4pvvEAAQY6rouibwRj6e4UFNadKbJSConLFh61ooEibvey6zouLUd97BBRctyaSoYfco', '4th31Mv5Dq4NCjzMRy9NqhVdrGvUDDmWsT1gtEAGWwutzt9N14Z6xhr4yBNp3WpXwSNkuzvFycTVVr3izdMKm11E', '4hCqH6CLyyvNc6hMvDr9VA7D9YixMNf5pYqugugNT5CvvWRCKyVbeF6PwS8PPx8JUFGPppoiEQ8UEaeECu8Lv1fT', '58PiXEr25g4yxzgLJPU639h1pRfH9pULoehgZ8Wn6GEiHcSsse8z6mw1n8XEaar5xvDtGRq1MaBA5dDNYLjvtaew', '5ugaHw4kot85DXigGTGSreiEUZBcsUYqowGmHVnAmRnDQA4ke7pndbP2qttaDNhzVrU4Bhuwp6q5ipmSsFvAy3pd', '5HSBfeP8DxupbS7z8HuFUwKkPL7GnwXSS5CyegqvbJgHf9GeNLsVotpbzX69q5VzsEezcGQbywH4pAxgsnKzUFDM', 'syhGkjB3vVtg3beQf1x7wRwEGbS4aqJ9XrksBks533h794xqm7stiuAZbK3Gpx5XiqoMiUrPKdda4Pc3j3siUXb', 'RZc6gQ7EF78XqcKMqdru2zBFYn9n5wrxrR91dCcxYLUnjWvtc8P69aQoGykTrpWjGRy4u8iBpvAHnG4B4XXCzNe', '5RLWF1fSzBewC9s2m5UKkxCAYyazxXjMVLV7wXGwogPZ8j9Jzr7eybkQ9FNuuJ8F9ZuhJUNJhoCK26DBb1avwwgs', '4zqfUwWyXhxLSxMQHEKCgHKRfWUKgAS3qUyHEPLMxx41fvpfrTn8T6f3cwYWqfhxszuM8wKcBro4sGnEPNveiUcx', 'kAdqWs2j45iFKBZ2N4g9a9HKwhWX2ufRp9yTFHLq7co9g6VGsLRWiP132zNNr5iVYjUf2ahqFnV7BjHymjVXmd5', '2j29BAoFW2QLe4Eg5QhKXDYG4sM61fHRj5H9BLdTQ8qv1FRYDVyR16TrpXv7CwE2UQqfXWJTYb9J8m5UK3snpP9y', '3FkcazrvdPCAwdnY3Dyn3JAWj9gWwxP4fisA7xpNeALoFyULhshyLMWFmddDtmzXAqRCV7snLzGmCj1ugvUc4NWu', '5f3gxvWqXUnoTE53Z4JB6yeiWZR9qozoC6zeWCvmxPdMkhLdHTXyWy1NxfictCrQM2sC3TcaW78FyCFX5U8wVGqs', 'FtyDs3JTyzdzZTksoaoGKxnWuzHQMqxjz3oA2yTQ4Df5b8z7KtZzmudskh3ikA4GTXpDY3ShzmjQU7YEJ92WE4j', '4Fip9HGHdPC4c9wwMLR2niHKjJwmiEZ5UkJzvs2K8TfE8wkkYBSnu522muQeqkcopLq4TmhK8Cpenr7wfM51MJ9m'])",
      "children" : [ {
        "name" : "receives ERC1155 tokens from a multiple IDs",
        "uid" : "d283054d5dcc110",
        "parentUid" : "5355e193a9618709124032be47441745",
        "status" : "broken",
        "time" : {
          "start" : 1641602015917,
          "stop" : 1641602048232,
          "duration" : 32315
        },
        "flaky" : false,
        "newFailed" : false,
        "newPassed" : false,
        "newBroken" : true,
        "retriesCount" : 0,
        "retriesStatusChange" : false,
        "parameters" : [ ]
      } ],
      "uid" : "5355e193a9618709124032be47441745"
    }, {
      "name" : "ValueError: Gas estimation failed: 'execution reverted: Insufficient balance'. This transaction will likely revert. If you wish to broadcast, you must set the gas limit manually.",
      "children" : [ {
        "name" : "test_insufficient_balance",
        "uid" : "5fd4e24cd17762b5",
        "parentUid" : "5f4213889cfcdff121652c3e5acdd001",
        "status" : "broken",
        "time" : {
          "start" : 1641602134319,
          "stop" : 1641602134889,
          "duration" : 570
        },
        "flaky" : false,
        "newFailed" : false,
        "newPassed" : false,
        "newBroken" : false,
        "retriesCount" : 0,
        "retriesStatusChange" : false,
        "parameters" : [ ]
      }, {
        "name" : "test_insufficient_balance",
        "uid" : "f8fbd92d3bbeeac7",
        "parentUid" : "5f4213889cfcdff121652c3e5acdd001",
        "status" : "broken",
        "time" : {
          "start" : 1641602281449,
          "stop" : 1641602284958,
          "duration" : 3509
        },
        "flaky" : false,
        "newFailed" : false,
        "newPassed" : false,
        "newBroken" : false,
        "retriesCount" : 0,
        "retriesStatusChange" : false,
        "parameters" : [ ]
      } ],
      "uid" : "5f4213889cfcdff121652c3e5acdd001"
    }, {
      "name" : "Returned error: execution reverted: TokenTimelock: current time is before release time",
      "children" : [ {
        "name" : "can be released just after limit",
        "uid" : "1e58829631a667f9",
        "parentUid" : "63e0bd466820f10fb76207d229017868",
        "status" : "broken",
        "time" : {
          "start" : 1641602174458,
          "stop" : 1641602177385,
          "duration" : 2927
        },
        "flaky" : false,
        "newFailed" : false,
        "newPassed" : false,
        "newBroken" : false,
        "retriesCount" : 0,
        "retriesStatusChange" : false,
        "parameters" : [ ]
      }, {
        "name" : "can be released after time limit",
        "uid" : "a66a435e657898f8",
        "parentUid" : "63e0bd466820f10fb76207d229017868",
        "status" : "broken",
        "time" : {
          "start" : 1641602177385,
          "stop" : 1641602179922,
          "duration" : 2537
        },
        "flaky" : false,
        "newFailed" : false,
        "newPassed" : false,
        "newBroken" : false,
        "retriesCount" : 0,
        "retriesStatusChange" : false,
        "parameters" : [ ]
      }, {
        "name" : "cannot be released twice",
        "uid" : "65c7740cce3bfe66",
        "parentUid" : "63e0bd466820f10fb76207d229017868",
        "status" : "broken",
        "time" : {
          "start" : 1641602179922,
          "stop" : 1641602204857,
          "duration" : 24935
        },
        "flaky" : false,
        "newFailed" : false,
        "newPassed" : false,
        "newBroken" : false,
        "retriesCount" : 0,
        "retriesStatusChange" : false,
        "parameters" : [ ]
      } ],
      "uid" : "63e0bd466820f10fb76207d229017868"
    }, {
      "name" : "OverflowError: approve '-1' - -1 is outside allowable range for uint256",
      "children" : [ {
        "name" : "test_insufficient_approval",
        "uid" : "46f6a59a01a0c946",
        "parentUid" : "3076f8d9ffd7bab937e7bd2d28ebd8a0",
        "status" : "broken",
        "time" : {
          "start" : 1641602285039,
          "stop" : 1641602285288,
          "duration" : 249
        },
        "flaky" : false,
        "newFailed" : false,
        "newPassed" : false,
        "newBroken" : false,
        "retriesCount" : 0,
        "retriesStatusChange" : false,
        "parameters" : [ ]
      } ],
      "uid" : "3076f8d9ffd7bab937e7bd2d28ebd8a0"
    }, {
      "name" : "Returned error: execution reverted",
      "children" : [ {
        "name" : "does not emit AuthorizedOperator events for default operators",
        "uid" : "85867347e2738339",
        "parentUid" : "f830b8cdaf006e51782b46b8977de29b",
        "status" : "broken",
        "time" : {
          "start" : 1641602330512,
          "stop" : 1641602331451,
          "duration" : 939
        },
        "flaky" : false,
        "newFailed" : false,
        "newPassed" : false,
        "newBroken" : false,
        "retriesCount" : 0,
        "retriesStatusChange" : false,
        "parameters" : [ ]
      }, {
        "name" : "default operators list is empty",
        "uid" : "c5f60317c549413e",
        "parentUid" : "f830b8cdaf006e51782b46b8977de29b",
        "status" : "broken",
        "time" : {
          "start" : 1641602331453,
          "stop" : 1641602331704,
          "duration" : 251
        },
        "flaky" : false,
        "newFailed" : false,
        "newPassed" : false,
        "newBroken" : false,
        "retriesCount" : 0,
        "retriesStatusChange" : false,
        "parameters" : [ ]
      }, {
        "name" : "send",
        "uid" : "688befa11577048d",
        "parentUid" : "f830b8cdaf006e51782b46b8977de29b",
        "status" : "broken",
        "time" : {
          "start" : 1641602331705,
          "stop" : 1641602333181,
          "duration" : 1476
        },
        "flaky" : false,
        "newFailed" : false,
        "newPassed" : false,
        "newBroken" : false,
        "retriesCount" : 0,
        "retriesStatusChange" : false,
        "parameters" : [ ]
      }, {
        "name" : "returns the name",
        "uid" : "dc9a07ec682d2b91",
        "parentUid" : "f830b8cdaf006e51782b46b8977de29b",
        "status" : "broken",
        "time" : {
          "start" : 1641602336546,
          "stop" : 1641602336843,
          "duration" : 297
        },
        "flaky" : false,
        "newFailed" : false,
        "newPassed" : false,
        "newBroken" : false,
        "retriesCount" : 0,
        "retriesStatusChange" : false,
        "parameters" : [ ]
      } ],
      "uid" : "f830b8cdaf006e51782b46b8977de29b"
    }, {
      "name" : "Returned error: execution reverted: Governor: vote not currently active",
      "children" : [ {
        "name" : "run",
        "uid" : "3042b58d097b05ae",
        "parentUid" : "04f2a4473a2c2509358032a3b258f9f9",
        "status" : "broken",
        "time" : {
          "start" : 1641602441419,
          "stop" : 1641602480924,
          "duration" : 39505
        },
        "flaky" : false,
        "newFailed" : false,
        "newPassed" : false,
        "newBroken" : true,
        "retriesCount" : 0,
        "retriesStatusChange" : false,
        "parameters" : [ ]
      } ],
      "uid" : "04f2a4473a2c2509358032a3b258f9f9"
    }, {
      "name" : "Returned values aren't valid, did it run Out of Gas? You might also see this error if you are not using the correct ABI for the contract you are retrieving data from, requesting data from a block number that does not exist, or querying a node which is not fully synced.",
      "children" : [ {
        "name" : "can be set as an implementer for supported interfaces in the registry",
        "uid" : "5a0439bd1618a56e",
        "parentUid" : "ad69081944a61d9763f7a6717624ea5e",
        "status" : "broken",
        "time" : {
          "start" : 1641602652625,
          "stop" : 1641602679829,
          "duration" : 27204
        },
        "flaky" : false,
        "newFailed" : false,
        "newPassed" : false,
        "newBroken" : false,
        "retriesCount" : 0,
        "retriesStatusChange" : false,
        "parameters" : [ ]
      } ],
      "uid" : "ad69081944a61d9763f7a6717624ea5e"
    }, {
      "name" : "Target block #(2370137) is lower than current block #(2370201)",
      "children" : [ {
        "name" : "run",
        "uid" : "b02e2e1a895442f0",
        "parentUid" : "79fe381ff1d3aa214a850cf5ebf71293",
        "status" : "broken",
        "time" : {
          "start" : 1641602730019,
          "stop" : 1641602765826,
          "duration" : 35807
        },
        "flaky" : false,
        "newFailed" : false,
        "newPassed" : false,
        "newBroken" : true,
        "retriesCount" : 0,
        "retriesStatusChange" : false,
        "parameters" : [ ]
      } ],
      "uid" : "79fe381ff1d3aa214a850cf5ebf71293"
    } ],
    "uid" : "bdbf199525818fae7a8651db9eafe741"
  }, {
    "name" : "Product defects",
    "children" : [ {
      "name" : "expected event argument 'amount' to have value 1666666666666666666 but got 0: expected '0' to equal '1666666666666666666'",
      "children" : [ {
        "name" : "execute vesting schedule",
        "uid" : "817cc5d81921789e",
        "parentUid" : "4c3fe3013986dc9eaebd7a85c4b0b5be",
        "status" : "failed",
        "time" : {
          "start" : 1641601847029,
          "stop" : 1641601849742,
          "duration" : 2713
        },
        "flaky" : false,
        "newFailed" : false,
        "newPassed" : false,
        "newBroken" : false,
        "retriesCount" : 0,
        "retriesStatusChange" : false,
        "parameters" : [ ]
      }, {
        "name" : "execute vesting schedule",
        "uid" : "53127f017a29b1f1",
        "parentUid" : "4c3fe3013986dc9eaebd7a85c4b0b5be",
        "status" : "failed",
        "time" : {
          "start" : 1641601859140,
          "stop" : 1641601864310,
          "duration" : 5170
        },
        "flaky" : false,
        "newFailed" : false,
        "newPassed" : false,
        "newBroken" : false,
        "retriesCount" : 0,
        "retriesStatusChange" : false,
        "parameters" : [ ]
      } ],
      "uid" : "4c3fe3013986dc9eaebd7a85c4b0b5be"
    }, {
      "name" : "expected '0' to equal '100000'",
      "children" : [ {
        "name" : "calls the 'initialize' function and sends given value to the proxy",
        "uid" : "814b7cfbc1449ef5",
        "parentUid" : "af36511215d1589bf84e6caab27102be",
        "status" : "failed",
        "time" : {
          "start" : 1641602009143,
          "stop" : 1641602012445,
          "duration" : 3302
        },
        "flaky" : false,
        "newFailed" : false,
        "newPassed" : false,
        "newBroken" : false,
        "retriesCount" : 0,
        "retriesStatusChange" : false,
        "parameters" : [ ]
      } ],
      "uid" : "af36511215d1589bf84e6caab27102be"
    }, {
      "name" : "expected event argument 'startBlock' to have value 2368573 but got 2368572: expected '2368572' to equal '2368573'",
      "children" : [ {
        "name" : "\"after each\" hook for \"run\"",
        "uid" : "1c4b43a49760761b",
        "parentUid" : "987bfabd6006e0a9d51d318b41e6e9df",
        "status" : "failed",
        "time" : {
          "start" : 1641602128806,
          "stop" : 1641602128806,
          "duration" : 0
        },
        "flaky" : false,
        "newFailed" : false,
        "newPassed" : false,
        "newBroken" : false,
        "retriesCount" : 0,
        "retriesStatusChange" : false,
        "parameters" : [ ]
      } ],
      "uid" : "987bfabd6006e0a9d51d318b41e6e9df"
    }, {
      "name" : "AssertionError: Transaction did not revert",
      "children" : [ {
        "name" : "test_no_approval",
        "uid" : "dafce514f9f166f4",
        "parentUid" : "90f888e015672ae267836a9e2c59904f",
        "status" : "failed",
        "time" : {
          "start" : 1641602285406,
          "stop" : 1641602287577,
          "duration" : 2171
        },
        "flaky" : false,
        "newFailed" : false,
        "newPassed" : false,
        "newBroken" : false,
        "retriesCount" : 0,
        "retriesStatusChange" : false,
        "parameters" : [ ]
      }, {
        "name" : "test_revoked_approval",
        "uid" : "8a2e0746a61b1675",
        "parentUid" : "90f888e015672ae267836a9e2c59904f",
        "status" : "failed",
        "time" : {
          "start" : 1641602287593,
          "stop" : 1641602292826,
          "duration" : 5233
        },
        "flaky" : false,
        "newFailed" : false,
        "newPassed" : false,
        "newBroken" : false,
        "retriesCount" : 0,
        "retriesStatusChange" : false,
        "parameters" : [ ]
      }, {
        "name" : "test_transfer_to_self_no_approval",
        "uid" : "71463142960f9a24",
        "parentUid" : "90f888e015672ae267836a9e2c59904f",
        "status" : "failed",
        "time" : {
          "start" : 1641602297358,
          "stop" : 1641602299410,
          "duration" : 2052
        },
        "flaky" : false,
        "newFailed" : false,
        "newPassed" : false,
        "newBroken" : false,
        "retriesCount" : 0,
        "retriesStatusChange" : false,
        "parameters" : [ ]
      } ],
      "uid" : "90f888e015672ae267836a9e2c59904f"
    }, {
      "name" : "AssertionError: assert 'Error: Coul... any sources' not in '/home/runne...ttempt #1.\\n'\n  'Error: Could not f...ns from any sources' is contained here:\n           ^\n    \n    Error: Could not find artifacts for Migrations from any sources\n        at Resolver.require (/home/runner/work/neon-compatibility/neon-compatibility/node_modules/truffle/build/webpack:/packages/resolver/dist/lib/resolver.js:61:1)\n        at Object.require (/home/runner/work/neon-compatibility/neon-compatibility/node_modules/truffle/build/webpack:/packages/migrate/index.js:172:1)\n        at ResolverIntercept.require (/home/runner/work/neon-compatibility/neon-compatibility/node_modules/truffle/build/webpack:/packages/migrate/ResolverIntercept.js:22:1)\n        at /home/runner/work/neon-compatibility/neon-compatibility/OpenZeppelin/migrations/1_initial_migration.js:1:30\n        at Script.runInContext (node:vm:139:12)\n        at Script.runInNewContext (node:vm:144:17)\n        at Object.file (/home/runner/work/neon-compatibility/neon-compatibility/node_modules/truffle/build/webpack:/packages/require/require.js:94:1)\n        at Migration._load (/home/runner/work/neon-compatibility/neon-compatibility/node_modules/truffle/build/webpack:/packages/migrate/Migration.js:44:1)\n        at Migration.run (/home/runner/work/neon-compatibility/neon-compatibility/node_modules/truffle/build/webpack:/packages/migrate/Migration.js:217:1)\n        at Object.runMigrations (/home/runner/work/neon-compatibility/neon-compatibility/node_modules/truffle/build/webpack:/packages/migrate/index.js:150:1)\n        at Object.runFrom (/home/runner/work/neon-compatibility/neon-compatibility/node_modules/truffle/build/webpack:/packages/migrate/index.js:110:1)\n        at Object.runAll (/home/runner/work/neon-compatibility/neon-compatibility/node_modules/truffle/build/webpack:/packages/migrate/index.js:114:1)\n        at Object.run (/home/runner/work/neon-compatibility/neon-compatibility/node_modules/truffle/build/webpack:/packages/migrate/index.js:79:1)\n        at Object.run (/home/runner/work/neon-compatibility/neon-compatibility/node_modules/truffle/build/webpack:/packages/core/lib/testing/Test.js:109:1)\n        at Object.run (/home/runner/work/neon-compatibility/neon-compatibility/node_modules/truffle/build/webpack:/packages/core/lib/commands/test/index.js:177:1)\n        at Command.run (/home/runner/work/neon-compatibility/neon-compatibility/node_modules/truffle/build/webpack:/packages/core/lib/command.js:183:1)\n    Truffle v5.4.14 (core: 5.4.14)\n    Node v16.13.1\n    /home/runner/work/neon-compatibility/neon-compatibility\n    - Fetching solc version list from solc-bin. Attempt #1\n    âœ” Downloading compiler. Attempt #1.",
      "children" : [ {
        "name" : "test_contracts[input_data0]",
        "uid" : "bde6138ab781a987",
        "parentUid" : "38d3bb28c4e7f58bedfceca8a53a3178",
        "status" : "failed",
        "time" : {
          "start" : 1641602328479,
          "stop" : 1641602347710,
          "duration" : 19231
        },
        "flaky" : true,
        "newFailed" : true,
        "newPassed" : false,
        "newBroken" : false,
        "retriesCount" : 0,
        "retriesStatusChange" : false,
        "parameters" : [ "InputData(test_file='access/Ownable.test.js', test_files=['access/Ownable.test.js'], contracts=['access/Ownable.sol', 'mocks/OwnableMock.sol', 'mocks/AccessControlMock.sol', 'mocks/AccessControlEnumerableMock.sol', 'access/AccessControlEnumerable.sol', 'access/IAccessControlEnumerable.sol', 'utils/structs/EnumerableSet.sol', 'access/AccessControl.sol', 'utils/Context.sol', 'access/IAccessControl.sol', 'utils/Strings.sol', 'utils/introspection/ERC165.sol', 'utils/introspection/IERC165.sol'], migration_script='2_deploy_contracts.js')" ]
      } ],
      "uid" : "38d3bb28c4e7f58bedfceca8a53a3178"
    }, {
      "name" : "AssertionError: assert 'Error: Coul... any sources' not in '/home/runne...patibility\\n'\n  'Error: Could not f...ns from any sources' is contained here:\n           ^\n    \n    Error: Could not find artifacts for Migrations from any sources\n        at Resolver.require (/home/runner/work/neon-compatibility/neon-compatibility/node_modules/truffle/build/webpack:/packages/resolver/dist/lib/resolver.js:61:1)\n        at Object.require (/home/runner/work/neon-compatibility/neon-compatibility/node_modules/truffle/build/webpack:/packages/migrate/index.js:172:1)\n        at ResolverIntercept.require (/home/runner/work/neon-compatibility/neon-compatibility/node_modules/truffle/build/webpack:/packages/migrate/ResolverIntercept.js:22:1)\n        at /home/runner/work/neon-compatibility/neon-compatibility/OpenZeppelin/migrations/1_initial_migration.js:1:30\n        at Script.runInContext (node:vm:139:12)\n        at Script.runInNewContext (node:vm:144:17)\n        at Object.file (/home/runner/work/neon-compatibility/neon-compatibility/node_modules/truffle/build/webpack:/packages/require/require.js:94:1)\n        at Migration._load (/home/runner/work/neon-compatibility/neon-compatibility/node_modules/truffle/build/webpack:/packages/migrate/Migration.js:44:1)\n        at Migration.run (/home/runner/work/neon-compatibility/neon-compatibility/node_modules/truffle/build/webpack:/packages/migrate/Migration.js:217:1)\n        at Object.runMigrations (/home/runner/work/neon-compatibility/neon-compatibility/node_modules/truffle/build/webpack:/packages/migrate/index.js:150:1)\n        at Object.runFrom (/home/runner/work/neon-compatibility/neon-compatibility/node_modules/truffle/build/webpack:/packages/migrate/index.js:110:1)\n        at Object.runAll (/home/runner/work/neon-compatibility/neon-compatibility/node_modules/truffle/build/webpack:/packages/migrate/index.js:114:1)\n        at Object.run (/home/runner/work/neon-compatibility/neon-compatibility/node_modules/truffle/build/webpack:/packages/migrate/index.js:79:1)\n        at Object.run (/home/runner/work/neon-compatibility/neon-compatibility/node_modules/truffle/build/webpack:/packages/core/lib/testing/Test.js:109:1)\n        at Object.run (/home/runner/work/neon-compatibility/neon-compatibility/node_modules/truffle/build/webpack:/packages/core/lib/commands/test/index.js:177:1)\n        at Command.run (/home/runner/work/neon-compatibility/neon-compatibility/node_modules/truffle/build/webpack:/packages/core/lib/command.js:183:1)\n    Truffle v5.4.14 (core: 5.4.14)\n    Node v16.13.1\n    /home/runner/work/neon-compatibility/neon-compatibility",
      "children" : [ {
        "name" : "test_contracts[input_data1]",
        "uid" : "6b524efc9727575e",
        "parentUid" : "1f689f49ec365620ebd0eef9cfede94c",
        "status" : "failed",
        "time" : {
          "start" : 1641602347731,
          "stop" : 1641602365814,
          "duration" : 18083
        },
        "flaky" : true,
        "newFailed" : true,
        "newPassed" : false,
        "newBroken" : false,
        "retriesCount" : 0,
        "retriesStatusChange" : false,
        "parameters" : [ "InputData(test_file='access/AccessControl.test.js', test_files=['access/AccessControl.test.js', 'access/AccessControl.behavior.js'], contracts=['mocks/AccessControlMock.sol', 'mocks/AccessControlEnumerableMock.sol', 'access/AccessControlEnumerable.sol', 'access/IAccessControlEnumerable.sol', 'utils/structs/EnumerableSet.sol', 'access/AccessControl.sol', 'utils/Strings.sol', 'utils/introspection/ERC165.sol', 'interfaces/IERC165.sol', 'utils/introspection/IERC165.sol'], migration_script='2_deploy_contracts.js')" ]
      }, {
        "name" : "test_contracts[input_data2]",
        "uid" : "cfaeee99e79df4ec",
        "parentUid" : "1f689f49ec365620ebd0eef9cfede94c",
        "status" : "failed",
        "time" : {
          "start" : 1641602365836,
          "stop" : 1641602384018,
          "duration" : 18182
        },
        "flaky" : true,
        "newFailed" : true,
        "newPassed" : false,
        "newBroken" : false,
        "retriesCount" : 0,
        "retriesStatusChange" : false,
        "parameters" : [ "InputData(test_file='access/AccessControlEnumerable.test.js', test_files=['access/AccessControlEnumerable.test.js', 'access/AccessControl.behavior.js'], contracts=['utils/Strings.sol', 'utils/introspection/ERC165.sol', 'mocks/AccessControlEnumerableMock.sol'], migration_script='2_deploy_contracts.js')" ]
      }, {
        "name" : "test_contracts[input_data3]",
        "uid" : "6ec151fe98e03001",
        "parentUid" : "1f689f49ec365620ebd0eef9cfede94c",
        "status" : "failed",
        "time" : {
          "start" : 1641602384040,
          "stop" : 1641602402282,
          "duration" : 18242
        },
        "flaky" : false,
        "newFailed" : false,
        "newPassed" : false,
        "newBroken" : false,
        "retriesCount" : 0,
        "retriesStatusChange" : false,
        "parameters" : [ "InputData(test_file='finance/PaymentSplitter.test.js', test_files=['finance/PaymentSplitter.test.js'], contracts=['finance/PaymentSplitter.sol', 'utils/Address.sol', 'utils/Context.sol', 'access/IAccessControl.sol', 'utils/Strings.sol', 'utils/introspection/ERC165.sol', 'interfaces/IERC165.sol', 'utils/introspection/IERC165.sol'], migration_script='3_deploy_contracts.js')" ]
      } ],
      "uid" : "1f689f49ec365620ebd0eef9cfede94c"
    }, {
      "name" : "expected '999999999000000000' to equal '999999999999999999'",
      "children" : [ {
        "name" : "sends non-zero amounts",
        "uid" : "28a074198f0397a1",
        "parentUid" : "88d53a385f2b84325355df4322e1444f",
        "status" : "failed",
        "time" : {
          "start" : 1641602375543,
          "stop" : 1641602378562,
          "duration" : 3019
        },
        "flaky" : false,
        "newFailed" : false,
        "newPassed" : false,
        "newBroken" : false,
        "retriesCount" : 0,
        "retriesStatusChange" : false,
        "parameters" : [ ]
      } ],
      "uid" : "88d53a385f2b84325355df4322e1444f"
    }, {
      "name" : "AssertionError: assert 'Error:  ***...t Failed ***' not in '/home/runne...patibility\\n'\n  'Error:  *** Deployment Failed ***' is contained here:\n    --------\n    \n    Error:  *** Deployment Failed ***\n    \n    \"Migrations\" -- Transaction simulation failed: Error processing Instruction 0: custom program error: 0x4\n    {\n      \"accounts\": null,\n      \"err\": {\n        \"InstructionError\": [\n          0,\n          {\n            \"Custom\": 4\n          }\n        ]\n      },\n      \"logs\": [\n        \"Program 53DfF883gyixYNXnM7s5xhdeyV8mVk9T4i2hGV9vG9io invoke [1]\",\n        \"Program log: program/src/storage_account.rs:76\",\n        \"Program 53DfF883gyixYNXnM7s5xhdeyV8mVk9T4i2hGV9vG9io consumed 4723 of 500000 compute units\",\n        \"Program 53DfF883gyixYNXnM7s5xhdeyV8mVk9T4i2hGV9vG9io failed: custom program error: 0x4\"\n      ]\n    }.\n    \n        at /home/runner/work/neon-compatibility/neon-compatibility/node_modules/truffle/build/webpack:/packages/deployer/src/deployment.js:365:1\n        at processTicksAndRejections (node:internal/process/task_queues:96:5)\n        at Migration._deploy (/home/runner/work/neon-compatibility/neon-compatibility/node_modules/truffle/build/webpack:/packages/migrate/Migration.js:70:1)\n        at Migration._load (/home/runner/work/neon-compatibility/neon-compatibility/node_modules/truffle/build/webpack:/packages/migrate/Migration.js:56:1)\n        at Migration.run (/home/runner/work/neon-compatibility/neon-compatibility/node_modules/truffle/build/webpack:/packages/migrate/Migration.js:217:1)\n        at Object.runMigrations (/home/runner/work/neon-compatibility/neon-compatibility/node_modules/truffle/build/webpack:/packages/migrate/index.js:150:1)\n        at Object.runFrom (/home/runner/work/neon-compatibility/neon-compatibility/node_modules/truffle/build/webpack:/packages/migrate/index.js:110:1)\n        at Object.run (/home/runner/work/neon-compatibility/neon-compatibility/node_modules/truffle/build/webpack:/packages/migrate/index.js:87:1)\n        at runMigrations (/home/runner/work/neon-compatibility/neon-compatibility/node_modules/truffle/build/webpack:/packages/core/lib/commands/migrate.js:258:1)\n        at Object.run (/home/runner/work/neon-compatibility/neon-compatibility/node_modules/truffle/build/webpack:/packages/core/lib/commands/migrate.js:223:1)\n        at Command.run (/home/runner/work/neon-compatibility/neon-compatibility/node_modules/truffle/build/webpack:/packages/core/lib/command.js:183:1)\n    Truffle v5.4.14 (core: 5.4.14)\n    Node v16.13.1\n    /home/runner/work/neon-compatibility/neon-compatibility",
      "children" : [ {
        "name" : "test_truffle_migration",
        "uid" : "a7992ca47c05bb22",
        "parentUid" : "9ba842c128e53a0a9123dbcdf195d8e2",
        "status" : "failed",
        "time" : {
          "start" : 1641602402303,
          "stop" : 1641602418567,
          "duration" : 16264
        },
        "flaky" : false,
        "newFailed" : false,
        "newPassed" : false,
        "newBroken" : false,
        "retriesCount" : 0,
        "retriesStatusChange" : false,
        "parameters" : [ ]
      } ],
      "uid" : "9ba842c128e53a0a9123dbcdf195d8e2"
    }, {
      "name" : "Expected an exception but none was received",
      "children" : [ {
        "name" : "reverts on a non-static function",
        "uid" : "bc1fcaa82a771f86",
        "parentUid" : "c00aea839a25a22472dbb28c3ad8d8ee",
        "status" : "failed",
        "time" : {
          "start" : 1641602523431,
          "stop" : 1641602525479,
          "duration" : 2048
        },
        "flaky" : false,
        "newFailed" : false,
        "newPassed" : false,
        "newBroken" : false,
        "retriesCount" : 0,
        "retriesStatusChange" : false,
        "parameters" : [ ]
      }, {
        "name" : "reverts when attempting to set as implementer in the registry",
        "uid" : "53a23dd4d04d3a7c",
        "parentUid" : "c00aea839a25a22472dbb28c3ad8d8ee",
        "status" : "failed",
        "time" : {
          "start" : 1641602646671,
          "stop" : 1641602647952,
          "duration" : 1281
        },
        "flaky" : false,
        "newFailed" : false,
        "newPassed" : false,
        "newBroken" : false,
        "retriesCount" : 0,
        "retriesStatusChange" : false,
        "parameters" : [ ]
      } ],
      "uid" : "c00aea839a25a22472dbb28c3ad8d8ee"
    }, {
      "name" : "expected '0' to equal '1'",
      "children" : [ {
        "name" : "\"after each\" hook for \"run\"",
        "uid" : "de18170ff2011e29",
        "parentUid" : "5aeb016ba0b6642da46e2daa2ec743e2",
        "status" : "failed",
        "time" : {
          "start" : 1641602569661,
          "stop" : 1641602569661,
          "duration" : 0
        },
        "flaky" : false,
        "newFailed" : false,
        "newPassed" : false,
        "newBroken" : false,
        "retriesCount" : 0,
        "retriesStatusChange" : false,
        "parameters" : [ ]
      } ],
      "uid" : "5aeb016ba0b6642da46e2daa2ec743e2"
    }, {
      "name" : "expected '3' to equal '4'",
      "children" : [ {
        "name" : "\"after each\" hook for \"run\"",
        "uid" : "1abaa3ba1c831f3a",
        "parentUid" : "9751576a950fb6bd5119aa3f7374f629",
        "status" : "failed",
        "time" : {
          "start" : 1641602639959,
          "stop" : 1641602639959,
          "duration" : 0
        },
        "flaky" : false,
        "newFailed" : false,
        "newPassed" : false,
        "newBroken" : false,
        "retriesCount" : 0,
        "retriesStatusChange" : false,
        "parameters" : [ ]
      } ],
      "uid" : "9751576a950fb6bd5119aa3f7374f629"
    }, {
      "name" : "expected true to equal false",
      "children" : [ {
        "name" : "fast forward",
        "uid" : "690a544043e002a",
        "parentUid" : "a1d6c11fcfa5a5b3a8ae0cbe7a494730",
        "status" : "failed",
        "time" : {
          "start" : 1641602823124,
          "stop" : 1641602845936,
          "duration" : 22812
        },
        "flaky" : false,
        "newFailed" : false,
        "newPassed" : false,
        "newBroken" : false,
        "retriesCount" : 0,
        "retriesStatusChange" : false,
        "parameters" : [ ]
      } ],
      "uid" : "a1d6c11fcfa5a5b3a8ae0cbe7a494730"
    } ],
    "uid" : "8fb3a91ba5aaf9de24cc8a92edc82b5d"
  }, {
    "name" : "Not supported",
    "children" : [ {
      "name" : "processing response error (body=\"{\\\"jsonrpc\\\": \\\"2.0\\\", \\\"id\\\": 45, \\\"error\\\": {\\\"code\\\": -32000, \\\"message\\\": \\\"'EthereumModel' object has no attribute 'eth_accounts'\\\"}}\", error={\"code\":-32000}, requestBody=\"{\\\"method\\\":\\\"eth_accounts\\\",\\\"params\\\":[],\\\"id\\\":45,\\\"jsonrpc\\\":\\\"2.0\\\"}\", requestMethod=\"POST\", url=\"http://proxy.night.stand.neontest.xyz/solana\", code=SERVER_ERROR, version=web/5.4.0)",
      "children" : [ {
        "name" : "testWritingToTheBlockchain",
        "uid" : "aa8c3fabe1d887f3",
        "parentUid" : "69dcd8f10a513547d0ce21aa01f7c21b",
        "status" : "broken",
        "time" : {
          "start" : 1641601895097,
          "stop" : 1641601895981,
          "duration" : 884
        },
        "flaky" : false,
        "newFailed" : false,
        "newPassed" : false,
        "newBroken" : false,
        "retriesCount" : 0,
        "retriesStatusChange" : false,
        "parameters" : [ ]
      } ],
      "uid" : "69dcd8f10a513547d0ce21aa01f7c21b"
    }, {
      "name" : "processing response error (body=\"{\\\"jsonrpc\\\": \\\"2.0\\\", \\\"id\\\": 42, \\\"error\\\": {\\\"code\\\": -32000, \\\"message\\\": \\\"'EthereumModel' object has no attribute 'eth_accounts'\\\"}}\", error={\"code\":-32000}, requestBody=\"{\\\"method\\\":\\\"eth_accounts\\\",\\\"params\\\":[],\\\"id\\\":42,\\\"jsonrpc\\\":\\\"2.0\\\"}\", requestMethod=\"POST\", url=\"http://proxy.night.stand.neontest.xyz/solana\", code=SERVER_ERROR, version=web/5.4.0)",
      "children" : [ {
        "name" : "testQueryHistoricEvents",
        "uid" : "2464d2fbf0b71262",
        "parentUid" : "315e2730485f6ae040a7d4cedce289bb",
        "status" : "broken",
        "time" : {
          "start" : 1641601896582,
          "stop" : 1641601896868,
          "duration" : 286
        },
        "flaky" : false,
        "newFailed" : false,
        "newPassed" : false,
        "newBroken" : false,
        "retriesCount" : 0,
        "retriesStatusChange" : false,
        "parameters" : [ ]
      }, {
        "name" : "testSigningMessages",
        "uid" : "99abf020bd233e2e",
        "parentUid" : "315e2730485f6ae040a7d4cedce289bb",
        "status" : "broken",
        "time" : {
          "start" : 1641601896869,
          "stop" : 1641601897151,
          "duration" : 282
        },
        "flaky" : false,
        "newFailed" : false,
        "newPassed" : false,
        "newBroken" : false,
        "retriesCount" : 0,
        "retriesStatusChange" : false,
        "parameters" : [ ]
      } ],
      "uid" : "315e2730485f6ae040a7d4cedce289bb"
    }, {
      "name" : "'EthereumModel' object has no attribute 'eth_accounts'",
      "children" : [ {
        "name" : "Should return the new greeting once it's changed",
        "uid" : "e3a44305c56dd00d",
        "parentUid" : "616b35d0f72e0c77835a18b2e151ce18",
        "status" : "broken",
        "time" : {
          "start" : 1641601902390,
          "stop" : 1641601903045,
          "duration" : 655
        },
        "flaky" : false,
        "newFailed" : false,
        "newPassed" : false,
        "newBroken" : false,
        "retriesCount" : 0,
        "retriesStatusChange" : false,
        "parameters" : [ ]
      } ],
      "uid" : "616b35d0f72e0c77835a18b2e151ce18"
    }, {
      "name" : "brownie.exceptions.RPCRequestError: 'EthereumModel' object has no attribute 'debug_traceTransaction'",
      "children" : [ {
        "name" : "test_returns_true",
        "uid" : "cf235997d2b419cf",
        "parentUid" : "9142149abb271b05b89f49196141a7d3",
        "status" : "broken",
        "time" : {
          "start" : 1641602054584,
          "stop" : 1641602056405,
          "duration" : 1821
        },
        "flaky" : false,
        "newFailed" : false,
        "newPassed" : false,
        "newBroken" : false,
        "retriesCount" : 0,
        "retriesStatusChange" : false,
        "parameters" : [ ]
      }, {
        "name" : "test_returns_true",
        "uid" : "bc65541fa146babc",
        "parentUid" : "9142149abb271b05b89f49196141a7d3",
        "status" : "broken",
        "time" : {
          "start" : 1641602098060,
          "stop" : 1641602100309,
          "duration" : 2249
        },
        "flaky" : false,
        "newFailed" : false,
        "newPassed" : false,
        "newBroken" : false,
        "retriesCount" : 0,
        "retriesStatusChange" : false,
        "parameters" : [ ]
      }, {
        "name" : "test_returns_true",
        "uid" : "c3096dfb85b5045c",
        "parentUid" : "9142149abb271b05b89f49196141a7d3",
        "status" : "broken",
        "time" : {
          "start" : 1641602239442,
          "stop" : 1641602243129,
          "duration" : 3687
        },
        "flaky" : false,
        "newFailed" : false,
        "newPassed" : false,
        "newBroken" : false,
        "retriesCount" : 0,
        "retriesStatusChange" : false,
        "parameters" : [ ]
      } ],
      "uid" : "9142149abb271b05b89f49196141a7d3"
    } ],
    "uid" : "74a85a700e270c086f9590bc39e50507"
  }, {
    "name" : "Transaction exited with an error",
    "children" : [ {
      "name" : "Transaction: 0x2926706ff25766597c2ed240fb8b8bf9b4175b4055664ec0a626e381a55026c8 exited with an error (status 0). \n     Please check that the transaction:\n     - satisfies all conditions set by Solidity `require` statements.\n     - does not trigger a Solidity `revert` statement.\n",
      "children" : [ {
        "name" : "run",
        "uid" : "aa3c566e9b3b676c",
        "parentUid" : "c82ff6f6b8b36378db99d93447ed6e43",
        "status" : "broken",
        "time" : {
          "start" : 1641602203470,
          "stop" : 1641602237168,
          "duration" : 33698
        },
        "flaky" : false,
        "newFailed" : false,
        "newPassed" : false,
        "newBroken" : true,
        "retriesCount" : 0,
        "retriesStatusChange" : false,
        "parameters" : [ ]
      } ],
      "uid" : "c82ff6f6b8b36378db99d93447ed6e43"
    }, {
      "name" : "Transaction: 0x0db73903318da01e14c9730cc29102b392f9893591a0e8b566b3036a95b6ae9d exited with an error (status 0). \n     Please check that the transaction:\n     - satisfies all conditions set by Solidity `require` statements.\n     - does not trigger a Solidity `revert` statement.\n",
      "children" : [ {
        "name" : "run",
        "uid" : "68d9fdf9bbaea21d",
        "parentUid" : "33cd8abdb3539747369f5f458433259a",
        "status" : "broken",
        "time" : {
          "start" : 1641602611512,
          "stop" : 1641602639839,
          "duration" : 28327
        },
        "flaky" : false,
        "newFailed" : false,
        "newPassed" : false,
        "newBroken" : true,
        "retriesCount" : 0,
        "retriesStatusChange" : false,
        "parameters" : [ ]
      } ],
      "uid" : "33cd8abdb3539747369f5f458433259a"
    } ],
    "uid" : "4c6aeef28821c6ab8a0f28093ecc7b05"
  }, {
    "name" : "Connection problem",
    "children" : [ {
      "name" : "AssertionError: /home/runner/work/neon-compatibility/neon-compatibility/Metacoin\n  Using network 'neonlabs'.\n  \n  \n  Compiling your contracts...\n  ===========================\n  > Compiling ./contracts/ConvertLib.sol\n  > Compiling ./contracts/MetaCoin.sol\n  > Compiling ./contracts/Migrations.sol\n  > Compiling ./test/TestMetaCoin.sol\n  > Compilation warnings encountered:\n  \n      Warning: SPDX license identifier not provided in source file. Before publishing, consider adding a comment containing \"SPDX-License-Identifier: <SPDX-License>\" to each source file. Use \"SPDX-License-Identifier: UNLICENSED\" for non-open-source code. Please see https://spdx.org for more information.\n  --> project:/test/TestMetaCoin.sol\n  \n  ,Warning: Visibility for constructor is ignored. If you want the contract to be non-deployable, making it \"abstract\" is sufficient.\n    --> project:/contracts/MetaCoin.sol:16:2:\n     |\n  16 | \tconstructor() public {\n     | \t^ (Relevant source part starts here and spans across multiple lines).\n  \n  ,Warning: Visibility for constructor is ignored. If you want the contract to be non-deployable, making it \"abstract\" is sufficient.\n    --> project:/contracts/Migrations.sol:12:3:\n     |\n  12 |   constructor() public {\n     |   ^ (Relevant source part starts here and spans across multiple lines).\n  \n  \n  > Artifacts written to /tmp/test--4104-T7j5bdHMmIHK\n  > Compiled successfully using:\n     - solc: 0.8.4+commit.c7e474f2.Emscripten.clang\n  \n  /home/runner/work/neon-compatibility/neon-compatibility\n  \n  /home/runner/work/neon-compatibility/neon-compatibility/node_modules/request/request.js:848\n            var e = new Error('ETIMEDOUT')\n                    ^\n  Error: PollingBlockTracker - encountered an error while attempting to update latest block:\n  Error: ETIMEDOUT\n      at Timeout.<anonymous> (/home/runner/work/neon-compatibility/neon-compatibility/node_modules/request/request.js:848:19)\n      at listOnTimeout (node:internal/timers:557:17)\n      at processTimers (node:internal/timers:500:7)\n      at PollingBlockTracker._performSync (/home/runner/work/neon-compatibility/neon-compatibility/node_modules/eth-block-tracker/src/polling.js:51:24)\n      at processTicksAndRejections (node:internal/process/task_queues:96:5)\n      at runNextTicks (node:internal/process/task_queues:65:3)\n      at listOnTimeout (node:internal/timers:526:9)\n      at processTimers (node:internal/timers:500:7)\n  \nassert 'Error: ETIMEDOUT' not in '/home/runne...ers:500:7)\\n'\n  'Error: ETIMEDOUT' is contained here:\n    st block:\n    Error: ETIMEDOUT\n        at Timeout.<anonymous> (/home/runner/work/neon-compatibility/neon-compatibility/node_modules/request/request.js:848:19)\n        at listOnTimeout (node:internal/timers:557:17)\n        at processTimers (node:internal/timers:500:7)\n        at PollingBlockTracker._performSync (/home/runner/work/neon-compatibility/neon-compatibility/node_modules/eth-block-tracker/src/polling.js:51:24)\n        at processTicksAndRejections (node:internal/process/task_queues:96:5)\n        at runNextTicks (node:internal/process/task_queues:65:3)\n        at listOnTimeout (node:internal/timers:526:9)\n        at processTimers (node:internal/timers:500:7)",
      "children" : [ {
        "name" : "test_truffle_test",
        "uid" : "d8025b33bf625056",
        "parentUid" : "688c6a93f80fe6478954f05ae24796e3",
        "status" : "failed",
        "time" : {
          "start" : 1641602443378,
          "stop" : 1641602499868,
          "duration" : 56490
        },
        "flaky" : false,
        "newFailed" : true,
        "newPassed" : false,
        "newBroken" : false,
        "retriesCount" : 0,
        "retriesStatusChange" : false,
        "parameters" : [ ]
      } ],
      "uid" : "688c6a93f80fe6478954f05ae24796e3"
    }, {
      "name" : "AssertionError: \n  Compiling your contracts...\n  ===========================\n  > Compiling ./contracts/ERC20Test.sol\n  > Compiling ./contracts/Migrations.sol\n  > Compiling ./contracts/SelfDestructTest.sol\n  > Compiling @openzeppelin/contracts/access/Ownable.sol\n  > Compiling @openzeppelin/contracts/token/ERC20/ERC20.sol\n  > Compiling @openzeppelin/contracts/token/ERC20/IERC20.sol\n  > Compiling @openzeppelin/contracts/token/ERC20/extensions/IERC20Metadata.sol\n  > Compiling @openzeppelin/contracts/utils/Context.sol\n  > Compilation warnings encountered:\n  \n      Warning: SPDX license identifier not provided in source file. Before publishing, consider adding a comment containing \"SPDX-License-Identifier: <SPDX-License>\" to each source file. Use \"SPDX-License-Identifier: UNLICENSED\" for non-open-source code. Please see https://spdx.org for more information.\n  --> project:/contracts/SelfDestructTest.sol\n  \n  ,Warning: This contract has a payable fallback function, but no receive ether function. Consider adding a receive ether function.\n   --> project:/contracts/SelfDestructTest.sol:5:1:\n    |\n  5 | contract SelfDestructTest is Ownable{\n    | ^ (Relevant source part starts here and spans across multiple lines).\n  Note: The payable fallback function is defined here.\n    --> project:/contracts/SelfDestructTest.sol:20:5:\n     |\n  20 |     fallback() external payable {}\n     |     ^^^^^^^^^^^^^^^^^^^^^^^^^^^^^^\n  \n  ,Warning: Function state mutability can be restricted to pure\n    --> project:/contracts/SelfDestructTest.sol:12:5:\n     |\n  12 |     function staticData() public view returns(string memory) {\n     |     ^ (Relevant source part starts here and spans across multiple lines).\n  \n  \n  > Artifacts written to /home/runner/work/neon-compatibility/neon-compatibility/issues/364/build/contracts\n  > Compiled successfully using:\n     - solc: 0.8.4+commit.c7e474f2.Emscripten.clang\n  \n  \n  \n  Starting migrations...\n  ======================\n  > Network name:    'neonlabs'\n  > Network id:      111\n  > Block gas limit: 6721975 (0x6691b7)\n  \n  \n  3_selfDestructTest.js\n  =====================\n  \n     Deploying 'SelfDestructTest'\n     ----------------------------\n  \n  Error: ETIMEDOUT\n  {\n    \"originalError\": {\n      \"code\": \"ETIMEDOUT\",\n      \"connect\": true\n    }\n  }\n      at Object._fireError (/home/runner/work/neon-compatibility/neon-compatibility/node_modules/truffle/build/webpack:/node_modules/web3-utils/lib/index.js:49:1)\n      at sendTxCallback (/home/runner/work/neon-compatibility/neon-compatibility/node_modules/truffle/build/webpack:/node_modules/web3-eth/node_modules/web3-core-method/lib/index.js:539:1)\n      at /home/runner/work/neon-compatibility/neon-compatibility/node_modules/truffle/build/webpack:/node_modules/web3/node_modules/web3-core-requestmanager/lib/index.js:299:1\n      at /home/runner/work/neon-compatibility/neon-compatibility/node_modules/@trufflesuite/web3-provider-engine/index.js:238:9\n      at /home/runner/work/neon-compatibility/neon-compatibility/node_modules/async/internal/once.js:12:16\n      at replenish (/home/runner/work/neon-compatibility/neon-compatibility/node_modules/async/internal/eachOfLimit.js:61:25)\n      at /home/runner/work/neon-compatibility/neon-compatibility/node_modules/async/internal/eachOfLimit.js:71:9\n      at eachLimit (/home/runner/work/neon-compatibility/neon-compatibility/node_modules/async/eachLimit.js:43:36)\n      at /home/runner/work/neon-compatibility/neon-compatibility/node_modules/async/internal/doLimit.js:9:16\n      at end (/home/runner/work/neon-compatibility/neon-compatibility/node_modules/@trufflesuite/web3-provider-engine/index.js:217:5)\n      at Request._callback (/home/runner/work/neon-compatibility/neon-compatibility/node_modules/@trufflesuite/web3-provider-engine/subproviders/rpc.js:36:21)\n      at self.callback (/home/runner/work/neon-compatibility/neon-compatibility/node_modules/request/request.js:185:22)\n      at Request.emit (node:events:390:28)\n      at Timeout.<anonymous> (/home/runner/work/neon-compatibility/neon-compatibility/node_modules/request/request.js:851:16)\n      at listOnTimeout (node:internal/timers:557:17)\n      at processTimers (node:internal/timers:500:7)\n  Truffle v5.4.14 (core: 5.4.14)\n  Node v16.13.1\n  \nassert 1 == 0\n +  where 1 = CompletedProcess(args='cd issues/364; ../../node_modules/.bin/truffle --network neonlabs migrate -f 3 --to 3', returnc...7:17)\\n    at processTimers (node:internal/timers:500:7)\\nTruffle v5.4.14 (core: 5.4.14)\\nNode v16.13.1\\n', stderr=b'').returncode",
      "children" : [ {
        "name" : "test_issue_364_self_destruct_contract",
        "uid" : "632928cd00a330da",
        "parentUid" : "2dad21c7f59435654ec34b08ba1fb5e1",
        "status" : "failed",
        "time" : {
          "start" : 1641602499886,
          "stop" : 1641602540934,
          "duration" : 41048
        },
        "flaky" : false,
        "newFailed" : false,
        "newPassed" : false,
        "newBroken" : false,
        "retriesCount" : 0,
        "retriesStatusChange" : false,
        "parameters" : [ ]
      } ],
      "uid" : "2dad21c7f59435654ec34b08ba1fb5e1"
    } ],
    "uid" : "750dee1fdd8e7db2bba7cd1ef19a74e3"
  }, {
    "name" : "neon-cli error",
    "children" : [ {
      "name" : "Returned error: Command '['neon-cli', '--commitment=recent', '--url', 'http://10.2.0.2:8899', '--evm_loader=53DfF883gyixYNXnM7s5xhdeyV8mVk9T4i2hGV9vG9io', '-vvv', 'emulate', '--token_mint', 'HPsV9Deocecw3GeZv1FkAPNCBRfuVyfw9MMwjwRe1xaU', '16e4ab98ab6eea10e41e521465cdefdab51b9802', '46daad29899d788297a99da564577718dc87b2d6', 'f340fa01000000000000000000000000730b0b73b0b86669a0646e723edd16e23c8ba117', '0x2ed6689e54f180000']' returned non-zero exit status 1.",
      "children" : [ {
        "name" : "does not allow beneficiary withdrawal",
        "uid" : "6cd9fd6d93195b92",
        "parentUid" : "53ccffecd6e50d1604a65e354ab38e43",
        "status" : "broken",
        "time" : {
          "start" : 1641602646838,
          "stop" : 1641602648524,
          "duration" : 1686
        },
        "flaky" : false,
        "newFailed" : false,
        "newPassed" : false,
        "newBroken" : false,
        "retriesCount" : 0,
        "retriesStatusChange" : false,
        "parameters" : [ ]
      } ],
      "uid" : "53ccffecd6e50d1604a65e354ab38e43"
    } ],
    "uid" : "ab13defd9861368d6ead20590d94f1ed"
  } ],
  "name" : "categories"
}