{
  "uid" : "4b4757e66a1912dae1a509f688f20b0f",
  "children" : [ {
    "name" : "Test defects",
    "children" : [ {
      "name" : "brownie.exceptions.RPCRequestError: 'EthereumModel' object has no attribute 'debug_traceTransaction'",
      "children" : [ {
        "name" : "test_returns_true",
        "uid" : "e95196f3b88a34e4",
        "parentUid" : "440fe0059ab542d32d4881e051951b40",
        "status" : "broken",
        "time" : {
          "start" : 1640757235235,
          "stop" : 1640757237814,
          "duration" : 2579
        },
        "flaky" : false,
        "newFailed" : false,
        "newPassed" : false,
        "newBroken" : false,
        "retriesCount" : 0,
        "retriesStatusChange" : false,
        "parameters" : [ ]
      }, {
        "name" : "test_returns_true",
        "uid" : "b1b95056b9774d89",
        "parentUid" : "440fe0059ab542d32d4881e051951b40",
        "status" : "broken",
        "time" : {
          "start" : 1640757250129,
          "stop" : 1640757252484,
          "duration" : 2355
        },
        "flaky" : false,
        "newFailed" : false,
        "newPassed" : false,
        "newBroken" : false,
        "retriesCount" : 0,
        "retriesStatusChange" : false,
        "parameters" : [ ]
      }, {
        "name" : "test_returns_true",
        "uid" : "1d732d2c1f9cc06a",
        "parentUid" : "440fe0059ab542d32d4881e051951b40",
        "status" : "broken",
        "time" : {
          "start" : 1640757293940,
          "stop" : 1640757297631,
          "duration" : 3691
        },
        "flaky" : false,
        "newFailed" : false,
        "newPassed" : false,
        "newBroken" : false,
        "retriesCount" : 0,
        "retriesStatusChange" : false,
        "parameters" : [ ]
      } ],
      "uid" : "440fe0059ab542d32d4881e051951b40"
    }, {
      "name" : "ValueError: Gas estimation failed: 'execution reverted: Insufficient balance'. This transaction will likely revert. If you wish to broadcast, you must set the gas limit manually.",
      "children" : [ {
        "name" : "test_insufficient_balance",
        "uid" : "cf456b76d29b7a87",
        "parentUid" : "5f4213889cfcdff121652c3e5acdd001",
        "status" : "broken",
        "time" : {
          "start" : 1640757260793,
          "stop" : 1640757261385,
          "duration" : 592
        },
        "flaky" : false,
        "newFailed" : false,
        "newPassed" : false,
        "newBroken" : false,
        "retriesCount" : 0,
        "retriesStatusChange" : false,
        "parameters" : [ ]
      }, {
        "name" : "test_insufficient_balance",
        "uid" : "781c333c1ad9b836",
        "parentUid" : "5f4213889cfcdff121652c3e5acdd001",
        "status" : "broken",
        "time" : {
          "start" : 1640757310209,
          "stop" : 1640757312580,
          "duration" : 2371
        },
        "flaky" : false,
        "newFailed" : false,
        "newPassed" : false,
        "newBroken" : false,
        "retriesCount" : 0,
        "retriesStatusChange" : false,
        "parameters" : [ ]
      } ],
      "uid" : "5f4213889cfcdff121652c3e5acdd001"
    }, {
      "name" : "OverflowError: approve '-1' - -1 is outside allowable range for uint256",
      "children" : [ {
        "name" : "test_insufficient_approval",
        "uid" : "8c2afca56b96c529",
        "parentUid" : "3076f8d9ffd7bab937e7bd2d28ebd8a0",
        "status" : "broken",
        "time" : {
          "start" : 1640757312663,
          "stop" : 1640757312874,
          "duration" : 211
        },
        "flaky" : false,
        "newFailed" : false,
        "newPassed" : false,
        "newBroken" : false,
        "retriesCount" : 0,
        "retriesStatusChange" : false,
        "parameters" : [ ]
      } ],
      "uid" : "3076f8d9ffd7bab937e7bd2d28ebd8a0"
    } ],
    "uid" : "bdbf199525818fae7a8651db9eafe741"
  }, {
    "name" : "Product defects",
    "children" : [ {
      "name" : "AssertionError: Transaction did not revert",
      "children" : [ {
        "name" : "test_no_approval",
        "uid" : "ab47561c7614b96b",
        "parentUid" : "90f888e015672ae267836a9e2c59904f",
        "status" : "failed",
        "time" : {
          "start" : 1640757312986,
          "stop" : 1640757315074,
          "duration" : 2088
        },
        "flaky" : false,
        "newFailed" : false,
        "newPassed" : false,
        "newBroken" : false,
        "retriesCount" : 0,
        "retriesStatusChange" : false,
        "parameters" : [ ]
      }, {
        "name" : "test_revoked_approval",
        "uid" : "2ac64e15e58b0083",
        "parentUid" : "90f888e015672ae267836a9e2c59904f",
        "status" : "failed",
        "time" : {
          "start" : 1640757315091,
          "stop" : 1640757320819,
          "duration" : 5728
        },
        "flaky" : false,
        "newFailed" : false,
        "newPassed" : false,
        "newBroken" : false,
        "retriesCount" : 0,
        "retriesStatusChange" : false,
        "parameters" : [ ]
      }, {
        "name" : "test_transfer_to_self_no_approval",
        "uid" : "297375054f3cf401",
        "parentUid" : "90f888e015672ae267836a9e2c59904f",
        "status" : "failed",
        "time" : {
          "start" : 1640757324918,
          "stop" : 1640757327001,
          "duration" : 2083
        },
        "flaky" : false,
        "newFailed" : false,
        "newPassed" : false,
        "newBroken" : false,
        "retriesCount" : 0,
        "retriesStatusChange" : false,
        "parameters" : [ ]
      } ],
      "uid" : "90f888e015672ae267836a9e2c59904f"
    }, {
      "name" : "AssertionError: assert 'Error: Coul... any sources' not in '/home/runne...ttempt #1.\\n'\n  'Error: Could not f...ns from any sources' is contained here:\n           ^\n    \n    Error: Could not find artifacts for Migrations from any sources\n        at Resolver.require (/home/runner/work/neon-compatibility/neon-compatibility/node_modules/truffle/build/webpack:/packages/resolver/dist/lib/resolver.js:61:1)\n        at Object.require (/home/runner/work/neon-compatibility/neon-compatibility/node_modules/truffle/build/webpack:/packages/migrate/index.js:172:1)\n        at ResolverIntercept.require (/home/runner/work/neon-compatibility/neon-compatibility/node_modules/truffle/build/webpack:/packages/migrate/ResolverIntercept.js:22:1)\n        at /home/runner/work/neon-compatibility/neon-compatibility/OpenZeppelin/migrations/1_initial_migration.js:1:30\n        at Script.runInContext (node:vm:139:12)\n        at Script.runInNewContext (node:vm:144:17)\n        at Object.file (/home/runner/work/neon-compatibility/neon-compatibility/node_modules/truffle/build/webpack:/packages/require/require.js:94:1)\n        at Migration._load (/home/runner/work/neon-compatibility/neon-compatibility/node_modules/truffle/build/webpack:/packages/migrate/Migration.js:44:1)\n        at Migration.run (/home/runner/work/neon-compatibility/neon-compatibility/node_modules/truffle/build/webpack:/packages/migrate/Migration.js:217:1)\n        at Object.runMigrations (/home/runner/work/neon-compatibility/neon-compatibility/node_modules/truffle/build/webpack:/packages/migrate/index.js:150:1)\n        at Object.runFrom (/home/runner/work/neon-compatibility/neon-compatibility/node_modules/truffle/build/webpack:/packages/migrate/index.js:110:1)\n        at Object.runAll (/home/runner/work/neon-compatibility/neon-compatibility/node_modules/truffle/build/webpack:/packages/migrate/index.js:114:1)\n        at Object.run (/home/runner/work/neon-compatibility/neon-compatibility/node_modules/truffle/build/webpack:/packages/migrate/index.js:79:1)\n        at Object.run (/home/runner/work/neon-compatibility/neon-compatibility/node_modules/truffle/build/webpack:/packages/core/lib/testing/Test.js:109:1)\n        at Object.run (/home/runner/work/neon-compatibility/neon-compatibility/node_modules/truffle/build/webpack:/packages/core/lib/commands/test/index.js:177:1)\n        at Command.run (/home/runner/work/neon-compatibility/neon-compatibility/node_modules/truffle/build/webpack:/packages/core/lib/command.js:183:1)\n    Truffle v5.4.14 (core: 5.4.14)\n    Node v16.13.1\n    /home/runner/work/neon-compatibility/neon-compatibility\n    - Fetching solc version list from solc-bin. Attempt #1\n    âœ” Downloading compiler. Attempt #1.",
      "children" : [ {
        "name" : "test_contracts[input_data0]",
        "uid" : "a80c1a08c660ffc8",
        "parentUid" : "38d3bb28c4e7f58bedfceca8a53a3178",
        "status" : "failed",
        "time" : {
          "start" : 1640757331222,
          "stop" : 1640757354396,
          "duration" : 23174
        },
        "flaky" : false,
        "newFailed" : false,
        "newPassed" : false,
        "newBroken" : false,
        "retriesCount" : 0,
        "retriesStatusChange" : false,
        "parameters" : [ "InputData(test_file='access/Ownable.test.js', test_files=['access/Ownable.test.js'], contracts=['access/Ownable.sol', 'mocks/OwnableMock.sol', 'mocks/AccessControlMock.sol', 'mocks/AccessControlEnumerableMock.sol', 'access/AccessControlEnumerable.sol', 'access/IAccessControlEnumerable.sol', 'utils/structs/EnumerableSet.sol', 'access/AccessControl.sol', 'utils/Context.sol', 'access/IAccessControl.sol', 'utils/Strings.sol', 'utils/introspection/ERC165.sol', 'utils/introspection/IERC165.sol'], migration_script='2_deploy_contracts.js')" ]
      } ],
      "uid" : "38d3bb28c4e7f58bedfceca8a53a3178"
    }, {
      "name" : "AssertionError: assert 'Error: Coul... any sources' not in '/home/runne...patibility\\n'\n  'Error: Could not f...ns from any sources' is contained here:\n           ^\n    \n    Error: Could not find artifacts for Migrations from any sources\n        at Resolver.require (/home/runner/work/neon-compatibility/neon-compatibility/node_modules/truffle/build/webpack:/packages/resolver/dist/lib/resolver.js:61:1)\n        at Object.require (/home/runner/work/neon-compatibility/neon-compatibility/node_modules/truffle/build/webpack:/packages/migrate/index.js:172:1)\n        at ResolverIntercept.require (/home/runner/work/neon-compatibility/neon-compatibility/node_modules/truffle/build/webpack:/packages/migrate/ResolverIntercept.js:22:1)\n        at /home/runner/work/neon-compatibility/neon-compatibility/OpenZeppelin/migrations/1_initial_migration.js:1:30\n        at Script.runInContext (node:vm:139:12)\n        at Script.runInNewContext (node:vm:144:17)\n        at Object.file (/home/runner/work/neon-compatibility/neon-compatibility/node_modules/truffle/build/webpack:/packages/require/require.js:94:1)\n        at Migration._load (/home/runner/work/neon-compatibility/neon-compatibility/node_modules/truffle/build/webpack:/packages/migrate/Migration.js:44:1)\n        at Migration.run (/home/runner/work/neon-compatibility/neon-compatibility/node_modules/truffle/build/webpack:/packages/migrate/Migration.js:217:1)\n        at Object.runMigrations (/home/runner/work/neon-compatibility/neon-compatibility/node_modules/truffle/build/webpack:/packages/migrate/index.js:150:1)\n        at Object.runFrom (/home/runner/work/neon-compatibility/neon-compatibility/node_modules/truffle/build/webpack:/packages/migrate/index.js:110:1)\n        at Object.runAll (/home/runner/work/neon-compatibility/neon-compatibility/node_modules/truffle/build/webpack:/packages/migrate/index.js:114:1)\n        at Object.run (/home/runner/work/neon-compatibility/neon-compatibility/node_modules/truffle/build/webpack:/packages/migrate/index.js:79:1)\n        at Object.run (/home/runner/work/neon-compatibility/neon-compatibility/node_modules/truffle/build/webpack:/packages/core/lib/testing/Test.js:109:1)\n        at Object.run (/home/runner/work/neon-compatibility/neon-compatibility/node_modules/truffle/build/webpack:/packages/core/lib/commands/test/index.js:177:1)\n        at Command.run (/home/runner/work/neon-compatibility/neon-compatibility/node_modules/truffle/build/webpack:/packages/core/lib/command.js:183:1)\n    Truffle v5.4.14 (core: 5.4.14)\n    Node v16.13.1\n    /home/runner/work/neon-compatibility/neon-compatibility",
      "children" : [ {
        "name" : "test_contracts[input_data1]",
        "uid" : "c5ab9d34c8a7e804",
        "parentUid" : "1f689f49ec365620ebd0eef9cfede94c",
        "status" : "failed",
        "time" : {
          "start" : 1640757354421,
          "stop" : 1640757376288,
          "duration" : 21867
        },
        "flaky" : false,
        "newFailed" : false,
        "newPassed" : false,
        "newBroken" : false,
        "retriesCount" : 0,
        "retriesStatusChange" : false,
        "parameters" : [ "InputData(test_file='access/AccessControl.test.js', test_files=['access/AccessControl.test.js', 'access/AccessControl.behavior.js'], contracts=['mocks/AccessControlMock.sol', 'mocks/AccessControlEnumerableMock.sol', 'access/AccessControlEnumerable.sol', 'access/IAccessControlEnumerable.sol', 'utils/structs/EnumerableSet.sol', 'access/AccessControl.sol', 'utils/Strings.sol', 'utils/introspection/ERC165.sol', 'interfaces/IERC165.sol', 'utils/introspection/IERC165.sol'], migration_script='2_deploy_contracts.js')" ]
      }, {
        "name" : "test_contracts[input_data2]",
        "uid" : "1a369c5ecaa03e72",
        "parentUid" : "1f689f49ec365620ebd0eef9cfede94c",
        "status" : "failed",
        "time" : {
          "start" : 1640757376313,
          "stop" : 1640757398139,
          "duration" : 21826
        },
        "flaky" : false,
        "newFailed" : false,
        "newPassed" : false,
        "newBroken" : false,
        "retriesCount" : 0,
        "retriesStatusChange" : false,
        "parameters" : [ "InputData(test_file='access/AccessControlEnumerable.test.js', test_files=['access/AccessControlEnumerable.test.js', 'access/AccessControl.behavior.js'], contracts=['utils/Strings.sol', 'utils/introspection/ERC165.sol', 'mocks/AccessControlEnumerableMock.sol'], migration_script='2_deploy_contracts.js')" ]
      }, {
        "name" : "test_contracts[input_data3]",
        "uid" : "71aa4bc41b451b4b",
        "parentUid" : "1f689f49ec365620ebd0eef9cfede94c",
        "status" : "failed",
        "time" : {
          "start" : 1640757398163,
          "stop" : 1640757420165,
          "duration" : 22002
        },
        "flaky" : false,
        "newFailed" : false,
        "newPassed" : false,
        "newBroken" : false,
        "retriesCount" : 0,
        "retriesStatusChange" : false,
        "parameters" : [ "InputData(test_file='finance/PaymentSplitter.test.js', test_files=['finance/PaymentSplitter.test.js'], contracts=['finance/PaymentSplitter.sol', 'utils/Address.sol', 'utils/Context.sol', 'access/IAccessControl.sol', 'utils/Strings.sol', 'utils/introspection/ERC165.sol', 'interfaces/IERC165.sol', 'utils/introspection/IERC165.sol'], migration_script='3_deploy_contracts.js')" ]
      } ],
      "uid" : "1f689f49ec365620ebd0eef9cfede94c"
    }, {
      "name" : "AssertionError: assert 'Error:  ***...t Failed ***' not in '/home/runne...patibility\\n'\n  'Error:  *** Deployment Failed ***' is contained here:\n    --------\n    \n    Error:  *** Deployment Failed ***\n    \n    \"Migrations\" -- Transaction simulation failed: Error processing Instruction 0: custom program error: 0x4\n    {\n      \"accounts\": null,\n      \"err\": {\n        \"InstructionError\": [\n          0,\n          {\n            \"Custom\": 4\n          }\n        ]\n      },\n      \"logs\": [\n        \"Program 53DfF883gyixYNXnM7s5xhdeyV8mVk9T4i2hGV9vG9io invoke [1]\",\n        \"Program log: program/src/storage_account.rs:76\",\n        \"Program 53DfF883gyixYNXnM7s5xhdeyV8mVk9T4i2hGV9vG9io consumed 4627 of 500000 compute units\",\n        \"Program 53DfF883gyixYNXnM7s5xhdeyV8mVk9T4i2hGV9vG9io failed: custom program error: 0x4\"\n      ]\n    }.\n    \n        at /home/runner/work/neon-compatibility/neon-compatibility/node_modules/truffle/build/webpack:/packages/deployer/src/deployment.js:365:1\n        at processTicksAndRejections (node:internal/process/task_queues:96:5)\n        at Migration._deploy (/home/runner/work/neon-compatibility/neon-compatibility/node_modules/truffle/build/webpack:/packages/migrate/Migration.js:70:1)\n        at Migration._load (/home/runner/work/neon-compatibility/neon-compatibility/node_modules/truffle/build/webpack:/packages/migrate/Migration.js:56:1)\n        at Migration.run (/home/runner/work/neon-compatibility/neon-compatibility/node_modules/truffle/build/webpack:/packages/migrate/Migration.js:217:1)\n        at Object.runMigrations (/home/runner/work/neon-compatibility/neon-compatibility/node_modules/truffle/build/webpack:/packages/migrate/index.js:150:1)\n        at Object.runFrom (/home/runner/work/neon-compatibility/neon-compatibility/node_modules/truffle/build/webpack:/packages/migrate/index.js:110:1)\n        at Object.run (/home/runner/work/neon-compatibility/neon-compatibility/node_modules/truffle/build/webpack:/packages/migrate/index.js:87:1)\n        at runMigrations (/home/runner/work/neon-compatibility/neon-compatibility/node_modules/truffle/build/webpack:/packages/core/lib/commands/migrate.js:258:1)\n        at Object.run (/home/runner/work/neon-compatibility/neon-compatibility/node_modules/truffle/build/webpack:/packages/core/lib/commands/migrate.js:223:1)\n        at Command.run (/home/runner/work/neon-compatibility/neon-compatibility/node_modules/truffle/build/webpack:/packages/core/lib/command.js:183:1)\n    Truffle v5.4.14 (core: 5.4.14)\n    Node v16.13.1\n    /home/runner/work/neon-compatibility/neon-compatibility",
      "children" : [ {
        "name" : "test_truffle_migration",
        "uid" : "b0f3da7e07abeca5",
        "parentUid" : "5a1df145c93073d7b17d6550f6dbcb48",
        "status" : "failed",
        "time" : {
          "start" : 1640757420189,
          "stop" : 1640757440190,
          "duration" : 20001
        },
        "flaky" : false,
        "newFailed" : false,
        "newPassed" : false,
        "newBroken" : false,
        "retriesCount" : 0,
        "retriesStatusChange" : false,
        "parameters" : [ ]
      } ],
      "uid" : "5a1df145c93073d7b17d6550f6dbcb48"
    }, {
      "name" : "AssertionError: \n  Compiling your contracts...\n  ===========================\n  > Compiling ./contracts/ERC20Test.sol\n  > Compiling ./contracts/Migrations.sol\n  > Compiling ./contracts/SelfDestructTest.sol\n  > Compiling @openzeppelin/contracts/access/Ownable.sol\n  > Compiling @openzeppelin/contracts/token/ERC20/ERC20.sol\n  > Compiling @openzeppelin/contracts/token/ERC20/IERC20.sol\n  > Compiling @openzeppelin/contracts/token/ERC20/extensions/IERC20Metadata.sol\n  > Compiling @openzeppelin/contracts/utils/Context.sol\n  > Compilation warnings encountered:\n  \n      Warning: SPDX license identifier not provided in source file. Before publishing, consider adding a comment containing \"SPDX-License-Identifier: <SPDX-License>\" to each source file. Use \"SPDX-License-Identifier: UNLICENSED\" for non-open-source code. Please see https://spdx.org for more information.\n  --> project:/contracts/SelfDestructTest.sol\n  \n  ,Warning: This contract has a payable fallback function, but no receive ether function. Consider adding a receive ether function.\n   --> project:/contracts/SelfDestructTest.sol:5:1:\n    |\n  5 | contract SelfDestructTest is Ownable{\n    | ^ (Relevant source part starts here and spans across multiple lines).\n  Note: The payable fallback function is defined here.\n    --> project:/contracts/SelfDestructTest.sol:20:5:\n     |\n  20 |     fallback() external payable {}\n     |     ^^^^^^^^^^^^^^^^^^^^^^^^^^^^^^\n  \n  ,Warning: Function state mutability can be restricted to pure\n    --> project:/contracts/SelfDestructTest.sol:12:5:\n     |\n  12 |     function staticData() public view returns(string memory) {\n     |     ^ (Relevant source part starts here and spans across multiple lines).\n  \n  \n  > Artifacts written to /home/runner/work/neon-compatibility/neon-compatibility/issues/364/build/contracts\n  > Compiled successfully using:\n     - solc: 0.8.4+commit.c7e474f2.Emscripten.clang\n  \n  \n  \n  Starting migrations...\n  ======================\n  > Network name:    'neonlabs'\n  > Network id:      111\n  > Block gas limit: 6721975 (0x6691b7)\n  \n  \n  3_selfDestructTest.js\n  =====================\n  \n     Deploying 'SelfDestructTest'\n     ----------------------------\n  \n  Error:  *** Deployment Failed ***\n  \n  \"SelfDestructTest\" -- Transaction simulation failed: Error processing Instruction 0: custom program error: 0x4\n  {\n    \"accounts\": null,\n    \"err\": {\n      \"InstructionError\": [\n        0,\n        {\n          \"Custom\": 4\n        }\n      ]\n    },\n    \"logs\": [\n      \"Program 53DfF883gyixYNXnM7s5xhdeyV8mVk9T4i2hGV9vG9io invoke [1]\",\n      \"Program log: program/src/storage_account.rs:76\",\n      \"Program 53DfF883gyixYNXnM7s5xhdeyV8mVk9T4i2hGV9vG9io consumed 4627 of 500000 compute units\",\n      \"Program 53DfF883gyixYNXnM7s5xhdeyV8mVk9T4i2hGV9vG9io failed: custom program error: 0x4\"\n    ]\n  }.\n  \n      at /home/runner/work/neon-compatibility/neon-compatibility/node_modules/truffle/build/webpack:/packages/deployer/src/deployment.js:365:1\n      at processTicksAndRejections (node:internal/process/task_queues:96:5)\n      at module.exports (/home/runner/work/neon-compatibility/neon-compatibility/issues/364/migrations/3_selfDestructTest.js:6:5)\n      at Migration._deploy (/home/runner/work/neon-compatibility/neon-compatibility/node_modules/truffle/build/webpack:/packages/migrate/Migration.js:75:1)\n      at Migration._load (/home/runner/work/neon-compatibility/neon-compatibility/node_modules/truffle/build/webpack:/packages/migrate/Migration.js:56:1)\n      at Migration.run (/home/runner/work/neon-compatibility/neon-compatibility/node_modules/truffle/build/webpack:/packages/migrate/Migration.js:217:1)\n      at Object.runMigrations (/home/runner/work/neon-compatibility/neon-compatibility/node_modules/truffle/build/webpack:/packages/migrate/index.js:150:1)\n      at Object.runFrom (/home/runner/work/neon-compatibility/neon-compatibility/node_modules/truffle/build/webpack:/packages/migrate/index.js:110:1)\n      at runMigrations (/home/runner/work/neon-compatibility/neon-compatibility/node_modules/truffle/build/webpack:/packages/core/lib/commands/migrate.js:253:1)\n      at Object.run (/home/runner/work/neon-compatibility/neon-compatibility/node_modules/truffle/build/webpack:/packages/core/lib/commands/migrate.js:223:1)\n      at Command.run (/home/runner/work/neon-compatibility/neon-compatibility/node_modules/truffle/build/webpack:/packages/core/lib/command.js:183:1)\n  Truffle v5.4.14 (core: 5.4.14)\n  Node v16.13.1\n  \nassert 1 == 0\n +  where 1 = CompletedProcess(args='cd issues/364; ../../node_modules/.bin/truffle --network neonlabs migrate -f 3 --to 3', returnc...uffle/build/webpack:/packages/core/lib/command.js:183:1)\\nTruffle v5.4.14 (core: 5.4.14)\\nNode v16.13.1\\n', stderr=b'').returncode",
      "children" : [ {
        "name" : "test_issue_364_self_destruct_contract",
        "uid" : "eb77a5dcca7a2a68",
        "parentUid" : "2475910c860860a34a358a78351acef6",
        "status" : "failed",
        "time" : {
          "start" : 1640757494362,
          "stop" : 1640757520559,
          "duration" : 26197
        },
        "flaky" : false,
        "newFailed" : false,
        "newPassed" : false,
        "newBroken" : false,
        "retriesCount" : 0,
        "retriesStatusChange" : false,
        "parameters" : [ ]
      } ],
      "uid" : "2475910c860860a34a358a78351acef6"
    } ],
    "uid" : "8fb3a91ba5aaf9de24cc8a92edc82b5d"
  } ],
  "name" : "categories"
}