{
  "uid" : "12520f64fccae706",
  "name" : "test_truffle_migration",
  "fullName" : "tests.truffle.test_truffle#test_truffle_migration",
  "historyId" : "e63c5a1b531c2472845045a6f65cedaf",
  "time" : {
    "start" : 1647505555895,
    "stop" : 1647505586373,
    "duration" : 30478
  },
  "status" : "failed",
  "statusMessage" : "AssertionError: assert \"message: 'ESOCKETTIMEDOUT'\" not in '/home/runne...net:501:8)\\n'\n  \"message: 'ESOCKETTIMEDOUT'\" is contained here:\n    -32603,\n      message: 'ESOCKETTIMEDOUT',\n      data: { originalError: { code: 'ESOCKETTIMEDOUT', connect: false } },\n      stack: 'Error: ESOCKETTIMEDOUT\\n' +\n        '    at ClientRequest.<anonymous> (/home/runner/work/neon-compatibility/neon-compatibility/node_modules/request/request.js:816:19)\\n' +\n        '    at Object.onceWrapper (node:events:639:28)\\n' +\n        '    at ClientRequest.emit (node:events:520:28)\\n' +\n        '    at TLSSocket.emitRequestTimeout (node:_http_client:758:9)\\n' +\n        '    at Object.onceWrapper (node:events:639:28)\\n' +\n        '    at TLSSocket.emit (node:events:532:35)\\n' +\n        '    at TLSSocket.Socket._onTimeout (node:net:501:8)\\n' +\n        '    at listOnTimeout (node:internal/timers:559:17)\\n' +\n        '    at processTimers (node:internal/timers:502:7)'\n    })\n        at new NodeError (node:internal/errors:371:5)\n        at Web3ProviderEngine.emit (node:events:509:17)\n        at /home/runner/work/neon-compatibility/neon-compatibility/node_modules/@trufflesuite/web3-provider-engine/index.js:57:14\n        at afterRequest (/home/runner/work/neon-compatibility/neon-compatibility/node_modules/@trufflesuite/web3-provider-engine/index.js:151:21)\n        at /home/runner/work/neon-compatibility/neon-compatibility/node_modules/@trufflesuite/web3-provider-engine/index.js:176:21\n        at /home/runner/work/neon-compatibility/neon-compatibility/node_modules/@trufflesuite/web3-provider-engine/index.js:238:9\n        at /home/runner/work/neon-compatibility/neon-compatibility/node_modules/async/internal/once.js:12:16\n        at replenish (/home/runner/work/neon-compatibility/neon-compatibility/node_modules/async/internal/eachOfLimit.js:61:25)\n        at /home/runner/work/neon-compatibility/neon-compatibility/node_modules/async/internal/eachOfLimit.js:71:9\n        at eachLimit (/home/runner/work/neon-compatibility/neon-compatibility/node_modules/async/eachLimit.js:43:36)\n        at /home/runner/work/neon-compatibility/neon-compatibility/node_modules/async/internal/doLimit.js:9:16\n        at end (/home/runner/work/neon-compatibility/neon-compatibility/node_modules/@trufflesuite/web3-provider-engine/index.js:217:5)\n        at Request._callback (/home/runner/work/neon-compatibility/neon-compatibility/node_modules/@trufflesuite/web3-provider-engine/subproviders/rpc.js:36:21)\n        at self.callback (/home/runner/work/neon-compatibility/neon-compatibility/node_modules/request/request.js:185:22)\n        at Request.emit (node:events:520:28)\n        at ClientRequest.<anonymous> (/home/runner/work/neon-compatibility/neon-compatibility/node_modules/request/request.js:819:16)\n        at Object.onceWrapper (node:events:639:28)\n        at ClientRequest.emit (node:events:520:28)\n        at TLSSocket.emitRequestTimeout (node:_http_client:758:9)\n        at Object.onceWrapper (node:events:639:28)\n        at TLSSocket.emit (node:events:532:35)\n        at TLSSocket.Socket._onTimeout (node:net:501:8)",
  "statusTrace" : "@allure.feature(FEATURE)\n    def test_truffle_migration():\n        # truffle migrate --network neonlabs\n        cmd_res = run_command_line(\n            f\"{Subfolder.CD_METACOIN} {RunCommand.TRUFFLE} \" +\n            f\"migrate --network {NETWORK_NAME} {CD_BACK}\")\n        actual_result = cmd_res.stdout.decode() + cmd_res.stderr.decode()\n        assert cmd_res.returncode == 0, actual_result\n        assert TruffleBasedError.ERROR_NO_ATTRIBUTE_ETH_ACCOUNTS \\\n            not in actual_result\n        assert TruffleError.ERROR_COULD_NOT_CONNECT not in actual_result\n        assert TruffleError.ERROR_NOT_AUTHORIZED not in actual_result\n        assert TruffleError.ERROR_TIMEOUT not in actual_result\n        assert TruffleError.ERROR_CANNOT_READ_PROPERTIES not in actual_result\n        assert TruffleError.ERROR_DEPLOYMENT_FAILED not in actual_result\n        assert TruffleError.ERROR_BLOCK_NOT_AVAILABLE not in actual_result\n>       assert TruffleError.ERROR_SOCKET_TIMEOUT not in actual_result\nE       assert \"message: 'ESOCKETTIMEDOUT'\" not in '/home/runne...net:501:8)\\n'\nE         \"message: 'ESOCKETTIMEDOUT'\" is contained here:\nE           -32603,\nE             message: 'ESOCKETTIMEDOUT',\nE             data: { originalError: { code: 'ESOCKETTIMEDOUT', connect: false } },\nE             stack: 'Error: ESOCKETTIMEDOUT\\n' +\nE               '    at ClientRequest.<anonymous> (/home/runner/work/neon-compatibility/neon-compatibility/node_modules/request/request.js:816:19)\\n' +\nE               '    at Object.onceWrapper (node:events:639:28)\\n' +\nE               '    at ClientRequest.emit (node:events:520:28)\\n' +\nE               '    at TLSSocket.emitRequestTimeout (node:_http_client:758:9)\\n' +\nE               '    at Object.onceWrapper (node:events:639:28)\\n' +\nE               '    at TLSSocket.emit (node:events:532:35)\\n' +\nE               '    at TLSSocket.Socket._onTimeout (node:net:501:8)\\n' +\nE               '    at listOnTimeout (node:internal/timers:559:17)\\n' +\nE               '    at processTimers (node:internal/timers:502:7)'\nE           })\nE               at new NodeError (node:internal/errors:371:5)\nE               at Web3ProviderEngine.emit (node:events:509:17)\nE               at /home/runner/work/neon-compatibility/neon-compatibility/node_modules/@trufflesuite/web3-provider-engine/index.js:57:14\nE               at afterRequest (/home/runner/work/neon-compatibility/neon-compatibility/node_modules/@trufflesuite/web3-provider-engine/index.js:151:21)\nE               at /home/runner/work/neon-compatibility/neon-compatibility/node_modules/@trufflesuite/web3-provider-engine/index.js:176:21\nE               at /home/runner/work/neon-compatibility/neon-compatibility/node_modules/@trufflesuite/web3-provider-engine/index.js:238:9\nE               at /home/runner/work/neon-compatibility/neon-compatibility/node_modules/async/internal/once.js:12:16\nE               at replenish (/home/runner/work/neon-compatibility/neon-compatibility/node_modules/async/internal/eachOfLimit.js:61:25)\nE               at /home/runner/work/neon-compatibility/neon-compatibility/node_modules/async/internal/eachOfLimit.js:71:9\nE               at eachLimit (/home/runner/work/neon-compatibility/neon-compatibility/node_modules/async/eachLimit.js:43:36)\nE               at /home/runner/work/neon-compatibility/neon-compatibility/node_modules/async/internal/doLimit.js:9:16\nE               at end (/home/runner/work/neon-compatibility/neon-compatibility/node_modules/@trufflesuite/web3-provider-engine/index.js:217:5)\nE               at Request._callback (/home/runner/work/neon-compatibility/neon-compatibility/node_modules/@trufflesuite/web3-provider-engine/subproviders/rpc.js:36:21)\nE               at self.callback (/home/runner/work/neon-compatibility/neon-compatibility/node_modules/request/request.js:185:22)\nE               at Request.emit (node:events:520:28)\nE               at ClientRequest.<anonymous> (/home/runner/work/neon-compatibility/neon-compatibility/node_modules/request/request.js:819:16)\nE               at Object.onceWrapper (node:events:639:28)\nE               at ClientRequest.emit (node:events:520:28)\nE               at TLSSocket.emitRequestTimeout (node:_http_client:758:9)\nE               at Object.onceWrapper (node:events:639:28)\nE               at TLSSocket.emit (node:events:532:35)\nE               at TLSSocket.Socket._onTimeout (node:net:501:8)\n\ntests/truffle/test_truffle.py:38: AssertionError",
  "flaky" : false,
  "newFailed" : true,
  "newBroken" : false,
  "newPassed" : false,
  "retriesCount" : 0,
  "retriesStatusChange" : false,
  "beforeStages" : [ {
    "name" : "prepare_truffle_config",
    "time" : {
      "start" : 1647505555888,
      "stop" : 1647505555895,
      "duration" : 7
    },
    "status" : "passed",
    "steps" : [ {
      "name" : "Preset variables",
      "time" : {
        "start" : 1647505555888,
        "stop" : 1647505555895,
        "duration" : 7
      },
      "status" : "passed",
      "steps" : [ ],
      "attachments" : [ ],
      "parameters" : [ ],
      "stepsCount" : 0,
      "attachmentsCount" : 0,
      "shouldDisplayMessage" : false,
      "hasContent" : false
    }, {
      "name" : "Clean up folder \"'/home/runner/work/neon-compatibility/neon-compatibility/Metacoin/build/contracts'\"",
      "time" : {
        "start" : 1647505555895,
        "stop" : 1647505555895,
        "duration" : 0
      },
      "status" : "passed",
      "steps" : [ ],
      "attachments" : [ ],
      "parameters" : [ {
        "name" : "folder",
        "value" : "'/home/runner/work/neon-compatibility/neon-compatibility/Metacoin/build/contracts'"
      } ],
      "stepsCount" : 0,
      "attachmentsCount" : 0,
      "shouldDisplayMessage" : false,
      "hasContent" : true
    } ],
    "attachments" : [ ],
    "parameters" : [ ],
    "stepsCount" : 2,
    "attachmentsCount" : 0,
    "shouldDisplayMessage" : false,
    "hasContent" : true
  } ],
  "testStage" : {
    "status" : "failed",
    "statusMessage" : "AssertionError: assert \"message: 'ESOCKETTIMEDOUT'\" not in '/home/runne...net:501:8)\\n'\n  \"message: 'ESOCKETTIMEDOUT'\" is contained here:\n    -32603,\n      message: 'ESOCKETTIMEDOUT',\n      data: { originalError: { code: 'ESOCKETTIMEDOUT', connect: false } },\n      stack: 'Error: ESOCKETTIMEDOUT\\n' +\n        '    at ClientRequest.<anonymous> (/home/runner/work/neon-compatibility/neon-compatibility/node_modules/request/request.js:816:19)\\n' +\n        '    at Object.onceWrapper (node:events:639:28)\\n' +\n        '    at ClientRequest.emit (node:events:520:28)\\n' +\n        '    at TLSSocket.emitRequestTimeout (node:_http_client:758:9)\\n' +\n        '    at Object.onceWrapper (node:events:639:28)\\n' +\n        '    at TLSSocket.emit (node:events:532:35)\\n' +\n        '    at TLSSocket.Socket._onTimeout (node:net:501:8)\\n' +\n        '    at listOnTimeout (node:internal/timers:559:17)\\n' +\n        '    at processTimers (node:internal/timers:502:7)'\n    })\n        at new NodeError (node:internal/errors:371:5)\n        at Web3ProviderEngine.emit (node:events:509:17)\n        at /home/runner/work/neon-compatibility/neon-compatibility/node_modules/@trufflesuite/web3-provider-engine/index.js:57:14\n        at afterRequest (/home/runner/work/neon-compatibility/neon-compatibility/node_modules/@trufflesuite/web3-provider-engine/index.js:151:21)\n        at /home/runner/work/neon-compatibility/neon-compatibility/node_modules/@trufflesuite/web3-provider-engine/index.js:176:21\n        at /home/runner/work/neon-compatibility/neon-compatibility/node_modules/@trufflesuite/web3-provider-engine/index.js:238:9\n        at /home/runner/work/neon-compatibility/neon-compatibility/node_modules/async/internal/once.js:12:16\n        at replenish (/home/runner/work/neon-compatibility/neon-compatibility/node_modules/async/internal/eachOfLimit.js:61:25)\n        at /home/runner/work/neon-compatibility/neon-compatibility/node_modules/async/internal/eachOfLimit.js:71:9\n        at eachLimit (/home/runner/work/neon-compatibility/neon-compatibility/node_modules/async/eachLimit.js:43:36)\n        at /home/runner/work/neon-compatibility/neon-compatibility/node_modules/async/internal/doLimit.js:9:16\n        at end (/home/runner/work/neon-compatibility/neon-compatibility/node_modules/@trufflesuite/web3-provider-engine/index.js:217:5)\n        at Request._callback (/home/runner/work/neon-compatibility/neon-compatibility/node_modules/@trufflesuite/web3-provider-engine/subproviders/rpc.js:36:21)\n        at self.callback (/home/runner/work/neon-compatibility/neon-compatibility/node_modules/request/request.js:185:22)\n        at Request.emit (node:events:520:28)\n        at ClientRequest.<anonymous> (/home/runner/work/neon-compatibility/neon-compatibility/node_modules/request/request.js:819:16)\n        at Object.onceWrapper (node:events:639:28)\n        at ClientRequest.emit (node:events:520:28)\n        at TLSSocket.emitRequestTimeout (node:_http_client:758:9)\n        at Object.onceWrapper (node:events:639:28)\n        at TLSSocket.emit (node:events:532:35)\n        at TLSSocket.Socket._onTimeout (node:net:501:8)",
    "statusTrace" : "@allure.feature(FEATURE)\n    def test_truffle_migration():\n        # truffle migrate --network neonlabs\n        cmd_res = run_command_line(\n            f\"{Subfolder.CD_METACOIN} {RunCommand.TRUFFLE} \" +\n            f\"migrate --network {NETWORK_NAME} {CD_BACK}\")\n        actual_result = cmd_res.stdout.decode() + cmd_res.stderr.decode()\n        assert cmd_res.returncode == 0, actual_result\n        assert TruffleBasedError.ERROR_NO_ATTRIBUTE_ETH_ACCOUNTS \\\n            not in actual_result\n        assert TruffleError.ERROR_COULD_NOT_CONNECT not in actual_result\n        assert TruffleError.ERROR_NOT_AUTHORIZED not in actual_result\n        assert TruffleError.ERROR_TIMEOUT not in actual_result\n        assert TruffleError.ERROR_CANNOT_READ_PROPERTIES not in actual_result\n        assert TruffleError.ERROR_DEPLOYMENT_FAILED not in actual_result\n        assert TruffleError.ERROR_BLOCK_NOT_AVAILABLE not in actual_result\n>       assert TruffleError.ERROR_SOCKET_TIMEOUT not in actual_result\nE       assert \"message: 'ESOCKETTIMEDOUT'\" not in '/home/runne...net:501:8)\\n'\nE         \"message: 'ESOCKETTIMEDOUT'\" is contained here:\nE           -32603,\nE             message: 'ESOCKETTIMEDOUT',\nE             data: { originalError: { code: 'ESOCKETTIMEDOUT', connect: false } },\nE             stack: 'Error: ESOCKETTIMEDOUT\\n' +\nE               '    at ClientRequest.<anonymous> (/home/runner/work/neon-compatibility/neon-compatibility/node_modules/request/request.js:816:19)\\n' +\nE               '    at Object.onceWrapper (node:events:639:28)\\n' +\nE               '    at ClientRequest.emit (node:events:520:28)\\n' +\nE               '    at TLSSocket.emitRequestTimeout (node:_http_client:758:9)\\n' +\nE               '    at Object.onceWrapper (node:events:639:28)\\n' +\nE               '    at TLSSocket.emit (node:events:532:35)\\n' +\nE               '    at TLSSocket.Socket._onTimeout (node:net:501:8)\\n' +\nE               '    at listOnTimeout (node:internal/timers:559:17)\\n' +\nE               '    at processTimers (node:internal/timers:502:7)'\nE           })\nE               at new NodeError (node:internal/errors:371:5)\nE               at Web3ProviderEngine.emit (node:events:509:17)\nE               at /home/runner/work/neon-compatibility/neon-compatibility/node_modules/@trufflesuite/web3-provider-engine/index.js:57:14\nE               at afterRequest (/home/runner/work/neon-compatibility/neon-compatibility/node_modules/@trufflesuite/web3-provider-engine/index.js:151:21)\nE               at /home/runner/work/neon-compatibility/neon-compatibility/node_modules/@trufflesuite/web3-provider-engine/index.js:176:21\nE               at /home/runner/work/neon-compatibility/neon-compatibility/node_modules/@trufflesuite/web3-provider-engine/index.js:238:9\nE               at /home/runner/work/neon-compatibility/neon-compatibility/node_modules/async/internal/once.js:12:16\nE               at replenish (/home/runner/work/neon-compatibility/neon-compatibility/node_modules/async/internal/eachOfLimit.js:61:25)\nE               at /home/runner/work/neon-compatibility/neon-compatibility/node_modules/async/internal/eachOfLimit.js:71:9\nE               at eachLimit (/home/runner/work/neon-compatibility/neon-compatibility/node_modules/async/eachLimit.js:43:36)\nE               at /home/runner/work/neon-compatibility/neon-compatibility/node_modules/async/internal/doLimit.js:9:16\nE               at end (/home/runner/work/neon-compatibility/neon-compatibility/node_modules/@trufflesuite/web3-provider-engine/index.js:217:5)\nE               at Request._callback (/home/runner/work/neon-compatibility/neon-compatibility/node_modules/@trufflesuite/web3-provider-engine/subproviders/rpc.js:36:21)\nE               at self.callback (/home/runner/work/neon-compatibility/neon-compatibility/node_modules/request/request.js:185:22)\nE               at Request.emit (node:events:520:28)\nE               at ClientRequest.<anonymous> (/home/runner/work/neon-compatibility/neon-compatibility/node_modules/request/request.js:819:16)\nE               at Object.onceWrapper (node:events:639:28)\nE               at ClientRequest.emit (node:events:520:28)\nE               at TLSSocket.emitRequestTimeout (node:_http_client:758:9)\nE               at Object.onceWrapper (node:events:639:28)\nE               at TLSSocket.emit (node:events:532:35)\nE               at TLSSocket.Socket._onTimeout (node:net:501:8)\n\ntests/truffle/test_truffle.py:38: AssertionError",
    "steps" : [ {
      "name" : "Run command: \"'cd Metacoin; pwd; ../node_modules/.bin/truffle migrate --network neonlabs ; cd \"/home/runner/work/neon-compatibility/neon-compatibility\"; pwd;'\"",
      "time" : {
        "start" : 1647505555895,
        "stop" : 1647505586373,
        "duration" : 30478
      },
      "status" : "passed",
      "steps" : [ ],
      "attachments" : [ ],
      "parameters" : [ {
        "name" : "command",
        "value" : "'cd Metacoin; pwd; ../node_modules/.bin/truffle migrate --network neonlabs ; cd \"/home/runner/work/neon-compatibility/neon-compatibility\"; pwd;'"
      } ],
      "stepsCount" : 0,
      "attachmentsCount" : 0,
      "shouldDisplayMessage" : false,
      "hasContent" : true
    } ],
    "attachments" : [ {
      "uid" : "57e118d56da038e1",
      "name" : "stdout",
      "source" : "57e118d56da038e1.txt",
      "type" : "text/plain",
      "size" : 4323
    } ],
    "parameters" : [ ],
    "stepsCount" : 1,
    "attachmentsCount" : 1,
    "shouldDisplayMessage" : true,
    "hasContent" : true
  },
  "afterStages" : [ {
    "name" : "prepare_truffle_config::0",
    "time" : {
      "start" : 1647505586427,
      "stop" : 1647505586427,
      "duration" : 0
    },
    "status" : "passed",
    "steps" : [ ],
    "attachments" : [ ],
    "parameters" : [ ],
    "stepsCount" : 0,
    "attachmentsCount" : 0,
    "shouldDisplayMessage" : false,
    "hasContent" : false
  } ],
  "labels" : [ {
    "name" : "feature",
    "value" : "Truffle"
  }, {
    "name" : "parentSuite",
    "value" : "tests.truffle"
  }, {
    "name" : "suite",
    "value" : "test_truffle"
  }, {
    "name" : "host",
    "value" : "fv-az147-23"
  }, {
    "name" : "thread",
    "value" : "3609-MainThread"
  }, {
    "name" : "framework",
    "value" : "pytest"
  }, {
    "name" : "language",
    "value" : "cpython3"
  }, {
    "name" : "package",
    "value" : "tests.truffle.test_truffle"
  }, {
    "name" : "resultFormat",
    "value" : "allure2"
  } ],
  "parameters" : [ ],
  "links" : [ ],
  "hidden" : false,
  "retry" : false,
  "extra" : {
    "severity" : "normal",
    "retries" : [ ],
    "categories" : [ {
      "name" : "Connection problem",
      "messageRegex" : ".*Error: ETIMEDOUT.*|.*ESOCKETTIMEDOUT.*|.*ECONNRESET.*|.*Client network socket disconnected before secure TLS connection was established.*|.*500 Internal Server Error.*nginx.*|.*Error: socket hang up.*",
      "matchedStatuses" : [ ],
      "flaky" : false
    } ],
    "history" : {
      "statistic" : {
        "failed" : 1,
        "broken" : 0,
        "skipped" : 0,
        "passed" : 2,
        "unknown" : 0,
        "total" : 3
      },
      "items" : [ {
        "uid" : "b6df47c184fd7cd8",
        "reportUrl" : "https://neonlabsorg.github.io/neon-compatibility/devnet/fix/decrease-timeout/860//#testresult/b6df47c184fd7cd8",
        "status" : "passed",
        "time" : {
          "start" : 1647446957485,
          "stop" : 1647446981673,
          "duration" : 24188
        }
      }, {
        "uid" : "3791a131e4ec6749",
        "reportUrl" : "https://neonlabsorg.github.io/neon-compatibility/devnet/fix/decrease-timeout/854//#testresult/3791a131e4ec6749",
        "status" : "passed",
        "time" : {
          "start" : 1647426423074,
          "stop" : 1647426454386,
          "duration" : 31312
        }
      } ]
    },
    "tags" : [ ]
  },
  "source" : "12520f64fccae706.json",
  "parameterValues" : [ ]
}