{
  "uid" : "34f2763657b0b805",
  "name" : "test_issue_364_self_destruct_contract",
  "fullName" : "tests.truffle.test_truffle#test_issue_364_self_destruct_contract",
  "historyId" : "9b9a0ac6c1438da1dd6a59ac61d1506c",
  "time" : {
    "start" : 1640270681293,
    "stop" : 1640270710648,
    "duration" : 29355
  },
  "status" : "failed",
  "statusMessage" : "AssertionError: \n  Compiling your contracts...\n  ===========================\n  > Compiling ./contracts/ERC20Test.sol\n  > Compiling ./contracts/Migrations.sol\n  > Compiling ./contracts/SelfDestructTest.sol\n  > Compiling @openzeppelin/contracts/access/Ownable.sol\n  > Compiling @openzeppelin/contracts/token/ERC20/ERC20.sol\n  > Compiling @openzeppelin/contracts/token/ERC20/IERC20.sol\n  > Compiling @openzeppelin/contracts/token/ERC20/extensions/IERC20Metadata.sol\n  > Compiling @openzeppelin/contracts/utils/Context.sol\n  > Compilation warnings encountered:\n  \n      Warning: SPDX license identifier not provided in source file. Before publishing, consider adding a comment containing \"SPDX-License-Identifier: <SPDX-License>\" to each source file. Use \"SPDX-License-Identifier: UNLICENSED\" for non-open-source code. Please see https://spdx.org for more information.\n  --> project:/contracts/SelfDestructTest.sol\n  \n  ,Warning: This contract has a payable fallback function, but no receive ether function. Consider adding a receive ether function.\n   --> project:/contracts/SelfDestructTest.sol:5:1:\n    |\n  5 | contract SelfDestructTest is Ownable{\n    | ^ (Relevant source part starts here and spans across multiple lines).\n  Note: The payable fallback function is defined here.\n    --> project:/contracts/SelfDestructTest.sol:20:5:\n     |\n  20 |     fallback() external payable {}\n     |     ^^^^^^^^^^^^^^^^^^^^^^^^^^^^^^\n  \n  ,Warning: Function state mutability can be restricted to pure\n    --> project:/contracts/SelfDestructTest.sol:12:5:\n     |\n  12 |     function staticData() public view returns(string memory) {\n     |     ^ (Relevant source part starts here and spans across multiple lines).\n  \n  \n  > Artifacts written to /home/runner/work/neon-compatibility/neon-compatibility/issues/364/build/contracts\n  > Compiled successfully using:\n     - solc: 0.8.4+commit.c7e474f2.Emscripten.clang\n  \n  \n  \n  Starting migrations...\n  ======================\n  > Network name:    'neonlabs'\n  > Network id:      111\n  > Block gas limit: 6721975 (0x6691b7)\n  \n  \n  3_selfDestructTest.js\n  =====================\n  \n     Deploying 'SelfDestructTest'\n     ----------------------------\n  \n  Error:  *** Deployment Failed ***\n  \n  \"SelfDestructTest\" -- Transaction simulation failed: Error processing Instruction 0: custom program error: 0x4\n  {\n    \"accounts\": null,\n    \"err\": {\n      \"InstructionError\": [\n        0,\n        {\n          \"Custom\": 4\n        }\n      ]\n    },\n    \"logs\": [\n      \"Program 53DfF883gyixYNXnM7s5xhdeyV8mVk9T4i2hGV9vG9io invoke [1]\",\n      \"Program log: program/src/storage_account.rs:76\",\n      \"Program 53DfF883gyixYNXnM7s5xhdeyV8mVk9T4i2hGV9vG9io consumed 4627 of 500000 compute units\",\n      \"Program 53DfF883gyixYNXnM7s5xhdeyV8mVk9T4i2hGV9vG9io failed: custom program error: 0x4\"\n    ]\n  }.\n  \n      at /home/runner/work/neon-compatibility/neon-compatibility/node_modules/truffle/build/webpack:/packages/deployer/src/deployment.js:365:1\n      at processTicksAndRejections (node:internal/process/task_queues:96:5)\n      at module.exports (/home/runner/work/neon-compatibility/neon-compatibility/issues/364/migrations/3_selfDestructTest.js:6:5)\n      at Migration._deploy (/home/runner/work/neon-compatibility/neon-compatibility/node_modules/truffle/build/webpack:/packages/migrate/Migration.js:75:1)\n      at Migration._load (/home/runner/work/neon-compatibility/neon-compatibility/node_modules/truffle/build/webpack:/packages/migrate/Migration.js:56:1)\n      at Migration.run (/home/runner/work/neon-compatibility/neon-compatibility/node_modules/truffle/build/webpack:/packages/migrate/Migration.js:217:1)\n      at Object.runMigrations (/home/runner/work/neon-compatibility/neon-compatibility/node_modules/truffle/build/webpack:/packages/migrate/index.js:150:1)\n      at Object.runFrom (/home/runner/work/neon-compatibility/neon-compatibility/node_modules/truffle/build/webpack:/packages/migrate/index.js:110:1)\n      at runMigrations (/home/runner/work/neon-compatibility/neon-compatibility/node_modules/truffle/build/webpack:/packages/core/lib/commands/migrate.js:253:1)\n      at Object.run (/home/runner/work/neon-compatibility/neon-compatibility/node_modules/truffle/build/webpack:/packages/core/lib/commands/migrate.js:223:1)\n      at Command.run (/home/runner/work/neon-compatibility/neon-compatibility/node_modules/truffle/build/webpack:/packages/core/lib/command.js:183:1)\n  Truffle v5.4.14 (core: 5.4.14)\n  Node v16.13.1\n  \nassert 1 == 0\n +  where 1 = CompletedProcess(args='cd issues/364; ../../node_modules/.bin/truffle --network neonlabs migrate -f 3 --to 3', returnc...uffle/build/webpack:/packages/core/lib/command.js:183:1)\\nTruffle v5.4.14 (core: 5.4.14)\\nNode v16.13.1\\n', stderr=b'').returncode",
  "statusTrace" : "@allure.feature(FEATURE)\n    def test_issue_364_self_destruct_contract():\n        cmd_res = run_command_line(\n            f\"cd issues/364; ../{RunCommand.TRUFFLE} \"\n            f\"--network {NETWORK_NAME} migrate -f 3 --to 3\"\n        )\n        actual_result = cmd_res.stdout.decode() + cmd_res.stderr.decode()\n>       assert cmd_res.returncode == 0, actual_result\nE       AssertionError: \nE         Compiling your contracts...\nE         ===========================\nE         > Compiling ./contracts/ERC20Test.sol\nE         > Compiling ./contracts/Migrations.sol\nE         > Compiling ./contracts/SelfDestructTest.sol\nE         > Compiling @openzeppelin/contracts/access/Ownable.sol\nE         > Compiling @openzeppelin/contracts/token/ERC20/ERC20.sol\nE         > Compiling @openzeppelin/contracts/token/ERC20/IERC20.sol\nE         > Compiling @openzeppelin/contracts/token/ERC20/extensions/IERC20Metadata.sol\nE         > Compiling @openzeppelin/contracts/utils/Context.sol\nE         > Compilation warnings encountered:\nE         \nE             Warning: SPDX license identifier not provided in source file. Before publishing, consider adding a comment containing \"SPDX-License-Identifier: <SPDX-License>\" to each source file. Use \"SPDX-License-Identifier: UNLICENSED\" for non-open-source code. Please see https://spdx.org for more information.\nE         --> project:/contracts/SelfDestructTest.sol\nE         \nE         ,Warning: This contract has a payable fallback function, but no receive ether function. Consider adding a receive ether function.\nE          --> project:/contracts/SelfDestructTest.sol:5:1:\nE           |\nE         5 | contract SelfDestructTest is Ownable{\nE           | ^ (Relevant source part starts here and spans across multiple lines).\nE         Note: The payable fallback function is defined here.\nE           --> project:/contracts/SelfDestructTest.sol:20:5:\nE            |\nE         20 |     fallback() external payable {}\nE            |     ^^^^^^^^^^^^^^^^^^^^^^^^^^^^^^\nE         \nE         ,Warning: Function state mutability can be restricted to pure\nE           --> project:/contracts/SelfDestructTest.sol:12:5:\nE            |\nE         12 |     function staticData() public view returns(string memory) {\nE            |     ^ (Relevant source part starts here and spans across multiple lines).\nE         \nE         \nE         > Artifacts written to /home/runner/work/neon-compatibility/neon-compatibility/issues/364/build/contracts\nE         > Compiled successfully using:\nE            - solc: 0.8.4+commit.c7e474f2.Emscripten.clang\nE         \nE         \nE         \nE         Starting migrations...\nE         ======================\nE         > Network name:    'neonlabs'\nE         > Network id:      111\nE         > Block gas limit: 6721975 (0x6691b7)\nE         \nE         \nE         3_selfDestructTest.js\nE         =====================\nE         \nE            Deploying 'SelfDestructTest'\nE            ----------------------------\nE         \nE         Error:  *** Deployment Failed ***\nE         \nE         \"SelfDestructTest\" -- Transaction simulation failed: Error processing Instruction 0: custom program error: 0x4\nE         {\nE           \"accounts\": null,\nE           \"err\": {\nE             \"InstructionError\": [\nE               0,\nE               {\nE                 \"Custom\": 4\nE               }\nE             ]\nE           },\nE           \"logs\": [\nE             \"Program 53DfF883gyixYNXnM7s5xhdeyV8mVk9T4i2hGV9vG9io invoke [1]\",\nE             \"Program log: program/src/storage_account.rs:76\",\nE             \"Program 53DfF883gyixYNXnM7s5xhdeyV8mVk9T4i2hGV9vG9io consumed 4627 of 500000 compute units\",\nE             \"Program 53DfF883gyixYNXnM7s5xhdeyV8mVk9T4i2hGV9vG9io failed: custom program error: 0x4\"\nE           ]\nE         }.\nE         \nE             at /home/runner/work/neon-compatibility/neon-compatibility/node_modules/truffle/build/webpack:/packages/deployer/src/deployment.js:365:1\nE             at processTicksAndRejections (node:internal/process/task_queues:96:5)\nE             at module.exports (/home/runner/work/neon-compatibility/neon-compatibility/issues/364/migrations/3_selfDestructTest.js:6:5)\nE             at Migration._deploy (/home/runner/work/neon-compatibility/neon-compatibility/node_modules/truffle/build/webpack:/packages/migrate/Migration.js:75:1)\nE             at Migration._load (/home/runner/work/neon-compatibility/neon-compatibility/node_modules/truffle/build/webpack:/packages/migrate/Migration.js:56:1)\nE             at Migration.run (/home/runner/work/neon-compatibility/neon-compatibility/node_modules/truffle/build/webpack:/packages/migrate/Migration.js:217:1)\nE             at Object.runMigrations (/home/runner/work/neon-compatibility/neon-compatibility/node_modules/truffle/build/webpack:/packages/migrate/index.js:150:1)\nE             at Object.runFrom (/home/runner/work/neon-compatibility/neon-compatibility/node_modules/truffle/build/webpack:/packages/migrate/index.js:110:1)\nE             at runMigrations (/home/runner/work/neon-compatibility/neon-compatibility/node_modules/truffle/build/webpack:/packages/core/lib/commands/migrate.js:253:1)\nE             at Object.run (/home/runner/work/neon-compatibility/neon-compatibility/node_modules/truffle/build/webpack:/packages/core/lib/commands/migrate.js:223:1)\nE             at Command.run (/home/runner/work/neon-compatibility/neon-compatibility/node_modules/truffle/build/webpack:/packages/core/lib/command.js:183:1)\nE         Truffle v5.4.14 (core: 5.4.14)\nE         Node v16.13.1\nE         \nE       assert 1 == 0\nE        +  where 1 = CompletedProcess(args='cd issues/364; ../../node_modules/.bin/truffle --network neonlabs migrate -f 3 --to 3', returnc...uffle/build/webpack:/packages/core/lib/command.js:183:1)\\nTruffle v5.4.14 (core: 5.4.14)\\nNode v16.13.1\\n', stderr=b'').returncode\n\ntests/truffle/test_truffle.py:76: AssertionError",
  "flaky" : false,
  "newFailed" : false,
  "newBroken" : false,
  "newPassed" : false,
  "retriesCount" : 0,
  "retriesStatusChange" : false,
  "beforeStages" : [ {
    "name" : "prepare_truffle_config",
    "time" : {
      "start" : 1640270681281,
      "stop" : 1640270681292,
      "duration" : 11
    },
    "status" : "passed",
    "steps" : [ {
      "name" : "Preset variables",
      "time" : {
        "start" : 1640270681281,
        "stop" : 1640270681292,
        "duration" : 11
      },
      "status" : "passed",
      "steps" : [ ],
      "attachments" : [ ],
      "parameters" : [ ],
      "stepsCount" : 0,
      "attachmentsCount" : 0,
      "shouldDisplayMessage" : false,
      "hasContent" : false
    }, {
      "name" : "Clean up folder \"'/home/runner/work/neon-compatibility/neon-compatibility/Metacoin/build/contracts'\"",
      "time" : {
        "start" : 1640270681292,
        "stop" : 1640270681292,
        "duration" : 0
      },
      "status" : "passed",
      "steps" : [ ],
      "attachments" : [ ],
      "parameters" : [ {
        "name" : "folder",
        "value" : "'/home/runner/work/neon-compatibility/neon-compatibility/Metacoin/build/contracts'"
      } ],
      "stepsCount" : 0,
      "attachmentsCount" : 0,
      "shouldDisplayMessage" : false,
      "hasContent" : true
    } ],
    "attachments" : [ ],
    "parameters" : [ ],
    "stepsCount" : 2,
    "attachmentsCount" : 0,
    "shouldDisplayMessage" : false,
    "hasContent" : true
  } ],
  "testStage" : {
    "status" : "failed",
    "statusMessage" : "AssertionError: \n  Compiling your contracts...\n  ===========================\n  > Compiling ./contracts/ERC20Test.sol\n  > Compiling ./contracts/Migrations.sol\n  > Compiling ./contracts/SelfDestructTest.sol\n  > Compiling @openzeppelin/contracts/access/Ownable.sol\n  > Compiling @openzeppelin/contracts/token/ERC20/ERC20.sol\n  > Compiling @openzeppelin/contracts/token/ERC20/IERC20.sol\n  > Compiling @openzeppelin/contracts/token/ERC20/extensions/IERC20Metadata.sol\n  > Compiling @openzeppelin/contracts/utils/Context.sol\n  > Compilation warnings encountered:\n  \n      Warning: SPDX license identifier not provided in source file. Before publishing, consider adding a comment containing \"SPDX-License-Identifier: <SPDX-License>\" to each source file. Use \"SPDX-License-Identifier: UNLICENSED\" for non-open-source code. Please see https://spdx.org for more information.\n  --> project:/contracts/SelfDestructTest.sol\n  \n  ,Warning: This contract has a payable fallback function, but no receive ether function. Consider adding a receive ether function.\n   --> project:/contracts/SelfDestructTest.sol:5:1:\n    |\n  5 | contract SelfDestructTest is Ownable{\n    | ^ (Relevant source part starts here and spans across multiple lines).\n  Note: The payable fallback function is defined here.\n    --> project:/contracts/SelfDestructTest.sol:20:5:\n     |\n  20 |     fallback() external payable {}\n     |     ^^^^^^^^^^^^^^^^^^^^^^^^^^^^^^\n  \n  ,Warning: Function state mutability can be restricted to pure\n    --> project:/contracts/SelfDestructTest.sol:12:5:\n     |\n  12 |     function staticData() public view returns(string memory) {\n     |     ^ (Relevant source part starts here and spans across multiple lines).\n  \n  \n  > Artifacts written to /home/runner/work/neon-compatibility/neon-compatibility/issues/364/build/contracts\n  > Compiled successfully using:\n     - solc: 0.8.4+commit.c7e474f2.Emscripten.clang\n  \n  \n  \n  Starting migrations...\n  ======================\n  > Network name:    'neonlabs'\n  > Network id:      111\n  > Block gas limit: 6721975 (0x6691b7)\n  \n  \n  3_selfDestructTest.js\n  =====================\n  \n     Deploying 'SelfDestructTest'\n     ----------------------------\n  \n  Error:  *** Deployment Failed ***\n  \n  \"SelfDestructTest\" -- Transaction simulation failed: Error processing Instruction 0: custom program error: 0x4\n  {\n    \"accounts\": null,\n    \"err\": {\n      \"InstructionError\": [\n        0,\n        {\n          \"Custom\": 4\n        }\n      ]\n    },\n    \"logs\": [\n      \"Program 53DfF883gyixYNXnM7s5xhdeyV8mVk9T4i2hGV9vG9io invoke [1]\",\n      \"Program log: program/src/storage_account.rs:76\",\n      \"Program 53DfF883gyixYNXnM7s5xhdeyV8mVk9T4i2hGV9vG9io consumed 4627 of 500000 compute units\",\n      \"Program 53DfF883gyixYNXnM7s5xhdeyV8mVk9T4i2hGV9vG9io failed: custom program error: 0x4\"\n    ]\n  }.\n  \n      at /home/runner/work/neon-compatibility/neon-compatibility/node_modules/truffle/build/webpack:/packages/deployer/src/deployment.js:365:1\n      at processTicksAndRejections (node:internal/process/task_queues:96:5)\n      at module.exports (/home/runner/work/neon-compatibility/neon-compatibility/issues/364/migrations/3_selfDestructTest.js:6:5)\n      at Migration._deploy (/home/runner/work/neon-compatibility/neon-compatibility/node_modules/truffle/build/webpack:/packages/migrate/Migration.js:75:1)\n      at Migration._load (/home/runner/work/neon-compatibility/neon-compatibility/node_modules/truffle/build/webpack:/packages/migrate/Migration.js:56:1)\n      at Migration.run (/home/runner/work/neon-compatibility/neon-compatibility/node_modules/truffle/build/webpack:/packages/migrate/Migration.js:217:1)\n      at Object.runMigrations (/home/runner/work/neon-compatibility/neon-compatibility/node_modules/truffle/build/webpack:/packages/migrate/index.js:150:1)\n      at Object.runFrom (/home/runner/work/neon-compatibility/neon-compatibility/node_modules/truffle/build/webpack:/packages/migrate/index.js:110:1)\n      at runMigrations (/home/runner/work/neon-compatibility/neon-compatibility/node_modules/truffle/build/webpack:/packages/core/lib/commands/migrate.js:253:1)\n      at Object.run (/home/runner/work/neon-compatibility/neon-compatibility/node_modules/truffle/build/webpack:/packages/core/lib/commands/migrate.js:223:1)\n      at Command.run (/home/runner/work/neon-compatibility/neon-compatibility/node_modules/truffle/build/webpack:/packages/core/lib/command.js:183:1)\n  Truffle v5.4.14 (core: 5.4.14)\n  Node v16.13.1\n  \nassert 1 == 0\n +  where 1 = CompletedProcess(args='cd issues/364; ../../node_modules/.bin/truffle --network neonlabs migrate -f 3 --to 3', returnc...uffle/build/webpack:/packages/core/lib/command.js:183:1)\\nTruffle v5.4.14 (core: 5.4.14)\\nNode v16.13.1\\n', stderr=b'').returncode",
    "statusTrace" : "@allure.feature(FEATURE)\n    def test_issue_364_self_destruct_contract():\n        cmd_res = run_command_line(\n            f\"cd issues/364; ../{RunCommand.TRUFFLE} \"\n            f\"--network {NETWORK_NAME} migrate -f 3 --to 3\"\n        )\n        actual_result = cmd_res.stdout.decode() + cmd_res.stderr.decode()\n>       assert cmd_res.returncode == 0, actual_result\nE       AssertionError: \nE         Compiling your contracts...\nE         ===========================\nE         > Compiling ./contracts/ERC20Test.sol\nE         > Compiling ./contracts/Migrations.sol\nE         > Compiling ./contracts/SelfDestructTest.sol\nE         > Compiling @openzeppelin/contracts/access/Ownable.sol\nE         > Compiling @openzeppelin/contracts/token/ERC20/ERC20.sol\nE         > Compiling @openzeppelin/contracts/token/ERC20/IERC20.sol\nE         > Compiling @openzeppelin/contracts/token/ERC20/extensions/IERC20Metadata.sol\nE         > Compiling @openzeppelin/contracts/utils/Context.sol\nE         > Compilation warnings encountered:\nE         \nE             Warning: SPDX license identifier not provided in source file. Before publishing, consider adding a comment containing \"SPDX-License-Identifier: <SPDX-License>\" to each source file. Use \"SPDX-License-Identifier: UNLICENSED\" for non-open-source code. Please see https://spdx.org for more information.\nE         --> project:/contracts/SelfDestructTest.sol\nE         \nE         ,Warning: This contract has a payable fallback function, but no receive ether function. Consider adding a receive ether function.\nE          --> project:/contracts/SelfDestructTest.sol:5:1:\nE           |\nE         5 | contract SelfDestructTest is Ownable{\nE           | ^ (Relevant source part starts here and spans across multiple lines).\nE         Note: The payable fallback function is defined here.\nE           --> project:/contracts/SelfDestructTest.sol:20:5:\nE            |\nE         20 |     fallback() external payable {}\nE            |     ^^^^^^^^^^^^^^^^^^^^^^^^^^^^^^\nE         \nE         ,Warning: Function state mutability can be restricted to pure\nE           --> project:/contracts/SelfDestructTest.sol:12:5:\nE            |\nE         12 |     function staticData() public view returns(string memory) {\nE            |     ^ (Relevant source part starts here and spans across multiple lines).\nE         \nE         \nE         > Artifacts written to /home/runner/work/neon-compatibility/neon-compatibility/issues/364/build/contracts\nE         > Compiled successfully using:\nE            - solc: 0.8.4+commit.c7e474f2.Emscripten.clang\nE         \nE         \nE         \nE         Starting migrations...\nE         ======================\nE         > Network name:    'neonlabs'\nE         > Network id:      111\nE         > Block gas limit: 6721975 (0x6691b7)\nE         \nE         \nE         3_selfDestructTest.js\nE         =====================\nE         \nE            Deploying 'SelfDestructTest'\nE            ----------------------------\nE         \nE         Error:  *** Deployment Failed ***\nE         \nE         \"SelfDestructTest\" -- Transaction simulation failed: Error processing Instruction 0: custom program error: 0x4\nE         {\nE           \"accounts\": null,\nE           \"err\": {\nE             \"InstructionError\": [\nE               0,\nE               {\nE                 \"Custom\": 4\nE               }\nE             ]\nE           },\nE           \"logs\": [\nE             \"Program 53DfF883gyixYNXnM7s5xhdeyV8mVk9T4i2hGV9vG9io invoke [1]\",\nE             \"Program log: program/src/storage_account.rs:76\",\nE             \"Program 53DfF883gyixYNXnM7s5xhdeyV8mVk9T4i2hGV9vG9io consumed 4627 of 500000 compute units\",\nE             \"Program 53DfF883gyixYNXnM7s5xhdeyV8mVk9T4i2hGV9vG9io failed: custom program error: 0x4\"\nE           ]\nE         }.\nE         \nE             at /home/runner/work/neon-compatibility/neon-compatibility/node_modules/truffle/build/webpack:/packages/deployer/src/deployment.js:365:1\nE             at processTicksAndRejections (node:internal/process/task_queues:96:5)\nE             at module.exports (/home/runner/work/neon-compatibility/neon-compatibility/issues/364/migrations/3_selfDestructTest.js:6:5)\nE             at Migration._deploy (/home/runner/work/neon-compatibility/neon-compatibility/node_modules/truffle/build/webpack:/packages/migrate/Migration.js:75:1)\nE             at Migration._load (/home/runner/work/neon-compatibility/neon-compatibility/node_modules/truffle/build/webpack:/packages/migrate/Migration.js:56:1)\nE             at Migration.run (/home/runner/work/neon-compatibility/neon-compatibility/node_modules/truffle/build/webpack:/packages/migrate/Migration.js:217:1)\nE             at Object.runMigrations (/home/runner/work/neon-compatibility/neon-compatibility/node_modules/truffle/build/webpack:/packages/migrate/index.js:150:1)\nE             at Object.runFrom (/home/runner/work/neon-compatibility/neon-compatibility/node_modules/truffle/build/webpack:/packages/migrate/index.js:110:1)\nE             at runMigrations (/home/runner/work/neon-compatibility/neon-compatibility/node_modules/truffle/build/webpack:/packages/core/lib/commands/migrate.js:253:1)\nE             at Object.run (/home/runner/work/neon-compatibility/neon-compatibility/node_modules/truffle/build/webpack:/packages/core/lib/commands/migrate.js:223:1)\nE             at Command.run (/home/runner/work/neon-compatibility/neon-compatibility/node_modules/truffle/build/webpack:/packages/core/lib/command.js:183:1)\nE         Truffle v5.4.14 (core: 5.4.14)\nE         Node v16.13.1\nE         \nE       assert 1 == 0\nE        +  where 1 = CompletedProcess(args='cd issues/364; ../../node_modules/.bin/truffle --network neonlabs migrate -f 3 --to 3', returnc...uffle/build/webpack:/packages/core/lib/command.js:183:1)\\nTruffle v5.4.14 (core: 5.4.14)\\nNode v16.13.1\\n', stderr=b'').returncode\n\ntests/truffle/test_truffle.py:76: AssertionError",
    "steps" : [ {
      "name" : "Run command: \"'cd issues/364; ../../node_modules/.bin/truffle --network neonlabs migrate -f 3 --to 3'\"",
      "time" : {
        "start" : 1640270681293,
        "stop" : 1640270710647,
        "duration" : 29354
      },
      "status" : "passed",
      "steps" : [ ],
      "attachments" : [ ],
      "parameters" : [ {
        "name" : "command",
        "value" : "'cd issues/364; ../../node_modules/.bin/truffle --network neonlabs migrate -f 3 --to 3'"
      } ],
      "stepsCount" : 0,
      "attachmentsCount" : 0,
      "shouldDisplayMessage" : false,
      "hasContent" : true
    } ],
    "attachments" : [ {
      "uid" : "ca2f79993d6fe46c",
      "name" : "stdout",
      "source" : "ca2f79993d6fe46c.txt",
      "type" : "text/plain",
      "size" : 4487
    } ],
    "parameters" : [ ],
    "stepsCount" : 1,
    "attachmentsCount" : 1,
    "shouldDisplayMessage" : true,
    "hasContent" : true
  },
  "afterStages" : [ {
    "name" : "prepare_truffle_config::0",
    "time" : {
      "start" : 1640270710654,
      "stop" : 1640270710654,
      "duration" : 0
    },
    "status" : "passed",
    "steps" : [ ],
    "attachments" : [ ],
    "parameters" : [ ],
    "stepsCount" : 0,
    "attachmentsCount" : 0,
    "shouldDisplayMessage" : false,
    "hasContent" : false
  } ],
  "labels" : [ {
    "name" : "feature",
    "value" : "Truffle"
  }, {
    "name" : "parentSuite",
    "value" : "tests.truffle"
  }, {
    "name" : "suite",
    "value" : "test_truffle"
  }, {
    "name" : "host",
    "value" : "fv-az124-903"
  }, {
    "name" : "thread",
    "value" : "3749-MainThread"
  }, {
    "name" : "framework",
    "value" : "pytest"
  }, {
    "name" : "language",
    "value" : "cpython3"
  }, {
    "name" : "package",
    "value" : "tests.truffle.test_truffle"
  }, {
    "name" : "resultFormat",
    "value" : "allure2"
  } ],
  "parameters" : [ ],
  "links" : [ ],
  "hidden" : false,
  "retry" : false,
  "extra" : {
    "severity" : "normal",
    "retries" : [ ],
    "categories" : [ {
      "name" : "Product defects",
      "matchedStatuses" : [ ],
      "flaky" : false
    } ],
    "history" : {
      "statistic" : {
        "failed" : 7,
        "broken" : 0,
        "skipped" : 0,
        "passed" : 1,
        "unknown" : 0,
        "total" : 8
      },
      "items" : [ {
        "uid" : "759fba7cd358ffea",
        "reportUrl" : "https://neonlabsorg.github.io/neon-compatibility/feature/test-report/318//#testresult/759fba7cd358ffea",
        "status" : "failed",
        "statusDetails" : "AssertionError: \n  Compiling your contracts...\n  ===========================\n  > Compiling ./contracts/ERC20Test.sol\n  > Compiling ./contracts/Migrations.sol\n  > Compiling ./contracts/SelfDestructTest.sol\n  > Compiling @openzeppelin/contracts/access/Ownable.sol\n  > Compiling @openzeppelin/contracts/token/ERC20/ERC20.sol\n  > Compiling @openzeppelin/contracts/token/ERC20/IERC20.sol\n  > Compiling @openzeppelin/contracts/token/ERC20/extensions/IERC20Metadata.sol\n  > Compiling @openzeppelin/contracts/utils/Context.sol\n  > Compilation warnings encountered:\n  \n      Warning: SPDX license identifier not provided in source file. Before publishing, consider adding a comment containing \"SPDX-License-Identifier: <SPDX-License>\" to each source file. Use \"SPDX-License-Identifier: UNLICENSED\" for non-open-source code. Please see https://spdx.org for more information.\n  --> project:/contracts/SelfDestructTest.sol\n  \n  ,Warning: This contract has a payable fallback function, but no receive ether function. Consider adding a receive ether function.\n   --> project:/contracts/SelfDestructTest.sol:5:1:\n    |\n  5 | contract SelfDestructTest is Ownable{\n    | ^ (Relevant source part starts here and spans across multiple lines).\n  Note: The payable fallback function is defined here.\n    --> project:/contracts/SelfDestructTest.sol:20:5:\n     |\n  20 |     fallback() external payable {}\n     |     ^^^^^^^^^^^^^^^^^^^^^^^^^^^^^^\n  \n  ,Warning: Function state mutability can be restricted to pure\n    --> project:/contracts/SelfDestructTest.sol:12:5:\n     |\n  12 |     function staticData() public view returns(string memory) {\n     |     ^ (Relevant source part starts here and spans across multiple lines).\n  \n  \n  > Artifacts written to /home/runner/work/neon-compatibility/neon-compatibility/issues/364/build/contracts\n  > Compiled successfully using:\n     - solc: 0.8.4+commit.c7e474f2.Emscripten.clang\n  \n  \n  \n  Starting migrations...\n  ======================\n  > Network name:    'neonlabs'\n  > Network id:      111\n  > Block gas limit: 6721975 (0x6691b7)\n  \n  \n  3_selfDestructTest.js\n  =====================\n  \n     Deploying 'SelfDestructTest'\n     ----------------------------\n  \n  Error:  *** Deployment Failed ***\n  \n  \"SelfDestructTest\" -- Transaction simulation failed: Error processing Instruction 0: custom program error: 0x4\n  {\n    \"accounts\": null,\n    \"err\": {\n      \"InstructionError\": [\n        0,\n        {\n          \"Custom\": 4\n        }\n      ]\n    },\n    \"logs\": [\n      \"Program 53DfF883gyixYNXnM7s5xhdeyV8mVk9T4i2hGV9vG9io invoke [1]\",\n      \"Program log: program/src/storage_account.rs:76\",\n      \"Program 53DfF883gyixYNXnM7s5xhdeyV8mVk9T4i2hGV9vG9io consumed 4627 of 500000 compute units\",\n      \"Program 53DfF883gyixYNXnM7s5xhdeyV8mVk9T4i2hGV9vG9io failed: custom program error: 0x4\"\n    ]\n  }.\n  \n      at /home/runner/work/neon-compatibility/neon-compatibility/node_modules/truffle/build/webpack:/packages/deployer/src/deployment.js:365:1\n      at processTicksAndRejections (node:internal/process/task_queues:96:5)\n      at module.exports (/home/runner/work/neon-compatibility/neon-compatibility/issues/364/migrations/3_selfDestructTest.js:6:5)\n      at Migration._deploy (/home/runner/work/neon-compatibility/neon-compatibility/node_modules/truffle/build/webpack:/packages/migrate/Migration.js:75:1)\n      at Migration._load (/home/runner/work/neon-compatibility/neon-compatibility/node_modules/truffle/build/webpack:/packages/migrate/Migration.js:56:1)\n      at Migration.run (/home/runner/work/neon-compatibility/neon-compatibility/node_modules/truffle/build/webpack:/packages/migrate/Migration.js:217:1)\n      at Object.runMigrations (/home/runner/work/neon-compatibility/neon-compatibility/node_modules/truffle/build/webpack:/packages/migrate/index.js:150:1)\n      at Object.runFrom (/home/runner/work/neon-compatibility/neon-compatibility/node_modules/truffle/build/webpack:/packages/migrate/index.js:110:1)\n      at runMigrations (/home/runner/work/neon-compatibility/neon-compatibility/node_modules/truffle/build/webpack:/packages/core/lib/commands/migrate.js:253:1)\n      at Object.run (/home/runner/work/neon-compatibility/neon-compatibility/node_modules/truffle/build/webpack:/packages/core/lib/commands/migrate.js:223:1)\n      at Command.run (/home/runner/work/neon-compatibility/neon-compatibility/node_modules/truffle/build/webpack:/packages/core/lib/command.js:183:1)\n  Truffle v5.4.14 (core: 5.4.14)\n  Node v16.13.1\n  \nassert 1 == 0\n +  where 1 = CompletedProcess(args='cd issues/364; ../../node_modules/.bin/truffle --network neonlabs migrate -f 3 --to 3', returnc...uffle/build/webpack:/packages/core/lib/command.js:183:1)\\nTruffle v5.4.14 (core: 5.4.14)\\nNode v16.13.1\\n', stderr=b'').returncode",
        "time" : {
          "start" : 1640270395989,
          "stop" : 1640270425377,
          "duration" : 29388
        }
      }, {
        "uid" : "e74e330d1a7ebf1a",
        "reportUrl" : "https://neonlabsorg.github.io/neon-compatibility/feature/test-report/317//#testresult/e74e330d1a7ebf1a",
        "status" : "failed",
        "statusDetails" : "AssertionError: \n  Compiling your contracts...\n  ===========================\n  > Compiling ./contracts/ERC20Test.sol\n  > Compiling ./contracts/Migrations.sol\n  > Compiling ./contracts/SelfDestructTest.sol\n  > Compiling @openzeppelin/contracts/access/Ownable.sol\n  > Compiling @openzeppelin/contracts/token/ERC20/ERC20.sol\n  > Compiling @openzeppelin/contracts/token/ERC20/IERC20.sol\n  > Compiling @openzeppelin/contracts/token/ERC20/extensions/IERC20Metadata.sol\n  > Compiling @openzeppelin/contracts/utils/Context.sol\n  > Compilation warnings encountered:\n  \n      Warning: SPDX license identifier not provided in source file. Before publishing, consider adding a comment containing \"SPDX-License-Identifier: <SPDX-License>\" to each source file. Use \"SPDX-License-Identifier: UNLICENSED\" for non-open-source code. Please see https://spdx.org for more information.\n  --> project:/contracts/SelfDestructTest.sol\n  \n  ,Warning: This contract has a payable fallback function, but no receive ether function. Consider adding a receive ether function.\n   --> project:/contracts/SelfDestructTest.sol:5:1:\n    |\n  5 | contract SelfDestructTest is Ownable{\n    | ^ (Relevant source part starts here and spans across multiple lines).\n  Note: The payable fallback function is defined here.\n    --> project:/contracts/SelfDestructTest.sol:20:5:\n     |\n  20 |     fallback() external payable {}\n     |     ^^^^^^^^^^^^^^^^^^^^^^^^^^^^^^\n  \n  ,Warning: Function state mutability can be restricted to pure\n    --> project:/contracts/SelfDestructTest.sol:12:5:\n     |\n  12 |     function staticData() public view returns(string memory) {\n     |     ^ (Relevant source part starts here and spans across multiple lines).\n  \n  \n  > Artifacts written to /home/runner/work/neon-compatibility/neon-compatibility/issues/364/build/contracts\n  > Compiled successfully using:\n     - solc: 0.8.4+commit.c7e474f2.Emscripten.clang\n  \n  \n  \n  Starting migrations...\n  ======================\n  > Network name:    'neonlabs'\n  > Network id:      111\n  > Block gas limit: 6721975 (0x6691b7)\n  \n  \n  3_selfDestructTest.js\n  =====================\n  \n     Deploying 'SelfDestructTest'\n     ----------------------------\n  \n  Error:  *** Deployment Failed ***\n  \n  \"SelfDestructTest\" -- Transaction simulation failed: Error processing Instruction 0: custom program error: 0x4\n  {\n    \"accounts\": null,\n    \"err\": {\n      \"InstructionError\": [\n        0,\n        {\n          \"Custom\": 4\n        }\n      ]\n    },\n    \"logs\": [\n      \"Program 53DfF883gyixYNXnM7s5xhdeyV8mVk9T4i2hGV9vG9io invoke [1]\",\n      \"Program log: program/src/storage_account.rs:76\",\n      \"Program 53DfF883gyixYNXnM7s5xhdeyV8mVk9T4i2hGV9vG9io consumed 4627 of 500000 compute units\",\n      \"Program 53DfF883gyixYNXnM7s5xhdeyV8mVk9T4i2hGV9vG9io failed: custom program error: 0x4\"\n    ]\n  }.\n  \n      at /home/runner/work/neon-compatibility/neon-compatibility/node_modules/truffle/build/webpack:/packages/deployer/src/deployment.js:365:1\n      at processTicksAndRejections (node:internal/process/task_queues:96:5)\n      at module.exports (/home/runner/work/neon-compatibility/neon-compatibility/issues/364/migrations/3_selfDestructTest.js:6:5)\n      at Migration._deploy (/home/runner/work/neon-compatibility/neon-compatibility/node_modules/truffle/build/webpack:/packages/migrate/Migration.js:75:1)\n      at Migration._load (/home/runner/work/neon-compatibility/neon-compatibility/node_modules/truffle/build/webpack:/packages/migrate/Migration.js:56:1)\n      at Migration.run (/home/runner/work/neon-compatibility/neon-compatibility/node_modules/truffle/build/webpack:/packages/migrate/Migration.js:217:1)\n      at Object.runMigrations (/home/runner/work/neon-compatibility/neon-compatibility/node_modules/truffle/build/webpack:/packages/migrate/index.js:150:1)\n      at Object.runFrom (/home/runner/work/neon-compatibility/neon-compatibility/node_modules/truffle/build/webpack:/packages/migrate/index.js:110:1)\n      at runMigrations (/home/runner/work/neon-compatibility/neon-compatibility/node_modules/truffle/build/webpack:/packages/core/lib/commands/migrate.js:253:1)\n      at Object.run (/home/runner/work/neon-compatibility/neon-compatibility/node_modules/truffle/build/webpack:/packages/core/lib/commands/migrate.js:223:1)\n      at Command.run (/home/runner/work/neon-compatibility/neon-compatibility/node_modules/truffle/build/webpack:/packages/core/lib/command.js:183:1)\n  Truffle v5.4.14 (core: 5.4.14)\n  Node v16.13.1\n  \nassert 1 == 0\n +  where 1 = CompletedProcess(args='cd issues/364; ../../node_modules/.bin/truffle --network neonlabs migrate -f 3 --to 3', returnc...uffle/build/webpack:/packages/core/lib/command.js:183:1)\\nTruffle v5.4.14 (core: 5.4.14)\\nNode v16.13.1\\n', stderr=b'').returncode",
        "time" : {
          "start" : 1640269799806,
          "stop" : 1640269829353,
          "duration" : 29547
        }
      }, {
        "uid" : "43d0f52c240ecf62",
        "reportUrl" : "https://neonlabsorg.github.io/neon-compatibility/feature/test-report/316//#testresult/43d0f52c240ecf62",
        "status" : "failed",
        "statusDetails" : "AssertionError: \n  Compiling your contracts...\n  ===========================\n  > Compiling ./contracts/ERC20Test.sol\n  > Compiling ./contracts/Migrations.sol\n  > Compiling ./contracts/SelfDestructTest.sol\n  > Compiling @openzeppelin/contracts/access/Ownable.sol\n  > Compiling @openzeppelin/contracts/token/ERC20/ERC20.sol\n  > Compiling @openzeppelin/contracts/token/ERC20/IERC20.sol\n  > Compiling @openzeppelin/contracts/token/ERC20/extensions/IERC20Metadata.sol\n  > Compiling @openzeppelin/contracts/utils/Context.sol\n  > Compilation warnings encountered:\n  \n      Warning: SPDX license identifier not provided in source file. Before publishing, consider adding a comment containing \"SPDX-License-Identifier: <SPDX-License>\" to each source file. Use \"SPDX-License-Identifier: UNLICENSED\" for non-open-source code. Please see https://spdx.org for more information.\n  --> project:/contracts/SelfDestructTest.sol\n  \n  ,Warning: This contract has a payable fallback function, but no receive ether function. Consider adding a receive ether function.\n   --> project:/contracts/SelfDestructTest.sol:5:1:\n    |\n  5 | contract SelfDestructTest is Ownable{\n    | ^ (Relevant source part starts here and spans across multiple lines).\n  Note: The payable fallback function is defined here.\n    --> project:/contracts/SelfDestructTest.sol:20:5:\n     |\n  20 |     fallback() external payable {}\n     |     ^^^^^^^^^^^^^^^^^^^^^^^^^^^^^^\n  \n  ,Warning: Function state mutability can be restricted to pure\n    --> project:/contracts/SelfDestructTest.sol:12:5:\n     |\n  12 |     function staticData() public view returns(string memory) {\n     |     ^ (Relevant source part starts here and spans across multiple lines).\n  \n  \n  > Artifacts written to /home/runner/work/neon-compatibility/neon-compatibility/issues/364/build/contracts\n  > Compiled successfully using:\n     - solc: 0.8.4+commit.c7e474f2.Emscripten.clang\n  \n  \n  \n  Starting migrations...\n  ======================\n  > Network name:    'neonlabs'\n  > Network id:      111\n  > Block gas limit: 6721975 (0x6691b7)\n  \n  \n  3_selfDestructTest.js\n  =====================\n  \n     Deploying 'SelfDestructTest'\n     ----------------------------\n  \n  Error:  *** Deployment Failed ***\n  \n  \"SelfDestructTest\" -- Transaction simulation failed: Error processing Instruction 0: custom program error: 0x4\n  {\n    \"accounts\": null,\n    \"err\": {\n      \"InstructionError\": [\n        0,\n        {\n          \"Custom\": 4\n        }\n      ]\n    },\n    \"logs\": [\n      \"Program 53DfF883gyixYNXnM7s5xhdeyV8mVk9T4i2hGV9vG9io invoke [1]\",\n      \"Program log: program/src/storage_account.rs:76\",\n      \"Program 53DfF883gyixYNXnM7s5xhdeyV8mVk9T4i2hGV9vG9io consumed 4627 of 500000 compute units\",\n      \"Program 53DfF883gyixYNXnM7s5xhdeyV8mVk9T4i2hGV9vG9io failed: custom program error: 0x4\"\n    ]\n  }.\n  \n      at /home/runner/work/neon-compatibility/neon-compatibility/node_modules/truffle/build/webpack:/packages/deployer/src/deployment.js:365:1\n      at processTicksAndRejections (node:internal/process/task_queues:96:5)\n      at module.exports (/home/runner/work/neon-compatibility/neon-compatibility/issues/364/migrations/3_selfDestructTest.js:6:5)\n      at Migration._deploy (/home/runner/work/neon-compatibility/neon-compatibility/node_modules/truffle/build/webpack:/packages/migrate/Migration.js:75:1)\n      at Migration._load (/home/runner/work/neon-compatibility/neon-compatibility/node_modules/truffle/build/webpack:/packages/migrate/Migration.js:56:1)\n      at Migration.run (/home/runner/work/neon-compatibility/neon-compatibility/node_modules/truffle/build/webpack:/packages/migrate/Migration.js:217:1)\n      at Object.runMigrations (/home/runner/work/neon-compatibility/neon-compatibility/node_modules/truffle/build/webpack:/packages/migrate/index.js:150:1)\n      at Object.runFrom (/home/runner/work/neon-compatibility/neon-compatibility/node_modules/truffle/build/webpack:/packages/migrate/index.js:110:1)\n      at runMigrations (/home/runner/work/neon-compatibility/neon-compatibility/node_modules/truffle/build/webpack:/packages/core/lib/commands/migrate.js:253:1)\n      at Object.run (/home/runner/work/neon-compatibility/neon-compatibility/node_modules/truffle/build/webpack:/packages/core/lib/commands/migrate.js:223:1)\n      at Command.run (/home/runner/work/neon-compatibility/neon-compatibility/node_modules/truffle/build/webpack:/packages/core/lib/command.js:183:1)\n  Truffle v5.4.14 (core: 5.4.14)\n  Node v16.13.1\n  \nassert 1 == 0\n +  where 1 = CompletedProcess(args='cd issues/364; ../../node_modules/.bin/truffle --network neonlabs migrate -f 3 --to 3', returnc...uffle/build/webpack:/packages/core/lib/command.js:183:1)\\nTruffle v5.4.14 (core: 5.4.14)\\nNode v16.13.1\\n', stderr=b'').returncode",
        "time" : {
          "start" : 1640269335511,
          "stop" : 1640269356295,
          "duration" : 20784
        }
      }, {
        "uid" : "fc60b313f8c8ba0f",
        "reportUrl" : "https://neonlabsorg.github.io/neon-compatibility/feature/test-report/315//#testresult/fc60b313f8c8ba0f",
        "status" : "failed",
        "statusDetails" : "AssertionError: \n  Compiling your contracts...\n  ===========================\n  > Compiling ./contracts/ERC20Test.sol\n  > Compiling ./contracts/Migrations.sol\n  > Compiling ./contracts/SelfDestructTest.sol\n  > Compiling @openzeppelin/contracts/access/Ownable.sol\n  > Compiling @openzeppelin/contracts/token/ERC20/ERC20.sol\n  > Compiling @openzeppelin/contracts/token/ERC20/IERC20.sol\n  > Compiling @openzeppelin/contracts/token/ERC20/extensions/IERC20Metadata.sol\n  > Compiling @openzeppelin/contracts/utils/Context.sol\n  > Compilation warnings encountered:\n  \n      Warning: SPDX license identifier not provided in source file. Before publishing, consider adding a comment containing \"SPDX-License-Identifier: <SPDX-License>\" to each source file. Use \"SPDX-License-Identifier: UNLICENSED\" for non-open-source code. Please see https://spdx.org for more information.\n  --> project:/contracts/SelfDestructTest.sol\n  \n  ,Warning: This contract has a payable fallback function, but no receive ether function. Consider adding a receive ether function.\n   --> project:/contracts/SelfDestructTest.sol:5:1:\n    |\n  5 | contract SelfDestructTest is Ownable{\n    | ^ (Relevant source part starts here and spans across multiple lines).\n  Note: The payable fallback function is defined here.\n    --> project:/contracts/SelfDestructTest.sol:20:5:\n     |\n  20 |     fallback() external payable {}\n     |     ^^^^^^^^^^^^^^^^^^^^^^^^^^^^^^\n  \n  ,Warning: Function state mutability can be restricted to pure\n    --> project:/contracts/SelfDestructTest.sol:12:5:\n     |\n  12 |     function staticData() public view returns(string memory) {\n     |     ^ (Relevant source part starts here and spans across multiple lines).\n  \n  \n  > Artifacts written to /home/runner/work/neon-compatibility/neon-compatibility/issues/364/build/contracts\n  > Compiled successfully using:\n     - solc: 0.8.4+commit.c7e474f2.Emscripten.clang\n  \n  \n  \n  Starting migrations...\n  ======================\n  > Network name:    'neonlabs'\n  > Network id:      111\n  > Block gas limit: 6721975 (0x6691b7)\n  \n  \n  3_selfDestructTest.js\n  =====================\n  \n     Deploying 'SelfDestructTest'\n     ----------------------------\n  \n  Error:  *** Deployment Failed ***\n  \n  \"SelfDestructTest\" -- Transaction simulation failed: Error processing Instruction 0: custom program error: 0x4\n  {\n    \"accounts\": null,\n    \"err\": {\n      \"InstructionError\": [\n        0,\n        {\n          \"Custom\": 4\n        }\n      ]\n    },\n    \"logs\": [\n      \"Program 53DfF883gyixYNXnM7s5xhdeyV8mVk9T4i2hGV9vG9io invoke [1]\",\n      \"Program log: program/src/storage_account.rs:76\",\n      \"Program 53DfF883gyixYNXnM7s5xhdeyV8mVk9T4i2hGV9vG9io consumed 4627 of 500000 compute units\",\n      \"Program 53DfF883gyixYNXnM7s5xhdeyV8mVk9T4i2hGV9vG9io failed: custom program error: 0x4\"\n    ]\n  }.\n  \n      at /home/runner/work/neon-compatibility/neon-compatibility/node_modules/truffle/build/webpack:/packages/deployer/src/deployment.js:365:1\n      at processTicksAndRejections (node:internal/process/task_queues:96:5)\n      at module.exports (/home/runner/work/neon-compatibility/neon-compatibility/issues/364/migrations/3_selfDestructTest.js:6:5)\n      at Migration._deploy (/home/runner/work/neon-compatibility/neon-compatibility/node_modules/truffle/build/webpack:/packages/migrate/Migration.js:75:1)\n      at Migration._load (/home/runner/work/neon-compatibility/neon-compatibility/node_modules/truffle/build/webpack:/packages/migrate/Migration.js:56:1)\n      at Migration.run (/home/runner/work/neon-compatibility/neon-compatibility/node_modules/truffle/build/webpack:/packages/migrate/Migration.js:217:1)\n      at Object.runMigrations (/home/runner/work/neon-compatibility/neon-compatibility/node_modules/truffle/build/webpack:/packages/migrate/index.js:150:1)\n      at Object.runFrom (/home/runner/work/neon-compatibility/neon-compatibility/node_modules/truffle/build/webpack:/packages/migrate/index.js:110:1)\n      at runMigrations (/home/runner/work/neon-compatibility/neon-compatibility/node_modules/truffle/build/webpack:/packages/core/lib/commands/migrate.js:253:1)\n      at Object.run (/home/runner/work/neon-compatibility/neon-compatibility/node_modules/truffle/build/webpack:/packages/core/lib/commands/migrate.js:223:1)\n      at Command.run (/home/runner/work/neon-compatibility/neon-compatibility/node_modules/truffle/build/webpack:/packages/core/lib/command.js:183:1)\n  Truffle v5.4.14 (core: 5.4.14)\n  Node v16.13.1\n  \nassert 1 == 0\n +  where 1 = CompletedProcess(args='cd issues/364; ../../node_modules/.bin/truffle --network neonlabs migrate -f 3 --to 3', returnc...uffle/build/webpack:/packages/core/lib/command.js:183:1)\\nTruffle v5.4.14 (core: 5.4.14)\\nNode v16.13.1\\n', stderr=b'').returncode",
        "time" : {
          "start" : 1640268828836,
          "stop" : 1640268847755,
          "duration" : 18919
        }
      }, {
        "uid" : "b8e1c27ebcbbb9ed",
        "reportUrl" : "https://neonlabsorg.github.io/neon-compatibility/feature/test-report/312//#testresult/b8e1c27ebcbbb9ed",
        "status" : "failed",
        "statusDetails" : "AssertionError: \n  Compiling your contracts...\n  ===========================\n  > Compiling ./contracts/ERC20Test.sol\n  > Compiling ./contracts/Migrations.sol\n  > Compiling ./contracts/SelfDestructTest.sol\n  > Compiling @openzeppelin/contracts/access/Ownable.sol\n  > Compiling @openzeppelin/contracts/token/ERC20/ERC20.sol\n  > Compiling @openzeppelin/contracts/token/ERC20/IERC20.sol\n  > Compiling @openzeppelin/contracts/token/ERC20/extensions/IERC20Metadata.sol\n  > Compiling @openzeppelin/contracts/utils/Context.sol\n  > Compilation warnings encountered:\n  \n      Warning: SPDX license identifier not provided in source file. Before publishing, consider adding a comment containing \"SPDX-License-Identifier: <SPDX-License>\" to each source file. Use \"SPDX-License-Identifier: UNLICENSED\" for non-open-source code. Please see https://spdx.org for more information.\n  --> project:/contracts/SelfDestructTest.sol\n  \n  ,Warning: This contract has a payable fallback function, but no receive ether function. Consider adding a receive ether function.\n   --> project:/contracts/SelfDestructTest.sol:5:1:\n    |\n  5 | contract SelfDestructTest is Ownable{\n    | ^ (Relevant source part starts here and spans across multiple lines).\n  Note: The payable fallback function is defined here.\n    --> project:/contracts/SelfDestructTest.sol:20:5:\n     |\n  20 |     fallback() external payable {}\n     |     ^^^^^^^^^^^^^^^^^^^^^^^^^^^^^^\n  \n  ,Warning: Function state mutability can be restricted to pure\n    --> project:/contracts/SelfDestructTest.sol:12:5:\n     |\n  12 |     function staticData() public view returns(string memory) {\n     |     ^ (Relevant source part starts here and spans across multiple lines).\n  \n  \n  > Artifacts written to /home/runner/work/neon-compatibility/neon-compatibility/issues/364/build/contracts\n  > Compiled successfully using:\n     - solc: 0.8.4+commit.c7e474f2.Emscripten.clang\n  \n  \n  \n  Starting migrations...\n  ======================\n  > Network name:    'neonlabs'\n  > Network id:      111\n  > Block gas limit: 6721975 (0x6691b7)\n  \n  \n  3_selfDestructTest.js\n  =====================\n  \n     Deploying 'SelfDestructTest'\n     ----------------------------\n  \n  Error:  *** Deployment Failed ***\n  \n  \"SelfDestructTest\" -- Transaction simulation failed: Error processing Instruction 0: custom program error: 0x4\n  {\n    \"accounts\": null,\n    \"err\": {\n      \"InstructionError\": [\n        0,\n        {\n          \"Custom\": 4\n        }\n      ]\n    },\n    \"logs\": [\n      \"Program 53DfF883gyixYNXnM7s5xhdeyV8mVk9T4i2hGV9vG9io invoke [1]\",\n      \"Program log: program/src/storage_account.rs:76\",\n      \"Program 53DfF883gyixYNXnM7s5xhdeyV8mVk9T4i2hGV9vG9io consumed 4627 of 500000 compute units\",\n      \"Program 53DfF883gyixYNXnM7s5xhdeyV8mVk9T4i2hGV9vG9io failed: custom program error: 0x4\"\n    ]\n  }.\n  \n      at /home/runner/work/neon-compatibility/neon-compatibility/node_modules/truffle/build/webpack:/packages/deployer/src/deployment.js:365:1\n      at processTicksAndRejections (node:internal/process/task_queues:96:5)\n      at module.exports (/home/runner/work/neon-compatibility/neon-compatibility/issues/364/migrations/3_selfDestructTest.js:6:5)\n      at Migration._deploy (/home/runner/work/neon-compatibility/neon-compatibility/node_modules/truffle/build/webpack:/packages/migrate/Migration.js:75:1)\n      at Migration._load (/home/runner/work/neon-compatibility/neon-compatibility/node_modules/truffle/build/webpack:/packages/migrate/Migration.js:56:1)\n      at Migration.run (/home/runner/work/neon-compatibility/neon-compatibility/node_modules/truffle/build/webpack:/packages/migrate/Migration.js:217:1)\n      at Object.runMigrations (/home/runner/work/neon-compatibility/neon-compatibility/node_modules/truffle/build/webpack:/packages/migrate/index.js:150:1)\n      at Object.runFrom (/home/runner/work/neon-compatibility/neon-compatibility/node_modules/truffle/build/webpack:/packages/migrate/index.js:110:1)\n      at runMigrations (/home/runner/work/neon-compatibility/neon-compatibility/node_modules/truffle/build/webpack:/packages/core/lib/commands/migrate.js:253:1)\n      at Object.run (/home/runner/work/neon-compatibility/neon-compatibility/node_modules/truffle/build/webpack:/packages/core/lib/commands/migrate.js:223:1)\n      at Command.run (/home/runner/work/neon-compatibility/neon-compatibility/node_modules/truffle/build/webpack:/packages/core/lib/command.js:183:1)\n  Truffle v5.4.14 (core: 5.4.14)\n  Node v16.13.1\n  \nassert 1 == 0\n +  where 1 = CompletedProcess(args='cd issues/364; ../../node_modules/.bin/truffle --network neonlabs migrate -f 3 --to 3', returnc...uffle/build/webpack:/packages/core/lib/command.js:183:1)\\nTruffle v5.4.14 (core: 5.4.14)\\nNode v16.13.1\\n', stderr=b'').returncode",
        "time" : {
          "start" : 1640267841444,
          "stop" : 1640267858260,
          "duration" : 16816
        }
      }, {
        "uid" : "70a6829f47b63f3d",
        "reportUrl" : "https://neonlabsorg.github.io/neon-compatibility/feature/test-report/311//#testresult/70a6829f47b63f3d",
        "status" : "passed",
        "time" : {
          "start" : 1640265620274,
          "stop" : 1640265667036,
          "duration" : 46762
        }
      }, {
        "uid" : "9d8881f4a3b4e4c7",
        "reportUrl" : "https://neonlabsorg.github.io/neon-compatibility/feature/test-report/310//#testresult/9d8881f4a3b4e4c7",
        "status" : "failed",
        "statusDetails" : "AssertionError: \n  Compiling your contracts...\n  ===========================\n  > Compiling ./contracts/ERC20Test.sol\n  > Compiling ./contracts/Migrations.sol\n  > Compiling ./contracts/SelfDestructTest.sol\n  > Compiling @openzeppelin/contracts/access/Ownable.sol\n  > Compiling @openzeppelin/contracts/token/ERC20/ERC20.sol\n  > Compiling @openzeppelin/contracts/token/ERC20/IERC20.sol\n  > Compiling @openzeppelin/contracts/token/ERC20/extensions/IERC20Metadata.sol\n  > Compiling @openzeppelin/contracts/utils/Context.sol\n  > Compilation warnings encountered:\n  \n      Warning: SPDX license identifier not provided in source file. Before publishing, consider adding a comment containing \"SPDX-License-Identifier: <SPDX-License>\" to each source file. Use \"SPDX-License-Identifier: UNLICENSED\" for non-open-source code. Please see https://spdx.org for more information.\n  --> project:/contracts/SelfDestructTest.sol\n  \n  ,Warning: This contract has a payable fallback function, but no receive ether function. Consider adding a receive ether function.\n   --> project:/contracts/SelfDestructTest.sol:5:1:\n    |\n  5 | contract SelfDestructTest is Ownable{\n    | ^ (Relevant source part starts here and spans across multiple lines).\n  Note: The payable fallback function is defined here.\n    --> project:/contracts/SelfDestructTest.sol:20:5:\n     |\n  20 |     fallback() external payable {}\n     |     ^^^^^^^^^^^^^^^^^^^^^^^^^^^^^^\n  \n  ,Warning: Function state mutability can be restricted to pure\n    --> project:/contracts/SelfDestructTest.sol:12:5:\n     |\n  12 |     function staticData() public view returns(string memory) {\n     |     ^ (Relevant source part starts here and spans across multiple lines).\n  \n  \n  > Artifacts written to /home/runner/work/neon-compatibility/neon-compatibility/issues/364/build/contracts\n  > Compiled successfully using:\n     - solc: 0.8.4+commit.c7e474f2.Emscripten.clang\n  \n  Error: There was a timeout while attempting to connect to the network at undefined.\n         Check to see that your provider is valid.\n         If you have a slow internet connection, try configuring a longer timeout in your Truffle config. Use the networks[networkName].networkCheckTimeout property to do this.\n      at Timeout._onTimeout (/home/runner/work/neon-compatibility/neon-compatibility/node_modules/truffle/build/webpack:/packages/provider/index.js:57:1)\n      at listOnTimeout (node:internal/timers:557:17)\n      at processTimers (node:internal/timers:500:7)\n  \nassert 1 == 0\n +  where 1 = CompletedProcess(args='cd issues/364; ../../node_modules/.bin/truffle --network neonlabs migrate -f 3 --to 3', returnc...dex.js:57:1)\\n    at listOnTimeout (node:internal/timers:557:17)\\n    at processTimers (node:internal/timers:500:7)\\n').returncode",
        "time" : {
          "start" : 1640255128002,
          "stop" : 1640255144271,
          "duration" : 16269
        }
      } ]
    },
    "tags" : [ ]
  },
  "source" : "34f2763657b0b805.json",
  "parameterValues" : [ ]
}