{
  "uid" : "f8a4efec2cc3b42d",
  "name" : "test_truffle_migration",
  "fullName" : "tests.truffle.test_truffle#test_truffle_migration",
  "historyId" : "e63c5a1b531c2472845045a6f65cedaf",
  "time" : {
    "start" : 1643903744592,
    "stop" : 1643903762509,
    "duration" : 17917
  },
  "status" : "failed",
  "statusMessage" : "AssertionError: assert 'Error:  ***...t Failed ***' not in '/home/runne...patibility\\n'\n  'Error:  *** Deployment Failed ***' is contained here:\n    --------\n    \n    Error:  *** Deployment Failed ***\n    \n    \"Migrations\" could not deploy due to insufficient funds\n       * Account:  0xDe0a2Cf4Afc02974cE2aCe8d7e13cdBdD3fe1d0F\n       * Balance:  0 wei\n       * Message:  Transaction simulation failed: Error processing Instruction 0: insufficient funds for instruction\n    {\n      \"accounts\": null,\n      \"err\": {\n        \"InstructionError\": [\n          0,\n          \"InsufficientFunds\"\n        ]\n      },\n      \"logs\": [\n        \"Program 53DfF883gyixYNXnM7s5xhdeyV8mVk9T4i2hGV9vG9io invoke [1]\",\n        \"Program log: program/src/storage_account.rs:76\",\n        \"Program log: program/src/token.rs:330 : there is no enough funds to start executing the transaction; gas_limit = 3000000; gas_price = 1000000000; gas_used_and_paid = 0; user_balance = 0;\",\n        \"Program 53DfF883gyixYNXnM7s5xhdeyV8mVk9T4i2hGV9vG9io consumed 42899 of 500000 compute units\",\n        \"Program 53DfF883gyixYNXnM7s5xhdeyV8mVk9T4i2hGV9vG9io failed: insufficient funds for instruction\"\n      ]\n    }\n       * Try:\n          + Using an adequately funded account\n          + If you are using a local Geth node, verify that your node is synced.\n    \n        at /home/runner/work/neon-compatibility/neon-compatibility/node_modules/truffle/build/webpack:/packages/deployer/src/deployment.js:365:1\n        at processTicksAndRejections (node:internal/process/task_queues:96:5)\n        at Migration._deploy (/home/runner/work/neon-compatibility/neon-compatibility/node_modules/truffle/build/webpack:/packages/migrate/Migration.js:70:1)\n        at Migration._load (/home/runner/work/neon-compatibility/neon-compatibility/node_modules/truffle/build/webpack:/packages/migrate/Migration.js:56:1)\n        at Migration.run (/home/runner/work/neon-compatibility/neon-compatibility/node_modules/truffle/build/webpack:/packages/migrate/Migration.js:217:1)\n        at Object.runMigrations (/home/runner/work/neon-compatibility/neon-compatibility/node_modules/truffle/build/webpack:/packages/migrate/index.js:150:1)\n        at Object.runFrom (/home/runner/work/neon-compatibility/neon-compatibility/node_modules/truffle/build/webpack:/packages/migrate/index.js:110:1)\n        at Object.run (/home/runner/work/neon-compatibility/neon-compatibility/node_modules/truffle/build/webpack:/packages/migrate/index.js:87:1)\n        at runMigrations (/home/runner/work/neon-compatibility/neon-compatibility/node_modules/truffle/build/webpack:/packages/core/lib/commands/migrate.js:258:1)\n        at Object.run (/home/runner/work/neon-compatibility/neon-compatibility/node_modules/truffle/build/webpack:/packages/core/lib/commands/migrate.js:223:1)\n        at Command.run (/home/runner/work/neon-compatibility/neon-compatibility/node_modules/truffle/build/webpack:/packages/core/lib/command.js:183:1)\n    Truffle v5.4.14 (core: 5.4.14)\n    Node v16.13.2\n    /home/runner/work/neon-compatibility/neon-compatibility",
  "statusTrace" : "@allure.feature(FEATURE)\n    def test_truffle_migration():\n        # truffle migrate --network neonlabs\n        cmd_res = run_command_line(\n            f\"{Subfolder.CD_METACOIN} {RunCommand.TRUFFLE} \" +\n            f\"migrate --network {NETWORK_NAME} {CD_BACK}\")\n        actual_result = cmd_res.stdout.decode() + cmd_res.stderr.decode()\n        assert cmd_res.returncode == 0, actual_result\n        assert TruffleBasedError.ERROR_NO_ATTRIBUTE_ETH_ACCOUNTS \\\n            not in actual_result\n        assert TruffleError.ERROR_COULD_NOT_CONNECT not in actual_result\n        assert TruffleError.ERROR_NOT_AUTHORIZED not in actual_result\n        assert TruffleError.ERROR_TIMEOUT not in actual_result\n        assert TruffleError.ERROR_CANNOT_READ_PROPERTIES not in actual_result\n>       assert TruffleError.ERROR_DEPLOYMENT_FAILED not in actual_result\nE       assert 'Error:  ***...t Failed ***' not in '/home/runne...patibility\\n'\nE         'Error:  *** Deployment Failed ***' is contained here:\nE           --------\nE           \nE           Error:  *** Deployment Failed ***\nE           \nE           \"Migrations\" could not deploy due to insufficient funds\nE              * Account:  0xDe0a2Cf4Afc02974cE2aCe8d7e13cdBdD3fe1d0F\nE              * Balance:  0 wei\nE              * Message:  Transaction simulation failed: Error processing Instruction 0: insufficient funds for instruction\nE           {\nE             \"accounts\": null,\nE             \"err\": {\nE               \"InstructionError\": [\nE                 0,\nE                 \"InsufficientFunds\"\nE               ]\nE             },\nE             \"logs\": [\nE               \"Program 53DfF883gyixYNXnM7s5xhdeyV8mVk9T4i2hGV9vG9io invoke [1]\",\nE               \"Program log: program/src/storage_account.rs:76\",\nE               \"Program log: program/src/token.rs:330 : there is no enough funds to start executing the transaction; gas_limit = 3000000; gas_price = 1000000000; gas_used_and_paid = 0; user_balance = 0;\",\nE               \"Program 53DfF883gyixYNXnM7s5xhdeyV8mVk9T4i2hGV9vG9io consumed 42899 of 500000 compute units\",\nE               \"Program 53DfF883gyixYNXnM7s5xhdeyV8mVk9T4i2hGV9vG9io failed: insufficient funds for instruction\"\nE             ]\nE           }\nE              * Try:\nE                 + Using an adequately funded account\nE                 + If you are using a local Geth node, verify that your node is synced.\nE           \nE               at /home/runner/work/neon-compatibility/neon-compatibility/node_modules/truffle/build/webpack:/packages/deployer/src/deployment.js:365:1\nE               at processTicksAndRejections (node:internal/process/task_queues:96:5)\nE               at Migration._deploy (/home/runner/work/neon-compatibility/neon-compatibility/node_modules/truffle/build/webpack:/packages/migrate/Migration.js:70:1)\nE               at Migration._load (/home/runner/work/neon-compatibility/neon-compatibility/node_modules/truffle/build/webpack:/packages/migrate/Migration.js:56:1)\nE               at Migration.run (/home/runner/work/neon-compatibility/neon-compatibility/node_modules/truffle/build/webpack:/packages/migrate/Migration.js:217:1)\nE               at Object.runMigrations (/home/runner/work/neon-compatibility/neon-compatibility/node_modules/truffle/build/webpack:/packages/migrate/index.js:150:1)\nE               at Object.runFrom (/home/runner/work/neon-compatibility/neon-compatibility/node_modules/truffle/build/webpack:/packages/migrate/index.js:110:1)\nE               at Object.run (/home/runner/work/neon-compatibility/neon-compatibility/node_modules/truffle/build/webpack:/packages/migrate/index.js:87:1)\nE               at runMigrations (/home/runner/work/neon-compatibility/neon-compatibility/node_modules/truffle/build/webpack:/packages/core/lib/commands/migrate.js:258:1)\nE               at Object.run (/home/runner/work/neon-compatibility/neon-compatibility/node_modules/truffle/build/webpack:/packages/core/lib/commands/migrate.js:223:1)\nE               at Command.run (/home/runner/work/neon-compatibility/neon-compatibility/node_modules/truffle/build/webpack:/packages/core/lib/command.js:183:1)\nE           Truffle v5.4.14 (core: 5.4.14)\nE           Node v16.13.2\nE           /home/runner/work/neon-compatibility/neon-compatibility\n\ntests/truffle/test_truffle.py:36: AssertionError",
  "flaky" : true,
  "newFailed" : true,
  "newBroken" : false,
  "newPassed" : false,
  "retriesCount" : 0,
  "retriesStatusChange" : false,
  "beforeStages" : [ {
    "name" : "prepare_truffle_config",
    "time" : {
      "start" : 1643903744581,
      "stop" : 1643903744592,
      "duration" : 11
    },
    "status" : "passed",
    "steps" : [ {
      "name" : "Preset variables",
      "time" : {
        "start" : 1643903744581,
        "stop" : 1643903744591,
        "duration" : 10
      },
      "status" : "passed",
      "steps" : [ ],
      "attachments" : [ ],
      "parameters" : [ ],
      "stepsCount" : 0,
      "attachmentsCount" : 0,
      "shouldDisplayMessage" : false,
      "hasContent" : false
    }, {
      "name" : "Clean up folder \"'/home/runner/work/neon-compatibility/neon-compatibility/Metacoin/build/contracts'\"",
      "time" : {
        "start" : 1643903744592,
        "stop" : 1643903744592,
        "duration" : 0
      },
      "status" : "passed",
      "steps" : [ ],
      "attachments" : [ ],
      "parameters" : [ {
        "name" : "folder",
        "value" : "'/home/runner/work/neon-compatibility/neon-compatibility/Metacoin/build/contracts'"
      } ],
      "stepsCount" : 0,
      "attachmentsCount" : 0,
      "shouldDisplayMessage" : false,
      "hasContent" : true
    } ],
    "attachments" : [ ],
    "parameters" : [ ],
    "stepsCount" : 2,
    "attachmentsCount" : 0,
    "shouldDisplayMessage" : false,
    "hasContent" : true
  } ],
  "testStage" : {
    "status" : "failed",
    "statusMessage" : "AssertionError: assert 'Error:  ***...t Failed ***' not in '/home/runne...patibility\\n'\n  'Error:  *** Deployment Failed ***' is contained here:\n    --------\n    \n    Error:  *** Deployment Failed ***\n    \n    \"Migrations\" could not deploy due to insufficient funds\n       * Account:  0xDe0a2Cf4Afc02974cE2aCe8d7e13cdBdD3fe1d0F\n       * Balance:  0 wei\n       * Message:  Transaction simulation failed: Error processing Instruction 0: insufficient funds for instruction\n    {\n      \"accounts\": null,\n      \"err\": {\n        \"InstructionError\": [\n          0,\n          \"InsufficientFunds\"\n        ]\n      },\n      \"logs\": [\n        \"Program 53DfF883gyixYNXnM7s5xhdeyV8mVk9T4i2hGV9vG9io invoke [1]\",\n        \"Program log: program/src/storage_account.rs:76\",\n        \"Program log: program/src/token.rs:330 : there is no enough funds to start executing the transaction; gas_limit = 3000000; gas_price = 1000000000; gas_used_and_paid = 0; user_balance = 0;\",\n        \"Program 53DfF883gyixYNXnM7s5xhdeyV8mVk9T4i2hGV9vG9io consumed 42899 of 500000 compute units\",\n        \"Program 53DfF883gyixYNXnM7s5xhdeyV8mVk9T4i2hGV9vG9io failed: insufficient funds for instruction\"\n      ]\n    }\n       * Try:\n          + Using an adequately funded account\n          + If you are using a local Geth node, verify that your node is synced.\n    \n        at /home/runner/work/neon-compatibility/neon-compatibility/node_modules/truffle/build/webpack:/packages/deployer/src/deployment.js:365:1\n        at processTicksAndRejections (node:internal/process/task_queues:96:5)\n        at Migration._deploy (/home/runner/work/neon-compatibility/neon-compatibility/node_modules/truffle/build/webpack:/packages/migrate/Migration.js:70:1)\n        at Migration._load (/home/runner/work/neon-compatibility/neon-compatibility/node_modules/truffle/build/webpack:/packages/migrate/Migration.js:56:1)\n        at Migration.run (/home/runner/work/neon-compatibility/neon-compatibility/node_modules/truffle/build/webpack:/packages/migrate/Migration.js:217:1)\n        at Object.runMigrations (/home/runner/work/neon-compatibility/neon-compatibility/node_modules/truffle/build/webpack:/packages/migrate/index.js:150:1)\n        at Object.runFrom (/home/runner/work/neon-compatibility/neon-compatibility/node_modules/truffle/build/webpack:/packages/migrate/index.js:110:1)\n        at Object.run (/home/runner/work/neon-compatibility/neon-compatibility/node_modules/truffle/build/webpack:/packages/migrate/index.js:87:1)\n        at runMigrations (/home/runner/work/neon-compatibility/neon-compatibility/node_modules/truffle/build/webpack:/packages/core/lib/commands/migrate.js:258:1)\n        at Object.run (/home/runner/work/neon-compatibility/neon-compatibility/node_modules/truffle/build/webpack:/packages/core/lib/commands/migrate.js:223:1)\n        at Command.run (/home/runner/work/neon-compatibility/neon-compatibility/node_modules/truffle/build/webpack:/packages/core/lib/command.js:183:1)\n    Truffle v5.4.14 (core: 5.4.14)\n    Node v16.13.2\n    /home/runner/work/neon-compatibility/neon-compatibility",
    "statusTrace" : "@allure.feature(FEATURE)\n    def test_truffle_migration():\n        # truffle migrate --network neonlabs\n        cmd_res = run_command_line(\n            f\"{Subfolder.CD_METACOIN} {RunCommand.TRUFFLE} \" +\n            f\"migrate --network {NETWORK_NAME} {CD_BACK}\")\n        actual_result = cmd_res.stdout.decode() + cmd_res.stderr.decode()\n        assert cmd_res.returncode == 0, actual_result\n        assert TruffleBasedError.ERROR_NO_ATTRIBUTE_ETH_ACCOUNTS \\\n            not in actual_result\n        assert TruffleError.ERROR_COULD_NOT_CONNECT not in actual_result\n        assert TruffleError.ERROR_NOT_AUTHORIZED not in actual_result\n        assert TruffleError.ERROR_TIMEOUT not in actual_result\n        assert TruffleError.ERROR_CANNOT_READ_PROPERTIES not in actual_result\n>       assert TruffleError.ERROR_DEPLOYMENT_FAILED not in actual_result\nE       assert 'Error:  ***...t Failed ***' not in '/home/runne...patibility\\n'\nE         'Error:  *** Deployment Failed ***' is contained here:\nE           --------\nE           \nE           Error:  *** Deployment Failed ***\nE           \nE           \"Migrations\" could not deploy due to insufficient funds\nE              * Account:  0xDe0a2Cf4Afc02974cE2aCe8d7e13cdBdD3fe1d0F\nE              * Balance:  0 wei\nE              * Message:  Transaction simulation failed: Error processing Instruction 0: insufficient funds for instruction\nE           {\nE             \"accounts\": null,\nE             \"err\": {\nE               \"InstructionError\": [\nE                 0,\nE                 \"InsufficientFunds\"\nE               ]\nE             },\nE             \"logs\": [\nE               \"Program 53DfF883gyixYNXnM7s5xhdeyV8mVk9T4i2hGV9vG9io invoke [1]\",\nE               \"Program log: program/src/storage_account.rs:76\",\nE               \"Program log: program/src/token.rs:330 : there is no enough funds to start executing the transaction; gas_limit = 3000000; gas_price = 1000000000; gas_used_and_paid = 0; user_balance = 0;\",\nE               \"Program 53DfF883gyixYNXnM7s5xhdeyV8mVk9T4i2hGV9vG9io consumed 42899 of 500000 compute units\",\nE               \"Program 53DfF883gyixYNXnM7s5xhdeyV8mVk9T4i2hGV9vG9io failed: insufficient funds for instruction\"\nE             ]\nE           }\nE              * Try:\nE                 + Using an adequately funded account\nE                 + If you are using a local Geth node, verify that your node is synced.\nE           \nE               at /home/runner/work/neon-compatibility/neon-compatibility/node_modules/truffle/build/webpack:/packages/deployer/src/deployment.js:365:1\nE               at processTicksAndRejections (node:internal/process/task_queues:96:5)\nE               at Migration._deploy (/home/runner/work/neon-compatibility/neon-compatibility/node_modules/truffle/build/webpack:/packages/migrate/Migration.js:70:1)\nE               at Migration._load (/home/runner/work/neon-compatibility/neon-compatibility/node_modules/truffle/build/webpack:/packages/migrate/Migration.js:56:1)\nE               at Migration.run (/home/runner/work/neon-compatibility/neon-compatibility/node_modules/truffle/build/webpack:/packages/migrate/Migration.js:217:1)\nE               at Object.runMigrations (/home/runner/work/neon-compatibility/neon-compatibility/node_modules/truffle/build/webpack:/packages/migrate/index.js:150:1)\nE               at Object.runFrom (/home/runner/work/neon-compatibility/neon-compatibility/node_modules/truffle/build/webpack:/packages/migrate/index.js:110:1)\nE               at Object.run (/home/runner/work/neon-compatibility/neon-compatibility/node_modules/truffle/build/webpack:/packages/migrate/index.js:87:1)\nE               at runMigrations (/home/runner/work/neon-compatibility/neon-compatibility/node_modules/truffle/build/webpack:/packages/core/lib/commands/migrate.js:258:1)\nE               at Object.run (/home/runner/work/neon-compatibility/neon-compatibility/node_modules/truffle/build/webpack:/packages/core/lib/commands/migrate.js:223:1)\nE               at Command.run (/home/runner/work/neon-compatibility/neon-compatibility/node_modules/truffle/build/webpack:/packages/core/lib/command.js:183:1)\nE           Truffle v5.4.14 (core: 5.4.14)\nE           Node v16.13.2\nE           /home/runner/work/neon-compatibility/neon-compatibility\n\ntests/truffle/test_truffle.py:36: AssertionError",
    "steps" : [ {
      "name" : "Run command: \"'cd Metacoin; pwd; ../node_modules/.bin/truffle migrate --network neonlabs ; cd \"/home/runner/work/neon-compatibility/neon-compatibility\"; pwd;'\"",
      "time" : {
        "start" : 1643903744592,
        "stop" : 1643903762508,
        "duration" : 17916
      },
      "status" : "passed",
      "steps" : [ ],
      "attachments" : [ ],
      "parameters" : [ {
        "name" : "command",
        "value" : "'cd Metacoin; pwd; ../node_modules/.bin/truffle migrate --network neonlabs ; cd \"/home/runner/work/neon-compatibility/neon-compatibility\"; pwd;'"
      } ],
      "stepsCount" : 0,
      "attachmentsCount" : 0,
      "shouldDisplayMessage" : false,
      "hasContent" : true
    } ],
    "attachments" : [ {
      "uid" : "405a679a12f8bd2d",
      "name" : "stdout",
      "source" : "405a679a12f8bd2d.txt",
      "type" : "text/plain",
      "size" : 4292
    } ],
    "parameters" : [ ],
    "stepsCount" : 1,
    "attachmentsCount" : 1,
    "shouldDisplayMessage" : true,
    "hasContent" : true
  },
  "afterStages" : [ {
    "name" : "prepare_truffle_config::0",
    "time" : {
      "start" : 1643903762514,
      "stop" : 1643903762515,
      "duration" : 1
    },
    "status" : "passed",
    "steps" : [ ],
    "attachments" : [ ],
    "parameters" : [ ],
    "stepsCount" : 0,
    "attachmentsCount" : 0,
    "shouldDisplayMessage" : false,
    "hasContent" : false
  } ],
  "labels" : [ {
    "name" : "feature",
    "value" : "Truffle"
  }, {
    "name" : "parentSuite",
    "value" : "tests.truffle"
  }, {
    "name" : "suite",
    "value" : "test_truffle"
  }, {
    "name" : "host",
    "value" : "fv-az123-131"
  }, {
    "name" : "thread",
    "value" : "3575-MainThread"
  }, {
    "name" : "framework",
    "value" : "pytest"
  }, {
    "name" : "language",
    "value" : "cpython3"
  }, {
    "name" : "package",
    "value" : "tests.truffle.test_truffle"
  }, {
    "name" : "resultFormat",
    "value" : "allure2"
  } ],
  "parameters" : [ ],
  "links" : [ ],
  "hidden" : false,
  "retry" : false,
  "extra" : {
    "severity" : "normal",
    "retries" : [ ],
    "categories" : [ {
      "name" : "Product defects",
      "matchedStatuses" : [ ],
      "flaky" : false
    } ],
    "history" : {
      "statistic" : {
        "failed" : 5,
        "broken" : 0,
        "skipped" : 0,
        "passed" : 1,
        "unknown" : 0,
        "total" : 6
      },
      "items" : [ {
        "uid" : "6d966b725b9a4a99",
        "reportUrl" : "https://neonlabsorg.github.io/neon-compatibility/release-stand/626//#testresult/6d966b725b9a4a99",
        "status" : "passed",
        "time" : {
          "start" : 1643902825873,
          "stop" : 1643902829195,
          "duration" : 3322
        }
      }, {
        "uid" : "d051a8b19e255fc7",
        "reportUrl" : "https://neonlabsorg.github.io/neon-compatibility/release-stand/609//#testresult/d051a8b19e255fc7",
        "status" : "failed",
        "statusDetails" : "AssertionError: assert 'Error:  ***...t Failed ***' not in '/home/runne...patibility\\n'\n  'Error:  *** Deployment Failed ***' is contained here:\n    --------\n    \n    Error:  *** Deployment Failed ***\n    \n    \"Migrations\" could not deploy due to insufficient funds\n       * Account:  0x4CdAD4a65a80183d9a079b1ee05b668eF393456b\n       * Balance:  0 wei\n       * Message:  Transaction simulation failed: Error processing Instruction 0: insufficient funds for instruction\n    {\n      \"accounts\": null,\n      \"err\": {\n        \"InstructionError\": [\n          0,\n          \"InsufficientFunds\"\n        ]\n      },\n      \"logs\": [\n        \"Program 53DfF883gyixYNXnM7s5xhdeyV8mVk9T4i2hGV9vG9io invoke [1]\",\n        \"Program log: program/src/storage_account.rs:76\",\n        \"Program log: program/src/token.rs:330 : there is no enough funds to start executing the transaction; gas_limit = 3000000; gas_price = 1000000000; gas_used_and_paid = 0; user_balance = 0;\",\n        \"Program 53DfF883gyixYNXnM7s5xhdeyV8mVk9T4i2hGV9vG9io consumed 42899 of 500000 compute units\",\n        \"Program 53DfF883gyixYNXnM7s5xhdeyV8mVk9T4i2hGV9vG9io failed: insufficient funds for instruction\"\n      ]\n    }\n       * Try:\n          + Using an adequately funded account\n          + If you are using a local Geth node, verify that your node is synced.\n    \n        at /home/runner/work/neon-compatibility/neon-compatibility/node_modules/truffle/build/webpack:/packages/deployer/src/deployment.js:365:1\n        at processTicksAndRejections (node:internal/process/task_queues:96:5)\n        at Migration._deploy (/home/runner/work/neon-compatibility/neon-compatibility/node_modules/truffle/build/webpack:/packages/migrate/Migration.js:70:1)\n        at Migration._load (/home/runner/work/neon-compatibility/neon-compatibility/node_modules/truffle/build/webpack:/packages/migrate/Migration.js:56:1)\n        at Migration.run (/home/runner/work/neon-compatibility/neon-compatibility/node_modules/truffle/build/webpack:/packages/migrate/Migration.js:217:1)\n        at Object.runMigrations (/home/runner/work/neon-compatibility/neon-compatibility/node_modules/truffle/build/webpack:/packages/migrate/index.js:150:1)\n        at Object.runFrom (/home/runner/work/neon-compatibility/neon-compatibility/node_modules/truffle/build/webpack:/packages/migrate/index.js:110:1)\n        at Object.run (/home/runner/work/neon-compatibility/neon-compatibility/node_modules/truffle/build/webpack:/packages/migrate/index.js:87:1)\n        at runMigrations (/home/runner/work/neon-compatibility/neon-compatibility/node_modules/truffle/build/webpack:/packages/core/lib/commands/migrate.js:258:1)\n        at Object.run (/home/runner/work/neon-compatibility/neon-compatibility/node_modules/truffle/build/webpack:/packages/core/lib/commands/migrate.js:223:1)\n        at Command.run (/home/runner/work/neon-compatibility/neon-compatibility/node_modules/truffle/build/webpack:/packages/core/lib/command.js:183:1)\n    Truffle v5.4.14 (core: 5.4.14)\n    Node v16.13.2\n    /home/runner/work/neon-compatibility/neon-compatibility",
        "time" : {
          "start" : 1643750793127,
          "stop" : 1643750810328,
          "duration" : 17201
        }
      }, {
        "uid" : "c0735209e8d65951",
        "reportUrl" : "https://neonlabsorg.github.io/neon-compatibility/release-stand/559//#testresult/c0735209e8d65951",
        "status" : "failed",
        "statusDetails" : "AssertionError: assert 'Error:  ***...t Failed ***' not in '/home/runne...patibility\\n'\n  'Error:  *** Deployment Failed ***' is contained here:\n    --------\n    \n    Error:  *** Deployment Failed ***\n    \n    \"Migrations\" -- Cannot read properties of undefined (reading 'includes').\n    \n        at /home/runner/work/neon-compatibility/neon-compatibility/node_modules/truffle/build/webpack:/packages/deployer/src/deployment.js:365:1\n        at runNextTicks (node:internal/process/task_queues:61:5)\n        at listOnTimeout (node:internal/timers:526:9)\n        at processTimers (node:internal/timers:500:7)\n        at Migration._deploy (/home/runner/work/neon-compatibility/neon-compatibility/node_modules/truffle/build/webpack:/packages/migrate/Migration.js:70:1)\n        at Migration._load (/home/runner/work/neon-compatibility/neon-compatibility/node_modules/truffle/build/webpack:/packages/migrate/Migration.js:56:1)\n        at Migration.run (/home/runner/work/neon-compatibility/neon-compatibility/node_modules/truffle/build/webpack:/packages/migrate/Migration.js:217:1)\n        at Object.runMigrations (/home/runner/work/neon-compatibility/neon-compatibility/node_modules/truffle/build/webpack:/packages/migrate/index.js:150:1)\n        at Object.runFrom (/home/runner/work/neon-compatibility/neon-compatibility/node_modules/truffle/build/webpack:/packages/migrate/index.js:110:1)\n        at Object.run (/home/runner/work/neon-compatibility/neon-compatibility/node_modules/truffle/build/webpack:/packages/migrate/index.js:87:1)\n        at runMigrations (/home/runner/work/neon-compatibility/neon-compatibility/node_modules/truffle/build/webpack:/packages/core/lib/commands/migrate.js:258:1)\n        at Object.run (/home/runner/work/neon-compatibility/neon-compatibility/node_modules/truffle/build/webpack:/packages/core/lib/commands/migrate.js:223:1)\n        at Command.run (/home/runner/work/neon-compatibility/neon-compatibility/node_modules/truffle/build/webpack:/packages/core/lib/command.js:183:1)\n    Truffle v5.4.14 (core: 5.4.14)\n    Node v16.13.2\n    /home/runner/work/neon-compatibility/neon-compatibility",
        "time" : {
          "start" : 1643351228226,
          "stop" : 1643351244738,
          "duration" : 16512
        }
      }, {
        "uid" : "da073bd0b18e0194",
        "reportUrl" : "https://neonlabsorg.github.io/neon-compatibility/release-stand/555//#testresult/da073bd0b18e0194",
        "status" : "failed",
        "statusDetails" : "AssertionError: assert 'Error:  ***...t Failed ***' not in '/home/runne...patibility\\n'\n  'Error:  *** Deployment Failed ***' is contained here:\n    --------\n    \n    Error:  *** Deployment Failed ***\n    \n    \"Migrations\" -- Cannot read properties of undefined (reading 'includes').\n    \n        at /home/runner/work/neon-compatibility/neon-compatibility/node_modules/truffle/build/webpack:/packages/deployer/src/deployment.js:365:1\n        at runNextTicks (node:internal/process/task_queues:61:5)\n        at listOnTimeout (node:internal/timers:526:9)\n        at processTimers (node:internal/timers:500:7)\n        at Migration._deploy (/home/runner/work/neon-compatibility/neon-compatibility/node_modules/truffle/build/webpack:/packages/migrate/Migration.js:70:1)\n        at Migration._load (/home/runner/work/neon-compatibility/neon-compatibility/node_modules/truffle/build/webpack:/packages/migrate/Migration.js:56:1)\n        at Migration.run (/home/runner/work/neon-compatibility/neon-compatibility/node_modules/truffle/build/webpack:/packages/migrate/Migration.js:217:1)\n        at Object.runMigrations (/home/runner/work/neon-compatibility/neon-compatibility/node_modules/truffle/build/webpack:/packages/migrate/index.js:150:1)\n        at Object.runFrom (/home/runner/work/neon-compatibility/neon-compatibility/node_modules/truffle/build/webpack:/packages/migrate/index.js:110:1)\n        at Object.run (/home/runner/work/neon-compatibility/neon-compatibility/node_modules/truffle/build/webpack:/packages/migrate/index.js:87:1)\n        at runMigrations (/home/runner/work/neon-compatibility/neon-compatibility/node_modules/truffle/build/webpack:/packages/core/lib/commands/migrate.js:258:1)\n        at Object.run (/home/runner/work/neon-compatibility/neon-compatibility/node_modules/truffle/build/webpack:/packages/core/lib/commands/migrate.js:223:1)\n        at Command.run (/home/runner/work/neon-compatibility/neon-compatibility/node_modules/truffle/build/webpack:/packages/core/lib/command.js:183:1)\n    Truffle v5.4.14 (core: 5.4.14)\n    Node v16.13.2\n    /home/runner/work/neon-compatibility/neon-compatibility",
        "time" : {
          "start" : 1643317095740,
          "stop" : 1643317111874,
          "duration" : 16134
        }
      }, {
        "uid" : "335555a39ae7c838",
        "reportUrl" : "https://neonlabsorg.github.io/neon-compatibility/release-stand/545//#testresult/335555a39ae7c838",
        "status" : "failed",
        "statusDetails" : "AssertionError: assert 'Error:  ***...t Failed ***' not in '/home/runne...patibility\\n'\n  'Error:  *** Deployment Failed ***' is contained here:\n    --------\n    \n    Error:  *** Deployment Failed ***\n    \n    \"Migrations\" -- Transaction simulation failed: Error processing Instruction 0: custom program error: 0x4\n    {\n      \"accounts\": null,\n      \"err\": {\n        \"InstructionError\": [\n          0,\n          {\n            \"Custom\": 4\n          }\n        ]\n      },\n      \"logs\": [\n        \"Program 53DfF883gyixYNXnM7s5xhdeyV8mVk9T4i2hGV9vG9io invoke [1]\",\n        \"Program log: program/src/storage_account.rs:76\",\n        \"Program 53DfF883gyixYNXnM7s5xhdeyV8mVk9T4i2hGV9vG9io consumed 4627 of 500000 compute units\",\n        \"Program 53DfF883gyixYNXnM7s5xhdeyV8mVk9T4i2hGV9vG9io failed: custom program error: 0x4\"\n      ]\n    }.\n    \n        at /home/runner/work/neon-compatibility/neon-compatibility/node_modules/truffle/build/webpack:/packages/deployer/src/deployment.js:365:1\n        at processTicksAndRejections (node:internal/process/task_queues:96:5)\n        at Migration._deploy (/home/runner/work/neon-compatibility/neon-compatibility/node_modules/truffle/build/webpack:/packages/migrate/Migration.js:70:1)\n        at Migration._load (/home/runner/work/neon-compatibility/neon-compatibility/node_modules/truffle/build/webpack:/packages/migrate/Migration.js:56:1)\n        at Migration.run (/home/runner/work/neon-compatibility/neon-compatibility/node_modules/truffle/build/webpack:/packages/migrate/Migration.js:217:1)\n        at Object.runMigrations (/home/runner/work/neon-compatibility/neon-compatibility/node_modules/truffle/build/webpack:/packages/migrate/index.js:150:1)\n        at Object.runFrom (/home/runner/work/neon-compatibility/neon-compatibility/node_modules/truffle/build/webpack:/packages/migrate/index.js:110:1)\n        at Object.run (/home/runner/work/neon-compatibility/neon-compatibility/node_modules/truffle/build/webpack:/packages/migrate/index.js:87:1)\n        at runMigrations (/home/runner/work/neon-compatibility/neon-compatibility/node_modules/truffle/build/webpack:/packages/core/lib/commands/migrate.js:258:1)\n        at Object.run (/home/runner/work/neon-compatibility/neon-compatibility/node_modules/truffle/build/webpack:/packages/core/lib/commands/migrate.js:223:1)\n        at Command.run (/home/runner/work/neon-compatibility/neon-compatibility/node_modules/truffle/build/webpack:/packages/core/lib/command.js:183:1)\n    Truffle v5.4.14 (core: 5.4.14)\n    Node v16.13.2\n    /home/runner/work/neon-compatibility/neon-compatibility",
        "time" : {
          "start" : 1643200790092,
          "stop" : 1643200806930,
          "duration" : 16838
        }
      } ]
    },
    "tags" : [ ]
  },
  "source" : "f8a4efec2cc3b42d.json",
  "parameterValues" : [ ]
}